13:13:09.094 [INFO]  [Preparing] Diffblue Cover 2023.07.02-SNAPSHOT-0623e01-local
13:13:09.095 [INFO]  [Preparing] 
13:13:09.095 [INFO]  [Preparing] Running: dcover create --working-directory detekt-rules-empty io.github io.gitlab
13:13:09.243 [INFO]  [Checking] Detecting environment:
13:13:09.244 [INFO]  [Checking] ----------------------
13:13:09.291 [INFO]  [Checking] Detected Java version 11.0.18
13:13:11.915 [INFO]  [Checking] Detected build system: Gradle 8.2
13:13:11.915 [INFO]  [Checking] Operating System: Mac OS X aarch64 13.4.1
13:13:11.915 [INFO]  [Checking] Default charset: UTF-8
13:13:11.915 [INFO]  [Checking] Default locale: en_GB
13:13:11.915 [INFO]  [Checking] Default time zone: Europe/London
13:13:11.917 [INFO]  [Checking] Selected build system: Gradle
13:13:11.920 [INFO]  [Checking] Selected classpath from build system Gradle
13:13:11.920 [INFO]  [Checking] Expanded classpath: 
/Users/mnedzelskii/gits/detekt/detekt-rules-empty/build/classes/kotlin/test
/Users/mnedzelskii/gits/detekt/detekt-rules-empty/build/classes/kotlin/main (code under test)
/Users/mnedzelskii/gits/detekt/detekt-rules-empty/build/resources/test
/Users/mnedzelskii/gits/detekt/detekt-rules-empty/build/classes/java/main
/Users/mnedzelskii/gits/detekt/detekt-rules-empty/build/resources/main
/Users/mnedzelskii/gits/detekt/detekt-test/build/libs/detekt-test-1.23.0.jar
/Users/mnedzelskii/gits/detekt/detekt-core/build/libs/detekt-core-1.23.0.jar
/Users/mnedzelskii/gits/detekt/detekt-tooling/build/libs/detekt-tooling-1.23.0.jar
/Users/mnedzelskii/gits/detekt/detekt-report-md/build/libs/detekt-report-md-1.23.0.jar
/Users/mnedzelskii/gits/detekt/detekt-metrics/build/libs/detekt-metrics-1.23.0.jar
/Users/mnedzelskii/gits/detekt/detekt-api/build/libs/detekt-api-1.23.0.jar
/Users/mnedzelskii/gits/detekt/detekt-test-utils/build/libs/detekt-test-utils-1.23.0.jar
/Users/mnedzelskii/gits/detekt/detekt-report-html/build/libs/detekt-report-html-1.23.0.jar
/Users/mnedzelskii/gits/detekt/detekt-utils/build/libs/detekt-utils-1.23.0.jar
/Users/mnedzelskii/gits/detekt/detekt-parser/build/libs/detekt-parser-1.23.0.jar
/Users/mnedzelskii/gits/detekt/detekt-psi-utils/build/libs/detekt-psi-utils-1.23.0.jar
/Users/mnedzelskii/gits/detekt/detekt-report-txt/build/libs/detekt-report-txt-1.23.0.jar
/Users/mnedzelskii/gits/detekt/detekt-report-xml/build/libs/detekt-report-xml-1.23.0.jar
/Users/mnedzelskii/gits/detekt/detekt-report-sarif/build/libs/detekt-report-sarif-1.23.0.jar
/Users/mnedzelskii/.gradle/caches/modules-2/files-2.1/org.jetbrains.kotlinx/kotlinx-coroutines-core-jvm/1.7.2/27cb5db69aeef59d8cc2a2cc2be4200f26091e72/kotlinx-coroutines-core-jvm-1.7.2.jar
/Users/mnedzelskii/.gradle/caches/modules-2/files-2.1/io.github.detekt.sarif4k/sarif4k-jvm/0.4.0/d3060993cd73b57ee61b260841bedcabb7dcbb02/sarif4k-jvm-0.4.0.jar
/Users/mnedzelskii/.gradle/caches/modules-2/files-2.1/org.jetbrains.kotlinx/kotlinx-serialization-json-jvm/1.4.1/e6430b33f06dcdff88998abfcb2e78bc3cd0a1f6/kotlinx-serialization-json-jvm-1.4.1.jar
/Users/mnedzelskii/.gradle/caches/modules-2/files-2.1/org.jetbrains.kotlinx/kotlinx-serialization-core-jvm/1.4.1/e0c2c11e5d0d541ca343c8f09602c0c2287d15a1/kotlinx-serialization-core-jvm-1.4.1.jar
/Users/mnedzelskii/.gradle/caches/modules-2/files-2.1/org.jetbrains.kotlin/kotlin-stdlib-jdk8/1.8.22/b25c86d47d6b962b9cf0f8c3f320c8a10eea3dd1/kotlin-stdlib-jdk8-1.8.22.jar
/Users/mnedzelskii/.gradle/caches/modules-2/files-2.1/org.assertj/assertj-core/3.24.2/ebbf338e33f893139459ce5df023115971c2786f/assertj-core-3.24.2.jar
/Users/mnedzelskii/.gradle/caches/modules-2/files-2.1/org.junit.jupiter/junit-jupiter-engine/5.9.3/355322b03bf39306a183162cd06626c206f0286b/junit-jupiter-engine-5.9.3.jar
/Users/mnedzelskii/.gradle/caches/modules-2/files-2.1/org.junit.jupiter/junit-jupiter-params/5.9.3/9e2a4bf6016a1975f408a73523392875cff7c26f/junit-jupiter-params-5.9.3.jar
/Users/mnedzelskii/.gradle/caches/modules-2/files-2.1/org.junit.jupiter/junit-jupiter-api/5.9.3/815818ad6ffcc8d320d8fbdf3d748c753cf83201/junit-jupiter-api-5.9.3.jar
/Users/mnedzelskii/.gradle/caches/modules-2/files-2.1/org.junit.platform/junit-platform-launcher/1.9.3/485650bfe2a2f39b606a6ca013285afda2eaee79/junit-platform-launcher-1.9.3.jar
/Users/mnedzelskii/.gradle/caches/modules-2/files-2.1/org.junit.platform/junit-platform-engine/1.9.3/8616734a190f8d307376aeb7353dba0a2c037a09/junit-platform-engine-1.9.3.jar
/Users/mnedzelskii/.gradle/caches/modules-2/files-2.1/org.junit.platform/junit-platform-commons/1.9.3/36b2e26a90c41603be7f0094bee80e3f8a2cd4d4/junit-platform-commons-1.9.3.jar
/Users/mnedzelskii/.gradle/caches/modules-2/files-2.1/org.junit.jupiter/junit-jupiter/5.9.3/72e840501e1550e9799c9a5cc9483d7d6b29e0ba/junit-jupiter-5.9.3.jar
/Users/mnedzelskii/.gradle/caches/modules-2/files-2.1/org.jetbrains.kotlin/kotlin-stdlib-jdk7/1.8.22/4dabb8248310d833bb6a8b516024a91fd3d275c/kotlin-stdlib-jdk7-1.8.22.jar
/Users/mnedzelskii/.gradle/caches/modules-2/files-2.1/org.jetbrains.kotlin/kotlin-compiler-embeddable/1.8.22/e2cf111da088dc807a74157741b4cd4b664edfb7/kotlin-compiler-embeddable-1.8.22.jar
/Users/mnedzelskii/.gradle/caches/modules-2/files-2.1/org.jetbrains.kotlin/kotlin-main-kts/1.8.22/2b1a8c5bfeb080adb7358a936c90792ce83e305a/kotlin-main-kts-1.8.22.jar
/Users/mnedzelskii/.gradle/caches/modules-2/files-2.1/org.jetbrains.kotlin/kotlin-reflect/1.8.22/b52be44bc57cb6fd2169a29aefa4507c4e49c858/kotlin-reflect-1.8.22.jar
/Users/mnedzelskii/.gradle/caches/modules-2/files-2.1/org.jetbrains.kotlin/kotlin-scripting-compiler-embeddable/1.8.22/3ab8e0416ba65a54c227c806cc034a462a08ff7/kotlin-scripting-compiler-embeddable-1.8.22.jar
/Users/mnedzelskii/.gradle/caches/modules-2/files-2.1/org.jetbrains.kotlin/kotlin-scripting-compiler-impl-embeddable/1.8.22/5703e4c2d1596a35912296fe484400d19129b3d2/kotlin-scripting-compiler-impl-embeddable-1.8.22.jar
/Users/mnedzelskii/.gradle/caches/modules-2/files-2.1/org.jetbrains.kotlin/kotlin-scripting-jvm/1.8.22/3291898dd4e49d49b921cd7baf679399ddfcd49d/kotlin-scripting-jvm-1.8.22.jar
/Users/mnedzelskii/.gradle/caches/modules-2/files-2.1/org.jetbrains.kotlin/kotlin-scripting-common/1.8.22/2ceb06ea7e19b183f3363ca8961be973c232937a/kotlin-scripting-common-1.8.22.jar
/Users/mnedzelskii/.gradle/caches/modules-2/files-2.1/org.jetbrains.kotlin/kotlin-stdlib/1.8.22/636bf8b320e7627482771bbac9ed7246773c02bd/kotlin-stdlib-1.8.22.jar
/Users/mnedzelskii/.gradle/caches/modules-2/files-2.1/org.jetbrains.kotlin/kotlin-stdlib-common/1.8.22/1a8e3601703ae14bb58757ea6b2d8e8e5935a586/kotlin-stdlib-common-1.8.22.jar
/Users/mnedzelskii/.gradle/caches/modules-2/files-2.1/org.jetbrains/annotations/13.0/919f0dfe192fb4e063e7dacadee7f8bb9a2672a9/annotations-13.0.jar
/Users/mnedzelskii/.gradle/caches/modules-2/files-2.1/org.opentest4j/opentest4j/1.2.0/28c11eb91f9b6d8e200631d46e20a7f407f2a046/opentest4j-1.2.0.jar
/Users/mnedzelskii/.gradle/caches/modules-2/files-2.1/net.bytebuddy/byte-buddy/1.12.21/1a257bbdb9288f2558d3767cc2cc22b499d5091c/byte-buddy-1.12.21.jar
/Users/mnedzelskii/.gradle/caches/modules-2/files-2.1/org.snakeyaml/snakeyaml-engine/2.6/235a7e571b33eda1a81e0f73a3173ef95dd020e5/snakeyaml-engine-2.6.jar
/Users/mnedzelskii/.gradle/caches/modules-2/files-2.1/org.jetbrains.kotlin/kotlin-script-runtime/1.8.22/ce5ff1f309623f8c1be5143bdba032c4a04cec3a/kotlin-script-runtime-1.8.22.jar
/Users/mnedzelskii/.gradle/caches/modules-2/files-2.1/org.jetbrains.kotlin/kotlin-daemon-embeddable/1.8.22/7d9f7e06a59d2fcbc9b373400c146f42fd722e81/kotlin-daemon-embeddable-1.8.22.jar
/Users/mnedzelskii/.gradle/caches/modules-2/files-2.1/org.jetbrains.intellij.deps/trove4j/1.0.20200330/3afb14d5f9ceb459d724e907a21145e8ff394f02/trove4j-1.0.20200330.jar
/Users/mnedzelskii/.gradle/caches/modules-2/files-2.1/net.java.dev.jna/jna/5.6.0/330f2244e9030119ab3030fc3fededc86713d9cc/jna-5.6.0.jar
/Users/mnedzelskii/.gradle/caches/modules-2/files-2.1/io.github.davidburstrom.contester/contester-breakpoint/0.2.0/a560e5402378928e889b2eab0cc958cbed8cfe5e/contester-breakpoint-0.2.0.jar
/Users/mnedzelskii/.gradle/caches/modules-2/files-2.1/org.jetbrains.kotlinx/kotlinx-html-jvm/0.8.1/1395513588aabf353f15a9f8023098651f1d76a/kotlinx-html-jvm-0.8.1.jar
13:13:12.011 [INFO]  [Checking] Detected test framework: JUnit Jupiter 5.9.3
13:13:12.021 [INFO]  [Checking] Detected JUnit Jupiter Engine version 5.9.3
13:13:12.030 [INFO]  [Checking] Detected JUnit Jupiter Params version 5.9.3
13:13:12.122 [INFO]  [Checking] Selected test output directory: /Users/mnedzelskii/gits/detekt/detekt-rules-empty/src/test/java
13:13:12.124 [INFO]  [Checking] Selected test framework: JUnit Jupiter
13:13:12.218 [INFO]  [Checking] Running: Using JAVA_HOME: /Users/mnedzelskii/.sdkman/candidates/java/current : in /Users/mnedzelskii/gits/detekt/detekt-rules-empty : gradle test -i  DummyJupiterDiffblueTest
13:13:14.000 [INFO]  [Checking] Running: Using JAVA_HOME: /Users/mnedzelskii/.sdkman/candidates/java/current : in /Users/mnedzelskii/gits/detekt/detekt-rules-empty : gradle test -i  DummyJUnitJupiterLauncherDiffblueTest
13:13:15.893 [INFO]  [Checking] Detected JVM architecture: 64-Bit
13:13:15.897 [INFO]  [Checking] Indexing...
13:13:18.502 [INFO]  [Checking] Selected Java language compliance level: 1.8
13:13:18.503 [INFO]  [Checking] Selected test validation: enabled
13:13:18.504 [INFO]  [Checking] Prefixes for filtering classes/methods:
13:13:18.504 [INFO]  [Checking] - io.github
13:13:18.505 [INFO]  [Checking] - io.gitlab
13:13:18.505 [INFO]  [Checking] Gathering methods to test...
13:13:19.325 [WARN]  [Checking] E052: Missing dependency
Unable to mock method inputs because Mockito 2.22.0 or later is not present on the classpath.
Required dependencies were not found.
Please add the following dependencies to your project:
  testImplementation("org.mockito:mockito-core:4.11.0")
13:13:19.360 [INFO]  [Reporting] 
13:13:19.360 [INFO]  [Reporting] Environment summary:
13:13:19.360 [INFO]  [Reporting] --------------------
13:13:19.362 [INFO]  [Reporting] Java version                  11.0.18                       SUCCESS        
13:13:19.362 [INFO]  [Reporting] Build system                  Gradle                        SUCCESS        
13:13:19.362 [WARN]  [Reporting] Mocking Framework                                           WARNING        
13:13:19.362 [INFO]  [Reporting] Testing framework             JUnit Jupiter 5               SUCCESS        
13:13:19.362 [INFO]  [Reporting] Launcher                      JUnit Jupiter                 SUCCESS        
13:13:19.362 [INFO]  [Reporting] Test validation               Enabled                       SUCCESS        
13:13:19.362 [INFO]  [Reporting] 
13:13:19.362 [WARN]  [Reporting] Environment check status: WARNING
13:13:19.386 [INFO]  [Creating] Found 37 callable methods in 17 classes
13:13:19.387 [INFO]  [Creating] 
13:13:19.387 [INFO]  [Creating] Creating tests:
13:13:19.387 [INFO]  [Creating] ---------------
13:13:19.398 [INFO]  [Creating] 
================================================================================
= Starting analysis for class 'io.gitlab.arturbosch.detekt.rules.empty.EmptyCatchBlock'
================================================================================
13:13:19.398 [INFO]  [Creating] Filtering out non-testable methods...
13:13:24.131 [INFO]  [Creating] Filtering of methods complete. Creating analysis request
13:13:24.132 [INFO]  [Creating] Attempting to get service client, retry 1.
13:13:24.142 [INFO]  [Creating] Starting monitoring server.
13:13:24.253 [INFO]  [Creating] Monitoring server listening on localhost/127.0.0.1:62598
13:13:24.254 [INFO]  [Creating] Starting analyzer server process...
13:13:24.254 [INFO]  [Creating] Server command-line: /Users/mnedzelskii/.sdkman/candidates/java/11.0.18-amzn/bin/java -XX:+IgnoreUnrecognizedVMOptions -Djdk.attach.allowAttachSelf=true -ea -javaagent:/Users/mnedzelskii/gits/cover/cover-cli/target/launcher-2023.07.02-SNAPSHOT-shared-jar.jar -Dlogback.configurationFile=/var/folders/84/svd_5_t17l36s2xgx_7spshr0000gp/T/diffblue/config/logback-remote-service.xml -Dcom.diffblue.springIsolationJar=/Users/mnedzelskii/gits/cover/cover-cli/target/cover-isolation-layer-2023.07.02-SNAPSHOT.jar -Dcover.jar.path=/Users/mnedzelskii/gits/cover/cover-cli/target/cover-service-analyzer-2023.07.02-SNAPSHOT-jar-with-dependencies.jar -Dcom.diffblue.assertionSuggestionJar=/Users/mnedzelskii/gits/cover/cover-cli/target/cover-service-analyzer-2023.07.02-SNAPSHOT-jar-with-dependencies.jar -Dcover.main.class=com.diffblue.cover.service.analyzer.Main -jar /Users/mnedzelskii/gits/cover/cover-cli/target/launcher-2023.07.02-SNAPSHOT-shared-jar.jar --service-lifespan 120 --monitoring-service-port 62598 --index-service-port 62598
13:13:24.267 [INFO]  [Creating] Server started. Waiting up to 300 seconds for a connection to be established...
13:13:24.625 [INFO]  [Creating] Starting new remote monitor client
13:13:24.881 [INFO]  [Creating] Attempting to start remote server.
13:13:25.336 [INFO]  [Creating] Server started, listening on localhost/127.0.0.1:62600
13:13:26.290 [INFO]  [Creating] Expect analyzer service to be listening on port 62600.
13:13:26.827 [INFO]  [Creating] Started analyzer service and client retrieved.
13:13:28.195 [INFO]  [Creating] 
================================================================================
= Creating tests for 'io.gitlab.arturbosch.detekt.rules.empty.EmptyCatchBlock.<init>:(Lio/gitlab/arturbosch/detekt/api/Config;)V' using 'SiM (!sp, fnm, df, !ris)'
================================================================================
13:13:46.188 [INFO]  [Creating]      [1/37] io.gitlab.arturbosch.detekt.rules.empty.EmptyCatchBlock.<init>
13:13:46.188 [INFO]  [Creating]      [1/37]   Diffblue AI was unable to find a test
13:13:46.190 [INFO]  [Creating] 
================================================================================
= Creating tests for 'io.gitlab.arturbosch.detekt.rules.empty.EmptyCatchBlock.visitCatchSection:(Lorg/jetbrains/kotlin/psi/KtCatchClause;)V' using 'SiM (!sp, fnm, df, !ris)'
================================================================================
13:13:55.667 [INFO]  [Creating]      [2/37] io.gitlab.arturbosch.detekt.rules.empty.EmptyCatchBlock.visitCatchSection
13:13:55.667 [INFO]  [Creating]      [2/37]   R011: Sandboxing policy violation
13:13:55.667 [INFO]  [Creating]      [2/37]     Diffblue Cover ran code in your project that tried
13:13:55.667 [INFO]  [Creating]      [2/37]       to access 'sun.misc'.
13:13:55.667 [INFO]  [Creating]      [2/37]     Diffblue Cover's default sandboxing policy disallows this in order to prevent
13:13:55.667 [INFO]  [Creating]      [2/37]     your code from damaging your system environment.
13:13:55.667 [INFO]  [Creating]      [2/37]     See https://diff.blue/R011 to resolve this issue.
13:13:55.670 [INFO]  [Creating]  [1/17] io.gitlab.arturbosch.detekt.rules.empty.EmptyCatchBlock
13:13:55.670 [INFO]  [Creating]  [1/17]   Tests created: 0
13:13:55.670 [INFO]  [Creating] 
================================================================================
= Starting analysis for class 'io.gitlab.arturbosch.detekt.rules.empty.EmptyClassBlock'
================================================================================
13:13:55.671 [INFO]  [Creating] Filtering out non-testable methods...
13:13:55.672 [INFO]  [Creating] Filtering of methods complete. Creating analysis request
13:13:55.672 [INFO]  [Creating] Attempting to get service client, retry 1.
13:13:55.659 [INFO]  [Creating] Could not load class: Could not initialize class org.jetbrains.kotlin.com.intellij.psi.impl.source.PsiDiamondTypeElementImpl
13:13:55.660 [INFO]  [Creating] An exception occurred: java.lang.NoClassDefFoundError: Could not initialize class org.jetbrains.kotlin.com.intellij.psi.impl.source.PsiDiamondTypeElementImpl
	at java.base/jdk.internal.reflect.NativeConstructorAccessorImpl.newInstance0(Native Method)
	at java.base/jdk.internal.reflect.NativeConstructorAccessorImpl.newInstance(NativeConstructorAccessorImpl.java:62)
	at java.base/jdk.internal.reflect.DelegatingConstructorAccessorImpl.newInstance(DelegatingConstructorAccessorImpl.java:45)
13:13:55.700 [INFO]  [Creating] 
================================================================================
= Creating tests for 'io.gitlab.arturbosch.detekt.rules.empty.EmptyClassBlock.<init>:(Lio/gitlab/arturbosch/detekt/api/Config;)V' using 'SiM (!sp, fnm, df, !ris)'
================================================================================
13:13:56.985 [INFO]  [Creating]      [3/37] io.gitlab.arturbosch.detekt.rules.empty.EmptyClassBlock.<init>
13:13:56.985 [INFO]  [Creating]      [3/37]   R011: Sandboxing policy violation
13:13:56.985 [INFO]  [Creating]      [3/37]     Diffblue Cover ran code in your project that tried
13:13:56.985 [INFO]  [Creating]      [3/37]       to access 'sun.misc'.
13:13:56.985 [INFO]  [Creating]      [3/37]     Diffblue Cover's default sandboxing policy disallows this in order to prevent
13:13:56.985 [INFO]  [Creating]      [3/37]     your code from damaging your system environment.
13:13:56.985 [INFO]  [Creating]      [3/37]     See https://diff.blue/R011 to resolve this issue.
13:13:56.979 [INFO]  [Creating] Could not load class: Could not initialize class org.jetbrains.kotlin.com.intellij.psi.impl.source.PsiDiamondTypeElementImpl
13:13:56.979 [INFO]  [Creating] An exception occurred: java.lang.NoClassDefFoundError: Could not initialize class org.jetbrains.kotlin.com.intellij.psi.impl.source.PsiDiamondTypeElementImpl
	at java.base/jdk.internal.reflect.NativeConstructorAccessorImpl.newInstance0(Native Method)
	at java.base/jdk.internal.reflect.NativeConstructorAccessorImpl.newInstance(NativeConstructorAccessorImpl.java:62)
	at java.base/jdk.internal.reflect.DelegatingConstructorAccessorImpl.newInstance(DelegatingConstructorAccessorImpl.java:45)
13:13:56.986 [INFO]  [Creating] 
================================================================================
= Creating tests for 'io.gitlab.arturbosch.detekt.rules.empty.EmptyClassBlock.visitClassOrObject:(Lorg/jetbrains/kotlin/psi/KtClassOrObject;)V' using 'SiM (!sp, fnm, df, !ris)'
================================================================================
13:14:04.487 [INFO]  [Creating] Could not load class: Could not initialize class org.jetbrains.kotlin.com.intellij.openapi.util.Key
13:14:04.487 [INFO]  [Creating] An exception occurred: java.lang.NoClassDefFoundError: Could not initialize class org.jetbrains.kotlin.com.intellij.openapi.util.Key
	at org.jetbrains.kotlin.com.intellij.pom.java.LanguageLevel.<clinit>(LanguageLevel.java:46)
	< ... hidden frames ... >
	at java.base/java.lang.Class.getEnumConstantsShared(Class.java:3553)
	at java.base/java.lang.Class.getEnumConstants(Class.java:3529)
	< ... hidden frames ... >
	at java.base/java.util.stream.ReferencePipeline$3$1.accept(ReferencePipeline.java:195)
	at java.base/java.util.ArrayList$ArrayListSpliterator.forEachRemaining(ArrayList.java:1655)
	at java.base/java.util.stream.AbstractPipeline.copyInto(AbstractPipeline.java:484)
	at java.base/java.util.stream.AbstractPipeline.wrapAndCopyInto(AbstractPipeline.java:474)
	at java.base/java.util.stream.ForEachOps$ForEachOp.evaluateSequential(ForEachOps.java:150)
	at java.base/java.util.stream.ForEachOps$ForEachOp$OfRef.evaluateSequential(ForEachOps.java:173)
	at java.base/java.util.stream.AbstractPipeline.evaluate(AbstractPipeline.java:234)
	at java.base/java.util.stream.ReferencePipeline.forEachOrdered(ReferencePipeline.java:502)
	< ... hidden frames ... >
	at java.base/java.util.stream.ReferencePipeline$7$1.accept(ReferencePipeline.java:271)
	at java.base/java.util.stream.SliceOps$1$1.accept(SliceOps.java:199)
	at java.base/java.util.stream.ReferencePipeline$2$1.accept(ReferencePipeline.java:177)
	at java.base/java.util.ArrayList$ArrayListSpliterator.tryAdvance(ArrayList.java:1632)
	at java.base/java.util.stream.ReferencePipeline.forEachWithCancel(ReferencePipeline.java:127)
	at java.base/java.util.stream.AbstractPipeline.copyIntoWithCancel(AbstractPipeline.java:502)
	at java.base/java.util.stream.AbstractPipeline.copyInto(AbstractPipeline.java:488)
	at java.base/java.util.stream.AbstractPipeline.wrapAndCopyInto(AbstractPipeline.java:474)
	at java.base/java.util.stream.ReduceOps$ReduceOp.evaluateSequential(ReduceOps.java:913)
	at java.base/java.util.stream.AbstractPipeline.evaluate(AbstractPipeline.java:234)
	at java.base/java.util.stream.ReferencePipeline.collect(ReferencePipeline.java:578)
	< ... hidden frames ... >
	at java.base/java.util.stream.ReferencePipeline$3$1.accept(ReferencePipeline.java:195)
	at java.base/java.util.ArrayList$ArrayListSpliterator.forEachRemaining(ArrayList.java:1655)
	at java.base/java.util.stream.AbstractPipeline.copyInto(AbstractPipeline.java:484)
	at java.base/java.util.stream.AbstractPipeline.wrapAndCopyInto(AbstractPipeline.java:474)
	at java.base/java.util.stream.ForEachOps$ForEachOp.evaluateSequential(ForEachOps.java:150)
	at java.base/java.util.stream.ForEachOps$ForEachOp$OfRef.evaluateSequential(ForEachOps.java:173)
	at java.base/java.util.stream.AbstractPipeline.evaluate(AbstractPipeline.java:234)
	at java.base/java.util.stream.ReferencePipeline.forEachOrdered(ReferencePipeline.java:502)
	< ... hidden frames ... >
	at java.base/java.util.stream.ReferencePipeline$7$1.accept(ReferencePipeline.java:271)
	at java.base/java.util.stream.SliceOps$1$1.accept(SliceOps.java:199)
	at java.base/java.util.stream.ReferencePipeline$2$1.accept(ReferencePipeline.java:177)
	at java.base/java.util.ArrayList$ArrayListSpliterator.tryAdvance(ArrayList.java:1632)
	at java.base/java.util.stream.ReferencePipeline.forEachWithCancel(ReferencePipeline.java:127)
	at java.base/java.util.stream.AbstractPipeline.copyIntoWithCancel(AbstractPipeline.java:502)
	at java.base/java.util.stream.AbstractPipeline.copyInto(AbstractPipeline.java:488)
	at java.base/java.util.stream.AbstractPipeline.wrapAndCopyInto(AbstractPipeline.java:474)
	at java.base/java.util.stream.ReduceOps$ReduceOp.evaluateSequential(ReduceOps.java:913)
	at java.base/java.util.stream.AbstractPipeline.evaluate(AbstractPipeline.java:234)
	at java.base/java.util.stream.ReferencePipeline.collect(ReferencePipeline.java:578)
	< ... hidden frames ... >
	at java.base/java.util.stream.ReferencePipeline$7$1.accept(ReferencePipeline.java:271)
	at java.base/java.util.ArrayList$ArrayListSpliterator.forEachRemaining(ArrayList.java:1655)
	at java.base/java.util.stream.AbstractPipeline.copyInto(AbstractPipeline.java:484)
	at java.base/java.util.stream.AbstractPipeline.wrapAndCopyInto(AbstractPipeline.java:474)
	at java.base/java.util.stream.ReduceOps$ReduceOp.evaluateSequential(ReduceOps.java:913)
	at java.base/java.util.stream.AbstractPipeline.evaluate(AbstractPipeline.java:234)
	at java.base/java.util.stream.ReferencePipeline.collect(ReferencePipeline.java:578)
	< ... hidden frames ... >
13:14:04.492 [INFO]  [Creating]      [4/37] io.gitlab.arturbosch.detekt.rules.empty.EmptyClassBlock.visitClassOrObject
13:14:04.492 [INFO]  [Creating]      [4/37]   R011: Sandboxing policy violation
13:14:04.492 [INFO]  [Creating]      [4/37]     Diffblue Cover ran code in your project that tried
13:14:04.492 [INFO]  [Creating]      [4/37]       to access 'sun.misc'.
13:14:04.492 [INFO]  [Creating]      [4/37]     Diffblue Cover's default sandboxing policy disallows this in order to prevent
13:14:04.492 [INFO]  [Creating]      [4/37]     your code from damaging your system environment.
13:14:04.492 [INFO]  [Creating]      [4/37]     See https://diff.blue/R011 to resolve this issue.
13:14:04.494 [INFO]  [Creating]  [2/17] io.gitlab.arturbosch.detekt.rules.empty.EmptyClassBlock
13:14:04.494 [INFO]  [Creating]  [2/17]   Tests created: 0
13:14:04.494 [INFO]  [Creating] 
================================================================================
= Starting analysis for class 'io.gitlab.arturbosch.detekt.rules.empty.EmptyCodeProvider'
================================================================================
13:14:04.494 [INFO]  [Creating] Filtering out non-testable methods...
13:14:04.536 [INFO]  [Creating] Filtering of methods complete. Creating analysis request
13:14:04.536 [INFO]  [Creating] Attempting to get service client, retry 1.
13:14:04.568 [INFO]  [Creating] 
================================================================================
= Creating tests for 'io.gitlab.arturbosch.detekt.rules.empty.EmptyCodeProvider.<init>:()V, io.gitlab.arturbosch.detekt.rules.empty.EmptyCodeProvider.getRuleSetId:()Ljava/lang/String;' using 'TrM (!sp, !fnm, df, !ris)'
================================================================================
13:14:05.747 [INFO]  [Creating]      [5/37] io.gitlab.arturbosch.detekt.rules.empty.EmptyCodeProvider.<init>
13:14:05.748 [INFO]  [Creating]      [6/37] io.gitlab.arturbosch.detekt.rules.empty.EmptyCodeProvider.getRuleSetId
13:14:05.748 [INFO]  [Creating]      [6/37]   Tests created: 1
13:14:05.749 [INFO]  [Creating] 
================================================================================
= Creating tests for 'io.gitlab.arturbosch.detekt.rules.empty.EmptyCodeProvider.instance:(Lio/gitlab/arturbosch/detekt/api/Config;)Lio/gitlab/arturbosch/detekt/api/RuleSet;' using 'SiM (!sp, fnm, df, !ris)'
================================================================================
13:14:06.832 [INFO]  [Creating] Could not load class: Could not initialize class org.jetbrains.kotlin.com.intellij.psi.impl.source.PsiDiamondTypeElementImpl
13:14:06.832 [INFO]  [Creating] An exception occurred: java.lang.NoClassDefFoundError: Could not initialize class org.jetbrains.kotlin.com.intellij.psi.impl.source.PsiDiamondTypeElementImpl
	at java.base/jdk.internal.reflect.NativeConstructorAccessorImpl.newInstance0(Native Method)
	at java.base/jdk.internal.reflect.NativeConstructorAccessorImpl.newInstance(NativeConstructorAccessorImpl.java:62)
	at java.base/jdk.internal.reflect.DelegatingConstructorAccessorImpl.newInstance(DelegatingConstructorAccessorImpl.java:45)
13:14:06.838 [INFO]  [Creating]      [7/37] io.gitlab.arturbosch.detekt.rules.empty.EmptyCodeProvider.instance
13:14:06.838 [INFO]  [Creating]      [7/37]   R011: Sandboxing policy violation
13:14:06.838 [INFO]  [Creating]      [7/37]     Diffblue Cover ran code in your project that tried
13:14:06.838 [INFO]  [Creating]      [7/37]       to access 'sun.misc'.
13:14:06.838 [INFO]  [Creating]      [7/37]     Diffblue Cover's default sandboxing policy disallows this in order to prevent
13:14:06.838 [INFO]  [Creating]      [7/37]     your code from damaging your system environment.
13:14:06.838 [INFO]  [Creating]      [7/37]     See https://diff.blue/R011 to resolve this issue.
13:14:06.840 [INFO]  [Creating]  [3/17] io.gitlab.arturbosch.detekt.rules.empty.EmptyCodeProvider
13:14:06.840 [INFO]  [Creating]  [3/17]   Tests created: 1
13:14:06.840 [INFO]  [Creating] 
================================================================================
= Starting analysis for class 'io.gitlab.arturbosch.detekt.rules.empty.EmptyDefaultConstructor'
================================================================================
13:14:06.840 [INFO]  [Creating] Filtering out non-testable methods...
13:14:06.841 [INFO]  [Creating] Filtering of methods complete. Creating analysis request
13:14:06.841 [INFO]  [Creating] Attempting to get service client, retry 1.
13:14:06.862 [INFO]  [Creating] 
================================================================================
= Creating tests for 'io.gitlab.arturbosch.detekt.rules.empty.EmptyDefaultConstructor.<init>:(Lio/gitlab/arturbosch/detekt/api/Config;)V' using 'SiM (!sp, fnm, df, !ris)'
================================================================================
13:14:08.065 [INFO]  [Creating]      [8/37] io.gitlab.arturbosch.detekt.rules.empty.EmptyDefaultConstructor.<init>
13:14:08.065 [INFO]  [Creating]      [8/37]   R011: Sandboxing policy violation
13:14:08.065 [INFO]  [Creating]      [8/37]     Diffblue Cover ran code in your project that tried
13:14:08.065 [INFO]  [Creating]      [8/37]       to access 'sun.misc'.
13:14:08.065 [INFO]  [Creating]      [8/37]     Diffblue Cover's default sandboxing policy disallows this in order to prevent
13:14:08.065 [INFO]  [Creating]      [8/37]     your code from damaging your system environment.
13:14:08.065 [INFO]  [Creating]      [8/37]     See https://diff.blue/R011 to resolve this issue.
13:14:08.059 [INFO]  [Creating] Could not load class: Could not initialize class org.jetbrains.kotlin.com.intellij.psi.impl.source.PsiDiamondTypeElementImpl
13:14:08.059 [INFO]  [Creating] An exception occurred: java.lang.NoClassDefFoundError: Could not initialize class org.jetbrains.kotlin.com.intellij.psi.impl.source.PsiDiamondTypeElementImpl
	at java.base/jdk.internal.reflect.NativeConstructorAccessorImpl.newInstance0(Native Method)
	at java.base/jdk.internal.reflect.NativeConstructorAccessorImpl.newInstance(NativeConstructorAccessorImpl.java:62)
	at java.base/jdk.internal.reflect.DelegatingConstructorAccessorImpl.newInstance(DelegatingConstructorAccessorImpl.java:45)
13:14:08.066 [INFO]  [Creating] 
================================================================================
= Creating tests for 'io.gitlab.arturbosch.detekt.rules.empty.EmptyDefaultConstructor.visitPrimaryConstructor:(Lorg/jetbrains/kotlin/psi/KtPrimaryConstructor;)V' using 'SiM (!sp, fnm, df, !ris)'
================================================================================
13:14:16.248 [INFO]  [Creating] Could not load class: Could not initialize class org.jetbrains.kotlin.com.intellij.pom.java.LanguageLevel
13:14:16.249 [INFO]  [Creating] An exception occurred: java.lang.NoClassDefFoundError: Could not initialize class org.jetbrains.kotlin.com.intellij.pom.java.LanguageLevel
	< ... hidden frames ... >
	at java.base/java.lang.Class.getEnumConstantsShared(Class.java:3553)
	at java.base/java.lang.Class.getEnumConstants(Class.java:3529)
	< ... hidden frames ... >
	at java.base/java.util.stream.ReferencePipeline$3$1.accept(ReferencePipeline.java:195)
	at java.base/java.util.ArrayList$ArrayListSpliterator.forEachRemaining(ArrayList.java:1655)
	at java.base/java.util.stream.AbstractPipeline.copyInto(AbstractPipeline.java:484)
	at java.base/java.util.stream.AbstractPipeline.wrapAndCopyInto(AbstractPipeline.java:474)
	at java.base/java.util.stream.ForEachOps$ForEachOp.evaluateSequential(ForEachOps.java:150)
	at java.base/java.util.stream.ForEachOps$ForEachOp$OfRef.evaluateSequential(ForEachOps.java:173)
	at java.base/java.util.stream.AbstractPipeline.evaluate(AbstractPipeline.java:234)
	at java.base/java.util.stream.ReferencePipeline.forEachOrdered(ReferencePipeline.java:502)
	< ... hidden frames ... >
	at java.base/java.util.stream.ReferencePipeline$7$1.accept(ReferencePipeline.java:271)
	at java.base/java.util.stream.SliceOps$1$1.accept(SliceOps.java:199)
	at java.base/java.util.stream.ReferencePipeline$2$1.accept(ReferencePipeline.java:177)
	at java.base/java.util.ArrayList$ArrayListSpliterator.tryAdvance(ArrayList.java:1632)
	at java.base/java.util.stream.ReferencePipeline.forEachWithCancel(ReferencePipeline.java:127)
	at java.base/java.util.stream.AbstractPipeline.copyIntoWithCancel(AbstractPipeline.java:502)
	at java.base/java.util.stream.AbstractPipeline.copyInto(AbstractPipeline.java:488)
	at java.base/java.util.stream.AbstractPipeline.wrapAndCopyInto(AbstractPipeline.java:474)
	at java.base/java.util.stream.ReduceOps$ReduceOp.evaluateSequential(ReduceOps.java:913)
	at java.base/java.util.stream.AbstractPipeline.evaluate(AbstractPipeline.java:234)
	at java.base/java.util.stream.ReferencePipeline.collect(ReferencePipeline.java:578)
	< ... hidden frames ... >
	at java.base/java.util.stream.ReferencePipeline$3$1.accept(ReferencePipeline.java:195)
	at java.base/java.util.ArrayList$ArrayListSpliterator.forEachRemaining(ArrayList.java:1655)
	at java.base/java.util.stream.AbstractPipeline.copyInto(AbstractPipeline.java:484)
	at java.base/java.util.stream.AbstractPipeline.wrapAndCopyInto(AbstractPipeline.java:474)
	at java.base/java.util.stream.ForEachOps$ForEachOp.evaluateSequential(ForEachOps.java:150)
	at java.base/java.util.stream.ForEachOps$ForEachOp$OfRef.evaluateSequential(ForEachOps.java:173)
	at java.base/java.util.stream.AbstractPipeline.evaluate(AbstractPipeline.java:234)
	at java.base/java.util.stream.ReferencePipeline.forEachOrdered(ReferencePipeline.java:502)
	< ... hidden frames ... >
	at java.base/java.util.stream.ReferencePipeline$7$1.accept(ReferencePipeline.java:271)
	at java.base/java.util.stream.SliceOps$1$1.accept(SliceOps.java:199)
	at java.base/java.util.stream.ReferencePipeline$2$1.accept(ReferencePipeline.java:177)
	at java.base/java.util.ArrayList$ArrayListSpliterator.tryAdvance(ArrayList.java:1632)
	at java.base/java.util.stream.ReferencePipeline.forEachWithCancel(ReferencePipeline.java:127)
	at java.base/java.util.stream.AbstractPipeline.copyIntoWithCancel(AbstractPipeline.java:502)
	at java.base/java.util.stream.AbstractPipeline.copyInto(AbstractPipeline.java:488)
	at java.base/java.util.stream.AbstractPipeline.wrapAndCopyInto(AbstractPipeline.java:474)
	at java.base/java.util.stream.ReduceOps$ReduceOp.evaluateSequential(ReduceOps.java:913)
	at java.base/java.util.stream.AbstractPipeline.evaluate(AbstractPipeline.java:234)
	at java.base/java.util.stream.ReferencePipeline.collect(ReferencePipeline.java:578)
	< ... hidden frames ... >
	at java.base/java.util.stream.ReferencePipeline$7$1.accept(ReferencePipeline.java:271)
	at java.base/java.util.ArrayList$ArrayListSpliterator.forEachRemaining(ArrayList.java:1655)
	at java.base/java.util.stream.AbstractPipeline.copyInto(AbstractPipeline.java:484)
	at java.base/java.util.stream.AbstractPipeline.wrapAndCopyInto(AbstractPipeline.java:474)
	at java.base/java.util.stream.ReduceOps$ReduceOp.evaluateSequential(ReduceOps.java:913)
	at java.base/java.util.stream.AbstractPipeline.evaluate(AbstractPipeline.java:234)
	at java.base/java.util.stream.ReferencePipeline.collect(ReferencePipeline.java:578)
	< ... hidden frames ... >
13:14:16.253 [INFO]  [Creating]      [9/37] io.gitlab.arturbosch.detekt.rules.empty.EmptyDefaultConstructor.visitPrimaryConstructor
13:14:16.253 [INFO]  [Creating]      [9/37]   R011: Sandboxing policy violation
13:14:16.253 [INFO]  [Creating]      [9/37]     Diffblue Cover ran code in your project that tried
13:14:16.253 [INFO]  [Creating]      [9/37]       to access 'sun.misc'.
13:14:16.253 [INFO]  [Creating]      [9/37]     Diffblue Cover's default sandboxing policy disallows this in order to prevent
13:14:16.253 [INFO]  [Creating]      [9/37]     your code from damaging your system environment.
13:14:16.253 [INFO]  [Creating]      [9/37]     See https://diff.blue/R011 to resolve this issue.
13:14:16.255 [INFO]  [Creating]  [4/17] io.gitlab.arturbosch.detekt.rules.empty.EmptyDefaultConstructor
13:14:16.255 [INFO]  [Creating]  [4/17]   Tests created: 0
13:14:16.255 [INFO]  [Creating] 
================================================================================
= Starting analysis for class 'io.gitlab.arturbosch.detekt.rules.empty.EmptyDoWhileBlock'
================================================================================
13:14:16.255 [INFO]  [Creating] Filtering out non-testable methods...
13:14:16.255 [INFO]  [Creating] Filtering of methods complete. Creating analysis request
13:14:16.255 [INFO]  [Creating] Attempting to get service client, retry 1.
13:14:16.277 [INFO]  [Creating] 
================================================================================
= Creating tests for 'io.gitlab.arturbosch.detekt.rules.empty.EmptyDoWhileBlock.<init>:(Lio/gitlab/arturbosch/detekt/api/Config;)V' using 'SiM (!sp, fnm, df, !ris)'
================================================================================
13:14:17.251 [INFO]  [Creating]     [10/37] io.gitlab.arturbosch.detekt.rules.empty.EmptyDoWhileBlock.<init>
13:14:17.251 [INFO]  [Creating]     [10/37]   R011: Sandboxing policy violation
13:14:17.251 [INFO]  [Creating]     [10/37]     Diffblue Cover ran code in your project that tried
13:14:17.251 [INFO]  [Creating]     [10/37]       to access 'sun.misc'.
13:14:17.251 [INFO]  [Creating]     [10/37]     Diffblue Cover's default sandboxing policy disallows this in order to prevent
13:14:17.251 [INFO]  [Creating]     [10/37]     your code from damaging your system environment.
13:14:17.251 [INFO]  [Creating]     [10/37]     See https://diff.blue/R011 to resolve this issue.
13:14:17.246 [INFO]  [Creating] Could not load class: Could not initialize class org.jetbrains.kotlin.com.intellij.psi.impl.source.PsiDiamondTypeElementImpl
13:14:17.246 [INFO]  [Creating] An exception occurred: java.lang.NoClassDefFoundError: Could not initialize class org.jetbrains.kotlin.com.intellij.psi.impl.source.PsiDiamondTypeElementImpl
	at java.base/jdk.internal.reflect.NativeConstructorAccessorImpl.newInstance0(Native Method)
	at java.base/jdk.internal.reflect.NativeConstructorAccessorImpl.newInstance(NativeConstructorAccessorImpl.java:62)
	at java.base/jdk.internal.reflect.DelegatingConstructorAccessorImpl.newInstance(DelegatingConstructorAccessorImpl.java:45)
13:14:17.252 [INFO]  [Creating] 
================================================================================
= Creating tests for 'io.gitlab.arturbosch.detekt.rules.empty.EmptyDoWhileBlock.visitDoWhileExpression:(Lorg/jetbrains/kotlin/psi/KtDoWhileExpression;)V' using 'SiM (!sp, fnm, df, !ris)'
================================================================================
13:14:19.612 [INFO]  [Creating]     [11/37] io.gitlab.arturbosch.detekt.rules.empty.EmptyDoWhileBlock.visitDoWhileExpression
13:14:19.612 [INFO]  [Creating]     [11/37]   R011: Sandboxing policy violation
13:14:19.612 [INFO]  [Creating]     [11/37]     Diffblue Cover ran code in your project that tried
13:14:19.612 [INFO]  [Creating]     [11/37]       to access 'sun.misc'.
13:14:19.612 [INFO]  [Creating]     [11/37]     Diffblue Cover's default sandboxing policy disallows this in order to prevent
13:14:19.612 [INFO]  [Creating]     [11/37]     your code from damaging your system environment.
13:14:19.612 [INFO]  [Creating]     [11/37]     See https://diff.blue/R011 to resolve this issue.
13:14:19.614 [INFO]  [Creating]  [5/17] io.gitlab.arturbosch.detekt.rules.empty.EmptyDoWhileBlock
13:14:19.614 [INFO]  [Creating]  [5/17]   Tests created: 0
13:14:19.614 [INFO]  [Creating] 
================================================================================
= Starting analysis for class 'io.gitlab.arturbosch.detekt.rules.empty.EmptyElseBlock'
================================================================================
13:14:19.614 [INFO]  [Creating] Filtering out non-testable methods...
13:14:19.614 [INFO]  [Creating] Filtering of methods complete. Creating analysis request
13:14:19.614 [INFO]  [Creating] Attempting to get service client, retry 1.
13:14:19.607 [INFO]  [Creating] Could not load class: Could not initialize class org.jetbrains.kotlin.com.intellij.psi.impl.source.PsiDiamondTypeElementImpl
13:14:19.607 [INFO]  [Creating] An exception occurred: java.lang.NoClassDefFoundError: Could not initialize class org.jetbrains.kotlin.com.intellij.psi.impl.source.PsiDiamondTypeElementImpl
	at java.base/jdk.internal.reflect.NativeConstructorAccessorImpl.newInstance0(Native Method)
	at java.base/jdk.internal.reflect.NativeConstructorAccessorImpl.newInstance(NativeConstructorAccessorImpl.java:62)
	at java.base/jdk.internal.reflect.DelegatingConstructorAccessorImpl.newInstance(DelegatingConstructorAccessorImpl.java:45)
13:14:19.635 [INFO]  [Creating] 
================================================================================
= Creating tests for 'io.gitlab.arturbosch.detekt.rules.empty.EmptyElseBlock.<init>:(Lio/gitlab/arturbosch/detekt/api/Config;)V' using 'SiM (!sp, fnm, df, !ris)'
================================================================================
13:14:20.609 [INFO]  [Creating] Could not load class: Could not initialize class org.jetbrains.kotlin.com.intellij.psi.impl.source.PsiDiamondTypeElementImpl
13:14:20.609 [INFO]  [Creating] An exception occurred: java.lang.NoClassDefFoundError: Could not initialize class org.jetbrains.kotlin.com.intellij.psi.impl.source.PsiDiamondTypeElementImpl
	at java.base/jdk.internal.reflect.NativeConstructorAccessorImpl.newInstance0(Native Method)
	at java.base/jdk.internal.reflect.NativeConstructorAccessorImpl.newInstance(NativeConstructorAccessorImpl.java:62)
	at java.base/jdk.internal.reflect.DelegatingConstructorAccessorImpl.newInstance(DelegatingConstructorAccessorImpl.java:45)
13:14:20.614 [INFO]  [Creating]     [12/37] io.gitlab.arturbosch.detekt.rules.empty.EmptyElseBlock.<init>
13:14:20.614 [INFO]  [Creating]     [12/37]   R011: Sandboxing policy violation
13:14:20.614 [INFO]  [Creating]     [12/37]     Diffblue Cover ran code in your project that tried
13:14:20.614 [INFO]  [Creating]     [12/37]       to access 'sun.misc'.
13:14:20.614 [INFO]  [Creating]     [12/37]     Diffblue Cover's default sandboxing policy disallows this in order to prevent
13:14:20.614 [INFO]  [Creating]     [12/37]     your code from damaging your system environment.
13:14:20.614 [INFO]  [Creating]     [12/37]     See https://diff.blue/R011 to resolve this issue.
13:14:20.615 [INFO]  [Creating] 
================================================================================
= Creating tests for 'io.gitlab.arturbosch.detekt.rules.empty.EmptyElseBlock.visitIfExpression:(Lorg/jetbrains/kotlin/psi/KtIfExpression;)V' using 'SiM (!sp, fnm, df, !ris)'
================================================================================
13:14:22.951 [INFO]  [Creating]     [13/37] io.gitlab.arturbosch.detekt.rules.empty.EmptyElseBlock.visitIfExpression
13:14:22.951 [INFO]  [Creating]     [13/37]   R011: Sandboxing policy violation
13:14:22.951 [INFO]  [Creating]     [13/37]     Diffblue Cover ran code in your project that tried
13:14:22.951 [INFO]  [Creating]     [13/37]       to access 'sun.misc'.
13:14:22.951 [INFO]  [Creating]     [13/37]     Diffblue Cover's default sandboxing policy disallows this in order to prevent
13:14:22.951 [INFO]  [Creating]     [13/37]     your code from damaging your system environment.
13:14:22.951 [INFO]  [Creating]     [13/37]     See https://diff.blue/R011 to resolve this issue.
13:14:22.953 [INFO]  [Creating]  [6/17] io.gitlab.arturbosch.detekt.rules.empty.EmptyElseBlock
13:14:22.954 [INFO]  [Creating]  [6/17]   Tests created: 0
13:14:22.954 [INFO]  [Creating] 
================================================================================
= Starting analysis for class 'io.gitlab.arturbosch.detekt.rules.empty.EmptyFinallyBlock'
================================================================================
13:14:22.954 [INFO]  [Creating] Filtering out non-testable methods...
13:14:22.954 [INFO]  [Creating] Filtering of methods complete. Creating analysis request
13:14:22.954 [INFO]  [Creating] Attempting to get service client, retry 1.
13:14:22.947 [INFO]  [Creating] Could not load class: Could not initialize class org.jetbrains.kotlin.com.intellij.psi.impl.source.PsiDiamondTypeElementImpl
13:14:22.947 [INFO]  [Creating] An exception occurred: java.lang.NoClassDefFoundError: Could not initialize class org.jetbrains.kotlin.com.intellij.psi.impl.source.PsiDiamondTypeElementImpl
	at java.base/jdk.internal.reflect.NativeConstructorAccessorImpl.newInstance0(Native Method)
	at java.base/jdk.internal.reflect.NativeConstructorAccessorImpl.newInstance(NativeConstructorAccessorImpl.java:62)
	at java.base/jdk.internal.reflect.DelegatingConstructorAccessorImpl.newInstance(DelegatingConstructorAccessorImpl.java:45)
13:14:22.975 [INFO]  [Creating] 
================================================================================
= Creating tests for 'io.gitlab.arturbosch.detekt.rules.empty.EmptyFinallyBlock.<init>:(Lio/gitlab/arturbosch/detekt/api/Config;)V' using 'SiM (!sp, fnm, df, !ris)'
================================================================================
13:14:23.933 [INFO]  [Creating] Could not load class: Could not initialize class org.jetbrains.kotlin.com.intellij.psi.impl.source.PsiDiamondTypeElementImpl
13:14:23.933 [INFO]  [Creating] An exception occurred: java.lang.NoClassDefFoundError: Could not initialize class org.jetbrains.kotlin.com.intellij.psi.impl.source.PsiDiamondTypeElementImpl
	at java.base/jdk.internal.reflect.NativeConstructorAccessorImpl.newInstance0(Native Method)
	at java.base/jdk.internal.reflect.NativeConstructorAccessorImpl.newInstance(NativeConstructorAccessorImpl.java:62)
	at java.base/jdk.internal.reflect.DelegatingConstructorAccessorImpl.newInstance(DelegatingConstructorAccessorImpl.java:45)
13:14:23.938 [INFO]  [Creating]     [14/37] io.gitlab.arturbosch.detekt.rules.empty.EmptyFinallyBlock.<init>
13:14:23.938 [INFO]  [Creating]     [14/37]   R011: Sandboxing policy violation
13:14:23.938 [INFO]  [Creating]     [14/37]     Diffblue Cover ran code in your project that tried
13:14:23.938 [INFO]  [Creating]     [14/37]       to access 'sun.misc'.
13:14:23.938 [INFO]  [Creating]     [14/37]     Diffblue Cover's default sandboxing policy disallows this in order to prevent
13:14:23.938 [INFO]  [Creating]     [14/37]     your code from damaging your system environment.
13:14:23.938 [INFO]  [Creating]     [14/37]     See https://diff.blue/R011 to resolve this issue.
13:14:23.939 [INFO]  [Creating] 
================================================================================
= Creating tests for 'io.gitlab.arturbosch.detekt.rules.empty.EmptyFinallyBlock.visitFinallySection:(Lorg/jetbrains/kotlin/psi/KtFinallySection;)V' using 'SiM (!sp, fnm, df, !ris)'
================================================================================
13:14:26.280 [INFO]  [Creating] Could not load class: Could not initialize class org.jetbrains.kotlin.com.intellij.psi.impl.source.PsiDiamondTypeElementImpl
13:14:26.280 [INFO]  [Creating] An exception occurred: java.lang.NoClassDefFoundError: Could not initialize class org.jetbrains.kotlin.com.intellij.psi.impl.source.PsiDiamondTypeElementImpl
	at java.base/jdk.internal.reflect.NativeConstructorAccessorImpl.newInstance0(Native Method)
	at java.base/jdk.internal.reflect.NativeConstructorAccessorImpl.newInstance(NativeConstructorAccessorImpl.java:62)
	at java.base/jdk.internal.reflect.DelegatingConstructorAccessorImpl.newInstance(DelegatingConstructorAccessorImpl.java:45)
13:14:26.285 [INFO]  [Creating]     [15/37] io.gitlab.arturbosch.detekt.rules.empty.EmptyFinallyBlock.visitFinallySection
13:14:26.285 [INFO]  [Creating]     [15/37]   R011: Sandboxing policy violation
13:14:26.285 [INFO]  [Creating]     [15/37]     Diffblue Cover ran code in your project that tried
13:14:26.285 [INFO]  [Creating]     [15/37]       to access 'sun.misc'.
13:14:26.285 [INFO]  [Creating]     [15/37]     Diffblue Cover's default sandboxing policy disallows this in order to prevent
13:14:26.285 [INFO]  [Creating]     [15/37]     your code from damaging your system environment.
13:14:26.285 [INFO]  [Creating]     [15/37]     See https://diff.blue/R011 to resolve this issue.
13:14:26.287 [INFO]  [Creating]  [7/17] io.gitlab.arturbosch.detekt.rules.empty.EmptyFinallyBlock
13:14:26.287 [INFO]  [Creating]  [7/17]   Tests created: 0
13:14:26.287 [INFO]  [Creating] 
================================================================================
= Starting analysis for class 'io.gitlab.arturbosch.detekt.rules.empty.EmptyForBlock'
================================================================================
13:14:26.287 [INFO]  [Creating] Filtering out non-testable methods...
13:14:26.287 [INFO]  [Creating] Filtering of methods complete. Creating analysis request
13:14:26.287 [INFO]  [Creating] Attempting to get service client, retry 1.
13:14:26.307 [INFO]  [Creating] 
================================================================================
= Creating tests for 'io.gitlab.arturbosch.detekt.rules.empty.EmptyForBlock.<init>:(Lio/gitlab/arturbosch/detekt/api/Config;)V' using 'SiM (!sp, fnm, df, !ris)'
================================================================================
13:14:27.272 [INFO]  [Creating]     [16/37] io.gitlab.arturbosch.detekt.rules.empty.EmptyForBlock.<init>
13:14:27.272 [INFO]  [Creating]     [16/37]   R011: Sandboxing policy violation
13:14:27.272 [INFO]  [Creating]     [16/37]     Diffblue Cover ran code in your project that tried
13:14:27.272 [INFO]  [Creating]     [16/37]       to access 'sun.misc'.
13:14:27.272 [INFO]  [Creating]     [16/37]     Diffblue Cover's default sandboxing policy disallows this in order to prevent
13:14:27.272 [INFO]  [Creating]     [16/37]     your code from damaging your system environment.
13:14:27.272 [INFO]  [Creating]     [16/37]     See https://diff.blue/R011 to resolve this issue.
13:14:27.267 [INFO]  [Creating] Could not load class: Could not initialize class org.jetbrains.kotlin.com.intellij.psi.impl.source.PsiDiamondTypeElementImpl
13:14:27.267 [INFO]  [Creating] An exception occurred: java.lang.NoClassDefFoundError: Could not initialize class org.jetbrains.kotlin.com.intellij.psi.impl.source.PsiDiamondTypeElementImpl
	at java.base/jdk.internal.reflect.NativeConstructorAccessorImpl.newInstance0(Native Method)
	at java.base/jdk.internal.reflect.NativeConstructorAccessorImpl.newInstance(NativeConstructorAccessorImpl.java:62)
	at java.base/jdk.internal.reflect.DelegatingConstructorAccessorImpl.newInstance(DelegatingConstructorAccessorImpl.java:45)
13:14:27.273 [INFO]  [Creating] 
================================================================================
= Creating tests for 'io.gitlab.arturbosch.detekt.rules.empty.EmptyForBlock.visitForExpression:(Lorg/jetbrains/kotlin/psi/KtForExpression;)V' using 'SiM (!sp, fnm, df, !ris)'
================================================================================
13:14:29.655 [INFO]  [Creating] Could not load class: Could not initialize class org.jetbrains.kotlin.com.intellij.psi.impl.source.PsiDiamondTypeElementImpl
13:14:29.655 [INFO]  [Creating] An exception occurred: java.lang.NoClassDefFoundError: Could not initialize class org.jetbrains.kotlin.com.intellij.psi.impl.source.PsiDiamondTypeElementImpl
	at java.base/jdk.internal.reflect.NativeConstructorAccessorImpl.newInstance0(Native Method)
	at java.base/jdk.internal.reflect.NativeConstructorAccessorImpl.newInstance(NativeConstructorAccessorImpl.java:62)
	at java.base/jdk.internal.reflect.DelegatingConstructorAccessorImpl.newInstance(DelegatingConstructorAccessorImpl.java:45)
13:14:29.659 [INFO]  [Creating]     [17/37] io.gitlab.arturbosch.detekt.rules.empty.EmptyForBlock.visitForExpression
13:14:29.659 [INFO]  [Creating]     [17/37]   R011: Sandboxing policy violation
13:14:29.659 [INFO]  [Creating]     [17/37]     Diffblue Cover ran code in your project that tried
13:14:29.659 [INFO]  [Creating]     [17/37]       to access 'sun.misc'.
13:14:29.659 [INFO]  [Creating]     [17/37]     Diffblue Cover's default sandboxing policy disallows this in order to prevent
13:14:29.659 [INFO]  [Creating]     [17/37]     your code from damaging your system environment.
13:14:29.659 [INFO]  [Creating]     [17/37]     See https://diff.blue/R011 to resolve this issue.
13:14:29.661 [INFO]  [Creating]  [8/17] io.gitlab.arturbosch.detekt.rules.empty.EmptyForBlock
13:14:29.661 [INFO]  [Creating]  [8/17]   Tests created: 0
13:14:29.661 [INFO]  [Creating] 
================================================================================
= Starting analysis for class 'io.gitlab.arturbosch.detekt.rules.empty.EmptyFunctionBlock'
================================================================================
13:14:29.661 [INFO]  [Creating] Filtering out non-testable methods...
13:14:29.661 [INFO]  [Creating] Filtering of methods complete. Creating analysis request
13:14:29.661 [INFO]  [Creating] Attempting to get service client, retry 1.
13:14:29.683 [INFO]  [Creating] 
================================================================================
= Creating tests for 'io.gitlab.arturbosch.detekt.rules.empty.EmptyFunctionBlock.<init>:(Lio/gitlab/arturbosch/detekt/api/Config;)V' using 'SiM (!sp, fnm, df, !ris)'
================================================================================
13:14:30.976 [INFO]  [Creating] Could not load class: Could not initialize class org.jetbrains.kotlin.com.intellij.psi.impl.source.PsiDiamondTypeElementImpl
13:14:30.976 [INFO]  [Creating] An exception occurred: java.lang.NoClassDefFoundError: Could not initialize class org.jetbrains.kotlin.com.intellij.psi.impl.source.PsiDiamondTypeElementImpl
	at java.base/jdk.internal.reflect.NativeConstructorAccessorImpl.newInstance0(Native Method)
	at java.base/jdk.internal.reflect.NativeConstructorAccessorImpl.newInstance(NativeConstructorAccessorImpl.java:62)
	at java.base/jdk.internal.reflect.DelegatingConstructorAccessorImpl.newInstance(DelegatingConstructorAccessorImpl.java:45)
13:14:30.981 [INFO]  [Creating]     [18/37] io.gitlab.arturbosch.detekt.rules.empty.EmptyFunctionBlock.<init>
13:14:30.981 [INFO]  [Creating]     [18/37]   R011: Sandboxing policy violation
13:14:30.981 [INFO]  [Creating]     [18/37]     Diffblue Cover ran code in your project that tried
13:14:30.981 [INFO]  [Creating]     [18/37]       to access 'sun.misc'.
13:14:30.981 [INFO]  [Creating]     [18/37]     Diffblue Cover's default sandboxing policy disallows this in order to prevent
13:14:30.981 [INFO]  [Creating]     [18/37]     your code from damaging your system environment.
13:14:30.981 [INFO]  [Creating]     [18/37]     See https://diff.blue/R011 to resolve this issue.
13:14:30.982 [INFO]  [Creating] 
================================================================================
= Creating tests for 'io.gitlab.arturbosch.detekt.rules.empty.EmptyFunctionBlock.visitNamedFunction:(Lorg/jetbrains/kotlin/psi/KtNamedFunction;)V' using 'SiM (!sp, fnm, df, !ris)'
================================================================================
13:14:32.097 [INFO]  [Creating] Could not load class: Could not initialize class org.jetbrains.kotlin.com.intellij.pom.java.LanguageLevel
13:14:32.097 [INFO]  [Creating] An exception occurred: java.lang.NoClassDefFoundError: Could not initialize class org.jetbrains.kotlin.com.intellij.pom.java.LanguageLevel
	< ... hidden frames ... >
	at java.base/java.lang.Class.getEnumConstantsShared(Class.java:3553)
	at java.base/java.lang.Class.getEnumConstants(Class.java:3529)
	< ... hidden frames ... >
	at java.base/java.util.stream.ReferencePipeline$3$1.accept(ReferencePipeline.java:195)
	at java.base/java.util.ArrayList$ArrayListSpliterator.forEachRemaining(ArrayList.java:1655)
	at java.base/java.util.stream.AbstractPipeline.copyInto(AbstractPipeline.java:484)
	at java.base/java.util.stream.AbstractPipeline.wrapAndCopyInto(AbstractPipeline.java:474)
	at java.base/java.util.stream.ForEachOps$ForEachOp.evaluateSequential(ForEachOps.java:150)
	at java.base/java.util.stream.ForEachOps$ForEachOp$OfRef.evaluateSequential(ForEachOps.java:173)
	at java.base/java.util.stream.AbstractPipeline.evaluate(AbstractPipeline.java:234)
	at java.base/java.util.stream.ReferencePipeline.forEachOrdered(ReferencePipeline.java:502)
	< ... hidden frames ... >
	at java.base/java.util.stream.ReferencePipeline$7$1.accept(ReferencePipeline.java:271)
	at java.base/java.util.stream.SliceOps$1$1.accept(SliceOps.java:199)
	at java.base/java.util.stream.ReferencePipeline$2$1.accept(ReferencePipeline.java:177)
	at java.base/java.util.ArrayList$ArrayListSpliterator.tryAdvance(ArrayList.java:1632)
	at java.base/java.util.stream.ReferencePipeline.forEachWithCancel(ReferencePipeline.java:127)
	at java.base/java.util.stream.AbstractPipeline.copyIntoWithCancel(AbstractPipeline.java:502)
	at java.base/java.util.stream.AbstractPipeline.copyInto(AbstractPipeline.java:488)
	at java.base/java.util.stream.AbstractPipeline.wrapAndCopyInto(AbstractPipeline.java:474)
	at java.base/java.util.stream.ReduceOps$ReduceOp.evaluateSequential(ReduceOps.java:913)
	at java.base/java.util.stream.AbstractPipeline.evaluate(AbstractPipeline.java:234)
	at java.base/java.util.stream.ReferencePipeline.collect(ReferencePipeline.java:578)
	< ... hidden frames ... >
	at java.base/java.util.stream.ReferencePipeline$3$1.accept(ReferencePipeline.java:195)
	at java.base/java.util.ArrayList$ArrayListSpliterator.forEachRemaining(ArrayList.java:1655)
	at java.base/java.util.stream.AbstractPipeline.copyInto(AbstractPipeline.java:484)
	at java.base/java.util.stream.AbstractPipeline.wrapAndCopyInto(AbstractPipeline.java:474)
	at java.base/java.util.stream.ForEachOps$ForEachOp.evaluateSequential(ForEachOps.java:150)
	at java.base/java.util.stream.ForEachOps$ForEachOp$OfRef.evaluateSequential(ForEachOps.java:173)
	at java.base/java.util.stream.AbstractPipeline.evaluate(AbstractPipeline.java:234)
	at java.base/java.util.stream.ReferencePipeline.forEachOrdered(ReferencePipeline.java:502)
	< ... hidden frames ... >
	at java.base/java.util.stream.ReferencePipeline$7$1.accept(ReferencePipeline.java:271)
	at java.base/java.util.stream.SliceOps$1$1.accept(SliceOps.java:199)
	at java.base/java.util.stream.ReferencePipeline$2$1.accept(ReferencePipeline.java:177)
	at java.base/java.util.ArrayList$ArrayListSpliterator.tryAdvance(ArrayList.java:1632)
	at java.base/java.util.stream.ReferencePipeline.forEachWithCancel(ReferencePipeline.java:127)
	at java.base/java.util.stream.AbstractPipeline.copyIntoWithCancel(AbstractPipeline.java:502)
	at java.base/java.util.stream.AbstractPipeline.copyInto(AbstractPipeline.java:488)
	at java.base/java.util.stream.AbstractPipeline.wrapAndCopyInto(AbstractPipeline.java:474)
	at java.base/java.util.stream.ReduceOps$ReduceOp.evaluateSequential(ReduceOps.java:913)
	at java.base/java.util.stream.AbstractPipeline.evaluate(AbstractPipeline.java:234)
	at java.base/java.util.stream.ReferencePipeline.collect(ReferencePipeline.java:578)
	< ... hidden frames ... >
	at java.base/java.util.stream.ReferencePipeline$7$1.accept(ReferencePipeline.java:271)
	at java.base/java.util.ArrayList$ArrayListSpliterator.forEachRemaining(ArrayList.java:1655)
	at java.base/java.util.stream.AbstractPipeline.copyInto(AbstractPipeline.java:484)
	at java.base/java.util.stream.AbstractPipeline.wrapAndCopyInto(AbstractPipeline.java:474)
	at java.base/java.util.stream.ReduceOps$ReduceOp.evaluateSequential(ReduceOps.java:913)
	at java.base/java.util.stream.AbstractPipeline.evaluate(AbstractPipeline.java:234)
	at java.base/java.util.stream.ReferencePipeline.collect(ReferencePipeline.java:578)
	< ... hidden frames ... >
13:14:32.101 [INFO]  [Creating]     [19/37] io.gitlab.arturbosch.detekt.rules.empty.EmptyFunctionBlock.visitNamedFunction
13:14:32.101 [INFO]  [Creating]     [19/37]   R011: Sandboxing policy violation
13:14:32.101 [INFO]  [Creating]     [19/37]     Diffblue Cover ran code in your project that tried
13:14:32.101 [INFO]  [Creating]     [19/37]       to access 'sun.misc'.
13:14:32.101 [INFO]  [Creating]     [19/37]     Diffblue Cover's default sandboxing policy disallows this in order to prevent
13:14:32.101 [INFO]  [Creating]     [19/37]     your code from damaging your system environment.
13:14:32.101 [INFO]  [Creating]     [19/37]     See https://diff.blue/R011 to resolve this issue.
13:14:32.103 [INFO]  [Creating]  [9/17] io.gitlab.arturbosch.detekt.rules.empty.EmptyFunctionBlock
13:14:32.103 [INFO]  [Creating]  [9/17]   Tests created: 0
13:14:32.103 [INFO]  [Creating] 
================================================================================
= Starting analysis for class 'io.gitlab.arturbosch.detekt.rules.empty.EmptyIfBlock'
================================================================================
13:14:32.103 [INFO]  [Creating] Filtering out non-testable methods...
13:14:32.103 [INFO]  [Creating] Filtering of methods complete. Creating analysis request
13:14:32.103 [INFO]  [Creating] Attempting to get service client, retry 1.
13:14:32.122 [INFO]  [Creating] 
================================================================================
= Creating tests for 'io.gitlab.arturbosch.detekt.rules.empty.EmptyIfBlock.<init>:(Lio/gitlab/arturbosch/detekt/api/Config;)V' using 'SiM (!sp, fnm, df, !ris)'
================================================================================
13:14:33.084 [INFO]  [Creating] Could not load class: Could not initialize class org.jetbrains.kotlin.com.intellij.psi.impl.source.PsiDiamondTypeElementImpl
13:14:33.084 [INFO]  [Creating] An exception occurred: java.lang.NoClassDefFoundError: Could not initialize class org.jetbrains.kotlin.com.intellij.psi.impl.source.PsiDiamondTypeElementImpl
	at java.base/jdk.internal.reflect.NativeConstructorAccessorImpl.newInstance0(Native Method)
	at java.base/jdk.internal.reflect.NativeConstructorAccessorImpl.newInstance(NativeConstructorAccessorImpl.java:62)
	at java.base/jdk.internal.reflect.DelegatingConstructorAccessorImpl.newInstance(DelegatingConstructorAccessorImpl.java:45)
13:14:33.088 [INFO]  [Creating]     [20/37] io.gitlab.arturbosch.detekt.rules.empty.EmptyIfBlock.<init>
13:14:33.088 [INFO]  [Creating]     [20/37]   R011: Sandboxing policy violation
13:14:33.088 [INFO]  [Creating]     [20/37]     Diffblue Cover ran code in your project that tried
13:14:33.088 [INFO]  [Creating]     [20/37]       to access 'sun.misc'.
13:14:33.088 [INFO]  [Creating]     [20/37]     Diffblue Cover's default sandboxing policy disallows this in order to prevent
13:14:33.088 [INFO]  [Creating]     [20/37]     your code from damaging your system environment.
13:14:33.088 [INFO]  [Creating]     [20/37]     See https://diff.blue/R011 to resolve this issue.
13:14:33.089 [INFO]  [Creating] 
================================================================================
= Creating tests for 'io.gitlab.arturbosch.detekt.rules.empty.EmptyIfBlock.visitIfExpression:(Lorg/jetbrains/kotlin/psi/KtIfExpression;)V' using 'SiM (!sp, fnm, df, !ris)'
================================================================================
13:14:35.429 [INFO]  [Creating] Could not load class: Could not initialize class org.jetbrains.kotlin.com.intellij.psi.impl.source.PsiDiamondTypeElementImpl
13:14:35.429 [INFO]  [Creating] An exception occurred: java.lang.NoClassDefFoundError: Could not initialize class org.jetbrains.kotlin.com.intellij.psi.impl.source.PsiDiamondTypeElementImpl
	at java.base/jdk.internal.reflect.NativeConstructorAccessorImpl.newInstance0(Native Method)
	at java.base/jdk.internal.reflect.NativeConstructorAccessorImpl.newInstance(NativeConstructorAccessorImpl.java:62)
	at java.base/jdk.internal.reflect.DelegatingConstructorAccessorImpl.newInstance(DelegatingConstructorAccessorImpl.java:45)
13:14:35.433 [INFO]  [Creating]     [21/37] io.gitlab.arturbosch.detekt.rules.empty.EmptyIfBlock.visitIfExpression
13:14:35.433 [INFO]  [Creating]     [21/37]   R011: Sandboxing policy violation
13:14:35.434 [INFO]  [Creating]     [21/37]     Diffblue Cover ran code in your project that tried
13:14:35.434 [INFO]  [Creating]     [21/37]       to access 'sun.misc'.
13:14:35.434 [INFO]  [Creating]     [21/37]     Diffblue Cover's default sandboxing policy disallows this in order to prevent
13:14:35.434 [INFO]  [Creating]     [21/37]     your code from damaging your system environment.
13:14:35.434 [INFO]  [Creating]     [21/37]     See https://diff.blue/R011 to resolve this issue.
13:14:35.435 [INFO]  [Creating] [10/17] io.gitlab.arturbosch.detekt.rules.empty.EmptyIfBlock
13:14:35.435 [INFO]  [Creating] [10/17]   Tests created: 0
13:14:35.435 [INFO]  [Creating] 
================================================================================
= Starting analysis for class 'io.gitlab.arturbosch.detekt.rules.empty.EmptyInitBlock'
================================================================================
13:14:35.435 [INFO]  [Creating] Filtering out non-testable methods...
13:14:35.435 [INFO]  [Creating] Filtering of methods complete. Creating analysis request
13:14:35.435 [INFO]  [Creating] Attempting to get service client, retry 1.
13:14:35.455 [INFO]  [Creating] 
================================================================================
= Creating tests for 'io.gitlab.arturbosch.detekt.rules.empty.EmptyInitBlock.<init>:(Lio/gitlab/arturbosch/detekt/api/Config;)V' using 'SiM (!sp, fnm, df, !ris)'
================================================================================
13:14:36.402 [INFO]  [Creating] Could not load class: Could not initialize class org.jetbrains.kotlin.com.intellij.psi.impl.source.PsiDiamondTypeElementImpl
13:14:36.402 [INFO]  [Creating] An exception occurred: java.lang.NoClassDefFoundError: Could not initialize class org.jetbrains.kotlin.com.intellij.psi.impl.source.PsiDiamondTypeElementImpl
	at jdk.internal.reflect.GeneratedConstructorAccessor31.newInstance(Unknown Source)
	at java.base/jdk.internal.reflect.DelegatingConstructorAccessorImpl.newInstance(DelegatingConstructorAccessorImpl.java:45)
	at java.base/java.lang.reflect.Constructor.newInstance(Constructor.java:490)
13:14:36.407 [INFO]  [Creating]     [22/37] io.gitlab.arturbosch.detekt.rules.empty.EmptyInitBlock.<init>
13:14:36.407 [INFO]  [Creating]     [22/37]   R011: Sandboxing policy violation
13:14:36.407 [INFO]  [Creating]     [22/37]     Diffblue Cover ran code in your project that tried
13:14:36.407 [INFO]  [Creating]     [22/37]       to access 'sun.misc'.
13:14:36.407 [INFO]  [Creating]     [22/37]     Diffblue Cover's default sandboxing policy disallows this in order to prevent
13:14:36.407 [INFO]  [Creating]     [22/37]     your code from damaging your system environment.
13:14:36.407 [INFO]  [Creating]     [22/37]     See https://diff.blue/R011 to resolve this issue.
13:14:36.408 [INFO]  [Creating] 
================================================================================
= Creating tests for 'io.gitlab.arturbosch.detekt.rules.empty.EmptyInitBlock.visitClassInitializer:(Lorg/jetbrains/kotlin/psi/KtClassInitializer;)V' using 'SiM (!sp, fnm, df, !ris)'
================================================================================
13:14:36.428 [INFO]  [Creating] Could not load class: Could not initialize class org.jetbrains.kotlin.com.intellij.pom.java.LanguageLevel
13:14:36.429 [INFO]  [Creating] An exception occurred: java.lang.NoClassDefFoundError: Could not initialize class org.jetbrains.kotlin.com.intellij.pom.java.LanguageLevel
	< ... hidden frames ... >
	at java.base/java.lang.Class.getEnumConstantsShared(Class.java:3553)
	at java.base/java.lang.Class.getEnumConstants(Class.java:3529)
	< ... hidden frames ... >
	at java.base/java.util.stream.ReferencePipeline$3$1.accept(ReferencePipeline.java:195)
	at java.base/java.util.ArrayList$ArrayListSpliterator.forEachRemaining(ArrayList.java:1655)
	at java.base/java.util.stream.AbstractPipeline.copyInto(AbstractPipeline.java:484)
	at java.base/java.util.stream.AbstractPipeline.wrapAndCopyInto(AbstractPipeline.java:474)
	at java.base/java.util.stream.ForEachOps$ForEachOp.evaluateSequential(ForEachOps.java:150)
	at java.base/java.util.stream.ForEachOps$ForEachOp$OfRef.evaluateSequential(ForEachOps.java:173)
	at java.base/java.util.stream.AbstractPipeline.evaluate(AbstractPipeline.java:234)
	at java.base/java.util.stream.ReferencePipeline.forEachOrdered(ReferencePipeline.java:502)
	< ... hidden frames ... >
	at java.base/java.util.stream.ReferencePipeline$7$1.accept(ReferencePipeline.java:271)
	at java.base/java.util.stream.SliceOps$1$1.accept(SliceOps.java:199)
	at java.base/java.util.stream.ReferencePipeline$2$1.accept(ReferencePipeline.java:177)
	at java.base/java.util.ArrayList$ArrayListSpliterator.tryAdvance(ArrayList.java:1632)
	at java.base/java.util.stream.ReferencePipeline.forEachWithCancel(ReferencePipeline.java:127)
	at java.base/java.util.stream.AbstractPipeline.copyIntoWithCancel(AbstractPipeline.java:502)
	at java.base/java.util.stream.AbstractPipeline.copyInto(AbstractPipeline.java:488)
	at java.base/java.util.stream.AbstractPipeline.wrapAndCopyInto(AbstractPipeline.java:474)
	at java.base/java.util.stream.ReduceOps$ReduceOp.evaluateSequential(ReduceOps.java:913)
	at java.base/java.util.stream.AbstractPipeline.evaluate(AbstractPipeline.java:234)
	at java.base/java.util.stream.ReferencePipeline.collect(ReferencePipeline.java:578)
	< ... hidden frames ... >
	at java.base/java.util.stream.ReferencePipeline$3$1.accept(ReferencePipeline.java:195)
	at java.base/java.util.ArrayList$ArrayListSpliterator.forEachRemaining(ArrayList.java:1655)
	at java.base/java.util.stream.AbstractPipeline.copyInto(AbstractPipeline.java:484)
	at java.base/java.util.stream.AbstractPipeline.wrapAndCopyInto(AbstractPipeline.java:474)
	at java.base/java.util.stream.ForEachOps$ForEachOp.evaluateSequential(ForEachOps.java:150)
	at java.base/java.util.stream.ForEachOps$ForEachOp$OfRef.evaluateSequential(ForEachOps.java:173)
	at java.base/java.util.stream.AbstractPipeline.evaluate(AbstractPipeline.java:234)
	at java.base/java.util.stream.ReferencePipeline.forEachOrdered(ReferencePipeline.java:502)
	< ... hidden frames ... >
	at java.base/java.util.stream.ReferencePipeline$7$1.accept(ReferencePipeline.java:271)
	at java.base/java.util.stream.SliceOps$1$1.accept(SliceOps.java:199)
	at java.base/java.util.stream.ReferencePipeline$2$1.accept(ReferencePipeline.java:177)
	at java.base/java.util.ArrayList$ArrayListSpliterator.tryAdvance(ArrayList.java:1632)
	at java.base/java.util.stream.ReferencePipeline.forEachWithCancel(ReferencePipeline.java:127)
	at java.base/java.util.stream.AbstractPipeline.copyIntoWithCancel(AbstractPipeline.java:502)
	at java.base/java.util.stream.AbstractPipeline.copyInto(AbstractPipeline.java:488)
	at java.base/java.util.stream.AbstractPipeline.wrapAndCopyInto(AbstractPipeline.java:474)
	at java.base/java.util.stream.ReduceOps$ReduceOp.evaluateSequential(ReduceOps.java:913)
	at java.base/java.util.stream.AbstractPipeline.evaluate(AbstractPipeline.java:234)
	at java.base/java.util.stream.ReferencePipeline.collect(ReferencePipeline.java:578)
	< ... hidden frames ... >
	at java.base/java.util.stream.ReferencePipeline$3$1.accept(ReferencePipeline.java:195)
	at java.base/java.util.ArrayList$ArrayListSpliterator.forEachRemaining(ArrayList.java:1655)
	at java.base/java.util.stream.AbstractPipeline.copyInto(AbstractPipeline.java:484)
	at java.base/java.util.stream.AbstractPipeline.wrapAndCopyInto(AbstractPipeline.java:474)
	at java.base/java.util.stream.ForEachOps$ForEachOp.evaluateSequential(ForEachOps.java:150)
	at java.base/java.util.stream.ForEachOps$ForEachOp$OfRef.evaluateSequential(ForEachOps.java:173)
	at java.base/java.util.stream.AbstractPipeline.evaluate(AbstractPipeline.java:234)
	at java.base/java.util.stream.ReferencePipeline.forEachOrdered(ReferencePipeline.java:502)
	< ... hidden frames ... >
	at java.base/java.util.stream.ReferencePipeline$7$1.accept(ReferencePipeline.java:271)
	at java.base/java.util.stream.SliceOps$1$1.accept(SliceOps.java:199)
	at java.base/java.util.stream.ReferencePipeline$2$1.accept(ReferencePipeline.java:177)
	at java.base/java.util.Collections$2.tryAdvance(Collections.java:4747)
	at java.base/java.util.stream.ReferencePipeline.forEachWithCancel(ReferencePipeline.java:127)
	at java.base/java.util.stream.AbstractPipeline.copyIntoWithCancel(AbstractPipeline.java:502)
	at java.base/java.util.stream.AbstractPipeline.copyInto(AbstractPipeline.java:488)
	at java.base/java.util.stream.AbstractPipeline.wrapAndCopyInto(AbstractPipeline.java:474)
	at java.base/java.util.stream.ReduceOps$ReduceOp.evaluateSequential(ReduceOps.java:913)
	at java.base/java.util.stream.AbstractPipeline.evaluate(AbstractPipeline.java:234)
	at java.base/java.util.stream.ReferencePipeline.collect(ReferencePipeline.java:578)
	< ... hidden frames ... >
	at java.base/java.util.stream.ReferencePipeline$7$1.accept(ReferencePipeline.java:271)
	at java.base/java.util.ArrayList$ArrayListSpliterator.forEachRemaining(ArrayList.java:1655)
	at java.base/java.util.stream.AbstractPipeline.copyInto(AbstractPipeline.java:484)
	at java.base/java.util.stream.AbstractPipeline.wrapAndCopyInto(AbstractPipeline.java:474)
	at java.base/java.util.stream.ReduceOps$ReduceOp.evaluateSequential(ReduceOps.java:913)
	at java.base/java.util.stream.AbstractPipeline.evaluate(AbstractPipeline.java:234)
	at java.base/java.util.stream.ReferencePipeline.collect(ReferencePipeline.java:578)
	< ... hidden frames ... >
13:14:36.432 [INFO]  [Creating]     [23/37] io.gitlab.arturbosch.detekt.rules.empty.EmptyInitBlock.visitClassInitializer
13:14:36.433 [INFO]  [Creating]     [23/37]   R011: Sandboxing policy violation
13:14:36.433 [INFO]  [Creating]     [23/37]     Diffblue Cover ran code in your project that tried
13:14:36.433 [INFO]  [Creating]     [23/37]       to access 'sun.misc'.
13:14:36.433 [INFO]  [Creating]     [23/37]     Diffblue Cover's default sandboxing policy disallows this in order to prevent
13:14:36.433 [INFO]  [Creating]     [23/37]     your code from damaging your system environment.
13:14:36.433 [INFO]  [Creating]     [23/37]     See https://diff.blue/R011 to resolve this issue.
13:14:36.434 [INFO]  [Creating] [11/17] io.gitlab.arturbosch.detekt.rules.empty.EmptyInitBlock
13:14:36.434 [INFO]  [Creating] [11/17]   Tests created: 0
13:14:36.434 [INFO]  [Creating] 
================================================================================
= Starting analysis for class 'io.gitlab.arturbosch.detekt.rules.empty.EmptyKtFile'
================================================================================
13:14:36.434 [INFO]  [Creating] Filtering out non-testable methods...
13:14:36.434 [INFO]  [Creating] Filtering of methods complete. Creating analysis request
13:14:36.434 [INFO]  [Creating] Attempting to get service client, retry 1.
13:14:36.453 [INFO]  [Creating] 
================================================================================
= Creating tests for 'io.gitlab.arturbosch.detekt.rules.empty.EmptyKtFile.<init>:(Lio/gitlab/arturbosch/detekt/api/Config;)V' using 'SiM (!sp, fnm, df, !ris)'
================================================================================
13:14:37.426 [INFO]  [Creating]     [24/37] io.gitlab.arturbosch.detekt.rules.empty.EmptyKtFile.<init>
13:14:37.426 [INFO]  [Creating]     [24/37]   R011: Sandboxing policy violation
13:14:37.426 [INFO]  [Creating]     [24/37]     Diffblue Cover ran code in your project that tried
13:14:37.426 [INFO]  [Creating]     [24/37]       to access 'sun.misc'.
13:14:37.426 [INFO]  [Creating]     [24/37]     Diffblue Cover's default sandboxing policy disallows this in order to prevent
13:14:37.426 [INFO]  [Creating]     [24/37]     your code from damaging your system environment.
13:14:37.426 [INFO]  [Creating]     [24/37]     See https://diff.blue/R011 to resolve this issue.
13:14:37.421 [INFO]  [Creating] Could not load class: Could not initialize class org.jetbrains.kotlin.com.intellij.psi.impl.source.PsiDiamondTypeElementImpl
13:14:37.421 [INFO]  [Creating] An exception occurred: java.lang.NoClassDefFoundError: Could not initialize class org.jetbrains.kotlin.com.intellij.psi.impl.source.PsiDiamondTypeElementImpl
	at jdk.internal.reflect.GeneratedConstructorAccessor31.newInstance(Unknown Source)
	at java.base/jdk.internal.reflect.DelegatingConstructorAccessorImpl.newInstance(DelegatingConstructorAccessorImpl.java:45)
	at java.base/java.lang.reflect.Constructor.newInstance(Constructor.java:490)
13:14:37.426 [INFO]  [Creating] 
================================================================================
= Creating tests for 'io.gitlab.arturbosch.detekt.rules.empty.EmptyKtFile.visitKtFile:(Lorg/jetbrains/kotlin/psi/KtFile;)V' using 'SiM (!sp, fnm, df, !ris)'
================================================================================
13:14:39.360 [INFO]  [Creating]     [25/37] io.gitlab.arturbosch.detekt.rules.empty.EmptyKtFile.visitKtFile
13:14:39.360 [INFO]  [Creating]     [25/37]   R013: No inputs found that don't throw a trivial exception
13:14:39.360 [INFO]  [Creating]     [25/37]     Diffblue Cover tried to run the arrange/act section, but the test threw
13:14:39.360 [INFO]  [Creating]     [25/37]     java.lang.NullPointerException: Parameter specified as non-null is null: method io.gitlab.arturbosch.detekt.rules.empty.EmptyClassBlock.<init>, parameter config
13:14:39.360 [INFO]  [Creating]     [25/37]         at io.gitlab.arturbosch.detekt.rules.empty.EmptyClassBlock.<init>(EmptyClassBlock.kt)
13:14:39.360 [INFO]  [Creating]     [25/37]     In order to prevent visitKtFile(KtFile)
13:14:39.360 [INFO]  [Creating]     [25/37]     from throwing NullPointerException, add constructors or factory
13:14:39.360 [INFO]  [Creating]     [25/37]     methods that make it easier to construct fully initialized objects used in
13:14:39.360 [INFO]  [Creating]     [25/37]     visitKtFile(KtFile).
13:14:39.360 [INFO]  [Creating]     [25/37]     See https://diff.blue/R013 to resolve this issue.
13:14:39.363 [INFO]  [Creating] [12/17] io.gitlab.arturbosch.detekt.rules.empty.EmptyKtFile
13:14:39.363 [INFO]  [Creating] [12/17]   Tests created: 0
13:14:39.363 [INFO]  [Creating] 
================================================================================
= Starting analysis for class 'io.gitlab.arturbosch.detekt.rules.empty.EmptyRule'
================================================================================
13:14:39.363 [INFO]  [Creating] Filtering out non-testable methods...
13:14:39.376 [INFO]  [Creating] Filtering of methods complete. Creating analysis request
13:14:39.376 [INFO]  [Creating] Attempting to get service client, retry 1.
13:14:39.424 [INFO]  [Creating] 
================================================================================
= Creating tests for 'io.gitlab.arturbosch.detekt.rules.empty.EmptyRule.addFindingIfBlockExprIsEmpty:(Lorg/jetbrains/kotlin/psi/KtExpression;)V' using 'SiM (!sp, fnm, df, !ris)'
================================================================================
13:14:41.782 [INFO]  [Creating] Could not load class: Could not initialize class org.jetbrains.kotlin.com.intellij.psi.impl.source.PsiDiamondTypeElementImpl
13:14:41.782 [INFO]  [Creating] An exception occurred: java.lang.NoClassDefFoundError: Could not initialize class org.jetbrains.kotlin.com.intellij.psi.impl.source.PsiDiamondTypeElementImpl
	at jdk.internal.reflect.GeneratedConstructorAccessor31.newInstance(Unknown Source)
	at java.base/jdk.internal.reflect.DelegatingConstructorAccessorImpl.newInstance(DelegatingConstructorAccessorImpl.java:45)
	at java.base/java.lang.reflect.Constructor.newInstance(Constructor.java:490)
13:14:41.787 [INFO]  [Creating]     [26/37] io.gitlab.arturbosch.detekt.rules.empty.EmptyRule.addFindingIfBlockExprIsEmpty
13:14:41.787 [INFO]  [Creating]     [26/37]   R011: Sandboxing policy violation
13:14:41.787 [INFO]  [Creating]     [26/37]     Diffblue Cover ran code in your project that tried
13:14:41.787 [INFO]  [Creating]     [26/37]       to access 'sun.misc'.
13:14:41.787 [INFO]  [Creating]     [26/37]     Diffblue Cover's default sandboxing policy disallows this in order to prevent
13:14:41.787 [INFO]  [Creating]     [26/37]     your code from damaging your system environment.
13:14:41.787 [INFO]  [Creating]     [26/37]     See https://diff.blue/R011 to resolve this issue.
13:14:41.789 [INFO]  [Creating] 
================================================================================
= Creating tests for 'io.gitlab.arturbosch.detekt.rules.empty.EmptyRule.addFindingIfBlockExprIsEmptyAndNotCommented:(Lorg/jetbrains/kotlin/psi/KtExpression;)V' using 'SiM (!sp, fnm, df, !ris)'
================================================================================
13:14:44.035 [INFO]  [Creating]     [27/37] io.gitlab.arturbosch.detekt.rules.empty.EmptyRule.addFindingIfBlockExprIsEmptyAndNotCommented
13:14:44.036 [INFO]  [Creating]     [27/37]   R011: Sandboxing policy violation
13:14:44.036 [INFO]  [Creating]     [27/37]     Diffblue Cover ran code in your project that tried
13:14:44.036 [INFO]  [Creating]     [27/37]       to access 'sun.misc'.
13:14:44.036 [INFO]  [Creating]     [27/37]     Diffblue Cover's default sandboxing policy disallows this in order to prevent
13:14:44.036 [INFO]  [Creating]     [27/37]     your code from damaging your system environment.
13:14:44.036 [INFO]  [Creating]     [27/37]     See https://diff.blue/R011 to resolve this issue.
13:14:44.031 [INFO]  [Creating] Could not load class: Could not initialize class org.jetbrains.kotlin.com.intellij.psi.impl.source.PsiDiamondTypeElementImpl
13:14:44.032 [INFO]  [Creating] An exception occurred: java.lang.NoClassDefFoundError: Could not initialize class org.jetbrains.kotlin.com.intellij.psi.impl.source.PsiDiamondTypeElementImpl
	at jdk.internal.reflect.GeneratedConstructorAccessor31.newInstance(Unknown Source)
	at java.base/jdk.internal.reflect.DelegatingConstructorAccessorImpl.newInstance(DelegatingConstructorAccessorImpl.java:45)
	at java.base/java.lang.reflect.Constructor.newInstance(Constructor.java:490)
13:14:44.037 [INFO]  [Creating] 
================================================================================
= Creating tests for 'io.gitlab.arturbosch.detekt.rules.empty.EmptyRule.checkThenBodyForLoneSemicolon:(Lorg/jetbrains/kotlin/psi/KtIfExpression;Lkotlin/jvm/functions/Function1;)V' using 'SiM (!sp, fnm, df, !ris)'
================================================================================
13:14:53.782 [INFO]  [Creating]     [28/37] io.gitlab.arturbosch.detekt.rules.empty.EmptyRule.checkThenBodyForLoneSemicolon
13:14:53.783 [INFO]  [Creating]     [28/37]   R013: No inputs found that don't throw a trivial exception
13:14:53.783 [INFO]  [Creating]     [28/37]     Diffblue Cover tried to run the arrange/act section, but the test threw
13:14:53.783 [INFO]  [Creating]     [28/37]     java.lang.NullPointerException: Parameter specified as non-null is null: method io.gitlab.arturbosch.detekt.rules.empty.EmptyClassBlock.<init>, parameter config
13:14:53.783 [INFO]  [Creating]     [28/37]         at io.gitlab.arturbosch.detekt.rules.empty.EmptyClassBlock.<init>(EmptyClassBlock.kt)
13:14:53.783 [INFO]  [Creating]     [28/37]     In order to prevent checkThenBodyForLoneSemicolon(KtIfExpression, Function1)
13:14:53.783 [INFO]  [Creating]     [28/37]     from throwing NullPointerException, add constructors or factory
13:14:53.783 [INFO]  [Creating]     [28/37]     methods that make it easier to construct fully initialized objects used in
13:14:53.783 [INFO]  [Creating]     [28/37]     checkThenBodyForLoneSemicolon(KtIfExpression, Function1).
13:14:53.783 [INFO]  [Creating]     [28/37]     See https://diff.blue/R013 to resolve this issue.
13:14:53.785 [INFO]  [Creating] 
================================================================================
= Creating tests for 'io.gitlab.arturbosch.detekt.rules.empty.EmptyRule.getIssue:()Lio/gitlab/arturbosch/detekt/api/Issue;' using 'SiM (!sp, fnm, df, !ris)'
================================================================================
13:14:54.509 [INFO]  [Creating] Could not load class: Could not initialize class org.jetbrains.kotlin.com.intellij.psi.impl.source.PsiDiamondTypeElementImpl
13:14:54.509 [INFO]  [Creating] An exception occurred: java.lang.NoClassDefFoundError: Could not initialize class org.jetbrains.kotlin.com.intellij.psi.impl.source.PsiDiamondTypeElementImpl
	at jdk.internal.reflect.GeneratedConstructorAccessor31.newInstance(Unknown Source)
	at java.base/jdk.internal.reflect.DelegatingConstructorAccessorImpl.newInstance(DelegatingConstructorAccessorImpl.java:45)
	at java.base/java.lang.reflect.Constructor.newInstance(Constructor.java:490)
13:14:54.515 [INFO]  [Creating]     [29/37] io.gitlab.arturbosch.detekt.rules.empty.EmptyRule.getIssue
13:14:54.515 [INFO]  [Creating]     [29/37]   R011: Sandboxing policy violation
13:14:54.515 [INFO]  [Creating]     [29/37]     Diffblue Cover ran code in your project that tried
13:14:54.515 [INFO]  [Creating]     [29/37]       to access 'sun.misc'.
13:14:54.515 [INFO]  [Creating]     [29/37]     Diffblue Cover's default sandboxing policy disallows this in order to prevent
13:14:54.515 [INFO]  [Creating]     [29/37]     your code from damaging your system environment.
13:14:54.515 [INFO]  [Creating]     [29/37]     See https://diff.blue/R011 to resolve this issue.
13:14:54.517 [INFO]  [Creating] [13/17] io.gitlab.arturbosch.detekt.rules.empty.EmptyRule
13:14:54.517 [INFO]  [Creating] [13/17]   Tests created: 0
13:14:54.517 [INFO]  [Creating] 
================================================================================
= Starting analysis for class 'io.gitlab.arturbosch.detekt.rules.empty.EmptySecondaryConstructor'
================================================================================
13:14:54.517 [INFO]  [Creating] Filtering out non-testable methods...
13:14:54.517 [INFO]  [Creating] Filtering of methods complete. Creating analysis request
13:14:54.517 [INFO]  [Creating] Attempting to get service client, retry 1.
13:14:54.535 [INFO]  [Creating] 
================================================================================
= Creating tests for 'io.gitlab.arturbosch.detekt.rules.empty.EmptySecondaryConstructor.<init>:(Lio/gitlab/arturbosch/detekt/api/Config;)V' using 'SiM (!sp, fnm, df, !ris)'
================================================================================
13:14:55.502 [INFO]  [Creating] Could not load class: Could not initialize class org.jetbrains.kotlin.com.intellij.psi.impl.source.PsiDiamondTypeElementImpl
13:14:55.502 [INFO]  [Creating] An exception occurred: java.lang.NoClassDefFoundError: Could not initialize class org.jetbrains.kotlin.com.intellij.psi.impl.source.PsiDiamondTypeElementImpl
	at jdk.internal.reflect.GeneratedConstructorAccessor31.newInstance(Unknown Source)
	at java.base/jdk.internal.reflect.DelegatingConstructorAccessorImpl.newInstance(DelegatingConstructorAccessorImpl.java:45)
	at java.base/java.lang.reflect.Constructor.newInstance(Constructor.java:490)
13:14:55.506 [INFO]  [Creating]     [30/37] io.gitlab.arturbosch.detekt.rules.empty.EmptySecondaryConstructor.<init>
13:14:55.506 [INFO]  [Creating]     [30/37]   R011: Sandboxing policy violation
13:14:55.506 [INFO]  [Creating]     [30/37]     Diffblue Cover ran code in your project that tried
13:14:55.506 [INFO]  [Creating]     [30/37]       to access 'sun.misc'.
13:14:55.506 [INFO]  [Creating]     [30/37]     Diffblue Cover's default sandboxing policy disallows this in order to prevent
13:14:55.506 [INFO]  [Creating]     [30/37]     your code from damaging your system environment.
13:14:55.506 [INFO]  [Creating]     [30/37]     See https://diff.blue/R011 to resolve this issue.
13:14:55.506 [INFO]  [Creating] 
================================================================================
= Creating tests for 'io.gitlab.arturbosch.detekt.rules.empty.EmptySecondaryConstructor.visitSecondaryConstructor:(Lorg/jetbrains/kotlin/psi/KtSecondaryConstructor;)V' using 'SiM (!sp, fnm, df, !ris)'
================================================================================
13:14:56.718 [INFO]  [Creating] Could not load class: Could not initialize class org.jetbrains.kotlin.com.intellij.pom.java.LanguageLevel
13:14:56.718 [INFO]  [Creating] An exception occurred: java.lang.NoClassDefFoundError: Could not initialize class org.jetbrains.kotlin.com.intellij.pom.java.LanguageLevel
	< ... hidden frames ... >
	at java.base/java.lang.Class.getEnumConstantsShared(Class.java:3553)
	at java.base/java.lang.Class.getEnumConstants(Class.java:3529)
	< ... hidden frames ... >
	at java.base/java.util.stream.ReferencePipeline$3$1.accept(ReferencePipeline.java:195)
	at java.base/java.util.ArrayList$ArrayListSpliterator.forEachRemaining(ArrayList.java:1655)
	at java.base/java.util.stream.AbstractPipeline.copyInto(AbstractPipeline.java:484)
	at java.base/java.util.stream.AbstractPipeline.wrapAndCopyInto(AbstractPipeline.java:474)
	at java.base/java.util.stream.ForEachOps$ForEachOp.evaluateSequential(ForEachOps.java:150)
	at java.base/java.util.stream.ForEachOps$ForEachOp$OfRef.evaluateSequential(ForEachOps.java:173)
	at java.base/java.util.stream.AbstractPipeline.evaluate(AbstractPipeline.java:234)
	at java.base/java.util.stream.ReferencePipeline.forEachOrdered(ReferencePipeline.java:502)
	< ... hidden frames ... >
	at java.base/java.util.stream.ReferencePipeline$7$1.accept(ReferencePipeline.java:271)
	at java.base/java.util.stream.SliceOps$1$1.accept(SliceOps.java:199)
	at java.base/java.util.stream.ReferencePipeline$2$1.accept(ReferencePipeline.java:177)
	at java.base/java.util.ArrayList$ArrayListSpliterator.tryAdvance(ArrayList.java:1632)
	at java.base/java.util.stream.ReferencePipeline.forEachWithCancel(ReferencePipeline.java:127)
	at java.base/java.util.stream.AbstractPipeline.copyIntoWithCancel(AbstractPipeline.java:502)
	at java.base/java.util.stream.AbstractPipeline.copyInto(AbstractPipeline.java:488)
	at java.base/java.util.stream.AbstractPipeline.wrapAndCopyInto(AbstractPipeline.java:474)
	at java.base/java.util.stream.ReduceOps$ReduceOp.evaluateSequential(ReduceOps.java:913)
	at java.base/java.util.stream.AbstractPipeline.evaluate(AbstractPipeline.java:234)
	at java.base/java.util.stream.ReferencePipeline.collect(ReferencePipeline.java:578)
	< ... hidden frames ... >
	at java.base/java.util.stream.ReferencePipeline$3$1.accept(ReferencePipeline.java:195)
	at java.base/java.util.ArrayList$ArrayListSpliterator.forEachRemaining(ArrayList.java:1655)
	at java.base/java.util.stream.AbstractPipeline.copyInto(AbstractPipeline.java:484)
	at java.base/java.util.stream.AbstractPipeline.wrapAndCopyInto(AbstractPipeline.java:474)
	at java.base/java.util.stream.ForEachOps$ForEachOp.evaluateSequential(ForEachOps.java:150)
	at java.base/java.util.stream.ForEachOps$ForEachOp$OfRef.evaluateSequential(ForEachOps.java:173)
	at java.base/java.util.stream.AbstractPipeline.evaluate(AbstractPipeline.java:234)
	at java.base/java.util.stream.ReferencePipeline.forEachOrdered(ReferencePipeline.java:502)
	< ... hidden frames ... >
	at java.base/java.util.stream.ReferencePipeline$7$1.accept(ReferencePipeline.java:271)
	at java.base/java.util.stream.SliceOps$1$1.accept(SliceOps.java:199)
	at java.base/java.util.stream.ReferencePipeline$2$1.accept(ReferencePipeline.java:177)
	at java.base/java.util.ArrayList$ArrayListSpliterator.tryAdvance(ArrayList.java:1632)
	at java.base/java.util.stream.ReferencePipeline.forEachWithCancel(ReferencePipeline.java:127)
	at java.base/java.util.stream.AbstractPipeline.copyIntoWithCancel(AbstractPipeline.java:502)
	at java.base/java.util.stream.AbstractPipeline.copyInto(AbstractPipeline.java:488)
	at java.base/java.util.stream.AbstractPipeline.wrapAndCopyInto(AbstractPipeline.java:474)
	at java.base/java.util.stream.ReduceOps$ReduceOp.evaluateSequential(ReduceOps.java:913)
	at java.base/java.util.stream.AbstractPipeline.evaluate(AbstractPipeline.java:234)
	at java.base/java.util.stream.ReferencePipeline.collect(ReferencePipeline.java:578)
	< ... hidden frames ... >
	at java.base/java.util.stream.ReferencePipeline$7$1.accept(ReferencePipeline.java:271)
	at java.base/java.util.ArrayList$ArrayListSpliterator.forEachRemaining(ArrayList.java:1655)
	at java.base/java.util.stream.AbstractPipeline.copyInto(AbstractPipeline.java:484)
	at java.base/java.util.stream.AbstractPipeline.wrapAndCopyInto(AbstractPipeline.java:474)
	at java.base/java.util.stream.ReduceOps$ReduceOp.evaluateSequential(ReduceOps.java:913)
	at java.base/java.util.stream.AbstractPipeline.evaluate(AbstractPipeline.java:234)
	at java.base/java.util.stream.ReferencePipeline.collect(ReferencePipeline.java:578)
	< ... hidden frames ... >
13:14:56.722 [INFO]  [Creating]     [31/37] io.gitlab.arturbosch.detekt.rules.empty.EmptySecondaryConstructor.visitSecondaryConstructor
13:14:56.722 [INFO]  [Creating]     [31/37]   R011: Sandboxing policy violation
13:14:56.722 [INFO]  [Creating]     [31/37]     Diffblue Cover ran code in your project that tried
13:14:56.722 [INFO]  [Creating]     [31/37]       to access 'sun.misc'.
13:14:56.722 [INFO]  [Creating]     [31/37]     Diffblue Cover's default sandboxing policy disallows this in order to prevent
13:14:56.722 [INFO]  [Creating]     [31/37]     your code from damaging your system environment.
13:14:56.722 [INFO]  [Creating]     [31/37]     See https://diff.blue/R011 to resolve this issue.
13:14:56.724 [INFO]  [Creating] [14/17] io.gitlab.arturbosch.detekt.rules.empty.EmptySecondaryConstructor
13:14:56.724 [INFO]  [Creating] [14/17]   Tests created: 0
13:14:56.724 [INFO]  [Creating] 
================================================================================
= Starting analysis for class 'io.gitlab.arturbosch.detekt.rules.empty.EmptyTryBlock'
================================================================================
13:14:56.724 [INFO]  [Creating] Filtering out non-testable methods...
13:14:56.724 [INFO]  [Creating] Filtering of methods complete. Creating analysis request
13:14:56.724 [INFO]  [Creating] Attempting to get service client, retry 1.
13:14:56.741 [INFO]  [Creating] 
================================================================================
= Creating tests for 'io.gitlab.arturbosch.detekt.rules.empty.EmptyTryBlock.<init>:(Lio/gitlab/arturbosch/detekt/api/Config;)V' using 'SiM (!sp, fnm, df, !ris)'
================================================================================
13:14:57.714 [INFO]  [Creating] Could not load class: Could not initialize class org.jetbrains.kotlin.com.intellij.psi.impl.source.PsiDiamondTypeElementImpl
13:14:57.714 [INFO]  [Creating] An exception occurred: java.lang.NoClassDefFoundError: Could not initialize class org.jetbrains.kotlin.com.intellij.psi.impl.source.PsiDiamondTypeElementImpl
	at jdk.internal.reflect.GeneratedConstructorAccessor31.newInstance(Unknown Source)
	at java.base/jdk.internal.reflect.DelegatingConstructorAccessorImpl.newInstance(DelegatingConstructorAccessorImpl.java:45)
	at java.base/java.lang.reflect.Constructor.newInstance(Constructor.java:490)
13:14:57.718 [INFO]  [Creating]     [32/37] io.gitlab.arturbosch.detekt.rules.empty.EmptyTryBlock.<init>
13:14:57.718 [INFO]  [Creating]     [32/37]   R011: Sandboxing policy violation
13:14:57.718 [INFO]  [Creating]     [32/37]     Diffblue Cover ran code in your project that tried
13:14:57.718 [INFO]  [Creating]     [32/37]       to access 'sun.misc'.
13:14:57.718 [INFO]  [Creating]     [32/37]     Diffblue Cover's default sandboxing policy disallows this in order to prevent
13:14:57.719 [INFO]  [Creating]     [32/37]     your code from damaging your system environment.
13:14:57.719 [INFO]  [Creating]     [32/37]     See https://diff.blue/R011 to resolve this issue.
13:14:57.719 [INFO]  [Creating] 
================================================================================
= Creating tests for 'io.gitlab.arturbosch.detekt.rules.empty.EmptyTryBlock.visitTryExpression:(Lorg/jetbrains/kotlin/psi/KtTryExpression;)V' using 'SiM (!sp, fnm, df, !ris)'
================================================================================
13:15:00.052 [INFO]  [Creating]     [33/37] io.gitlab.arturbosch.detekt.rules.empty.EmptyTryBlock.visitTryExpression
13:15:00.053 [INFO]  [Creating]     [33/37]   R011: Sandboxing policy violation
13:15:00.053 [INFO]  [Creating]     [33/37]     Diffblue Cover ran code in your project that tried
13:15:00.053 [INFO]  [Creating]     [33/37]       to access 'sun.misc'.
13:15:00.053 [INFO]  [Creating]     [33/37]     Diffblue Cover's default sandboxing policy disallows this in order to prevent
13:15:00.053 [INFO]  [Creating]     [33/37]     your code from damaging your system environment.
13:15:00.053 [INFO]  [Creating]     [33/37]     See https://diff.blue/R011 to resolve this issue.
13:15:00.055 [INFO]  [Creating] [15/17] io.gitlab.arturbosch.detekt.rules.empty.EmptyTryBlock
13:15:00.055 [INFO]  [Creating] [15/17]   Tests created: 0
13:15:00.055 [INFO]  [Creating] 
================================================================================
= Starting analysis for class 'io.gitlab.arturbosch.detekt.rules.empty.EmptyWhenBlock'
================================================================================
13:15:00.055 [INFO]  [Creating] Filtering out non-testable methods...
13:15:00.055 [INFO]  [Creating] Filtering of methods complete. Creating analysis request
13:15:00.055 [INFO]  [Creating] Attempting to get service client, retry 1.
13:15:00.048 [INFO]  [Creating] Could not load class: Could not initialize class org.jetbrains.kotlin.com.intellij.psi.impl.source.PsiDiamondTypeElementImpl
13:15:00.048 [INFO]  [Creating] An exception occurred: java.lang.NoClassDefFoundError: Could not initialize class org.jetbrains.kotlin.com.intellij.psi.impl.source.PsiDiamondTypeElementImpl
	at jdk.internal.reflect.GeneratedConstructorAccessor31.newInstance(Unknown Source)
	at java.base/jdk.internal.reflect.DelegatingConstructorAccessorImpl.newInstance(DelegatingConstructorAccessorImpl.java:45)
	at java.base/java.lang.reflect.Constructor.newInstance(Constructor.java:490)
13:15:00.076 [INFO]  [Creating] 
================================================================================
= Creating tests for 'io.gitlab.arturbosch.detekt.rules.empty.EmptyWhenBlock.<init>:(Lio/gitlab/arturbosch/detekt/api/Config;)V' using 'SiM (!sp, fnm, df, !ris)'
================================================================================
13:15:00.994 [INFO]  [Creating] Could not load class: Could not initialize class org.jetbrains.kotlin.com.intellij.psi.impl.source.PsiDiamondTypeElementImpl
13:15:00.994 [INFO]  [Creating] An exception occurred: java.lang.NoClassDefFoundError: Could not initialize class org.jetbrains.kotlin.com.intellij.psi.impl.source.PsiDiamondTypeElementImpl
	at jdk.internal.reflect.GeneratedConstructorAccessor31.newInstance(Unknown Source)
	at java.base/jdk.internal.reflect.DelegatingConstructorAccessorImpl.newInstance(DelegatingConstructorAccessorImpl.java:45)
	at java.base/java.lang.reflect.Constructor.newInstance(Constructor.java:490)
13:15:00.998 [INFO]  [Creating]     [34/37] io.gitlab.arturbosch.detekt.rules.empty.EmptyWhenBlock.<init>
13:15:00.998 [INFO]  [Creating]     [34/37]   R011: Sandboxing policy violation
13:15:00.998 [INFO]  [Creating]     [34/37]     Diffblue Cover ran code in your project that tried
13:15:00.998 [INFO]  [Creating]     [34/37]       to access 'sun.misc'.
13:15:00.998 [INFO]  [Creating]     [34/37]     Diffblue Cover's default sandboxing policy disallows this in order to prevent
13:15:00.998 [INFO]  [Creating]     [34/37]     your code from damaging your system environment.
13:15:00.998 [INFO]  [Creating]     [34/37]     See https://diff.blue/R011 to resolve this issue.
13:15:00.999 [INFO]  [Creating] 
================================================================================
= Creating tests for 'io.gitlab.arturbosch.detekt.rules.empty.EmptyWhenBlock.visitWhenExpression:(Lorg/jetbrains/kotlin/psi/KtWhenExpression;)V' using 'SiM (!sp, fnm, df, !ris)'
================================================================================
13:15:03.274 [INFO]  [Creating]     [35/37] io.gitlab.arturbosch.detekt.rules.empty.EmptyWhenBlock.visitWhenExpression
13:15:03.274 [INFO]  [Creating]     [35/37]   R011: Sandboxing policy violation
13:15:03.274 [INFO]  [Creating]     [35/37]     Diffblue Cover ran code in your project that tried
13:15:03.274 [INFO]  [Creating]     [35/37]       to access 'sun.misc'.
13:15:03.274 [INFO]  [Creating]     [35/37]     Diffblue Cover's default sandboxing policy disallows this in order to prevent
13:15:03.274 [INFO]  [Creating]     [35/37]     your code from damaging your system environment.
13:15:03.274 [INFO]  [Creating]     [35/37]     See https://diff.blue/R011 to resolve this issue.
13:15:03.276 [INFO]  [Creating] [16/17] io.gitlab.arturbosch.detekt.rules.empty.EmptyWhenBlock
13:15:03.276 [INFO]  [Creating] [16/17]   Tests created: 0
13:15:03.276 [INFO]  [Creating] 
================================================================================
= Starting analysis for class 'io.gitlab.arturbosch.detekt.rules.empty.EmptyWhileBlock'
================================================================================
13:15:03.276 [INFO]  [Creating] Filtering out non-testable methods...
13:15:03.276 [INFO]  [Creating] Filtering of methods complete. Creating analysis request
13:15:03.276 [INFO]  [Creating] Attempting to get service client, retry 1.
13:15:03.271 [INFO]  [Creating] Could not load class: Could not initialize class org.jetbrains.kotlin.com.intellij.psi.impl.source.PsiDiamondTypeElementImpl
13:15:03.271 [INFO]  [Creating] An exception occurred: java.lang.NoClassDefFoundError: Could not initialize class org.jetbrains.kotlin.com.intellij.psi.impl.source.PsiDiamondTypeElementImpl
	at jdk.internal.reflect.GeneratedConstructorAccessor31.newInstance(Unknown Source)
	at java.base/jdk.internal.reflect.DelegatingConstructorAccessorImpl.newInstance(DelegatingConstructorAccessorImpl.java:45)
	at java.base/java.lang.reflect.Constructor.newInstance(Constructor.java:490)
13:15:03.293 [INFO]  [Creating] 
================================================================================
= Creating tests for 'io.gitlab.arturbosch.detekt.rules.empty.EmptyWhileBlock.<init>:(Lio/gitlab/arturbosch/detekt/api/Config;)V' using 'SiM (!sp, fnm, df, !ris)'
================================================================================
13:15:04.228 [INFO]  [Creating]     [36/37] io.gitlab.arturbosch.detekt.rules.empty.EmptyWhileBlock.<init>
13:15:04.228 [INFO]  [Creating]     [36/37]   R011: Sandboxing policy violation
13:15:04.228 [INFO]  [Creating]     [36/37]     Diffblue Cover ran code in your project that tried
13:15:04.228 [INFO]  [Creating]     [36/37]       to access 'sun.misc'.
13:15:04.228 [INFO]  [Creating]     [36/37]     Diffblue Cover's default sandboxing policy disallows this in order to prevent
13:15:04.228 [INFO]  [Creating]     [36/37]     your code from damaging your system environment.
13:15:04.228 [INFO]  [Creating]     [36/37]     See https://diff.blue/R011 to resolve this issue.
13:15:04.224 [INFO]  [Creating] Could not load class: Could not initialize class org.jetbrains.kotlin.com.intellij.psi.impl.source.PsiDiamondTypeElementImpl
13:15:04.224 [INFO]  [Creating] An exception occurred: java.lang.NoClassDefFoundError: Could not initialize class org.jetbrains.kotlin.com.intellij.psi.impl.source.PsiDiamondTypeElementImpl
	at jdk.internal.reflect.GeneratedConstructorAccessor31.newInstance(Unknown Source)
	at java.base/jdk.internal.reflect.DelegatingConstructorAccessorImpl.newInstance(DelegatingConstructorAccessorImpl.java:45)
	at java.base/java.lang.reflect.Constructor.newInstance(Constructor.java:490)
13:15:04.229 [INFO]  [Creating] 
================================================================================
= Creating tests for 'io.gitlab.arturbosch.detekt.rules.empty.EmptyWhileBlock.visitWhileExpression:(Lorg/jetbrains/kotlin/psi/KtWhileExpression;)V' using 'SiM (!sp, fnm, df, !ris)'
================================================================================
13:15:06.498 [INFO]  [Creating]     [37/37] io.gitlab.arturbosch.detekt.rules.empty.EmptyWhileBlock.visitWhileExpression
13:15:06.498 [INFO]  [Creating]     [37/37]   R011: Sandboxing policy violation
13:15:06.498 [INFO]  [Creating]     [37/37]     Diffblue Cover ran code in your project that tried
13:15:06.498 [INFO]  [Creating]     [37/37]       to access 'sun.misc'.
13:15:06.498 [INFO]  [Creating]     [37/37]     Diffblue Cover's default sandboxing policy disallows this in order to prevent
13:15:06.498 [INFO]  [Creating]     [37/37]     your code from damaging your system environment.
13:15:06.498 [INFO]  [Creating]     [37/37]     See https://diff.blue/R011 to resolve this issue.
13:15:06.499 [INFO]  [Creating] [17/17] io.gitlab.arturbosch.detekt.rules.empty.EmptyWhileBlock
13:15:06.499 [INFO]  [Creating] [17/17]   Tests created: 0
13:15:06.494 [INFO]  [Creating] Could not load class: Could not initialize class org.jetbrains.kotlin.com.intellij.psi.impl.source.PsiDiamondTypeElementImpl
13:15:06.494 [INFO]  [Creating] An exception occurred: java.lang.NoClassDefFoundError: Could not initialize class org.jetbrains.kotlin.com.intellij.psi.impl.source.PsiDiamondTypeElementImpl
	at jdk.internal.reflect.GeneratedConstructorAccessor31.newInstance(Unknown Source)
	at java.base/jdk.internal.reflect.DelegatingConstructorAccessorImpl.newInstance(DelegatingConstructorAccessorImpl.java:45)
	at java.base/java.lang.reflect.Constructor.newInstance(Constructor.java:490)
13:15:06.503 [INFO]  [Reporting] 
13:15:06.504 [INFO]  [Reporting] Summary:
13:15:06.504 [INFO]  [Reporting] --------
13:15:06.504 [INFO]  [Reporting] Total:                                              37 methods
13:15:06.504 [INFO]  [Reporting] 1 test created for:                                  2 methods
13:15:06.504 [INFO]  [Reporting] 
13:15:06.504 [INFO]  [Reporting] No tests created for:                               35 methods
13:15:06.504 [INFO]  [Reporting]    32 R011: Sandboxing policy violation
13:15:06.504 [INFO]  [Reporting]     2 R013: No inputs found that don't throw a trivial exception
13:15:06.581 [INFO]  [Validating] 
13:15:06.581 [INFO]  [Validating] Running validation command.
13:15:06.583 [INFO]  [Validating] Running: Using JAVA_HOME: /Users/mnedzelskii/.sdkman/candidates/java/current : in /Users/mnedzelskii/gits/detekt/detekt-rules-empty : gradle test -i  
13:15:07.059 [INFO]  [Validating] Standard output of build tool (Gradle)
13:15:07.059 [INFO]  [Validating] > The client will now receive all logging from the daemon (pid: 15147). The daemon log file: /Users/mnedzelskii/.gradle/daemon/8.2/daemon-15147.out.log
13:15:07.059 [INFO]  [Validating] > Starting 114th build in daemon [uptime: 3 hrs 10 mins 31.005 secs, performance: 100%, GC rate: 0.00/s, heap usage: 0% of 8 GiB]
13:15:07.059 [INFO]  [Validating] > Closing daemon's stdin at end of input.
13:15:07.059 [INFO]  [Validating] > The daemon will no longer process any standard input.
13:15:07.059 [INFO]  [Validating] > Using 10 worker leases.
13:15:07.059 [INFO]  [Validating] > Now considering [/Users/mnedzelskii/gits/detekt, /Users/mnedzelskii/gits/detekt/detekt-gradle-plugin, /Users/mnedzelskii/gits/detekt/build-logic] as hierarchies to watch
13:15:07.059 [INFO]  [Validating] > Now considering [/Users/mnedzelskii/gits/detekt/build-logic, /Users/mnedzelskii/gits/detekt, /Users/mnedzelskii/gits/detekt/detekt-gradle-plugin] as hierarchies to watch
13:15:07.059 [INFO]  [Validating] > Now considering [/Users/mnedzelskii/gits/detekt/detekt-gradle-plugin, /Users/mnedzelskii/gits/detekt/build-logic, /Users/mnedzelskii/gits/detekt] as hierarchies to watch
13:15:07.059 [INFO]  [Validating] > Reusing configuration cache.
13:15:07.059 [INFO]  [Validating] > Now considering [/Users/mnedzelskii/gits/detekt, /Users/mnedzelskii/gits/detekt/detekt-gradle-plugin, /Users/mnedzelskii/gits/detekt/build-logic] as hierarchies to watch
13:15:07.059 [INFO]  [Validating] > Watching the file system is configured to be enabled if available
13:15:07.059 [INFO]  [Validating] > File system watching is active
13:15:07.059 [INFO]  [Validating] > Using local directory build cache for the root build (location = /Users/mnedzelskii/.gradle/caches/build-cache-1, removeUnusedEntriesAfter = 7 days).
13:15:07.059 [INFO]  [Validating] > Using remote HTTP build cache for the root build (pull-only, allowInsecureProtocol = false, allowUntrustedServer = false, authenticated = false, url = https://ge.detekt.dev/cache/, useExpectContinue = false).
13:15:07.059 [INFO]  [Validating] > Tasks to be executed: [task ':detekt-psi-utils:compileKotlin', task ':detekt-psi-utils:compileJava', task ':detekt-utils:compileKotlin', task ':detekt-utils:compileJava', task ':detekt-api:compileKotlin', task ':detekt-api:compileJava', task ':detekt-api:processResources', task ':detekt-api:classes', task ':detekt-api:jar', task ':detekt-metrics:compileKotlin', task ':detekt-metrics:compileJava', task ':detekt-parser:compileKotlin', task ':detekt-parser:compileJava', task ':detekt-report-html:compileKotlin', task ':detekt-report-html:compileJava', task ':detekt-report-md:compileKotlin', task ':detekt-report-md:compileJava', task ':detekt-tooling:compileKotlin', task ':detekt-tooling:compileJava', task ':detekt-report-sarif:compileKotlin', task ':detekt-report-sarif:compileJava', task ':detekt-report-txt:compileKotlin', task ':detekt-report-txt:compileJava', task ':detekt-report-xml:compileKotlin', task ':detekt-report-xml:compileJava', task ':detekt-core:compileKotlin', task ':detekt-core:compileJava', task ':detekt-core:processResources', task ':detekt-core:classes', task ':detekt-core:jar', task ':detekt-metrics:processResources', task ':detekt-metrics:classes', task ':detekt-metrics:jar', task ':detekt-parser:processResources', task ':detekt-parser:classes', task ':detekt-parser:jar', task ':detekt-psi-utils:processResources', task ':detekt-psi-utils:classes', task ':detekt-psi-utils:jar', task ':detekt-report-html:processResources', task ':detekt-report-html:classes', task ':detekt-report-html:jar', task ':detekt-report-md:processResources', task ':detekt-report-md:classes', task ':detekt-report-md:jar', task ':detekt-report-sarif:processResources', task ':detekt-report-sarif:classes', task ':detekt-report-sarif:jar', task ':detekt-report-txt:processResources', task ':detekt-report-txt:classes', task ':detekt-report-txt:jar', task ':detekt-report-xml:processResources', task ':detekt-report-xml:classes', task ':detekt-report-xml:jar', task ':detekt-rules-empty:compileKotlin', task ':detekt-rules-empty:compileJava', task ':detekt-rules-empty:processResources', task ':detekt-rules-empty:classes', task ':detekt-test-utils:compileKotlin', task ':detekt-test-utils:compileJava', task ':detekt-test:compileKotlin', task ':detekt-test:compileJava', task ':detekt-rules-empty:compileTestKotlin', task ':detekt-rules-empty:compileTestJava', task ':detekt-rules-empty:processTestResources', task ':detekt-rules-empty:testClasses', task ':detekt-test:processResources', task ':detekt-test:classes', task ':detekt-test:jar', task ':detekt-test-utils:processResources', task ':detekt-test-utils:classes', task ':detekt-test-utils:jar', task ':detekt-tooling:processResources', task ':detekt-tooling:classes', task ':detekt-tooling:jar', task ':detekt-utils:processResources', task ':detekt-utils:classes', task ':detekt-utils:jar', task ':detekt-rules-empty:test']
13:15:07.059 [INFO]  [Validating] > Tasks that were excluded: []
13:15:07.059 [INFO]  [Validating] > Resolve mutations for :detekt-psi-utils:compileKotlin (Thread[Execution worker,5,main]) started.
13:15:07.059 [INFO]  [Validating] > Resolve mutations for :detekt-utils:compileKotlin (Thread[Execution worker Thread 2,5,main]) started.
13:15:07.059 [INFO]  [Validating] > Resolve mutations for :detekt-api:processResources (Thread[Execution worker Thread 3,5,main]) started.
13:15:07.059 [INFO]  [Validating] > Resolve mutations for :detekt-core:processResources (Thread[Execution worker Thread 4,5,main]) started.
13:15:07.059 [INFO]  [Validating] > :detekt-api:processResources (Thread[Execution worker Thread 3,5,main]) started.
13:15:07.059 [INFO]  [Validating] > :detekt-utils:compileKotlin (Thread[Execution worker Thread 2,5,main]) started.
13:15:07.059 [INFO]  [Validating] > :detekt-psi-utils:compileKotlin (Thread[Execution worker,5,main]) started.
13:15:07.059 [INFO]  [Validating] > Resolve mutations for :detekt-metrics:processResources (Thread[Execution worker Thread 5,5,main]) started.
13:15:07.059 [INFO]  [Validating] > :detekt-core:processResources (Thread[Execution worker Thread 4,5,main]) started.
13:15:07.059 [INFO]  [Validating] > Resolve mutations for :detekt-parser:processResources (Thread[Execution worker Thread 6,5,main]) started.
13:15:07.059 [INFO]  [Validating] > :detekt-metrics:processResources (Thread[Execution worker Thread 5,5,main]) started.
13:15:07.059 [INFO]  [Validating] > Resolve mutations for :detekt-psi-utils:processResources (Thread[Execution worker Thread 7,5,main]) started.
13:15:07.059 [INFO]  [Validating] > :detekt-parser:processResources (Thread[Execution worker Thread 6,5,main]) started.
13:15:07.059 [INFO]  [Validating] > :detekt-psi-utils:processResources (Thread[Execution worker Thread 7,5,main]) started.
13:15:07.059 [INFO]  [Validating] > Resolve mutations for :detekt-report-html:processResources (Thread[Execution worker Thread 8,5,main]) started.
13:15:07.059 [INFO]  [Validating] > Resolve mutations for :detekt-report-sarif:processResources (Thread[Execution worker Thread 9,5,main]) started.
13:15:07.059 [INFO]  [Validating] > Resolve mutations for :detekt-report-md:processResources (Thread[included builds,5,main]) started.
13:15:07.059 [INFO]  [Validating] > :detekt-report-html:processResources (Thread[Execution worker Thread 8,5,main]) started.
13:15:07.059 [INFO]  [Validating] > :detekt-report-sarif:processResources (Thread[Execution worker Thread 9,5,main]) started.
13:15:07.059 [INFO]  [Validating] > :detekt-report-md:processResources (Thread[included builds,5,main]) started.
13:15:07.059 [INFO]  [Validating] > 
13:15:07.059 [INFO]  [Validating] > > Task :detekt-psi-utils:processResources NO-SOURCE
13:15:07.059 [INFO]  [Validating] > Skipping task ':detekt-psi-utils:processResources' as it has no source files and no previous output files.
13:15:07.059 [INFO]  [Validating] > Resolve mutations for :detekt-report-txt:processResources (Thread[Execution worker Thread 7,5,main]) started.
13:15:07.059 [INFO]  [Validating] > 
13:15:07.059 [INFO]  [Validating] > > Task :detekt-metrics:processResources NO-SOURCE
13:15:07.059 [INFO]  [Validating] > Skipping task ':detekt-metrics:processResources' as it has no source files and no previous output files.
13:15:07.059 [INFO]  [Validating] > Resolve mutations for :detekt-report-xml:processResources (Thread[Execution worker Thread 5,5,main]) started.
13:15:07.059 [INFO]  [Validating] > :detekt-report-txt:processResources (Thread[Execution worker Thread 7,5,main]) started.
13:15:07.059 [INFO]  [Validating] > 
13:15:07.059 [INFO]  [Validating] > > Task :detekt-report-html:processResources UP-TO-DATE
13:15:07.059 [INFO]  [Validating] > Caching disabled for task ':detekt-report-html:processResources' because:
13:15:07.059 [INFO]  [Validating] >   Not worth caching
13:15:07.059 [INFO]  [Validating] > Skipping task ':detekt-report-html:processResources' as it is up-to-date.
13:15:07.059 [INFO]  [Validating] > :detekt-report-xml:processResources (Thread[Execution worker Thread 5,5,main]) started.
13:15:07.059 [INFO]  [Validating] > 
13:15:07.059 [INFO]  [Validating] > > Task :detekt-parser:processResources NO-SOURCE
13:15:07.059 [INFO]  [Validating] > Skipping task ':detekt-parser:processResources' as it has no source files and no previous output files.
13:15:07.059 [INFO]  [Validating] > 
13:15:07.059 [INFO]  [Validating] > > Task :detekt-report-sarif:processResources UP-TO-DATE
13:15:07.059 [INFO]  [Validating] > Caching disabled for task ':detekt-report-sarif:processResources' because:
13:15:07.059 [INFO]  [Validating] >   Not worth caching
13:15:07.059 [INFO]  [Validating] > Skipping task ':detekt-report-sarif:processResources' as it is up-to-date.
13:15:07.059 [INFO]  [Validating] > 
13:15:07.059 [INFO]  [Validating] > > Task :detekt-api:processResources NO-SOURCE
13:15:07.059 [INFO]  [Validating] > Skipping task ':detekt-api:processResources' as it has no source files and no previous output files.
13:15:07.059 [INFO]  [Validating] > Resolve mutations for :detekt-test-utils:processResources (Thread[Execution worker Thread 3,5,main]) started.
13:15:07.059 [INFO]  [Validating] > :detekt-test-utils:processResources (Thread[Execution worker Thread 3,5,main]) started.
13:15:07.059 [INFO]  [Validating] > Resolve mutations for :detekt-test:processResources (Thread[Execution worker Thread 9,5,main]) started.
13:15:07.059 [INFO]  [Validating] > Resolve mutations for :detekt-rules-empty:processTestResources (Thread[Execution worker Thread 6,5,main]) started.
13:15:07.059 [INFO]  [Validating] > 
13:15:07.059 [INFO]  [Validating] > > Task :detekt-core:processResources UP-TO-DATE
13:15:07.059 [INFO]  [Validating] > Caching disabled for task ':detekt-core:processResources' because:
13:15:07.059 [INFO]  [Validating] >   Not worth caching
13:15:07.059 [INFO]  [Validating] > Skipping task ':detekt-core:processResources' as it is up-to-date.
13:15:07.059 [INFO]  [Validating] > 
13:15:07.059 [INFO]  [Validating] > > Task :detekt-report-xml:processResources UP-TO-DATE
13:15:07.059 [INFO]  [Validating] > Caching disabled for task ':detekt-report-xml:processResources' because:
13:15:07.059 [INFO]  [Validating] >   Not worth caching
13:15:07.059 [INFO]  [Validating] > Skipping task ':detekt-report-xml:processResources' as it is up-to-date.
13:15:07.059 [INFO]  [Validating] > 
13:15:07.059 [INFO]  [Validating] > > Task :detekt-report-md:processResources UP-TO-DATE
13:15:07.059 [INFO]  [Validating] > Caching disabled for task ':detekt-report-md:processResources' because:
13:15:07.059 [INFO]  [Validating] >   Not worth caching
13:15:07.059 [INFO]  [Validating] > Skipping task ':detekt-report-md:processResources' as it is up-to-date.
13:15:07.059 [INFO]  [Validating] > Resolve mutations for :detekt-tooling:processResources (Thread[Execution worker Thread 5,5,main]) started.
13:15:07.059 [INFO]  [Validating] > Resolve mutations for :detekt-rules-empty:processResources (Thread[Execution worker Thread 8,5,main]) started.
13:15:07.059 [INFO]  [Validating] > :detekt-rules-empty:processResources (Thread[Execution worker Thread 8,5,main]) started.
13:15:07.060 [INFO]  [Validating] > :detekt-tooling:processResources (Thread[Execution worker Thread 5,5,main]) started.
13:15:07.060 [INFO]  [Validating] > Resolve mutations for :detekt-utils:processResources (Thread[Execution worker Thread 4,5,main]) started.
13:15:07.060 [INFO]  [Validating] > :detekt-rules-empty:processTestResources (Thread[Execution worker Thread 6,5,main]) started.
13:15:07.060 [INFO]  [Validating] > :detekt-utils:processResources (Thread[Execution worker Thread 4,5,main]) started.
13:15:07.060 [INFO]  [Validating] > :detekt-test:processResources (Thread[Execution worker Thread 9,5,main]) started.
13:15:07.060 [INFO]  [Validating] > 
13:15:07.060 [INFO]  [Validating] > > Task :detekt-test-utils:processResources NO-SOURCE
13:15:07.060 [INFO]  [Validating] > Skipping task ':detekt-test-utils:processResources' as it has no source files and no previous output files.
13:15:07.060 [INFO]  [Validating] > 
13:15:07.060 [INFO]  [Validating] > > Task :detekt-tooling:processResources NO-SOURCE
13:15:07.060 [INFO]  [Validating] > Skipping task ':detekt-tooling:processResources' as it has no source files and no previous output files.
13:15:07.060 [INFO]  [Validating] > 
13:15:07.060 [INFO]  [Validating] > > Task :detekt-report-txt:processResources UP-TO-DATE
13:15:07.060 [INFO]  [Validating] > Caching disabled for task ':detekt-report-txt:processResources' because:
13:15:07.060 [INFO]  [Validating] >   Not worth caching
13:15:07.060 [INFO]  [Validating] > Skipping task ':detekt-report-txt:processResources' as it is up-to-date.
13:15:07.060 [INFO]  [Validating] > 
13:15:07.060 [INFO]  [Validating] > > Task :detekt-utils:processResources NO-SOURCE
13:15:07.060 [INFO]  [Validating] > Skipping task ':detekt-utils:processResources' as it has no source files and no previous output files.
13:15:07.060 [INFO]  [Validating] > 
13:15:07.060 [INFO]  [Validating] > > Task :detekt-test:processResources NO-SOURCE
13:15:07.060 [INFO]  [Validating] > Skipping task ':detekt-test:processResources' as it has no source files and no previous output files.
13:15:07.060 [INFO]  [Validating] > 
13:15:07.060 [INFO]  [Validating] > > Task :detekt-rules-empty:processTestResources NO-SOURCE
13:15:07.060 [INFO]  [Validating] > Skipping task ':detekt-rules-empty:processTestResources' as it has no source files and no previous output files.
13:15:07.060 [INFO]  [Validating] > 
13:15:07.060 [INFO]  [Validating] > > Task :detekt-rules-empty:processResources UP-TO-DATE
13:15:07.060 [INFO]  [Validating] > Caching disabled for task ':detekt-rules-empty:processResources' because:
13:15:07.060 [INFO]  [Validating] >   Not worth caching
13:15:07.060 [INFO]  [Validating] > Skipping task ':detekt-rules-empty:processResources' as it is up-to-date.
13:15:07.060 [INFO]  [Validating] > 
13:15:07.060 [INFO]  [Validating] > > Task :detekt-utils:compileKotlin UP-TO-DATE
13:15:07.060 [INFO]  [Validating] > Transforming kotlin-stdlib-jdk8-1.8.22.jar with ClasspathEntrySnapshotTransform
13:15:07.060 [INFO]  [Validating] > Transforming kotlin-stdlib-jdk7-1.8.22.jar with ClasspathEntrySnapshotTransform
13:15:07.060 [INFO]  [Validating] > Transforming kotlin-stdlib-1.8.22.jar with ClasspathEntrySnapshotTransform
13:15:07.060 [INFO]  [Validating] > Transforming kotlin-stdlib-common-1.8.22.jar with ClasspathEntrySnapshotTransform
13:15:07.060 [INFO]  [Validating] > Transforming annotations-13.0.jar with ClasspathEntrySnapshotTransform
13:15:07.060 [INFO]  [Validating] > Build cache key for task ':detekt-utils:compileKotlin' is 4bc3c8215f701e9ef21d31281b92246d
13:15:07.060 [INFO]  [Validating] > Skipping task ':detekt-utils:compileKotlin' as it is up-to-date.
13:15:07.060 [INFO]  [Validating] > Resolve mutations for :detekt-utils:compileJava (Thread[Execution worker Thread 2,5,main]) started.
13:15:07.060 [INFO]  [Validating] > work action resolve main (project :detekt-utils) (Thread[Execution worker Thread 6,5,main]) started.
13:15:07.060 [INFO]  [Validating] > :detekt-utils:compileJava (Thread[Execution worker Thread 2,5,main]) started.
13:15:07.060 [INFO]  [Validating] > 
13:15:07.060 [INFO]  [Validating] > > Task :detekt-psi-utils:compileKotlin UP-TO-DATE
13:15:07.060 [INFO]  [Validating] > Transforming kotlin-compiler-embeddable-1.8.22.jar with ClasspathEntrySnapshotTransform
13:15:07.060 [INFO]  [Validating] > Transforming kotlin-stdlib-jdk8-1.8.22.jar with ClasspathEntrySnapshotTransform
13:15:07.060 [INFO]  [Validating] > Transforming kotlin-stdlib-jdk7-1.8.22.jar with ClasspathEntrySnapshotTransform
13:15:07.060 [INFO]  [Validating] > Transforming kotlin-stdlib-1.8.22.jar with ClasspathEntrySnapshotTransform
13:15:07.060 [INFO]  [Validating] > Transforming kotlin-stdlib-common-1.8.22.jar with ClasspathEntrySnapshotTransform
13:15:07.060 [INFO]  [Validating] > Transforming annotations-13.0.jar with ClasspathEntrySnapshotTransform
13:15:07.060 [INFO]  [Validating] > Build cache key for task ':detekt-psi-utils:compileKotlin' is c72e17ff81c85e7351df478815002d0c
13:15:07.060 [INFO]  [Validating] > Skipping task ':detekt-psi-utils:compileKotlin' as it is up-to-date.
13:15:07.060 [INFO]  [Validating] > Resolve mutations for :detekt-psi-utils:compileJava (Thread[Execution worker,5,main]) started.
13:15:07.060 [INFO]  [Validating] > work action resolve main (project :detekt-psi-utils) (Thread[Execution worker Thread 6,5,main]) started.
13:15:07.060 [INFO]  [Validating] > 
13:15:07.060 [INFO]  [Validating] > > Task :detekt-utils:compileJava NO-SOURCE
13:15:07.060 [INFO]  [Validating] > Skipping task ':detekt-utils:compileJava' as it has no source files and no previous output files.
13:15:07.060 [INFO]  [Validating] > work action resolve main (project :detekt-utils) (Thread[Execution worker Thread 2,5,main]) started.
13:15:07.060 [INFO]  [Validating] > :detekt-psi-utils:compileJava (Thread[Execution worker,5,main]) started.
13:15:07.060 [INFO]  [Validating] > Resolve mutations for :detekt-utils:classes (Thread[Execution worker Thread 8,5,main]) started.
13:15:07.060 [INFO]  [Validating] > work action resolve main (project :detekt-utils) (Thread[Execution worker Thread 2,5,main]) started.
13:15:07.060 [INFO]  [Validating] > :detekt-utils:classes (Thread[Execution worker Thread 7,5,main]) started.
13:15:07.060 [INFO]  [Validating] > 
13:15:07.060 [INFO]  [Validating] > > Task :detekt-utils:classes UP-TO-DATE
13:15:07.060 [INFO]  [Validating] > Skipping task ':detekt-utils:classes' as it has no actions.
13:15:07.060 [INFO]  [Validating] > Resolve mutations for :detekt-utils:jar (Thread[Execution worker Thread 7,5,main]) started.
13:15:07.060 [INFO]  [Validating] > :detekt-utils:jar (Thread[Execution worker Thread 7,5,main]) started.
13:15:07.060 [INFO]  [Validating] > 
13:15:07.060 [INFO]  [Validating] > > Task :detekt-psi-utils:compileJava NO-SOURCE
13:15:07.060 [INFO]  [Validating] > Skipping task ':detekt-psi-utils:compileJava' as it has no source files and no previous output files.
13:15:07.060 [INFO]  [Validating] > work action resolve main (project :detekt-psi-utils) (Thread[Execution worker,5,main]) started.
13:15:07.060 [INFO]  [Validating] > work action resolve main (project :detekt-psi-utils) (Thread[Execution worker Thread 6,5,main]) started.
13:15:07.060 [INFO]  [Validating] > Resolve mutations for :detekt-psi-utils:classes (Thread[Execution worker Thread 9,5,main]) started.
13:15:07.060 [INFO]  [Validating] > Resolve mutations for :detekt-parser:compileKotlin (Thread[Execution worker Thread 5,5,main]) started.
13:15:07.060 [INFO]  [Validating] > Resolve mutations for :detekt-api:compileKotlin (Thread[Execution worker Thread 6,5,main]) started.
13:15:07.060 [INFO]  [Validating] > :detekt-parser:compileKotlin (Thread[Execution worker Thread 5,5,main]) started.
13:15:07.060 [INFO]  [Validating] > :detekt-psi-utils:classes (Thread[Execution worker Thread 4,5,main]) started.
13:15:07.060 [INFO]  [Validating] > 
13:15:07.060 [INFO]  [Validating] > > Task :detekt-psi-utils:classes UP-TO-DATE
13:15:07.060 [INFO]  [Validating] > Skipping task ':detekt-psi-utils:classes' as it has no actions.
13:15:07.060 [INFO]  [Validating] > :detekt-api:compileKotlin (Thread[Execution worker Thread 6,5,main]) started.
13:15:07.060 [INFO]  [Validating] > Resolve mutations for :detekt-psi-utils:jar (Thread[Execution worker Thread 4,5,main]) started.
13:15:07.060 [INFO]  [Validating] > :detekt-psi-utils:jar (Thread[Execution worker Thread 4,5,main]) started.
13:15:07.060 [INFO]  [Validating] > 
13:15:07.060 [INFO]  [Validating] > > Task :detekt-parser:compileKotlin UP-TO-DATE
13:15:07.060 [INFO]  [Validating] > Transforming main with ClasspathEntrySnapshotTransform
13:15:07.060 [INFO]  [Validating] > Transforming kotlin-compiler-embeddable-1.8.22.jar with ClasspathEntrySnapshotTransform
13:15:07.060 [INFO]  [Validating] > Transforming kotlin-stdlib-jdk8-1.8.22.jar with ClasspathEntrySnapshotTransform
13:15:07.060 [INFO]  [Validating] > Transforming contester-breakpoint-0.2.0.jar with ClasspathEntrySnapshotTransform
13:15:07.060 [INFO]  [Validating] > Transforming kotlin-stdlib-jdk7-1.8.22.jar with ClasspathEntrySnapshotTransform
13:15:07.060 [INFO]  [Validating] > Transforming kotlin-stdlib-1.8.22.jar with ClasspathEntrySnapshotTransform
13:15:07.060 [INFO]  [Validating] > Transforming kotlin-stdlib-common-1.8.22.jar with ClasspathEntrySnapshotTransform
13:15:07.060 [INFO]  [Validating] > Transforming annotations-13.0.jar with ClasspathEntrySnapshotTransform
13:15:07.060 [INFO]  [Validating] > Build cache key for task ':detekt-parser:compileKotlin' is 9ce217c383476588a3779d923d7b0bdd
13:15:07.060 [INFO]  [Validating] > Skipping task ':detekt-parser:compileKotlin' as it is up-to-date.
13:15:07.060 [INFO]  [Validating] > Resolve mutations for :detekt-parser:compileJava (Thread[Execution worker Thread 5,5,main]) started.
13:15:07.060 [INFO]  [Validating] > work action resolve main (project :detekt-parser) (Thread[Execution worker Thread 2,5,main]) started.
13:15:07.060 [INFO]  [Validating] > :detekt-parser:compileJava (Thread[Execution worker Thread 5,5,main]) started.
13:15:07.060 [INFO]  [Validating] > 
13:15:07.060 [INFO]  [Validating] > > Task :detekt-api:compileKotlin UP-TO-DATE
13:15:07.060 [INFO]  [Validating] > Transforming main with ClasspathEntrySnapshotTransform
13:15:07.060 [INFO]  [Validating] > Transforming kotlin-compiler-embeddable-1.8.22.jar with ClasspathEntrySnapshotTransform
13:15:07.060 [INFO]  [Validating] > Transforming main with ClasspathEntrySnapshotTransform
13:15:07.060 [INFO]  [Validating] > Transforming kotlin-stdlib-jdk8-1.8.22.jar with ClasspathEntrySnapshotTransform
13:15:07.060 [INFO]  [Validating] > Transforming kotlin-stdlib-jdk7-1.8.22.jar with ClasspathEntrySnapshotTransform
13:15:07.060 [INFO]  [Validating] > Transforming kotlin-stdlib-1.8.22.jar with ClasspathEntrySnapshotTransform
13:15:07.060 [INFO]  [Validating] > Transforming kotlin-stdlib-common-1.8.22.jar with ClasspathEntrySnapshotTransform
13:15:07.060 [INFO]  [Validating] > Transforming annotations-13.0.jar with ClasspathEntrySnapshotTransform
13:15:07.060 [INFO]  [Validating] > Build cache key for task ':detekt-api:compileKotlin' is bc24205c2f4f61f8518d6a26cd3c1b64
13:15:07.060 [INFO]  [Validating] > Skipping task ':detekt-api:compileKotlin' as it is up-to-date.
13:15:07.060 [INFO]  [Validating] > Resolve mutations for :detekt-api:compileJava (Thread[Execution worker Thread 6,5,main]) started.
13:15:07.060 [INFO]  [Validating] > work action resolve main (project :detekt-api) (Thread[Execution worker Thread 8,5,main]) started.
13:15:07.060 [INFO]  [Validating] > 
13:15:07.060 [INFO]  [Validating] > > Task :detekt-parser:compileJava NO-SOURCE
13:15:07.060 [INFO]  [Validating] > Skipping task ':detekt-parser:compileJava' as it has no source files and no previous output files.
13:15:07.060 [INFO]  [Validating] > work action resolve main (project :detekt-parser) (Thread[Execution worker Thread 5,5,main]) started.
13:15:07.060 [INFO]  [Validating] > :detekt-api:compileJava (Thread[Execution worker Thread 6,5,main]) started.
13:15:07.060 [INFO]  [Validating] > work action resolve main (project :detekt-parser) (Thread[Execution worker Thread 8,5,main]) started.
13:15:07.060 [INFO]  [Validating] > Resolve mutations for :detekt-test-utils:compileKotlin (Thread[Execution worker Thread 8,5,main]) started.
13:15:07.060 [INFO]  [Validating] > Resolve mutations for :detekt-parser:classes (Thread[included builds,5,main]) started.
13:15:07.060 [INFO]  [Validating] > :detekt-test-utils:compileKotlin (Thread[Execution worker Thread 8,5,main]) started.
13:15:07.060 [INFO]  [Validating] > :detekt-parser:classes (Thread[included builds,5,main]) started.
13:15:07.060 [INFO]  [Validating] > 
13:15:07.060 [INFO]  [Validating] > > Task :detekt-parser:classes UP-TO-DATE
13:15:07.060 [INFO]  [Validating] > Skipping task ':detekt-parser:classes' as it has no actions.
13:15:07.060 [INFO]  [Validating] > 
13:15:07.060 [INFO]  [Validating] > > Task :detekt-api:compileJava NO-SOURCE
13:15:07.060 [INFO]  [Validating] > Skipping task ':detekt-api:compileJava' as it has no source files and no previous output files.
13:15:07.060 [INFO]  [Validating] > Resolve mutations for :detekt-parser:jar (Thread[included builds,5,main]) started.
13:15:07.060 [INFO]  [Validating] > Resolve mutations for :detekt-api:classes (Thread[included builds,5,main]) started.
13:15:07.060 [INFO]  [Validating] > work action resolve main (project :detekt-api) (Thread[Execution worker Thread 5,5,main]) started.
13:15:07.060 [INFO]  [Validating] > work action resolve main (project :detekt-api) (Thread[Execution worker Thread 6,5,main]) started.
13:15:07.060 [INFO]  [Validating] > :detekt-parser:jar (Thread[Execution worker Thread 3,5,main]) started.
13:15:07.060 [INFO]  [Validating] > Resolve mutations for :detekt-tooling:compileKotlin (Thread[Execution worker Thread 9,5,main]) started.
13:15:07.060 [INFO]  [Validating] > :detekt-api:classes (Thread[included builds,5,main]) started.
13:15:07.060 [INFO]  [Validating] > Resolve mutations for :detekt-report-xml:compileKotlin (Thread[Execution worker Thread 5,5,main]) started.
13:15:07.061 [INFO]  [Validating] > Resolve mutations for :detekt-report-txt:compileKotlin (Thread[Execution worker,5,main]) started.
13:15:07.061 [INFO]  [Validating] > Resolve mutations for :detekt-metrics:compileKotlin (Thread[Execution worker Thread 6,5,main]) started.
13:15:07.061 [INFO]  [Validating] > :detekt-tooling:compileKotlin (Thread[Execution worker Thread 9,5,main]) started.
13:15:07.061 [INFO]  [Validating] > :detekt-metrics:compileKotlin (Thread[Execution worker Thread 6,5,main]) started.
13:15:07.061 [INFO]  [Validating] > 
13:15:07.061 [INFO]  [Validating] > > Task :detekt-utils:jar UP-TO-DATE
13:15:07.061 [INFO]  [Validating] > Caching disabled for task ':detekt-utils:jar' because:
13:15:07.061 [INFO]  [Validating] >   Not worth caching
13:15:07.061 [INFO]  [Validating] > Skipping task ':detekt-utils:jar' as it is up-to-date.
13:15:07.061 [INFO]  [Validating] > :detekt-report-xml:compileKotlin (Thread[Execution worker Thread 5,5,main]) started.
13:15:07.061 [INFO]  [Validating] > 
13:15:07.061 [INFO]  [Validating] > > Task :detekt-api:classes UP-TO-DATE
13:15:07.061 [INFO]  [Validating] > Skipping task ':detekt-api:classes' as it has no actions.
13:15:07.061 [INFO]  [Validating] > Resolve mutations for :detekt-api:jar (Thread[included builds,5,main]) started.
13:15:07.061 [INFO]  [Validating] > Resolve mutations for :detekt-rules-empty:compileKotlin (Thread[Execution worker Thread 2,5,main]) started.
13:15:07.061 [INFO]  [Validating] > :detekt-api:jar (Thread[included builds,5,main]) started.
13:15:07.061 [INFO]  [Validating] > work action resolve detekt-utils-1.23.0.jar (project :detekt-utils) (Thread[Execution worker Thread 7,5,main]) started.
13:15:07.061 [INFO]  [Validating] > :detekt-report-txt:compileKotlin (Thread[Execution worker,5,main]) started.
13:15:07.061 [INFO]  [Validating] > :detekt-rules-empty:compileKotlin (Thread[Execution worker Thread 2,5,main]) started.
13:15:07.061 [INFO]  [Validating] > 
13:15:07.061 [INFO]  [Validating] > > Task :detekt-metrics:compileKotlin UP-TO-DATE
13:15:07.061 [INFO]  [Validating] > Transforming main with ClasspathEntrySnapshotTransform
13:15:07.061 [INFO]  [Validating] > Transforming main with ClasspathEntrySnapshotTransform
13:15:07.061 [INFO]  [Validating] > Transforming kotlin-stdlib-jdk8-1.8.22.jar with ClasspathEntrySnapshotTransform
13:15:07.061 [INFO]  [Validating] > Transforming kotlin-compiler-embeddable-1.8.22.jar with ClasspathEntrySnapshotTransform
13:15:07.061 [INFO]  [Validating] > Transforming kotlin-stdlib-jdk7-1.8.22.jar with ClasspathEntrySnapshotTransform
13:15:07.061 [INFO]  [Validating] > Transforming kotlin-stdlib-1.8.22.jar with ClasspathEntrySnapshotTransform
13:15:07.061 [INFO]  [Validating] > Transforming kotlin-stdlib-common-1.8.22.jar with ClasspathEntrySnapshotTransform
13:15:07.061 [INFO]  [Validating] > Transforming annotations-13.0.jar with ClasspathEntrySnapshotTransform
13:15:07.061 [INFO]  [Validating] > Build cache key for task ':detekt-metrics:compileKotlin' is e1aa4271b4005c352ebbc96b71bde128
13:15:07.061 [INFO]  [Validating] > Skipping task ':detekt-metrics:compileKotlin' as it is up-to-date.
13:15:07.061 [INFO]  [Validating] > 
13:15:07.061 [INFO]  [Validating] > > Task :detekt-report-txt:compileKotlin UP-TO-DATE
13:15:07.061 [INFO]  [Validating] > Transforming main with ClasspathEntrySnapshotTransform
13:15:07.061 [INFO]  [Validating] > Transforming main with ClasspathEntrySnapshotTransform
13:15:07.061 [INFO]  [Validating] > Transforming kotlin-stdlib-jdk8-1.8.22.jar with ClasspathEntrySnapshotTransform
13:15:07.061 [INFO]  [Validating] > Transforming kotlin-stdlib-jdk7-1.8.22.jar with ClasspathEntrySnapshotTransform
13:15:07.061 [INFO]  [Validating] > Transforming kotlin-stdlib-1.8.22.jar with ClasspathEntrySnapshotTransform
13:15:07.061 [INFO]  [Validating] > Transforming kotlin-compiler-embeddable-1.8.22.jar with ClasspathEntrySnapshotTransform
13:15:07.061 [INFO]  [Validating] > Transforming kotlin-stdlib-common-1.8.22.jar with ClasspathEntrySnapshotTransform
13:15:07.061 [INFO]  [Validating] > Transforming annotations-13.0.jar with ClasspathEntrySnapshotTransform
13:15:07.061 [INFO]  [Validating] > Build cache key for task ':detekt-report-txt:compileKotlin' is 3ded245b414360810ee29353612bdefd
13:15:07.061 [INFO]  [Validating] > Skipping task ':detekt-report-txt:compileKotlin' as it is up-to-date.
13:15:07.061 [INFO]  [Validating] > 
13:15:07.061 [INFO]  [Validating] > > Task :detekt-test-utils:compileKotlin UP-TO-DATE
13:15:07.061 [INFO]  [Validating] > Transforming main with ClasspathEntrySnapshotTransform
13:15:07.061 [INFO]  [Validating] > Transforming kotlinx-coroutines-core-jvm-1.7.2.jar with ClasspathEntrySnapshotTransform
13:15:07.061 [INFO]  [Validating] > Transforming kotlin-stdlib-jdk8-1.8.22.jar with ClasspathEntrySnapshotTransform
13:15:07.061 [INFO]  [Validating] > Transforming junit-platform-commons-1.9.3.jar with ClasspathEntrySnapshotTransform
13:15:07.061 [INFO]  [Validating] > Transforming junit-jupiter-api-5.9.3.jar with ClasspathEntrySnapshotTransform
13:15:07.061 [INFO]  [Validating] > Transforming kotlin-main-kts-1.8.22.jar with ClasspathEntrySnapshotTransform
13:15:07.061 [INFO]  [Validating] > Transforming kotlin-stdlib-jdk7-1.8.22.jar with ClasspathEntrySnapshotTransform
13:15:07.061 [INFO]  [Validating] > Transforming kotlin-stdlib-1.8.22.jar with ClasspathEntrySnapshotTransform
13:15:07.061 [INFO]  [Validating] > Transforming opentest4j-1.2.0.jar with ClasspathEntrySnapshotTransform
13:15:07.061 [INFO]  [Validating] > Transforming apiguardian-api-1.1.2.jar with ClasspathEntrySnapshotTransform
13:15:07.061 [INFO]  [Validating] > Transforming kotlin-compiler-embeddable-1.8.22.jar with ClasspathEntrySnapshotTransform
13:15:07.061 [INFO]  [Validating] > Transforming kotlin-stdlib-common-1.8.22.jar with ClasspathEntrySnapshotTransform
13:15:07.061 [INFO]  [Validating] > Transforming annotations-23.0.0.jar with ClasspathEntrySnapshotTransform
13:15:07.061 [INFO]  [Validating] > Build cache key for task ':detekt-test-utils:compileKotlin' is 7738ee7998b37343d969d1bd0c068d5b
13:15:07.061 [INFO]  [Validating] > Skipping task ':detekt-test-utils:compileKotlin' as it is up-to-date.
13:15:07.061 [INFO]  [Validating] > work action resolve main (project :detekt-report-txt) (Thread[Execution worker Thread 8,5,main]) started.
13:15:07.061 [INFO]  [Validating] > Resolve mutations for :detekt-report-txt:compileJava (Thread[Execution worker,5,main]) started.
13:15:07.061 [INFO]  [Validating] > work action resolve main (project :detekt-metrics) (Thread[Execution worker Thread 7,5,main]) started.
13:15:07.061 [INFO]  [Validating] > work action resolve main (project :detekt-test-utils) (Thread[Execution worker Thread 7,5,main]) started.
13:15:07.061 [INFO]  [Validating] > Resolve mutations for :detekt-metrics:compileJava (Thread[Execution worker Thread 6,5,main]) started.
13:15:07.061 [INFO]  [Validating] > :detekt-report-txt:compileJava (Thread[Execution worker,5,main]) started.
13:15:07.061 [INFO]  [Validating] > Resolve mutations for :detekt-test-utils:compileJava (Thread[Execution worker Thread 8,5,main]) started.
13:15:07.061 [INFO]  [Validating] > 
13:15:07.061 [INFO]  [Validating] > > Task :detekt-psi-utils:jar UP-TO-DATE
13:15:07.061 [INFO]  [Validating] > Caching disabled for task ':detekt-psi-utils:jar' because:
13:15:07.061 [INFO]  [Validating] >   Not worth caching
13:15:07.061 [INFO]  [Validating] > Skipping task ':detekt-psi-utils:jar' as it is up-to-date.
13:15:07.061 [INFO]  [Validating] > work action resolve detekt-psi-utils-1.23.0.jar (project :detekt-psi-utils) (Thread[Execution worker Thread 4,5,main]) started.
13:15:07.061 [INFO]  [Validating] > :detekt-test-utils:compileJava (Thread[Execution worker Thread 8,5,main]) started.
13:15:07.061 [INFO]  [Validating] > :detekt-metrics:compileJava (Thread[Execution worker Thread 6,5,main]) started.
13:15:07.061 [INFO]  [Validating] > 
13:15:07.061 [INFO]  [Validating] > > Task :detekt-report-txt:compileJava NO-SOURCE
13:15:07.061 [INFO]  [Validating] > Skipping task ':detekt-report-txt:compileJava' as it has no source files and no previous output files.
13:15:07.061 [INFO]  [Validating] > work action resolve main (project :detekt-report-txt) (Thread[Execution worker Thread 4,5,main]) started.
13:15:07.061 [INFO]  [Validating] > 
13:15:07.061 [INFO]  [Validating] > > Task :detekt-metrics:compileJava NO-SOURCE
13:15:07.061 [INFO]  [Validating] > Skipping task ':detekt-metrics:compileJava' as it has no source files and no previous output files.
13:15:07.061 [INFO]  [Validating] > work action resolve main (project :detekt-report-txt) (Thread[Execution worker,5,main]) started.
13:15:07.061 [INFO]  [Validating] > Resolve mutations for :detekt-metrics:classes (Thread[Execution worker,5,main]) started.
13:15:07.061 [INFO]  [Validating] > work action resolve main (project :detekt-metrics) (Thread[Execution worker Thread 4,5,main]) started.
13:15:07.061 [INFO]  [Validating] > work action resolve main (project :detekt-metrics) (Thread[Execution worker Thread 6,5,main]) started.
13:15:07.061 [INFO]  [Validating] > Resolve mutations for :detekt-report-txt:classes (Thread[Execution worker Thread 7,5,main]) started.
13:15:07.061 [INFO]  [Validating] > Resolve mutations for :detekt-report-md:compileKotlin (Thread[Execution worker Thread 4,5,main]) started.
13:15:07.061 [INFO]  [Validating] > Resolve mutations for :detekt-report-html:compileKotlin (Thread[Execution worker Thread 6,5,main]) started.
13:15:07.061 [INFO]  [Validating] > 
13:15:07.061 [INFO]  [Validating] > > Task :detekt-rules-empty:compileKotlin UP-TO-DATE
13:15:07.061 [INFO]  [Validating] > Transforming main with ClasspathEntrySnapshotTransform
13:15:07.061 [INFO]  [Validating] > Transforming main with ClasspathEntrySnapshotTransform
13:15:07.061 [INFO]  [Validating] > Transforming kotlin-stdlib-jdk8-1.8.22.jar with ClasspathEntrySnapshotTransform
13:15:07.061 [INFO]  [Validating] > Transforming kotlin-stdlib-jdk7-1.8.22.jar with ClasspathEntrySnapshotTransform
13:15:07.061 [INFO]  [Validating] > Transforming kotlin-stdlib-1.8.22.jar with ClasspathEntrySnapshotTransform
13:15:07.061 [INFO]  [Validating] > Transforming kotlin-compiler-embeddable-1.8.22.jar with ClasspathEntrySnapshotTransform
13:15:07.061 [INFO]  [Validating] > Transforming kotlin-stdlib-common-1.8.22.jar with ClasspathEntrySnapshotTransform
13:15:07.061 [INFO]  [Validating] > Transforming annotations-13.0.jar with ClasspathEntrySnapshotTransform
13:15:07.061 [INFO]  [Validating] > Build cache key for task ':detekt-rules-empty:compileKotlin' is 7bbaf5ed868ce07eecca2f507e291289
13:15:07.061 [INFO]  [Validating] > Skipping task ':detekt-rules-empty:compileKotlin' as it is up-to-date.
13:15:07.061 [INFO]  [Validating] > Resolve mutations for :detekt-rules-empty:compileJava (Thread[Execution worker Thread 2,5,main]) started.
13:15:07.061 [INFO]  [Validating] > :detekt-rules-empty:compileJava (Thread[Execution worker Thread 2,5,main]) started.
13:15:07.061 [INFO]  [Validating] > 
13:15:07.061 [INFO]  [Validating] > > Task :detekt-test-utils:compileJava NO-SOURCE
13:15:07.061 [INFO]  [Validating] > Skipping task ':detekt-test-utils:compileJava' as it has no source files and no previous output files.
13:15:07.061 [INFO]  [Validating] > 
13:15:07.061 [INFO]  [Validating] > > Task :detekt-tooling:compileKotlin UP-TO-DATE
13:15:07.061 [INFO]  [Validating] > Transforming main with ClasspathEntrySnapshotTransform
13:15:07.061 [INFO]  [Validating] > Transforming main with ClasspathEntrySnapshotTransform
13:15:07.061 [INFO]  [Validating] > Transforming kotlin-stdlib-jdk8-1.8.22.jar with ClasspathEntrySnapshotTransform
13:15:07.061 [INFO]  [Validating] > Transforming kotlin-compiler-embeddable-1.8.22.jar with ClasspathEntrySnapshotTransform
13:15:07.061 [INFO]  [Validating] > Transforming kotlin-stdlib-jdk7-1.8.22.jar with ClasspathEntrySnapshotTransform
13:15:07.061 [INFO]  [Validating] > Transforming kotlin-stdlib-1.8.22.jar with ClasspathEntrySnapshotTransform
13:15:07.061 [INFO]  [Validating] > Transforming kotlin-stdlib-common-1.8.22.jar with ClasspathEntrySnapshotTransform
13:15:07.061 [INFO]  [Validating] > Transforming annotations-13.0.jar with ClasspathEntrySnapshotTransform
13:15:07.061 [INFO]  [Validating] > Build cache key for task ':detekt-tooling:compileKotlin' is 9cd58a4ffb79657c01c8319bf5870a6f
13:15:07.061 [INFO]  [Validating] > Skipping task ':detekt-tooling:compileKotlin' as it is up-to-date.
13:15:07.061 [INFO]  [Validating] > Resolve mutations for :detekt-tooling:compileJava (Thread[Execution worker Thread 9,5,main]) started.
13:15:07.061 [INFO]  [Validating] > 
13:15:07.061 [INFO]  [Validating] > > Task :detekt-report-xml:compileKotlin UP-TO-DATE
13:15:07.061 [INFO]  [Validating] > Transforming main with ClasspathEntrySnapshotTransform
13:15:07.061 [INFO]  [Validating] > Transforming main with ClasspathEntrySnapshotTransform
13:15:07.061 [INFO]  [Validating] > Transforming kotlin-stdlib-jdk8-1.8.22.jar with ClasspathEntrySnapshotTransform
13:15:07.061 [INFO]  [Validating] > Transforming kotlin-stdlib-jdk7-1.8.22.jar with ClasspathEntrySnapshotTransform
13:15:07.061 [INFO]  [Validating] > Transforming kotlin-stdlib-1.8.22.jar with ClasspathEntrySnapshotTransform
13:15:07.061 [INFO]  [Validating] > Transforming kotlin-compiler-embeddable-1.8.22.jar with ClasspathEntrySnapshotTransform
13:15:07.061 [INFO]  [Validating] > Transforming kotlin-stdlib-common-1.8.22.jar with ClasspathEntrySnapshotTransform
13:15:07.061 [INFO]  [Validating] > Transforming annotations-13.0.jar with ClasspathEntrySnapshotTransform
13:15:07.061 [INFO]  [Validating] > Build cache key for task ':detekt-report-xml:compileKotlin' is 1acdddef0677e48be7307f9ab589f2f5
13:15:07.061 [INFO]  [Validating] > Skipping task ':detekt-report-xml:compileKotlin' as it is up-to-date.
13:15:07.061 [INFO]  [Validating] > :detekt-metrics:classes (Thread[Execution worker,5,main]) started.
13:15:07.061 [INFO]  [Validating] > work action resolve main (project :detekt-tooling) (Thread[Execution worker Thread 5,5,main]) started.
13:15:07.061 [INFO]  [Validating] > Resolve mutations for :detekt-report-xml:compileJava (Thread[Execution worker Thread 5,5,main]) started.
13:15:07.061 [INFO]  [Validating] > :detekt-tooling:compileJava (Thread[Execution worker Thread 9,5,main]) started.
13:15:07.061 [INFO]  [Validating] > 
13:15:07.061 [INFO]  [Validating] > > Task :detekt-api:jar UP-TO-DATE
13:15:07.061 [INFO]  [Validating] > Caching disabled for task ':detekt-api:jar' because:
13:15:07.061 [INFO]  [Validating] >   Not worth caching
13:15:07.061 [INFO]  [Validating] > Skipping task ':detekt-api:jar' as it is up-to-date.
13:15:07.061 [INFO]  [Validating] > work action resolve main (project :detekt-test-utils) (Thread[Execution worker Thread 8,5,main]) started.
13:15:07.061 [INFO]  [Validating] > :detekt-report-md:compileKotlin (Thread[Execution worker Thread 4,5,main]) started.
13:15:07.061 [INFO]  [Validating] > :detekt-report-txt:classes (Thread[Execution worker Thread 7,5,main]) started.
13:15:07.061 [INFO]  [Validating] > 
13:15:07.061 [INFO]  [Validating] > > Task :detekt-report-txt:classes UP-TO-DATE
13:15:07.061 [INFO]  [Validating] > Skipping task ':detekt-report-txt:classes' as it has no actions.
13:15:07.061 [INFO]  [Validating] > 
13:15:07.061 [INFO]  [Validating] > > Task :detekt-parser:jar UP-TO-DATE
13:15:07.061 [INFO]  [Validating] > Caching disabled for task ':detekt-parser:jar' because:
13:15:07.061 [INFO]  [Validating] >   Not worth caching
13:15:07.061 [INFO]  [Validating] > Skipping task ':detekt-parser:jar' as it is up-to-date.
13:15:07.061 [INFO]  [Validating] > Resolve mutations for :detekt-report-txt:jar (Thread[Execution worker Thread 7,5,main]) started.
13:15:07.061 [INFO]  [Validating] > work action resolve main (project :detekt-test-utils) (Thread[Execution worker Thread 8,5,main]) started.
13:15:07.061 [INFO]  [Validating] > :detekt-report-txt:jar (Thread[Execution worker Thread 7,5,main]) started.
13:15:07.062 [INFO]  [Validating] > work action resolve main (project :detekt-report-xml) (Thread[included builds,5,main]) started.
13:15:07.062 [INFO]  [Validating] > 
13:15:07.062 [INFO]  [Validating] > > Task :detekt-rules-empty:compileJava NO-SOURCE
13:15:07.062 [INFO]  [Validating] > Skipping task ':detekt-rules-empty:compileJava' as it has no source files and no previous output files.
13:15:07.062 [INFO]  [Validating] > work action resolve detekt-api-1.23.0.jar (project :detekt-api) (Thread[included builds,5,main]) started.
13:15:07.062 [INFO]  [Validating] > :detekt-report-xml:compileJava (Thread[Execution worker Thread 5,5,main]) started.
13:15:07.062 [INFO]  [Validating] > :detekt-report-html:compileKotlin (Thread[Execution worker Thread 6,5,main]) started.
13:15:07.062 [INFO]  [Validating] > 
13:15:07.062 [INFO]  [Validating] > > Task :detekt-metrics:classes UP-TO-DATE
13:15:07.062 [INFO]  [Validating] > Skipping task ':detekt-metrics:classes' as it has no actions.
13:15:07.062 [INFO]  [Validating] > Resolve mutations for :detekt-rules-empty:classes (Thread[Execution worker Thread 2,5,main]) started.
13:15:07.062 [INFO]  [Validating] > work action resolve detekt-parser-1.23.0.jar (project :detekt-parser) (Thread[Execution worker Thread 8,5,main]) started.
13:15:07.062 [INFO]  [Validating] > 
13:15:07.062 [INFO]  [Validating] > > Task :detekt-tooling:compileJava NO-SOURCE
13:15:07.062 [INFO]  [Validating] > Skipping task ':detekt-tooling:compileJava' as it has no source files and no previous output files.
13:15:07.062 [INFO]  [Validating] > Resolve mutations for :detekt-test-utils:classes (Thread[Execution worker Thread 3,5,main]) started.
13:15:07.062 [INFO]  [Validating] > :detekt-rules-empty:classes (Thread[Execution worker Thread 2,5,main]) started.
13:15:07.062 [INFO]  [Validating] > 
13:15:07.062 [INFO]  [Validating] > > Task :detekt-rules-empty:classes UP-TO-DATE
13:15:07.062 [INFO]  [Validating] > Skipping task ':detekt-rules-empty:classes' as it has no actions.
13:15:07.062 [INFO]  [Validating] > 
13:15:07.062 [INFO]  [Validating] > > Task :detekt-report-xml:compileJava NO-SOURCE
13:15:07.062 [INFO]  [Validating] > Skipping task ':detekt-report-xml:compileJava' as it has no source files and no previous output files.
13:15:07.062 [INFO]  [Validating] > Resolve mutations for :detekt-metrics:jar (Thread[Execution worker,5,main]) started.
13:15:07.062 [INFO]  [Validating] > work action resolve main (project :detekt-tooling) (Thread[Execution worker Thread 9,5,main]) started.
13:15:07.062 [INFO]  [Validating] > work action resolve main (project :detekt-report-xml) (Thread[included builds,5,main]) started.
13:15:07.062 [INFO]  [Validating] > work action resolve main (project :detekt-report-xml) (Thread[Execution worker Thread 5,5,main]) started.
13:15:07.062 [INFO]  [Validating] > :detekt-test-utils:classes (Thread[Execution worker Thread 3,5,main]) started.
13:15:07.062 [INFO]  [Validating] > :detekt-metrics:jar (Thread[Execution worker,5,main]) started.
13:15:07.062 [INFO]  [Validating] > Resolve mutations for :detekt-tooling:classes (Thread[Execution worker Thread 9,5,main]) started.
13:15:07.062 [INFO]  [Validating] > Resolve mutations for :detekt-report-xml:classes (Thread[Execution worker Thread 8,5,main]) started.
13:15:07.062 [INFO]  [Validating] > :detekt-tooling:classes (Thread[Execution worker Thread 9,5,main]) started.
13:15:07.062 [INFO]  [Validating] > work action resolve main (project :detekt-tooling) (Thread[Execution worker Thread 2,5,main]) started.
13:15:07.062 [INFO]  [Validating] > :detekt-report-xml:classes (Thread[Execution worker Thread 8,5,main]) started.
13:15:07.062 [INFO]  [Validating] > 
13:15:07.062 [INFO]  [Validating] > > Task :detekt-report-xml:classes UP-TO-DATE
13:15:07.062 [INFO]  [Validating] > Skipping task ':detekt-report-xml:classes' as it has no actions.
13:15:07.062 [INFO]  [Validating] > Resolve mutations for :detekt-report-xml:jar (Thread[Execution worker Thread 8,5,main]) started.
13:15:07.062 [INFO]  [Validating] > 
13:15:07.062 [INFO]  [Validating] > > Task :detekt-tooling:classes UP-TO-DATE
13:15:07.062 [INFO]  [Validating] > Skipping task ':detekt-tooling:classes' as it has no actions.
13:15:07.062 [INFO]  [Validating] > :detekt-report-xml:jar (Thread[Execution worker Thread 8,5,main]) started.
13:15:07.062 [INFO]  [Validating] > Resolve mutations for :detekt-report-sarif:compileKotlin (Thread[Execution worker Thread 2,5,main]) started.
13:15:07.062 [INFO]  [Validating] > Resolve mutations for :detekt-tooling:jar (Thread[Execution worker Thread 9,5,main]) started.
13:15:07.062 [INFO]  [Validating] > :detekt-report-sarif:compileKotlin (Thread[Execution worker Thread 2,5,main]) started.
13:15:07.062 [INFO]  [Validating] > :detekt-tooling:jar (Thread[Execution worker Thread 9,5,main]) started.
13:15:07.062 [INFO]  [Validating] > 
13:15:07.062 [INFO]  [Validating] > > Task :detekt-test-utils:classes UP-TO-DATE
13:15:07.062 [INFO]  [Validating] > Skipping task ':detekt-test-utils:classes' as it has no actions.
13:15:07.062 [INFO]  [Validating] > Resolve mutations for :detekt-test-utils:jar (Thread[Execution worker Thread 3,5,main]) started.
13:15:07.062 [INFO]  [Validating] > :detekt-test-utils:jar (Thread[Execution worker Thread 3,5,main]) started.
13:15:07.062 [INFO]  [Validating] > 
13:15:07.062 [INFO]  [Validating] > > Task :detekt-report-html:compileKotlin UP-TO-DATE
13:15:07.062 [INFO]  [Validating] > Transforming main with ClasspathEntrySnapshotTransform
13:15:07.062 [INFO]  [Validating] > Transforming main with ClasspathEntrySnapshotTransform
13:15:07.062 [INFO]  [Validating] > Transforming main with ClasspathEntrySnapshotTransform
13:15:07.062 [INFO]  [Validating] > Transforming main with ClasspathEntrySnapshotTransform
13:15:07.062 [INFO]  [Validating] > Transforming kotlin-stdlib-jdk8-1.8.22.jar with ClasspathEntrySnapshotTransform
13:15:07.062 [INFO]  [Validating] > Transforming kotlinx-html-jvm-0.8.1.jar with ClasspathEntrySnapshotTransform
13:15:07.062 [INFO]  [Validating] > Transforming kotlin-stdlib-jdk7-1.8.22.jar with ClasspathEntrySnapshotTransform
13:15:07.062 [INFO]  [Validating] > Transforming kotlin-stdlib-1.8.22.jar with ClasspathEntrySnapshotTransform
13:15:07.062 [INFO]  [Validating] > Transforming kotlin-compiler-embeddable-1.8.22.jar with ClasspathEntrySnapshotTransform
13:15:07.062 [INFO]  [Validating] > Transforming kotlin-stdlib-common-1.8.22.jar with ClasspathEntrySnapshotTransform
13:15:07.062 [INFO]  [Validating] > Transforming annotations-13.0.jar with ClasspathEntrySnapshotTransform
13:15:07.062 [INFO]  [Validating] > Build cache key for task ':detekt-report-html:compileKotlin' is 6c859146cd23e1ce4901100fa935d173
13:15:07.062 [INFO]  [Validating] > Skipping task ':detekt-report-html:compileKotlin' as it is up-to-date.
13:15:07.062 [INFO]  [Validating] > work action resolve main (project :detekt-report-html) (Thread[included builds,5,main]) started.
13:15:07.062 [INFO]  [Validating] > Resolve mutations for :detekt-report-html:compileJava (Thread[Execution worker Thread 6,5,main]) started.
13:15:07.062 [INFO]  [Validating] > :detekt-report-html:compileJava (Thread[Execution worker Thread 6,5,main]) started.
13:15:07.062 [INFO]  [Validating] > 
13:15:07.062 [INFO]  [Validating] > > Task :detekt-report-md:compileKotlin UP-TO-DATE
13:15:07.062 [INFO]  [Validating] > Transforming main with ClasspathEntrySnapshotTransform
13:15:07.062 [INFO]  [Validating] > Transforming main with ClasspathEntrySnapshotTransform
13:15:07.062 [INFO]  [Validating] > Transforming main with ClasspathEntrySnapshotTransform
13:15:07.062 [INFO]  [Validating] > Transforming main with ClasspathEntrySnapshotTransform
13:15:07.062 [INFO]  [Validating] > Transforming kotlin-stdlib-jdk8-1.8.22.jar with ClasspathEntrySnapshotTransform
13:15:07.062 [INFO]  [Validating] > Transforming kotlin-stdlib-jdk7-1.8.22.jar with ClasspathEntrySnapshotTransform
13:15:07.062 [INFO]  [Validating] > Transforming kotlin-stdlib-1.8.22.jar with ClasspathEntrySnapshotTransform
13:15:07.062 [INFO]  [Validating] > Transforming kotlin-compiler-embeddable-1.8.22.jar with ClasspathEntrySnapshotTransform
13:15:07.062 [INFO]  [Validating] > Transforming kotlin-stdlib-common-1.8.22.jar with ClasspathEntrySnapshotTransform
13:15:07.062 [INFO]  [Validating] > Transforming annotations-13.0.jar with ClasspathEntrySnapshotTransform
13:15:07.062 [INFO]  [Validating] > Build cache key for task ':detekt-report-md:compileKotlin' is daaa1a6d2f4425c07ab3d08a334ba819
13:15:07.062 [INFO]  [Validating] > Skipping task ':detekt-report-md:compileKotlin' as it is up-to-date.
13:15:07.062 [INFO]  [Validating] > 
13:15:07.062 [INFO]  [Validating] > > Task :detekt-report-txt:jar UP-TO-DATE
13:15:07.062 [INFO]  [Validating] > Caching disabled for task ':detekt-report-txt:jar' because:
13:15:07.062 [INFO]  [Validating] >   Not worth caching
13:15:07.062 [INFO]  [Validating] > Skipping task ':detekt-report-txt:jar' as it is up-to-date.
13:15:07.062 [INFO]  [Validating] > work action resolve detekt-report-txt-1.23.0.jar (project :detekt-report-txt) (Thread[Execution worker Thread 7,5,main]) started.
13:15:07.062 [INFO]  [Validating] > Resolve mutations for :detekt-report-md:compileJava (Thread[Execution worker Thread 4,5,main]) started.
13:15:07.062 [INFO]  [Validating] > work action resolve main (project :detekt-report-md) (Thread[Execution worker Thread 7,5,main]) started.
13:15:07.062 [INFO]  [Validating] > :detekt-report-md:compileJava (Thread[Execution worker Thread 4,5,main]) started.
13:15:07.062 [INFO]  [Validating] > 
13:15:07.062 [INFO]  [Validating] > > Task :detekt-report-html:compileJava NO-SOURCE
13:15:07.062 [INFO]  [Validating] > Skipping task ':detekt-report-html:compileJava' as it has no source files and no previous output files.
13:15:07.062 [INFO]  [Validating] > work action resolve main (project :detekt-report-html) (Thread[Execution worker Thread 6,5,main]) started.
13:15:07.062 [INFO]  [Validating] > Resolve mutations for :detekt-report-html:classes (Thread[included builds,5,main]) started.
13:15:07.062 [INFO]  [Validating] > :detekt-report-html:classes (Thread[included builds,5,main]) started.
13:15:07.062 [INFO]  [Validating] > 
13:15:07.062 [INFO]  [Validating] > > Task :detekt-report-html:classes UP-TO-DATE
13:15:07.062 [INFO]  [Validating] > Skipping task ':detekt-report-html:classes' as it has no actions.
13:15:07.062 [INFO]  [Validating] > work action resolve main (project :detekt-report-html) (Thread[Execution worker Thread 7,5,main]) started.
13:15:07.062 [INFO]  [Validating] > Resolve mutations for :detekt-report-html:jar (Thread[included builds,5,main]) started.
13:15:07.062 [INFO]  [Validating] > 
13:15:07.062 [INFO]  [Validating] > > Task :detekt-report-md:compileJava NO-SOURCE
13:15:07.062 [INFO]  [Validating] > Skipping task ':detekt-report-md:compileJava' as it has no source files and no previous output files.
13:15:07.062 [INFO]  [Validating] > work action resolve main (project :detekt-report-md) (Thread[Execution worker Thread 4,5,main]) started.
13:15:07.062 [INFO]  [Validating] > 
13:15:07.062 [INFO]  [Validating] > > Task :detekt-report-sarif:compileKotlin UP-TO-DATE
13:15:07.062 [INFO]  [Validating] > Transforming main with ClasspathEntrySnapshotTransform
13:15:07.062 [INFO]  [Validating] > Transforming main with ClasspathEntrySnapshotTransform
13:15:07.062 [INFO]  [Validating] > Transforming main with ClasspathEntrySnapshotTransform
13:15:07.062 [INFO]  [Validating] > Transforming sarif4k-jvm-0.4.0.jar with ClasspathEntrySnapshotTransform
13:15:07.062 [INFO]  [Validating] > Transforming kotlinx-serialization-json-jvm-1.4.1.jar with ClasspathEntrySnapshotTransform
13:15:07.062 [INFO]  [Validating] > Transforming kotlinx-serialization-core-jvm-1.4.1.jar with ClasspathEntrySnapshotTransform
13:15:07.062 [INFO]  [Validating] > Transforming kotlin-stdlib-jdk8-1.8.22.jar with ClasspathEntrySnapshotTransform
13:15:07.062 [INFO]  [Validating] > Transforming kotlin-stdlib-jdk7-1.8.22.jar with ClasspathEntrySnapshotTransform
13:15:07.062 [INFO]  [Validating] > Transforming kotlin-stdlib-1.8.22.jar with ClasspathEntrySnapshotTransform
13:15:07.062 [INFO]  [Validating] > Transforming kotlin-compiler-embeddable-1.8.22.jar with ClasspathEntrySnapshotTransform
13:15:07.062 [INFO]  [Validating] > Transforming kotlin-stdlib-common-1.8.22.jar with ClasspathEntrySnapshotTransform
13:15:07.062 [INFO]  [Validating] > Transforming annotations-13.0.jar with ClasspathEntrySnapshotTransform
13:15:07.062 [INFO]  [Validating] > Build cache key for task ':detekt-report-sarif:compileKotlin' is 1408222aca0d0bdec3a09706c778f66a
13:15:07.062 [INFO]  [Validating] > Skipping task ':detekt-report-sarif:compileKotlin' as it is up-to-date.
13:15:07.062 [INFO]  [Validating] > Resolve mutations for :detekt-report-md:classes (Thread[Execution worker Thread 5,5,main]) started.
13:15:07.062 [INFO]  [Validating] > work action resolve main (project :detekt-report-md) (Thread[Execution worker Thread 7,5,main]) started.
13:15:07.062 [INFO]  [Validating] > :detekt-report-html:jar (Thread[included builds,5,main]) started.
13:15:07.062 [INFO]  [Validating] > work action resolve main (project :detekt-report-sarif) (Thread[Execution worker Thread 4,5,main]) started.
13:15:07.062 [INFO]  [Validating] > :detekt-report-md:classes (Thread[Execution worker Thread 5,5,main]) started.
13:15:07.062 [INFO]  [Validating] > 
13:15:07.062 [INFO]  [Validating] > > Task :detekt-report-md:classes UP-TO-DATE
13:15:07.062 [INFO]  [Validating] > Skipping task ':detekt-report-md:classes' as it has no actions.
13:15:07.062 [INFO]  [Validating] > Resolve mutations for :detekt-report-md:jar (Thread[Execution worker Thread 5,5,main]) started.
13:15:07.062 [INFO]  [Validating] > Resolve mutations for :detekt-report-sarif:compileJava (Thread[Execution worker Thread 2,5,main]) started.
13:15:07.062 [INFO]  [Validating] > :detekt-report-md:jar (Thread[Execution worker Thread 5,5,main]) started.
13:15:07.062 [INFO]  [Validating] > :detekt-report-sarif:compileJava (Thread[Execution worker Thread 2,5,main]) started.
13:15:07.062 [INFO]  [Validating] > 
13:15:07.062 [INFO]  [Validating] > > Task :detekt-report-sarif:compileJava NO-SOURCE
13:15:07.062 [INFO]  [Validating] > Skipping task ':detekt-report-sarif:compileJava' as it has no source files and no previous output files.
13:15:07.062 [INFO]  [Validating] > work action resolve main (project :detekt-report-sarif) (Thread[Execution worker Thread 2,5,main]) started.
13:15:07.062 [INFO]  [Validating] > Resolve mutations for :detekt-report-sarif:classes (Thread[Execution worker Thread 7,5,main]) started.
13:15:07.062 [INFO]  [Validating] > work action resolve main (project :detekt-report-sarif) (Thread[Execution worker Thread 6,5,main]) started.
13:15:07.062 [INFO]  [Validating] > :detekt-report-sarif:classes (Thread[Execution worker Thread 7,5,main]) started.
13:15:07.062 [INFO]  [Validating] > 
13:15:07.062 [INFO]  [Validating] > > Task :detekt-report-sarif:classes UP-TO-DATE
13:15:07.062 [INFO]  [Validating] > Skipping task ':detekt-report-sarif:classes' as it has no actions.
13:15:07.062 [INFO]  [Validating] > Resolve mutations for :detekt-core:compileKotlin (Thread[Execution worker Thread 6,5,main]) started.
13:15:07.062 [INFO]  [Validating] > Resolve mutations for :detekt-report-sarif:jar (Thread[Execution worker Thread 7,5,main]) started.
13:15:07.062 [INFO]  [Validating] > :detekt-core:compileKotlin (Thread[Execution worker Thread 6,5,main]) started.
13:15:07.062 [INFO]  [Validating] > :detekt-report-sarif:jar (Thread[Execution worker Thread 7,5,main]) started.
13:15:07.062 [INFO]  [Validating] > 
13:15:07.062 [INFO]  [Validating] > > Task :detekt-core:compileKotlin UP-TO-DATE
13:15:07.062 [INFO]  [Validating] > Transforming main with ClasspathEntrySnapshotTransform
13:15:07.062 [INFO]  [Validating] > Transforming main with ClasspathEntrySnapshotTransform
13:15:07.062 [INFO]  [Validating] > Transforming main with ClasspathEntrySnapshotTransform
13:15:07.062 [INFO]  [Validating] > Transforming main with ClasspathEntrySnapshotTransform
13:15:07.062 [INFO]  [Validating] > Transforming main with ClasspathEntrySnapshotTransform
13:15:07.062 [INFO]  [Validating] > Transforming main with ClasspathEntrySnapshotTransform
13:15:07.062 [INFO]  [Validating] > Transforming main with ClasspathEntrySnapshotTransform
13:15:07.062 [INFO]  [Validating] > Transforming main with ClasspathEntrySnapshotTransform
13:15:07.062 [INFO]  [Validating] > Transforming main with ClasspathEntrySnapshotTransform
13:15:07.062 [INFO]  [Validating] > Transforming main with ClasspathEntrySnapshotTransform
13:15:07.062 [INFO]  [Validating] > Transforming main with ClasspathEntrySnapshotTransform
13:15:07.062 [INFO]  [Validating] > Transforming kotlin-stdlib-jdk8-1.8.22.jar with ClasspathEntrySnapshotTransform
13:15:07.062 [INFO]  [Validating] > Transforming snakeyaml-engine-2.6.jar with ClasspathEntrySnapshotTransform
13:15:07.062 [INFO]  [Validating] > Transforming kotlin-reflect-1.8.22.jar with ClasspathEntrySnapshotTransform
13:15:07.062 [INFO]  [Validating] > Transforming kotlin-compiler-embeddable-1.8.22.jar with ClasspathEntrySnapshotTransform
13:15:07.062 [INFO]  [Validating] > Transforming kotlin-stdlib-jdk7-1.8.22.jar with ClasspathEntrySnapshotTransform
13:15:07.062 [INFO]  [Validating] > Transforming kotlin-stdlib-1.8.22.jar with ClasspathEntrySnapshotTransform
13:15:07.062 [INFO]  [Validating] > Transforming kotlin-stdlib-common-1.8.22.jar with ClasspathEntrySnapshotTransform
13:15:07.062 [INFO]  [Validating] > Transforming annotations-13.0.jar with ClasspathEntrySnapshotTransform
13:15:07.062 [INFO]  [Validating] > Build cache key for task ':detekt-core:compileKotlin' is 87bd0f24f712da0d88bc26872abfe7d2
13:15:07.062 [INFO]  [Validating] > Skipping task ':detekt-core:compileKotlin' as it is up-to-date.
13:15:07.063 [INFO]  [Validating] > Resolve mutations for :detekt-core:compileJava (Thread[Execution worker Thread 6,5,main]) started.
13:15:07.063 [INFO]  [Validating] > work action resolve main (project :detekt-core) (Thread[Execution worker Thread 2,5,main]) started.
13:15:07.063 [INFO]  [Validating] > :detekt-core:compileJava (Thread[Execution worker Thread 6,5,main]) started.
13:15:07.063 [INFO]  [Validating] > 
13:15:07.063 [INFO]  [Validating] > > Task :detekt-core:compileJava NO-SOURCE
13:15:07.063 [INFO]  [Validating] > Skipping task ':detekt-core:compileJava' as it has no source files and no previous output files.
13:15:07.063 [INFO]  [Validating] > Resolve mutations for :detekt-core:classes (Thread[Execution worker Thread 6,5,main]) started.
13:15:07.063 [INFO]  [Validating] > work action resolve main (project :detekt-core) (Thread[Execution worker Thread 2,5,main]) started.
13:15:07.063 [INFO]  [Validating] > work action resolve main (project :detekt-core) (Thread[Execution worker Thread 4,5,main]) started.
13:15:07.063 [INFO]  [Validating] > :detekt-core:classes (Thread[Execution worker Thread 6,5,main]) started.
13:15:07.063 [INFO]  [Validating] > Resolve mutations for :detekt-test:compileKotlin (Thread[Execution worker Thread 4,5,main]) started.
13:15:07.063 [INFO]  [Validating] > 
13:15:07.063 [INFO]  [Validating] > > Task :detekt-core:classes UP-TO-DATE
13:15:07.063 [INFO]  [Validating] > Skipping task ':detekt-core:classes' as it has no actions.
13:15:07.063 [INFO]  [Validating] > Resolve mutations for :detekt-core:jar (Thread[Execution worker Thread 6,5,main]) started.
13:15:07.063 [INFO]  [Validating] > :detekt-core:jar (Thread[Execution worker Thread 6,5,main]) started.
13:15:07.063 [INFO]  [Validating] > :detekt-test:compileKotlin (Thread[Execution worker Thread 4,5,main]) started.
13:15:07.063 [INFO]  [Validating] > 
13:15:07.063 [INFO]  [Validating] > > Task :detekt-test:compileKotlin UP-TO-DATE
13:15:07.063 [INFO]  [Validating] > Transforming main with ClasspathEntrySnapshotTransform
13:15:07.063 [INFO]  [Validating] > Transforming main with ClasspathEntrySnapshotTransform
13:15:07.063 [INFO]  [Validating] > Transforming main with ClasspathEntrySnapshotTransform
13:15:07.063 [INFO]  [Validating] > Transforming main with ClasspathEntrySnapshotTransform
13:15:07.063 [INFO]  [Validating] > Transforming main with ClasspathEntrySnapshotTransform
13:15:07.063 [INFO]  [Validating] > Transforming main with ClasspathEntrySnapshotTransform
13:15:07.063 [INFO]  [Validating] > Transforming main with ClasspathEntrySnapshotTransform
13:15:07.063 [INFO]  [Validating] > Transforming kotlin-stdlib-jdk8-1.8.22.jar with ClasspathEntrySnapshotTransform
13:15:07.063 [INFO]  [Validating] > Transforming assertj-core-3.24.2.jar with ClasspathEntrySnapshotTransform
13:15:07.063 [INFO]  [Validating] > Transforming kotlin-compiler-embeddable-1.8.22.jar with ClasspathEntrySnapshotTransform
13:15:07.063 [INFO]  [Validating] > Transforming junit-platform-commons-1.9.3.jar with ClasspathEntrySnapshotTransform
13:15:07.063 [INFO]  [Validating] > Transforming junit-jupiter-api-5.9.3.jar with ClasspathEntrySnapshotTransform
13:15:07.063 [INFO]  [Validating] > Transforming kotlin-stdlib-jdk7-1.8.22.jar with ClasspathEntrySnapshotTransform
13:15:07.063 [INFO]  [Validating] > Transforming kotlin-stdlib-1.8.22.jar with ClasspathEntrySnapshotTransform
13:15:07.063 [INFO]  [Validating] > Transforming byte-buddy-1.12.21.jar with ClasspathEntrySnapshotTransform
13:15:07.063 [INFO]  [Validating] > Transforming opentest4j-1.2.0.jar with ClasspathEntrySnapshotTransform
13:15:07.063 [INFO]  [Validating] > Transforming apiguardian-api-1.1.2.jar with ClasspathEntrySnapshotTransform
13:15:07.063 [INFO]  [Validating] > Transforming kotlin-stdlib-common-1.8.22.jar with ClasspathEntrySnapshotTransform
13:15:07.063 [INFO]  [Validating] > Transforming annotations-13.0.jar with ClasspathEntrySnapshotTransform
13:15:07.063 [INFO]  [Validating] > Build cache key for task ':detekt-test:compileKotlin' is 3b4e9cc97ddb472bf0406062a9c686d1
13:15:07.063 [INFO]  [Validating] > Skipping task ':detekt-test:compileKotlin' as it is up-to-date.
13:15:07.063 [INFO]  [Validating] > Resolve mutations for :detekt-test:compileJava (Thread[Execution worker Thread 4,5,main]) started.
13:15:07.063 [INFO]  [Validating] > work action resolve main (project :detekt-test) (Thread[Execution worker Thread 2,5,main]) started.
13:15:07.063 [INFO]  [Validating] > :detekt-test:compileJava (Thread[Execution worker Thread 4,5,main]) started.
13:15:07.063 [INFO]  [Validating] > 
13:15:07.063 [INFO]  [Validating] > > Task :detekt-test:compileJava NO-SOURCE
13:15:07.063 [INFO]  [Validating] > Skipping task ':detekt-test:compileJava' as it has no source files and no previous output files.
13:15:07.063 [INFO]  [Validating] > work action resolve main (project :detekt-test) (Thread[Execution worker Thread 4,5,main]) started.
13:15:07.063 [INFO]  [Validating] > work action resolve main (project :detekt-test) (Thread[Execution worker Thread 2,5,main]) started.
13:15:07.063 [INFO]  [Validating] > Resolve mutations for :detekt-test:classes (Thread[Execution worker Thread 4,5,main]) started.
13:15:07.063 [INFO]  [Validating] > Resolve mutations for :detekt-rules-empty:compileTestKotlin (Thread[Execution worker Thread 2,5,main]) started.
13:15:07.063 [INFO]  [Validating] > :detekt-test:classes (Thread[Execution worker Thread 4,5,main]) started.
13:15:07.063 [INFO]  [Validating] > 
13:15:07.063 [INFO]  [Validating] > > Task :detekt-test:classes UP-TO-DATE
13:15:07.063 [INFO]  [Validating] > Skipping task ':detekt-test:classes' as it has no actions.
13:15:07.063 [INFO]  [Validating] > Resolve mutations for :detekt-test:jar (Thread[Execution worker Thread 4,5,main]) started.
13:15:07.063 [INFO]  [Validating] > :detekt-test:jar (Thread[Execution worker Thread 4,5,main]) started.
13:15:07.063 [INFO]  [Validating] > :detekt-rules-empty:compileTestKotlin (Thread[Execution worker Thread 2,5,main]) started.
13:15:07.063 [INFO]  [Validating] > 
13:15:07.063 [INFO]  [Validating] > > Task :detekt-report-xml:jar UP-TO-DATE
13:15:07.063 [INFO]  [Validating] > Caching disabled for task ':detekt-report-xml:jar' because:
13:15:07.063 [INFO]  [Validating] >   Not worth caching
13:15:07.063 [INFO]  [Validating] > Skipping task ':detekt-report-xml:jar' as it is up-to-date.
13:15:07.063 [INFO]  [Validating] > 
13:15:07.063 [INFO]  [Validating] > > Task :detekt-test-utils:jar UP-TO-DATE
13:15:07.063 [INFO]  [Validating] > Caching disabled for task ':detekt-test-utils:jar' because:
13:15:07.063 [INFO]  [Validating] >   Not worth caching
13:15:07.063 [INFO]  [Validating] > Skipping task ':detekt-test-utils:jar' as it is up-to-date.
13:15:07.063 [INFO]  [Validating] > 
13:15:07.063 [INFO]  [Validating] > > Task :detekt-metrics:jar UP-TO-DATE
13:15:07.063 [INFO]  [Validating] > Caching disabled for task ':detekt-metrics:jar' because:
13:15:07.063 [INFO]  [Validating] >   Not worth caching
13:15:07.063 [INFO]  [Validating] > Skipping task ':detekt-metrics:jar' as it is up-to-date.
13:15:07.063 [INFO]  [Validating] > work action resolve detekt-report-xml-1.23.0.jar (project :detekt-report-xml) (Thread[Execution worker Thread 8,5,main]) started.
13:15:07.063 [INFO]  [Validating] > work action resolve detekt-test-utils-1.23.0.jar (project :detekt-test-utils) (Thread[Execution worker Thread 3,5,main]) started.
13:15:07.063 [INFO]  [Validating] > work action resolve detekt-metrics-1.23.0.jar (project :detekt-metrics) (Thread[Execution worker,5,main]) started.
13:15:07.063 [INFO]  [Validating] > 
13:15:07.063 [INFO]  [Validating] > > Task :detekt-tooling:jar UP-TO-DATE
13:15:07.063 [INFO]  [Validating] > Caching disabled for task ':detekt-tooling:jar' because:
13:15:07.063 [INFO]  [Validating] >   Not worth caching
13:15:07.063 [INFO]  [Validating] > Skipping task ':detekt-tooling:jar' as it is up-to-date.
13:15:07.063 [INFO]  [Validating] > work action resolve detekt-tooling-1.23.0.jar (project :detekt-tooling) (Thread[Execution worker Thread 9,5,main]) started.
13:15:07.063 [INFO]  [Validating] > 
13:15:07.063 [INFO]  [Validating] > > Task :detekt-report-html:jar UP-TO-DATE
13:15:07.063 [INFO]  [Validating] > Caching disabled for task ':detekt-report-html:jar' because:
13:15:07.063 [INFO]  [Validating] >   Not worth caching
13:15:07.063 [INFO]  [Validating] > Skipping task ':detekt-report-html:jar' as it is up-to-date.
13:15:07.063 [INFO]  [Validating] > work action resolve detekt-report-html-1.23.0.jar (project :detekt-report-html) (Thread[included builds,5,main]) started.
13:15:07.063 [INFO]  [Validating] > 
13:15:07.063 [INFO]  [Validating] > > Task :detekt-report-sarif:jar UP-TO-DATE
13:15:07.063 [INFO]  [Validating] > Caching disabled for task ':detekt-report-sarif:jar' because:
13:15:07.063 [INFO]  [Validating] >   Not worth caching
13:15:07.063 [INFO]  [Validating] > Skipping task ':detekt-report-sarif:jar' as it is up-to-date.
13:15:07.063 [INFO]  [Validating] > work action resolve detekt-report-sarif-1.23.0.jar (project :detekt-report-sarif) (Thread[Execution worker Thread 7,5,main]) started.
13:15:07.063 [INFO]  [Validating] > 
13:15:07.063 [INFO]  [Validating] > > Task :detekt-report-md:jar UP-TO-DATE
13:15:07.063 [INFO]  [Validating] > Caching disabled for task ':detekt-report-md:jar' because:
13:15:07.063 [INFO]  [Validating] >   Not worth caching
13:15:07.063 [INFO]  [Validating] > Skipping task ':detekt-report-md:jar' as it is up-to-date.
13:15:07.063 [INFO]  [Validating] > work action resolve detekt-report-md-1.23.0.jar (project :detekt-report-md) (Thread[Execution worker Thread 5,5,main]) started.
13:15:07.063 [INFO]  [Validating] > 
13:15:07.063 [INFO]  [Validating] > > Task :detekt-test:jar UP-TO-DATE
13:15:07.063 [INFO]  [Validating] > Caching disabled for task ':detekt-test:jar' because:
13:15:07.063 [INFO]  [Validating] >   Not worth caching
13:15:07.063 [INFO]  [Validating] > Skipping task ':detekt-test:jar' as it is up-to-date.
13:15:07.063 [INFO]  [Validating] > work action resolve detekt-test-1.23.0.jar (project :detekt-test) (Thread[Execution worker Thread 4,5,main]) started.
13:15:07.063 [INFO]  [Validating] > 
13:15:07.063 [INFO]  [Validating] > > Task :detekt-core:jar UP-TO-DATE
13:15:07.063 [INFO]  [Validating] > Caching disabled for task ':detekt-core:jar' because:
13:15:07.063 [INFO]  [Validating] >   Not worth caching
13:15:07.063 [INFO]  [Validating] > Skipping task ':detekt-core:jar' as it is up-to-date.
13:15:07.063 [INFO]  [Validating] > work action resolve detekt-core-1.23.0.jar (project :detekt-core) (Thread[Execution worker Thread 6,5,main]) started.
13:15:07.063 [INFO]  [Validating] > 
13:15:07.063 [INFO]  [Validating] > > Task :detekt-rules-empty:compileTestKotlin FROM-CACHE
13:15:07.063 [INFO]  [Validating] > Transforming main with ClasspathEntrySnapshotTransform
13:15:07.063 [INFO]  [Validating] > Transforming main with ClasspathEntrySnapshotTransform
13:15:07.063 [INFO]  [Validating] > Transforming main with ClasspathEntrySnapshotTransform
13:15:07.063 [INFO]  [Validating] > Transforming main with ClasspathEntrySnapshotTransform
13:15:07.063 [INFO]  [Validating] > Transforming main with ClasspathEntrySnapshotTransform
13:15:07.063 [INFO]  [Validating] > Transforming main with ClasspathEntrySnapshotTransform
13:15:07.063 [INFO]  [Validating] > Transforming kotlin-stdlib-jdk8-1.8.22.jar with ClasspathEntrySnapshotTransform
13:15:07.063 [INFO]  [Validating] > Transforming assertj-core-3.24.2.jar with ClasspathEntrySnapshotTransform
13:15:07.063 [INFO]  [Validating] > Transforming junit-jupiter-params-5.9.3.jar with ClasspathEntrySnapshotTransform
13:15:07.063 [INFO]  [Validating] > Transforming junit-jupiter-api-5.9.3.jar with ClasspathEntrySnapshotTransform
13:15:07.063 [INFO]  [Validating] > Transforming junit-platform-commons-1.9.3.jar with ClasspathEntrySnapshotTransform
13:15:07.063 [INFO]  [Validating] > Transforming junit-jupiter-5.9.3.jar with ClasspathEntrySnapshotTransform
13:15:07.063 [INFO]  [Validating] > Transforming kotlin-stdlib-jdk7-1.8.22.jar with ClasspathEntrySnapshotTransform
13:15:07.063 [INFO]  [Validating] > Transforming kotlin-stdlib-1.8.22.jar with ClasspathEntrySnapshotTransform
13:15:07.063 [INFO]  [Validating] > Transforming kotlin-stdlib-common-1.8.22.jar with ClasspathEntrySnapshotTransform
13:15:07.063 [INFO]  [Validating] > Transforming annotations-13.0.jar with ClasspathEntrySnapshotTransform
13:15:07.063 [INFO]  [Validating] > Transforming kotlin-compiler-embeddable-1.8.22.jar with ClasspathEntrySnapshotTransform
13:15:07.063 [INFO]  [Validating] > Transforming byte-buddy-1.12.21.jar with ClasspathEntrySnapshotTransform
13:15:07.063 [INFO]  [Validating] > Transforming opentest4j-1.2.0.jar with ClasspathEntrySnapshotTransform
13:15:07.063 [INFO]  [Validating] > Transforming apiguardian-api-1.1.2.jar with ClasspathEntrySnapshotTransform
13:15:07.063 [INFO]  [Validating] > Build cache key for task ':detekt-rules-empty:compileTestKotlin' is 205bc52903efdd62ea3f5abef3ed81b5
13:15:07.063 [INFO]  [Validating] > Task ':detekt-rules-empty:compileTestKotlin' is not up-to-date because:
13:15:07.063 [INFO]  [Validating] >   Input property 'javaSources' file /Users/mnedzelskii/gits/detekt/detekt-rules-empty/src/test/java/DummyJUnitJupiterLauncherDiffblueTest.java has been removed.
13:15:07.063 [INFO]  [Validating] >   Input property 'javaSources' file /Users/mnedzelskii/gits/detekt/detekt-rules-empty/src/test/java/io/gitlab/arturbosch/detekt/rules/empty/EmptyCodeProviderDiffblueTest.java has been added.
13:15:07.063 [INFO]  [Validating] > Loaded cache entry for task ':detekt-rules-empty:compileTestKotlin' with cache key 205bc52903efdd62ea3f5abef3ed81b5
13:15:07.063 [INFO]  [Validating] > Resolve mutations for :detekt-rules-empty:compileTestJava (Thread[Execution worker Thread 2,5,main]) started.
13:15:07.063 [INFO]  [Validating] > :detekt-rules-empty:compileTestJava (Thread[Execution worker Thread 2,5,main]) started.
13:15:07.063 [INFO]  [Validating] > 
13:15:07.063 [INFO]  [Validating] > > Task :detekt-rules-empty:compileTestJava FROM-CACHE
13:15:07.063 [INFO]  [Validating] > Build cache key for task ':detekt-rules-empty:compileTestJava' is fe6f66de0eef573066335a58b6a95a48
13:15:07.063 [INFO]  [Validating] > Task ':detekt-rules-empty:compileTestJava' is not up-to-date because:
13:15:07.063 [INFO]  [Validating] >   Input property 'stableSources' file /Users/mnedzelskii/gits/detekt/detekt-rules-empty/src/test/java/DummyJUnitJupiterLauncherDiffblueTest.java has been removed.
13:15:07.063 [INFO]  [Validating] >   Input property 'stableSources' file /Users/mnedzelskii/gits/detekt/detekt-rules-empty/src/test/java/io/gitlab/arturbosch/detekt/rules/empty/EmptyCodeProviderDiffblueTest.java has been added.
13:15:07.063 [INFO]  [Validating] > Loaded cache entry for task ':detekt-rules-empty:compileTestJava' with cache key fe6f66de0eef573066335a58b6a95a48
13:15:07.063 [INFO]  [Validating] > Resolve mutations for :detekt-rules-empty:testClasses (Thread[Execution worker Thread 2,5,main]) started.
13:15:07.063 [INFO]  [Validating] > :detekt-rules-empty:testClasses (Thread[Execution worker Thread 3,5,main]) started.
13:15:07.063 [INFO]  [Validating] > 
13:15:07.063 [INFO]  [Validating] > > Task :detekt-rules-empty:testClasses UP-TO-DATE
13:15:07.063 [INFO]  [Validating] > Skipping task ':detekt-rules-empty:testClasses' as it has no actions.
13:15:07.063 [INFO]  [Validating] > Resolve mutations for :detekt-rules-empty:test (Thread[Execution worker Thread 3,5,main]) started.
13:15:07.063 [INFO]  [Validating] > :detekt-rules-empty:test (Thread[Execution worker Thread 3,5,main]) started.
13:15:07.063 [INFO]  [Validating] > 
13:15:07.063 [INFO]  [Validating] > > Task :detekt-rules-empty:test FROM-CACHE
13:15:07.063 [INFO]  [Validating] > Build cache key for task ':detekt-rules-empty:test' is 09d9594fb341be00782f425635b04a33
13:15:07.063 [INFO]  [Validating] > Task ':detekt-rules-empty:test' is not up-to-date because:
13:15:07.063 [INFO]  [Validating] >   Value of input property 'filter.failOnNoMatchingTests' has changed for task ':detekt-rules-empty:test'
13:15:07.063 [INFO]  [Validating] >   Value of input property 'filter.includePatterns' has changed for task ':detekt-rules-empty:test'
13:15:07.063 [INFO]  [Validating] > Loaded cache entry for task ':detekt-rules-empty:test' with cache key 09d9594fb341be00782f425635b04a33
13:15:07.063 [INFO]  [Validating] > 
13:15:07.063 [INFO]  [Validating] > BUILD SUCCESSFUL in 413ms
13:15:07.063 [INFO]  [Validating] > 39 actionable tasks: 3 from cache, 36 up-to-date
13:15:07.063 [INFO]  [Validating] > Watched directory hierarchies: [/Users/mnedzelskii/gits/detekt]
13:15:07.063 [INFO]  [Validating] > Configuration cache entry reused.
13:15:07.063 [INFO]  [Validating] Standard error of build tool (Gradle)
13:15:07.064 [INFO]  [Validating] > 
13:15:07.073 [INFO]  [Validating] 1 created test was successfully validated.
13:15:07.259 [INFO]  [Reporting] Writing JSON report to /Users/mnedzelskii/gits/detekt/detekt-rules-empty/.diffblue/reports/report.json
13:15:07.290 [INFO]  [Reporting] 
13:15:07.290 [WARN]  [Reporting] Cover completed with warnings
  The following warnings should be addressed to ensure that
  the highest quantity and quality of tests can be created:
-----------------------------------------------------------
13:13:19.325 [WARN]  [Checking] E052: Missing dependency
Unable to mock method inputs because Mockito 2.22.0 or later is not present on the classpath.
Required dependencies were not found.
Please add the following dependencies to your project:
  testImplementation("org.mockito:mockito-core:4.11.0")
13:15:07.290 [INFO]  [Reporting] Log file: /Users/mnedzelskii/gits/detekt/detekt-rules-empty/.diffblue/log/user-20230706T131308.log
13:15:07.290 [INFO]  [Reporting] Finished in 1m 58s
