13:23:43.725 [INFO]  [Preparing] Diffblue Cover 2023.07.02-SNAPSHOT-0623e01-local
13:23:43.726 [INFO]  [Preparing] 
13:23:43.726 [INFO]  [Preparing] Running: dcover create --working-directory detekt-rules-exceptions io.github io.gitlab
13:23:43.878 [INFO]  [Checking] Detecting environment:
13:23:43.878 [INFO]  [Checking] ----------------------
13:23:43.921 [INFO]  [Checking] Detected Java version 11.0.18
13:23:46.768 [INFO]  [Checking] Detected build system: Gradle 8.2
13:23:46.769 [INFO]  [Checking] Operating System: Mac OS X aarch64 13.4.1
13:23:46.769 [INFO]  [Checking] Default charset: UTF-8
13:23:46.769 [INFO]  [Checking] Default locale: en_GB
13:23:46.769 [INFO]  [Checking] Default time zone: Europe/London
13:23:46.770 [INFO]  [Checking] Selected build system: Gradle
13:23:46.774 [INFO]  [Checking] Selected classpath from build system Gradle
13:23:46.775 [INFO]  [Checking] Expanded classpath: 
/Users/mnedzelskii/gits/detekt/detekt-rules-exceptions/build/classes/kotlin/test
/Users/mnedzelskii/gits/detekt/detekt-rules-exceptions/build/classes/kotlin/main (code under test)
/Users/mnedzelskii/gits/detekt/detekt-rules-exceptions/build/resources/test
/Users/mnedzelskii/gits/detekt/detekt-rules-exceptions/build/classes/java/main
/Users/mnedzelskii/gits/detekt/detekt-rules-exceptions/build/resources/main
/Users/mnedzelskii/gits/detekt/detekt-test/build/libs/detekt-test-1.23.0.jar
/Users/mnedzelskii/gits/detekt/detekt-core/build/libs/detekt-core-1.23.0.jar
/Users/mnedzelskii/gits/detekt/detekt-tooling/build/libs/detekt-tooling-1.23.0.jar
/Users/mnedzelskii/gits/detekt/detekt-report-md/build/libs/detekt-report-md-1.23.0.jar
/Users/mnedzelskii/gits/detekt/detekt-metrics/build/libs/detekt-metrics-1.23.0.jar
/Users/mnedzelskii/gits/detekt/detekt-api/build/libs/detekt-api-1.23.0.jar
/Users/mnedzelskii/gits/detekt/detekt-test-utils/build/libs/detekt-test-utils-1.23.0.jar
/Users/mnedzelskii/gits/detekt/detekt-report-html/build/libs/detekt-report-html-1.23.0.jar
/Users/mnedzelskii/gits/detekt/detekt-utils/build/libs/detekt-utils-1.23.0.jar
/Users/mnedzelskii/gits/detekt/detekt-parser/build/libs/detekt-parser-1.23.0.jar
/Users/mnedzelskii/gits/detekt/detekt-psi-utils/build/libs/detekt-psi-utils-1.23.0.jar
/Users/mnedzelskii/gits/detekt/detekt-report-txt/build/libs/detekt-report-txt-1.23.0.jar
/Users/mnedzelskii/gits/detekt/detekt-report-xml/build/libs/detekt-report-xml-1.23.0.jar
/Users/mnedzelskii/gits/detekt/detekt-report-sarif/build/libs/detekt-report-sarif-1.23.0.jar
/Users/mnedzelskii/.gradle/caches/modules-2/files-2.1/org.jetbrains.kotlinx/kotlinx-coroutines-core-jvm/1.7.2/27cb5db69aeef59d8cc2a2cc2be4200f26091e72/kotlinx-coroutines-core-jvm-1.7.2.jar
/Users/mnedzelskii/.gradle/caches/modules-2/files-2.1/io.github.detekt.sarif4k/sarif4k-jvm/0.4.0/d3060993cd73b57ee61b260841bedcabb7dcbb02/sarif4k-jvm-0.4.0.jar
/Users/mnedzelskii/.gradle/caches/modules-2/files-2.1/org.jetbrains.kotlinx/kotlinx-serialization-json-jvm/1.4.1/e6430b33f06dcdff88998abfcb2e78bc3cd0a1f6/kotlinx-serialization-json-jvm-1.4.1.jar
/Users/mnedzelskii/.gradle/caches/modules-2/files-2.1/org.jetbrains.kotlinx/kotlinx-serialization-core-jvm/1.4.1/e0c2c11e5d0d541ca343c8f09602c0c2287d15a1/kotlinx-serialization-core-jvm-1.4.1.jar
/Users/mnedzelskii/.gradle/caches/modules-2/files-2.1/org.jetbrains.kotlin/kotlin-stdlib-jdk8/1.8.22/b25c86d47d6b962b9cf0f8c3f320c8a10eea3dd1/kotlin-stdlib-jdk8-1.8.22.jar
/Users/mnedzelskii/.gradle/caches/modules-2/files-2.1/org.assertj/assertj-core/3.24.2/ebbf338e33f893139459ce5df023115971c2786f/assertj-core-3.24.2.jar
/Users/mnedzelskii/.gradle/caches/modules-2/files-2.1/org.junit.jupiter/junit-jupiter-engine/5.9.3/355322b03bf39306a183162cd06626c206f0286b/junit-jupiter-engine-5.9.3.jar
/Users/mnedzelskii/.gradle/caches/modules-2/files-2.1/org.junit.jupiter/junit-jupiter-params/5.9.3/9e2a4bf6016a1975f408a73523392875cff7c26f/junit-jupiter-params-5.9.3.jar
/Users/mnedzelskii/.gradle/caches/modules-2/files-2.1/org.junit.jupiter/junit-jupiter-api/5.9.3/815818ad6ffcc8d320d8fbdf3d748c753cf83201/junit-jupiter-api-5.9.3.jar
/Users/mnedzelskii/.gradle/caches/modules-2/files-2.1/org.junit.platform/junit-platform-launcher/1.9.3/485650bfe2a2f39b606a6ca013285afda2eaee79/junit-platform-launcher-1.9.3.jar
/Users/mnedzelskii/.gradle/caches/modules-2/files-2.1/org.junit.platform/junit-platform-engine/1.9.3/8616734a190f8d307376aeb7353dba0a2c037a09/junit-platform-engine-1.9.3.jar
/Users/mnedzelskii/.gradle/caches/modules-2/files-2.1/org.junit.platform/junit-platform-commons/1.9.3/36b2e26a90c41603be7f0094bee80e3f8a2cd4d4/junit-platform-commons-1.9.3.jar
/Users/mnedzelskii/.gradle/caches/modules-2/files-2.1/org.junit.jupiter/junit-jupiter/5.9.3/72e840501e1550e9799c9a5cc9483d7d6b29e0ba/junit-jupiter-5.9.3.jar
/Users/mnedzelskii/.gradle/caches/modules-2/files-2.1/org.jetbrains.kotlin/kotlin-stdlib-jdk7/1.8.22/4dabb8248310d833bb6a8b516024a91fd3d275c/kotlin-stdlib-jdk7-1.8.22.jar
/Users/mnedzelskii/.gradle/caches/modules-2/files-2.1/org.jetbrains.kotlin/kotlin-compiler-embeddable/1.8.22/e2cf111da088dc807a74157741b4cd4b664edfb7/kotlin-compiler-embeddable-1.8.22.jar
/Users/mnedzelskii/.gradle/caches/modules-2/files-2.1/org.jetbrains.kotlin/kotlin-main-kts/1.8.22/2b1a8c5bfeb080adb7358a936c90792ce83e305a/kotlin-main-kts-1.8.22.jar
/Users/mnedzelskii/.gradle/caches/modules-2/files-2.1/org.jetbrains.kotlin/kotlin-reflect/1.8.22/b52be44bc57cb6fd2169a29aefa4507c4e49c858/kotlin-reflect-1.8.22.jar
/Users/mnedzelskii/.gradle/caches/modules-2/files-2.1/org.jetbrains.kotlin/kotlin-scripting-compiler-embeddable/1.8.22/3ab8e0416ba65a54c227c806cc034a462a08ff7/kotlin-scripting-compiler-embeddable-1.8.22.jar
/Users/mnedzelskii/.gradle/caches/modules-2/files-2.1/org.jetbrains.kotlin/kotlin-scripting-compiler-impl-embeddable/1.8.22/5703e4c2d1596a35912296fe484400d19129b3d2/kotlin-scripting-compiler-impl-embeddable-1.8.22.jar
/Users/mnedzelskii/.gradle/caches/modules-2/files-2.1/org.jetbrains.kotlin/kotlin-scripting-jvm/1.8.22/3291898dd4e49d49b921cd7baf679399ddfcd49d/kotlin-scripting-jvm-1.8.22.jar
/Users/mnedzelskii/.gradle/caches/modules-2/files-2.1/org.jetbrains.kotlin/kotlin-scripting-common/1.8.22/2ceb06ea7e19b183f3363ca8961be973c232937a/kotlin-scripting-common-1.8.22.jar
/Users/mnedzelskii/.gradle/caches/modules-2/files-2.1/org.jetbrains.kotlin/kotlin-stdlib/1.8.22/636bf8b320e7627482771bbac9ed7246773c02bd/kotlin-stdlib-1.8.22.jar
/Users/mnedzelskii/.gradle/caches/modules-2/files-2.1/org.jetbrains.kotlin/kotlin-stdlib-common/1.8.22/1a8e3601703ae14bb58757ea6b2d8e8e5935a586/kotlin-stdlib-common-1.8.22.jar
/Users/mnedzelskii/.gradle/caches/modules-2/files-2.1/org.jetbrains/annotations/13.0/919f0dfe192fb4e063e7dacadee7f8bb9a2672a9/annotations-13.0.jar
/Users/mnedzelskii/.gradle/caches/modules-2/files-2.1/org.opentest4j/opentest4j/1.2.0/28c11eb91f9b6d8e200631d46e20a7f407f2a046/opentest4j-1.2.0.jar
/Users/mnedzelskii/.gradle/caches/modules-2/files-2.1/net.bytebuddy/byte-buddy/1.12.21/1a257bbdb9288f2558d3767cc2cc22b499d5091c/byte-buddy-1.12.21.jar
/Users/mnedzelskii/.gradle/caches/modules-2/files-2.1/org.snakeyaml/snakeyaml-engine/2.6/235a7e571b33eda1a81e0f73a3173ef95dd020e5/snakeyaml-engine-2.6.jar
/Users/mnedzelskii/.gradle/caches/modules-2/files-2.1/org.jetbrains.kotlin/kotlin-script-runtime/1.8.22/ce5ff1f309623f8c1be5143bdba032c4a04cec3a/kotlin-script-runtime-1.8.22.jar
/Users/mnedzelskii/.gradle/caches/modules-2/files-2.1/org.jetbrains.kotlin/kotlin-daemon-embeddable/1.8.22/7d9f7e06a59d2fcbc9b373400c146f42fd722e81/kotlin-daemon-embeddable-1.8.22.jar
/Users/mnedzelskii/.gradle/caches/modules-2/files-2.1/org.jetbrains.intellij.deps/trove4j/1.0.20200330/3afb14d5f9ceb459d724e907a21145e8ff394f02/trove4j-1.0.20200330.jar
/Users/mnedzelskii/.gradle/caches/modules-2/files-2.1/net.java.dev.jna/jna/5.6.0/330f2244e9030119ab3030fc3fededc86713d9cc/jna-5.6.0.jar
/Users/mnedzelskii/.gradle/caches/modules-2/files-2.1/io.github.davidburstrom.contester/contester-breakpoint/0.2.0/a560e5402378928e889b2eab0cc958cbed8cfe5e/contester-breakpoint-0.2.0.jar
/Users/mnedzelskii/.gradle/caches/modules-2/files-2.1/org.jetbrains.kotlinx/kotlinx-html-jvm/0.8.1/1395513588aabf353f15a9f8023098651f1d76a/kotlinx-html-jvm-0.8.1.jar
13:23:47.308 [INFO]  [Checking] Detected test framework: JUnit Jupiter 5.9.3
13:23:47.370 [INFO]  [Checking] Detected JUnit Jupiter Engine version 5.9.3
13:23:47.401 [INFO]  [Checking] Detected JUnit Jupiter Params version 5.9.3
13:23:47.525 [INFO]  [Checking] Selected test output directory: /Users/mnedzelskii/gits/detekt/detekt-rules-exceptions/src/test/java
13:23:47.527 [INFO]  [Checking] Selected test framework: JUnit Jupiter
13:23:47.724 [INFO]  [Checking] Running: Using JAVA_HOME: /Users/mnedzelskii/.sdkman/candidates/java/current : in /Users/mnedzelskii/gits/detekt/detekt-rules-exceptions : gradle test -i  DummyJupiterDiffblueTest
13:23:49.713 [INFO]  [Checking] Running: Using JAVA_HOME: /Users/mnedzelskii/.sdkman/candidates/java/current : in /Users/mnedzelskii/gits/detekt/detekt-rules-exceptions : gradle test -i  DummyJUnitJupiterLauncherDiffblueTest
13:23:51.704 [INFO]  [Checking] Detected JVM architecture: 64-Bit
13:23:51.707 [INFO]  [Checking] Indexing...
13:23:54.325 [INFO]  [Checking] Selected Java language compliance level: 1.8
13:23:54.326 [INFO]  [Checking] Selected test validation: enabled
13:23:54.327 [INFO]  [Checking] Prefixes for filtering classes/methods:
13:23:54.328 [INFO]  [Checking] - io.github
13:23:54.328 [INFO]  [Checking] - io.gitlab
13:23:54.329 [INFO]  [Checking] Gathering methods to test...
13:23:55.246 [WARN]  [Checking] E052: Missing dependency
Unable to mock method inputs because Mockito 2.22.0 or later is not present on the classpath.
Required dependencies were not found.
Please add the following dependencies to your project:
  testImplementation("org.mockito:mockito-core:4.11.0")
13:23:55.256 [INFO]  [Reporting] 
13:23:55.256 [INFO]  [Reporting] Environment summary:
13:23:55.256 [INFO]  [Reporting] --------------------
13:23:55.258 [INFO]  [Reporting] Java version                  11.0.18                       SUCCESS        
13:23:55.258 [INFO]  [Reporting] Build system                  Gradle                        SUCCESS        
13:23:55.258 [WARN]  [Reporting] Mocking Framework                                           WARNING        
13:23:55.258 [INFO]  [Reporting] Testing framework             JUnit Jupiter 5               SUCCESS        
13:23:55.258 [INFO]  [Reporting] Launcher                      JUnit Jupiter                 SUCCESS        
13:23:55.258 [INFO]  [Reporting] Test validation               Enabled                       SUCCESS        
13:23:55.258 [INFO]  [Reporting] 
13:23:55.258 [WARN]  [Reporting] Environment check status: WARNING
13:23:55.291 [INFO]  [Creating] Found 62 callable methods in 17 classes
13:23:55.292 [INFO]  [Creating] 
13:23:55.292 [INFO]  [Creating] Creating tests:
13:23:55.292 [INFO]  [Creating] ---------------
13:23:55.304 [INFO]  [Creating] 
================================================================================
= Starting analysis for class 'io.gitlab.arturbosch.detekt.rules.exceptions.ExceptionRaisedInUnexpectedLocation'
================================================================================
13:23:55.305 [INFO]  [Creating] Filtering out non-testable methods...
13:23:58.411 [INFO]  [Creating] Filtering of methods complete. Creating analysis request
13:23:58.411 [INFO]  [Creating] Attempting to get service client, retry 1.
13:23:58.451 [INFO]  [Creating] Starting monitoring server.
13:23:58.569 [INFO]  [Creating] Monitoring server listening on localhost/127.0.0.1:62975
13:23:58.569 [INFO]  [Creating] Starting analyzer server process...
13:23:58.569 [INFO]  [Creating] Server command-line: /Users/mnedzelskii/.sdkman/candidates/java/11.0.18-amzn/bin/java -XX:+IgnoreUnrecognizedVMOptions -Djdk.attach.allowAttachSelf=true -ea -javaagent:/Users/mnedzelskii/gits/cover/cover-cli/target/launcher-2023.07.02-SNAPSHOT-shared-jar.jar -Dlogback.configurationFile=/var/folders/84/svd_5_t17l36s2xgx_7spshr0000gp/T/diffblue/config/logback-remote-service.xml -Dcom.diffblue.springIsolationJar=/Users/mnedzelskii/gits/cover/cover-cli/target/cover-isolation-layer-2023.07.02-SNAPSHOT.jar -Dcover.jar.path=/Users/mnedzelskii/gits/cover/cover-cli/target/cover-service-analyzer-2023.07.02-SNAPSHOT-jar-with-dependencies.jar -Dcom.diffblue.assertionSuggestionJar=/Users/mnedzelskii/gits/cover/cover-cli/target/cover-service-analyzer-2023.07.02-SNAPSHOT-jar-with-dependencies.jar -Dcover.main.class=com.diffblue.cover.service.analyzer.Main -jar /Users/mnedzelskii/gits/cover/cover-cli/target/launcher-2023.07.02-SNAPSHOT-shared-jar.jar --service-lifespan 120 --monitoring-service-port 62975 --index-service-port 62975
13:23:58.584 [INFO]  [Creating] Server started. Waiting up to 300 seconds for a connection to be established...
13:23:58.928 [INFO]  [Creating] Starting new remote monitor client
13:23:59.209 [INFO]  [Creating] Attempting to start remote server.
13:23:59.706 [INFO]  [Creating] Server started, listening on localhost/127.0.0.1:62981
13:24:00.596 [INFO]  [Creating] Expect analyzer service to be listening on port 62981.
13:24:01.131 [INFO]  [Creating] Started analyzer service and client retrieved.
13:24:02.606 [INFO]  [Creating] 
================================================================================
= Creating tests for 'io.gitlab.arturbosch.detekt.rules.exceptions.ExceptionRaisedInUnexpectedLocation.getIssue:()Lio/gitlab/arturbosch/detekt/api/Issue;' using 'TrM (!sp, !fnm, df, !ris)'
================================================================================
13:24:11.402 [INFO]  [Creating]      [1/62] io.gitlab.arturbosch.detekt.rules.exceptions.ExceptionRaisedInUnexpectedLocation.getIssue
13:24:11.403 [INFO]  [Creating]      [1/62]   R081: Exception in arrange section
13:24:11.403 [INFO]  [Creating]      [1/62]     Diffblue Cover was unable to construct an instance of the class under test using
13:24:11.403 [INFO]  [Creating]      [1/62]     io.gitlab.arturbosch.detekt.rules.exceptions.ExceptionRaisedInUnexpectedLocation.<init>().
13:24:11.403 [INFO]  [Creating]      [1/62]     The arrange section threw
13:24:11.403 [INFO]  [Creating]      [1/62]     com.diffblue.cover.exception.BaseException: Sandboxing policy violation. Reason: to access 'sun.misc'
13:24:11.403 [INFO]  [Creating]      [1/62]         at java.lang.Class.forName0(Native Method)
13:24:11.403 [INFO]  [Creating]      [1/62]         at java.lang.Class.forName(Class.java:315)
13:24:11.403 [INFO]  [Creating]      [1/62]         at org.jetbrains.kotlin.com.intellij.util.concurrency.AtomicFieldUpdater.<clinit>(AtomicFieldUpdater.java:31)
13:24:11.403 [INFO]  [Creating]      [1/62]         at org.jetbrains.kotlin.com.intellij.util.containers.ConcurrentIntObjectHashMap.<clinit>(ConcurrentIntObjectHashMap.java:2773)
13:24:11.403 [INFO]  [Creating]      [1/62]         at org.jetbrains.kotlin.com.intellij.util.containers.ConcurrentIntKeyRefValueHashMap.<init>(ConcurrentIntKeyRefValueHashMap.java:33)
13:24:11.403 [INFO]  [Creating]      [1/62]         at org.jetbrains.kotlin.com.intellij.util.containers.ConcurrentIntKeyWeakValueHashMap.<init>(ConcurrentIntKeyWeakValueHashMap.java:17)
13:24:11.403 [INFO]  [Creating]      [1/62]         at org.jetbrains.kotlin.com.intellij.util.containers.ContainerUtil.createConcurrentIntObjectWeakValueMap(ContainerUtil.java:2623)
13:24:11.403 [INFO]  [Creating]      [1/62]         at org.jetbrains.kotlin.com.intellij.openapi.util.Key.<clinit>(Key.java:25)
13:24:11.403 [INFO]  [Creating]      [1/62]         at org.jetbrains.kotlin.util.slicedMap.Slices.createSimpleSlice(Slices.java:91)
13:24:11.403 [INFO]  [Creating]      [1/62]         at org.jetbrains.kotlin.resolve.BindingContext.<clinit>(BindingContext.java:94)
13:24:11.403 [INFO]  [Creating]      [1/62]         at io.gitlab.arturbosch.detekt.api.BaseRule.<init>(BaseRule.kt:25)
13:24:11.403 [INFO]  [Creating]      [1/62]         at io.gitlab.arturbosch.detekt.api.Rule.<init>(Rule.kt:23)
13:24:11.403 [INFO]  [Creating]      [1/62]         at io.gitlab.arturbosch.detekt.api.Rule.<init>(Rule.kt:20)
13:24:11.403 [INFO]  [Creating]      [1/62]         at io.gitlab.arturbosch.detekt.rules.exceptions.ExceptionRaisedInUnexpectedLocation.<init>(ExceptionRaisedInUnexpectedLocation.kt:34)
13:24:11.403 [INFO]  [Creating]      [1/62]         at io.gitlab.arturbosch.detekt.rules.exceptions.ExceptionRaisedInUnexpectedLocation.<init>(ExceptionRaisedInUnexpectedLocation.kt:34)
13:24:11.403 [INFO]  [Creating]      [1/62]         at io.gitlab.arturbosch.detekt.rules.exceptions.ExceptionRaisedInUnexpectedLocation.<init>(ExceptionRaisedInUnexpectedLocation.kt)
13:24:11.403 [INFO]  [Creating]      [1/62]     More information about the exception is provided in the support log.
13:24:11.403 [INFO]  [Creating]      [1/62]     See https://diff.blue/R081 for further troubleshooting of this issue.
13:24:11.405 [INFO]  [Creating] 
================================================================================
= Creating tests for 'io.gitlab.arturbosch.detekt.rules.exceptions.ExceptionRaisedInUnexpectedLocation.<init>:()V' using 'SiM (!sp, fnm, df, !ris)'
================================================================================
13:24:17.308 [INFO]  [Creating]      [2/62] io.gitlab.arturbosch.detekt.rules.exceptions.ExceptionRaisedInUnexpectedLocation.<init>
13:24:17.308 [INFO]  [Creating]      [2/62]   R011: Sandboxing policy violation
13:24:17.308 [INFO]  [Creating]      [2/62]     Diffblue Cover ran code in your project that tried
13:24:17.308 [INFO]  [Creating]      [2/62]       to access 'sun.misc'.
13:24:17.308 [INFO]  [Creating]      [2/62]     Diffblue Cover's default sandboxing policy disallows this in order to prevent
13:24:17.308 [INFO]  [Creating]      [2/62]     your code from damaging your system environment.
13:24:17.308 [INFO]  [Creating]      [2/62]     See https://diff.blue/R011 to resolve this issue.
13:24:17.309 [INFO]  [Creating] 
================================================================================
= Creating tests for 'io.gitlab.arturbosch.detekt.rules.exceptions.ExceptionRaisedInUnexpectedLocation.<init>:(Lio/gitlab/arturbosch/detekt/api/Config;)V' using 'SiM (!sp, fnm, df, !ris)'
================================================================================
13:24:17.872 [INFO]  [Creating]      [3/62] io.gitlab.arturbosch.detekt.rules.exceptions.ExceptionRaisedInUnexpectedLocation.<init>
13:24:17.872 [INFO]  [Creating]      [3/62]   R013: No inputs found that don't throw a trivial exception
13:24:17.872 [INFO]  [Creating]      [3/62]     Diffblue Cover tried to run the arrange/act section, but the test threw
13:24:17.872 [INFO]  [Creating]      [3/62]     java.lang.NullPointerException: Parameter specified as non-null is null: method io.gitlab.arturbosch.detekt.rules.exceptions.ExceptionRaisedInUnexpectedLocation.<init>, parameter config
13:24:17.872 [INFO]  [Creating]      [3/62]         at io.gitlab.arturbosch.detekt.rules.exceptions.ExceptionRaisedInUnexpectedLocation.<init>(ExceptionRaisedInUnexpectedLocation.kt)
13:24:17.872 [INFO]  [Creating]      [3/62]     In order to prevent <init>(Config)
13:24:17.872 [INFO]  [Creating]      [3/62]     from throwing NullPointerException, add constructors or factory
13:24:17.872 [INFO]  [Creating]      [3/62]     methods that make it easier to construct fully initialized objects used in
13:24:17.872 [INFO]  [Creating]      [3/62]     <init>(Config).
13:24:17.872 [INFO]  [Creating]      [3/62]     See https://diff.blue/R013 to resolve this issue.
13:24:17.873 [INFO]  [Creating] 
================================================================================
= Creating tests for 'io.gitlab.arturbosch.detekt.rules.exceptions.ExceptionRaisedInUnexpectedLocation.visitNamedFunction:(Lorg/jetbrains/kotlin/psi/KtNamedFunction;)V' using 'SiM (!sp, fnm, df, !ris)'
================================================================================
13:24:34.093 [INFO]  [Creating]      [4/62] io.gitlab.arturbosch.detekt.rules.exceptions.ExceptionRaisedInUnexpectedLocation.visitNamedFunction
13:24:34.093 [INFO]  [Creating]      [4/62]   R034: Diffblue Cover can't complete test
13:24:34.093 [INFO]  [Creating]      [4/62]     Diffblue Cover was unable to complete the test.
13:24:34.094 [INFO]  [Creating]      [4/62]     Try to increase the number of fuzzing iterations if non-default
13:24:34.094 [INFO]  [Creating]      [4/62]     value is used.
13:24:34.094 [INFO]  [Creating]      [4/62]     See https://diff.blue/R034 for further troubleshooting of this issue.
13:24:34.097 [INFO]  [Creating]  [1/17] io.gitlab.arturbosch.detekt.rules.exceptions.ExceptionRaisedInUnexpectedLocation
13:24:34.097 [INFO]  [Creating]  [1/17]   Tests created: 0
13:24:34.097 [INFO]  [Creating] 
================================================================================
= Starting analysis for class 'io.gitlab.arturbosch.detekt.rules.exceptions.ExceptionsProvider'
================================================================================
13:24:34.097 [INFO]  [Creating] Filtering out non-testable methods...
13:24:34.141 [INFO]  [Creating] Filtering of methods complete. Creating analysis request
13:24:34.141 [INFO]  [Creating] Attempting to get service client, retry 1.
13:24:34.177 [INFO]  [Creating] 
================================================================================
= Creating tests for 'io.gitlab.arturbosch.detekt.rules.exceptions.ExceptionsProvider.<init>:()V, io.gitlab.arturbosch.detekt.rules.exceptions.ExceptionsProvider.getRuleSetId:()Ljava/lang/String;' using 'TrM (!sp, !fnm, df, !ris)'
================================================================================
13:24:35.378 [INFO]  [Creating]      [5/62] io.gitlab.arturbosch.detekt.rules.exceptions.ExceptionsProvider.<init>
13:24:35.378 [INFO]  [Creating]      [6/62] io.gitlab.arturbosch.detekt.rules.exceptions.ExceptionsProvider.getRuleSetId
13:24:35.378 [INFO]  [Creating]      [6/62]   Tests created: 1
13:24:35.379 [INFO]  [Creating] 
================================================================================
= Creating tests for 'io.gitlab.arturbosch.detekt.rules.exceptions.ExceptionsProvider.instance:(Lio/gitlab/arturbosch/detekt/api/Config;)Lio/gitlab/arturbosch/detekt/api/RuleSet;' using 'SiM (!sp, fnm, df, !ris)'
================================================================================
13:24:35.609 [INFO]  [Creating]      [7/62] io.gitlab.arturbosch.detekt.rules.exceptions.ExceptionsProvider.instance
13:24:35.609 [INFO]  [Creating]      [7/62]   R034: Diffblue Cover can't complete test
13:24:35.609 [INFO]  [Creating]      [7/62]     Diffblue Cover was unable to complete the test.
13:24:35.609 [INFO]  [Creating]      [7/62]     Try to increase the number of fuzzing iterations if non-default
13:24:35.609 [INFO]  [Creating]      [7/62]     value is used.
13:24:35.609 [INFO]  [Creating]      [7/62]     See https://diff.blue/R034 for further troubleshooting of this issue.
13:24:35.611 [INFO]  [Creating]  [2/17] io.gitlab.arturbosch.detekt.rules.exceptions.ExceptionsProvider
13:24:35.611 [INFO]  [Creating]  [2/17]   Tests created: 1
13:24:35.612 [INFO]  [Creating] 
================================================================================
= Starting analysis for class 'io.gitlab.arturbosch.detekt.rules.exceptions.InstanceOfCheckForException'
================================================================================
13:24:35.612 [INFO]  [Creating] Filtering out non-testable methods...
13:24:35.612 [INFO]  [Creating] Filtering of methods complete. Creating analysis request
13:24:35.612 [INFO]  [Creating] Attempting to get service client, retry 1.
13:24:35.641 [INFO]  [Creating] 
================================================================================
= Creating tests for 'io.gitlab.arturbosch.detekt.rules.exceptions.InstanceOfCheckForException.getIssue:()Lio/gitlab/arturbosch/detekt/api/Issue;' using 'TrM (!sp, !fnm, df, !ris)'
================================================================================
13:24:35.658 [INFO]  [Creating]      [8/62] io.gitlab.arturbosch.detekt.rules.exceptions.InstanceOfCheckForException.getIssue
13:24:35.658 [INFO]  [Creating]      [8/62]   R081: Exception in arrange section
13:24:35.658 [INFO]  [Creating]      [8/62]     Diffblue Cover was unable to construct an instance of the class under test using
13:24:35.658 [INFO]  [Creating]      [8/62]     io.gitlab.arturbosch.detekt.rules.exceptions.InstanceOfCheckForException.<init>().
13:24:35.658 [INFO]  [Creating]      [8/62]     The arrange section threw
13:24:35.658 [INFO]  [Creating]      [8/62]     java.lang.NoClassDefFoundError: Could not initialize class org.jetbrains.kotlin.resolve.BindingContext
13:24:35.658 [INFO]  [Creating]      [8/62]         at io.gitlab.arturbosch.detekt.api.BaseRule.<init>(BaseRule.kt:25)
13:24:35.658 [INFO]  [Creating]      [8/62]         at io.gitlab.arturbosch.detekt.api.Rule.<init>(Rule.kt:23)
13:24:35.658 [INFO]  [Creating]      [8/62]         at io.gitlab.arturbosch.detekt.api.Rule.<init>(Rule.kt:20)
13:24:35.658 [INFO]  [Creating]      [8/62]         at io.gitlab.arturbosch.detekt.rules.exceptions.InstanceOfCheckForException.<init>(InstanceOfCheckForException.kt:49)
13:24:35.658 [INFO]  [Creating]      [8/62]         at io.gitlab.arturbosch.detekt.rules.exceptions.InstanceOfCheckForException.<init>(InstanceOfCheckForException.kt:49)
13:24:35.658 [INFO]  [Creating]      [8/62]         at io.gitlab.arturbosch.detekt.rules.exceptions.InstanceOfCheckForException.<init>(InstanceOfCheckForException.kt)
13:24:35.658 [INFO]  [Creating]      [8/62]     More information about the exception is provided in the support log.
13:24:35.658 [INFO]  [Creating]      [8/62]     See https://diff.blue/R081 for further troubleshooting of this issue.
13:24:35.659 [INFO]  [Creating] 
================================================================================
= Creating tests for 'io.gitlab.arturbosch.detekt.rules.exceptions.InstanceOfCheckForException.<init>:()V' using 'SiM (!sp, fnm, df, !ris)'
================================================================================
13:24:35.841 [INFO]  [Creating]      [9/62] io.gitlab.arturbosch.detekt.rules.exceptions.InstanceOfCheckForException.<init>
13:24:35.841 [INFO]  [Creating]      [9/62]   R011: Sandboxing policy violation
13:24:35.841 [INFO]  [Creating]      [9/62]     Diffblue Cover ran code in your project that tried
13:24:35.841 [INFO]  [Creating]      [9/62]       to access 'sun.misc'.
13:24:35.841 [INFO]  [Creating]      [9/62]     Diffblue Cover's default sandboxing policy disallows this in order to prevent
13:24:35.841 [INFO]  [Creating]      [9/62]     your code from damaging your system environment.
13:24:35.841 [INFO]  [Creating]      [9/62]     See https://diff.blue/R011 to resolve this issue.
13:24:35.842 [INFO]  [Creating] 
================================================================================
= Creating tests for 'io.gitlab.arturbosch.detekt.rules.exceptions.InstanceOfCheckForException.<init>:(Lio/gitlab/arturbosch/detekt/api/Config;)V' using 'SiM (!sp, fnm, df, !ris)'
================================================================================
13:24:36.116 [INFO]  [Creating]     [10/62] io.gitlab.arturbosch.detekt.rules.exceptions.InstanceOfCheckForException.<init>
13:24:36.116 [INFO]  [Creating]     [10/62]   R013: No inputs found that don't throw a trivial exception
13:24:36.116 [INFO]  [Creating]     [10/62]     Diffblue Cover tried to run the arrange/act section, but the test threw
13:24:36.116 [INFO]  [Creating]     [10/62]     java.lang.NullPointerException: Parameter specified as non-null is null: method io.gitlab.arturbosch.detekt.rules.exceptions.InstanceOfCheckForException.<init>, parameter config
13:24:36.116 [INFO]  [Creating]     [10/62]         at io.gitlab.arturbosch.detekt.rules.exceptions.InstanceOfCheckForException.<init>(InstanceOfCheckForException.kt)
13:24:36.116 [INFO]  [Creating]     [10/62]     In order to prevent <init>(Config)
13:24:36.116 [INFO]  [Creating]     [10/62]     from throwing NullPointerException, add constructors or factory
13:24:36.116 [INFO]  [Creating]     [10/62]     methods that make it easier to construct fully initialized objects used in
13:24:36.116 [INFO]  [Creating]     [10/62]     <init>(Config).
13:24:36.116 [INFO]  [Creating]     [10/62]     See https://diff.blue/R013 to resolve this issue.
13:24:36.117 [INFO]  [Creating] 
================================================================================
= Creating tests for 'io.gitlab.arturbosch.detekt.rules.exceptions.InstanceOfCheckForException.visitCatchSection:(Lorg/jetbrains/kotlin/psi/KtCatchClause;)V' using 'SiM (!sp, fnm, df, !ris)'
================================================================================
13:24:36.547 [INFO]  [Creating]     [11/62] io.gitlab.arturbosch.detekt.rules.exceptions.InstanceOfCheckForException.visitCatchSection
13:24:36.547 [INFO]  [Creating]     [11/62]   R034: Diffblue Cover can't complete test
13:24:36.547 [INFO]  [Creating]     [11/62]     Diffblue Cover was unable to complete the test.
13:24:36.547 [INFO]  [Creating]     [11/62]     Try to increase the number of fuzzing iterations if non-default
13:24:36.547 [INFO]  [Creating]     [11/62]     value is used.
13:24:36.547 [INFO]  [Creating]     [11/62]     See https://diff.blue/R034 for further troubleshooting of this issue.
13:24:36.550 [INFO]  [Creating]  [3/17] io.gitlab.arturbosch.detekt.rules.exceptions.InstanceOfCheckForException
13:24:36.550 [INFO]  [Creating]  [3/17]   Tests created: 0
13:24:36.550 [INFO]  [Creating] 
================================================================================
= Starting analysis for class 'io.gitlab.arturbosch.detekt.rules.exceptions.NotImplementedDeclaration'
================================================================================
13:24:36.550 [INFO]  [Creating] Filtering out non-testable methods...
13:24:36.550 [INFO]  [Creating] Filtering of methods complete. Creating analysis request
13:24:36.551 [INFO]  [Creating] Attempting to get service client, retry 1.
13:24:36.578 [INFO]  [Creating] 
================================================================================
= Creating tests for 'io.gitlab.arturbosch.detekt.rules.exceptions.NotImplementedDeclaration.getIssue:()Lio/gitlab/arturbosch/detekt/api/Issue;' using 'TrM (!sp, !fnm, df, !ris)'
================================================================================
13:24:36.595 [INFO]  [Creating]     [12/62] io.gitlab.arturbosch.detekt.rules.exceptions.NotImplementedDeclaration.getIssue
13:24:36.595 [INFO]  [Creating]     [12/62]   R081: Exception in arrange section
13:24:36.595 [INFO]  [Creating]     [12/62]     Diffblue Cover was unable to construct an instance of the class under test using
13:24:36.595 [INFO]  [Creating]     [12/62]     io.gitlab.arturbosch.detekt.rules.exceptions.NotImplementedDeclaration.<init>().
13:24:36.595 [INFO]  [Creating]     [12/62]     The arrange section threw
13:24:36.595 [INFO]  [Creating]     [12/62]     java.lang.NoClassDefFoundError: Could not initialize class org.jetbrains.kotlin.resolve.BindingContext
13:24:36.595 [INFO]  [Creating]     [12/62]         at io.gitlab.arturbosch.detekt.api.BaseRule.<init>(BaseRule.kt:25)
13:24:36.595 [INFO]  [Creating]     [12/62]         at io.gitlab.arturbosch.detekt.api.Rule.<init>(Rule.kt:23)
13:24:36.595 [INFO]  [Creating]     [12/62]         at io.gitlab.arturbosch.detekt.api.Rule.<init>(Rule.kt:20)
13:24:36.595 [INFO]  [Creating]     [12/62]         at io.gitlab.arturbosch.detekt.rules.exceptions.NotImplementedDeclaration.<init>(NotImplementedDeclaration.kt:30)
13:24:36.595 [INFO]  [Creating]     [12/62]         at io.gitlab.arturbosch.detekt.rules.exceptions.NotImplementedDeclaration.<init>(NotImplementedDeclaration.kt:30)
13:24:36.595 [INFO]  [Creating]     [12/62]         at io.gitlab.arturbosch.detekt.rules.exceptions.NotImplementedDeclaration.<init>(NotImplementedDeclaration.kt)
13:24:36.595 [INFO]  [Creating]     [12/62]     More information about the exception is provided in the support log.
13:24:36.595 [INFO]  [Creating]     [12/62]     See https://diff.blue/R081 for further troubleshooting of this issue.
13:24:36.596 [INFO]  [Creating] 
================================================================================
= Creating tests for 'io.gitlab.arturbosch.detekt.rules.exceptions.NotImplementedDeclaration.<init>:()V' using 'SiM (!sp, fnm, df, !ris)'
================================================================================
13:24:36.642 [INFO]  [Creating]     [13/62] io.gitlab.arturbosch.detekt.rules.exceptions.NotImplementedDeclaration.<init>
13:24:36.642 [INFO]  [Creating]     [13/62]   R011: Sandboxing policy violation
13:24:36.642 [INFO]  [Creating]     [13/62]     Diffblue Cover ran code in your project that tried
13:24:36.642 [INFO]  [Creating]     [13/62]       to access 'sun.misc'.
13:24:36.642 [INFO]  [Creating]     [13/62]     Diffblue Cover's default sandboxing policy disallows this in order to prevent
13:24:36.642 [INFO]  [Creating]     [13/62]     your code from damaging your system environment.
13:24:36.642 [INFO]  [Creating]     [13/62]     See https://diff.blue/R011 to resolve this issue.
13:24:36.643 [INFO]  [Creating] 
================================================================================
= Creating tests for 'io.gitlab.arturbosch.detekt.rules.exceptions.NotImplementedDeclaration.<init>:(Lio/gitlab/arturbosch/detekt/api/Config;)V' using 'SiM (!sp, fnm, df, !ris)'
================================================================================
13:24:36.911 [INFO]  [Creating]     [14/62] io.gitlab.arturbosch.detekt.rules.exceptions.NotImplementedDeclaration.<init>
13:24:36.911 [INFO]  [Creating]     [14/62]   R013: No inputs found that don't throw a trivial exception
13:24:36.911 [INFO]  [Creating]     [14/62]     Diffblue Cover tried to run the arrange/act section, but the test threw
13:24:36.911 [INFO]  [Creating]     [14/62]     java.lang.NullPointerException: Parameter specified as non-null is null: method io.gitlab.arturbosch.detekt.rules.exceptions.NotImplementedDeclaration.<init>, parameter config
13:24:36.911 [INFO]  [Creating]     [14/62]         at io.gitlab.arturbosch.detekt.rules.exceptions.NotImplementedDeclaration.<init>(NotImplementedDeclaration.kt)
13:24:36.911 [INFO]  [Creating]     [14/62]     In order to prevent <init>(Config)
13:24:36.911 [INFO]  [Creating]     [14/62]     from throwing NullPointerException, add constructors or factory
13:24:36.911 [INFO]  [Creating]     [14/62]     methods that make it easier to construct fully initialized objects used in
13:24:36.911 [INFO]  [Creating]     [14/62]     <init>(Config).
13:24:36.911 [INFO]  [Creating]     [14/62]     See https://diff.blue/R013 to resolve this issue.
13:24:36.912 [INFO]  [Creating] 
================================================================================
= Creating tests for 'io.gitlab.arturbosch.detekt.rules.exceptions.NotImplementedDeclaration.visitCallExpression:(Lorg/jetbrains/kotlin/psi/KtCallExpression;)V' using 'SiM (!sp, fnm, df, !ris)'
================================================================================
13:24:37.150 [INFO]  [Creating]     [15/62] io.gitlab.arturbosch.detekt.rules.exceptions.NotImplementedDeclaration.visitCallExpression
13:24:37.150 [INFO]  [Creating]     [15/62]   R034: Diffblue Cover can't complete test
13:24:37.150 [INFO]  [Creating]     [15/62]     Diffblue Cover was unable to complete the test.
13:24:37.150 [INFO]  [Creating]     [15/62]     Try to increase the number of fuzzing iterations if non-default
13:24:37.150 [INFO]  [Creating]     [15/62]     value is used.
13:24:37.150 [INFO]  [Creating]     [15/62]     See https://diff.blue/R034 for further troubleshooting of this issue.
13:24:37.151 [INFO]  [Creating] 
================================================================================
= Creating tests for 'io.gitlab.arturbosch.detekt.rules.exceptions.NotImplementedDeclaration.visitThrowExpression:(Lorg/jetbrains/kotlin/psi/KtThrowExpression;)V' using 'SiM (!sp, fnm, df, !ris)'
================================================================================
13:24:37.285 [INFO]  [Creating]     [16/62] io.gitlab.arturbosch.detekt.rules.exceptions.NotImplementedDeclaration.visitThrowExpression
13:24:37.285 [INFO]  [Creating]     [16/62]   R034: Diffblue Cover can't complete test
13:24:37.285 [INFO]  [Creating]     [16/62]     Diffblue Cover was unable to complete the test.
13:24:37.285 [INFO]  [Creating]     [16/62]     Try to increase the number of fuzzing iterations if non-default
13:24:37.285 [INFO]  [Creating]     [16/62]     value is used.
13:24:37.285 [INFO]  [Creating]     [16/62]     See https://diff.blue/R034 for further troubleshooting of this issue.
13:24:37.286 [INFO]  [Creating]  [4/17] io.gitlab.arturbosch.detekt.rules.exceptions.NotImplementedDeclaration
13:24:37.286 [INFO]  [Creating]  [4/17]   Tests created: 0
13:24:37.287 [INFO]  [Creating] 
================================================================================
= Starting analysis for class 'io.gitlab.arturbosch.detekt.rules.exceptions.ObjectExtendsThrowable'
================================================================================
13:24:37.287 [INFO]  [Creating] Filtering out non-testable methods...
13:24:37.287 [INFO]  [Creating] Filtering of methods complete. Creating analysis request
13:24:37.287 [INFO]  [Creating] Attempting to get service client, retry 1.
13:24:37.312 [INFO]  [Creating] 
================================================================================
= Creating tests for 'io.gitlab.arturbosch.detekt.rules.exceptions.ObjectExtendsThrowable.getIssue:()Lio/gitlab/arturbosch/detekt/api/Issue;' using 'TrM (!sp, !fnm, df, !ris)'
================================================================================
13:24:37.349 [INFO]  [Creating]     [17/62] io.gitlab.arturbosch.detekt.rules.exceptions.ObjectExtendsThrowable.getIssue
13:24:37.349 [INFO]  [Creating]     [17/62]   R081: Exception in arrange section
13:24:37.349 [INFO]  [Creating]     [17/62]     Diffblue Cover was unable to construct an instance of the class under test using
13:24:37.349 [INFO]  [Creating]     [17/62]     io.gitlab.arturbosch.detekt.rules.exceptions.ObjectExtendsThrowable.<init>().
13:24:37.349 [INFO]  [Creating]     [17/62]     The arrange section threw
13:24:37.349 [INFO]  [Creating]     [17/62]     java.lang.NoClassDefFoundError: Could not initialize class org.jetbrains.kotlin.resolve.BindingContext
13:24:37.349 [INFO]  [Creating]     [17/62]         at io.gitlab.arturbosch.detekt.api.BaseRule.<init>(BaseRule.kt:25)
13:24:37.349 [INFO]  [Creating]     [17/62]         at io.gitlab.arturbosch.detekt.api.Rule.<init>(Rule.kt:23)
13:24:37.349 [INFO]  [Creating]     [17/62]         at io.gitlab.arturbosch.detekt.api.Rule.<init>(Rule.kt:20)
13:24:37.349 [INFO]  [Creating]     [17/62]         at io.gitlab.arturbosch.detekt.rules.exceptions.ObjectExtendsThrowable.<init>(ObjectExtendsThrowable.kt:43)
13:24:37.349 [INFO]  [Creating]     [17/62]         at io.gitlab.arturbosch.detekt.rules.exceptions.ObjectExtendsThrowable.<init>(ObjectExtendsThrowable.kt:43)
13:24:37.349 [INFO]  [Creating]     [17/62]         at io.gitlab.arturbosch.detekt.rules.exceptions.ObjectExtendsThrowable.<init>(ObjectExtendsThrowable.kt)
13:24:37.349 [INFO]  [Creating]     [17/62]     More information about the exception is provided in the support log.
13:24:37.349 [INFO]  [Creating]     [17/62]     See https://diff.blue/R081 for further troubleshooting of this issue.
13:24:37.350 [INFO]  [Creating] 
================================================================================
= Creating tests for 'io.gitlab.arturbosch.detekt.rules.exceptions.ObjectExtendsThrowable.<init>:()V' using 'SiM (!sp, fnm, df, !ris)'
================================================================================
13:24:37.404 [INFO]  [Creating]     [18/62] io.gitlab.arturbosch.detekt.rules.exceptions.ObjectExtendsThrowable.<init>
13:24:37.404 [INFO]  [Creating]     [18/62]   R011: Sandboxing policy violation
13:24:37.404 [INFO]  [Creating]     [18/62]     Diffblue Cover ran code in your project that tried
13:24:37.404 [INFO]  [Creating]     [18/62]       to access 'sun.misc'.
13:24:37.404 [INFO]  [Creating]     [18/62]     Diffblue Cover's default sandboxing policy disallows this in order to prevent
13:24:37.404 [INFO]  [Creating]     [18/62]     your code from damaging your system environment.
13:24:37.404 [INFO]  [Creating]     [18/62]     See https://diff.blue/R011 to resolve this issue.
13:24:37.405 [INFO]  [Creating] 
================================================================================
= Creating tests for 'io.gitlab.arturbosch.detekt.rules.exceptions.ObjectExtendsThrowable.<init>:(Lio/gitlab/arturbosch/detekt/api/Config;)V' using 'SiM (!sp, fnm, df, !ris)'
================================================================================
13:24:37.675 [INFO]  [Creating]     [19/62] io.gitlab.arturbosch.detekt.rules.exceptions.ObjectExtendsThrowable.<init>
13:24:37.675 [INFO]  [Creating]     [19/62]   R013: No inputs found that don't throw a trivial exception
13:24:37.675 [INFO]  [Creating]     [19/62]     Diffblue Cover tried to run the arrange/act section, but the test threw
13:24:37.675 [INFO]  [Creating]     [19/62]     java.lang.NullPointerException: Parameter specified as non-null is null: method io.gitlab.arturbosch.detekt.rules.exceptions.ObjectExtendsThrowable.<init>, parameter config
13:24:37.675 [INFO]  [Creating]     [19/62]         at io.gitlab.arturbosch.detekt.rules.exceptions.ObjectExtendsThrowable.<init>(ObjectExtendsThrowable.kt)
13:24:37.675 [INFO]  [Creating]     [19/62]     In order to prevent <init>(Config)
13:24:37.675 [INFO]  [Creating]     [19/62]     from throwing NullPointerException, add constructors or factory
13:24:37.675 [INFO]  [Creating]     [19/62]     methods that make it easier to construct fully initialized objects used in
13:24:37.675 [INFO]  [Creating]     [19/62]     <init>(Config).
13:24:37.675 [INFO]  [Creating]     [19/62]     See https://diff.blue/R013 to resolve this issue.
13:24:37.676 [INFO]  [Creating] 
================================================================================
= Creating tests for 'io.gitlab.arturbosch.detekt.rules.exceptions.ObjectExtendsThrowable.visitObjectDeclaration:(Lorg/jetbrains/kotlin/psi/KtObjectDeclaration;)V' using 'SiM (!sp, fnm, df, !ris)'
================================================================================
13:24:42.573 [INFO]  [Creating]     [20/62] io.gitlab.arturbosch.detekt.rules.exceptions.ObjectExtendsThrowable.visitObjectDeclaration
13:24:42.573 [INFO]  [Creating]     [20/62]   R034: Diffblue Cover can't complete test
13:24:42.573 [INFO]  [Creating]     [20/62]     Diffblue Cover was unable to complete the test.
13:24:42.573 [INFO]  [Creating]     [20/62]     Try to increase the number of fuzzing iterations if non-default
13:24:42.573 [INFO]  [Creating]     [20/62]     value is used.
13:24:42.573 [INFO]  [Creating]     [20/62]     See https://diff.blue/R034 for further troubleshooting of this issue.
13:24:42.575 [INFO]  [Creating]  [5/17] io.gitlab.arturbosch.detekt.rules.exceptions.ObjectExtendsThrowable
13:24:42.575 [INFO]  [Creating]  [5/17]   Tests created: 0
13:24:42.575 [INFO]  [Creating] 
================================================================================
= Starting analysis for class 'io.gitlab.arturbosch.detekt.rules.exceptions.PrintStackTrace'
================================================================================
13:24:42.575 [INFO]  [Creating] Filtering out non-testable methods...
13:24:42.575 [INFO]  [Creating] Filtering of methods complete. Creating analysis request
13:24:42.575 [INFO]  [Creating] Attempting to get service client, retry 1.
13:24:42.601 [INFO]  [Creating] 
================================================================================
= Creating tests for 'io.gitlab.arturbosch.detekt.rules.exceptions.PrintStackTrace.getIssue:()Lio/gitlab/arturbosch/detekt/api/Issue;' using 'TrM (!sp, !fnm, df, !ris)'
================================================================================
13:24:42.616 [INFO]  [Creating]     [21/62] io.gitlab.arturbosch.detekt.rules.exceptions.PrintStackTrace.getIssue
13:24:42.616 [INFO]  [Creating]     [21/62]   R081: Exception in arrange section
13:24:42.616 [INFO]  [Creating]     [21/62]     Diffblue Cover was unable to construct an instance of the class under test using
13:24:42.616 [INFO]  [Creating]     [21/62]     io.gitlab.arturbosch.detekt.rules.exceptions.PrintStackTrace.<init>().
13:24:42.616 [INFO]  [Creating]     [21/62]     The arrange section threw
13:24:42.616 [INFO]  [Creating]     [21/62]     java.lang.NoClassDefFoundError: Could not initialize class org.jetbrains.kotlin.resolve.BindingContext
13:24:42.616 [INFO]  [Creating]     [21/62]         at io.gitlab.arturbosch.detekt.api.BaseRule.<init>(BaseRule.kt:25)
13:24:42.616 [INFO]  [Creating]     [21/62]         at io.gitlab.arturbosch.detekt.api.Rule.<init>(Rule.kt:23)
13:24:42.616 [INFO]  [Creating]     [21/62]         at io.gitlab.arturbosch.detekt.api.Rule.<init>(Rule.kt:20)
13:24:42.616 [INFO]  [Creating]     [21/62]         at io.gitlab.arturbosch.detekt.rules.exceptions.PrintStackTrace.<init>(PrintStackTrace.kt:49)
13:24:42.616 [INFO]  [Creating]     [21/62]         at io.gitlab.arturbosch.detekt.rules.exceptions.PrintStackTrace.<init>(PrintStackTrace.kt:49)
13:24:42.616 [INFO]  [Creating]     [21/62]         at io.gitlab.arturbosch.detekt.rules.exceptions.PrintStackTrace.<init>(PrintStackTrace.kt)
13:24:42.616 [INFO]  [Creating]     [21/62]     More information about the exception is provided in the support log.
13:24:42.616 [INFO]  [Creating]     [21/62]     See https://diff.blue/R081 for further troubleshooting of this issue.
13:24:42.617 [INFO]  [Creating] 
================================================================================
= Creating tests for 'io.gitlab.arturbosch.detekt.rules.exceptions.PrintStackTrace.<init>:()V' using 'SiM (!sp, fnm, df, !ris)'
================================================================================
13:24:42.715 [INFO]  [Creating]     [22/62] io.gitlab.arturbosch.detekt.rules.exceptions.PrintStackTrace.<init>
13:24:42.715 [INFO]  [Creating]     [22/62]   R011: Sandboxing policy violation
13:24:42.715 [INFO]  [Creating]     [22/62]     Diffblue Cover ran code in your project that tried
13:24:42.715 [INFO]  [Creating]     [22/62]       to access 'sun.misc'.
13:24:42.715 [INFO]  [Creating]     [22/62]     Diffblue Cover's default sandboxing policy disallows this in order to prevent
13:24:42.715 [INFO]  [Creating]     [22/62]     your code from damaging your system environment.
13:24:42.715 [INFO]  [Creating]     [22/62]     See https://diff.blue/R011 to resolve this issue.
13:24:42.715 [INFO]  [Creating] 
================================================================================
= Creating tests for 'io.gitlab.arturbosch.detekt.rules.exceptions.PrintStackTrace.<init>:(Lio/gitlab/arturbosch/detekt/api/Config;)V' using 'SiM (!sp, fnm, df, !ris)'
================================================================================
13:24:42.970 [INFO]  [Creating]     [23/62] io.gitlab.arturbosch.detekt.rules.exceptions.PrintStackTrace.<init>
13:24:42.970 [INFO]  [Creating]     [23/62]   R013: No inputs found that don't throw a trivial exception
13:24:42.970 [INFO]  [Creating]     [23/62]     Diffblue Cover tried to run the arrange/act section, but the test threw
13:24:42.971 [INFO]  [Creating]     [23/62]     java.lang.NullPointerException: Parameter specified as non-null is null: method io.gitlab.arturbosch.detekt.rules.exceptions.PrintStackTrace.<init>, parameter config
13:24:42.971 [INFO]  [Creating]     [23/62]         at io.gitlab.arturbosch.detekt.rules.exceptions.PrintStackTrace.<init>(PrintStackTrace.kt)
13:24:42.971 [INFO]  [Creating]     [23/62]     In order to prevent <init>(Config)
13:24:42.971 [INFO]  [Creating]     [23/62]     from throwing NullPointerException, add constructors or factory
13:24:42.971 [INFO]  [Creating]     [23/62]     methods that make it easier to construct fully initialized objects used in
13:24:42.971 [INFO]  [Creating]     [23/62]     <init>(Config).
13:24:42.971 [INFO]  [Creating]     [23/62]     See https://diff.blue/R013 to resolve this issue.
13:24:42.971 [INFO]  [Creating] 
================================================================================
= Creating tests for 'io.gitlab.arturbosch.detekt.rules.exceptions.PrintStackTrace.visitCallExpression:(Lorg/jetbrains/kotlin/psi/KtCallExpression;)V' using 'SiM (!sp, fnm, df, !ris)'
================================================================================
13:24:43.099 [INFO]  [Creating]     [24/62] io.gitlab.arturbosch.detekt.rules.exceptions.PrintStackTrace.visitCallExpression
13:24:43.099 [INFO]  [Creating]     [24/62]   R034: Diffblue Cover can't complete test
13:24:43.099 [INFO]  [Creating]     [24/62]     Diffblue Cover was unable to complete the test.
13:24:43.099 [INFO]  [Creating]     [24/62]     Try to increase the number of fuzzing iterations if non-default
13:24:43.099 [INFO]  [Creating]     [24/62]     value is used.
13:24:43.099 [INFO]  [Creating]     [24/62]     See https://diff.blue/R034 for further troubleshooting of this issue.
13:24:43.100 [INFO]  [Creating] 
================================================================================
= Creating tests for 'io.gitlab.arturbosch.detekt.rules.exceptions.PrintStackTrace.visitCatchSection:(Lorg/jetbrains/kotlin/psi/KtCatchClause;)V' using 'SiM (!sp, fnm, df, !ris)'
================================================================================
13:24:43.174 [INFO]  [Creating]     [25/62] io.gitlab.arturbosch.detekt.rules.exceptions.PrintStackTrace.visitCatchSection
13:24:43.174 [INFO]  [Creating]     [25/62]   R034: Diffblue Cover can't complete test
13:24:43.174 [INFO]  [Creating]     [25/62]     Diffblue Cover was unable to complete the test.
13:24:43.174 [INFO]  [Creating]     [25/62]     Try to increase the number of fuzzing iterations if non-default
13:24:43.174 [INFO]  [Creating]     [25/62]     value is used.
13:24:43.174 [INFO]  [Creating]     [25/62]     See https://diff.blue/R034 for further troubleshooting of this issue.
13:24:43.176 [INFO]  [Creating]  [6/17] io.gitlab.arturbosch.detekt.rules.exceptions.PrintStackTrace
13:24:43.177 [INFO]  [Creating]  [6/17]   Tests created: 0
13:24:43.177 [INFO]  [Creating] 
================================================================================
= Starting analysis for class 'io.gitlab.arturbosch.detekt.rules.exceptions.RethrowCaughtException'
================================================================================
13:24:43.177 [INFO]  [Creating] Filtering out non-testable methods...
13:24:43.177 [INFO]  [Creating] Filtering of methods complete. Creating analysis request
13:24:43.177 [INFO]  [Creating] Attempting to get service client, retry 1.
13:24:43.200 [INFO]  [Creating] 
================================================================================
= Creating tests for 'io.gitlab.arturbosch.detekt.rules.exceptions.RethrowCaughtException.getIssue:()Lio/gitlab/arturbosch/detekt/api/Issue;' using 'TrM (!sp, !fnm, df, !ris)'
================================================================================
13:24:43.215 [INFO]  [Creating]     [26/62] io.gitlab.arturbosch.detekt.rules.exceptions.RethrowCaughtException.getIssue
13:24:43.215 [INFO]  [Creating]     [26/62]   R081: Exception in arrange section
13:24:43.215 [INFO]  [Creating]     [26/62]     Diffblue Cover was unable to construct an instance of the class under test using
13:24:43.215 [INFO]  [Creating]     [26/62]     io.gitlab.arturbosch.detekt.rules.exceptions.RethrowCaughtException.<init>().
13:24:43.215 [INFO]  [Creating]     [26/62]     The arrange section threw
13:24:43.215 [INFO]  [Creating]     [26/62]     java.lang.NoClassDefFoundError: Could not initialize class org.jetbrains.kotlin.resolve.BindingContext
13:24:43.215 [INFO]  [Creating]     [26/62]         at io.gitlab.arturbosch.detekt.api.BaseRule.<init>(BaseRule.kt:25)
13:24:43.215 [INFO]  [Creating]     [26/62]         at io.gitlab.arturbosch.detekt.api.Rule.<init>(Rule.kt:23)
13:24:43.215 [INFO]  [Creating]     [26/62]         at io.gitlab.arturbosch.detekt.api.Rule.<init>(Rule.kt:20)
13:24:43.215 [INFO]  [Creating]     [26/62]         at io.gitlab.arturbosch.detekt.rules.exceptions.RethrowCaughtException.<init>(RethrowCaughtException.kt:63)
13:24:43.215 [INFO]  [Creating]     [26/62]         at io.gitlab.arturbosch.detekt.rules.exceptions.RethrowCaughtException.<init>(RethrowCaughtException.kt:63)
13:24:43.215 [INFO]  [Creating]     [26/62]         at io.gitlab.arturbosch.detekt.rules.exceptions.RethrowCaughtException.<init>(RethrowCaughtException.kt)
13:24:43.215 [INFO]  [Creating]     [26/62]     More information about the exception is provided in the support log.
13:24:43.215 [INFO]  [Creating]     [26/62]     See https://diff.blue/R081 for further troubleshooting of this issue.
13:24:43.216 [INFO]  [Creating] 
================================================================================
= Creating tests for 'io.gitlab.arturbosch.detekt.rules.exceptions.RethrowCaughtException.<init>:()V' using 'SiM (!sp, fnm, df, !ris)'
================================================================================
13:24:43.562 [INFO]  [Creating]     [27/62] io.gitlab.arturbosch.detekt.rules.exceptions.RethrowCaughtException.<init>
13:24:43.562 [INFO]  [Creating]     [27/62]   R011: Sandboxing policy violation
13:24:43.562 [INFO]  [Creating]     [27/62]     Diffblue Cover ran code in your project that tried
13:24:43.562 [INFO]  [Creating]     [27/62]       to access 'sun.misc'.
13:24:43.562 [INFO]  [Creating]     [27/62]     Diffblue Cover's default sandboxing policy disallows this in order to prevent
13:24:43.562 [INFO]  [Creating]     [27/62]     your code from damaging your system environment.
13:24:43.562 [INFO]  [Creating]     [27/62]     See https://diff.blue/R011 to resolve this issue.
13:24:43.563 [INFO]  [Creating] 
================================================================================
= Creating tests for 'io.gitlab.arturbosch.detekt.rules.exceptions.RethrowCaughtException.<init>:(Lio/gitlab/arturbosch/detekt/api/Config;)V' using 'SiM (!sp, fnm, df, !ris)'
================================================================================
13:24:43.595 [INFO]  [Creating]     [28/62] io.gitlab.arturbosch.detekt.rules.exceptions.RethrowCaughtException.<init>
13:24:43.595 [INFO]  [Creating]     [28/62]   R034: Diffblue Cover can't complete test
13:24:43.595 [INFO]  [Creating]     [28/62]     Diffblue Cover was unable to complete the test.
13:24:43.595 [INFO]  [Creating]     [28/62]     Try to increase the number of fuzzing iterations if non-default
13:24:43.595 [INFO]  [Creating]     [28/62]     value is used.
13:24:43.595 [INFO]  [Creating]     [28/62]     See https://diff.blue/R034 for further troubleshooting of this issue.
13:24:43.596 [INFO]  [Creating] 
================================================================================
= Creating tests for 'io.gitlab.arturbosch.detekt.rules.exceptions.RethrowCaughtException.visitTryExpression:(Lorg/jetbrains/kotlin/psi/KtTryExpression;)V' using 'SiM (!sp, fnm, df, !ris)'
================================================================================
13:24:43.635 [INFO]  [Creating]     [29/62] io.gitlab.arturbosch.detekt.rules.exceptions.RethrowCaughtException.visitTryExpression
13:24:43.635 [INFO]  [Creating]     [29/62]   R034: Diffblue Cover can't complete test
13:24:43.635 [INFO]  [Creating]     [29/62]     Diffblue Cover was unable to complete the test.
13:24:43.635 [INFO]  [Creating]     [29/62]     Try to increase the number of fuzzing iterations if non-default
13:24:43.635 [INFO]  [Creating]     [29/62]     value is used.
13:24:43.635 [INFO]  [Creating]     [29/62]     See https://diff.blue/R034 for further troubleshooting of this issue.
13:24:43.637 [INFO]  [Creating]  [7/17] io.gitlab.arturbosch.detekt.rules.exceptions.RethrowCaughtException
13:24:43.637 [INFO]  [Creating]  [7/17]   Tests created: 0
13:24:43.638 [INFO]  [Creating] 
================================================================================
= Starting analysis for class 'io.gitlab.arturbosch.detekt.rules.exceptions.ReturnFromFinally'
================================================================================
13:24:43.638 [INFO]  [Creating] Filtering out non-testable methods...
13:24:43.638 [INFO]  [Creating] Filtering of methods complete. Creating analysis request
13:24:43.638 [INFO]  [Creating] Attempting to get service client, retry 1.
13:24:43.662 [INFO]  [Creating] 
================================================================================
= Creating tests for 'io.gitlab.arturbosch.detekt.rules.exceptions.ReturnFromFinally.getIssue:()Lio/gitlab/arturbosch/detekt/api/Issue;' using 'TrM (!sp, !fnm, df, !ris)'
================================================================================
13:24:43.677 [INFO]  [Creating]     [30/62] io.gitlab.arturbosch.detekt.rules.exceptions.ReturnFromFinally.getIssue
13:24:43.677 [INFO]  [Creating]     [30/62]   R081: Exception in arrange section
13:24:43.677 [INFO]  [Creating]     [30/62]     Diffblue Cover was unable to construct an instance of the class under test using
13:24:43.677 [INFO]  [Creating]     [30/62]     io.gitlab.arturbosch.detekt.rules.exceptions.ReturnFromFinally.<init>().
13:24:43.677 [INFO]  [Creating]     [30/62]     The arrange section threw
13:24:43.677 [INFO]  [Creating]     [30/62]     java.lang.NoClassDefFoundError: Could not initialize class org.jetbrains.kotlin.resolve.BindingContext
13:24:43.677 [INFO]  [Creating]     [30/62]         at io.gitlab.arturbosch.detekt.api.BaseRule.<init>(BaseRule.kt:25)
13:24:43.677 [INFO]  [Creating]     [30/62]         at io.gitlab.arturbosch.detekt.api.Rule.<init>(Rule.kt:23)
13:24:43.677 [INFO]  [Creating]     [30/62]         at io.gitlab.arturbosch.detekt.api.Rule.<init>(Rule.kt:20)
13:24:43.677 [INFO]  [Creating]     [30/62]         at io.gitlab.arturbosch.detekt.rules.exceptions.ReturnFromFinally.<init>(ReturnFromFinally.kt:45)
13:24:43.677 [INFO]  [Creating]     [30/62]         at io.gitlab.arturbosch.detekt.rules.exceptions.ReturnFromFinally.<init>(ReturnFromFinally.kt:45)
13:24:43.677 [INFO]  [Creating]     [30/62]         at io.gitlab.arturbosch.detekt.rules.exceptions.ReturnFromFinally.<init>(ReturnFromFinally.kt)
13:24:43.677 [INFO]  [Creating]     [30/62]     More information about the exception is provided in the support log.
13:24:43.677 [INFO]  [Creating]     [30/62]     See https://diff.blue/R081 for further troubleshooting of this issue.
13:24:43.678 [INFO]  [Creating] 
================================================================================
= Creating tests for 'io.gitlab.arturbosch.detekt.rules.exceptions.ReturnFromFinally.<init>:()V' using 'SiM (!sp, fnm, df, !ris)'
================================================================================
13:24:43.953 [INFO]  [Creating]     [31/62] io.gitlab.arturbosch.detekt.rules.exceptions.ReturnFromFinally.<init>
13:24:43.953 [INFO]  [Creating]     [31/62]   R011: Sandboxing policy violation
13:24:43.953 [INFO]  [Creating]     [31/62]     Diffblue Cover ran code in your project that tried
13:24:43.953 [INFO]  [Creating]     [31/62]       to access 'sun.misc'.
13:24:43.953 [INFO]  [Creating]     [31/62]     Diffblue Cover's default sandboxing policy disallows this in order to prevent
13:24:43.953 [INFO]  [Creating]     [31/62]     your code from damaging your system environment.
13:24:43.953 [INFO]  [Creating]     [31/62]     See https://diff.blue/R011 to resolve this issue.
13:24:43.954 [INFO]  [Creating] 
================================================================================
= Creating tests for 'io.gitlab.arturbosch.detekt.rules.exceptions.ReturnFromFinally.<init>:(Lio/gitlab/arturbosch/detekt/api/Config;)V' using 'SiM (!sp, fnm, df, !ris)'
================================================================================
13:24:43.987 [INFO]  [Creating]     [32/62] io.gitlab.arturbosch.detekt.rules.exceptions.ReturnFromFinally.<init>
13:24:43.987 [INFO]  [Creating]     [32/62]   R034: Diffblue Cover can't complete test
13:24:43.987 [INFO]  [Creating]     [32/62]     Diffblue Cover was unable to complete the test.
13:24:43.987 [INFO]  [Creating]     [32/62]     Try to increase the number of fuzzing iterations if non-default
13:24:43.987 [INFO]  [Creating]     [32/62]     value is used.
13:24:43.987 [INFO]  [Creating]     [32/62]     See https://diff.blue/R034 for further troubleshooting of this issue.
13:24:43.988 [INFO]  [Creating] 
================================================================================
= Creating tests for 'io.gitlab.arturbosch.detekt.rules.exceptions.ReturnFromFinally.visitTryExpression:(Lorg/jetbrains/kotlin/psi/KtTryExpression;)V' using 'SiM (!sp, fnm, df, !ris)'
================================================================================
13:24:44.041 [INFO]  [Creating]     [33/62] io.gitlab.arturbosch.detekt.rules.exceptions.ReturnFromFinally.visitTryExpression
13:24:44.041 [INFO]  [Creating]     [33/62]   R034: Diffblue Cover can't complete test
13:24:44.041 [INFO]  [Creating]     [33/62]     Diffblue Cover was unable to complete the test.
13:24:44.041 [INFO]  [Creating]     [33/62]     Try to increase the number of fuzzing iterations if non-default
13:24:44.041 [INFO]  [Creating]     [33/62]     value is used.
13:24:44.041 [INFO]  [Creating]     [33/62]     See https://diff.blue/R034 for further troubleshooting of this issue.
13:24:44.043 [INFO]  [Creating]  [8/17] io.gitlab.arturbosch.detekt.rules.exceptions.ReturnFromFinally
13:24:44.043 [INFO]  [Creating]  [8/17]   Tests created: 0
13:24:44.043 [INFO]  [Creating] 
================================================================================
= Starting analysis for class 'io.gitlab.arturbosch.detekt.rules.exceptions.SwallowedException'
================================================================================
13:24:44.043 [INFO]  [Creating] Filtering out non-testable methods...
13:24:44.043 [INFO]  [Creating] Filtering of methods complete. Creating analysis request
13:24:44.043 [INFO]  [Creating] Attempting to get service client, retry 1.
13:24:44.099 [INFO]  [Creating] 
================================================================================
= Creating tests for 'io.gitlab.arturbosch.detekt.rules.exceptions.SwallowedException.getIssue:()Lio/gitlab/arturbosch/detekt/api/Issue;' using 'TrM (!sp, !fnm, df, !ris)'
================================================================================
13:24:44.114 [INFO]  [Creating]     [34/62] io.gitlab.arturbosch.detekt.rules.exceptions.SwallowedException.getIssue
13:24:44.114 [INFO]  [Creating]     [34/62]   R081: Exception in arrange section
13:24:44.114 [INFO]  [Creating]     [34/62]     Diffblue Cover was unable to construct an instance of the class under test using
13:24:44.114 [INFO]  [Creating]     [34/62]     io.gitlab.arturbosch.detekt.rules.exceptions.SwallowedException.<init>().
13:24:44.114 [INFO]  [Creating]     [34/62]     The arrange section threw
13:24:44.114 [INFO]  [Creating]     [34/62]     java.lang.NoClassDefFoundError: Could not initialize class org.jetbrains.kotlin.resolve.BindingContext
13:24:44.114 [INFO]  [Creating]     [34/62]         at io.gitlab.arturbosch.detekt.api.BaseRule.<init>(BaseRule.kt:25)
13:24:44.114 [INFO]  [Creating]     [34/62]         at io.gitlab.arturbosch.detekt.api.Rule.<init>(Rule.kt:23)
13:24:44.114 [INFO]  [Creating]     [34/62]         at io.gitlab.arturbosch.detekt.api.Rule.<init>(Rule.kt:20)
13:24:44.114 [INFO]  [Creating]     [34/62]         at io.gitlab.arturbosch.detekt.rules.exceptions.SwallowedException.<init>(SwallowedException.kt:72)
13:24:44.114 [INFO]  [Creating]     [34/62]         at io.gitlab.arturbosch.detekt.rules.exceptions.SwallowedException.<init>(SwallowedException.kt:72)
13:24:44.114 [INFO]  [Creating]     [34/62]         at io.gitlab.arturbosch.detekt.rules.exceptions.SwallowedException.<init>(SwallowedException.kt)
13:24:44.114 [INFO]  [Creating]     [34/62]     More information about the exception is provided in the support log.
13:24:44.114 [INFO]  [Creating]     [34/62]     See https://diff.blue/R081 for further troubleshooting of this issue.
13:24:44.115 [INFO]  [Creating] 
================================================================================
= Creating tests for 'io.gitlab.arturbosch.detekt.rules.exceptions.SwallowedException.<init>:()V' using 'SiM (!sp, fnm, df, !ris)'
================================================================================
13:24:44.454 [INFO]  [Creating]     [35/62] io.gitlab.arturbosch.detekt.rules.exceptions.SwallowedException.<init>
13:24:44.454 [INFO]  [Creating]     [35/62]   R011: Sandboxing policy violation
13:24:44.454 [INFO]  [Creating]     [35/62]     Diffblue Cover ran code in your project that tried
13:24:44.454 [INFO]  [Creating]     [35/62]       to access 'sun.misc'.
13:24:44.454 [INFO]  [Creating]     [35/62]     Diffblue Cover's default sandboxing policy disallows this in order to prevent
13:24:44.454 [INFO]  [Creating]     [35/62]     your code from damaging your system environment.
13:24:44.454 [INFO]  [Creating]     [35/62]     See https://diff.blue/R011 to resolve this issue.
13:24:44.455 [INFO]  [Creating] 
================================================================================
= Creating tests for 'io.gitlab.arturbosch.detekt.rules.exceptions.SwallowedException.<init>:(Lio/gitlab/arturbosch/detekt/api/Config;)V' using 'SiM (!sp, fnm, df, !ris)'
================================================================================
13:24:44.485 [INFO]  [Creating]     [36/62] io.gitlab.arturbosch.detekt.rules.exceptions.SwallowedException.<init>
13:24:44.486 [INFO]  [Creating]     [36/62]   R034: Diffblue Cover can't complete test
13:24:44.486 [INFO]  [Creating]     [36/62]     Diffblue Cover was unable to complete the test.
13:24:44.486 [INFO]  [Creating]     [36/62]     Try to increase the number of fuzzing iterations if non-default
13:24:44.486 [INFO]  [Creating]     [36/62]     value is used.
13:24:44.486 [INFO]  [Creating]     [36/62]     See https://diff.blue/R034 for further troubleshooting of this issue.
13:24:44.486 [INFO]  [Creating] 
================================================================================
= Creating tests for 'io.gitlab.arturbosch.detekt.rules.exceptions.SwallowedException.getEXCEPTIONS_IGNORED_BY_DEFAULT:()Ljava/util/List;' using 'SiM (!sp, fnm, df, !ris)'
================================================================================
13:24:45.188 [INFO]  [Creating]     [37/62] io.gitlab.arturbosch.detekt.rules.exceptions.SwallowedException.getEXCEPTIONS_IGNORED_BY_DEFAULT
13:24:45.188 [INFO]  [Creating]     [37/62]   Tests created: 1
13:24:45.189 [INFO]  [Creating] 
================================================================================
= Creating tests for 'io.gitlab.arturbosch.detekt.rules.exceptions.SwallowedException.visitCatchSection:(Lorg/jetbrains/kotlin/psi/KtCatchClause;)V' using 'SiM (!sp, fnm, df, !ris)'
================================================================================
13:24:45.231 [INFO]  [Creating]     [38/62] io.gitlab.arturbosch.detekt.rules.exceptions.SwallowedException.visitCatchSection
13:24:45.231 [INFO]  [Creating]     [38/62]   R034: Diffblue Cover can't complete test
13:24:45.231 [INFO]  [Creating]     [38/62]     Diffblue Cover was unable to complete the test.
13:24:45.231 [INFO]  [Creating]     [38/62]     Try to increase the number of fuzzing iterations if non-default
13:24:45.231 [INFO]  [Creating]     [38/62]     value is used.
13:24:45.231 [INFO]  [Creating]     [38/62]     See https://diff.blue/R034 for further troubleshooting of this issue.
13:24:45.233 [INFO]  [Creating]  [9/17] io.gitlab.arturbosch.detekt.rules.exceptions.SwallowedException
13:24:45.234 [INFO]  [Creating]  [9/17]   Tests created: 1
13:24:45.234 [INFO]  [Creating] 
================================================================================
= Starting analysis for class 'io.gitlab.arturbosch.detekt.rules.exceptions.SwallowedException$Companion'
================================================================================
13:24:45.234 [INFO]  [Creating] Filtering out non-testable methods...
13:24:45.234 [INFO]  [Creating] Filtering of methods complete. Creating analysis request
13:24:45.234 [INFO]  [Creating] Attempting to get service client, retry 1.
13:24:45.254 [INFO]  [Creating] 
================================================================================
= Creating tests for 'io.gitlab.arturbosch.detekt.rules.exceptions.SwallowedException$Companion.getEXCEPTIONS_IGNORED_BY_DEFAULT:()Ljava/util/List;' using 'SiM (!sp, fnm, df, !ris)'
================================================================================
13:24:45.270 [INFO]  [Creating]     [39/62] io.gitlab.arturbosch.detekt.rules.exceptions.SwallowedException$Companion.getEXCEPTIONS_IGNORED_BY_DEFAULT
13:24:45.270 [INFO]  [Creating]     [39/62]   R083: Can't find a suitable constructor
13:24:45.270 [INFO]  [Creating]     [39/62]     Diffblue Cover was unable to construct an instance of SwallowedException.Companion.
13:24:45.270 [INFO]  [Creating]     [39/62]     No suitable constructor or factory method found. Please check that the class
13:24:45.270 [INFO]  [Creating]     [39/62]     under test has a non-private constructor or factory method.
13:24:45.270 [INFO]  [Creating]     [39/62]     See https://diff.blue/R083 for further troubleshooting of this issue.
13:24:45.272 [INFO]  [Creating] [10/17] io.gitlab.arturbosch.detekt.rules.exceptions.SwallowedException$Companion
13:24:45.272 [INFO]  [Creating] [10/17]   Tests created: 0
13:24:45.272 [INFO]  [Creating] 
================================================================================
= Starting analysis for class 'io.gitlab.arturbosch.detekt.rules.exceptions.ThrowingExceptionFromFinally'
================================================================================
13:24:45.272 [INFO]  [Creating] Filtering out non-testable methods...
13:24:45.273 [INFO]  [Creating] Filtering of methods complete. Creating analysis request
13:24:45.273 [INFO]  [Creating] Attempting to get service client, retry 1.
13:24:45.296 [INFO]  [Creating] 
================================================================================
= Creating tests for 'io.gitlab.arturbosch.detekt.rules.exceptions.ThrowingExceptionFromFinally.getIssue:()Lio/gitlab/arturbosch/detekt/api/Issue;' using 'TrM (!sp, !fnm, df, !ris)'
================================================================================
13:24:45.309 [INFO]  [Creating]     [40/62] io.gitlab.arturbosch.detekt.rules.exceptions.ThrowingExceptionFromFinally.getIssue
13:24:45.309 [INFO]  [Creating]     [40/62]   R081: Exception in arrange section
13:24:45.309 [INFO]  [Creating]     [40/62]     Diffblue Cover was unable to construct an instance of the class under test using
13:24:45.309 [INFO]  [Creating]     [40/62]     io.gitlab.arturbosch.detekt.rules.exceptions.ThrowingExceptionFromFinally.<init>().
13:24:45.309 [INFO]  [Creating]     [40/62]     The arrange section threw
13:24:45.309 [INFO]  [Creating]     [40/62]     java.lang.NoClassDefFoundError: Could not initialize class org.jetbrains.kotlin.resolve.BindingContext
13:24:45.309 [INFO]  [Creating]     [40/62]         at io.gitlab.arturbosch.detekt.api.BaseRule.<init>(BaseRule.kt:25)
13:24:45.309 [INFO]  [Creating]     [40/62]         at io.gitlab.arturbosch.detekt.api.Rule.<init>(Rule.kt:23)
13:24:45.309 [INFO]  [Creating]     [40/62]         at io.gitlab.arturbosch.detekt.api.Rule.<init>(Rule.kt:20)
13:24:45.309 [INFO]  [Creating]     [40/62]         at io.gitlab.arturbosch.detekt.rules.exceptions.ThrowingExceptionFromFinally.<init>(ThrowingExceptionFromFinally.kt:30)
13:24:45.309 [INFO]  [Creating]     [40/62]         at io.gitlab.arturbosch.detekt.rules.exceptions.ThrowingExceptionFromFinally.<init>(ThrowingExceptionFromFinally.kt:30)
13:24:45.309 [INFO]  [Creating]     [40/62]         at io.gitlab.arturbosch.detekt.rules.exceptions.ThrowingExceptionFromFinally.<init>(ThrowingExceptionFromFinally.kt)
13:24:45.309 [INFO]  [Creating]     [40/62]     More information about the exception is provided in the support log.
13:24:45.309 [INFO]  [Creating]     [40/62]     See https://diff.blue/R081 for further troubleshooting of this issue.
13:24:45.310 [INFO]  [Creating] 
================================================================================
= Creating tests for 'io.gitlab.arturbosch.detekt.rules.exceptions.ThrowingExceptionFromFinally.<init>:()V' using 'SiM (!sp, fnm, df, !ris)'
================================================================================
13:24:45.362 [INFO]  [Creating]     [41/62] io.gitlab.arturbosch.detekt.rules.exceptions.ThrowingExceptionFromFinally.<init>
13:24:45.362 [INFO]  [Creating]     [41/62]   R011: Sandboxing policy violation
13:24:45.362 [INFO]  [Creating]     [41/62]     Diffblue Cover ran code in your project that tried
13:24:45.362 [INFO]  [Creating]     [41/62]       to access 'sun.misc'.
13:24:45.362 [INFO]  [Creating]     [41/62]     Diffblue Cover's default sandboxing policy disallows this in order to prevent
13:24:45.362 [INFO]  [Creating]     [41/62]     your code from damaging your system environment.
13:24:45.362 [INFO]  [Creating]     [41/62]     See https://diff.blue/R011 to resolve this issue.
13:24:45.363 [INFO]  [Creating] 
================================================================================
= Creating tests for 'io.gitlab.arturbosch.detekt.rules.exceptions.ThrowingExceptionFromFinally.<init>:(Lio/gitlab/arturbosch/detekt/api/Config;)V' using 'SiM (!sp, fnm, df, !ris)'
================================================================================
13:24:45.608 [INFO]  [Creating]     [42/62] io.gitlab.arturbosch.detekt.rules.exceptions.ThrowingExceptionFromFinally.<init>
13:24:45.609 [INFO]  [Creating]     [42/62]   R013: No inputs found that don't throw a trivial exception
13:24:45.609 [INFO]  [Creating]     [42/62]     Diffblue Cover tried to run the arrange/act section, but the test threw
13:24:45.609 [INFO]  [Creating]     [42/62]     java.lang.NullPointerException: Parameter specified as non-null is null: method io.gitlab.arturbosch.detekt.rules.exceptions.ThrowingExceptionFromFinally.<init>, parameter config
13:24:45.609 [INFO]  [Creating]     [42/62]         at io.gitlab.arturbosch.detekt.rules.exceptions.ThrowingExceptionFromFinally.<init>(ThrowingExceptionFromFinally.kt)
13:24:45.609 [INFO]  [Creating]     [42/62]     In order to prevent <init>(Config)
13:24:45.609 [INFO]  [Creating]     [42/62]     from throwing NullPointerException, add constructors or factory
13:24:45.609 [INFO]  [Creating]     [42/62]     methods that make it easier to construct fully initialized objects used in
13:24:45.609 [INFO]  [Creating]     [42/62]     <init>(Config).
13:24:45.609 [INFO]  [Creating]     [42/62]     See https://diff.blue/R013 to resolve this issue.
13:24:45.609 [INFO]  [Creating] 
================================================================================
= Creating tests for 'io.gitlab.arturbosch.detekt.rules.exceptions.ThrowingExceptionFromFinally.visitFinallySection:(Lorg/jetbrains/kotlin/psi/KtFinallySection;)V' using 'SiM (!sp, fnm, df, !ris)'
================================================================================
13:24:45.685 [INFO]  [Creating]     [43/62] io.gitlab.arturbosch.detekt.rules.exceptions.ThrowingExceptionFromFinally.visitFinallySection
13:24:45.685 [INFO]  [Creating]     [43/62]   R034: Diffblue Cover can't complete test
13:24:45.685 [INFO]  [Creating]     [43/62]     Diffblue Cover was unable to complete the test.
13:24:45.685 [INFO]  [Creating]     [43/62]     Try to increase the number of fuzzing iterations if non-default
13:24:45.685 [INFO]  [Creating]     [43/62]     value is used.
13:24:45.685 [INFO]  [Creating]     [43/62]     See https://diff.blue/R034 for further troubleshooting of this issue.
13:24:45.687 [INFO]  [Creating] [11/17] io.gitlab.arturbosch.detekt.rules.exceptions.ThrowingExceptionFromFinally
13:24:45.687 [INFO]  [Creating] [11/17]   Tests created: 0
13:24:45.687 [INFO]  [Creating] 
================================================================================
= Starting analysis for class 'io.gitlab.arturbosch.detekt.rules.exceptions.ThrowingExceptionInMain'
================================================================================
13:24:45.687 [INFO]  [Creating] Filtering out non-testable methods...
13:24:45.687 [INFO]  [Creating] Filtering of methods complete. Creating analysis request
13:24:45.687 [INFO]  [Creating] Attempting to get service client, retry 1.
13:24:45.709 [INFO]  [Creating] 
================================================================================
= Creating tests for 'io.gitlab.arturbosch.detekt.rules.exceptions.ThrowingExceptionInMain.getIssue:()Lio/gitlab/arturbosch/detekt/api/Issue;' using 'TrM (!sp, !fnm, df, !ris)'
================================================================================
13:24:45.721 [INFO]  [Creating]     [44/62] io.gitlab.arturbosch.detekt.rules.exceptions.ThrowingExceptionInMain.getIssue
13:24:45.721 [INFO]  [Creating]     [44/62]   R081: Exception in arrange section
13:24:45.721 [INFO]  [Creating]     [44/62]     Diffblue Cover was unable to construct an instance of the class under test using
13:24:45.721 [INFO]  [Creating]     [44/62]     io.gitlab.arturbosch.detekt.rules.exceptions.ThrowingExceptionInMain.<init>().
13:24:45.721 [INFO]  [Creating]     [44/62]     The arrange section threw
13:24:45.721 [INFO]  [Creating]     [44/62]     java.lang.NoClassDefFoundError: Could not initialize class org.jetbrains.kotlin.resolve.BindingContext
13:24:45.721 [INFO]  [Creating]     [44/62]         at io.gitlab.arturbosch.detekt.api.BaseRule.<init>(BaseRule.kt:25)
13:24:45.721 [INFO]  [Creating]     [44/62]         at io.gitlab.arturbosch.detekt.api.Rule.<init>(Rule.kt:23)
13:24:45.721 [INFO]  [Creating]     [44/62]         at io.gitlab.arturbosch.detekt.api.Rule.<init>(Rule.kt:20)
13:24:45.721 [INFO]  [Creating]     [44/62]         at io.gitlab.arturbosch.detekt.rules.exceptions.ThrowingExceptionInMain.<init>(ThrowingExceptionInMain.kt:26)
13:24:45.721 [INFO]  [Creating]     [44/62]         at io.gitlab.arturbosch.detekt.rules.exceptions.ThrowingExceptionInMain.<init>(ThrowingExceptionInMain.kt:26)
13:24:45.721 [INFO]  [Creating]     [44/62]         at io.gitlab.arturbosch.detekt.rules.exceptions.ThrowingExceptionInMain.<init>(ThrowingExceptionInMain.kt)
13:24:45.721 [INFO]  [Creating]     [44/62]     More information about the exception is provided in the support log.
13:24:45.721 [INFO]  [Creating]     [44/62]     See https://diff.blue/R081 for further troubleshooting of this issue.
13:24:45.722 [INFO]  [Creating] 
================================================================================
= Creating tests for 'io.gitlab.arturbosch.detekt.rules.exceptions.ThrowingExceptionInMain.<init>:()V' using 'SiM (!sp, fnm, df, !ris)'
================================================================================
13:24:45.782 [INFO]  [Creating]     [45/62] io.gitlab.arturbosch.detekt.rules.exceptions.ThrowingExceptionInMain.<init>
13:24:45.782 [INFO]  [Creating]     [45/62]   R011: Sandboxing policy violation
13:24:45.782 [INFO]  [Creating]     [45/62]     Diffblue Cover ran code in your project that tried
13:24:45.782 [INFO]  [Creating]     [45/62]       to access 'sun.misc'.
13:24:45.782 [INFO]  [Creating]     [45/62]     Diffblue Cover's default sandboxing policy disallows this in order to prevent
13:24:45.782 [INFO]  [Creating]     [45/62]     your code from damaging your system environment.
13:24:45.782 [INFO]  [Creating]     [45/62]     See https://diff.blue/R011 to resolve this issue.
13:24:45.782 [INFO]  [Creating] 
================================================================================
= Creating tests for 'io.gitlab.arturbosch.detekt.rules.exceptions.ThrowingExceptionInMain.<init>:(Lio/gitlab/arturbosch/detekt/api/Config;)V' using 'SiM (!sp, fnm, df, !ris)'
================================================================================
13:24:46.029 [INFO]  [Creating]     [46/62] io.gitlab.arturbosch.detekt.rules.exceptions.ThrowingExceptionInMain.<init>
13:24:46.029 [INFO]  [Creating]     [46/62]   R013: No inputs found that don't throw a trivial exception
13:24:46.029 [INFO]  [Creating]     [46/62]     Diffblue Cover tried to run the arrange/act section, but the test threw
13:24:46.029 [INFO]  [Creating]     [46/62]     java.lang.NullPointerException: Parameter specified as non-null is null: method io.gitlab.arturbosch.detekt.rules.exceptions.ThrowingExceptionInMain.<init>, parameter config
13:24:46.029 [INFO]  [Creating]     [46/62]         at io.gitlab.arturbosch.detekt.rules.exceptions.ThrowingExceptionInMain.<init>(ThrowingExceptionInMain.kt)
13:24:46.029 [INFO]  [Creating]     [46/62]     In order to prevent <init>(Config)
13:24:46.029 [INFO]  [Creating]     [46/62]     from throwing NullPointerException, add constructors or factory
13:24:46.029 [INFO]  [Creating]     [46/62]     methods that make it easier to construct fully initialized objects used in
13:24:46.029 [INFO]  [Creating]     [46/62]     <init>(Config).
13:24:46.029 [INFO]  [Creating]     [46/62]     See https://diff.blue/R013 to resolve this issue.
13:24:46.030 [INFO]  [Creating] 
================================================================================
= Creating tests for 'io.gitlab.arturbosch.detekt.rules.exceptions.ThrowingExceptionInMain.visitNamedFunction:(Lorg/jetbrains/kotlin/psi/KtNamedFunction;)V' using 'SiM (!sp, fnm, df, !ris)'
================================================================================
13:24:47.926 [INFO]  [Creating]     [47/62] io.gitlab.arturbosch.detekt.rules.exceptions.ThrowingExceptionInMain.visitNamedFunction
13:24:47.926 [INFO]  [Creating]     [47/62]   R034: Diffblue Cover can't complete test
13:24:47.926 [INFO]  [Creating]     [47/62]     Diffblue Cover was unable to complete the test.
13:24:47.926 [INFO]  [Creating]     [47/62]     Try to increase the number of fuzzing iterations if non-default
13:24:47.926 [INFO]  [Creating]     [47/62]     value is used.
13:24:47.926 [INFO]  [Creating]     [47/62]     See https://diff.blue/R034 for further troubleshooting of this issue.
13:24:47.928 [INFO]  [Creating] [12/17] io.gitlab.arturbosch.detekt.rules.exceptions.ThrowingExceptionInMain
13:24:47.928 [INFO]  [Creating] [12/17]   Tests created: 0
13:24:47.928 [INFO]  [Creating] 
================================================================================
= Starting analysis for class 'io.gitlab.arturbosch.detekt.rules.exceptions.ThrowingExceptionsWithoutMessageOrCause'
================================================================================
13:24:47.928 [INFO]  [Creating] Filtering out non-testable methods...
13:24:47.928 [INFO]  [Creating] Filtering of methods complete. Creating analysis request
13:24:47.928 [INFO]  [Creating] Attempting to get service client, retry 1.
13:24:47.949 [INFO]  [Creating] 
================================================================================
= Creating tests for 'io.gitlab.arturbosch.detekt.rules.exceptions.ThrowingExceptionsWithoutMessageOrCause.getIssue:()Lio/gitlab/arturbosch/detekt/api/Issue;' using 'TrM (!sp, !fnm, df, !ris)'
================================================================================
13:24:47.961 [INFO]  [Creating]     [48/62] io.gitlab.arturbosch.detekt.rules.exceptions.ThrowingExceptionsWithoutMessageOrCause.getIssue
13:24:47.961 [INFO]  [Creating]     [48/62]   R081: Exception in arrange section
13:24:47.961 [INFO]  [Creating]     [48/62]     Diffblue Cover was unable to construct an instance of the class under test using
13:24:47.961 [INFO]  [Creating]     [48/62]     io.gitlab.arturbosch.detekt.rules.exceptions.ThrowingExceptionsWithoutMessageOrCause.<init>().
13:24:47.961 [INFO]  [Creating]     [48/62]     The arrange section threw
13:24:47.961 [INFO]  [Creating]     [48/62]     java.lang.NoClassDefFoundError: Could not initialize class org.jetbrains.kotlin.resolve.BindingContext
13:24:47.961 [INFO]  [Creating]     [48/62]         at io.gitlab.arturbosch.detekt.api.BaseRule.<init>(BaseRule.kt:25)
13:24:47.961 [INFO]  [Creating]     [48/62]         at io.gitlab.arturbosch.detekt.api.Rule.<init>(Rule.kt:23)
13:24:47.961 [INFO]  [Creating]     [48/62]         at io.gitlab.arturbosch.detekt.api.Rule.<init>(Rule.kt:20)
13:24:47.961 [INFO]  [Creating]     [48/62]         at io.gitlab.arturbosch.detekt.rules.exceptions.ThrowingExceptionsWithoutMessageOrCause.<init>(ThrowingExceptionsWithoutMessageOrCause.kt:40)
13:24:47.961 [INFO]  [Creating]     [48/62]         at io.gitlab.arturbosch.detekt.rules.exceptions.ThrowingExceptionsWithoutMessageOrCause.<init>(ThrowingExceptionsWithoutMessageOrCause.kt:40)
13:24:47.961 [INFO]  [Creating]     [48/62]         at io.gitlab.arturbosch.detekt.rules.exceptions.ThrowingExceptionsWithoutMessageOrCause.<init>(ThrowingExceptionsWithoutMessageOrCause.kt)
13:24:47.961 [INFO]  [Creating]     [48/62]     More information about the exception is provided in the support log.
13:24:47.961 [INFO]  [Creating]     [48/62]     See https://diff.blue/R081 for further troubleshooting of this issue.
13:24:47.962 [INFO]  [Creating] 
================================================================================
= Creating tests for 'io.gitlab.arturbosch.detekt.rules.exceptions.ThrowingExceptionsWithoutMessageOrCause.<init>:()V' using 'SiM (!sp, fnm, df, !ris)'
================================================================================
13:24:48.006 [INFO]  [Creating]     [49/62] io.gitlab.arturbosch.detekt.rules.exceptions.ThrowingExceptionsWithoutMessageOrCause.<init>
13:24:48.006 [INFO]  [Creating]     [49/62]   R011: Sandboxing policy violation
13:24:48.006 [INFO]  [Creating]     [49/62]     Diffblue Cover ran code in your project that tried
13:24:48.006 [INFO]  [Creating]     [49/62]       to access 'sun.misc'.
13:24:48.006 [INFO]  [Creating]     [49/62]     Diffblue Cover's default sandboxing policy disallows this in order to prevent
13:24:48.006 [INFO]  [Creating]     [49/62]     your code from damaging your system environment.
13:24:48.006 [INFO]  [Creating]     [49/62]     See https://diff.blue/R011 to resolve this issue.
13:24:48.007 [INFO]  [Creating] 
================================================================================
= Creating tests for 'io.gitlab.arturbosch.detekt.rules.exceptions.ThrowingExceptionsWithoutMessageOrCause.<init>:(Lio/gitlab/arturbosch/detekt/api/Config;)V' using 'SiM (!sp, fnm, df, !ris)'
================================================================================
13:24:48.249 [INFO]  [Creating]     [50/62] io.gitlab.arturbosch.detekt.rules.exceptions.ThrowingExceptionsWithoutMessageOrCause.<init>
13:24:48.249 [INFO]  [Creating]     [50/62]   R013: No inputs found that don't throw a trivial exception
13:24:48.249 [INFO]  [Creating]     [50/62]     Diffblue Cover tried to run the arrange/act section, but the test threw
13:24:48.249 [INFO]  [Creating]     [50/62]     java.lang.NullPointerException: Parameter specified as non-null is null: method io.gitlab.arturbosch.detekt.rules.exceptions.ThrowingExceptionsWithoutMessageOrCause.<init>, parameter config
13:24:48.249 [INFO]  [Creating]     [50/62]         at io.gitlab.arturbosch.detekt.rules.exceptions.ThrowingExceptionsWithoutMessageOrCause.<init>(ThrowingExceptionsWithoutMessageOrCause.kt)
13:24:48.249 [INFO]  [Creating]     [50/62]     In order to prevent <init>(Config)
13:24:48.249 [INFO]  [Creating]     [50/62]     from throwing NullPointerException, add constructors or factory
13:24:48.249 [INFO]  [Creating]     [50/62]     methods that make it easier to construct fully initialized objects used in
13:24:48.249 [INFO]  [Creating]     [50/62]     <init>(Config).
13:24:48.249 [INFO]  [Creating]     [50/62]     See https://diff.blue/R013 to resolve this issue.
13:24:48.250 [INFO]  [Creating] 
================================================================================
= Creating tests for 'io.gitlab.arturbosch.detekt.rules.exceptions.ThrowingExceptionsWithoutMessageOrCause.visitCallExpression:(Lorg/jetbrains/kotlin/psi/KtCallExpression;)V' using 'SiM (!sp, fnm, df, !ris)'
================================================================================
13:24:48.355 [INFO]  [Creating]     [51/62] io.gitlab.arturbosch.detekt.rules.exceptions.ThrowingExceptionsWithoutMessageOrCause.visitCallExpression
13:24:48.355 [INFO]  [Creating]     [51/62]   R034: Diffblue Cover can't complete test
13:24:48.355 [INFO]  [Creating]     [51/62]     Diffblue Cover was unable to complete the test.
13:24:48.355 [INFO]  [Creating]     [51/62]     Try to increase the number of fuzzing iterations if non-default
13:24:48.355 [INFO]  [Creating]     [51/62]     value is used.
13:24:48.355 [INFO]  [Creating]     [51/62]     See https://diff.blue/R034 for further troubleshooting of this issue.
13:24:48.356 [INFO]  [Creating] [13/17] io.gitlab.arturbosch.detekt.rules.exceptions.ThrowingExceptionsWithoutMessageOrCause
13:24:48.357 [INFO]  [Creating] [13/17]   Tests created: 0
13:24:48.357 [INFO]  [Creating] 
================================================================================
= Starting analysis for class 'io.gitlab.arturbosch.detekt.rules.exceptions.ThrowingNewInstanceOfSameException'
================================================================================
13:24:48.357 [INFO]  [Creating] Filtering out non-testable methods...
13:24:48.357 [INFO]  [Creating] Filtering of methods complete. Creating analysis request
13:24:48.357 [INFO]  [Creating] Attempting to get service client, retry 1.
13:24:48.378 [INFO]  [Creating] 
================================================================================
= Creating tests for 'io.gitlab.arturbosch.detekt.rules.exceptions.ThrowingNewInstanceOfSameException.getIssue:()Lio/gitlab/arturbosch/detekt/api/Issue;' using 'TrM (!sp, !fnm, df, !ris)'
================================================================================
13:24:48.390 [INFO]  [Creating]     [52/62] io.gitlab.arturbosch.detekt.rules.exceptions.ThrowingNewInstanceOfSameException.getIssue
13:24:48.390 [INFO]  [Creating]     [52/62]   R081: Exception in arrange section
13:24:48.390 [INFO]  [Creating]     [52/62]     Diffblue Cover was unable to construct an instance of the class under test using
13:24:48.390 [INFO]  [Creating]     [52/62]     io.gitlab.arturbosch.detekt.rules.exceptions.ThrowingNewInstanceOfSameException.<init>().
13:24:48.390 [INFO]  [Creating]     [52/62]     The arrange section threw
13:24:48.390 [INFO]  [Creating]     [52/62]     java.lang.NoClassDefFoundError: Could not initialize class org.jetbrains.kotlin.resolve.BindingContext
13:24:48.390 [INFO]  [Creating]     [52/62]         at io.gitlab.arturbosch.detekt.api.BaseRule.<init>(BaseRule.kt:25)
13:24:48.390 [INFO]  [Creating]     [52/62]         at io.gitlab.arturbosch.detekt.api.Rule.<init>(Rule.kt:23)
13:24:48.390 [INFO]  [Creating]     [52/62]         at io.gitlab.arturbosch.detekt.api.Rule.<init>(Rule.kt:20)
13:24:48.390 [INFO]  [Creating]     [52/62]         at io.gitlab.arturbosch.detekt.rules.exceptions.ThrowingNewInstanceOfSameException.<init>(ThrowingNewInstanceOfSameException.kt:42)
13:24:48.390 [INFO]  [Creating]     [52/62]         at io.gitlab.arturbosch.detekt.rules.exceptions.ThrowingNewInstanceOfSameException.<init>(ThrowingNewInstanceOfSameException.kt:42)
13:24:48.390 [INFO]  [Creating]     [52/62]         at io.gitlab.arturbosch.detekt.rules.exceptions.ThrowingNewInstanceOfSameException.<init>(ThrowingNewInstanceOfSameException.kt)
13:24:48.390 [INFO]  [Creating]     [52/62]     More information about the exception is provided in the support log.
13:24:48.390 [INFO]  [Creating]     [52/62]     See https://diff.blue/R081 for further troubleshooting of this issue.
13:24:48.391 [INFO]  [Creating] 
================================================================================
= Creating tests for 'io.gitlab.arturbosch.detekt.rules.exceptions.ThrowingNewInstanceOfSameException.<init>:()V' using 'SiM (!sp, fnm, df, !ris)'
================================================================================
13:24:48.441 [INFO]  [Creating]     [53/62] io.gitlab.arturbosch.detekt.rules.exceptions.ThrowingNewInstanceOfSameException.<init>
13:24:48.441 [INFO]  [Creating]     [53/62]   R011: Sandboxing policy violation
13:24:48.441 [INFO]  [Creating]     [53/62]     Diffblue Cover ran code in your project that tried
13:24:48.441 [INFO]  [Creating]     [53/62]       to access 'sun.misc'.
13:24:48.441 [INFO]  [Creating]     [53/62]     Diffblue Cover's default sandboxing policy disallows this in order to prevent
13:24:48.441 [INFO]  [Creating]     [53/62]     your code from damaging your system environment.
13:24:48.441 [INFO]  [Creating]     [53/62]     See https://diff.blue/R011 to resolve this issue.
13:24:48.442 [INFO]  [Creating] 
================================================================================
= Creating tests for 'io.gitlab.arturbosch.detekt.rules.exceptions.ThrowingNewInstanceOfSameException.<init>:(Lio/gitlab/arturbosch/detekt/api/Config;)V' using 'SiM (!sp, fnm, df, !ris)'
================================================================================
13:24:48.678 [INFO]  [Creating]     [54/62] io.gitlab.arturbosch.detekt.rules.exceptions.ThrowingNewInstanceOfSameException.<init>
13:24:48.678 [INFO]  [Creating]     [54/62]   R013: No inputs found that don't throw a trivial exception
13:24:48.678 [INFO]  [Creating]     [54/62]     Diffblue Cover tried to run the arrange/act section, but the test threw
13:24:48.678 [INFO]  [Creating]     [54/62]     java.lang.NullPointerException: Parameter specified as non-null is null: method io.gitlab.arturbosch.detekt.rules.exceptions.ThrowingNewInstanceOfSameException.<init>, parameter config
13:24:48.678 [INFO]  [Creating]     [54/62]         at io.gitlab.arturbosch.detekt.rules.exceptions.ThrowingNewInstanceOfSameException.<init>(ThrowingNewInstanceOfSameException.kt)
13:24:48.678 [INFO]  [Creating]     [54/62]     In order to prevent <init>(Config)
13:24:48.678 [INFO]  [Creating]     [54/62]     from throwing NullPointerException, add constructors or factory
13:24:48.678 [INFO]  [Creating]     [54/62]     methods that make it easier to construct fully initialized objects used in
13:24:48.678 [INFO]  [Creating]     [54/62]     <init>(Config).
13:24:48.678 [INFO]  [Creating]     [54/62]     See https://diff.blue/R013 to resolve this issue.
13:24:48.679 [INFO]  [Creating] 
================================================================================
= Creating tests for 'io.gitlab.arturbosch.detekt.rules.exceptions.ThrowingNewInstanceOfSameException.visitCatchSection:(Lorg/jetbrains/kotlin/psi/KtCatchClause;)V' using 'SiM (!sp, fnm, df, !ris)'
================================================================================
13:24:48.767 [INFO]  [Creating]     [55/62] io.gitlab.arturbosch.detekt.rules.exceptions.ThrowingNewInstanceOfSameException.visitCatchSection
13:24:48.767 [INFO]  [Creating]     [55/62]   R034: Diffblue Cover can't complete test
13:24:48.767 [INFO]  [Creating]     [55/62]     Diffblue Cover was unable to complete the test.
13:24:48.767 [INFO]  [Creating]     [55/62]     Try to increase the number of fuzzing iterations if non-default
13:24:48.767 [INFO]  [Creating]     [55/62]     value is used.
13:24:48.767 [INFO]  [Creating]     [55/62]     See https://diff.blue/R034 for further troubleshooting of this issue.
13:24:48.768 [INFO]  [Creating] [14/17] io.gitlab.arturbosch.detekt.rules.exceptions.ThrowingNewInstanceOfSameException
13:24:48.769 [INFO]  [Creating] [14/17]   Tests created: 0
13:24:48.769 [INFO]  [Creating] 
================================================================================
= Starting analysis for class 'io.gitlab.arturbosch.detekt.rules.exceptions.TooGenericExceptionCaught'
================================================================================
13:24:48.769 [INFO]  [Creating] Filtering out non-testable methods...
13:24:48.769 [INFO]  [Creating] Filtering of methods complete. Creating analysis request
13:24:48.769 [INFO]  [Creating] Attempting to get service client, retry 1.
13:24:48.789 [INFO]  [Creating] 
================================================================================
= Creating tests for 'io.gitlab.arturbosch.detekt.rules.exceptions.TooGenericExceptionCaught.getIssue:()Lio/gitlab/arturbosch/detekt/api/Issue;' using 'TrM (!sp, !fnm, df, !ris)'
================================================================================
13:24:48.816 [INFO]  [Creating]     [56/62] io.gitlab.arturbosch.detekt.rules.exceptions.TooGenericExceptionCaught.getIssue
13:24:48.816 [INFO]  [Creating]     [56/62]   R081: Exception in arrange section
13:24:48.816 [INFO]  [Creating]     [56/62]     Diffblue Cover was unable to construct an instance of the class under test using
13:24:48.816 [INFO]  [Creating]     [56/62]     io.gitlab.arturbosch.detekt.rules.exceptions.TooGenericExceptionCaught.<init>(Config).
13:24:48.816 [INFO]  [Creating]     [56/62]     The arrange section threw
13:24:48.816 [INFO]  [Creating]     [56/62]     java.lang.NoClassDefFoundError: Could not initialize class org.jetbrains.kotlin.resolve.BindingContext
13:24:48.816 [INFO]  [Creating]     [56/62]         at io.gitlab.arturbosch.detekt.api.BaseRule.<init>(BaseRule.kt:25)
13:24:48.816 [INFO]  [Creating]     [56/62]         at io.gitlab.arturbosch.detekt.api.Rule.<init>(Rule.kt:23)
13:24:48.816 [INFO]  [Creating]     [56/62]         at io.gitlab.arturbosch.detekt.api.Rule.<init>(Rule.kt:20)
13:24:48.816 [INFO]  [Creating]     [56/62]         at io.gitlab.arturbosch.detekt.rules.exceptions.ExceptionRaisedInUnexpectedLocation.<init>(ExceptionRaisedInUnexpectedLocation.kt:34)
13:24:48.816 [INFO]  [Creating]     [56/62]         at io.gitlab.arturbosch.detekt.rules.exceptions.ExceptionRaisedInUnexpectedLocation.<init>(ExceptionRaisedInUnexpectedLocation.kt:34)
13:24:48.816 [INFO]  [Creating]     [56/62]         at io.gitlab.arturbosch.detekt.rules.exceptions.ExceptionRaisedInUnexpectedLocation.<init>(ExceptionRaisedInUnexpectedLocation.kt)
13:24:48.816 [INFO]  [Creating]     [56/62]     More information about the exception is provided in the support log.
13:24:48.816 [INFO]  [Creating]     [56/62]     See https://diff.blue/R081 for further troubleshooting of this issue.
13:24:48.817 [INFO]  [Creating] 
================================================================================
= Creating tests for 'io.gitlab.arturbosch.detekt.rules.exceptions.TooGenericExceptionCaught.<init>:(Lio/gitlab/arturbosch/detekt/api/Config;)V' using 'SiM (!sp, fnm, df, !ris)'
================================================================================
13:24:49.075 [INFO]  [Creating]     [57/62] io.gitlab.arturbosch.detekt.rules.exceptions.TooGenericExceptionCaught.<init>
13:24:49.075 [INFO]  [Creating]     [57/62]   R013: No inputs found that don't throw a trivial exception
13:24:49.075 [INFO]  [Creating]     [57/62]     Diffblue Cover tried to run the arrange/act section, but the test threw
13:24:49.075 [INFO]  [Creating]     [57/62]     java.lang.NullPointerException: Parameter specified as non-null is null: method io.gitlab.arturbosch.detekt.rules.exceptions.TooGenericExceptionCaught.<init>, parameter config
13:24:49.075 [INFO]  [Creating]     [57/62]         at io.gitlab.arturbosch.detekt.rules.exceptions.TooGenericExceptionCaught.<init>(TooGenericExceptionCaught.kt)
13:24:49.075 [INFO]  [Creating]     [57/62]     In order to prevent <init>(Config)
13:24:49.075 [INFO]  [Creating]     [57/62]     from throwing NullPointerException, add constructors or factory
13:24:49.075 [INFO]  [Creating]     [57/62]     methods that make it easier to construct fully initialized objects used in
13:24:49.075 [INFO]  [Creating]     [57/62]     <init>(Config).
13:24:49.075 [INFO]  [Creating]     [57/62]     See https://diff.blue/R013 to resolve this issue.
13:24:49.076 [INFO]  [Creating] 
================================================================================
= Creating tests for 'io.gitlab.arturbosch.detekt.rules.exceptions.TooGenericExceptionCaught.visitCatchSection:(Lorg/jetbrains/kotlin/psi/KtCatchClause;)V' using 'SiM (!sp, fnm, df, !ris)'
================================================================================
13:24:49.178 [INFO]  [Creating]     [58/62] io.gitlab.arturbosch.detekt.rules.exceptions.TooGenericExceptionCaught.visitCatchSection
13:24:49.179 [INFO]  [Creating]     [58/62]   R034: Diffblue Cover can't complete test
13:24:49.179 [INFO]  [Creating]     [58/62]     Diffblue Cover was unable to complete the test.
13:24:49.179 [INFO]  [Creating]     [58/62]     Try to increase the number of fuzzing iterations if non-default
13:24:49.179 [INFO]  [Creating]     [58/62]     value is used.
13:24:49.179 [INFO]  [Creating]     [58/62]     See https://diff.blue/R034 for further troubleshooting of this issue.
13:24:49.180 [INFO]  [Creating] [15/17] io.gitlab.arturbosch.detekt.rules.exceptions.TooGenericExceptionCaught
13:24:49.180 [INFO]  [Creating] [15/17]   Tests created: 0
13:24:49.181 [INFO]  [Creating] 
================================================================================
= Starting analysis for class 'io.gitlab.arturbosch.detekt.rules.exceptions.TooGenericExceptionCaught$Companion'
================================================================================
13:24:49.181 [INFO]  [Creating] Filtering out non-testable methods...
13:24:49.181 [INFO]  [Creating] Filtering of methods complete. Creating analysis request
13:24:49.181 [INFO]  [Creating] Attempting to get service client, retry 1.
13:24:49.202 [INFO]  [Creating] 
================================================================================
= Creating tests for 'io.gitlab.arturbosch.detekt.rules.exceptions.TooGenericExceptionCaught$Companion.getCaughtExceptionDefaults:()Ljava/util/List;' using 'SiM (!sp, fnm, df, !ris)'
================================================================================
13:24:49.215 [INFO]  [Creating]     [59/62] io.gitlab.arturbosch.detekt.rules.exceptions.TooGenericExceptionCaught$Companion.getCaughtExceptionDefaults
13:24:49.215 [INFO]  [Creating]     [59/62]   R083: Can't find a suitable constructor
13:24:49.215 [INFO]  [Creating]     [59/62]     Diffblue Cover was unable to construct an instance of TooGenericExceptionCaught.Companion.
13:24:49.215 [INFO]  [Creating]     [59/62]     No suitable constructor or factory method found. Please check that the class
13:24:49.215 [INFO]  [Creating]     [59/62]     under test has a non-private constructor or factory method.
13:24:49.215 [INFO]  [Creating]     [59/62]     See https://diff.blue/R083 for further troubleshooting of this issue.
13:24:49.216 [INFO]  [Creating] [16/17] io.gitlab.arturbosch.detekt.rules.exceptions.TooGenericExceptionCaught$Companion
13:24:49.216 [INFO]  [Creating] [16/17]   Tests created: 0
13:24:49.216 [INFO]  [Creating] 
================================================================================
= Starting analysis for class 'io.gitlab.arturbosch.detekt.rules.exceptions.TooGenericExceptionThrown'
================================================================================
13:24:49.216 [INFO]  [Creating] Filtering out non-testable methods...
13:24:49.216 [INFO]  [Creating] Filtering of methods complete. Creating analysis request
13:24:49.216 [INFO]  [Creating] Attempting to get service client, retry 1.
13:24:49.237 [INFO]  [Creating] 
================================================================================
= Creating tests for 'io.gitlab.arturbosch.detekt.rules.exceptions.TooGenericExceptionThrown.getIssue:()Lio/gitlab/arturbosch/detekt/api/Issue;' using 'TrM (!sp, !fnm, df, !ris)'
================================================================================
13:24:49.262 [INFO]  [Creating]     [60/62] io.gitlab.arturbosch.detekt.rules.exceptions.TooGenericExceptionThrown.getIssue
13:24:49.262 [INFO]  [Creating]     [60/62]   R081: Exception in arrange section
13:24:49.262 [INFO]  [Creating]     [60/62]     Diffblue Cover was unable to construct an instance of the class under test using
13:24:49.262 [INFO]  [Creating]     [60/62]     io.gitlab.arturbosch.detekt.rules.exceptions.TooGenericExceptionThrown.<init>(Config).
13:24:49.262 [INFO]  [Creating]     [60/62]     The arrange section threw
13:24:49.262 [INFO]  [Creating]     [60/62]     java.lang.NoClassDefFoundError: Could not initialize class org.jetbrains.kotlin.resolve.BindingContext
13:24:49.262 [INFO]  [Creating]     [60/62]         at io.gitlab.arturbosch.detekt.api.BaseRule.<init>(BaseRule.kt:25)
13:24:49.262 [INFO]  [Creating]     [60/62]         at io.gitlab.arturbosch.detekt.api.Rule.<init>(Rule.kt:23)
13:24:49.262 [INFO]  [Creating]     [60/62]         at io.gitlab.arturbosch.detekt.api.Rule.<init>(Rule.kt:20)
13:24:49.262 [INFO]  [Creating]     [60/62]         at io.gitlab.arturbosch.detekt.rules.exceptions.ExceptionRaisedInUnexpectedLocation.<init>(ExceptionRaisedInUnexpectedLocation.kt:34)
13:24:49.262 [INFO]  [Creating]     [60/62]         at io.gitlab.arturbosch.detekt.rules.exceptions.ExceptionRaisedInUnexpectedLocation.<init>(ExceptionRaisedInUnexpectedLocation.kt:34)
13:24:49.262 [INFO]  [Creating]     [60/62]         at io.gitlab.arturbosch.detekt.rules.exceptions.ExceptionRaisedInUnexpectedLocation.<init>(ExceptionRaisedInUnexpectedLocation.kt)
13:24:49.262 [INFO]  [Creating]     [60/62]     More information about the exception is provided in the support log.
13:24:49.262 [INFO]  [Creating]     [60/62]     See https://diff.blue/R081 for further troubleshooting of this issue.
13:24:49.263 [INFO]  [Creating] 
================================================================================
= Creating tests for 'io.gitlab.arturbosch.detekt.rules.exceptions.TooGenericExceptionThrown.<init>:(Lio/gitlab/arturbosch/detekt/api/Config;)V' using 'SiM (!sp, fnm, df, !ris)'
================================================================================
13:24:49.559 [INFO]  [Creating]     [61/62] io.gitlab.arturbosch.detekt.rules.exceptions.TooGenericExceptionThrown.<init>
13:24:49.561 [INFO]  [Creating]     [61/62]   R013: No inputs found that don't throw a trivial exception
13:24:49.561 [INFO]  [Creating]     [61/62]     Diffblue Cover tried to run the arrange/act section, but the test threw
13:24:49.561 [INFO]  [Creating]     [61/62]     java.lang.NullPointerException: Parameter specified as non-null is null: method io.gitlab.arturbosch.detekt.rules.exceptions.TooGenericExceptionThrown.<init>, parameter config
13:24:49.561 [INFO]  [Creating]     [61/62]         at io.gitlab.arturbosch.detekt.rules.exceptions.TooGenericExceptionThrown.<init>(TooGenericExceptionThrown.kt)
13:24:49.561 [INFO]  [Creating]     [61/62]     In order to prevent <init>(Config)
13:24:49.561 [INFO]  [Creating]     [61/62]     from throwing NullPointerException, add constructors or factory
13:24:49.561 [INFO]  [Creating]     [61/62]     methods that make it easier to construct fully initialized objects used in
13:24:49.561 [INFO]  [Creating]     [61/62]     <init>(Config).
13:24:49.561 [INFO]  [Creating]     [61/62]     See https://diff.blue/R013 to resolve this issue.
13:24:49.562 [INFO]  [Creating] 
================================================================================
= Creating tests for 'io.gitlab.arturbosch.detekt.rules.exceptions.TooGenericExceptionThrown.visitThrowExpression:(Lorg/jetbrains/kotlin/psi/KtThrowExpression;)V' using 'SiM (!sp, fnm, df, !ris)'
================================================================================
13:24:50.024 [INFO]  [Creating]     [62/62] io.gitlab.arturbosch.detekt.rules.exceptions.TooGenericExceptionThrown.visitThrowExpression
13:24:50.024 [INFO]  [Creating]     [62/62]   R034: Diffblue Cover can't complete test
13:24:50.024 [INFO]  [Creating]     [62/62]     Diffblue Cover was unable to complete the test.
13:24:50.024 [INFO]  [Creating]     [62/62]     Try to increase the number of fuzzing iterations if non-default
13:24:50.024 [INFO]  [Creating]     [62/62]     value is used.
13:24:50.024 [INFO]  [Creating]     [62/62]     See https://diff.blue/R034 for further troubleshooting of this issue.
13:24:50.026 [INFO]  [Creating] [17/17] io.gitlab.arturbosch.detekt.rules.exceptions.TooGenericExceptionThrown
13:24:50.026 [INFO]  [Creating] [17/17]   Tests created: 0
13:24:50.032 [INFO]  [Reporting] 
13:24:50.032 [INFO]  [Reporting] Summary:
13:24:50.032 [INFO]  [Reporting] --------
13:24:50.032 [INFO]  [Reporting] Total:                                              62 methods
13:24:50.032 [INFO]  [Reporting] 2 tests created for:                                 3 methods
13:24:50.032 [INFO]  [Reporting] 
13:24:50.032 [INFO]  [Reporting] No tests created for:                               59 methods
13:24:50.032 [INFO]  [Reporting]    20 R034: Diffblue Cover can't complete test
13:24:50.032 [INFO]  [Reporting]    14 R081: Exception in arrange section
13:24:50.032 [INFO]  [Reporting]    12 R011: Sandboxing policy violation
13:24:50.032 [INFO]  [Reporting]    11 R013: No inputs found that don't throw a trivial exception
13:24:50.032 [INFO]  [Reporting]     2 R083: Can't find a suitable constructor
13:24:50.092 [INFO]  [Validating] 
13:24:50.093 [INFO]  [Validating] Running validation command.
13:24:50.095 [INFO]  [Validating] Running: Using JAVA_HOME: /Users/mnedzelskii/.sdkman/candidates/java/current : in /Users/mnedzelskii/gits/detekt/detekt-rules-exceptions : gradle test -i  
13:24:50.630 [INFO]  [Validating] Standard output of build tool (Gradle)
13:24:50.630 [INFO]  [Validating] > The client will now receive all logging from the daemon (pid: 15147). The daemon log file: /Users/mnedzelskii/.gradle/daemon/8.2/daemon-15147.out.log
13:24:50.630 [INFO]  [Validating] > Starting 133rd build in daemon [uptime: 3 hrs 20 mins 14.477 secs, performance: 100%, GC rate: 0.00/s, heap usage: 0% of 8 GiB]
13:24:50.630 [INFO]  [Validating] > Closing daemon's stdin at end of input.
13:24:50.630 [INFO]  [Validating] > The daemon will no longer process any standard input.
13:24:50.630 [INFO]  [Validating] > Using 10 worker leases.
13:24:50.630 [INFO]  [Validating] > Now considering [/Users/mnedzelskii/gits/detekt, /Users/mnedzelskii/gits/detekt/detekt-gradle-plugin, /Users/mnedzelskii/gits/detekt/build-logic] as hierarchies to watch
13:24:50.630 [INFO]  [Validating] > Now considering [/Users/mnedzelskii/gits/detekt/build-logic, /Users/mnedzelskii/gits/detekt, /Users/mnedzelskii/gits/detekt/detekt-gradle-plugin] as hierarchies to watch
13:24:50.630 [INFO]  [Validating] > Now considering [/Users/mnedzelskii/gits/detekt/detekt-gradle-plugin, /Users/mnedzelskii/gits/detekt/build-logic, /Users/mnedzelskii/gits/detekt] as hierarchies to watch
13:24:50.630 [INFO]  [Validating] > Reusing configuration cache.
13:24:50.630 [INFO]  [Validating] > Now considering [/Users/mnedzelskii/gits/detekt, /Users/mnedzelskii/gits/detekt/detekt-gradle-plugin, /Users/mnedzelskii/gits/detekt/build-logic] as hierarchies to watch
13:24:50.630 [INFO]  [Validating] > Watching the file system is configured to be enabled if available
13:24:50.630 [INFO]  [Validating] > File system watching is active
13:24:50.630 [INFO]  [Validating] > Using local directory build cache for the root build (location = /Users/mnedzelskii/.gradle/caches/build-cache-1, removeUnusedEntriesAfter = 7 days).
13:24:50.630 [INFO]  [Validating] > Using remote HTTP build cache for the root build (pull-only, allowInsecureProtocol = false, allowUntrustedServer = false, authenticated = false, url = https://ge.detekt.dev/cache/, useExpectContinue = false).
13:24:50.630 [INFO]  [Validating] > Tasks to be executed: [task ':detekt-psi-utils:compileKotlin', task ':detekt-psi-utils:compileJava', task ':detekt-utils:compileKotlin', task ':detekt-utils:compileJava', task ':detekt-api:compileKotlin', task ':detekt-api:compileJava', task ':detekt-api:processResources', task ':detekt-api:classes', task ':detekt-api:jar', task ':detekt-metrics:compileKotlin', task ':detekt-metrics:compileJava', task ':detekt-parser:compileKotlin', task ':detekt-parser:compileJava', task ':detekt-report-html:compileKotlin', task ':detekt-report-html:compileJava', task ':detekt-report-md:compileKotlin', task ':detekt-report-md:compileJava', task ':detekt-tooling:compileKotlin', task ':detekt-tooling:compileJava', task ':detekt-report-sarif:compileKotlin', task ':detekt-report-sarif:compileJava', task ':detekt-report-txt:compileKotlin', task ':detekt-report-txt:compileJava', task ':detekt-report-xml:compileKotlin', task ':detekt-report-xml:compileJava', task ':detekt-core:compileKotlin', task ':detekt-core:compileJava', task ':detekt-core:processResources', task ':detekt-core:classes', task ':detekt-core:jar', task ':detekt-metrics:processResources', task ':detekt-metrics:classes', task ':detekt-metrics:jar', task ':detekt-parser:processResources', task ':detekt-parser:classes', task ':detekt-parser:jar', task ':detekt-psi-utils:processResources', task ':detekt-psi-utils:classes', task ':detekt-psi-utils:jar', task ':detekt-report-html:processResources', task ':detekt-report-html:classes', task ':detekt-report-html:jar', task ':detekt-report-md:processResources', task ':detekt-report-md:classes', task ':detekt-report-md:jar', task ':detekt-report-sarif:processResources', task ':detekt-report-sarif:classes', task ':detekt-report-sarif:jar', task ':detekt-report-txt:processResources', task ':detekt-report-txt:classes', task ':detekt-report-txt:jar', task ':detekt-report-xml:processResources', task ':detekt-report-xml:classes', task ':detekt-report-xml:jar', task ':detekt-rules-exceptions:compileKotlin', task ':detekt-rules-exceptions:compileJava', task ':detekt-rules-exceptions:processResources', task ':detekt-rules-exceptions:classes', task ':detekt-test-utils:compileKotlin', task ':detekt-test-utils:compileJava', task ':detekt-test:compileKotlin', task ':detekt-test:compileJava', task ':detekt-rules-exceptions:compileTestKotlin', task ':detekt-rules-exceptions:compileTestJava', task ':detekt-rules-exceptions:processTestResources', task ':detekt-rules-exceptions:testClasses', task ':detekt-test:processResources', task ':detekt-test:classes', task ':detekt-test:jar', task ':detekt-test-utils:processResources', task ':detekt-test-utils:classes', task ':detekt-test-utils:jar', task ':detekt-tooling:processResources', task ':detekt-tooling:classes', task ':detekt-tooling:jar', task ':detekt-utils:processResources', task ':detekt-utils:classes', task ':detekt-utils:jar', task ':detekt-rules-exceptions:test']
13:24:50.630 [INFO]  [Validating] > Tasks that were excluded: []
13:24:50.630 [INFO]  [Validating] > Resolve mutations for :detekt-psi-utils:compileKotlin (Thread[Execution worker,5,main]) started.
13:24:50.630 [INFO]  [Validating] > Resolve mutations for :detekt-utils:compileKotlin (Thread[Execution worker Thread 2,5,main]) started.
13:24:50.630 [INFO]  [Validating] > Resolve mutations for :detekt-api:processResources (Thread[Execution worker Thread 3,5,main]) started.
13:24:50.630 [INFO]  [Validating] > Resolve mutations for :detekt-core:processResources (Thread[Execution worker Thread 4,5,main]) started.
13:24:50.630 [INFO]  [Validating] > :detekt-psi-utils:compileKotlin (Thread[Execution worker,5,main]) started.
13:24:50.630 [INFO]  [Validating] > Resolve mutations for :detekt-metrics:processResources (Thread[Execution worker Thread 5,5,main]) started.
13:24:50.630 [INFO]  [Validating] > :detekt-utils:compileKotlin (Thread[Execution worker Thread 2,5,main]) started.
13:24:50.630 [INFO]  [Validating] > :detekt-api:processResources (Thread[Execution worker Thread 3,5,main]) started.
13:24:50.630 [INFO]  [Validating] > :detekt-core:processResources (Thread[Execution worker Thread 4,5,main]) started.
13:24:50.630 [INFO]  [Validating] > Resolve mutations for :detekt-parser:processResources (Thread[Execution worker Thread 6,5,main]) started.
13:24:50.630 [INFO]  [Validating] > :detekt-metrics:processResources (Thread[Execution worker Thread 5,5,main]) started.
13:24:50.630 [INFO]  [Validating] > :detekt-parser:processResources (Thread[Execution worker Thread 6,5,main]) started.
13:24:50.630 [INFO]  [Validating] > Resolve mutations for :detekt-psi-utils:processResources (Thread[Execution worker Thread 7,5,main]) started.
13:24:50.630 [INFO]  [Validating] > Resolve mutations for :detekt-report-html:processResources (Thread[Execution worker Thread 8,5,main]) started.
13:24:50.630 [INFO]  [Validating] > :detekt-psi-utils:processResources (Thread[Execution worker Thread 7,5,main]) started.
13:24:50.630 [INFO]  [Validating] > :detekt-report-html:processResources (Thread[Execution worker Thread 8,5,main]) started.
13:24:50.630 [INFO]  [Validating] > Resolve mutations for :detekt-report-md:processResources (Thread[included builds,5,main]) started.
13:24:50.630 [INFO]  [Validating] > Resolve mutations for :detekt-report-sarif:processResources (Thread[Execution worker Thread 9,5,main]) started.
13:24:50.630 [INFO]  [Validating] > :detekt-report-md:processResources (Thread[included builds,5,main]) started.
13:24:50.630 [INFO]  [Validating] > :detekt-report-sarif:processResources (Thread[Execution worker Thread 9,5,main]) started.
13:24:50.630 [INFO]  [Validating] > 
13:24:50.630 [INFO]  [Validating] > > Task :detekt-api:processResources NO-SOURCE
13:24:50.630 [INFO]  [Validating] > Skipping task ':detekt-api:processResources' as it has no source files and no previous output files.
13:24:50.630 [INFO]  [Validating] > 
13:24:50.630 [INFO]  [Validating] > > Task :detekt-report-md:processResources UP-TO-DATE
13:24:50.630 [INFO]  [Validating] > Caching disabled for task ':detekt-report-md:processResources' because:
13:24:50.630 [INFO]  [Validating] >   Not worth caching
13:24:50.630 [INFO]  [Validating] > Skipping task ':detekt-report-md:processResources' as it is up-to-date.
13:24:50.630 [INFO]  [Validating] > 
13:24:50.630 [INFO]  [Validating] > > Task :detekt-report-sarif:processResources UP-TO-DATE
13:24:50.630 [INFO]  [Validating] > Caching disabled for task ':detekt-report-sarif:processResources' because:
13:24:50.630 [INFO]  [Validating] >   Not worth caching
13:24:50.630 [INFO]  [Validating] > Skipping task ':detekt-report-sarif:processResources' as it is up-to-date.
13:24:50.630 [INFO]  [Validating] > 
13:24:50.630 [INFO]  [Validating] > > Task :detekt-metrics:processResources NO-SOURCE
13:24:50.630 [INFO]  [Validating] > Skipping task ':detekt-metrics:processResources' as it has no source files and no previous output files.
13:24:50.630 [INFO]  [Validating] > 
13:24:50.630 [INFO]  [Validating] > > Task :detekt-parser:processResources NO-SOURCE
13:24:50.630 [INFO]  [Validating] > Skipping task ':detekt-parser:processResources' as it has no source files and no previous output files.
13:24:50.630 [INFO]  [Validating] > Resolve mutations for :detekt-rules-exceptions:processResources (Thread[Execution worker Thread 9,5,main]) started.
13:24:50.630 [INFO]  [Validating] > Resolve mutations for :detekt-report-xml:processResources (Thread[Execution worker Thread 3,5,main]) started.
13:24:50.630 [INFO]  [Validating] > 
13:24:50.630 [INFO]  [Validating] > > Task :detekt-core:processResources UP-TO-DATE
13:24:50.630 [INFO]  [Validating] > Caching disabled for task ':detekt-core:processResources' because:
13:24:50.630 [INFO]  [Validating] >   Not worth caching
13:24:50.630 [INFO]  [Validating] > Skipping task ':detekt-core:processResources' as it is up-to-date.
13:24:50.630 [INFO]  [Validating] > Resolve mutations for :detekt-report-txt:processResources (Thread[included builds,5,main]) started.
13:24:50.630 [INFO]  [Validating] > :detekt-report-xml:processResources (Thread[Execution worker Thread 3,5,main]) started.
13:24:50.630 [INFO]  [Validating] > :detekt-report-txt:processResources (Thread[included builds,5,main]) started.
13:24:50.630 [INFO]  [Validating] > Resolve mutations for :detekt-test-utils:processResources (Thread[Execution worker Thread 4,5,main]) started.
13:24:50.630 [INFO]  [Validating] > :detekt-test-utils:processResources (Thread[Execution worker Thread 4,5,main]) started.
13:24:50.630 [INFO]  [Validating] > :detekt-rules-exceptions:processResources (Thread[Execution worker Thread 9,5,main]) started.
13:24:50.630 [INFO]  [Validating] > Resolve mutations for :detekt-test:processResources (Thread[Execution worker Thread 6,5,main]) started.
13:24:50.630 [INFO]  [Validating] > Resolve mutations for :detekt-rules-exceptions:processTestResources (Thread[Execution worker Thread 5,5,main]) started.
13:24:50.630 [INFO]  [Validating] > :detekt-test:processResources (Thread[Execution worker Thread 6,5,main]) started.
13:24:50.630 [INFO]  [Validating] > 
13:24:50.630 [INFO]  [Validating] > > Task :detekt-test-utils:processResources NO-SOURCE
13:24:50.630 [INFO]  [Validating] > Skipping task ':detekt-test-utils:processResources' as it has no source files and no previous output files.
13:24:50.630 [INFO]  [Validating] > 
13:24:50.630 [INFO]  [Validating] > > Task :detekt-psi-utils:processResources NO-SOURCE
13:24:50.630 [INFO]  [Validating] > Skipping task ':detekt-psi-utils:processResources' as it has no source files and no previous output files.
13:24:50.630 [INFO]  [Validating] > 
13:24:50.630 [INFO]  [Validating] > > Task :detekt-report-html:processResources UP-TO-DATE
13:24:50.630 [INFO]  [Validating] > Caching disabled for task ':detekt-report-html:processResources' because:
13:24:50.630 [INFO]  [Validating] >   Not worth caching
13:24:50.630 [INFO]  [Validating] > Skipping task ':detekt-report-html:processResources' as it is up-to-date.
13:24:50.630 [INFO]  [Validating] > Resolve mutations for :detekt-utils:processResources (Thread[Execution worker Thread 7,5,main]) started.
13:24:50.630 [INFO]  [Validating] > 
13:24:50.630 [INFO]  [Validating] > > Task :detekt-report-txt:processResources UP-TO-DATE
13:24:50.630 [INFO]  [Validating] > Caching disabled for task ':detekt-report-txt:processResources' because:
13:24:50.630 [INFO]  [Validating] >   Not worth caching
13:24:50.630 [INFO]  [Validating] > Skipping task ':detekt-report-txt:processResources' as it is up-to-date.
13:24:50.630 [INFO]  [Validating] > :detekt-utils:processResources (Thread[included builds,5,main]) started.
13:24:50.630 [INFO]  [Validating] > Resolve mutations for :detekt-tooling:processResources (Thread[Execution worker Thread 4,5,main]) started.
13:24:50.630 [INFO]  [Validating] > :detekt-rules-exceptions:processTestResources (Thread[Execution worker Thread 5,5,main]) started.
13:24:50.630 [INFO]  [Validating] > 
13:24:50.630 [INFO]  [Validating] > > Task :detekt-rules-exceptions:processResources UP-TO-DATE
13:24:50.630 [INFO]  [Validating] > Caching disabled for task ':detekt-rules-exceptions:processResources' because:
13:24:50.630 [INFO]  [Validating] >   Not worth caching
13:24:50.630 [INFO]  [Validating] > Skipping task ':detekt-rules-exceptions:processResources' as it is up-to-date.
13:24:50.630 [INFO]  [Validating] > 
13:24:50.630 [INFO]  [Validating] > > Task :detekt-report-xml:processResources UP-TO-DATE
13:24:50.630 [INFO]  [Validating] > Caching disabled for task ':detekt-report-xml:processResources' because:
13:24:50.630 [INFO]  [Validating] >   Not worth caching
13:24:50.630 [INFO]  [Validating] > Skipping task ':detekt-report-xml:processResources' as it is up-to-date.
13:24:50.630 [INFO]  [Validating] > 
13:24:50.630 [INFO]  [Validating] > > Task :detekt-rules-exceptions:processTestResources UP-TO-DATE
13:24:50.630 [INFO]  [Validating] > Caching disabled for task ':detekt-rules-exceptions:processTestResources' because:
13:24:50.630 [INFO]  [Validating] >   Not worth caching
13:24:50.630 [INFO]  [Validating] > Skipping task ':detekt-rules-exceptions:processTestResources' as it is up-to-date.
13:24:50.630 [INFO]  [Validating] > 
13:24:50.630 [INFO]  [Validating] > > Task :detekt-test:processResources NO-SOURCE
13:24:50.630 [INFO]  [Validating] > Skipping task ':detekt-test:processResources' as it has no source files and no previous output files.
13:24:50.630 [INFO]  [Validating] > 
13:24:50.630 [INFO]  [Validating] > > Task :detekt-utils:processResources NO-SOURCE
13:24:50.630 [INFO]  [Validating] > Skipping task ':detekt-utils:processResources' as it has no source files and no previous output files.
13:24:50.630 [INFO]  [Validating] > 
13:24:50.630 [INFO]  [Validating] > > Task :detekt-utils:compileKotlin UP-TO-DATE
13:24:50.630 [INFO]  [Validating] > Transforming kotlin-stdlib-jdk8-1.8.22.jar with ClasspathEntrySnapshotTransform
13:24:50.630 [INFO]  [Validating] > Transforming kotlin-stdlib-jdk7-1.8.22.jar with ClasspathEntrySnapshotTransform
13:24:50.630 [INFO]  [Validating] > Transforming kotlin-stdlib-1.8.22.jar with ClasspathEntrySnapshotTransform
13:24:50.630 [INFO]  [Validating] > Transforming kotlin-stdlib-common-1.8.22.jar with ClasspathEntrySnapshotTransform
13:24:50.630 [INFO]  [Validating] > Transforming annotations-13.0.jar with ClasspathEntrySnapshotTransform
13:24:50.630 [INFO]  [Validating] > Build cache key for task ':detekt-utils:compileKotlin' is 4bc3c8215f701e9ef21d31281b92246d
13:24:50.630 [INFO]  [Validating] > Skipping task ':detekt-utils:compileKotlin' as it is up-to-date.
13:24:50.630 [INFO]  [Validating] > :detekt-tooling:processResources (Thread[Execution worker Thread 4,5,main]) started.
13:24:50.630 [INFO]  [Validating] > Resolve mutations for :detekt-utils:compileJava (Thread[Execution worker Thread 2,5,main]) started.
13:24:50.630 [INFO]  [Validating] > work action resolve main (project :detekt-utils) (Thread[Execution worker Thread 5,5,main]) started.
13:24:50.630 [INFO]  [Validating] > 
13:24:50.630 [INFO]  [Validating] > > Task :detekt-psi-utils:compileKotlin UP-TO-DATE
13:24:50.630 [INFO]  [Validating] > Transforming kotlin-compiler-embeddable-1.8.22.jar with ClasspathEntrySnapshotTransform
13:24:50.630 [INFO]  [Validating] > Transforming kotlin-stdlib-jdk8-1.8.22.jar with ClasspathEntrySnapshotTransform
13:24:50.630 [INFO]  [Validating] > Transforming kotlin-stdlib-jdk7-1.8.22.jar with ClasspathEntrySnapshotTransform
13:24:50.630 [INFO]  [Validating] > Transforming kotlin-stdlib-1.8.22.jar with ClasspathEntrySnapshotTransform
13:24:50.630 [INFO]  [Validating] > Transforming kotlin-stdlib-common-1.8.22.jar with ClasspathEntrySnapshotTransform
13:24:50.630 [INFO]  [Validating] > Transforming annotations-13.0.jar with ClasspathEntrySnapshotTransform
13:24:50.630 [INFO]  [Validating] > Build cache key for task ':detekt-psi-utils:compileKotlin' is c72e17ff81c85e7351df478815002d0c
13:24:50.630 [INFO]  [Validating] > Skipping task ':detekt-psi-utils:compileKotlin' as it is up-to-date.
13:24:50.630 [INFO]  [Validating] > Resolve mutations for :detekt-psi-utils:compileJava (Thread[included builds,5,main]) started.
13:24:50.630 [INFO]  [Validating] > :detekt-utils:compileJava (Thread[Execution worker Thread 2,5,main]) started.
13:24:50.630 [INFO]  [Validating] > work action resolve main (project :detekt-psi-utils) (Thread[Execution worker,5,main]) started.
13:24:50.631 [INFO]  [Validating] > 
13:24:50.631 [INFO]  [Validating] > > Task :detekt-tooling:processResources NO-SOURCE
13:24:50.631 [INFO]  [Validating] > Skipping task ':detekt-tooling:processResources' as it has no source files and no previous output files.
13:24:50.631 [INFO]  [Validating] > :detekt-psi-utils:compileJava (Thread[included builds,5,main]) started.
13:24:50.631 [INFO]  [Validating] > 
13:24:50.631 [INFO]  [Validating] > > Task :detekt-utils:compileJava NO-SOURCE
13:24:50.631 [INFO]  [Validating] > Skipping task ':detekt-utils:compileJava' as it has no source files and no previous output files.
13:24:50.631 [INFO]  [Validating] > work action resolve main (project :detekt-utils) (Thread[Execution worker Thread 2,5,main]) started.
13:24:50.631 [INFO]  [Validating] > Resolve mutations for :detekt-utils:classes (Thread[Execution worker Thread 8,5,main]) started.
13:24:50.631 [INFO]  [Validating] > work action resolve main (project :detekt-utils) (Thread[Execution worker Thread 4,5,main]) started.
13:24:50.631 [INFO]  [Validating] > :detekt-utils:classes (Thread[Execution worker Thread 8,5,main]) started.
13:24:50.631 [INFO]  [Validating] > 
13:24:50.631 [INFO]  [Validating] > > Task :detekt-psi-utils:compileJava NO-SOURCE
13:24:50.631 [INFO]  [Validating] > Skipping task ':detekt-psi-utils:compileJava' as it has no source files and no previous output files.
13:24:50.631 [INFO]  [Validating] > 
13:24:50.631 [INFO]  [Validating] > > Task :detekt-utils:classes UP-TO-DATE
13:24:50.631 [INFO]  [Validating] > Skipping task ':detekt-utils:classes' as it has no actions.
13:24:50.631 [INFO]  [Validating] > work action resolve main (project :detekt-psi-utils) (Thread[Execution worker Thread 8,5,main]) started.
13:24:50.631 [INFO]  [Validating] > Resolve mutations for :detekt-psi-utils:classes (Thread[Execution worker Thread 7,5,main]) started.
13:24:50.631 [INFO]  [Validating] > Resolve mutations for :detekt-utils:jar (Thread[Execution worker Thread 8,5,main]) started.
13:24:50.631 [INFO]  [Validating] > :detekt-psi-utils:classes (Thread[Execution worker Thread 7,5,main]) started.
13:24:50.631 [INFO]  [Validating] > work action resolve main (project :detekt-psi-utils) (Thread[included builds,5,main]) started.
13:24:50.631 [INFO]  [Validating] > :detekt-utils:jar (Thread[Execution worker Thread 8,5,main]) started.
13:24:50.631 [INFO]  [Validating] > Resolve mutations for :detekt-parser:compileKotlin (Thread[Execution worker Thread 5,5,main]) started.
13:24:50.631 [INFO]  [Validating] > Resolve mutations for :detekt-api:compileKotlin (Thread[included builds,5,main]) started.
13:24:50.631 [INFO]  [Validating] > 
13:24:50.631 [INFO]  [Validating] > > Task :detekt-psi-utils:classes UP-TO-DATE
13:24:50.631 [INFO]  [Validating] > Skipping task ':detekt-psi-utils:classes' as it has no actions.
13:24:50.631 [INFO]  [Validating] > Resolve mutations for :detekt-psi-utils:jar (Thread[Execution worker Thread 7,5,main]) started.
13:24:50.631 [INFO]  [Validating] > :detekt-parser:compileKotlin (Thread[Execution worker Thread 5,5,main]) started.
13:24:50.631 [INFO]  [Validating] > :detekt-psi-utils:jar (Thread[Execution worker Thread 7,5,main]) started.
13:24:50.631 [INFO]  [Validating] > :detekt-api:compileKotlin (Thread[included builds,5,main]) started.
13:24:50.631 [INFO]  [Validating] > 
13:24:50.631 [INFO]  [Validating] > > Task :detekt-parser:compileKotlin UP-TO-DATE
13:24:50.631 [INFO]  [Validating] > Transforming main with ClasspathEntrySnapshotTransform
13:24:50.631 [INFO]  [Validating] > Transforming kotlin-compiler-embeddable-1.8.22.jar with ClasspathEntrySnapshotTransform
13:24:50.631 [INFO]  [Validating] > Transforming kotlin-stdlib-jdk8-1.8.22.jar with ClasspathEntrySnapshotTransform
13:24:50.631 [INFO]  [Validating] > Transforming contester-breakpoint-0.2.0.jar with ClasspathEntrySnapshotTransform
13:24:50.631 [INFO]  [Validating] > Transforming kotlin-stdlib-jdk7-1.8.22.jar with ClasspathEntrySnapshotTransform
13:24:50.631 [INFO]  [Validating] > Transforming kotlin-stdlib-1.8.22.jar with ClasspathEntrySnapshotTransform
13:24:50.631 [INFO]  [Validating] > Transforming kotlin-stdlib-common-1.8.22.jar with ClasspathEntrySnapshotTransform
13:24:50.631 [INFO]  [Validating] > Transforming annotations-13.0.jar with ClasspathEntrySnapshotTransform
13:24:50.631 [INFO]  [Validating] > Build cache key for task ':detekt-parser:compileKotlin' is 9ce217c383476588a3779d923d7b0bdd
13:24:50.631 [INFO]  [Validating] > Skipping task ':detekt-parser:compileKotlin' as it is up-to-date.
13:24:50.631 [INFO]  [Validating] > 
13:24:50.631 [INFO]  [Validating] > > Task :detekt-api:compileKotlin UP-TO-DATE
13:24:50.631 [INFO]  [Validating] > Transforming main with ClasspathEntrySnapshotTransform
13:24:50.631 [INFO]  [Validating] > Transforming kotlin-compiler-embeddable-1.8.22.jar with ClasspathEntrySnapshotTransform
13:24:50.631 [INFO]  [Validating] > Transforming main with ClasspathEntrySnapshotTransform
13:24:50.631 [INFO]  [Validating] > Transforming kotlin-stdlib-jdk8-1.8.22.jar with ClasspathEntrySnapshotTransform
13:24:50.631 [INFO]  [Validating] > Transforming kotlin-stdlib-jdk7-1.8.22.jar with ClasspathEntrySnapshotTransform
13:24:50.631 [INFO]  [Validating] > Transforming kotlin-stdlib-1.8.22.jar with ClasspathEntrySnapshotTransform
13:24:50.631 [INFO]  [Validating] > Transforming kotlin-stdlib-common-1.8.22.jar with ClasspathEntrySnapshotTransform
13:24:50.631 [INFO]  [Validating] > Transforming annotations-13.0.jar with ClasspathEntrySnapshotTransform
13:24:50.631 [INFO]  [Validating] > Build cache key for task ':detekt-api:compileKotlin' is bc24205c2f4f61f8518d6a26cd3c1b64
13:24:50.631 [INFO]  [Validating] > Skipping task ':detekt-api:compileKotlin' as it is up-to-date.
13:24:50.631 [INFO]  [Validating] > Resolve mutations for :detekt-api:compileJava (Thread[Execution worker Thread 5,5,main]) started.
13:24:50.631 [INFO]  [Validating] > work action resolve main (project :detekt-api) (Thread[included builds,5,main]) started.
13:24:50.631 [INFO]  [Validating] > work action resolve main (project :detekt-parser) (Thread[Execution worker Thread 9,5,main]) started.
13:24:50.631 [INFO]  [Validating] > Resolve mutations for :detekt-parser:compileJava (Thread[Execution worker Thread 4,5,main]) started.
13:24:50.631 [INFO]  [Validating] > :detekt-api:compileJava (Thread[Execution worker Thread 6,5,main]) started.
13:24:50.631 [INFO]  [Validating] > :detekt-parser:compileJava (Thread[Execution worker Thread 4,5,main]) started.
13:24:50.631 [INFO]  [Validating] > 
13:24:50.631 [INFO]  [Validating] > > Task :detekt-utils:jar UP-TO-DATE
13:24:50.631 [INFO]  [Validating] > Caching disabled for task ':detekt-utils:jar' because:
13:24:50.631 [INFO]  [Validating] >   Not worth caching
13:24:50.631 [INFO]  [Validating] > Skipping task ':detekt-utils:jar' as it is up-to-date.
13:24:50.631 [INFO]  [Validating] > work action resolve detekt-utils-1.23.0.jar (project :detekt-utils) (Thread[Execution worker Thread 8,5,main]) started.
13:24:50.631 [INFO]  [Validating] > 
13:24:50.631 [INFO]  [Validating] > > Task :detekt-psi-utils:jar UP-TO-DATE
13:24:50.631 [INFO]  [Validating] > Caching disabled for task ':detekt-psi-utils:jar' because:
13:24:50.631 [INFO]  [Validating] >   Not worth caching
13:24:50.631 [INFO]  [Validating] > Skipping task ':detekt-psi-utils:jar' as it is up-to-date.
13:24:50.631 [INFO]  [Validating] > work action resolve detekt-psi-utils-1.23.0.jar (project :detekt-psi-utils) (Thread[Execution worker Thread 7,5,main]) started.
13:24:50.631 [INFO]  [Validating] > 
13:24:50.631 [INFO]  [Validating] > > Task :detekt-api:compileJava NO-SOURCE
13:24:50.631 [INFO]  [Validating] > Skipping task ':detekt-api:compileJava' as it has no source files and no previous output files.
13:24:50.631 [INFO]  [Validating] > 
13:24:50.631 [INFO]  [Validating] > > Task :detekt-parser:compileJava NO-SOURCE
13:24:50.631 [INFO]  [Validating] > Skipping task ':detekt-parser:compileJava' as it has no source files and no previous output files.
13:24:50.631 [INFO]  [Validating] > Resolve mutations for :detekt-api:classes (Thread[Execution worker Thread 6,5,main]) started.
13:24:50.631 [INFO]  [Validating] > work action resolve main (project :detekt-api) (Thread[Execution worker Thread 7,5,main]) started.
13:24:50.631 [INFO]  [Validating] > work action resolve main (project :detekt-parser) (Thread[included builds,5,main]) started.
13:24:50.631 [INFO]  [Validating] > work action resolve main (project :detekt-api) (Thread[Execution worker Thread 4,5,main]) started.
13:24:50.631 [INFO]  [Validating] > Resolve mutations for :detekt-parser:classes (Thread[Execution worker Thread 9,5,main]) started.
13:24:50.631 [INFO]  [Validating] > :detekt-api:classes (Thread[Execution worker Thread 6,5,main]) started.
13:24:50.631 [INFO]  [Validating] > work action resolve main (project :detekt-parser) (Thread[Execution worker Thread 2,5,main]) started.
13:24:50.631 [INFO]  [Validating] > :detekt-parser:classes (Thread[Execution worker Thread 5,5,main]) started.
13:24:50.631 [INFO]  [Validating] > 
13:24:50.631 [INFO]  [Validating] > > Task :detekt-api:classes UP-TO-DATE
13:24:50.631 [INFO]  [Validating] > Skipping task ':detekt-api:classes' as it has no actions.
13:24:50.631 [INFO]  [Validating] > Resolve mutations for :detekt-report-xml:compileKotlin (Thread[Execution worker Thread 9,5,main]) started.
13:24:50.631 [INFO]  [Validating] > Resolve mutations for :detekt-report-txt:compileKotlin (Thread[Execution worker,5,main]) started.
13:24:50.631 [INFO]  [Validating] > Resolve mutations for :detekt-tooling:compileKotlin (Thread[Execution worker Thread 8,5,main]) started.
13:24:50.631 [INFO]  [Validating] > Resolve mutations for :detekt-metrics:compileKotlin (Thread[Execution worker Thread 4,5,main]) started.
13:24:50.631 [INFO]  [Validating] > Resolve mutations for :detekt-api:jar (Thread[Execution worker Thread 6,5,main]) started.
13:24:50.631 [INFO]  [Validating] > :detekt-report-xml:compileKotlin (Thread[Execution worker Thread 9,5,main]) started.
13:24:50.631 [INFO]  [Validating] > :detekt-api:jar (Thread[Execution worker Thread 6,5,main]) started.
13:24:50.631 [INFO]  [Validating] > Resolve mutations for :detekt-test-utils:compileKotlin (Thread[included builds,5,main]) started.
13:24:50.631 [INFO]  [Validating] > Resolve mutations for :detekt-rules-exceptions:compileKotlin (Thread[Execution worker Thread 3,5,main]) started.
13:24:50.631 [INFO]  [Validating] > 
13:24:50.631 [INFO]  [Validating] > > Task :detekt-parser:classes UP-TO-DATE
13:24:50.631 [INFO]  [Validating] > Skipping task ':detekt-parser:classes' as it has no actions.
13:24:50.631 [INFO]  [Validating] > :detekt-metrics:compileKotlin (Thread[Execution worker Thread 4,5,main]) started.
13:24:50.631 [INFO]  [Validating] > :detekt-tooling:compileKotlin (Thread[Execution worker Thread 8,5,main]) started.
13:24:50.631 [INFO]  [Validating] > :detekt-report-txt:compileKotlin (Thread[Execution worker,5,main]) started.
13:24:50.631 [INFO]  [Validating] > :detekt-rules-exceptions:compileKotlin (Thread[Execution worker Thread 3,5,main]) started.
13:24:50.631 [INFO]  [Validating] > :detekt-test-utils:compileKotlin (Thread[Execution worker Thread 5,5,main]) started.
13:24:50.631 [INFO]  [Validating] > Resolve mutations for :detekt-parser:jar (Thread[included builds,5,main]) started.
13:24:50.631 [INFO]  [Validating] > :detekt-parser:jar (Thread[included builds,5,main]) started.
13:24:50.631 [INFO]  [Validating] > 
13:24:50.631 [INFO]  [Validating] > > Task :detekt-report-xml:compileKotlin UP-TO-DATE
13:24:50.631 [INFO]  [Validating] > Transforming main with ClasspathEntrySnapshotTransform
13:24:50.631 [INFO]  [Validating] > Transforming main with ClasspathEntrySnapshotTransform
13:24:50.631 [INFO]  [Validating] > Transforming kotlin-stdlib-jdk8-1.8.22.jar with ClasspathEntrySnapshotTransform
13:24:50.631 [INFO]  [Validating] > Transforming kotlin-stdlib-jdk7-1.8.22.jar with ClasspathEntrySnapshotTransform
13:24:50.631 [INFO]  [Validating] > Transforming kotlin-stdlib-1.8.22.jar with ClasspathEntrySnapshotTransform
13:24:50.631 [INFO]  [Validating] > Transforming kotlin-compiler-embeddable-1.8.22.jar with ClasspathEntrySnapshotTransform
13:24:50.631 [INFO]  [Validating] > Transforming kotlin-stdlib-common-1.8.22.jar with ClasspathEntrySnapshotTransform
13:24:50.631 [INFO]  [Validating] > Transforming annotations-13.0.jar with ClasspathEntrySnapshotTransform
13:24:50.631 [INFO]  [Validating] > Build cache key for task ':detekt-report-xml:compileKotlin' is 1acdddef0677e48be7307f9ab589f2f5
13:24:50.631 [INFO]  [Validating] > Skipping task ':detekt-report-xml:compileKotlin' as it is up-to-date.
13:24:50.631 [INFO]  [Validating] > work action resolve main (project :detekt-report-xml) (Thread[Execution worker Thread 2,5,main]) started.
13:24:50.631 [INFO]  [Validating] > Resolve mutations for :detekt-report-xml:compileJava (Thread[Execution worker Thread 9,5,main]) started.
13:24:50.631 [INFO]  [Validating] > :detekt-report-xml:compileJava (Thread[Execution worker Thread 9,5,main]) started.
13:24:50.631 [INFO]  [Validating] > 
13:24:50.631 [INFO]  [Validating] > > Task :detekt-tooling:compileKotlin UP-TO-DATE
13:24:50.631 [INFO]  [Validating] > Transforming main with ClasspathEntrySnapshotTransform
13:24:50.631 [INFO]  [Validating] > Transforming main with ClasspathEntrySnapshotTransform
13:24:50.631 [INFO]  [Validating] > Transforming kotlin-stdlib-jdk8-1.8.22.jar with ClasspathEntrySnapshotTransform
13:24:50.631 [INFO]  [Validating] > Transforming kotlin-compiler-embeddable-1.8.22.jar with ClasspathEntrySnapshotTransform
13:24:50.631 [INFO]  [Validating] > Transforming kotlin-stdlib-jdk7-1.8.22.jar with ClasspathEntrySnapshotTransform
13:24:50.631 [INFO]  [Validating] > Transforming kotlin-stdlib-1.8.22.jar with ClasspathEntrySnapshotTransform
13:24:50.631 [INFO]  [Validating] > Transforming kotlin-stdlib-common-1.8.22.jar with ClasspathEntrySnapshotTransform
13:24:50.631 [INFO]  [Validating] > Transforming annotations-13.0.jar with ClasspathEntrySnapshotTransform
13:24:50.631 [INFO]  [Validating] > Build cache key for task ':detekt-tooling:compileKotlin' is 9cd58a4ffb79657c01c8319bf5870a6f
13:24:50.631 [INFO]  [Validating] > Skipping task ':detekt-tooling:compileKotlin' as it is up-to-date.
13:24:50.631 [INFO]  [Validating] > 
13:24:50.631 [INFO]  [Validating] > > Task :detekt-rules-exceptions:compileKotlin UP-TO-DATE
13:24:50.631 [INFO]  [Validating] > Transforming main with ClasspathEntrySnapshotTransform
13:24:50.631 [INFO]  [Validating] > Transforming main with ClasspathEntrySnapshotTransform
13:24:50.631 [INFO]  [Validating] > Transforming kotlin-stdlib-jdk8-1.8.22.jar with ClasspathEntrySnapshotTransform
13:24:50.631 [INFO]  [Validating] > Transforming kotlin-stdlib-jdk7-1.8.22.jar with ClasspathEntrySnapshotTransform
13:24:50.631 [INFO]  [Validating] > Transforming kotlin-stdlib-1.8.22.jar with ClasspathEntrySnapshotTransform
13:24:50.631 [INFO]  [Validating] > Transforming kotlin-compiler-embeddable-1.8.22.jar with ClasspathEntrySnapshotTransform
13:24:50.631 [INFO]  [Validating] > Transforming kotlin-stdlib-common-1.8.22.jar with ClasspathEntrySnapshotTransform
13:24:50.631 [INFO]  [Validating] > Transforming annotations-13.0.jar with ClasspathEntrySnapshotTransform
13:24:50.631 [INFO]  [Validating] > Build cache key for task ':detekt-rules-exceptions:compileKotlin' is 5f385555a318182679df8790f9105419
13:24:50.631 [INFO]  [Validating] > Skipping task ':detekt-rules-exceptions:compileKotlin' as it is up-to-date.
13:24:50.631 [INFO]  [Validating] > 
13:24:50.631 [INFO]  [Validating] > > Task :detekt-report-txt:compileKotlin UP-TO-DATE
13:24:50.631 [INFO]  [Validating] > Transforming main with ClasspathEntrySnapshotTransform
13:24:50.631 [INFO]  [Validating] > Transforming main with ClasspathEntrySnapshotTransform
13:24:50.631 [INFO]  [Validating] > Transforming kotlin-stdlib-jdk8-1.8.22.jar with ClasspathEntrySnapshotTransform
13:24:50.631 [INFO]  [Validating] > Transforming kotlin-stdlib-jdk7-1.8.22.jar with ClasspathEntrySnapshotTransform
13:24:50.631 [INFO]  [Validating] > Transforming kotlin-stdlib-1.8.22.jar with ClasspathEntrySnapshotTransform
13:24:50.631 [INFO]  [Validating] > Transforming kotlin-compiler-embeddable-1.8.22.jar with ClasspathEntrySnapshotTransform
13:24:50.631 [INFO]  [Validating] > Transforming kotlin-stdlib-common-1.8.22.jar with ClasspathEntrySnapshotTransform
13:24:50.631 [INFO]  [Validating] > Transforming annotations-13.0.jar with ClasspathEntrySnapshotTransform
13:24:50.631 [INFO]  [Validating] > Build cache key for task ':detekt-report-txt:compileKotlin' is 3ded245b414360810ee29353612bdefd
13:24:50.631 [INFO]  [Validating] > Skipping task ':detekt-report-txt:compileKotlin' as it is up-to-date.
13:24:50.631 [INFO]  [Validating] > Resolve mutations for :detekt-rules-exceptions:compileJava (Thread[Execution worker Thread 2,5,main]) started.
13:24:50.631 [INFO]  [Validating] > Resolve mutations for :detekt-report-txt:compileJava (Thread[Execution worker,5,main]) started.
13:24:50.632 [INFO]  [Validating] > work action resolve main (project :detekt-tooling) (Thread[Execution worker Thread 3,5,main]) started.
13:24:50.632 [INFO]  [Validating] > :detekt-report-txt:compileJava (Thread[Execution worker,5,main]) started.
13:24:50.632 [INFO]  [Validating] > Resolve mutations for :detekt-tooling:compileJava (Thread[Execution worker Thread 8,5,main]) started.
13:24:50.632 [INFO]  [Validating] > 
13:24:50.632 [INFO]  [Validating] > > Task :detekt-api:jar UP-TO-DATE
13:24:50.632 [INFO]  [Validating] > Caching disabled for task ':detekt-api:jar' because:
13:24:50.632 [INFO]  [Validating] >   Not worth caching
13:24:50.632 [INFO]  [Validating] > Skipping task ':detekt-api:jar' as it is up-to-date.
13:24:50.632 [INFO]  [Validating] > :detekt-tooling:compileJava (Thread[Execution worker Thread 8,5,main]) started.
13:24:50.632 [INFO]  [Validating] > :detekt-rules-exceptions:compileJava (Thread[Execution worker Thread 2,5,main]) started.
13:24:50.632 [INFO]  [Validating] > work action resolve main (project :detekt-report-txt) (Thread[Execution worker Thread 7,5,main]) started.
13:24:50.632 [INFO]  [Validating] > 
13:24:50.632 [INFO]  [Validating] > > Task :detekt-report-txt:compileJava NO-SOURCE
13:24:50.632 [INFO]  [Validating] > Skipping task ':detekt-report-txt:compileJava' as it has no source files and no previous output files.
13:24:50.632 [INFO]  [Validating] > 
13:24:50.632 [INFO]  [Validating] > > Task :detekt-report-xml:compileJava NO-SOURCE
13:24:50.632 [INFO]  [Validating] > Skipping task ':detekt-report-xml:compileJava' as it has no source files and no previous output files.
13:24:50.632 [INFO]  [Validating] > 
13:24:50.632 [INFO]  [Validating] > > Task :detekt-metrics:compileKotlin UP-TO-DATE
13:24:50.632 [INFO]  [Validating] > Transforming main with ClasspathEntrySnapshotTransform
13:24:50.632 [INFO]  [Validating] > Transforming main with ClasspathEntrySnapshotTransform
13:24:50.632 [INFO]  [Validating] > Transforming kotlin-stdlib-jdk8-1.8.22.jar with ClasspathEntrySnapshotTransform
13:24:50.632 [INFO]  [Validating] > Transforming kotlin-compiler-embeddable-1.8.22.jar with ClasspathEntrySnapshotTransform
13:24:50.632 [INFO]  [Validating] > Transforming kotlin-stdlib-jdk7-1.8.22.jar with ClasspathEntrySnapshotTransform
13:24:50.632 [INFO]  [Validating] > Transforming kotlin-stdlib-1.8.22.jar with ClasspathEntrySnapshotTransform
13:24:50.632 [INFO]  [Validating] > Transforming kotlin-stdlib-common-1.8.22.jar with ClasspathEntrySnapshotTransform
13:24:50.632 [INFO]  [Validating] > Transforming annotations-13.0.jar with ClasspathEntrySnapshotTransform
13:24:50.632 [INFO]  [Validating] > Build cache key for task ':detekt-metrics:compileKotlin' is e1aa4271b4005c352ebbc96b71bde128
13:24:50.632 [INFO]  [Validating] > Skipping task ':detekt-metrics:compileKotlin' as it is up-to-date.
13:24:50.632 [INFO]  [Validating] > work action resolve main (project :detekt-report-txt) (Thread[Execution worker,5,main]) started.
13:24:50.632 [INFO]  [Validating] > Resolve mutations for :detekt-metrics:compileJava (Thread[Execution worker Thread 9,5,main]) started.
13:24:50.632 [INFO]  [Validating] > work action resolve main (project :detekt-report-xml) (Thread[Execution worker Thread 7,5,main]) started.
13:24:50.632 [INFO]  [Validating] > 
13:24:50.632 [INFO]  [Validating] > > Task :detekt-test-utils:compileKotlin UP-TO-DATE
13:24:50.632 [INFO]  [Validating] > Transforming main with ClasspathEntrySnapshotTransform
13:24:50.632 [INFO]  [Validating] > Transforming kotlinx-coroutines-core-jvm-1.7.2.jar with ClasspathEntrySnapshotTransform
13:24:50.632 [INFO]  [Validating] > Transforming kotlin-stdlib-jdk8-1.8.22.jar with ClasspathEntrySnapshotTransform
13:24:50.632 [INFO]  [Validating] > Transforming junit-platform-commons-1.9.3.jar with ClasspathEntrySnapshotTransform
13:24:50.632 [INFO]  [Validating] > Transforming junit-jupiter-api-5.9.3.jar with ClasspathEntrySnapshotTransform
13:24:50.632 [INFO]  [Validating] > Transforming kotlin-main-kts-1.8.22.jar with ClasspathEntrySnapshotTransform
13:24:50.632 [INFO]  [Validating] > Transforming kotlin-stdlib-jdk7-1.8.22.jar with ClasspathEntrySnapshotTransform
13:24:50.632 [INFO]  [Validating] > Transforming kotlin-stdlib-1.8.22.jar with ClasspathEntrySnapshotTransform
13:24:50.632 [INFO]  [Validating] > Transforming opentest4j-1.2.0.jar with ClasspathEntrySnapshotTransform
13:24:50.632 [INFO]  [Validating] > Transforming apiguardian-api-1.1.2.jar with ClasspathEntrySnapshotTransform
13:24:50.632 [INFO]  [Validating] > Transforming kotlin-compiler-embeddable-1.8.22.jar with ClasspathEntrySnapshotTransform
13:24:50.632 [INFO]  [Validating] > Transforming kotlin-stdlib-common-1.8.22.jar with ClasspathEntrySnapshotTransform
13:24:50.632 [INFO]  [Validating] > Transforming annotations-23.0.0.jar with ClasspathEntrySnapshotTransform
13:24:50.632 [INFO]  [Validating] > Build cache key for task ':detekt-test-utils:compileKotlin' is 7738ee7998b37343d969d1bd0c068d5b
13:24:50.632 [INFO]  [Validating] > Skipping task ':detekt-test-utils:compileKotlin' as it is up-to-date.
13:24:50.632 [INFO]  [Validating] > work action resolve detekt-api-1.23.0.jar (project :detekt-api) (Thread[Execution worker Thread 6,5,main]) started.
13:24:50.632 [INFO]  [Validating] > Resolve mutations for :detekt-report-xml:classes (Thread[Execution worker Thread 5,5,main]) started.
13:24:50.632 [INFO]  [Validating] > :detekt-metrics:compileJava (Thread[Execution worker Thread 9,5,main]) started.
13:24:50.632 [INFO]  [Validating] > :detekt-report-xml:classes (Thread[Execution worker Thread 5,5,main]) started.
13:24:50.632 [INFO]  [Validating] > Resolve mutations for :detekt-report-txt:classes (Thread[Execution worker Thread 7,5,main]) started.
13:24:50.632 [INFO]  [Validating] > work action resolve main (project :detekt-report-txt) (Thread[Execution worker Thread 3,5,main]) started.
13:24:50.632 [INFO]  [Validating] > :detekt-report-txt:classes (Thread[Execution worker Thread 7,5,main]) started.
13:24:50.632 [INFO]  [Validating] > work action resolve main (project :detekt-metrics) (Thread[Execution worker Thread 4,5,main]) started.
13:24:50.632 [INFO]  [Validating] > work action resolve main (project :detekt-report-xml) (Thread[Execution worker,5,main]) started.
13:24:50.632 [INFO]  [Validating] > work action resolve main (project :detekt-test-utils) (Thread[Execution worker Thread 3,5,main]) started.
13:24:50.632 [INFO]  [Validating] > 
13:24:50.632 [INFO]  [Validating] > > Task :detekt-report-xml:classes UP-TO-DATE
13:24:50.632 [INFO]  [Validating] > Skipping task ':detekt-report-xml:classes' as it has no actions.
13:24:50.632 [INFO]  [Validating] > 
13:24:50.632 [INFO]  [Validating] > > Task :detekt-rules-exceptions:compileJava NO-SOURCE
13:24:50.632 [INFO]  [Validating] > Skipping task ':detekt-rules-exceptions:compileJava' as it has no source files and no previous output files.
13:24:50.632 [INFO]  [Validating] > 
13:24:50.632 [INFO]  [Validating] > > Task :detekt-tooling:compileJava NO-SOURCE
13:24:50.632 [INFO]  [Validating] > Skipping task ':detekt-tooling:compileJava' as it has no source files and no previous output files.
13:24:50.632 [INFO]  [Validating] > Resolve mutations for :detekt-report-xml:jar (Thread[Execution worker Thread 5,5,main]) started.
13:24:50.632 [INFO]  [Validating] > 
13:24:50.632 [INFO]  [Validating] > > Task :detekt-parser:jar UP-TO-DATE
13:24:50.632 [INFO]  [Validating] > Caching disabled for task ':detekt-parser:jar' because:
13:24:50.632 [INFO]  [Validating] >   Not worth caching
13:24:50.632 [INFO]  [Validating] > Skipping task ':detekt-parser:jar' as it is up-to-date.
13:24:50.632 [INFO]  [Validating] > work action resolve main (project :detekt-tooling) (Thread[Execution worker Thread 8,5,main]) started.
13:24:50.632 [INFO]  [Validating] > Resolve mutations for :detekt-tooling:classes (Thread[Execution worker Thread 3,5,main]) started.
13:24:50.632 [INFO]  [Validating] > work action resolve detekt-parser-1.23.0.jar (project :detekt-parser) (Thread[Execution worker Thread 8,5,main]) started.
13:24:50.632 [INFO]  [Validating] > Resolve mutations for :detekt-test-utils:compileJava (Thread[Execution worker Thread 6,5,main]) started.
13:24:50.632 [INFO]  [Validating] > :detekt-tooling:classes (Thread[Execution worker Thread 4,5,main]) started.
13:24:50.632 [INFO]  [Validating] > :detekt-report-xml:jar (Thread[Execution worker Thread 5,5,main]) started.
13:24:50.632 [INFO]  [Validating] > work action resolve main (project :detekt-tooling) (Thread[included builds,5,main]) started.
13:24:50.632 [INFO]  [Validating] > Resolve mutations for :detekt-rules-exceptions:classes (Thread[Execution worker Thread 2,5,main]) started.
13:24:50.632 [INFO]  [Validating] > 
13:24:50.632 [INFO]  [Validating] > > Task :detekt-report-txt:classes UP-TO-DATE
13:24:50.632 [INFO]  [Validating] > Skipping task ':detekt-report-txt:classes' as it has no actions.
13:24:50.632 [INFO]  [Validating] > :detekt-rules-exceptions:classes (Thread[Execution worker Thread 2,5,main]) started.
13:24:50.632 [INFO]  [Validating] > Resolve mutations for :detekt-report-sarif:compileKotlin (Thread[included builds,5,main]) started.
13:24:50.632 [INFO]  [Validating] > :detekt-test-utils:compileJava (Thread[Execution worker Thread 6,5,main]) started.
13:24:50.632 [INFO]  [Validating] > 
13:24:50.632 [INFO]  [Validating] > > Task :detekt-metrics:compileJava NO-SOURCE
13:24:50.632 [INFO]  [Validating] > Skipping task ':detekt-metrics:compileJava' as it has no source files and no previous output files.
13:24:50.632 [INFO]  [Validating] > work action resolve main (project :detekt-metrics) (Thread[Execution worker Thread 9,5,main]) started.
13:24:50.632 [INFO]  [Validating] > Resolve mutations for :detekt-report-txt:jar (Thread[Execution worker Thread 7,5,main]) started.
13:24:50.632 [INFO]  [Validating] > 
13:24:50.632 [INFO]  [Validating] > > Task :detekt-rules-exceptions:classes UP-TO-DATE
13:24:50.632 [INFO]  [Validating] > Skipping task ':detekt-rules-exceptions:classes' as it has no actions.
13:24:50.632 [INFO]  [Validating] > :detekt-report-sarif:compileKotlin (Thread[included builds,5,main]) started.
13:24:50.632 [INFO]  [Validating] > :detekt-report-txt:jar (Thread[Execution worker Thread 7,5,main]) started.
13:24:50.632 [INFO]  [Validating] > Resolve mutations for :detekt-metrics:classes (Thread[Execution worker Thread 3,5,main]) started.
13:24:50.632 [INFO]  [Validating] > work action resolve main (project :detekt-metrics) (Thread[Execution worker Thread 8,5,main]) started.
13:24:50.632 [INFO]  [Validating] > Resolve mutations for :detekt-report-html:compileKotlin (Thread[Execution worker Thread 8,5,main]) started.
13:24:50.632 [INFO]  [Validating] > 
13:24:50.632 [INFO]  [Validating] > > Task :detekt-tooling:classes UP-TO-DATE
13:24:50.632 [INFO]  [Validating] > Skipping task ':detekt-tooling:classes' as it has no actions.
13:24:50.632 [INFO]  [Validating] > Resolve mutations for :detekt-report-md:compileKotlin (Thread[Execution worker,5,main]) started.
13:24:50.632 [INFO]  [Validating] > :detekt-report-html:compileKotlin (Thread[Execution worker Thread 8,5,main]) started.
13:24:50.632 [INFO]  [Validating] > :detekt-metrics:classes (Thread[Execution worker Thread 3,5,main]) started.
13:24:50.632 [INFO]  [Validating] > :detekt-report-md:compileKotlin (Thread[Execution worker,5,main]) started.
13:24:50.632 [INFO]  [Validating] > 
13:24:50.632 [INFO]  [Validating] > > Task :detekt-metrics:classes UP-TO-DATE
13:24:50.632 [INFO]  [Validating] > Skipping task ':detekt-metrics:classes' as it has no actions.
13:24:50.632 [INFO]  [Validating] > Resolve mutations for :detekt-tooling:jar (Thread[Execution worker Thread 4,5,main]) started.
13:24:50.632 [INFO]  [Validating] > Resolve mutations for :detekt-metrics:jar (Thread[Execution worker Thread 3,5,main]) started.
13:24:50.632 [INFO]  [Validating] > 
13:24:50.632 [INFO]  [Validating] > > Task :detekt-test-utils:compileJava NO-SOURCE
13:24:50.632 [INFO]  [Validating] > Skipping task ':detekt-test-utils:compileJava' as it has no source files and no previous output files.
13:24:50.632 [INFO]  [Validating] > work action resolve main (project :detekt-test-utils) (Thread[Execution worker Thread 6,5,main]) started.
13:24:50.632 [INFO]  [Validating] > Resolve mutations for :detekt-test-utils:classes (Thread[Execution worker Thread 6,5,main]) started.
13:24:50.632 [INFO]  [Validating] > work action resolve main (project :detekt-test-utils) (Thread[Execution worker Thread 9,5,main]) started.
13:24:50.632 [INFO]  [Validating] > :detekt-metrics:jar (Thread[Execution worker Thread 3,5,main]) started.
13:24:50.632 [INFO]  [Validating] > :detekt-test-utils:classes (Thread[Execution worker Thread 6,5,main]) started.
13:24:50.632 [INFO]  [Validating] > :detekt-tooling:jar (Thread[Execution worker Thread 4,5,main]) started.
13:24:50.632 [INFO]  [Validating] > 
13:24:50.632 [INFO]  [Validating] > > Task :detekt-test-utils:classes UP-TO-DATE
13:24:50.632 [INFO]  [Validating] > Skipping task ':detekt-test-utils:classes' as it has no actions.
13:24:50.632 [INFO]  [Validating] > Resolve mutations for :detekt-test-utils:jar (Thread[Execution worker Thread 6,5,main]) started.
13:24:50.632 [INFO]  [Validating] > :detekt-test-utils:jar (Thread[Execution worker Thread 6,5,main]) started.
13:24:50.632 [INFO]  [Validating] > 
13:24:50.632 [INFO]  [Validating] > > Task :detekt-report-xml:jar UP-TO-DATE
13:24:50.632 [INFO]  [Validating] > Caching disabled for task ':detekt-report-xml:jar' because:
13:24:50.632 [INFO]  [Validating] >   Not worth caching
13:24:50.632 [INFO]  [Validating] > Skipping task ':detekt-report-xml:jar' as it is up-to-date.
13:24:50.632 [INFO]  [Validating] > work action resolve detekt-report-xml-1.23.0.jar (project :detekt-report-xml) (Thread[Execution worker Thread 5,5,main]) started.
13:24:50.632 [INFO]  [Validating] > 
13:24:50.632 [INFO]  [Validating] > > Task :detekt-report-html:compileKotlin UP-TO-DATE
13:24:50.632 [INFO]  [Validating] > Transforming main with ClasspathEntrySnapshotTransform
13:24:50.632 [INFO]  [Validating] > Transforming main with ClasspathEntrySnapshotTransform
13:24:50.632 [INFO]  [Validating] > Transforming main with ClasspathEntrySnapshotTransform
13:24:50.632 [INFO]  [Validating] > Transforming main with ClasspathEntrySnapshotTransform
13:24:50.632 [INFO]  [Validating] > Transforming kotlin-stdlib-jdk8-1.8.22.jar with ClasspathEntrySnapshotTransform
13:24:50.632 [INFO]  [Validating] > Transforming kotlinx-html-jvm-0.8.1.jar with ClasspathEntrySnapshotTransform
13:24:50.632 [INFO]  [Validating] > Transforming kotlin-stdlib-jdk7-1.8.22.jar with ClasspathEntrySnapshotTransform
13:24:50.632 [INFO]  [Validating] > Transforming kotlin-stdlib-1.8.22.jar with ClasspathEntrySnapshotTransform
13:24:50.632 [INFO]  [Validating] > Transforming kotlin-compiler-embeddable-1.8.22.jar with ClasspathEntrySnapshotTransform
13:24:50.632 [INFO]  [Validating] > Transforming kotlin-stdlib-common-1.8.22.jar with ClasspathEntrySnapshotTransform
13:24:50.632 [INFO]  [Validating] > Transforming annotations-13.0.jar with ClasspathEntrySnapshotTransform
13:24:50.632 [INFO]  [Validating] > Build cache key for task ':detekt-report-html:compileKotlin' is 6c859146cd23e1ce4901100fa935d173
13:24:50.632 [INFO]  [Validating] > Skipping task ':detekt-report-html:compileKotlin' as it is up-to-date.
13:24:50.632 [INFO]  [Validating] > work action resolve main (project :detekt-report-html) (Thread[Execution worker Thread 9,5,main]) started.
13:24:50.632 [INFO]  [Validating] > Resolve mutations for :detekt-report-html:compileJava (Thread[Execution worker Thread 8,5,main]) started.
13:24:50.632 [INFO]  [Validating] > 
13:24:50.632 [INFO]  [Validating] > > Task :detekt-report-sarif:compileKotlin UP-TO-DATE
13:24:50.632 [INFO]  [Validating] > Transforming main with ClasspathEntrySnapshotTransform
13:24:50.632 [INFO]  [Validating] > Transforming main with ClasspathEntrySnapshotTransform
13:24:50.632 [INFO]  [Validating] > Transforming main with ClasspathEntrySnapshotTransform
13:24:50.632 [INFO]  [Validating] > Transforming sarif4k-jvm-0.4.0.jar with ClasspathEntrySnapshotTransform
13:24:50.632 [INFO]  [Validating] > Transforming kotlinx-serialization-json-jvm-1.4.1.jar with ClasspathEntrySnapshotTransform
13:24:50.632 [INFO]  [Validating] > Transforming kotlinx-serialization-core-jvm-1.4.1.jar with ClasspathEntrySnapshotTransform
13:24:50.632 [INFO]  [Validating] > Transforming kotlin-stdlib-jdk8-1.8.22.jar with ClasspathEntrySnapshotTransform
13:24:50.632 [INFO]  [Validating] > Transforming kotlin-stdlib-jdk7-1.8.22.jar with ClasspathEntrySnapshotTransform
13:24:50.632 [INFO]  [Validating] > Transforming kotlin-stdlib-1.8.22.jar with ClasspathEntrySnapshotTransform
13:24:50.632 [INFO]  [Validating] > Transforming kotlin-compiler-embeddable-1.8.22.jar with ClasspathEntrySnapshotTransform
13:24:50.632 [INFO]  [Validating] > Transforming kotlin-stdlib-common-1.8.22.jar with ClasspathEntrySnapshotTransform
13:24:50.632 [INFO]  [Validating] > Transforming annotations-13.0.jar with ClasspathEntrySnapshotTransform
13:24:50.632 [INFO]  [Validating] > Build cache key for task ':detekt-report-sarif:compileKotlin' is 1408222aca0d0bdec3a09706c778f66a
13:24:50.632 [INFO]  [Validating] > Skipping task ':detekt-report-sarif:compileKotlin' as it is up-to-date.
13:24:50.632 [INFO]  [Validating] > Resolve mutations for :detekt-report-sarif:compileJava (Thread[included builds,5,main]) started.
13:24:50.632 [INFO]  [Validating] > work action resolve main (project :detekt-report-sarif) (Thread[Execution worker Thread 9,5,main]) started.
13:24:50.632 [INFO]  [Validating] > 
13:24:50.632 [INFO]  [Validating] > > Task :detekt-report-md:compileKotlin UP-TO-DATE
13:24:50.632 [INFO]  [Validating] > Transforming main with ClasspathEntrySnapshotTransform
13:24:50.632 [INFO]  [Validating] > Transforming main with ClasspathEntrySnapshotTransform
13:24:50.632 [INFO]  [Validating] > Transforming main with ClasspathEntrySnapshotTransform
13:24:50.632 [INFO]  [Validating] > Transforming main with ClasspathEntrySnapshotTransform
13:24:50.632 [INFO]  [Validating] > Transforming kotlin-stdlib-jdk8-1.8.22.jar with ClasspathEntrySnapshotTransform
13:24:50.632 [INFO]  [Validating] > Transforming kotlin-stdlib-jdk7-1.8.22.jar with ClasspathEntrySnapshotTransform
13:24:50.632 [INFO]  [Validating] > Transforming kotlin-stdlib-1.8.22.jar with ClasspathEntrySnapshotTransform
13:24:50.632 [INFO]  [Validating] > Transforming kotlin-compiler-embeddable-1.8.22.jar with ClasspathEntrySnapshotTransform
13:24:50.632 [INFO]  [Validating] > Transforming kotlin-stdlib-common-1.8.22.jar with ClasspathEntrySnapshotTransform
13:24:50.632 [INFO]  [Validating] > Transforming annotations-13.0.jar with ClasspathEntrySnapshotTransform
13:24:50.632 [INFO]  [Validating] > Build cache key for task ':detekt-report-md:compileKotlin' is daaa1a6d2f4425c07ab3d08a334ba819
13:24:50.632 [INFO]  [Validating] > Skipping task ':detekt-report-md:compileKotlin' as it is up-to-date.
13:24:50.632 [INFO]  [Validating] > work action resolve main (project :detekt-report-md) (Thread[Execution worker Thread 9,5,main]) started.
13:24:50.633 [INFO]  [Validating] > Resolve mutations for :detekt-report-md:compileJava (Thread[Execution worker,5,main]) started.
13:24:50.633 [INFO]  [Validating] > :detekt-report-html:compileJava (Thread[Execution worker Thread 8,5,main]) started.
13:24:50.633 [INFO]  [Validating] > :detekt-report-sarif:compileJava (Thread[included builds,5,main]) started.
13:24:50.633 [INFO]  [Validating] > :detekt-report-md:compileJava (Thread[Execution worker,5,main]) started.
13:24:50.633 [INFO]  [Validating] > 
13:24:50.633 [INFO]  [Validating] > > Task :detekt-report-txt:jar UP-TO-DATE
13:24:50.633 [INFO]  [Validating] > Caching disabled for task ':detekt-report-txt:jar' because:
13:24:50.633 [INFO]  [Validating] >   Not worth caching
13:24:50.633 [INFO]  [Validating] > Skipping task ':detekt-report-txt:jar' as it is up-to-date.
13:24:50.633 [INFO]  [Validating] > work action resolve detekt-report-txt-1.23.0.jar (project :detekt-report-txt) (Thread[Execution worker Thread 7,5,main]) started.
13:24:50.633 [INFO]  [Validating] > 
13:24:50.633 [INFO]  [Validating] > > Task :detekt-report-html:compileJava NO-SOURCE
13:24:50.633 [INFO]  [Validating] > Skipping task ':detekt-report-html:compileJava' as it has no source files and no previous output files.
13:24:50.633 [INFO]  [Validating] > work action resolve main (project :detekt-report-html) (Thread[Execution worker Thread 8,5,main]) started.
13:24:50.633 [INFO]  [Validating] > work action resolve main (project :detekt-report-html) (Thread[Execution worker Thread 7,5,main]) started.
13:24:50.633 [INFO]  [Validating] > 
13:24:50.633 [INFO]  [Validating] > > Task :detekt-report-md:compileJava NO-SOURCE
13:24:50.633 [INFO]  [Validating] > Skipping task ':detekt-report-md:compileJava' as it has no source files and no previous output files.
13:24:50.633 [INFO]  [Validating] > Resolve mutations for :detekt-report-html:classes (Thread[Execution worker Thread 8,5,main]) started.
13:24:50.633 [INFO]  [Validating] > work action resolve main (project :detekt-report-md) (Thread[Execution worker Thread 5,5,main]) started.
13:24:50.633 [INFO]  [Validating] > :detekt-report-html:classes (Thread[Execution worker Thread 8,5,main]) started.
13:24:50.633 [INFO]  [Validating] > work action resolve main (project :detekt-report-md) (Thread[Execution worker,5,main]) started.
13:24:50.633 [INFO]  [Validating] > 
13:24:50.633 [INFO]  [Validating] > > Task :detekt-report-sarif:compileJava NO-SOURCE
13:24:50.633 [INFO]  [Validating] > Skipping task ':detekt-report-sarif:compileJava' as it has no source files and no previous output files.
13:24:50.633 [INFO]  [Validating] > Resolve mutations for :detekt-report-md:classes (Thread[Execution worker Thread 9,5,main]) started.
13:24:50.633 [INFO]  [Validating] > 
13:24:50.633 [INFO]  [Validating] > > Task :detekt-report-html:classes UP-TO-DATE
13:24:50.633 [INFO]  [Validating] > Skipping task ':detekt-report-html:classes' as it has no actions.
13:24:50.633 [INFO]  [Validating] > Resolve mutations for :detekt-report-sarif:classes (Thread[Execution worker Thread 2,5,main]) started.
13:24:50.633 [INFO]  [Validating] > work action resolve main (project :detekt-report-sarif) (Thread[Execution worker Thread 7,5,main]) started.
13:24:50.633 [INFO]  [Validating] > :detekt-report-sarif:classes (Thread[Execution worker Thread 2,5,main]) started.
13:24:50.633 [INFO]  [Validating] > work action resolve main (project :detekt-report-sarif) (Thread[included builds,5,main]) started.
13:24:50.633 [INFO]  [Validating] > 
13:24:50.633 [INFO]  [Validating] > > Task :detekt-metrics:jar UP-TO-DATE
13:24:50.633 [INFO]  [Validating] > Caching disabled for task ':detekt-metrics:jar' because:
13:24:50.633 [INFO]  [Validating] >   Not worth caching
13:24:50.633 [INFO]  [Validating] > Skipping task ':detekt-metrics:jar' as it is up-to-date.
13:24:50.633 [INFO]  [Validating] > 
13:24:50.633 [INFO]  [Validating] > > Task :detekt-tooling:jar UP-TO-DATE
13:24:50.633 [INFO]  [Validating] > Caching disabled for task ':detekt-tooling:jar' because:
13:24:50.633 [INFO]  [Validating] >   Not worth caching
13:24:50.633 [INFO]  [Validating] > Skipping task ':detekt-tooling:jar' as it is up-to-date.
13:24:50.633 [INFO]  [Validating] > Resolve mutations for :detekt-report-html:jar (Thread[Execution worker Thread 8,5,main]) started.
13:24:50.633 [INFO]  [Validating] > work action resolve detekt-tooling-1.23.0.jar (project :detekt-tooling) (Thread[Execution worker Thread 3,5,main]) started.
13:24:50.633 [INFO]  [Validating] > 
13:24:50.633 [INFO]  [Validating] > > Task :detekt-test-utils:jar UP-TO-DATE
13:24:50.633 [INFO]  [Validating] > Caching disabled for task ':detekt-test-utils:jar' because:
13:24:50.633 [INFO]  [Validating] >   Not worth caching
13:24:50.633 [INFO]  [Validating] > Skipping task ':detekt-test-utils:jar' as it is up-to-date.
13:24:50.633 [INFO]  [Validating] > :detekt-report-md:classes (Thread[Execution worker Thread 9,5,main]) started.
13:24:50.633 [INFO]  [Validating] > :detekt-report-html:jar (Thread[Execution worker Thread 8,5,main]) started.
13:24:50.633 [INFO]  [Validating] > work action resolve detekt-test-utils-1.23.0.jar (project :detekt-test-utils) (Thread[Execution worker Thread 6,5,main]) started.
13:24:50.633 [INFO]  [Validating] > work action resolve detekt-metrics-1.23.0.jar (project :detekt-metrics) (Thread[Execution worker Thread 4,5,main]) started.
13:24:50.633 [INFO]  [Validating] > Resolve mutations for :detekt-core:compileKotlin (Thread[included builds,5,main]) started.
13:24:50.633 [INFO]  [Validating] > 
13:24:50.633 [INFO]  [Validating] > > Task :detekt-report-sarif:classes UP-TO-DATE
13:24:50.633 [INFO]  [Validating] > Skipping task ':detekt-report-sarif:classes' as it has no actions.
13:24:50.633 [INFO]  [Validating] > Resolve mutations for :detekt-report-sarif:jar (Thread[Execution worker Thread 2,5,main]) started.
13:24:50.633 [INFO]  [Validating] > :detekt-core:compileKotlin (Thread[included builds,5,main]) started.
13:24:50.633 [INFO]  [Validating] > :detekt-report-sarif:jar (Thread[Execution worker Thread 2,5,main]) started.
13:24:50.633 [INFO]  [Validating] > 
13:24:50.633 [INFO]  [Validating] > > Task :detekt-report-md:classes UP-TO-DATE
13:24:50.633 [INFO]  [Validating] > Skipping task ':detekt-report-md:classes' as it has no actions.
13:24:50.633 [INFO]  [Validating] > Resolve mutations for :detekt-report-md:jar (Thread[Execution worker Thread 9,5,main]) started.
13:24:50.633 [INFO]  [Validating] > :detekt-report-md:jar (Thread[Execution worker Thread 9,5,main]) started.
13:24:50.633 [INFO]  [Validating] > 
13:24:50.633 [INFO]  [Validating] > > Task :detekt-core:compileKotlin UP-TO-DATE
13:24:50.633 [INFO]  [Validating] > Transforming main with ClasspathEntrySnapshotTransform
13:24:50.633 [INFO]  [Validating] > Transforming main with ClasspathEntrySnapshotTransform
13:24:50.633 [INFO]  [Validating] > Transforming main with ClasspathEntrySnapshotTransform
13:24:50.633 [INFO]  [Validating] > Transforming main with ClasspathEntrySnapshotTransform
13:24:50.633 [INFO]  [Validating] > Transforming main with ClasspathEntrySnapshotTransform
13:24:50.633 [INFO]  [Validating] > Transforming main with ClasspathEntrySnapshotTransform
13:24:50.633 [INFO]  [Validating] > Transforming main with ClasspathEntrySnapshotTransform
13:24:50.633 [INFO]  [Validating] > Transforming main with ClasspathEntrySnapshotTransform
13:24:50.633 [INFO]  [Validating] > Transforming main with ClasspathEntrySnapshotTransform
13:24:50.633 [INFO]  [Validating] > Transforming main with ClasspathEntrySnapshotTransform
13:24:50.633 [INFO]  [Validating] > Transforming main with ClasspathEntrySnapshotTransform
13:24:50.633 [INFO]  [Validating] > Transforming kotlin-stdlib-jdk8-1.8.22.jar with ClasspathEntrySnapshotTransform
13:24:50.633 [INFO]  [Validating] > Transforming snakeyaml-engine-2.6.jar with ClasspathEntrySnapshotTransform
13:24:50.633 [INFO]  [Validating] > Transforming kotlin-reflect-1.8.22.jar with ClasspathEntrySnapshotTransform
13:24:50.633 [INFO]  [Validating] > Transforming kotlin-compiler-embeddable-1.8.22.jar with ClasspathEntrySnapshotTransform
13:24:50.633 [INFO]  [Validating] > Transforming kotlin-stdlib-jdk7-1.8.22.jar with ClasspathEntrySnapshotTransform
13:24:50.633 [INFO]  [Validating] > Transforming kotlin-stdlib-1.8.22.jar with ClasspathEntrySnapshotTransform
13:24:50.633 [INFO]  [Validating] > Transforming kotlin-stdlib-common-1.8.22.jar with ClasspathEntrySnapshotTransform
13:24:50.633 [INFO]  [Validating] > Transforming annotations-13.0.jar with ClasspathEntrySnapshotTransform
13:24:50.633 [INFO]  [Validating] > Build cache key for task ':detekt-core:compileKotlin' is 87bd0f24f712da0d88bc26872abfe7d2
13:24:50.633 [INFO]  [Validating] > Skipping task ':detekt-core:compileKotlin' as it is up-to-date.
13:24:50.633 [INFO]  [Validating] > Resolve mutations for :detekt-core:compileJava (Thread[included builds,5,main]) started.
13:24:50.633 [INFO]  [Validating] > work action resolve main (project :detekt-core) (Thread[Execution worker Thread 3,5,main]) started.
13:24:50.633 [INFO]  [Validating] > :detekt-core:compileJava (Thread[included builds,5,main]) started.
13:24:50.633 [INFO]  [Validating] > 
13:24:50.633 [INFO]  [Validating] > > Task :detekt-core:compileJava NO-SOURCE
13:24:50.633 [INFO]  [Validating] > Skipping task ':detekt-core:compileJava' as it has no source files and no previous output files.
13:24:50.633 [INFO]  [Validating] > Resolve mutations for :detekt-core:classes (Thread[included builds,5,main]) started.
13:24:50.633 [INFO]  [Validating] > :detekt-core:classes (Thread[included builds,5,main]) started.
13:24:50.633 [INFO]  [Validating] > 
13:24:50.633 [INFO]  [Validating] > > Task :detekt-core:classes UP-TO-DATE
13:24:50.633 [INFO]  [Validating] > Skipping task ':detekt-core:classes' as it has no actions.
13:24:50.633 [INFO]  [Validating] > work action resolve main (project :detekt-core) (Thread[Execution worker Thread 5,5,main]) started.
13:24:50.633 [INFO]  [Validating] > Resolve mutations for :detekt-core:jar (Thread[included builds,5,main]) started.
13:24:50.633 [INFO]  [Validating] > work action resolve main (project :detekt-core) (Thread[Execution worker Thread 3,5,main]) started.
13:24:50.633 [INFO]  [Validating] > 
13:24:50.633 [INFO]  [Validating] > > Task :detekt-report-sarif:jar UP-TO-DATE
13:24:50.633 [INFO]  [Validating] > Caching disabled for task ':detekt-report-sarif:jar' because:
13:24:50.633 [INFO]  [Validating] >   Not worth caching
13:24:50.633 [INFO]  [Validating] > Skipping task ':detekt-report-sarif:jar' as it is up-to-date.
13:24:50.633 [INFO]  [Validating] > Resolve mutations for :detekt-test:compileKotlin (Thread[Execution worker Thread 3,5,main]) started.
13:24:50.633 [INFO]  [Validating] > :detekt-core:jar (Thread[included builds,5,main]) started.
13:24:50.633 [INFO]  [Validating] > 
13:24:50.633 [INFO]  [Validating] > > Task :detekt-report-md:jar UP-TO-DATE
13:24:50.633 [INFO]  [Validating] > Caching disabled for task ':detekt-report-md:jar' because:
13:24:50.633 [INFO]  [Validating] >   Not worth caching
13:24:50.633 [INFO]  [Validating] > Skipping task ':detekt-report-md:jar' as it is up-to-date.
13:24:50.633 [INFO]  [Validating] > work action resolve detekt-report-md-1.23.0.jar (project :detekt-report-md) (Thread[Execution worker Thread 9,5,main]) started.
13:24:50.633 [INFO]  [Validating] > :detekt-test:compileKotlin (Thread[Execution worker Thread 3,5,main]) started.
13:24:50.633 [INFO]  [Validating] > work action resolve detekt-report-sarif-1.23.0.jar (project :detekt-report-sarif) (Thread[Execution worker Thread 2,5,main]) started.
13:24:50.633 [INFO]  [Validating] > 
13:24:50.633 [INFO]  [Validating] > > Task :detekt-report-html:jar UP-TO-DATE
13:24:50.633 [INFO]  [Validating] > Caching disabled for task ':detekt-report-html:jar' because:
13:24:50.633 [INFO]  [Validating] >   Not worth caching
13:24:50.633 [INFO]  [Validating] > Skipping task ':detekt-report-html:jar' as it is up-to-date.
13:24:50.633 [INFO]  [Validating] > work action resolve detekt-report-html-1.23.0.jar (project :detekt-report-html) (Thread[Execution worker Thread 8,5,main]) started.
13:24:50.633 [INFO]  [Validating] > 
13:24:50.633 [INFO]  [Validating] > > Task :detekt-test:compileKotlin UP-TO-DATE
13:24:50.633 [INFO]  [Validating] > Transforming main with ClasspathEntrySnapshotTransform
13:24:50.633 [INFO]  [Validating] > Transforming main with ClasspathEntrySnapshotTransform
13:24:50.633 [INFO]  [Validating] > Transforming main with ClasspathEntrySnapshotTransform
13:24:50.633 [INFO]  [Validating] > Transforming main with ClasspathEntrySnapshotTransform
13:24:50.633 [INFO]  [Validating] > Transforming main with ClasspathEntrySnapshotTransform
13:24:50.633 [INFO]  [Validating] > Transforming main with ClasspathEntrySnapshotTransform
13:24:50.633 [INFO]  [Validating] > Transforming main with ClasspathEntrySnapshotTransform
13:24:50.633 [INFO]  [Validating] > Transforming kotlin-stdlib-jdk8-1.8.22.jar with ClasspathEntrySnapshotTransform
13:24:50.633 [INFO]  [Validating] > Transforming assertj-core-3.24.2.jar with ClasspathEntrySnapshotTransform
13:24:50.633 [INFO]  [Validating] > Transforming kotlin-compiler-embeddable-1.8.22.jar with ClasspathEntrySnapshotTransform
13:24:50.633 [INFO]  [Validating] > Transforming junit-platform-commons-1.9.3.jar with ClasspathEntrySnapshotTransform
13:24:50.633 [INFO]  [Validating] > Transforming junit-jupiter-api-5.9.3.jar with ClasspathEntrySnapshotTransform
13:24:50.633 [INFO]  [Validating] > Transforming kotlin-stdlib-jdk7-1.8.22.jar with ClasspathEntrySnapshotTransform
13:24:50.633 [INFO]  [Validating] > Transforming kotlin-stdlib-1.8.22.jar with ClasspathEntrySnapshotTransform
13:24:50.633 [INFO]  [Validating] > Transforming byte-buddy-1.12.21.jar with ClasspathEntrySnapshotTransform
13:24:50.633 [INFO]  [Validating] > Transforming opentest4j-1.2.0.jar with ClasspathEntrySnapshotTransform
13:24:50.633 [INFO]  [Validating] > Transforming apiguardian-api-1.1.2.jar with ClasspathEntrySnapshotTransform
13:24:50.633 [INFO]  [Validating] > Transforming kotlin-stdlib-common-1.8.22.jar with ClasspathEntrySnapshotTransform
13:24:50.633 [INFO]  [Validating] > Transforming annotations-13.0.jar with ClasspathEntrySnapshotTransform
13:24:50.633 [INFO]  [Validating] > Build cache key for task ':detekt-test:compileKotlin' is 3b4e9cc97ddb472bf0406062a9c686d1
13:24:50.633 [INFO]  [Validating] > Skipping task ':detekt-test:compileKotlin' as it is up-to-date.
13:24:50.633 [INFO]  [Validating] > Resolve mutations for :detekt-test:compileJava (Thread[Execution worker Thread 3,5,main]) started.
13:24:50.633 [INFO]  [Validating] > work action resolve main (project :detekt-test) (Thread[Execution worker Thread 8,5,main]) started.
13:24:50.633 [INFO]  [Validating] > :detekt-test:compileJava (Thread[Execution worker Thread 3,5,main]) started.
13:24:50.633 [INFO]  [Validating] > 
13:24:50.633 [INFO]  [Validating] > > Task :detekt-core:jar UP-TO-DATE
13:24:50.633 [INFO]  [Validating] > Caching disabled for task ':detekt-core:jar' because:
13:24:50.633 [INFO]  [Validating] >   Not worth caching
13:24:50.633 [INFO]  [Validating] > Skipping task ':detekt-core:jar' as it is up-to-date.
13:24:50.633 [INFO]  [Validating] > 
13:24:50.633 [INFO]  [Validating] > > Task :detekt-test:compileJava NO-SOURCE
13:24:50.633 [INFO]  [Validating] > Skipping task ':detekt-test:compileJava' as it has no source files and no previous output files.
13:24:50.633 [INFO]  [Validating] > work action resolve main (project :detekt-test) (Thread[Execution worker Thread 2,5,main]) started.
13:24:50.633 [INFO]  [Validating] > Resolve mutations for :detekt-test:classes (Thread[included builds,5,main]) started.
13:24:50.633 [INFO]  [Validating] > work action resolve detekt-core-1.23.0.jar (project :detekt-core) (Thread[Execution worker Thread 2,5,main]) started.
13:24:50.633 [INFO]  [Validating] > work action resolve main (project :detekt-test) (Thread[Execution worker Thread 3,5,main]) started.
13:24:50.633 [INFO]  [Validating] > :detekt-test:classes (Thread[included builds,5,main]) started.
13:24:50.633 [INFO]  [Validating] > Resolve mutations for :detekt-rules-exceptions:compileTestKotlin (Thread[Execution worker Thread 3,5,main]) started.
13:24:50.633 [INFO]  [Validating] > 
13:24:50.633 [INFO]  [Validating] > > Task :detekt-test:classes UP-TO-DATE
13:24:50.633 [INFO]  [Validating] > Skipping task ':detekt-test:classes' as it has no actions.
13:24:50.633 [INFO]  [Validating] > Resolve mutations for :detekt-test:jar (Thread[included builds,5,main]) started.
13:24:50.633 [INFO]  [Validating] > :detekt-rules-exceptions:compileTestKotlin (Thread[Execution worker Thread 3,5,main]) started.
13:24:50.633 [INFO]  [Validating] > :detekt-test:jar (Thread[included builds,5,main]) started.
13:24:50.633 [INFO]  [Validating] > 
13:24:50.633 [INFO]  [Validating] > > Task :detekt-test:jar UP-TO-DATE
13:24:50.633 [INFO]  [Validating] > Caching disabled for task ':detekt-test:jar' because:
13:24:50.633 [INFO]  [Validating] >   Not worth caching
13:24:50.633 [INFO]  [Validating] > Skipping task ':detekt-test:jar' as it is up-to-date.
13:24:50.633 [INFO]  [Validating] > work action resolve detekt-test-1.23.0.jar (project :detekt-test) (Thread[included builds,5,main]) started.
13:24:50.633 [INFO]  [Validating] > 
13:24:50.633 [INFO]  [Validating] > > Task :detekt-rules-exceptions:compileTestKotlin FROM-CACHE
13:24:50.633 [INFO]  [Validating] > Transforming main with ClasspathEntrySnapshotTransform
13:24:50.633 [INFO]  [Validating] > Transforming main with ClasspathEntrySnapshotTransform
13:24:50.633 [INFO]  [Validating] > Transforming main with ClasspathEntrySnapshotTransform
13:24:50.633 [INFO]  [Validating] > Transforming main with ClasspathEntrySnapshotTransform
13:24:50.633 [INFO]  [Validating] > Transforming main with ClasspathEntrySnapshotTransform
13:24:50.633 [INFO]  [Validating] > Transforming main with ClasspathEntrySnapshotTransform
13:24:50.633 [INFO]  [Validating] > Transforming kotlin-stdlib-jdk8-1.8.22.jar with ClasspathEntrySnapshotTransform
13:24:50.633 [INFO]  [Validating] > Transforming assertj-core-3.24.2.jar with ClasspathEntrySnapshotTransform
13:24:50.633 [INFO]  [Validating] > Transforming junit-jupiter-params-5.9.3.jar with ClasspathEntrySnapshotTransform
13:24:50.633 [INFO]  [Validating] > Transforming junit-jupiter-api-5.9.3.jar with ClasspathEntrySnapshotTransform
13:24:50.633 [INFO]  [Validating] > Transforming junit-platform-commons-1.9.3.jar with ClasspathEntrySnapshotTransform
13:24:50.633 [INFO]  [Validating] > Transforming junit-jupiter-5.9.3.jar with ClasspathEntrySnapshotTransform
13:24:50.633 [INFO]  [Validating] > Transforming kotlin-stdlib-jdk7-1.8.22.jar with ClasspathEntrySnapshotTransform
13:24:50.634 [INFO]  [Validating] > Transforming kotlin-stdlib-1.8.22.jar with ClasspathEntrySnapshotTransform
13:24:50.634 [INFO]  [Validating] > Transforming kotlin-stdlib-common-1.8.22.jar with ClasspathEntrySnapshotTransform
13:24:50.634 [INFO]  [Validating] > Transforming annotations-13.0.jar with ClasspathEntrySnapshotTransform
13:24:50.634 [INFO]  [Validating] > Transforming kotlin-compiler-embeddable-1.8.22.jar with ClasspathEntrySnapshotTransform
13:24:50.634 [INFO]  [Validating] > Transforming byte-buddy-1.12.21.jar with ClasspathEntrySnapshotTransform
13:24:50.634 [INFO]  [Validating] > Transforming opentest4j-1.2.0.jar with ClasspathEntrySnapshotTransform
13:24:50.634 [INFO]  [Validating] > Transforming apiguardian-api-1.1.2.jar with ClasspathEntrySnapshotTransform
13:24:50.634 [INFO]  [Validating] > Build cache key for task ':detekt-rules-exceptions:compileTestKotlin' is c7a91f5b7005919620d6e3a480617849
13:24:50.634 [INFO]  [Validating] > Task ':detekt-rules-exceptions:compileTestKotlin' is not up-to-date because:
13:24:50.634 [INFO]  [Validating] >   Input property 'javaSources' file /Users/mnedzelskii/gits/detekt/detekt-rules-exceptions/src/test/java/DummyJUnitJupiterLauncherDiffblueTest.java has been removed.
13:24:50.634 [INFO]  [Validating] >   Input property 'javaSources' file /Users/mnedzelskii/gits/detekt/detekt-rules-exceptions/src/test/java/io/gitlab/arturbosch/detekt/rules/exceptions/ExceptionsProviderDiffblueTest.java has been added.
13:24:50.634 [INFO]  [Validating] >   Input property 'javaSources' file /Users/mnedzelskii/gits/detekt/detekt-rules-exceptions/src/test/java/io/gitlab/arturbosch/detekt/rules/exceptions/SwallowedExceptionDiffblueTest.java has been added.
13:24:50.634 [INFO]  [Validating] > Loaded cache entry for task ':detekt-rules-exceptions:compileTestKotlin' with cache key c7a91f5b7005919620d6e3a480617849
13:24:50.634 [INFO]  [Validating] > Resolve mutations for :detekt-rules-exceptions:compileTestJava (Thread[Execution worker Thread 3,5,main]) started.
13:24:50.634 [INFO]  [Validating] > :detekt-rules-exceptions:compileTestJava (Thread[Execution worker Thread 3,5,main]) started.
13:24:50.634 [INFO]  [Validating] > 
13:24:50.634 [INFO]  [Validating] > > Task :detekt-rules-exceptions:compileTestJava FROM-CACHE
13:24:50.634 [INFO]  [Validating] > Build cache key for task ':detekt-rules-exceptions:compileTestJava' is d4f3930b279e248fab7f78ca8fe03395
13:24:50.634 [INFO]  [Validating] > Task ':detekt-rules-exceptions:compileTestJava' is not up-to-date because:
13:24:50.634 [INFO]  [Validating] >   Input property 'stableSources' file /Users/mnedzelskii/gits/detekt/detekt-rules-exceptions/src/test/java/DummyJUnitJupiterLauncherDiffblueTest.java has been removed.
13:24:50.634 [INFO]  [Validating] >   Input property 'stableSources' file /Users/mnedzelskii/gits/detekt/detekt-rules-exceptions/src/test/java/io/gitlab/arturbosch/detekt/rules/exceptions/ExceptionsProviderDiffblueTest.java has been added.
13:24:50.634 [INFO]  [Validating] >   Input property 'stableSources' file /Users/mnedzelskii/gits/detekt/detekt-rules-exceptions/src/test/java/io/gitlab/arturbosch/detekt/rules/exceptions/SwallowedExceptionDiffblueTest.java has been added.
13:24:50.634 [INFO]  [Validating] > Loaded cache entry for task ':detekt-rules-exceptions:compileTestJava' with cache key d4f3930b279e248fab7f78ca8fe03395
13:24:50.634 [INFO]  [Validating] > Resolve mutations for :detekt-rules-exceptions:testClasses (Thread[Execution worker Thread 3,5,main]) started.
13:24:50.634 [INFO]  [Validating] > :detekt-rules-exceptions:testClasses (Thread[Execution worker Thread 4,5,main]) started.
13:24:50.634 [INFO]  [Validating] > 
13:24:50.634 [INFO]  [Validating] > > Task :detekt-rules-exceptions:testClasses UP-TO-DATE
13:24:50.634 [INFO]  [Validating] > Skipping task ':detekt-rules-exceptions:testClasses' as it has no actions.
13:24:50.634 [INFO]  [Validating] > Resolve mutations for :detekt-rules-exceptions:test (Thread[Execution worker Thread 4,5,main]) started.
13:24:50.634 [INFO]  [Validating] > :detekt-rules-exceptions:test (Thread[Execution worker Thread 4,5,main]) started.
13:24:50.634 [INFO]  [Validating] > 
13:24:50.634 [INFO]  [Validating] > > Task :detekt-rules-exceptions:test FROM-CACHE
13:24:50.634 [INFO]  [Validating] > Build cache key for task ':detekt-rules-exceptions:test' is 2c938049cf02c57bf1a50066d1a066a9
13:24:50.634 [INFO]  [Validating] > Task ':detekt-rules-exceptions:test' is not up-to-date because:
13:24:50.634 [INFO]  [Validating] >   Value of input property 'filter.failOnNoMatchingTests' has changed for task ':detekt-rules-exceptions:test'
13:24:50.634 [INFO]  [Validating] >   Value of input property 'filter.includePatterns' has changed for task ':detekt-rules-exceptions:test'
13:24:50.634 [INFO]  [Validating] > Loaded cache entry for task ':detekt-rules-exceptions:test' with cache key 2c938049cf02c57bf1a50066d1a066a9
13:24:50.634 [INFO]  [Validating] > 
13:24:50.634 [INFO]  [Validating] > BUILD SUCCESSFUL in 480ms
13:24:50.634 [INFO]  [Validating] > 40 actionable tasks: 3 from cache, 37 up-to-date
13:24:50.634 [INFO]  [Validating] > Watched directory hierarchies: [/Users/mnedzelskii/gits/detekt]
13:24:50.634 [INFO]  [Validating] > Configuration cache entry reused.
13:24:50.634 [INFO]  [Validating] Standard error of build tool (Gradle)
13:24:50.634 [INFO]  [Validating] > 
13:24:50.644 [INFO]  [Validating] All 2 created tests were successfully validated.
13:24:50.802 [INFO]  [Reporting] Writing JSON report to /Users/mnedzelskii/gits/detekt/detekt-rules-exceptions/.diffblue/reports/report.json
13:24:50.835 [INFO]  [Reporting] 
13:24:50.835 [WARN]  [Reporting] Cover completed with warnings
  The following warnings should be addressed to ensure that
  the highest quantity and quality of tests can be created:
-----------------------------------------------------------
13:23:55.246 [WARN]  [Checking] E052: Missing dependency
Unable to mock method inputs because Mockito 2.22.0 or later is not present on the classpath.
Required dependencies were not found.
Please add the following dependencies to your project:
  testImplementation("org.mockito:mockito-core:4.11.0")
13:24:50.835 [INFO]  [Reporting] Log file: /Users/mnedzelskii/gits/detekt/detekt-rules-exceptions/.diffblue/log/user-20230706T132343.log
13:24:50.836 [INFO]  [Reporting] Finished in 1m 6s
