13:11:24.765 [INFO]  [Preparing] Diffblue Cover 2023.07.02-SNAPSHOT-0623e01-local
13:11:24.765 [INFO]  [Preparing] 
13:11:24.765 [INFO]  [Preparing] Running: dcover create --working-directory detekt-report-xml io.github io.gitlab
13:11:24.911 [INFO]  [Checking] Detecting environment:
13:11:24.911 [INFO]  [Checking] ----------------------
13:11:24.956 [INFO]  [Checking] Detected Java version 11.0.18
13:11:27.663 [INFO]  [Checking] Detected build system: Gradle 8.2
13:11:27.664 [INFO]  [Checking] Operating System: Mac OS X aarch64 13.4.1
13:11:27.664 [INFO]  [Checking] Default charset: UTF-8
13:11:27.664 [INFO]  [Checking] Default locale: en_GB
13:11:27.664 [INFO]  [Checking] Default time zone: Europe/London
13:11:27.666 [INFO]  [Checking] Selected build system: Gradle
13:11:27.668 [INFO]  [Checking] Selected classpath from build system Gradle
13:11:27.669 [INFO]  [Checking] Expanded classpath: 
/Users/mnedzelskii/gits/detekt/detekt-report-xml/build/classes/kotlin/test
/Users/mnedzelskii/gits/detekt/detekt-report-xml/build/classes/kotlin/main (code under test)
/Users/mnedzelskii/gits/detekt/detekt-report-xml/build/resources/test
/Users/mnedzelskii/gits/detekt/detekt-report-xml/build/classes/java/main
/Users/mnedzelskii/gits/detekt/detekt-report-xml/build/resources/main
/Users/mnedzelskii/gits/detekt/detekt-api/build/libs/detekt-api-1.23.0-test-fixtures.jar
/Users/mnedzelskii/gits/detekt/detekt-api/build/libs/detekt-api-1.23.0.jar
/Users/mnedzelskii/gits/detekt/detekt-psi-utils/build/libs/detekt-psi-utils-1.23.0.jar
/Users/mnedzelskii/gits/detekt/detekt-utils/build/libs/detekt-utils-1.23.0.jar
/Users/mnedzelskii/.gradle/caches/modules-2/files-2.1/org.jetbrains.kotlin/kotlin-stdlib-jdk8/1.8.22/b25c86d47d6b962b9cf0f8c3f320c8a10eea3dd1/kotlin-stdlib-jdk8-1.8.22.jar
/Users/mnedzelskii/.gradle/caches/modules-2/files-2.1/org.assertj/assertj-core/3.24.2/ebbf338e33f893139459ce5df023115971c2786f/assertj-core-3.24.2.jar
/Users/mnedzelskii/.gradle/caches/modules-2/files-2.1/org.junit.jupiter/junit-jupiter-engine/5.9.3/355322b03bf39306a183162cd06626c206f0286b/junit-jupiter-engine-5.9.3.jar
/Users/mnedzelskii/.gradle/caches/modules-2/files-2.1/org.junit.jupiter/junit-jupiter-params/5.9.3/9e2a4bf6016a1975f408a73523392875cff7c26f/junit-jupiter-params-5.9.3.jar
/Users/mnedzelskii/.gradle/caches/modules-2/files-2.1/org.junit.jupiter/junit-jupiter-api/5.9.3/815818ad6ffcc8d320d8fbdf3d748c753cf83201/junit-jupiter-api-5.9.3.jar
/Users/mnedzelskii/.gradle/caches/modules-2/files-2.1/org.junit.platform/junit-platform-launcher/1.9.3/485650bfe2a2f39b606a6ca013285afda2eaee79/junit-platform-launcher-1.9.3.jar
/Users/mnedzelskii/.gradle/caches/modules-2/files-2.1/org.junit.platform/junit-platform-engine/1.9.3/8616734a190f8d307376aeb7353dba0a2c037a09/junit-platform-engine-1.9.3.jar
/Users/mnedzelskii/.gradle/caches/modules-2/files-2.1/org.junit.platform/junit-platform-commons/1.9.3/36b2e26a90c41603be7f0094bee80e3f8a2cd4d4/junit-platform-commons-1.9.3.jar
/Users/mnedzelskii/.gradle/caches/modules-2/files-2.1/org.junit.jupiter/junit-jupiter/5.9.3/72e840501e1550e9799c9a5cc9483d7d6b29e0ba/junit-jupiter-5.9.3.jar
/Users/mnedzelskii/.gradle/caches/modules-2/files-2.1/org.jetbrains.kotlin/kotlin-stdlib-jdk7/1.8.22/4dabb8248310d833bb6a8b516024a91fd3d275c/kotlin-stdlib-jdk7-1.8.22.jar
/Users/mnedzelskii/.gradle/caches/modules-2/files-2.1/org.jetbrains.kotlin/kotlin-compiler-embeddable/1.8.22/e2cf111da088dc807a74157741b4cd4b664edfb7/kotlin-compiler-embeddable-1.8.22.jar
/Users/mnedzelskii/.gradle/caches/modules-2/files-2.1/org.jetbrains.kotlin/kotlin-stdlib/1.8.22/636bf8b320e7627482771bbac9ed7246773c02bd/kotlin-stdlib-1.8.22.jar
/Users/mnedzelskii/.gradle/caches/modules-2/files-2.1/org.jetbrains.kotlin/kotlin-stdlib-common/1.8.22/1a8e3601703ae14bb58757ea6b2d8e8e5935a586/kotlin-stdlib-common-1.8.22.jar
/Users/mnedzelskii/.gradle/caches/modules-2/files-2.1/org.jetbrains/annotations/13.0/919f0dfe192fb4e063e7dacadee7f8bb9a2672a9/annotations-13.0.jar
/Users/mnedzelskii/.gradle/caches/modules-2/files-2.1/net.bytebuddy/byte-buddy/1.12.21/1a257bbdb9288f2558d3767cc2cc22b499d5091c/byte-buddy-1.12.21.jar
/Users/mnedzelskii/.gradle/caches/modules-2/files-2.1/org.opentest4j/opentest4j/1.2.0/28c11eb91f9b6d8e200631d46e20a7f407f2a046/opentest4j-1.2.0.jar
/Users/mnedzelskii/.gradle/caches/modules-2/files-2.1/org.jetbrains.kotlin/kotlin-script-runtime/1.8.22/ce5ff1f309623f8c1be5143bdba032c4a04cec3a/kotlin-script-runtime-1.8.22.jar
/Users/mnedzelskii/.gradle/caches/modules-2/files-2.1/org.jetbrains.kotlin/kotlin-reflect/1.6.10/1cbe9c92c12a94eea200d23c2bbaedaf3daf5132/kotlin-reflect-1.6.10.jar
/Users/mnedzelskii/.gradle/caches/modules-2/files-2.1/org.jetbrains.kotlin/kotlin-daemon-embeddable/1.8.22/7d9f7e06a59d2fcbc9b373400c146f42fd722e81/kotlin-daemon-embeddable-1.8.22.jar
/Users/mnedzelskii/.gradle/caches/modules-2/files-2.1/org.jetbrains.intellij.deps/trove4j/1.0.20200330/3afb14d5f9ceb459d724e907a21145e8ff394f02/trove4j-1.0.20200330.jar
/Users/mnedzelskii/.gradle/caches/modules-2/files-2.1/net.java.dev.jna/jna/5.6.0/330f2244e9030119ab3030fc3fededc86713d9cc/jna-5.6.0.jar
13:11:27.751 [INFO]  [Checking] Detected test framework: JUnit Jupiter 5.9.3
13:11:27.755 [INFO]  [Checking] Detected JUnit Jupiter Engine version 5.9.3
13:11:27.759 [INFO]  [Checking] Detected JUnit Jupiter Params version 5.9.3
13:11:27.839 [INFO]  [Checking] Selected test output directory: /Users/mnedzelskii/gits/detekt/detekt-report-xml/src/test/java
13:11:27.841 [INFO]  [Checking] Selected test framework: JUnit Jupiter
13:11:27.918 [INFO]  [Checking] Running: Using JAVA_HOME: /Users/mnedzelskii/.sdkman/candidates/java/current : in /Users/mnedzelskii/gits/detekt/detekt-report-xml : gradle test -i  DummyJupiterDiffblueTest
13:11:29.860 [INFO]  [Checking] Running: Using JAVA_HOME: /Users/mnedzelskii/.sdkman/candidates/java/current : in /Users/mnedzelskii/gits/detekt/detekt-report-xml : gradle test -i  DummyJUnitJupiterLauncherDiffblueTest
13:11:31.690 [INFO]  [Checking] Detected JVM architecture: 64-Bit
13:11:31.693 [INFO]  [Checking] Indexing...
13:11:34.129 [INFO]  [Checking] Selected Java language compliance level: 1.8
13:11:34.129 [INFO]  [Checking] Selected test validation: enabled
13:11:34.131 [INFO]  [Checking] Prefixes for filtering classes/methods:
13:11:34.131 [INFO]  [Checking] - io.github
13:11:34.132 [INFO]  [Checking] - io.gitlab
13:11:34.132 [INFO]  [Checking] Gathering methods to test...
13:11:34.806 [WARN]  [Checking] E052: Missing dependency
Unable to mock method inputs because Mockito 2.22.0 or later is not present on the classpath.
Required dependencies were not found.
Please add the following dependencies to your project:
  testImplementation("org.mockito:mockito-core:4.11.0")
13:11:34.816 [INFO]  [Reporting] 
13:11:34.816 [INFO]  [Reporting] Environment summary:
13:11:34.816 [INFO]  [Reporting] --------------------
13:11:34.818 [INFO]  [Reporting] Java version                  11.0.18                       SUCCESS        
13:11:34.818 [INFO]  [Reporting] Build system                  Gradle                        SUCCESS        
13:11:34.818 [WARN]  [Reporting] Mocking Framework                                           WARNING        
13:11:34.818 [INFO]  [Reporting] Testing framework             JUnit Jupiter 5               SUCCESS        
13:11:34.818 [INFO]  [Reporting] Launcher                      JUnit Jupiter                 SUCCESS        
13:11:34.818 [INFO]  [Reporting] Test validation               Enabled                       SUCCESS        
13:11:34.818 [INFO]  [Reporting] 
13:11:34.818 [WARN]  [Reporting] Environment check status: WARNING
13:11:34.841 [INFO]  [Creating] Found 21 callable methods in 7 classes
13:11:34.842 [INFO]  [Creating] 
13:11:34.842 [INFO]  [Creating] Creating tests:
13:11:34.842 [INFO]  [Creating] ---------------
13:11:34.855 [INFO]  [Creating] 
================================================================================
= Starting analysis for class 'io.github.detekt.report.xml.Xml10EscapeSymbolsInitializer'
================================================================================
13:11:34.855 [INFO]  [Creating] Filtering out non-testable methods...
13:11:35.388 [INFO]  [Creating] Filtering of methods complete. Creating analysis request
13:11:35.389 [INFO]  [Creating] Attempting to get service client, retry 1.
13:11:35.403 [INFO]  [Creating] Starting monitoring server.
13:11:35.532 [INFO]  [Creating] Monitoring server listening on localhost/127.0.0.1:62553
13:11:35.534 [INFO]  [Creating] Starting analyzer server process...
13:11:35.534 [INFO]  [Creating] Server command-line: /Users/mnedzelskii/.sdkman/candidates/java/11.0.18-amzn/bin/java -XX:+IgnoreUnrecognizedVMOptions -Djdk.attach.allowAttachSelf=true -ea -javaagent:/Users/mnedzelskii/gits/cover/cover-cli/target/launcher-2023.07.02-SNAPSHOT-shared-jar.jar -Dlogback.configurationFile=/var/folders/84/svd_5_t17l36s2xgx_7spshr0000gp/T/diffblue/config/logback-remote-service.xml -Dcom.diffblue.springIsolationJar=/Users/mnedzelskii/gits/cover/cover-cli/target/cover-isolation-layer-2023.07.02-SNAPSHOT.jar -Dcover.jar.path=/Users/mnedzelskii/gits/cover/cover-cli/target/cover-service-analyzer-2023.07.02-SNAPSHOT-jar-with-dependencies.jar -Dcom.diffblue.assertionSuggestionJar=/Users/mnedzelskii/gits/cover/cover-cli/target/cover-service-analyzer-2023.07.02-SNAPSHOT-jar-with-dependencies.jar -Dcover.main.class=com.diffblue.cover.service.analyzer.Main -jar /Users/mnedzelskii/gits/cover/cover-cli/target/launcher-2023.07.02-SNAPSHOT-shared-jar.jar --service-lifespan 120 --monitoring-service-port 62553 --index-service-port 62553
13:11:35.551 [INFO]  [Creating] Server started. Waiting up to 300 seconds for a connection to be established...
13:11:35.900 [INFO]  [Creating] Starting new remote monitor client
13:11:36.176 [INFO]  [Creating] Attempting to start remote server.
13:11:36.597 [INFO]  [Creating] Server started, listening on localhost/127.0.0.1:62555
13:11:37.570 [INFO]  [Creating] Expect analyzer service to be listening on port 62555.
13:11:38.114 [INFO]  [Creating] Started analyzer service and client retrieved.
13:11:39.039 [INFO]  [Creating] 
================================================================================
= Creating tests for 'io.github.detekt.report.xml.Xml10EscapeSymbolsInitializer.initializeXml10:()Lio/github/detekt/report/xml/Xml10EscapeSymbolsInitializer$XmlEscapeSymbols;' using 'SiM (!sp, fnm, df, !ris)'
================================================================================
13:11:43.572 [INFO]  [Creating] io/github/detekt/report/xml/Xml10EscapeSymbolsInitializer seems to be invalid; in particular initializeXml10() could not be analyzed. This is likely due to a broken jar file. Try replacing this class with a valid version.
13:11:43.648 [INFO]  [Creating]      [1/21] io.github.detekt.report.xml.Xml10EscapeSymbolsInitializer.initializeXml10
13:11:43.648 [INFO]  [Creating]      [1/21]   R083: Can't find a suitable constructor
13:11:43.648 [INFO]  [Creating]      [1/21]     Diffblue Cover was unable to construct an instance of Xml10EscapeSymbolsInitializer.
13:11:43.648 [INFO]  [Creating]      [1/21]     No suitable constructor or factory method found. Please check that the class
13:11:43.648 [INFO]  [Creating]      [1/21]     under test has a non-private constructor or factory method.
13:11:43.648 [INFO]  [Creating]      [1/21]     See https://diff.blue/R083 for further troubleshooting of this issue.
13:11:43.655 [INFO]  [Creating] [1/7] io.github.detekt.report.xml.Xml10EscapeSymbolsInitializer
13:11:43.655 [INFO]  [Creating] [1/7]   Tests created: 0
13:11:43.655 [INFO]  [Creating] 
================================================================================
= Starting analysis for class 'io.github.detekt.report.xml.Xml10EscapeSymbolsInitializer$XmlCodepointValidator'
================================================================================
13:11:43.655 [INFO]  [Creating] Filtering out non-testable methods...
13:11:43.656 [INFO]  [Creating] Filtering of methods complete. Creating analysis request
13:11:43.656 [INFO]  [Creating] Attempting to get service client, retry 1.
13:11:43.691 [INFO]  [Creating] 
================================================================================
= Creating tests for 'io.github.detekt.report.xml.Xml10EscapeSymbolsInitializer$XmlCodepointValidator.<init>:()V' using 'TrM (!sp, !fnm, df, !ris)'
================================================================================
13:11:43.834 [INFO]  [Creating]      [2/21] io.github.detekt.report.xml.Xml10EscapeSymbolsInitializer$XmlCodepointValidator.<init>
13:11:43.834 [INFO]  [Creating]      [2/21]   R002: Missing observers
13:11:43.834 [INFO]  [Creating]      [2/21]     Diffblue Cover was unable to create an assertion.
13:11:43.834 [INFO]  [Creating]      [2/21]     There are no fields that could be asserted on.
13:11:43.836 [INFO]  [Creating] 
================================================================================
= Creating tests for 'io.github.detekt.report.xml.Xml10EscapeSymbolsInitializer$XmlCodepointValidator.isValid:(I)Z' using 'SiM (!sp, fnm, df, !ris)'
================================================================================
13:11:46.170 [INFO]  [Creating]      [3/21] io.github.detekt.report.xml.Xml10EscapeSymbolsInitializer$XmlCodepointValidator.isValid
13:11:46.170 [INFO]  [Creating]      [3/21]   Tests created: 7
13:11:46.173 [INFO]  [Creating] [2/7] io.github.detekt.report.xml.Xml10EscapeSymbolsInitializer$XmlCodepointValidator
13:11:46.173 [INFO]  [Creating] [2/7]   Tests created: 7
13:11:46.173 [INFO]  [Creating] 
================================================================================
= Starting analysis for class 'io.github.detekt.report.xml.Xml10EscapeSymbolsInitializer$XmlEscapeSymbols'
================================================================================
13:11:46.173 [INFO]  [Creating] Filtering out non-testable methods...
13:11:46.174 [INFO]  [Creating] Filtering of methods complete. Creating analysis request
13:11:46.174 [INFO]  [Creating] Attempting to get service client, retry 1.
13:11:46.221 [INFO]  [Creating] 
================================================================================
= Creating tests for 'io.github.detekt.report.xml.Xml10EscapeSymbolsInitializer$XmlEscapeSymbols.getCODEPOINT_VALIDATOR:()Lio/github/detekt/report/xml/Xml10EscapeSymbolsInitializer$XmlCodepointValidator;, io.github.detekt.report.xml.Xml10EscapeSymbolsInitializer$XmlEscapeSymbols.getESCAPE_LEVELS:()[B, io.github.detekt.report.xml.Xml10EscapeSymbolsInitializer$XmlEscapeSymbols.getSORTED_CERS:()[[C, io.github.detekt.report.xml.Xml10EscapeSymbolsInitializer$XmlEscapeSymbols.getSORTED_CERS_BY_CODEPOINT:()[[C, io.github.detekt.report.xml.Xml10EscapeSymbolsInitializer$XmlEscapeSymbols.getSORTED_CODEPOINTS:()[I, io.github.detekt.report.xml.Xml10EscapeSymbolsInitializer$XmlEscapeSymbols.getSORTED_CODEPOINTS_BY_CER:()[I' using 'TrM (!sp, !fnm, df, !ris)'
================================================================================
13:11:46.341 [INFO]  [Creating]      [4/21] io.github.detekt.report.xml.Xml10EscapeSymbolsInitializer$XmlEscapeSymbols.getCODEPOINT_VALIDATOR
13:11:46.341 [INFO]  [Creating]      [5/21] io.github.detekt.report.xml.Xml10EscapeSymbolsInitializer$XmlEscapeSymbols.getESCAPE_LEVELS
13:11:46.341 [INFO]  [Creating]      [6/21] io.github.detekt.report.xml.Xml10EscapeSymbolsInitializer$XmlEscapeSymbols.getSORTED_CERS
13:11:46.341 [INFO]  [Creating]      [7/21] io.github.detekt.report.xml.Xml10EscapeSymbolsInitializer$XmlEscapeSymbols.getSORTED_CERS_BY_CODEPOINT
13:11:46.341 [INFO]  [Creating]      [8/21] io.github.detekt.report.xml.Xml10EscapeSymbolsInitializer$XmlEscapeSymbols.getSORTED_CODEPOINTS
13:11:46.341 [INFO]  [Creating]      [9/21] io.github.detekt.report.xml.Xml10EscapeSymbolsInitializer$XmlEscapeSymbols.getSORTED_CODEPOINTS_BY_CER
13:11:46.341 [INFO]  [Creating]      [9/21]   R081: Exception in arrange section
13:11:46.341 [INFO]  [Creating]      [9/21]     Diffblue Cover was unable to construct an instance of the class under test using
13:11:46.341 [INFO]  [Creating]      [9/21]     io.github.detekt.report.xml.Xml10EscapeSymbolsInitializer$XmlEscapeSymbols.<init>(References, byte[], XmlCodepointValidator).
13:11:46.341 [INFO]  [Creating]      [9/21]     The arrange section threw
13:11:46.341 [INFO]  [Creating]      [9/21]     java.lang.ArrayIndexOutOfBoundsException: arraycopy: last source index 161 out of bounds for byte[8]
13:11:46.341 [INFO]  [Creating]      [9/21]         at java.lang.System.arraycopy(Native Method)
13:11:46.341 [INFO]  [Creating]      [9/21]         at io.github.detekt.report.xml.Xml10EscapeSymbolsInitializer$XmlEscapeSymbols.<init>(XmlEscape.kt:353)
13:11:46.341 [INFO]  [Creating]      [9/21]     More information about the exception is provided in the support log.
13:11:46.341 [INFO]  [Creating]      [9/21]     See https://diff.blue/R081 for further troubleshooting of this issue.
13:11:46.342 [INFO]  [Creating] 
================================================================================
= Creating tests for 'io.github.detekt.report.xml.Xml10EscapeSymbolsInitializer$XmlEscapeSymbols.<init>:(Lio/github/detekt/report/xml/Xml10EscapeSymbolsInitializer$XmlEscapeSymbols$References;[BLio/github/detekt/report/xml/Xml10EscapeSymbolsInitializer$XmlCodepointValidator;)V' using 'SiM (!sp, fnm, df, !ris)'
================================================================================
13:11:49.359 [INFO]  [Creating]     [10/21] io.github.detekt.report.xml.Xml10EscapeSymbolsInitializer$XmlEscapeSymbols.<init>
13:11:49.359 [INFO]  [Creating]     [10/21]   R013: No inputs found that don't throw a trivial exception
13:11:49.359 [INFO]  [Creating]     [10/21]     Diffblue Cover tried to run the arrange/act section, but the test threw
13:11:49.359 [INFO]  [Creating]     [10/21]     java.lang.NullPointerException: Parameter specified as non-null is null: method io.github.detekt.report.xml.Xml10EscapeSymbolsInitializer$XmlEscapeSymbols.<init>, parameter references
13:11:49.359 [INFO]  [Creating]     [10/21]         at io.github.detekt.report.xml.Xml10EscapeSymbolsInitializer$XmlEscapeSymbols.<init>(XmlEscape.kt)
13:11:49.359 [INFO]  [Creating]     [10/21]     In order to prevent <init>(References, byte[], XmlCodepointValidator)
13:11:49.359 [INFO]  [Creating]     [10/21]     from throwing NullPointerException, add constructors or factory
13:11:49.359 [INFO]  [Creating]     [10/21]     methods that make it easier to construct fully initialized objects used in
13:11:49.359 [INFO]  [Creating]     [10/21]     <init>(References, byte[], XmlCodepointValidator).
13:11:49.359 [INFO]  [Creating]     [10/21]     See https://diff.blue/R013 to resolve this issue.
13:11:49.362 [INFO]  [Creating] [3/7] io.github.detekt.report.xml.Xml10EscapeSymbolsInitializer$XmlEscapeSymbols
13:11:49.362 [INFO]  [Creating] [3/7]   Tests created: 0
13:11:49.362 [INFO]  [Creating] 
================================================================================
= Starting analysis for class 'io.github.detekt.report.xml.Xml10EscapeSymbolsInitializer$XmlEscapeSymbols$Reference'
================================================================================
13:11:49.362 [INFO]  [Creating] Filtering out non-testable methods...
13:11:49.362 [INFO]  [Creating] Filtering of methods complete. Creating analysis request
13:11:49.362 [INFO]  [Creating] Attempting to get service client, retry 1.
13:11:49.389 [INFO]  [Creating] 
================================================================================
= Creating tests for 'io.github.detekt.report.xml.Xml10EscapeSymbolsInitializer$XmlEscapeSymbols$Reference.getCer$detekt_report_xml:()[C, io.github.detekt.report.xml.Xml10EscapeSymbolsInitializer$XmlEscapeSymbols$Reference.getCodepoint$detekt_report_xml:()I' using 'TrM (!sp, !fnm, df, !ris)'
================================================================================
13:11:49.601 [INFO]  [Creating]     [11/21] io.github.detekt.report.xml.Xml10EscapeSymbolsInitializer$XmlEscapeSymbols$Reference.getCer$detekt_report_xml
13:11:49.601 [INFO]  [Creating]     [12/21] io.github.detekt.report.xml.Xml10EscapeSymbolsInitializer$XmlEscapeSymbols$Reference.getCodepoint$detekt_report_xml
13:11:49.601 [INFO]  [Creating]     [12/21]   Tests created: 1
13:11:49.602 [INFO]  [Creating] 
================================================================================
= Creating tests for 'io.github.detekt.report.xml.Xml10EscapeSymbolsInitializer$XmlEscapeSymbols$Reference.<init>:(Ljava/lang/String;I)V' using 'SiM (!sp, fnm, df, !ris)'
================================================================================
13:11:49.885 [INFO]  [Creating]     [13/21] io.github.detekt.report.xml.Xml10EscapeSymbolsInitializer$XmlEscapeSymbols$Reference.<init>
13:11:49.885 [INFO]  [Creating]     [13/21]   Tests created: 1
13:11:49.887 [INFO]  [Creating] [4/7] io.github.detekt.report.xml.Xml10EscapeSymbolsInitializer$XmlEscapeSymbols$Reference
13:11:49.888 [INFO]  [Creating] [4/7]   Tests created: 2
13:11:49.888 [INFO]  [Creating] 
================================================================================
= Starting analysis for class 'io.github.detekt.report.xml.Xml10EscapeSymbolsInitializer$XmlEscapeSymbols$References'
================================================================================
13:11:49.888 [INFO]  [Creating] Filtering out non-testable methods...
13:11:49.888 [INFO]  [Creating] Filtering of methods complete. Creating analysis request
13:11:49.888 [INFO]  [Creating] Attempting to get service client, retry 1.
13:11:49.912 [INFO]  [Creating] 
================================================================================
= Creating tests for 'io.github.detekt.report.xml.Xml10EscapeSymbolsInitializer$XmlEscapeSymbols$References.getReferences$detekt_report_xml:()Ljava/util/ArrayList;' using 'TrM (!sp, !fnm, df, !ris)'
================================================================================
13:11:50.019 [INFO]  [Creating]     [14/21] io.github.detekt.report.xml.Xml10EscapeSymbolsInitializer$XmlEscapeSymbols$References.getReferences$detekt_report_xml
13:11:50.019 [INFO]  [Creating]     [14/21]   Tests created: 1
13:11:50.020 [INFO]  [Creating] 
================================================================================
= Creating tests for 'io.github.detekt.report.xml.Xml10EscapeSymbolsInitializer$XmlEscapeSymbols$References.<init>:()V' using 'SiM (!sp, fnm, df, !ris)'
================================================================================
13:11:50.152 [INFO]  [Creating]     [15/21] io.github.detekt.report.xml.Xml10EscapeSymbolsInitializer$XmlEscapeSymbols$References.<init>
13:11:50.152 [INFO]  [Creating]     [15/21]   Tests created: 1
13:11:50.154 [INFO]  [Creating] 
================================================================================
= Creating tests for 'io.github.detekt.report.xml.Xml10EscapeSymbolsInitializer$XmlEscapeSymbols$References.addReference:(ILjava/lang/String;)V' using 'SiM (!sp, fnm, df, !ris)'
================================================================================
13:11:50.574 [INFO]  [Creating]     [16/21] io.github.detekt.report.xml.Xml10EscapeSymbolsInitializer$XmlEscapeSymbols$References.addReference
13:11:50.574 [INFO]  [Creating]     [16/21]   Tests created: 1
13:11:50.576 [INFO]  [Creating] [5/7] io.github.detekt.report.xml.Xml10EscapeSymbolsInitializer$XmlEscapeSymbols$References
13:11:50.576 [INFO]  [Creating] [5/7]   Tests created: 3
13:11:50.576 [INFO]  [Creating] 
================================================================================
= Starting analysis for class 'io.github.detekt.report.xml.XmlEscape'
================================================================================
13:11:50.576 [INFO]  [Creating] Filtering out non-testable methods...
13:11:50.584 [INFO]  [Creating] Filtering of methods complete. Creating analysis request
13:11:50.584 [INFO]  [Creating] Attempting to get service client, retry 1.
13:11:50.603 [INFO]  [Creating] 
================================================================================
= Creating tests for 'io.github.detekt.report.xml.XmlEscape.escapeXml:(Ljava/lang/String;)Ljava/lang/String;' using 'SiM (!sp, fnm, df, !ris)'
================================================================================
13:11:50.652 [INFO]  [Creating] io/github/detekt/report/xml/Xml10EscapeSymbolsInitializer seems to be invalid; in particular initializeXml10() could not be analyzed. This is likely due to a broken jar file. Try replacing this class with a valid version.
13:11:50.895 [INFO]  [Creating]     [17/21] io.github.detekt.report.xml.XmlEscape.escapeXml
13:11:50.895 [INFO]  [Creating]     [17/21]   R083: Can't find a suitable constructor
13:11:50.895 [INFO]  [Creating]     [17/21]     Diffblue Cover was unable to construct an instance of XmlEscape.
13:11:50.895 [INFO]  [Creating]     [17/21]     No suitable constructor or factory method found. Please check that the class
13:11:50.895 [INFO]  [Creating]     [17/21]     under test has a non-private constructor or factory method.
13:11:50.895 [INFO]  [Creating]     [17/21]     See https://diff.blue/R083 for further troubleshooting of this issue.
13:11:50.899 [INFO]  [Creating] [6/7] io.github.detekt.report.xml.XmlEscape
13:11:50.899 [INFO]  [Creating] [6/7]   Tests created: 0
13:11:50.899 [INFO]  [Creating] 
================================================================================
= Starting analysis for class 'io.github.detekt.report.xml.XmlOutputReport'
================================================================================
13:11:50.899 [INFO]  [Creating] Filtering out non-testable methods...
13:11:53.246 [INFO]  [Creating] Filtering of methods complete. Creating analysis request
13:11:53.246 [INFO]  [Creating] Attempting to get service client, retry 1.
13:11:53.272 [INFO]  [Creating] 
================================================================================
= Creating tests for 'io.github.detekt.report.xml.XmlOutputReport.<init>:()V, io.github.detekt.report.xml.XmlOutputReport.getEnding:()Ljava/lang/String;, io.github.detekt.report.xml.XmlOutputReport.getName:()Ljava/lang/String;' using 'TrM (!sp, !fnm, df, !ris)'
================================================================================
13:11:55.758 [INFO]  [Creating]     [18/21] io.github.detekt.report.xml.XmlOutputReport.<init>
13:11:55.758 [INFO]  [Creating]     [19/21] io.github.detekt.report.xml.XmlOutputReport.getEnding
13:11:55.758 [INFO]  [Creating]     [20/21] io.github.detekt.report.xml.XmlOutputReport.getName
13:11:55.758 [INFO]  [Creating]     [20/21]   Tests created: 1
13:11:55.759 [INFO]  [Creating] 
================================================================================
= Creating tests for 'io.github.detekt.report.xml.XmlOutputReport.render:(Lio/gitlab/arturbosch/detekt/api/Detektion;)Ljava/lang/String;' using 'SiM (!sp, fnm, df, !ris)'
================================================================================
13:12:16.776 [INFO]  [Creating]     [21/21] io.github.detekt.report.xml.XmlOutputReport.render
13:12:16.776 [INFO]  [Creating]     [21/21]   Diffblue AI was unable to find a test
13:12:16.778 [INFO]  [Creating] [7/7] io.github.detekt.report.xml.XmlOutputReport
13:12:16.779 [INFO]  [Creating] [7/7]   Tests created: 1
13:12:16.783 [INFO]  [Reporting] 
13:12:16.783 [INFO]  [Reporting] Summary:
13:12:16.783 [INFO]  [Reporting] --------
13:12:16.783 [INFO]  [Reporting] Total:                                              21 methods
13:12:16.783 [INFO]  [Reporting] 13 tests created for:                               10 methods
13:12:16.783 [INFO]  [Reporting] 
13:12:16.783 [INFO]  [Reporting] No tests created for:                               11 methods
13:12:16.783 [INFO]  [Reporting]     6 R081: Exception in arrange section
13:12:16.783 [INFO]  [Reporting]     2 R083: Can't find a suitable constructor
13:12:16.783 [INFO]  [Reporting]     1 R002: Missing observers
13:12:16.783 [INFO]  [Reporting]     1 R013: No inputs found that don't throw a trivial exception
13:12:16.848 [INFO]  [Validating] 
13:12:16.848 [INFO]  [Validating] Running validation command.
13:12:16.850 [INFO]  [Validating] Running: Using JAVA_HOME: /Users/mnedzelskii/.sdkman/candidates/java/current : in /Users/mnedzelskii/gits/detekt/detekt-report-xml : gradle test -i  
13:12:17.297 [INFO]  [Validating] Standard output of build tool (Gradle)
13:12:17.297 [INFO]  [Validating] > The client will now receive all logging from the daemon (pid: 15147). The daemon log file: /Users/mnedzelskii/.gradle/daemon/8.2/daemon-15147.out.log
13:12:17.297 [INFO]  [Validating] > Starting 108th build in daemon [uptime: 3 hrs 7 mins 41.276 secs, performance: 100%, GC rate: 0.00/s, heap usage: 0% of 8 GiB]
13:12:17.297 [INFO]  [Validating] > Closing daemon's stdin at end of input.
13:12:17.297 [INFO]  [Validating] > The daemon will no longer process any standard input.
13:12:17.297 [INFO]  [Validating] > Using 10 worker leases.
13:12:17.297 [INFO]  [Validating] > Now considering [/Users/mnedzelskii/gits/detekt, /Users/mnedzelskii/gits/detekt/detekt-gradle-plugin, /Users/mnedzelskii/gits/detekt/build-logic] as hierarchies to watch
13:12:17.297 [INFO]  [Validating] > Now considering [/Users/mnedzelskii/gits/detekt/build-logic, /Users/mnedzelskii/gits/detekt, /Users/mnedzelskii/gits/detekt/detekt-gradle-plugin] as hierarchies to watch
13:12:17.297 [INFO]  [Validating] > Now considering [/Users/mnedzelskii/gits/detekt/detekt-gradle-plugin, /Users/mnedzelskii/gits/detekt/build-logic, /Users/mnedzelskii/gits/detekt] as hierarchies to watch
13:12:17.297 [INFO]  [Validating] > Reusing configuration cache.
13:12:17.297 [INFO]  [Validating] > Now considering [/Users/mnedzelskii/gits/detekt, /Users/mnedzelskii/gits/detekt/detekt-gradle-plugin, /Users/mnedzelskii/gits/detekt/build-logic] as hierarchies to watch
13:12:17.297 [INFO]  [Validating] > Watching the file system is configured to be enabled if available
13:12:17.297 [INFO]  [Validating] > File system watching is active
13:12:17.297 [INFO]  [Validating] > Using local directory build cache for the root build (location = /Users/mnedzelskii/.gradle/caches/build-cache-1, removeUnusedEntriesAfter = 7 days).
13:12:17.297 [INFO]  [Validating] > Using remote HTTP build cache for the root build (pull-only, allowInsecureProtocol = false, allowUntrustedServer = false, authenticated = false, url = https://ge.detekt.dev/cache/, useExpectContinue = false).
13:12:17.297 [INFO]  [Validating] > Tasks to be executed: [task ':detekt-psi-utils:compileKotlin', task ':detekt-psi-utils:compileJava', task ':detekt-utils:compileKotlin', task ':detekt-utils:compileJava', task ':detekt-api:compileKotlin', task ':detekt-api:compileJava', task ':detekt-api:processResources', task ':detekt-api:classes', task ':detekt-api:jar', task ':detekt-api:compileTestFixturesKotlin', task ':detekt-api:compileTestFixturesJava', task ':detekt-api:processTestFixturesResources', task ':detekt-api:testFixturesClasses', task ':detekt-api:testFixturesJar', task ':detekt-psi-utils:processResources', task ':detekt-psi-utils:classes', task ':detekt-psi-utils:jar', task ':detekt-report-xml:compileKotlin', task ':detekt-report-xml:compileJava', task ':detekt-report-xml:processResources', task ':detekt-report-xml:classes', task ':detekt-report-xml:compileTestKotlin', task ':detekt-report-xml:compileTestJava', task ':detekt-report-xml:processTestResources', task ':detekt-report-xml:testClasses', task ':detekt-utils:processResources', task ':detekt-utils:classes', task ':detekt-utils:jar', task ':detekt-report-xml:test']
13:12:17.297 [INFO]  [Validating] > Tasks that were excluded: []
13:12:17.297 [INFO]  [Validating] > Resolve mutations for :detekt-psi-utils:compileKotlin (Thread[Execution worker,5,main]) started.
13:12:17.297 [INFO]  [Validating] > Resolve mutations for :detekt-utils:compileKotlin (Thread[Execution worker Thread 2,5,main]) started.
13:12:17.297 [INFO]  [Validating] > Resolve mutations for :detekt-api:processResources (Thread[Execution worker Thread 3,5,main]) started.
13:12:17.297 [INFO]  [Validating] > Resolve mutations for :detekt-api:processTestFixturesResources (Thread[Execution worker Thread 4,5,main]) started.
13:12:17.297 [INFO]  [Validating] > :detekt-api:processResources (Thread[Execution worker Thread 3,5,main]) started.
13:12:17.297 [INFO]  [Validating] > :detekt-api:processTestFixturesResources (Thread[Execution worker Thread 4,5,main]) started.
13:12:17.297 [INFO]  [Validating] > :detekt-psi-utils:compileKotlin (Thread[Execution worker,5,main]) started.
13:12:17.297 [INFO]  [Validating] > Resolve mutations for :detekt-psi-utils:processResources (Thread[Execution worker Thread 5,5,main]) started.
13:12:17.297 [INFO]  [Validating] > :detekt-utils:compileKotlin (Thread[Execution worker Thread 2,5,main]) started.
13:12:17.297 [INFO]  [Validating] > :detekt-psi-utils:processResources (Thread[Execution worker Thread 5,5,main]) started.
13:12:17.297 [INFO]  [Validating] > Resolve mutations for :detekt-report-xml:processResources (Thread[Execution worker Thread 6,5,main]) started.
13:12:17.297 [INFO]  [Validating] > :detekt-report-xml:processResources (Thread[Execution worker Thread 6,5,main]) started.
13:12:17.297 [INFO]  [Validating] > Resolve mutations for :detekt-report-xml:processTestResources (Thread[Execution worker Thread 7,5,main]) started.
13:12:17.297 [INFO]  [Validating] > :detekt-report-xml:processTestResources (Thread[Execution worker Thread 7,5,main]) started.
13:12:17.297 [INFO]  [Validating] > Resolve mutations for :detekt-utils:processResources (Thread[Execution worker Thread 8,5,main]) started.
13:12:17.297 [INFO]  [Validating] > :detekt-utils:processResources (Thread[Execution worker Thread 8,5,main]) started.
13:12:17.297 [INFO]  [Validating] > 
13:12:17.297 [INFO]  [Validating] > > Task :detekt-psi-utils:processResources NO-SOURCE
13:12:17.297 [INFO]  [Validating] > Skipping task ':detekt-psi-utils:processResources' as it has no source files and no previous output files.
13:12:17.297 [INFO]  [Validating] > 
13:12:17.297 [INFO]  [Validating] > > Task :detekt-api:processResources NO-SOURCE
13:12:17.297 [INFO]  [Validating] > Skipping task ':detekt-api:processResources' as it has no source files and no previous output files.
13:12:17.297 [INFO]  [Validating] > 
13:12:17.297 [INFO]  [Validating] > > Task :detekt-report-xml:processTestResources NO-SOURCE
13:12:17.297 [INFO]  [Validating] > Skipping task ':detekt-report-xml:processTestResources' as it has no source files and no previous output files.
13:12:17.297 [INFO]  [Validating] > 
13:12:17.297 [INFO]  [Validating] > > Task :detekt-api:processTestFixturesResources NO-SOURCE
13:12:17.297 [INFO]  [Validating] > Skipping task ':detekt-api:processTestFixturesResources' as it has no source files and no previous output files.
13:12:17.297 [INFO]  [Validating] > 
13:12:17.297 [INFO]  [Validating] > > Task :detekt-report-xml:processResources UP-TO-DATE
13:12:17.297 [INFO]  [Validating] > Caching disabled for task ':detekt-report-xml:processResources' because:
13:12:17.297 [INFO]  [Validating] >   Not worth caching
13:12:17.297 [INFO]  [Validating] > Skipping task ':detekt-report-xml:processResources' as it is up-to-date.
13:12:17.297 [INFO]  [Validating] > 
13:12:17.297 [INFO]  [Validating] > > Task :detekt-utils:processResources NO-SOURCE
13:12:17.297 [INFO]  [Validating] > Skipping task ':detekt-utils:processResources' as it has no source files and no previous output files.
13:12:17.297 [INFO]  [Validating] > 
13:12:17.297 [INFO]  [Validating] > > Task :detekt-utils:compileKotlin UP-TO-DATE
13:12:17.297 [INFO]  [Validating] > Transforming kotlin-stdlib-jdk8-1.8.22.jar with ClasspathEntrySnapshotTransform
13:12:17.297 [INFO]  [Validating] > Transforming kotlin-stdlib-jdk7-1.8.22.jar with ClasspathEntrySnapshotTransform
13:12:17.297 [INFO]  [Validating] > Transforming kotlin-stdlib-1.8.22.jar with ClasspathEntrySnapshotTransform
13:12:17.297 [INFO]  [Validating] > Transforming kotlin-stdlib-common-1.8.22.jar with ClasspathEntrySnapshotTransform
13:12:17.297 [INFO]  [Validating] > Transforming annotations-13.0.jar with ClasspathEntrySnapshotTransform
13:12:17.297 [INFO]  [Validating] > Build cache key for task ':detekt-utils:compileKotlin' is 4bc3c8215f701e9ef21d31281b92246d
13:12:17.297 [INFO]  [Validating] > Skipping task ':detekt-utils:compileKotlin' as it is up-to-date.
13:12:17.297 [INFO]  [Validating] > work action resolve main (project :detekt-utils) (Thread[Execution worker Thread 8,5,main]) started.
13:12:17.297 [INFO]  [Validating] > Resolve mutations for :detekt-utils:compileJava (Thread[Execution worker Thread 2,5,main]) started.
13:12:17.297 [INFO]  [Validating] > 
13:12:17.297 [INFO]  [Validating] > > Task :detekt-psi-utils:compileKotlin UP-TO-DATE
13:12:17.297 [INFO]  [Validating] > Transforming kotlin-compiler-embeddable-1.8.22.jar with ClasspathEntrySnapshotTransform
13:12:17.297 [INFO]  [Validating] > Transforming kotlin-stdlib-jdk8-1.8.22.jar with ClasspathEntrySnapshotTransform
13:12:17.297 [INFO]  [Validating] > Transforming kotlin-stdlib-jdk7-1.8.22.jar with ClasspathEntrySnapshotTransform
13:12:17.297 [INFO]  [Validating] > Transforming kotlin-stdlib-1.8.22.jar with ClasspathEntrySnapshotTransform
13:12:17.297 [INFO]  [Validating] > Transforming kotlin-stdlib-common-1.8.22.jar with ClasspathEntrySnapshotTransform
13:12:17.297 [INFO]  [Validating] > Transforming annotations-13.0.jar with ClasspathEntrySnapshotTransform
13:12:17.297 [INFO]  [Validating] > Build cache key for task ':detekt-psi-utils:compileKotlin' is c72e17ff81c85e7351df478815002d0c
13:12:17.297 [INFO]  [Validating] > Skipping task ':detekt-psi-utils:compileKotlin' as it is up-to-date.
13:12:17.297 [INFO]  [Validating] > Resolve mutations for :detekt-psi-utils:compileJava (Thread[Execution worker,5,main]) started.
13:12:17.297 [INFO]  [Validating] > work action resolve main (project :detekt-psi-utils) (Thread[included builds,5,main]) started.
13:12:17.297 [INFO]  [Validating] > :detekt-utils:compileJava (Thread[Execution worker Thread 8,5,main]) started.
13:12:17.297 [INFO]  [Validating] > :detekt-psi-utils:compileJava (Thread[Execution worker,5,main]) started.
13:12:17.297 [INFO]  [Validating] > 
13:12:17.297 [INFO]  [Validating] > > Task :detekt-utils:compileJava NO-SOURCE
13:12:17.298 [INFO]  [Validating] > Skipping task ':detekt-utils:compileJava' as it has no source files and no previous output files.
13:12:17.298 [INFO]  [Validating] > 
13:12:17.298 [INFO]  [Validating] > > Task :detekt-psi-utils:compileJava NO-SOURCE
13:12:17.298 [INFO]  [Validating] > Skipping task ':detekt-psi-utils:compileJava' as it has no source files and no previous output files.
13:12:17.298 [INFO]  [Validating] > work action resolve main (project :detekt-utils) (Thread[Execution worker Thread 8,5,main]) started.
13:12:17.298 [INFO]  [Validating] > work action resolve main (project :detekt-utils) (Thread[Execution worker,5,main]) started.
13:12:17.298 [INFO]  [Validating] > Resolve mutations for :detekt-utils:classes (Thread[Execution worker Thread 4,5,main]) started.
13:12:17.298 [INFO]  [Validating] > Resolve mutations for :detekt-psi-utils:classes (Thread[included builds,5,main]) started.
13:12:17.298 [INFO]  [Validating] > work action resolve main (project :detekt-psi-utils) (Thread[Execution worker Thread 2,5,main]) started.
13:12:17.298 [INFO]  [Validating] > :detekt-psi-utils:classes (Thread[included builds,5,main]) started.
13:12:17.298 [INFO]  [Validating] > work action resolve main (project :detekt-psi-utils) (Thread[Execution worker Thread 8,5,main]) started.
13:12:17.298 [INFO]  [Validating] > :detekt-utils:classes (Thread[Execution worker Thread 4,5,main]) started.
13:12:17.298 [INFO]  [Validating] > 
13:12:17.298 [INFO]  [Validating] > > Task :detekt-psi-utils:classes UP-TO-DATE
13:12:17.298 [INFO]  [Validating] > Skipping task ':detekt-psi-utils:classes' as it has no actions.
13:12:17.298 [INFO]  [Validating] > Resolve mutations for :detekt-api:compileKotlin (Thread[Execution worker Thread 8,5,main]) started.
13:12:17.298 [INFO]  [Validating] > Resolve mutations for :detekt-psi-utils:jar (Thread[included builds,5,main]) started.
13:12:17.298 [INFO]  [Validating] > 
13:12:17.298 [INFO]  [Validating] > > Task :detekt-utils:classes UP-TO-DATE
13:12:17.298 [INFO]  [Validating] > Skipping task ':detekt-utils:classes' as it has no actions.
13:12:17.298 [INFO]  [Validating] > Resolve mutations for :detekt-utils:jar (Thread[Execution worker Thread 7,5,main]) started.
13:12:17.298 [INFO]  [Validating] > :detekt-api:compileKotlin (Thread[Execution worker Thread 8,5,main]) started.
13:12:17.298 [INFO]  [Validating] > :detekt-utils:jar (Thread[Execution worker Thread 7,5,main]) started.
13:12:17.298 [INFO]  [Validating] > :detekt-psi-utils:jar (Thread[included builds,5,main]) started.
13:12:17.298 [INFO]  [Validating] > 
13:12:17.298 [INFO]  [Validating] > > Task :detekt-api:compileKotlin UP-TO-DATE
13:12:17.298 [INFO]  [Validating] > Transforming main with ClasspathEntrySnapshotTransform
13:12:17.298 [INFO]  [Validating] > Transforming kotlin-compiler-embeddable-1.8.22.jar with ClasspathEntrySnapshotTransform
13:12:17.298 [INFO]  [Validating] > Transforming main with ClasspathEntrySnapshotTransform
13:12:17.298 [INFO]  [Validating] > Transforming kotlin-stdlib-jdk8-1.8.22.jar with ClasspathEntrySnapshotTransform
13:12:17.298 [INFO]  [Validating] > Transforming kotlin-stdlib-jdk7-1.8.22.jar with ClasspathEntrySnapshotTransform
13:12:17.298 [INFO]  [Validating] > Transforming kotlin-stdlib-1.8.22.jar with ClasspathEntrySnapshotTransform
13:12:17.298 [INFO]  [Validating] > Transforming kotlin-stdlib-common-1.8.22.jar with ClasspathEntrySnapshotTransform
13:12:17.298 [INFO]  [Validating] > Transforming annotations-13.0.jar with ClasspathEntrySnapshotTransform
13:12:17.298 [INFO]  [Validating] > Build cache key for task ':detekt-api:compileKotlin' is bc24205c2f4f61f8518d6a26cd3c1b64
13:12:17.298 [INFO]  [Validating] > Skipping task ':detekt-api:compileKotlin' as it is up-to-date.
13:12:17.298 [INFO]  [Validating] > Resolve mutations for :detekt-api:compileJava (Thread[Execution worker Thread 8,5,main]) started.
13:12:17.298 [INFO]  [Validating] > work action resolve main (project :detekt-api) (Thread[Execution worker Thread 5,5,main]) started.
13:12:17.298 [INFO]  [Validating] > :detekt-api:compileJava (Thread[Execution worker Thread 8,5,main]) started.
13:12:17.298 [INFO]  [Validating] > 
13:12:17.298 [INFO]  [Validating] > > Task :detekt-utils:jar UP-TO-DATE
13:12:17.298 [INFO]  [Validating] > Caching disabled for task ':detekt-utils:jar' because:
13:12:17.298 [INFO]  [Validating] >   Not worth caching
13:12:17.298 [INFO]  [Validating] > Skipping task ':detekt-utils:jar' as it is up-to-date.
13:12:17.298 [INFO]  [Validating] > work action resolve detekt-utils-1.23.0.jar (project :detekt-utils) (Thread[Execution worker Thread 7,5,main]) started.
13:12:17.298 [INFO]  [Validating] > 
13:12:17.298 [INFO]  [Validating] > > Task :detekt-psi-utils:jar UP-TO-DATE
13:12:17.298 [INFO]  [Validating] > Caching disabled for task ':detekt-psi-utils:jar' because:
13:12:17.298 [INFO]  [Validating] >   Not worth caching
13:12:17.298 [INFO]  [Validating] > Skipping task ':detekt-psi-utils:jar' as it is up-to-date.
13:12:17.298 [INFO]  [Validating] > work action resolve detekt-psi-utils-1.23.0.jar (project :detekt-psi-utils) (Thread[included builds,5,main]) started.
13:12:17.298 [INFO]  [Validating] > 
13:12:17.298 [INFO]  [Validating] > > Task :detekt-api:compileJava NO-SOURCE
13:12:17.298 [INFO]  [Validating] > Skipping task ':detekt-api:compileJava' as it has no source files and no previous output files.
13:12:17.298 [INFO]  [Validating] > Resolve mutations for :detekt-api:classes (Thread[Execution worker Thread 8,5,main]) started.
13:12:17.298 [INFO]  [Validating] > work action resolve main (project :detekt-api) (Thread[Execution worker Thread 6,5,main]) started.
13:12:17.298 [INFO]  [Validating] > work action resolve main (project :detekt-api) (Thread[Execution worker Thread 4,5,main]) started.
13:12:17.298 [INFO]  [Validating] > :detekt-api:classes (Thread[Execution worker Thread 8,5,main]) started.
13:12:17.298 [INFO]  [Validating] > Resolve mutations for :detekt-report-xml:compileKotlin (Thread[Execution worker Thread 2,5,main]) started.
13:12:17.298 [INFO]  [Validating] > Resolve mutations for :detekt-api:compileTestFixturesKotlin (Thread[Execution worker Thread 4,5,main]) started.
13:12:17.298 [INFO]  [Validating] > 
13:12:17.298 [INFO]  [Validating] > > Task :detekt-api:classes UP-TO-DATE
13:12:17.298 [INFO]  [Validating] > Skipping task ':detekt-api:classes' as it has no actions.
13:12:17.298 [INFO]  [Validating] > Resolve mutations for :detekt-api:jar (Thread[Execution worker Thread 8,5,main]) started.
13:12:17.298 [INFO]  [Validating] > :detekt-report-xml:compileKotlin (Thread[Execution worker Thread 2,5,main]) started.
13:12:17.298 [INFO]  [Validating] > :detekt-api:jar (Thread[Execution worker Thread 8,5,main]) started.
13:12:17.298 [INFO]  [Validating] > :detekt-api:compileTestFixturesKotlin (Thread[Execution worker Thread 4,5,main]) started.
13:12:17.298 [INFO]  [Validating] > 
13:12:17.298 [INFO]  [Validating] > > Task :detekt-api:jar UP-TO-DATE
13:12:17.298 [INFO]  [Validating] > Caching disabled for task ':detekt-api:jar' because:
13:12:17.298 [INFO]  [Validating] >   Not worth caching
13:12:17.298 [INFO]  [Validating] > Skipping task ':detekt-api:jar' as it is up-to-date.
13:12:17.298 [INFO]  [Validating] > 
13:12:17.298 [INFO]  [Validating] > > Task :detekt-api:compileTestFixturesKotlin UP-TO-DATE
13:12:17.298 [INFO]  [Validating] > Transforming main with ClasspathEntrySnapshotTransform
13:12:17.298 [INFO]  [Validating] > Transforming main with ClasspathEntrySnapshotTransform
13:12:17.298 [INFO]  [Validating] > Transforming kotlin-stdlib-jdk8-1.8.22.jar with ClasspathEntrySnapshotTransform
13:12:17.298 [INFO]  [Validating] > Transforming kotlin-compiler-embeddable-1.8.22.jar with ClasspathEntrySnapshotTransform
13:12:17.298 [INFO]  [Validating] > Transforming kotlin-stdlib-jdk7-1.8.22.jar with ClasspathEntrySnapshotTransform
13:12:17.298 [INFO]  [Validating] > Transforming kotlin-stdlib-1.8.22.jar with ClasspathEntrySnapshotTransform
13:12:17.298 [INFO]  [Validating] > Transforming kotlin-stdlib-common-1.8.22.jar with ClasspathEntrySnapshotTransform
13:12:17.298 [INFO]  [Validating] > Transforming annotations-13.0.jar with ClasspathEntrySnapshotTransform
13:12:17.298 [INFO]  [Validating] > Build cache key for task ':detekt-api:compileTestFixturesKotlin' is 1e846b74c55d598d532faacc4ca81582
13:12:17.298 [INFO]  [Validating] > Skipping task ':detekt-api:compileTestFixturesKotlin' as it is up-to-date.
13:12:17.298 [INFO]  [Validating] > 
13:12:17.298 [INFO]  [Validating] > > Task :detekt-report-xml:compileKotlin UP-TO-DATE
13:12:17.298 [INFO]  [Validating] > Transforming main with ClasspathEntrySnapshotTransform
13:12:17.298 [INFO]  [Validating] > Transforming main with ClasspathEntrySnapshotTransform
13:12:17.298 [INFO]  [Validating] > Transforming kotlin-stdlib-jdk8-1.8.22.jar with ClasspathEntrySnapshotTransform
13:12:17.298 [INFO]  [Validating] > Transforming kotlin-stdlib-jdk7-1.8.22.jar with ClasspathEntrySnapshotTransform
13:12:17.298 [INFO]  [Validating] > Transforming kotlin-stdlib-1.8.22.jar with ClasspathEntrySnapshotTransform
13:12:17.298 [INFO]  [Validating] > Transforming kotlin-compiler-embeddable-1.8.22.jar with ClasspathEntrySnapshotTransform
13:12:17.298 [INFO]  [Validating] > Transforming kotlin-stdlib-common-1.8.22.jar with ClasspathEntrySnapshotTransform
13:12:17.298 [INFO]  [Validating] > Transforming annotations-13.0.jar with ClasspathEntrySnapshotTransform
13:12:17.298 [INFO]  [Validating] > Build cache key for task ':detekt-report-xml:compileKotlin' is 1acdddef0677e48be7307f9ab589f2f5
13:12:17.298 [INFO]  [Validating] > Skipping task ':detekt-report-xml:compileKotlin' as it is up-to-date.
13:12:17.298 [INFO]  [Validating] > Resolve mutations for :detekt-api:compileTestFixturesJava (Thread[Execution worker Thread 8,5,main]) started.
13:12:17.298 [INFO]  [Validating] > Resolve mutations for :detekt-report-xml:compileJava (Thread[Execution worker Thread 2,5,main]) started.
13:12:17.298 [INFO]  [Validating] > work action resolve detekt-api-1.23.0.jar (project :detekt-api) (Thread[Execution worker Thread 4,5,main]) started.
13:12:17.298 [INFO]  [Validating] > :detekt-api:compileTestFixturesJava (Thread[Execution worker Thread 8,5,main]) started.
13:12:17.298 [INFO]  [Validating] > :detekt-report-xml:compileJava (Thread[Execution worker Thread 2,5,main]) started.
13:12:17.298 [INFO]  [Validating] > 
13:12:17.298 [INFO]  [Validating] > > Task :detekt-report-xml:compileJava NO-SOURCE
13:12:17.298 [INFO]  [Validating] > Skipping task ':detekt-report-xml:compileJava' as it has no source files and no previous output files.
13:12:17.298 [INFO]  [Validating] > Resolve mutations for :detekt-report-xml:classes (Thread[Execution worker Thread 2,5,main]) started.
13:12:17.298 [INFO]  [Validating] > 
13:12:17.298 [INFO]  [Validating] > > Task :detekt-api:compileTestFixturesJava NO-SOURCE
13:12:17.298 [INFO]  [Validating] > Skipping task ':detekt-api:compileTestFixturesJava' as it has no source files and no previous output files.
13:12:17.298 [INFO]  [Validating] > Resolve mutations for :detekt-api:testFixturesClasses (Thread[Execution worker Thread 8,5,main]) started.
13:12:17.298 [INFO]  [Validating] > work action resolve testFixtures (project :detekt-api) (Thread[Execution worker,5,main]) started.
13:12:17.298 [INFO]  [Validating] > :detekt-api:testFixturesClasses (Thread[Execution worker Thread 8,5,main]) started.
13:12:17.298 [INFO]  [Validating] > :detekt-report-xml:classes (Thread[Execution worker Thread 2,5,main]) started.
13:12:17.298 [INFO]  [Validating] > work action resolve testFixtures (project :detekt-api) (Thread[Execution worker Thread 5,5,main]) started.
13:12:17.298 [INFO]  [Validating] > 
13:12:17.298 [INFO]  [Validating] > > Task :detekt-api:testFixturesClasses UP-TO-DATE
13:12:17.298 [INFO]  [Validating] > Skipping task ':detekt-api:testFixturesClasses' as it has no actions.
13:12:17.298 [INFO]  [Validating] > Resolve mutations for :detekt-api:testFixturesJar (Thread[Execution worker,5,main]) started.
13:12:17.298 [INFO]  [Validating] > 
13:12:17.298 [INFO]  [Validating] > > Task :detekt-report-xml:classes UP-TO-DATE
13:12:17.298 [INFO]  [Validating] > Skipping task ':detekt-report-xml:classes' as it has no actions.
13:12:17.298 [INFO]  [Validating] > Resolve mutations for :detekt-report-xml:compileTestKotlin (Thread[Execution worker Thread 2,5,main]) started.
13:12:17.298 [INFO]  [Validating] > :detekt-api:testFixturesJar (Thread[Execution worker,5,main]) started.
13:12:17.298 [INFO]  [Validating] > :detekt-report-xml:compileTestKotlin (Thread[Execution worker Thread 2,5,main]) started.
13:12:17.298 [INFO]  [Validating] > 
13:12:17.298 [INFO]  [Validating] > > Task :detekt-api:testFixturesJar UP-TO-DATE
13:12:17.298 [INFO]  [Validating] > Caching disabled for task ':detekt-api:testFixturesJar' because:
13:12:17.298 [INFO]  [Validating] >   Not worth caching
13:12:17.298 [INFO]  [Validating] > Skipping task ':detekt-api:testFixturesJar' as it is up-to-date.
13:12:17.298 [INFO]  [Validating] > work action resolve detekt-api-1.23.0-test-fixtures.jar (project :detekt-api) (Thread[Execution worker,5,main]) started.
13:12:17.298 [INFO]  [Validating] > 
13:12:17.298 [INFO]  [Validating] > > Task :detekt-report-xml:compileTestKotlin FROM-CACHE
13:12:17.298 [INFO]  [Validating] > Transforming main with ClasspathEntrySnapshotTransform
13:12:17.298 [INFO]  [Validating] > Transforming main with ClasspathEntrySnapshotTransform
13:12:17.298 [INFO]  [Validating] > Transforming testFixtures with ClasspathEntrySnapshotTransform
13:12:17.298 [INFO]  [Validating] > Transforming main with ClasspathEntrySnapshotTransform
13:12:17.298 [INFO]  [Validating] > Transforming main with ClasspathEntrySnapshotTransform
13:12:17.298 [INFO]  [Validating] > Transforming kotlin-stdlib-jdk8-1.8.22.jar with ClasspathEntrySnapshotTransform
13:12:17.298 [INFO]  [Validating] > Transforming assertj-core-3.24.2.jar with ClasspathEntrySnapshotTransform
13:12:17.298 [INFO]  [Validating] > Transforming junit-jupiter-params-5.9.3.jar with ClasspathEntrySnapshotTransform
13:12:17.298 [INFO]  [Validating] > Transforming junit-jupiter-api-5.9.3.jar with ClasspathEntrySnapshotTransform
13:12:17.298 [INFO]  [Validating] > Transforming junit-platform-commons-1.9.3.jar with ClasspathEntrySnapshotTransform
13:12:17.298 [INFO]  [Validating] > Transforming junit-jupiter-5.9.3.jar with ClasspathEntrySnapshotTransform
13:12:17.298 [INFO]  [Validating] > Transforming kotlin-stdlib-jdk7-1.8.22.jar with ClasspathEntrySnapshotTransform
13:12:17.298 [INFO]  [Validating] > Transforming kotlin-stdlib-1.8.22.jar with ClasspathEntrySnapshotTransform
13:12:17.299 [INFO]  [Validating] > Transforming kotlin-stdlib-common-1.8.22.jar with ClasspathEntrySnapshotTransform
13:12:17.299 [INFO]  [Validating] > Transforming annotations-13.0.jar with ClasspathEntrySnapshotTransform
13:12:17.299 [INFO]  [Validating] > Transforming kotlin-compiler-embeddable-1.8.22.jar with ClasspathEntrySnapshotTransform
13:12:17.299 [INFO]  [Validating] > Transforming byte-buddy-1.12.21.jar with ClasspathEntrySnapshotTransform
13:12:17.299 [INFO]  [Validating] > Transforming opentest4j-1.2.0.jar with ClasspathEntrySnapshotTransform
13:12:17.299 [INFO]  [Validating] > Transforming apiguardian-api-1.1.2.jar with ClasspathEntrySnapshotTransform
13:12:17.299 [INFO]  [Validating] > Build cache key for task ':detekt-report-xml:compileTestKotlin' is 31167078843d64f654e0d8246343c16e
13:12:17.299 [INFO]  [Validating] > Task ':detekt-report-xml:compileTestKotlin' is not up-to-date because:
13:12:17.299 [INFO]  [Validating] >   Input property 'javaSources' file /Users/mnedzelskii/gits/detekt/detekt-report-xml/src/test/java/DummyJUnitJupiterLauncherDiffblueTest.java has been removed.
13:12:17.299 [INFO]  [Validating] >   Input property 'javaSources' file /Users/mnedzelskii/gits/detekt/detekt-report-xml/src/test/java/io/github/detekt/report/xml/Xml10EscapeSymbolsInitializerDiffblueTest.java has been added.
13:12:17.299 [INFO]  [Validating] >   Input property 'javaSources' file /Users/mnedzelskii/gits/detekt/detekt-report-xml/src/test/java/io/github/detekt/report/xml/XmlOutputReportDiffblueTest.java has been added.
13:12:17.299 [INFO]  [Validating] > Loaded cache entry for task ':detekt-report-xml:compileTestKotlin' with cache key 31167078843d64f654e0d8246343c16e
13:12:17.299 [INFO]  [Validating] > Resolve mutations for :detekt-report-xml:compileTestJava (Thread[Execution worker Thread 2,5,main]) started.
13:12:17.299 [INFO]  [Validating] > :detekt-report-xml:compileTestJava (Thread[Execution worker Thread 2,5,main]) started.
13:12:17.299 [INFO]  [Validating] > 
13:12:17.299 [INFO]  [Validating] > > Task :detekt-report-xml:compileTestJava FROM-CACHE
13:12:17.299 [INFO]  [Validating] > Build cache key for task ':detekt-report-xml:compileTestJava' is 7d3ae5330368a623f3cd510ca13b2afc
13:12:17.299 [INFO]  [Validating] > Task ':detekt-report-xml:compileTestJava' is not up-to-date because:
13:12:17.299 [INFO]  [Validating] >   Input property 'stableSources' file /Users/mnedzelskii/gits/detekt/detekt-report-xml/src/test/java/DummyJUnitJupiterLauncherDiffblueTest.java has been removed.
13:12:17.299 [INFO]  [Validating] >   Input property 'stableSources' file /Users/mnedzelskii/gits/detekt/detekt-report-xml/src/test/java/io/github/detekt/report/xml/Xml10EscapeSymbolsInitializerDiffblueTest.java has been added.
13:12:17.299 [INFO]  [Validating] >   Input property 'stableSources' file /Users/mnedzelskii/gits/detekt/detekt-report-xml/src/test/java/io/github/detekt/report/xml/XmlOutputReportDiffblueTest.java has been added.
13:12:17.299 [INFO]  [Validating] > Loaded cache entry for task ':detekt-report-xml:compileTestJava' with cache key 7d3ae5330368a623f3cd510ca13b2afc
13:12:17.299 [INFO]  [Validating] > Resolve mutations for :detekt-report-xml:testClasses (Thread[Execution worker Thread 2,5,main]) started.
13:12:17.299 [INFO]  [Validating] > :detekt-report-xml:testClasses (Thread[Execution worker Thread 2,5,main]) started.
13:12:17.299 [INFO]  [Validating] > 
13:12:17.299 [INFO]  [Validating] > > Task :detekt-report-xml:testClasses UP-TO-DATE
13:12:17.299 [INFO]  [Validating] > Skipping task ':detekt-report-xml:testClasses' as it has no actions.
13:12:17.299 [INFO]  [Validating] > Resolve mutations for :detekt-report-xml:test (Thread[Execution worker Thread 2,5,main]) started.
13:12:17.299 [INFO]  [Validating] > :detekt-report-xml:test (Thread[Execution worker Thread 2,5,main]) started.
13:12:17.299 [INFO]  [Validating] > 
13:12:17.299 [INFO]  [Validating] > > Task :detekt-report-xml:test FROM-CACHE
13:12:17.299 [INFO]  [Validating] > Build cache key for task ':detekt-report-xml:test' is 16732bd9ebe351b4096cf969c3c84b7c
13:12:17.299 [INFO]  [Validating] > Task ':detekt-report-xml:test' is not up-to-date because:
13:12:17.299 [INFO]  [Validating] >   Value of input property 'filter.failOnNoMatchingTests' has changed for task ':detekt-report-xml:test'
13:12:17.299 [INFO]  [Validating] >   Value of input property 'filter.includePatterns' has changed for task ':detekt-report-xml:test'
13:12:17.299 [INFO]  [Validating] > Loaded cache entry for task ':detekt-report-xml:test' with cache key 16732bd9ebe351b4096cf969c3c84b7c
13:12:17.299 [INFO]  [Validating] > 
13:12:17.299 [INFO]  [Validating] > BUILD SUCCESSFUL in 269ms
13:12:17.299 [INFO]  [Validating] > 13 actionable tasks: 3 from cache, 10 up-to-date
13:12:17.299 [INFO]  [Validating] > Watched directory hierarchies: [/Users/mnedzelskii/gits/detekt]
13:12:17.299 [INFO]  [Validating] > Configuration cache entry reused.
13:12:17.299 [INFO]  [Validating] Standard error of build tool (Gradle)
13:12:17.299 [INFO]  [Validating] > 
13:12:17.307 [INFO]  [Validating] All 13 created tests were successfully validated.
13:12:17.415 [INFO]  [Reporting] Writing JSON report to /Users/mnedzelskii/gits/detekt/detekt-report-xml/.diffblue/reports/report.json
13:12:17.445 [INFO]  [Reporting] 
13:12:17.445 [WARN]  [Reporting] Cover completed with warnings
  The following warnings should be addressed to ensure that
  the highest quantity and quality of tests can be created:
-----------------------------------------------------------
13:11:34.806 [WARN]  [Checking] E052: Missing dependency
Unable to mock method inputs because Mockito 2.22.0 or later is not present on the classpath.
Required dependencies were not found.
Please add the following dependencies to your project:
  testImplementation("org.mockito:mockito-core:4.11.0")
13:12:17.446 [INFO]  [Reporting] Log file: /Users/mnedzelskii/gits/detekt/detekt-report-xml/.diffblue/log/user-20230706T131124.log
13:12:17.446 [INFO]  [Reporting] Finished in 52s
