13:21:34.345 [INFO]  [Preparing] Diffblue Cover 2023.07.02-SNAPSHOT-0623e01-local
13:21:34.345 [INFO]  [Preparing] 
13:21:34.345 [INFO]  [Preparing] Running: dcover create --working-directory detekt-rules-documentation io.github io.gitlab
13:21:34.499 [INFO]  [Checking] Detecting environment:
13:21:34.499 [INFO]  [Checking] ----------------------
13:21:34.546 [INFO]  [Checking] Detected Java version 11.0.18
13:21:37.256 [INFO]  [Checking] Detected build system: Gradle 8.2
13:21:37.257 [INFO]  [Checking] Operating System: Mac OS X aarch64 13.4.1
13:21:37.257 [INFO]  [Checking] Default charset: UTF-8
13:21:37.257 [INFO]  [Checking] Default locale: en_GB
13:21:37.257 [INFO]  [Checking] Default time zone: Europe/London
13:21:37.258 [INFO]  [Checking] Selected build system: Gradle
13:21:37.260 [INFO]  [Checking] Selected classpath from build system Gradle
13:21:37.261 [INFO]  [Checking] Expanded classpath: 
/Users/mnedzelskii/gits/detekt/detekt-rules-documentation/build/classes/kotlin/test
/Users/mnedzelskii/gits/detekt/detekt-rules-documentation/build/classes/kotlin/main (code under test)
/Users/mnedzelskii/gits/detekt/detekt-rules-documentation/build/resources/test
/Users/mnedzelskii/gits/detekt/detekt-rules-documentation/build/classes/java/main
/Users/mnedzelskii/gits/detekt/detekt-rules-documentation/build/resources/main
/Users/mnedzelskii/gits/detekt/detekt-test/build/libs/detekt-test-1.23.0.jar
/Users/mnedzelskii/gits/detekt/detekt-core/build/libs/detekt-core-1.23.0.jar
/Users/mnedzelskii/gits/detekt/detekt-tooling/build/libs/detekt-tooling-1.23.0.jar
/Users/mnedzelskii/gits/detekt/detekt-report-md/build/libs/detekt-report-md-1.23.0.jar
/Users/mnedzelskii/gits/detekt/detekt-metrics/build/libs/detekt-metrics-1.23.0.jar
/Users/mnedzelskii/gits/detekt/detekt-api/build/libs/detekt-api-1.23.0.jar
/Users/mnedzelskii/gits/detekt/detekt-test-utils/build/libs/detekt-test-utils-1.23.0.jar
/Users/mnedzelskii/gits/detekt/detekt-report-html/build/libs/detekt-report-html-1.23.0.jar
/Users/mnedzelskii/gits/detekt/detekt-utils/build/libs/detekt-utils-1.23.0.jar
/Users/mnedzelskii/gits/detekt/detekt-parser/build/libs/detekt-parser-1.23.0.jar
/Users/mnedzelskii/gits/detekt/detekt-psi-utils/build/libs/detekt-psi-utils-1.23.0.jar
/Users/mnedzelskii/gits/detekt/detekt-report-txt/build/libs/detekt-report-txt-1.23.0.jar
/Users/mnedzelskii/gits/detekt/detekt-report-xml/build/libs/detekt-report-xml-1.23.0.jar
/Users/mnedzelskii/gits/detekt/detekt-report-sarif/build/libs/detekt-report-sarif-1.23.0.jar
/Users/mnedzelskii/.gradle/caches/modules-2/files-2.1/org.jetbrains.kotlinx/kotlinx-coroutines-core-jvm/1.7.2/27cb5db69aeef59d8cc2a2cc2be4200f26091e72/kotlinx-coroutines-core-jvm-1.7.2.jar
/Users/mnedzelskii/.gradle/caches/modules-2/files-2.1/io.github.detekt.sarif4k/sarif4k-jvm/0.4.0/d3060993cd73b57ee61b260841bedcabb7dcbb02/sarif4k-jvm-0.4.0.jar
/Users/mnedzelskii/.gradle/caches/modules-2/files-2.1/org.jetbrains.kotlinx/kotlinx-serialization-json-jvm/1.4.1/e6430b33f06dcdff88998abfcb2e78bc3cd0a1f6/kotlinx-serialization-json-jvm-1.4.1.jar
/Users/mnedzelskii/.gradle/caches/modules-2/files-2.1/org.jetbrains.kotlinx/kotlinx-serialization-core-jvm/1.4.1/e0c2c11e5d0d541ca343c8f09602c0c2287d15a1/kotlinx-serialization-core-jvm-1.4.1.jar
/Users/mnedzelskii/.gradle/caches/modules-2/files-2.1/org.jetbrains.kotlin/kotlin-stdlib-jdk8/1.8.22/b25c86d47d6b962b9cf0f8c3f320c8a10eea3dd1/kotlin-stdlib-jdk8-1.8.22.jar
/Users/mnedzelskii/.gradle/caches/modules-2/files-2.1/org.assertj/assertj-core/3.24.2/ebbf338e33f893139459ce5df023115971c2786f/assertj-core-3.24.2.jar
/Users/mnedzelskii/.gradle/caches/modules-2/files-2.1/org.junit.jupiter/junit-jupiter-engine/5.9.3/355322b03bf39306a183162cd06626c206f0286b/junit-jupiter-engine-5.9.3.jar
/Users/mnedzelskii/.gradle/caches/modules-2/files-2.1/org.junit.jupiter/junit-jupiter-params/5.9.3/9e2a4bf6016a1975f408a73523392875cff7c26f/junit-jupiter-params-5.9.3.jar
/Users/mnedzelskii/.gradle/caches/modules-2/files-2.1/org.junit.jupiter/junit-jupiter-api/5.9.3/815818ad6ffcc8d320d8fbdf3d748c753cf83201/junit-jupiter-api-5.9.3.jar
/Users/mnedzelskii/.gradle/caches/modules-2/files-2.1/org.junit.platform/junit-platform-launcher/1.9.3/485650bfe2a2f39b606a6ca013285afda2eaee79/junit-platform-launcher-1.9.3.jar
/Users/mnedzelskii/.gradle/caches/modules-2/files-2.1/org.junit.platform/junit-platform-engine/1.9.3/8616734a190f8d307376aeb7353dba0a2c037a09/junit-platform-engine-1.9.3.jar
/Users/mnedzelskii/.gradle/caches/modules-2/files-2.1/org.junit.platform/junit-platform-commons/1.9.3/36b2e26a90c41603be7f0094bee80e3f8a2cd4d4/junit-platform-commons-1.9.3.jar
/Users/mnedzelskii/.gradle/caches/modules-2/files-2.1/org.junit.jupiter/junit-jupiter/5.9.3/72e840501e1550e9799c9a5cc9483d7d6b29e0ba/junit-jupiter-5.9.3.jar
/Users/mnedzelskii/.gradle/caches/modules-2/files-2.1/org.jetbrains.kotlin/kotlin-stdlib-jdk7/1.8.22/4dabb8248310d833bb6a8b516024a91fd3d275c/kotlin-stdlib-jdk7-1.8.22.jar
/Users/mnedzelskii/.gradle/caches/modules-2/files-2.1/org.jetbrains.kotlin/kotlin-compiler-embeddable/1.8.22/e2cf111da088dc807a74157741b4cd4b664edfb7/kotlin-compiler-embeddable-1.8.22.jar
/Users/mnedzelskii/.gradle/caches/modules-2/files-2.1/org.jetbrains.kotlin/kotlin-main-kts/1.8.22/2b1a8c5bfeb080adb7358a936c90792ce83e305a/kotlin-main-kts-1.8.22.jar
/Users/mnedzelskii/.gradle/caches/modules-2/files-2.1/org.jetbrains.kotlin/kotlin-reflect/1.8.22/b52be44bc57cb6fd2169a29aefa4507c4e49c858/kotlin-reflect-1.8.22.jar
/Users/mnedzelskii/.gradle/caches/modules-2/files-2.1/org.jetbrains.kotlin/kotlin-scripting-compiler-embeddable/1.8.22/3ab8e0416ba65a54c227c806cc034a462a08ff7/kotlin-scripting-compiler-embeddable-1.8.22.jar
/Users/mnedzelskii/.gradle/caches/modules-2/files-2.1/org.jetbrains.kotlin/kotlin-scripting-compiler-impl-embeddable/1.8.22/5703e4c2d1596a35912296fe484400d19129b3d2/kotlin-scripting-compiler-impl-embeddable-1.8.22.jar
/Users/mnedzelskii/.gradle/caches/modules-2/files-2.1/org.jetbrains.kotlin/kotlin-scripting-jvm/1.8.22/3291898dd4e49d49b921cd7baf679399ddfcd49d/kotlin-scripting-jvm-1.8.22.jar
/Users/mnedzelskii/.gradle/caches/modules-2/files-2.1/org.jetbrains.kotlin/kotlin-scripting-common/1.8.22/2ceb06ea7e19b183f3363ca8961be973c232937a/kotlin-scripting-common-1.8.22.jar
/Users/mnedzelskii/.gradle/caches/modules-2/files-2.1/org.jetbrains.kotlin/kotlin-stdlib/1.8.22/636bf8b320e7627482771bbac9ed7246773c02bd/kotlin-stdlib-1.8.22.jar
/Users/mnedzelskii/.gradle/caches/modules-2/files-2.1/org.jetbrains.kotlin/kotlin-stdlib-common/1.8.22/1a8e3601703ae14bb58757ea6b2d8e8e5935a586/kotlin-stdlib-common-1.8.22.jar
/Users/mnedzelskii/.gradle/caches/modules-2/files-2.1/org.jetbrains/annotations/13.0/919f0dfe192fb4e063e7dacadee7f8bb9a2672a9/annotations-13.0.jar
/Users/mnedzelskii/.gradle/caches/modules-2/files-2.1/org.opentest4j/opentest4j/1.2.0/28c11eb91f9b6d8e200631d46e20a7f407f2a046/opentest4j-1.2.0.jar
/Users/mnedzelskii/.gradle/caches/modules-2/files-2.1/net.bytebuddy/byte-buddy/1.12.21/1a257bbdb9288f2558d3767cc2cc22b499d5091c/byte-buddy-1.12.21.jar
/Users/mnedzelskii/.gradle/caches/modules-2/files-2.1/org.snakeyaml/snakeyaml-engine/2.6/235a7e571b33eda1a81e0f73a3173ef95dd020e5/snakeyaml-engine-2.6.jar
/Users/mnedzelskii/.gradle/caches/modules-2/files-2.1/org.jetbrains.kotlin/kotlin-script-runtime/1.8.22/ce5ff1f309623f8c1be5143bdba032c4a04cec3a/kotlin-script-runtime-1.8.22.jar
/Users/mnedzelskii/.gradle/caches/modules-2/files-2.1/org.jetbrains.kotlin/kotlin-daemon-embeddable/1.8.22/7d9f7e06a59d2fcbc9b373400c146f42fd722e81/kotlin-daemon-embeddable-1.8.22.jar
/Users/mnedzelskii/.gradle/caches/modules-2/files-2.1/org.jetbrains.intellij.deps/trove4j/1.0.20200330/3afb14d5f9ceb459d724e907a21145e8ff394f02/trove4j-1.0.20200330.jar
/Users/mnedzelskii/.gradle/caches/modules-2/files-2.1/net.java.dev.jna/jna/5.6.0/330f2244e9030119ab3030fc3fededc86713d9cc/jna-5.6.0.jar
/Users/mnedzelskii/.gradle/caches/modules-2/files-2.1/io.github.davidburstrom.contester/contester-breakpoint/0.2.0/a560e5402378928e889b2eab0cc958cbed8cfe5e/contester-breakpoint-0.2.0.jar
/Users/mnedzelskii/.gradle/caches/modules-2/files-2.1/org.jetbrains.kotlinx/kotlinx-html-jvm/0.8.1/1395513588aabf353f15a9f8023098651f1d76a/kotlinx-html-jvm-0.8.1.jar
13:21:37.476 [INFO]  [Checking] Detected test framework: JUnit Jupiter 5.9.3
13:21:37.485 [INFO]  [Checking] Detected JUnit Jupiter Engine version 5.9.3
13:21:37.495 [INFO]  [Checking] Detected JUnit Jupiter Params version 5.9.3
13:21:37.592 [INFO]  [Checking] Selected test output directory: /Users/mnedzelskii/gits/detekt/detekt-rules-documentation/src/test/java
13:21:37.594 [INFO]  [Checking] Selected test framework: JUnit Jupiter
13:21:37.681 [INFO]  [Checking] Running: Using JAVA_HOME: /Users/mnedzelskii/.sdkman/candidates/java/current : in /Users/mnedzelskii/gits/detekt/detekt-rules-documentation : gradle test -i  DummyJupiterDiffblueTest
13:21:39.621 [INFO]  [Checking] Running: Using JAVA_HOME: /Users/mnedzelskii/.sdkman/candidates/java/current : in /Users/mnedzelskii/gits/detekt/detekt-rules-documentation : gradle test -i  DummyJUnitJupiterLauncherDiffblueTest
13:21:41.525 [INFO]  [Checking] Detected JVM architecture: 64-Bit
13:21:41.529 [INFO]  [Checking] Indexing...
13:21:44.226 [INFO]  [Checking] Selected Java language compliance level: 1.8
13:21:44.227 [INFO]  [Checking] Selected test validation: enabled
13:21:44.229 [INFO]  [Checking] Prefixes for filtering classes/methods:
13:21:44.229 [INFO]  [Checking] - io.github
13:21:44.230 [INFO]  [Checking] - io.gitlab
13:21:44.230 [INFO]  [Checking] Gathering methods to test...
13:21:45.051 [WARN]  [Checking] E052: Missing dependency
Unable to mock method inputs because Mockito 2.22.0 or later is not present on the classpath.
Required dependencies were not found.
Please add the following dependencies to your project:
  testImplementation("org.mockito:mockito-core:4.11.0")
13:21:45.061 [INFO]  [Reporting] 
13:21:45.061 [INFO]  [Reporting] Environment summary:
13:21:45.061 [INFO]  [Reporting] --------------------
13:21:45.063 [INFO]  [Reporting] Java version                  11.0.18                       SUCCESS        
13:21:45.063 [INFO]  [Reporting] Build system                  Gradle                        SUCCESS        
13:21:45.063 [WARN]  [Reporting] Mocking Framework                                           WARNING        
13:21:45.063 [INFO]  [Reporting] Testing framework             JUnit Jupiter 5               SUCCESS        
13:21:45.063 [INFO]  [Reporting] Launcher                      JUnit Jupiter                 SUCCESS        
13:21:45.063 [INFO]  [Reporting] Test validation               Enabled                       SUCCESS        
13:21:45.063 [INFO]  [Reporting] 
13:21:45.063 [WARN]  [Reporting] Environment check status: WARNING
13:21:45.088 [INFO]  [Creating] Found 79 callable methods in 16 classes
13:21:45.089 [INFO]  [Creating] 
13:21:45.089 [INFO]  [Creating] Creating tests:
13:21:45.089 [INFO]  [Creating] ---------------
13:21:45.100 [INFO]  [Creating] 
================================================================================
= Starting analysis for class 'io.gitlab.arturbosch.detekt.rules.documentation.AbsentOrWrongFileLicense'
================================================================================
13:21:45.100 [INFO]  [Creating] Filtering out non-testable methods...
13:21:48.070 [INFO]  [Creating] Filtering of methods complete. Creating analysis request
13:21:48.071 [INFO]  [Creating] Attempting to get service client, retry 1.
13:21:48.087 [INFO]  [Creating] Starting monitoring server.
13:21:48.206 [INFO]  [Creating] Monitoring server listening on localhost/127.0.0.1:62898
13:21:48.207 [INFO]  [Creating] Starting analyzer server process...
13:21:48.207 [INFO]  [Creating] Server command-line: /Users/mnedzelskii/.sdkman/candidates/java/11.0.18-amzn/bin/java -XX:+IgnoreUnrecognizedVMOptions -Djdk.attach.allowAttachSelf=true -ea -javaagent:/Users/mnedzelskii/gits/cover/cover-cli/target/launcher-2023.07.02-SNAPSHOT-shared-jar.jar -Dlogback.configurationFile=/var/folders/84/svd_5_t17l36s2xgx_7spshr0000gp/T/diffblue/config/logback-remote-service.xml -Dcom.diffblue.springIsolationJar=/Users/mnedzelskii/gits/cover/cover-cli/target/cover-isolation-layer-2023.07.02-SNAPSHOT.jar -Dcover.jar.path=/Users/mnedzelskii/gits/cover/cover-cli/target/cover-service-analyzer-2023.07.02-SNAPSHOT-jar-with-dependencies.jar -Dcom.diffblue.assertionSuggestionJar=/Users/mnedzelskii/gits/cover/cover-cli/target/cover-service-analyzer-2023.07.02-SNAPSHOT-jar-with-dependencies.jar -Dcover.main.class=com.diffblue.cover.service.analyzer.Main -jar /Users/mnedzelskii/gits/cover/cover-cli/target/launcher-2023.07.02-SNAPSHOT-shared-jar.jar --service-lifespan 120 --monitoring-service-port 62898 --index-service-port 62898
13:21:48.220 [INFO]  [Creating] Server started. Waiting up to 300 seconds for a connection to be established...
13:21:48.606 [INFO]  [Creating] Starting new remote monitor client
13:21:48.896 [INFO]  [Creating] Attempting to start remote server.
13:21:49.417 [INFO]  [Creating] Server started, listening on localhost/127.0.0.1:62901
13:21:50.229 [INFO]  [Creating] Expect analyzer service to be listening on port 62901.
13:21:50.773 [INFO]  [Creating] Started analyzer service and client retrieved.
13:21:52.344 [INFO]  [Creating] 
================================================================================
= Creating tests for 'io.gitlab.arturbosch.detekt.rules.documentation.AbsentOrWrongFileLicense.getIssue:()Lio/gitlab/arturbosch/detekt/api/Issue;' using 'TrM (!sp, !fnm, df, !ris)'
================================================================================
13:22:00.936 [INFO]  [Creating]      [1/79] io.gitlab.arturbosch.detekt.rules.documentation.AbsentOrWrongFileLicense.getIssue
13:22:00.936 [INFO]  [Creating]      [1/79]   R081: Exception in arrange section
13:22:00.936 [INFO]  [Creating]      [1/79]     Diffblue Cover was unable to construct an instance of the class under test using
13:22:00.936 [INFO]  [Creating]      [1/79]     io.gitlab.arturbosch.detekt.rules.documentation.AbsentOrWrongFileLicense.<init>().
13:22:00.936 [INFO]  [Creating]      [1/79]     The arrange section threw
13:22:00.936 [INFO]  [Creating]      [1/79]     com.diffblue.cover.exception.BaseException: Sandboxing policy violation. Reason: to access 'sun.misc'
13:22:00.936 [INFO]  [Creating]      [1/79]         at java.lang.Class.forName0(Native Method)
13:22:00.936 [INFO]  [Creating]      [1/79]         at java.lang.Class.forName(Class.java:315)
13:22:00.936 [INFO]  [Creating]      [1/79]         at org.jetbrains.kotlin.com.intellij.util.concurrency.AtomicFieldUpdater.<clinit>(AtomicFieldUpdater.java:31)
13:22:00.936 [INFO]  [Creating]      [1/79]         at org.jetbrains.kotlin.com.intellij.util.containers.ConcurrentIntObjectHashMap.<clinit>(ConcurrentIntObjectHashMap.java:2773)
13:22:00.936 [INFO]  [Creating]      [1/79]         at org.jetbrains.kotlin.com.intellij.util.containers.ConcurrentIntKeyRefValueHashMap.<init>(ConcurrentIntKeyRefValueHashMap.java:33)
13:22:00.937 [INFO]  [Creating]      [1/79]         at org.jetbrains.kotlin.com.intellij.util.containers.ConcurrentIntKeyWeakValueHashMap.<init>(ConcurrentIntKeyWeakValueHashMap.java:17)
13:22:00.937 [INFO]  [Creating]      [1/79]         at org.jetbrains.kotlin.com.intellij.util.containers.ContainerUtil.createConcurrentIntObjectWeakValueMap(ContainerUtil.java:2623)
13:22:00.937 [INFO]  [Creating]      [1/79]         at org.jetbrains.kotlin.com.intellij.openapi.util.Key.<clinit>(Key.java:25)
13:22:00.937 [INFO]  [Creating]      [1/79]         at org.jetbrains.kotlin.util.slicedMap.Slices.createSimpleSlice(Slices.java:91)
13:22:00.937 [INFO]  [Creating]      [1/79]         at org.jetbrains.kotlin.resolve.BindingContext.<clinit>(BindingContext.java:94)
13:22:00.937 [INFO]  [Creating]      [1/79]         at io.gitlab.arturbosch.detekt.api.BaseRule.<init>(BaseRule.kt:25)
13:22:00.937 [INFO]  [Creating]      [1/79]         at io.gitlab.arturbosch.detekt.api.Rule.<init>(Rule.kt:23)
13:22:00.937 [INFO]  [Creating]      [1/79]         at io.gitlab.arturbosch.detekt.api.Rule.<init>(Rule.kt:20)
13:22:00.937 [INFO]  [Creating]      [1/79]         at io.gitlab.arturbosch.detekt.rules.documentation.AbsentOrWrongFileLicense.<init>(AbsentOrWrongFileLicense.kt:22)
13:22:00.937 [INFO]  [Creating]      [1/79]         at io.gitlab.arturbosch.detekt.rules.documentation.AbsentOrWrongFileLicense.<init>(AbsentOrWrongFileLicense.kt:22)
13:22:00.937 [INFO]  [Creating]      [1/79]         at io.gitlab.arturbosch.detekt.rules.documentation.AbsentOrWrongFileLicense.<init>(AbsentOrWrongFileLicense.kt)
13:22:00.937 [INFO]  [Creating]      [1/79]     More information about the exception is provided in the support log.
13:22:00.937 [INFO]  [Creating]      [1/79]     See https://diff.blue/R081 for further troubleshooting of this issue.
13:22:00.938 [INFO]  [Creating] 
================================================================================
= Creating tests for 'io.gitlab.arturbosch.detekt.rules.documentation.AbsentOrWrongFileLicense.<init>:()V' using 'SiM (!sp, fnm, df, !ris)'
================================================================================
13:22:02.213 [INFO]  [Creating]      [2/79] io.gitlab.arturbosch.detekt.rules.documentation.AbsentOrWrongFileLicense.<init>
13:22:02.214 [INFO]  [Creating]      [2/79]   R011: Sandboxing policy violation
13:22:02.214 [INFO]  [Creating]      [2/79]     Diffblue Cover ran code in your project that tried
13:22:02.214 [INFO]  [Creating]      [2/79]       to access 'sun.misc'.
13:22:02.214 [INFO]  [Creating]      [2/79]     Diffblue Cover's default sandboxing policy disallows this in order to prevent
13:22:02.214 [INFO]  [Creating]      [2/79]     your code from damaging your system environment.
13:22:02.214 [INFO]  [Creating]      [2/79]     See https://diff.blue/R011 to resolve this issue.
13:22:02.216 [INFO]  [Creating] 
================================================================================
= Creating tests for 'io.gitlab.arturbosch.detekt.rules.documentation.AbsentOrWrongFileLicense.<init>:(Lio/gitlab/arturbosch/detekt/api/Config;)V' using 'SiM (!sp, fnm, df, !ris)'
================================================================================
13:22:02.795 [INFO]  [Creating]      [3/79] io.gitlab.arturbosch.detekt.rules.documentation.AbsentOrWrongFileLicense.<init>
13:22:02.795 [INFO]  [Creating]      [3/79]   R013: No inputs found that don't throw a trivial exception
13:22:02.795 [INFO]  [Creating]      [3/79]     Diffblue Cover tried to run the arrange/act section, but the test threw
13:22:02.795 [INFO]  [Creating]      [3/79]     java.lang.NullPointerException: Parameter specified as non-null is null: method io.gitlab.arturbosch.detekt.rules.documentation.AbsentOrWrongFileLicense.<init>, parameter config
13:22:02.795 [INFO]  [Creating]      [3/79]         at io.gitlab.arturbosch.detekt.rules.documentation.AbsentOrWrongFileLicense.<init>(AbsentOrWrongFileLicense.kt)
13:22:02.795 [INFO]  [Creating]      [3/79]     In order to prevent <init>(Config)
13:22:02.795 [INFO]  [Creating]      [3/79]     from throwing NullPointerException, add constructors or factory
13:22:02.795 [INFO]  [Creating]      [3/79]     methods that make it easier to construct fully initialized objects used in
13:22:02.795 [INFO]  [Creating]      [3/79]     <init>(Config).
13:22:02.795 [INFO]  [Creating]      [3/79]     See https://diff.blue/R013 to resolve this issue.
13:22:02.797 [INFO]  [Creating] 
================================================================================
= Creating tests for 'io.gitlab.arturbosch.detekt.rules.documentation.AbsentOrWrongFileLicense.visitCondition:(Lorg/jetbrains/kotlin/psi/KtFile;)Z' using 'SiM (!sp, fnm, df, !ris)'
================================================================================
13:22:04.820 [INFO]  [Creating]      [4/79] io.gitlab.arturbosch.detekt.rules.documentation.AbsentOrWrongFileLicense.visitCondition
13:22:04.820 [INFO]  [Creating]      [4/79]   R034: Diffblue Cover can't complete test
13:22:04.820 [INFO]  [Creating]      [4/79]     Diffblue Cover was unable to complete the test.
13:22:04.820 [INFO]  [Creating]      [4/79]     Try to increase the number of fuzzing iterations if non-default
13:22:04.820 [INFO]  [Creating]      [4/79]     value is used.
13:22:04.820 [INFO]  [Creating]      [4/79]     See https://diff.blue/R034 for further troubleshooting of this issue.
13:22:04.822 [INFO]  [Creating] 
================================================================================
= Creating tests for 'io.gitlab.arturbosch.detekt.rules.documentation.AbsentOrWrongFileLicense.visitKtFile:(Lorg/jetbrains/kotlin/psi/KtFile;)V' using 'SiM (!sp, fnm, df, !ris)'
================================================================================
13:22:05.586 [INFO]  [Creating]      [5/79] io.gitlab.arturbosch.detekt.rules.documentation.AbsentOrWrongFileLicense.visitKtFile
13:22:05.586 [INFO]  [Creating]      [5/79]   R034: Diffblue Cover can't complete test
13:22:05.586 [INFO]  [Creating]      [5/79]     Diffblue Cover was unable to complete the test.
13:22:05.586 [INFO]  [Creating]      [5/79]     Try to increase the number of fuzzing iterations if non-default
13:22:05.586 [INFO]  [Creating]      [5/79]     value is used.
13:22:05.586 [INFO]  [Creating]      [5/79]     See https://diff.blue/R034 for further troubleshooting of this issue.
13:22:05.590 [INFO]  [Creating]  [1/16] io.gitlab.arturbosch.detekt.rules.documentation.AbsentOrWrongFileLicense
13:22:05.590 [INFO]  [Creating]  [1/16]   Tests created: 0
13:22:05.590 [INFO]  [Creating] 
================================================================================
= Starting analysis for class 'io.gitlab.arturbosch.detekt.rules.documentation.AbsentOrWrongFileLicense$Companion'
================================================================================
13:22:05.590 [INFO]  [Creating] Filtering out non-testable methods...
13:22:05.590 [INFO]  [Creating] Filtering of methods complete. Creating analysis request
13:22:05.590 [INFO]  [Creating] Attempting to get service client, retry 1.
13:22:05.620 [INFO]  [Creating] 
================================================================================
= Creating tests for 'io.gitlab.arturbosch.detekt.rules.documentation.AbsentOrWrongFileLicense$Companion.getRULE_NAME:()Ljava/lang/String;' using 'SiM (!sp, fnm, df, !ris)'
================================================================================
13:22:05.644 [INFO]  [Creating]      [6/79] io.gitlab.arturbosch.detekt.rules.documentation.AbsentOrWrongFileLicense$Companion.getRULE_NAME
13:22:05.644 [INFO]  [Creating]      [6/79]   R083: Can't find a suitable constructor
13:22:05.644 [INFO]  [Creating]      [6/79]     Diffblue Cover was unable to construct an instance of AbsentOrWrongFileLicense.Companion.
13:22:05.644 [INFO]  [Creating]      [6/79]     No suitable constructor or factory method found. Please check that the class
13:22:05.644 [INFO]  [Creating]      [6/79]     under test has a non-private constructor or factory method.
13:22:05.644 [INFO]  [Creating]      [6/79]     See https://diff.blue/R083 for further troubleshooting of this issue.
13:22:05.647 [INFO]  [Creating]  [2/16] io.gitlab.arturbosch.detekt.rules.documentation.AbsentOrWrongFileLicense$Companion
13:22:05.647 [INFO]  [Creating]  [2/16]   Tests created: 0
13:22:05.647 [INFO]  [Creating] 
================================================================================
= Starting analysis for class 'io.gitlab.arturbosch.detekt.rules.documentation.CommentOverPrivateFunction'
================================================================================
13:22:05.647 [INFO]  [Creating] Filtering out non-testable methods...
13:22:05.647 [INFO]  [Creating] Filtering of methods complete. Creating analysis request
13:22:05.647 [INFO]  [Creating] Attempting to get service client, retry 1.
13:22:05.678 [INFO]  [Creating] 
================================================================================
= Creating tests for 'io.gitlab.arturbosch.detekt.rules.documentation.CommentOverPrivateFunction.getIssue:()Lio/gitlab/arturbosch/detekt/api/Issue;' using 'TrM (!sp, !fnm, df, !ris)'
================================================================================
13:22:05.700 [INFO]  [Creating]      [7/79] io.gitlab.arturbosch.detekt.rules.documentation.CommentOverPrivateFunction.getIssue
13:22:05.700 [INFO]  [Creating]      [7/79]   R081: Exception in arrange section
13:22:05.700 [INFO]  [Creating]      [7/79]     Diffblue Cover was unable to construct an instance of the class under test using
13:22:05.700 [INFO]  [Creating]      [7/79]     io.gitlab.arturbosch.detekt.rules.documentation.CommentOverPrivateFunction.<init>().
13:22:05.700 [INFO]  [Creating]      [7/79]     The arrange section threw
13:22:05.700 [INFO]  [Creating]      [7/79]     java.lang.NoClassDefFoundError: Could not initialize class org.jetbrains.kotlin.resolve.BindingContext
13:22:05.700 [INFO]  [Creating]      [7/79]         at io.gitlab.arturbosch.detekt.api.BaseRule.<init>(BaseRule.kt:25)
13:22:05.700 [INFO]  [Creating]      [7/79]         at io.gitlab.arturbosch.detekt.api.Rule.<init>(Rule.kt:23)
13:22:05.700 [INFO]  [Creating]      [7/79]         at io.gitlab.arturbosch.detekt.api.Rule.<init>(Rule.kt:20)
13:22:05.700 [INFO]  [Creating]      [7/79]         at io.gitlab.arturbosch.detekt.rules.documentation.CommentOverPrivateFunction.<init>(CommentOverPrivateFunction.kt:22)
13:22:05.700 [INFO]  [Creating]      [7/79]         at io.gitlab.arturbosch.detekt.rules.documentation.CommentOverPrivateFunction.<init>(CommentOverPrivateFunction.kt:22)
13:22:05.700 [INFO]  [Creating]      [7/79]         at io.gitlab.arturbosch.detekt.rules.documentation.CommentOverPrivateFunction.<init>(CommentOverPrivateFunction.kt)
13:22:05.700 [INFO]  [Creating]      [7/79]     More information about the exception is provided in the support log.
13:22:05.700 [INFO]  [Creating]      [7/79]     See https://diff.blue/R081 for further troubleshooting of this issue.
13:22:05.701 [INFO]  [Creating] 
================================================================================
= Creating tests for 'io.gitlab.arturbosch.detekt.rules.documentation.CommentOverPrivateFunction.<init>:()V' using 'SiM (!sp, fnm, df, !ris)'
================================================================================
13:22:05.771 [INFO]  [Creating]      [8/79] io.gitlab.arturbosch.detekt.rules.documentation.CommentOverPrivateFunction.<init>
13:22:05.772 [INFO]  [Creating]      [8/79]   R011: Sandboxing policy violation
13:22:05.772 [INFO]  [Creating]      [8/79]     Diffblue Cover ran code in your project that tried
13:22:05.772 [INFO]  [Creating]      [8/79]       to access 'sun.misc'.
13:22:05.772 [INFO]  [Creating]      [8/79]     Diffblue Cover's default sandboxing policy disallows this in order to prevent
13:22:05.772 [INFO]  [Creating]      [8/79]     your code from damaging your system environment.
13:22:05.772 [INFO]  [Creating]      [8/79]     See https://diff.blue/R011 to resolve this issue.
13:22:05.773 [INFO]  [Creating] 
================================================================================
= Creating tests for 'io.gitlab.arturbosch.detekt.rules.documentation.CommentOverPrivateFunction.<init>:(Lio/gitlab/arturbosch/detekt/api/Config;)V' using 'SiM (!sp, fnm, df, !ris)'
================================================================================
13:22:06.086 [INFO]  [Creating]      [9/79] io.gitlab.arturbosch.detekt.rules.documentation.CommentOverPrivateFunction.<init>
13:22:06.086 [INFO]  [Creating]      [9/79]   R013: No inputs found that don't throw a trivial exception
13:22:06.086 [INFO]  [Creating]      [9/79]     Diffblue Cover tried to run the arrange/act section, but the test threw
13:22:06.086 [INFO]  [Creating]      [9/79]     java.lang.NullPointerException: Parameter specified as non-null is null: method io.gitlab.arturbosch.detekt.rules.documentation.CommentOverPrivateFunction.<init>, parameter config
13:22:06.086 [INFO]  [Creating]      [9/79]         at io.gitlab.arturbosch.detekt.rules.documentation.CommentOverPrivateFunction.<init>(CommentOverPrivateFunction.kt)
13:22:06.086 [INFO]  [Creating]      [9/79]     In order to prevent <init>(Config)
13:22:06.086 [INFO]  [Creating]      [9/79]     from throwing NullPointerException, add constructors or factory
13:22:06.086 [INFO]  [Creating]      [9/79]     methods that make it easier to construct fully initialized objects used in
13:22:06.086 [INFO]  [Creating]      [9/79]     <init>(Config).
13:22:06.086 [INFO]  [Creating]      [9/79]     See https://diff.blue/R013 to resolve this issue.
13:22:06.087 [INFO]  [Creating] 
================================================================================
= Creating tests for 'io.gitlab.arturbosch.detekt.rules.documentation.CommentOverPrivateFunction.visitNamedFunction:(Lorg/jetbrains/kotlin/psi/KtNamedFunction;)V' using 'SiM (!sp, fnm, df, !ris)'
================================================================================
13:22:15.085 [INFO]  [Creating]     [10/79] io.gitlab.arturbosch.detekt.rules.documentation.CommentOverPrivateFunction.visitNamedFunction
13:22:15.086 [INFO]  [Creating]     [10/79]   R034: Diffblue Cover can't complete test
13:22:15.086 [INFO]  [Creating]     [10/79]     Diffblue Cover was unable to complete the test.
13:22:15.086 [INFO]  [Creating]     [10/79]     Try to increase the number of fuzzing iterations if non-default
13:22:15.086 [INFO]  [Creating]     [10/79]     value is used.
13:22:15.086 [INFO]  [Creating]     [10/79]     See https://diff.blue/R034 for further troubleshooting of this issue.
13:22:15.088 [INFO]  [Creating]  [3/16] io.gitlab.arturbosch.detekt.rules.documentation.CommentOverPrivateFunction
13:22:15.089 [INFO]  [Creating]  [3/16]   Tests created: 0
13:22:15.089 [INFO]  [Creating] 
================================================================================
= Starting analysis for class 'io.gitlab.arturbosch.detekt.rules.documentation.CommentOverPrivateProperty'
================================================================================
13:22:15.089 [INFO]  [Creating] Filtering out non-testable methods...
13:22:15.089 [INFO]  [Creating] Filtering of methods complete. Creating analysis request
13:22:15.089 [INFO]  [Creating] Attempting to get service client, retry 1.
13:22:15.115 [INFO]  [Creating] 
================================================================================
= Creating tests for 'io.gitlab.arturbosch.detekt.rules.documentation.CommentOverPrivateProperty.getIssue:()Lio/gitlab/arturbosch/detekt/api/Issue;' using 'TrM (!sp, !fnm, df, !ris)'
================================================================================
13:22:15.130 [INFO]  [Creating]     [11/79] io.gitlab.arturbosch.detekt.rules.documentation.CommentOverPrivateProperty.getIssue
13:22:15.130 [INFO]  [Creating]     [11/79]   R081: Exception in arrange section
13:22:15.130 [INFO]  [Creating]     [11/79]     Diffblue Cover was unable to construct an instance of the class under test using
13:22:15.130 [INFO]  [Creating]     [11/79]     io.gitlab.arturbosch.detekt.rules.documentation.CommentOverPrivateProperty.<init>().
13:22:15.130 [INFO]  [Creating]     [11/79]     The arrange section threw
13:22:15.130 [INFO]  [Creating]     [11/79]     java.lang.NoClassDefFoundError: Could not initialize class org.jetbrains.kotlin.resolve.BindingContext
13:22:15.130 [INFO]  [Creating]     [11/79]         at io.gitlab.arturbosch.detekt.api.BaseRule.<init>(BaseRule.kt:25)
13:22:15.130 [INFO]  [Creating]     [11/79]         at io.gitlab.arturbosch.detekt.api.Rule.<init>(Rule.kt:23)
13:22:15.130 [INFO]  [Creating]     [11/79]         at io.gitlab.arturbosch.detekt.api.Rule.<init>(Rule.kt:20)
13:22:15.130 [INFO]  [Creating]     [11/79]         at io.gitlab.arturbosch.detekt.rules.documentation.CommentOverPrivateProperty.<init>(CommentOverPrivateProperty.kt:22)
13:22:15.130 [INFO]  [Creating]     [11/79]         at io.gitlab.arturbosch.detekt.rules.documentation.CommentOverPrivateProperty.<init>(CommentOverPrivateProperty.kt:22)
13:22:15.131 [INFO]  [Creating]     [11/79]         at io.gitlab.arturbosch.detekt.rules.documentation.CommentOverPrivateProperty.<init>(CommentOverPrivateProperty.kt)
13:22:15.131 [INFO]  [Creating]     [11/79]     More information about the exception is provided in the support log.
13:22:15.131 [INFO]  [Creating]     [11/79]     See https://diff.blue/R081 for further troubleshooting of this issue.
13:22:15.131 [INFO]  [Creating] 
================================================================================
= Creating tests for 'io.gitlab.arturbosch.detekt.rules.documentation.CommentOverPrivateProperty.<init>:()V' using 'SiM (!sp, fnm, df, !ris)'
================================================================================
13:22:15.177 [INFO]  [Creating]     [12/79] io.gitlab.arturbosch.detekt.rules.documentation.CommentOverPrivateProperty.<init>
13:22:15.177 [INFO]  [Creating]     [12/79]   R011: Sandboxing policy violation
13:22:15.177 [INFO]  [Creating]     [12/79]     Diffblue Cover ran code in your project that tried
13:22:15.177 [INFO]  [Creating]     [12/79]       to access 'sun.misc'.
13:22:15.177 [INFO]  [Creating]     [12/79]     Diffblue Cover's default sandboxing policy disallows this in order to prevent
13:22:15.177 [INFO]  [Creating]     [12/79]     your code from damaging your system environment.
13:22:15.177 [INFO]  [Creating]     [12/79]     See https://diff.blue/R011 to resolve this issue.
13:22:15.178 [INFO]  [Creating] 
================================================================================
= Creating tests for 'io.gitlab.arturbosch.detekt.rules.documentation.CommentOverPrivateProperty.<init>:(Lio/gitlab/arturbosch/detekt/api/Config;)V' using 'SiM (!sp, fnm, df, !ris)'
================================================================================
13:22:15.468 [INFO]  [Creating]     [13/79] io.gitlab.arturbosch.detekt.rules.documentation.CommentOverPrivateProperty.<init>
13:22:15.469 [INFO]  [Creating]     [13/79]   R013: No inputs found that don't throw a trivial exception
13:22:15.469 [INFO]  [Creating]     [13/79]     Diffblue Cover tried to run the arrange/act section, but the test threw
13:22:15.469 [INFO]  [Creating]     [13/79]     java.lang.NullPointerException: Parameter specified as non-null is null: method io.gitlab.arturbosch.detekt.rules.documentation.CommentOverPrivateProperty.<init>, parameter config
13:22:15.469 [INFO]  [Creating]     [13/79]         at io.gitlab.arturbosch.detekt.rules.documentation.CommentOverPrivateProperty.<init>(CommentOverPrivateProperty.kt)
13:22:15.469 [INFO]  [Creating]     [13/79]     In order to prevent <init>(Config)
13:22:15.469 [INFO]  [Creating]     [13/79]     from throwing NullPointerException, add constructors or factory
13:22:15.469 [INFO]  [Creating]     [13/79]     methods that make it easier to construct fully initialized objects used in
13:22:15.469 [INFO]  [Creating]     [13/79]     <init>(Config).
13:22:15.469 [INFO]  [Creating]     [13/79]     See https://diff.blue/R013 to resolve this issue.
13:22:15.470 [INFO]  [Creating] 
================================================================================
= Creating tests for 'io.gitlab.arturbosch.detekt.rules.documentation.CommentOverPrivateProperty.visitProperty:(Lorg/jetbrains/kotlin/psi/KtProperty;)V' using 'SiM (!sp, fnm, df, !ris)'
================================================================================
13:22:15.721 [INFO]  [Creating]     [14/79] io.gitlab.arturbosch.detekt.rules.documentation.CommentOverPrivateProperty.visitProperty
13:22:15.722 [INFO]  [Creating]     [14/79]   R034: Diffblue Cover can't complete test
13:22:15.722 [INFO]  [Creating]     [14/79]     Diffblue Cover was unable to complete the test.
13:22:15.722 [INFO]  [Creating]     [14/79]     Try to increase the number of fuzzing iterations if non-default
13:22:15.722 [INFO]  [Creating]     [14/79]     value is used.
13:22:15.722 [INFO]  [Creating]     [14/79]     See https://diff.blue/R034 for further troubleshooting of this issue.
13:22:15.724 [INFO]  [Creating]  [4/16] io.gitlab.arturbosch.detekt.rules.documentation.CommentOverPrivateProperty
13:22:15.724 [INFO]  [Creating]  [4/16]   Tests created: 0
13:22:15.724 [INFO]  [Creating] 
================================================================================
= Starting analysis for class 'io.gitlab.arturbosch.detekt.rules.documentation.CommentSmellProvider'
================================================================================
13:22:15.724 [INFO]  [Creating] Filtering out non-testable methods...
13:22:15.740 [INFO]  [Creating] Filtering of methods complete. Creating analysis request
13:22:15.741 [INFO]  [Creating] Attempting to get service client, retry 1.
13:22:15.766 [INFO]  [Creating] 
================================================================================
= Creating tests for 'io.gitlab.arturbosch.detekt.rules.documentation.CommentSmellProvider.<init>:()V, io.gitlab.arturbosch.detekt.rules.documentation.CommentSmellProvider.getRuleSetId:()Ljava/lang/String;' using 'TrM (!sp, !fnm, df, !ris)'
================================================================================
13:22:16.884 [INFO]  [Creating]     [15/79] io.gitlab.arturbosch.detekt.rules.documentation.CommentSmellProvider.<init>
13:22:16.884 [INFO]  [Creating]     [16/79] io.gitlab.arturbosch.detekt.rules.documentation.CommentSmellProvider.getRuleSetId
13:22:16.884 [INFO]  [Creating]     [16/79]   Tests created: 1
13:22:16.885 [INFO]  [Creating] 
================================================================================
= Creating tests for 'io.gitlab.arturbosch.detekt.rules.documentation.CommentSmellProvider.instance:(Lio/gitlab/arturbosch/detekt/api/Config;)Lio/gitlab/arturbosch/detekt/api/RuleSet;' using 'SiM (!sp, fnm, df, !ris)'
================================================================================
13:22:17.097 [INFO]  [Creating]     [17/79] io.gitlab.arturbosch.detekt.rules.documentation.CommentSmellProvider.instance
13:22:17.098 [INFO]  [Creating]     [17/79]   R034: Diffblue Cover can't complete test
13:22:17.098 [INFO]  [Creating]     [17/79]     Diffblue Cover was unable to complete the test.
13:22:17.098 [INFO]  [Creating]     [17/79]     Try to increase the number of fuzzing iterations if non-default
13:22:17.098 [INFO]  [Creating]     [17/79]     value is used.
13:22:17.098 [INFO]  [Creating]     [17/79]     See https://diff.blue/R034 for further troubleshooting of this issue.
13:22:17.100 [INFO]  [Creating]  [5/16] io.gitlab.arturbosch.detekt.rules.documentation.CommentSmellProvider
13:22:17.100 [INFO]  [Creating]  [5/16]   Tests created: 1
13:22:17.100 [INFO]  [Creating] 
================================================================================
= Starting analysis for class 'io.gitlab.arturbosch.detekt.rules.documentation.CommentUtilKt'
================================================================================
13:22:17.100 [INFO]  [Creating] Filtering out non-testable methods...
13:22:17.100 [INFO]  [Creating] Filtering of methods complete. Creating analysis request
13:22:17.100 [INFO]  [Creating] Attempting to get service client, retry 1.
13:22:17.120 [INFO]  [Creating] 
================================================================================
= Creating tests for 'io.gitlab.arturbosch.detekt.rules.documentation.CommentUtilKt.hasCommentInPrivateMember:(Lorg/jetbrains/kotlin/psi/KtDeclaration;)Z' using 'SiM (!sp, fnm, df, !ris)'
================================================================================
13:22:21.844 [INFO]  [Creating] Could not load class: Could not initialize class org.jetbrains.kotlin.com.intellij.openapi.util.Key
13:22:21.845 [INFO]  [Creating] An exception occurred: java.lang.NoClassDefFoundError: Could not initialize class org.jetbrains.kotlin.com.intellij.openapi.util.Key
	at org.jetbrains.kotlin.com.intellij.openapi.util.UserDataHolderBase.<clinit>(UserDataHolderBase.java:11)
	< ... hidden frames ... >
13:22:21.849 [INFO]  [Creating]     [18/79] io.gitlab.arturbosch.detekt.rules.documentation.CommentUtilKt.hasCommentInPrivateMember
13:22:21.850 [INFO]  [Creating]     [18/79]   R011: Sandboxing policy violation
13:22:21.850 [INFO]  [Creating]     [18/79]     Diffblue Cover ran code in your project that tried
13:22:21.850 [INFO]  [Creating]     [18/79]       to access 'sun.misc'.
13:22:21.850 [INFO]  [Creating]     [18/79]     Diffblue Cover's default sandboxing policy disallows this in order to prevent
13:22:21.850 [INFO]  [Creating]     [18/79]     your code from damaging your system environment.
13:22:21.850 [INFO]  [Creating]     [18/79]     See https://diff.blue/R011 to resolve this issue.
13:22:21.852 [INFO]  [Creating]  [6/16] io.gitlab.arturbosch.detekt.rules.documentation.CommentUtilKt
13:22:21.852 [INFO]  [Creating]  [6/16]   Tests created: 0
13:22:21.852 [INFO]  [Creating] 
================================================================================
= Starting analysis for class 'io.gitlab.arturbosch.detekt.rules.documentation.DeprecatedBlockTag'
================================================================================
13:22:21.852 [INFO]  [Creating] Filtering out non-testable methods...
13:22:21.852 [INFO]  [Creating] Filtering of methods complete. Creating analysis request
13:22:21.852 [INFO]  [Creating] Attempting to get service client, retry 1.
13:22:21.878 [INFO]  [Creating] 
================================================================================
= Creating tests for 'io.gitlab.arturbosch.detekt.rules.documentation.DeprecatedBlockTag.getIssue:()Lio/gitlab/arturbosch/detekt/api/Issue;' using 'TrM (!sp, !fnm, df, !ris)'
================================================================================
13:22:21.893 [INFO]  [Creating]     [19/79] io.gitlab.arturbosch.detekt.rules.documentation.DeprecatedBlockTag.getIssue
13:22:21.893 [INFO]  [Creating]     [19/79]   R081: Exception in arrange section
13:22:21.893 [INFO]  [Creating]     [19/79]     Diffblue Cover was unable to construct an instance of the class under test using
13:22:21.893 [INFO]  [Creating]     [19/79]     io.gitlab.arturbosch.detekt.rules.documentation.DeprecatedBlockTag.<init>().
13:22:21.893 [INFO]  [Creating]     [19/79]     The arrange section threw
13:22:21.893 [INFO]  [Creating]     [19/79]     java.lang.NoClassDefFoundError: Could not initialize class org.jetbrains.kotlin.resolve.BindingContext
13:22:21.893 [INFO]  [Creating]     [19/79]         at io.gitlab.arturbosch.detekt.api.BaseRule.<init>(BaseRule.kt:25)
13:22:21.893 [INFO]  [Creating]     [19/79]         at io.gitlab.arturbosch.detekt.api.Rule.<init>(Rule.kt:23)
13:22:21.893 [INFO]  [Creating]     [19/79]         at io.gitlab.arturbosch.detekt.api.Rule.<init>(Rule.kt:20)
13:22:21.893 [INFO]  [Creating]     [19/79]         at io.gitlab.arturbosch.detekt.rules.documentation.DeprecatedBlockTag.<init>(DeprecatedBlockTag.kt:41)
13:22:21.893 [INFO]  [Creating]     [19/79]         at io.gitlab.arturbosch.detekt.rules.documentation.DeprecatedBlockTag.<init>(DeprecatedBlockTag.kt:41)
13:22:21.893 [INFO]  [Creating]     [19/79]         at io.gitlab.arturbosch.detekt.rules.documentation.DeprecatedBlockTag.<init>(DeprecatedBlockTag.kt)
13:22:21.893 [INFO]  [Creating]     [19/79]     More information about the exception is provided in the support log.
13:22:21.893 [INFO]  [Creating]     [19/79]     See https://diff.blue/R081 for further troubleshooting of this issue.
13:22:21.894 [INFO]  [Creating] 
================================================================================
= Creating tests for 'io.gitlab.arturbosch.detekt.rules.documentation.DeprecatedBlockTag.<init>:()V' using 'SiM (!sp, fnm, df, !ris)'
================================================================================
13:22:21.960 [INFO]  [Creating]     [20/79] io.gitlab.arturbosch.detekt.rules.documentation.DeprecatedBlockTag.<init>
13:22:21.960 [INFO]  [Creating]     [20/79]   R011: Sandboxing policy violation
13:22:21.960 [INFO]  [Creating]     [20/79]     Diffblue Cover ran code in your project that tried
13:22:21.960 [INFO]  [Creating]     [20/79]       to access 'sun.misc'.
13:22:21.960 [INFO]  [Creating]     [20/79]     Diffblue Cover's default sandboxing policy disallows this in order to prevent
13:22:21.960 [INFO]  [Creating]     [20/79]     your code from damaging your system environment.
13:22:21.960 [INFO]  [Creating]     [20/79]     See https://diff.blue/R011 to resolve this issue.
13:22:21.961 [INFO]  [Creating] 
================================================================================
= Creating tests for 'io.gitlab.arturbosch.detekt.rules.documentation.DeprecatedBlockTag.<init>:(Lio/gitlab/arturbosch/detekt/api/Config;)V' using 'SiM (!sp, fnm, df, !ris)'
================================================================================
13:22:22.279 [INFO]  [Creating]     [21/79] io.gitlab.arturbosch.detekt.rules.documentation.DeprecatedBlockTag.<init>
13:22:22.279 [INFO]  [Creating]     [21/79]   R013: No inputs found that don't throw a trivial exception
13:22:22.279 [INFO]  [Creating]     [21/79]     Diffblue Cover tried to run the arrange/act section, but the test threw
13:22:22.279 [INFO]  [Creating]     [21/79]     java.lang.NullPointerException: Parameter specified as non-null is null: method io.gitlab.arturbosch.detekt.rules.documentation.DeprecatedBlockTag.<init>, parameter config
13:22:22.279 [INFO]  [Creating]     [21/79]         at io.gitlab.arturbosch.detekt.rules.documentation.DeprecatedBlockTag.<init>(DeprecatedBlockTag.kt)
13:22:22.279 [INFO]  [Creating]     [21/79]     In order to prevent <init>(Config)
13:22:22.279 [INFO]  [Creating]     [21/79]     from throwing NullPointerException, add constructors or factory
13:22:22.279 [INFO]  [Creating]     [21/79]     methods that make it easier to construct fully initialized objects used in
13:22:22.279 [INFO]  [Creating]     [21/79]     <init>(Config).
13:22:22.279 [INFO]  [Creating]     [21/79]     See https://diff.blue/R013 to resolve this issue.
13:22:22.280 [INFO]  [Creating] 
================================================================================
= Creating tests for 'io.gitlab.arturbosch.detekt.rules.documentation.DeprecatedBlockTag.visitDeclaration:(Lorg/jetbrains/kotlin/psi/KtDeclaration;)V' using 'SiM (!sp, fnm, df, !ris)'
================================================================================
13:22:29.888 [INFO]  [Creating]     [22/79] io.gitlab.arturbosch.detekt.rules.documentation.DeprecatedBlockTag.visitDeclaration
13:22:29.888 [INFO]  [Creating]     [22/79]   R034: Diffblue Cover can't complete test
13:22:29.888 [INFO]  [Creating]     [22/79]     Diffblue Cover was unable to complete the test.
13:22:29.888 [INFO]  [Creating]     [22/79]     Try to increase the number of fuzzing iterations if non-default
13:22:29.888 [INFO]  [Creating]     [22/79]     value is used.
13:22:29.888 [INFO]  [Creating]     [22/79]     See https://diff.blue/R034 for further troubleshooting of this issue.
13:22:29.890 [INFO]  [Creating]  [7/16] io.gitlab.arturbosch.detekt.rules.documentation.DeprecatedBlockTag
13:22:29.891 [INFO]  [Creating]  [7/16]   Tests created: 0
13:22:29.891 [INFO]  [Creating] 
================================================================================
= Starting analysis for class 'io.gitlab.arturbosch.detekt.rules.documentation.EndOfSentenceFormat'
================================================================================
13:22:29.891 [INFO]  [Creating] Filtering out non-testable methods...
13:22:29.891 [INFO]  [Creating] Filtering of methods complete. Creating analysis request
13:22:29.891 [INFO]  [Creating] Attempting to get service client, retry 1.
13:22:29.917 [INFO]  [Creating] 
================================================================================
= Creating tests for 'io.gitlab.arturbosch.detekt.rules.documentation.EndOfSentenceFormat.getIssue:()Lio/gitlab/arturbosch/detekt/api/Issue;' using 'TrM (!sp, !fnm, df, !ris)'
================================================================================
13:22:29.943 [INFO]  [Creating]     [23/79] io.gitlab.arturbosch.detekt.rules.documentation.EndOfSentenceFormat.getIssue
13:22:29.943 [INFO]  [Creating]     [23/79]   R081: Exception in arrange section
13:22:29.943 [INFO]  [Creating]     [23/79]     Diffblue Cover was unable to construct an instance of the class under test using
13:22:29.943 [INFO]  [Creating]     [23/79]     io.gitlab.arturbosch.detekt.rules.documentation.EndOfSentenceFormat.<init>().
13:22:29.943 [INFO]  [Creating]     [23/79]     The arrange section threw
13:22:29.943 [INFO]  [Creating]     [23/79]     java.lang.NoClassDefFoundError: Could not initialize class org.jetbrains.kotlin.resolve.BindingContext
13:22:29.943 [INFO]  [Creating]     [23/79]         at io.gitlab.arturbosch.detekt.api.BaseRule.<init>(BaseRule.kt:25)
13:22:29.943 [INFO]  [Creating]     [23/79]         at io.gitlab.arturbosch.detekt.api.Rule.<init>(Rule.kt:23)
13:22:29.943 [INFO]  [Creating]     [23/79]         at io.gitlab.arturbosch.detekt.api.Rule.<init>(Rule.kt:20)
13:22:29.943 [INFO]  [Creating]     [23/79]         at io.gitlab.arturbosch.detekt.rules.documentation.EndOfSentenceFormat.<init>(EndOfSentenceFormat.kt:20)
13:22:29.943 [INFO]  [Creating]     [23/79]         at io.gitlab.arturbosch.detekt.rules.documentation.EndOfSentenceFormat.<init>(EndOfSentenceFormat.kt:20)
13:22:29.943 [INFO]  [Creating]     [23/79]         at io.gitlab.arturbosch.detekt.rules.documentation.EndOfSentenceFormat.<init>(EndOfSentenceFormat.kt)
13:22:29.943 [INFO]  [Creating]     [23/79]     More information about the exception is provided in the support log.
13:22:29.943 [INFO]  [Creating]     [23/79]     See https://diff.blue/R081 for further troubleshooting of this issue.
13:22:29.944 [INFO]  [Creating] 
================================================================================
= Creating tests for 'io.gitlab.arturbosch.detekt.rules.documentation.EndOfSentenceFormat.<init>:()V' using 'SiM (!sp, fnm, df, !ris)'
================================================================================
13:22:30.030 [INFO]  [Creating]     [24/79] io.gitlab.arturbosch.detekt.rules.documentation.EndOfSentenceFormat.<init>
13:22:30.030 [INFO]  [Creating]     [24/79]   R011: Sandboxing policy violation
13:22:30.030 [INFO]  [Creating]     [24/79]     Diffblue Cover ran code in your project that tried
13:22:30.030 [INFO]  [Creating]     [24/79]       to access 'sun.misc'.
13:22:30.030 [INFO]  [Creating]     [24/79]     Diffblue Cover's default sandboxing policy disallows this in order to prevent
13:22:30.030 [INFO]  [Creating]     [24/79]     your code from damaging your system environment.
13:22:30.030 [INFO]  [Creating]     [24/79]     See https://diff.blue/R011 to resolve this issue.
13:22:30.031 [INFO]  [Creating] 
================================================================================
= Creating tests for 'io.gitlab.arturbosch.detekt.rules.documentation.EndOfSentenceFormat.<init>:(Lio/gitlab/arturbosch/detekt/api/Config;)V' using 'SiM (!sp, fnm, df, !ris)'
================================================================================
13:22:30.290 [INFO]  [Creating]     [25/79] io.gitlab.arturbosch.detekt.rules.documentation.EndOfSentenceFormat.<init>
13:22:30.290 [INFO]  [Creating]     [25/79]   R013: No inputs found that don't throw a trivial exception
13:22:30.290 [INFO]  [Creating]     [25/79]     Diffblue Cover tried to run the arrange/act section, but the test threw
13:22:30.290 [INFO]  [Creating]     [25/79]     java.lang.NullPointerException: Parameter specified as non-null is null: method io.gitlab.arturbosch.detekt.rules.documentation.EndOfSentenceFormat.<init>, parameter config
13:22:30.290 [INFO]  [Creating]     [25/79]         at io.gitlab.arturbosch.detekt.rules.documentation.EndOfSentenceFormat.<init>(EndOfSentenceFormat.kt)
13:22:30.290 [INFO]  [Creating]     [25/79]     In order to prevent <init>(Config)
13:22:30.290 [INFO]  [Creating]     [25/79]     from throwing NullPointerException, add constructors or factory
13:22:30.290 [INFO]  [Creating]     [25/79]     methods that make it easier to construct fully initialized objects used in
13:22:30.290 [INFO]  [Creating]     [25/79]     <init>(Config).
13:22:30.290 [INFO]  [Creating]     [25/79]     See https://diff.blue/R013 to resolve this issue.
13:22:30.291 [INFO]  [Creating] 
================================================================================
= Creating tests for 'io.gitlab.arturbosch.detekt.rules.documentation.EndOfSentenceFormat.visitDeclaration:(Lorg/jetbrains/kotlin/psi/KtDeclaration;)V' using 'SiM (!sp, fnm, df, !ris)'
================================================================================
13:22:30.715 [INFO]  [Creating]     [26/79] io.gitlab.arturbosch.detekt.rules.documentation.EndOfSentenceFormat.visitDeclaration
13:22:30.715 [INFO]  [Creating]     [26/79]   R034: Diffblue Cover can't complete test
13:22:30.715 [INFO]  [Creating]     [26/79]     Diffblue Cover was unable to complete the test.
13:22:30.715 [INFO]  [Creating]     [26/79]     Try to increase the number of fuzzing iterations if non-default
13:22:30.715 [INFO]  [Creating]     [26/79]     value is used.
13:22:30.715 [INFO]  [Creating]     [26/79]     See https://diff.blue/R034 for further troubleshooting of this issue.
13:22:30.717 [INFO]  [Creating]  [8/16] io.gitlab.arturbosch.detekt.rules.documentation.EndOfSentenceFormat
13:22:30.717 [INFO]  [Creating]  [8/16]   Tests created: 0
13:22:30.717 [INFO]  [Creating] 
================================================================================
= Starting analysis for class 'io.gitlab.arturbosch.detekt.rules.documentation.KDocReferencesNonPublicProperty'
================================================================================
13:22:30.717 [INFO]  [Creating] Filtering out non-testable methods...
13:22:30.717 [INFO]  [Creating] Filtering of methods complete. Creating analysis request
13:22:30.717 [INFO]  [Creating] Attempting to get service client, retry 1.
13:22:30.750 [INFO]  [Creating] 
================================================================================
= Creating tests for 'io.gitlab.arturbosch.detekt.rules.documentation.KDocReferencesNonPublicProperty.getIssue:()Lio/gitlab/arturbosch/detekt/api/Issue;' using 'TrM (!sp, !fnm, df, !ris)'
================================================================================
13:22:30.765 [INFO]  [Creating]     [27/79] io.gitlab.arturbosch.detekt.rules.documentation.KDocReferencesNonPublicProperty.getIssue
13:22:30.765 [INFO]  [Creating]     [27/79]   R081: Exception in arrange section
13:22:30.765 [INFO]  [Creating]     [27/79]     Diffblue Cover was unable to construct an instance of the class under test using
13:22:30.765 [INFO]  [Creating]     [27/79]     io.gitlab.arturbosch.detekt.rules.documentation.KDocReferencesNonPublicProperty.<init>().
13:22:30.765 [INFO]  [Creating]     [27/79]     The arrange section threw
13:22:30.765 [INFO]  [Creating]     [27/79]     java.lang.NoClassDefFoundError: Could not initialize class org.jetbrains.kotlin.resolve.BindingContext
13:22:30.765 [INFO]  [Creating]     [27/79]         at io.gitlab.arturbosch.detekt.api.BaseRule.<init>(BaseRule.kt:25)
13:22:30.765 [INFO]  [Creating]     [27/79]         at io.gitlab.arturbosch.detekt.api.Rule.<init>(Rule.kt:23)
13:22:30.765 [INFO]  [Creating]     [27/79]         at io.gitlab.arturbosch.detekt.api.Rule.<init>(Rule.kt:20)
13:22:30.765 [INFO]  [Creating]     [27/79]         at io.gitlab.arturbosch.detekt.rules.documentation.KDocReferencesNonPublicProperty.<init>(KDocReferencesNonPublicProperty.kt:50)
13:22:30.765 [INFO]  [Creating]     [27/79]         at io.gitlab.arturbosch.detekt.rules.documentation.KDocReferencesNonPublicProperty.<init>(KDocReferencesNonPublicProperty.kt:50)
13:22:30.765 [INFO]  [Creating]     [27/79]         at io.gitlab.arturbosch.detekt.rules.documentation.KDocReferencesNonPublicProperty.<init>(KDocReferencesNonPublicProperty.kt)
13:22:30.765 [INFO]  [Creating]     [27/79]     More information about the exception is provided in the support log.
13:22:30.765 [INFO]  [Creating]     [27/79]     See https://diff.blue/R081 for further troubleshooting of this issue.
13:22:30.766 [INFO]  [Creating] 
================================================================================
= Creating tests for 'io.gitlab.arturbosch.detekt.rules.documentation.KDocReferencesNonPublicProperty.<init>:()V' using 'SiM (!sp, fnm, df, !ris)'
================================================================================
13:22:31.198 [INFO]  [Creating]     [28/79] io.gitlab.arturbosch.detekt.rules.documentation.KDocReferencesNonPublicProperty.<init>
13:22:31.198 [INFO]  [Creating]     [28/79]   R011: Sandboxing policy violation
13:22:31.198 [INFO]  [Creating]     [28/79]     Diffblue Cover ran code in your project that tried
13:22:31.198 [INFO]  [Creating]     [28/79]       to access 'sun.misc'.
13:22:31.198 [INFO]  [Creating]     [28/79]     Diffblue Cover's default sandboxing policy disallows this in order to prevent
13:22:31.198 [INFO]  [Creating]     [28/79]     your code from damaging your system environment.
13:22:31.198 [INFO]  [Creating]     [28/79]     See https://diff.blue/R011 to resolve this issue.
13:22:31.199 [INFO]  [Creating] 
================================================================================
= Creating tests for 'io.gitlab.arturbosch.detekt.rules.documentation.KDocReferencesNonPublicProperty.<init>:(Lio/gitlab/arturbosch/detekt/api/Config;)V' using 'SiM (!sp, fnm, df, !ris)'
================================================================================
13:22:31.235 [INFO]  [Creating]     [29/79] io.gitlab.arturbosch.detekt.rules.documentation.KDocReferencesNonPublicProperty.<init>
13:22:31.236 [INFO]  [Creating]     [29/79]   R034: Diffblue Cover can't complete test
13:22:31.236 [INFO]  [Creating]     [29/79]     Diffblue Cover was unable to complete the test.
13:22:31.236 [INFO]  [Creating]     [29/79]     Try to increase the number of fuzzing iterations if non-default
13:22:31.236 [INFO]  [Creating]     [29/79]     value is used.
13:22:31.236 [INFO]  [Creating]     [29/79]     See https://diff.blue/R034 for further troubleshooting of this issue.
13:22:31.236 [INFO]  [Creating] 
================================================================================
= Creating tests for 'io.gitlab.arturbosch.detekt.rules.documentation.KDocReferencesNonPublicProperty.visitClass:(Lorg/jetbrains/kotlin/psi/KtClass;)V' using 'SiM (!sp, fnm, df, !ris)'
================================================================================
13:22:32.190 [INFO]  [Creating]     [30/79] io.gitlab.arturbosch.detekt.rules.documentation.KDocReferencesNonPublicProperty.visitClass
13:22:32.190 [INFO]  [Creating]     [30/79]   R034: Diffblue Cover can't complete test
13:22:32.190 [INFO]  [Creating]     [30/79]     Diffblue Cover was unable to complete the test.
13:22:32.190 [INFO]  [Creating]     [30/79]     Try to increase the number of fuzzing iterations if non-default
13:22:32.190 [INFO]  [Creating]     [30/79]     value is used.
13:22:32.190 [INFO]  [Creating]     [30/79]     See https://diff.blue/R034 for further troubleshooting of this issue.
13:22:32.191 [INFO]  [Creating] 
================================================================================
= Creating tests for 'io.gitlab.arturbosch.detekt.rules.documentation.KDocReferencesNonPublicProperty.visitNamedDeclaration:(Lorg/jetbrains/kotlin/psi/KtNamedDeclaration;)V' using 'SiM (!sp, fnm, df, !ris)'
================================================================================
13:22:32.389 [INFO]  [Creating]     [31/79] io.gitlab.arturbosch.detekt.rules.documentation.KDocReferencesNonPublicProperty.visitNamedDeclaration
13:22:32.390 [INFO]  [Creating]     [31/79]   R034: Diffblue Cover can't complete test
13:22:32.390 [INFO]  [Creating]     [31/79]     Diffblue Cover was unable to complete the test.
13:22:32.390 [INFO]  [Creating]     [31/79]     Try to increase the number of fuzzing iterations if non-default
13:22:32.390 [INFO]  [Creating]     [31/79]     value is used.
13:22:32.390 [INFO]  [Creating]     [31/79]     See https://diff.blue/R034 for further troubleshooting of this issue.
13:22:32.392 [INFO]  [Creating]  [9/16] io.gitlab.arturbosch.detekt.rules.documentation.KDocReferencesNonPublicProperty
13:22:32.392 [INFO]  [Creating]  [9/16]   Tests created: 0
13:22:32.393 [INFO]  [Creating] 
================================================================================
= Starting analysis for class 'io.gitlab.arturbosch.detekt.rules.documentation.LicenceHeaderLoaderExtension'
================================================================================
13:22:32.393 [INFO]  [Creating] Filtering out non-testable methods...
13:22:32.399 [INFO]  [Creating] Filtering of methods complete. Creating analysis request
13:22:32.399 [INFO]  [Creating] Attempting to get service client, retry 1.
13:22:32.449 [INFO]  [Creating] 
================================================================================
= Creating tests for 'io.gitlab.arturbosch.detekt.rules.documentation.LicenceHeaderLoaderExtension.<init>:()V' using 'SiM (!sp, fnm, df, !ris)'
================================================================================
13:22:32.788 [INFO]  [Creating]     [32/79] io.gitlab.arturbosch.detekt.rules.documentation.LicenceHeaderLoaderExtension.<init>
13:22:32.788 [INFO]  [Creating]     [32/79]   Tests created: 1
13:22:32.789 [INFO]  [Creating] 
================================================================================
= Creating tests for 'io.gitlab.arturbosch.detekt.rules.documentation.LicenceHeaderLoaderExtension.getId:()Ljava/lang/String;' using 'SiM (!sp, fnm, df, !ris)'
================================================================================
13:22:33.007 [INFO]  [Creating]     [33/79] io.gitlab.arturbosch.detekt.rules.documentation.LicenceHeaderLoaderExtension.getId
13:22:33.007 [INFO]  [Creating]     [33/79]   Tests created: 1
13:22:33.008 [INFO]  [Creating] 
================================================================================
= Creating tests for 'io.gitlab.arturbosch.detekt.rules.documentation.LicenceHeaderLoaderExtension.getPriority:()I' using 'SiM (!sp, fnm, df, !ris)'
================================================================================
13:22:33.184 [INFO]  [Creating]     [34/79] io.gitlab.arturbosch.detekt.rules.documentation.LicenceHeaderLoaderExtension.getPriority
13:22:33.184 [INFO]  [Creating]     [34/79]   Tests created: 1
13:22:33.185 [INFO]  [Creating] 
================================================================================
= Creating tests for 'io.gitlab.arturbosch.detekt.rules.documentation.LicenceHeaderLoaderExtension.init:(Lio/gitlab/arturbosch/detekt/api/Config;)V' using 'SiM (!sp, fnm, df, !ris)'
================================================================================
13:22:33.579 [INFO]  [Creating]     [35/79] io.gitlab.arturbosch.detekt.rules.documentation.LicenceHeaderLoaderExtension.init
13:22:33.579 [INFO]  [Creating]     [35/79]   Diffblue AI was unable to find a test
13:22:33.580 [INFO]  [Creating] 
================================================================================
= Creating tests for 'io.gitlab.arturbosch.detekt.rules.documentation.LicenceHeaderLoaderExtension.init:(Lio/gitlab/arturbosch/detekt/api/SetupContext;)V' using 'SiM (!sp, fnm, df, !ris)'
================================================================================
13:22:33.626 [INFO]  [Creating]     [36/79] io.gitlab.arturbosch.detekt.rules.documentation.LicenceHeaderLoaderExtension.init
13:22:33.626 [INFO]  [Creating]     [36/79]   R034: Diffblue Cover can't complete test
13:22:33.627 [INFO]  [Creating]     [36/79]     Diffblue Cover was unable to complete the test.
13:22:33.627 [INFO]  [Creating]     [36/79]     Try to increase the number of fuzzing iterations if non-default
13:22:33.627 [INFO]  [Creating]     [36/79]     value is used.
13:22:33.627 [INFO]  [Creating]     [36/79]     See https://diff.blue/R034 for further troubleshooting of this issue.
13:22:33.627 [INFO]  [Creating] 
================================================================================
= Creating tests for 'io.gitlab.arturbosch.detekt.rules.documentation.LicenceHeaderLoaderExtension.onFinish:(Ljava/util/List;Lio/gitlab/arturbosch/detekt/api/Detektion;)V' using 'SiM (!sp, fnm, df, !ris)'
================================================================================
13:22:34.209 [INFO]  [Creating]     [37/79] io.gitlab.arturbosch.detekt.rules.documentation.LicenceHeaderLoaderExtension.onFinish
13:22:34.209 [INFO]  [Creating]     [37/79]   Diffblue AI was unable to find a test
13:22:34.210 [INFO]  [Creating] 
================================================================================
= Creating tests for 'io.gitlab.arturbosch.detekt.rules.documentation.LicenceHeaderLoaderExtension.onFinish:(Ljava/util/List;Lio/gitlab/arturbosch/detekt/api/Detektion;Lorg/jetbrains/kotlin/resolve/BindingContext;)V' using 'SiM (!sp, fnm, df, !ris)'
================================================================================
13:22:34.361 [INFO]  [Creating] Could not load class: Could not initialize class org.jetbrains.kotlin.com.intellij.openapi.progress.impl.CoreProgressManager
13:22:34.361 [INFO]  [Creating] An exception occurred: java.lang.NoClassDefFoundError: Could not initialize class org.jetbrains.kotlin.com.intellij.openapi.progress.impl.CoreProgressManager
	at java.base/jdk.internal.reflect.NativeConstructorAccessorImpl.newInstance0(Native Method)
	at java.base/jdk.internal.reflect.NativeConstructorAccessorImpl.newInstance(NativeConstructorAccessorImpl.java:62)
	at java.base/jdk.internal.reflect.DelegatingConstructorAccessorImpl.newInstance(DelegatingConstructorAccessorImpl.java:45)
13:22:34.365 [INFO]  [Creating]     [38/79] io.gitlab.arturbosch.detekt.rules.documentation.LicenceHeaderLoaderExtension.onFinish
13:22:34.365 [INFO]  [Creating]     [38/79]   R011: Sandboxing policy violation
13:22:34.365 [INFO]  [Creating]     [38/79]     Diffblue Cover ran code in your project that tried
13:22:34.365 [INFO]  [Creating]     [38/79]       to access 'sun.misc'.
13:22:34.365 [INFO]  [Creating]     [38/79]     Diffblue Cover's default sandboxing policy disallows this in order to prevent
13:22:34.365 [INFO]  [Creating]     [38/79]     your code from damaging your system environment.
13:22:34.365 [INFO]  [Creating]     [38/79]     See https://diff.blue/R011 to resolve this issue.
13:22:34.366 [INFO]  [Creating] 
================================================================================
= Creating tests for 'io.gitlab.arturbosch.detekt.rules.documentation.LicenceHeaderLoaderExtension.onProcess:(Lorg/jetbrains/kotlin/psi/KtFile;)V' using 'SiM (!sp, fnm, df, !ris)'
================================================================================
13:22:34.409 [INFO]  [Creating]     [39/79] io.gitlab.arturbosch.detekt.rules.documentation.LicenceHeaderLoaderExtension.onProcess
13:22:34.409 [INFO]  [Creating]     [39/79]   R011: Sandboxing policy violation
13:22:34.405 [INFO]  [Creating] Could not load class: Could not initialize class org.jetbrains.kotlin.com.intellij.openapi.progress.impl.CoreProgressManager
13:22:34.409 [INFO]  [Creating]     [39/79]     Diffblue Cover ran code in your project that tried
13:22:34.409 [INFO]  [Creating]     [39/79]       to access 'sun.misc'.
13:22:34.409 [INFO]  [Creating]     [39/79]     Diffblue Cover's default sandboxing policy disallows this in order to prevent
13:22:34.409 [INFO]  [Creating]     [39/79]     your code from damaging your system environment.
13:22:34.409 [INFO]  [Creating]     [39/79]     See https://diff.blue/R011 to resolve this issue.
13:22:34.405 [INFO]  [Creating] An exception occurred: java.lang.NoClassDefFoundError: Could not initialize class org.jetbrains.kotlin.com.intellij.openapi.progress.impl.CoreProgressManager
	at java.base/jdk.internal.reflect.NativeConstructorAccessorImpl.newInstance0(Native Method)
	at java.base/jdk.internal.reflect.NativeConstructorAccessorImpl.newInstance(NativeConstructorAccessorImpl.java:62)
	at java.base/jdk.internal.reflect.DelegatingConstructorAccessorImpl.newInstance(DelegatingConstructorAccessorImpl.java:45)
13:22:34.410 [INFO]  [Creating] 
================================================================================
= Creating tests for 'io.gitlab.arturbosch.detekt.rules.documentation.LicenceHeaderLoaderExtension.onProcess:(Lorg/jetbrains/kotlin/psi/KtFile;Lorg/jetbrains/kotlin/resolve/BindingContext;)V' using 'SiM (!sp, fnm, df, !ris)'
================================================================================
13:22:34.464 [INFO]  [Creating] Could not load class: Could not initialize class org.jetbrains.kotlin.com.intellij.openapi.progress.impl.CoreProgressManager
13:22:34.464 [INFO]  [Creating] An exception occurred: java.lang.NoClassDefFoundError: Could not initialize class org.jetbrains.kotlin.com.intellij.openapi.progress.impl.CoreProgressManager
	at java.base/jdk.internal.reflect.NativeConstructorAccessorImpl.newInstance0(Native Method)
	at java.base/jdk.internal.reflect.NativeConstructorAccessorImpl.newInstance(NativeConstructorAccessorImpl.java:62)
	at java.base/jdk.internal.reflect.DelegatingConstructorAccessorImpl.newInstance(DelegatingConstructorAccessorImpl.java:45)
13:22:34.468 [INFO]  [Creating]     [40/79] io.gitlab.arturbosch.detekt.rules.documentation.LicenceHeaderLoaderExtension.onProcess
13:22:34.468 [INFO]  [Creating]     [40/79]   R011: Sandboxing policy violation
13:22:34.468 [INFO]  [Creating]     [40/79]     Diffblue Cover ran code in your project that tried
13:22:34.468 [INFO]  [Creating]     [40/79]       to access 'sun.misc'.
13:22:34.468 [INFO]  [Creating]     [40/79]     Diffblue Cover's default sandboxing policy disallows this in order to prevent
13:22:34.468 [INFO]  [Creating]     [40/79]     your code from damaging your system environment.
13:22:34.468 [INFO]  [Creating]     [40/79]     See https://diff.blue/R011 to resolve this issue.
13:22:34.469 [INFO]  [Creating] 
================================================================================
= Creating tests for 'io.gitlab.arturbosch.detekt.rules.documentation.LicenceHeaderLoaderExtension.onProcessComplete:(Lorg/jetbrains/kotlin/psi/KtFile;Ljava/util/Map;)V' using 'SiM (!sp, fnm, df, !ris)'
================================================================================
13:22:34.524 [INFO]  [Creating] Could not load class: Could not initialize class org.jetbrains.kotlin.com.intellij.openapi.progress.impl.CoreProgressManager
13:22:34.524 [INFO]  [Creating] An exception occurred: java.lang.NoClassDefFoundError: Could not initialize class org.jetbrains.kotlin.com.intellij.openapi.progress.impl.CoreProgressManager
	at java.base/jdk.internal.reflect.NativeConstructorAccessorImpl.newInstance0(Native Method)
	at java.base/jdk.internal.reflect.NativeConstructorAccessorImpl.newInstance(NativeConstructorAccessorImpl.java:62)
	at java.base/jdk.internal.reflect.DelegatingConstructorAccessorImpl.newInstance(DelegatingConstructorAccessorImpl.java:45)
13:22:34.528 [INFO]  [Creating]     [41/79] io.gitlab.arturbosch.detekt.rules.documentation.LicenceHeaderLoaderExtension.onProcessComplete
13:22:34.528 [INFO]  [Creating]     [41/79]   R011: Sandboxing policy violation
13:22:34.528 [INFO]  [Creating]     [41/79]     Diffblue Cover ran code in your project that tried
13:22:34.528 [INFO]  [Creating]     [41/79]       to access 'sun.misc'.
13:22:34.528 [INFO]  [Creating]     [41/79]     Diffblue Cover's default sandboxing policy disallows this in order to prevent
13:22:34.528 [INFO]  [Creating]     [41/79]     your code from damaging your system environment.
13:22:34.528 [INFO]  [Creating]     [41/79]     See https://diff.blue/R011 to resolve this issue.
13:22:34.528 [INFO]  [Creating] 
================================================================================
= Creating tests for 'io.gitlab.arturbosch.detekt.rules.documentation.LicenceHeaderLoaderExtension.onProcessComplete:(Lorg/jetbrains/kotlin/psi/KtFile;Ljava/util/Map;Lorg/jetbrains/kotlin/resolve/BindingContext;)V' using 'SiM (!sp, fnm, df, !ris)'
================================================================================
13:22:34.631 [INFO]  [Creating] Could not load class: Could not initialize class org.jetbrains.kotlin.com.intellij.openapi.progress.impl.CoreProgressManager
13:22:34.631 [INFO]  [Creating] An exception occurred: java.lang.NoClassDefFoundError: Could not initialize class org.jetbrains.kotlin.com.intellij.openapi.progress.impl.CoreProgressManager
	at java.base/jdk.internal.reflect.NativeConstructorAccessorImpl.newInstance0(Native Method)
	at java.base/jdk.internal.reflect.NativeConstructorAccessorImpl.newInstance(NativeConstructorAccessorImpl.java:62)
	at java.base/jdk.internal.reflect.DelegatingConstructorAccessorImpl.newInstance(DelegatingConstructorAccessorImpl.java:45)
13:22:34.635 [INFO]  [Creating]     [42/79] io.gitlab.arturbosch.detekt.rules.documentation.LicenceHeaderLoaderExtension.onProcessComplete
13:22:34.635 [INFO]  [Creating]     [42/79]   R011: Sandboxing policy violation
13:22:34.635 [INFO]  [Creating]     [42/79]     Diffblue Cover ran code in your project that tried
13:22:34.635 [INFO]  [Creating]     [42/79]       to access 'sun.misc'.
13:22:34.635 [INFO]  [Creating]     [42/79]     Diffblue Cover's default sandboxing policy disallows this in order to prevent
13:22:34.635 [INFO]  [Creating]     [42/79]     your code from damaging your system environment.
13:22:34.635 [INFO]  [Creating]     [42/79]     See https://diff.blue/R011 to resolve this issue.
13:22:34.635 [INFO]  [Creating] 
================================================================================
= Creating tests for 'io.gitlab.arturbosch.detekt.rules.documentation.LicenceHeaderLoaderExtension.onStart:(Ljava/util/List;)V' using 'SiM (!sp, fnm, df, !ris)'
================================================================================
13:22:34.725 [INFO]  [Creating]     [43/79] io.gitlab.arturbosch.detekt.rules.documentation.LicenceHeaderLoaderExtension.onStart
13:22:34.725 [INFO]  [Creating]     [43/79]   R011: Sandboxing policy violation
13:22:34.725 [INFO]  [Creating]     [43/79]     Diffblue Cover ran code in your project that tried
13:22:34.725 [INFO]  [Creating]     [43/79]       to access 'sun.misc'.
13:22:34.725 [INFO]  [Creating]     [43/79]     Diffblue Cover's default sandboxing policy disallows this in order to prevent
13:22:34.725 [INFO]  [Creating]     [43/79]     your code from damaging your system environment.
13:22:34.725 [INFO]  [Creating]     [43/79]     See https://diff.blue/R011 to resolve this issue.
13:22:34.721 [INFO]  [Creating] Could not load class: Could not initialize class org.jetbrains.kotlin.com.intellij.openapi.progress.impl.CoreProgressManager
13:22:34.721 [INFO]  [Creating] An exception occurred: java.lang.NoClassDefFoundError: Could not initialize class org.jetbrains.kotlin.com.intellij.openapi.progress.impl.CoreProgressManager
	at java.base/jdk.internal.reflect.NativeConstructorAccessorImpl.newInstance0(Native Method)
	at java.base/jdk.internal.reflect.NativeConstructorAccessorImpl.newInstance(NativeConstructorAccessorImpl.java:62)
	at java.base/jdk.internal.reflect.DelegatingConstructorAccessorImpl.newInstance(DelegatingConstructorAccessorImpl.java:45)
13:22:34.726 [INFO]  [Creating] 
================================================================================
= Creating tests for 'io.gitlab.arturbosch.detekt.rules.documentation.LicenceHeaderLoaderExtension.onStart:(Ljava/util/List;Lorg/jetbrains/kotlin/resolve/BindingContext;)V' using 'SiM (!sp, fnm, df, !ris)'
================================================================================
13:22:35.280 [INFO]  [Creating]     [44/79] io.gitlab.arturbosch.detekt.rules.documentation.LicenceHeaderLoaderExtension.onStart
13:22:35.280 [INFO]  [Creating]     [44/79]   R011: Sandboxing policy violation
13:22:35.280 [INFO]  [Creating]     [44/79]     Diffblue Cover ran code in your project that tried
13:22:35.280 [INFO]  [Creating]     [44/79]       to access 'sun.misc'.
13:22:35.280 [INFO]  [Creating]     [44/79]     Diffblue Cover's default sandboxing policy disallows this in order to prevent
13:22:35.280 [INFO]  [Creating]     [44/79]     your code from damaging your system environment.
13:22:35.280 [INFO]  [Creating]     [44/79]     See https://diff.blue/R011 to resolve this issue.
13:22:35.281 [INFO]  [Creating] [10/16] io.gitlab.arturbosch.detekt.rules.documentation.LicenceHeaderLoaderExtension
13:22:35.282 [INFO]  [Creating] [10/16]   Tests created: 3
13:22:35.282 [INFO]  [Creating] 
================================================================================
= Starting analysis for class 'io.gitlab.arturbosch.detekt.rules.documentation.LicenceHeaderLoaderExtensionKt'
================================================================================
13:22:35.282 [INFO]  [Creating] Filtering out non-testable methods...
13:22:35.282 [INFO]  [Creating] Filtering of methods complete. Creating analysis request
13:22:35.282 [INFO]  [Creating] Attempting to get service client, retry 1.
13:22:35.276 [INFO]  [Creating] Could not load class: Could not initialize class org.jetbrains.kotlin.com.intellij.openapi.progress.impl.CoreProgressManager
13:22:35.276 [INFO]  [Creating] An exception occurred: java.lang.NoClassDefFoundError: Could not initialize class org.jetbrains.kotlin.com.intellij.openapi.progress.impl.CoreProgressManager
	at java.base/jdk.internal.reflect.NativeConstructorAccessorImpl.newInstance0(Native Method)
	at java.base/jdk.internal.reflect.NativeConstructorAccessorImpl.newInstance(NativeConstructorAccessorImpl.java:62)
	at java.base/jdk.internal.reflect.DelegatingConstructorAccessorImpl.newInstance(DelegatingConstructorAccessorImpl.java:45)
13:22:35.294 [INFO]  [Creating]     [45/79] io.gitlab.arturbosch.detekt.rules.documentation.LicenceHeaderLoaderExtensionKt.getLICENCE_KEY
13:22:35.294 [INFO]  [Creating]     [46/79] io.gitlab.arturbosch.detekt.rules.documentation.LicenceHeaderLoaderExtensionKt.getLICENCE_REGEX_KEY
13:22:35.294 [INFO]  [Creating]     [47/79] io.gitlab.arturbosch.detekt.rules.documentation.LicenceHeaderLoaderExtensionKt.getLicenseHeader
13:22:35.294 [INFO]  [Creating]     [48/79] io.gitlab.arturbosch.detekt.rules.documentation.LicenceHeaderLoaderExtensionKt.getLicenseHeaderRegex
13:22:35.294 [INFO]  [Creating]     [49/79] io.gitlab.arturbosch.detekt.rules.documentation.LicenceHeaderLoaderExtensionKt.hasLicenseHeader
13:22:35.294 [INFO]  [Creating]     [50/79] io.gitlab.arturbosch.detekt.rules.documentation.LicenceHeaderLoaderExtensionKt.hasLicenseHeaderRegex
13:22:35.294 [INFO]  [Creating]     [50/79]   R011: Sandboxing policy violation
13:22:35.294 [INFO]  [Creating]     [50/79]     Diffblue Cover ran code in your project that tried
13:22:35.294 [INFO]  [Creating]     [50/79]       to access 'sun.misc'.
13:22:35.294 [INFO]  [Creating]     [50/79]     Diffblue Cover's default sandboxing policy disallows this in order to prevent
13:22:35.294 [INFO]  [Creating]     [50/79]     your code from damaging your system environment.
13:22:35.294 [INFO]  [Creating]     [50/79]     See https://diff.blue/R011 to resolve this issue.
13:22:35.296 [INFO]  [Creating] [11/16] io.gitlab.arturbosch.detekt.rules.documentation.LicenceHeaderLoaderExtensionKt
13:22:35.296 [INFO]  [Creating] [11/16]   Tests created: 0
13:22:35.296 [INFO]  [Creating] 
================================================================================
= Starting analysis for class 'io.gitlab.arturbosch.detekt.rules.documentation.OutdatedDocumentation'
================================================================================
13:22:35.296 [INFO]  [Creating] Filtering out non-testable methods...
13:22:35.296 [INFO]  [Creating] Filtering of methods complete. Creating analysis request
13:22:35.296 [INFO]  [Creating] Attempting to get service client, retry 1.
13:22:35.347 [INFO]  [Creating] 
================================================================================
= Creating tests for 'io.gitlab.arturbosch.detekt.rules.documentation.OutdatedDocumentation.getIssue:()Lio/gitlab/arturbosch/detekt/api/Issue;' using 'TrM (!sp, !fnm, df, !ris)'
================================================================================
13:22:35.360 [INFO]  [Creating]     [51/79] io.gitlab.arturbosch.detekt.rules.documentation.OutdatedDocumentation.getIssue
13:22:35.360 [INFO]  [Creating]     [51/79]   R081: Exception in arrange section
13:22:35.360 [INFO]  [Creating]     [51/79]     Diffblue Cover was unable to construct an instance of the class under test using
13:22:35.360 [INFO]  [Creating]     [51/79]     io.gitlab.arturbosch.detekt.rules.documentation.OutdatedDocumentation.<init>().
13:22:35.360 [INFO]  [Creating]     [51/79]     The arrange section threw
13:22:35.360 [INFO]  [Creating]     [51/79]     java.lang.NoClassDefFoundError: Could not initialize class org.jetbrains.kotlin.resolve.BindingContext
13:22:35.360 [INFO]  [Creating]     [51/79]         at io.gitlab.arturbosch.detekt.api.BaseRule.<init>(BaseRule.kt:25)
13:22:35.360 [INFO]  [Creating]     [51/79]         at io.gitlab.arturbosch.detekt.api.Rule.<init>(Rule.kt:23)
13:22:35.360 [INFO]  [Creating]     [51/79]         at io.gitlab.arturbosch.detekt.api.Rule.<init>(Rule.kt:20)
13:22:35.360 [INFO]  [Creating]     [51/79]         at io.gitlab.arturbosch.detekt.rules.documentation.OutdatedDocumentation.<init>(OutdatedDocumentation.kt:67)
13:22:35.360 [INFO]  [Creating]     [51/79]         at io.gitlab.arturbosch.detekt.rules.documentation.OutdatedDocumentation.<init>(OutdatedDocumentation.kt:67)
13:22:35.360 [INFO]  [Creating]     [51/79]         at io.gitlab.arturbosch.detekt.rules.documentation.OutdatedDocumentation.<init>(OutdatedDocumentation.kt)
13:22:35.360 [INFO]  [Creating]     [51/79]     More information about the exception is provided in the support log.
13:22:35.360 [INFO]  [Creating]     [51/79]     See https://diff.blue/R081 for further troubleshooting of this issue.
13:22:35.361 [INFO]  [Creating] 
================================================================================
= Creating tests for 'io.gitlab.arturbosch.detekt.rules.documentation.OutdatedDocumentation.<init>:()V' using 'SiM (!sp, fnm, df, !ris)'
================================================================================
13:22:35.585 [INFO]  [Creating]     [52/79] io.gitlab.arturbosch.detekt.rules.documentation.OutdatedDocumentation.<init>
13:22:35.585 [INFO]  [Creating]     [52/79]   R011: Sandboxing policy violation
13:22:35.585 [INFO]  [Creating]     [52/79]     Diffblue Cover ran code in your project that tried
13:22:35.585 [INFO]  [Creating]     [52/79]       to access 'sun.misc'.
13:22:35.585 [INFO]  [Creating]     [52/79]     Diffblue Cover's default sandboxing policy disallows this in order to prevent
13:22:35.585 [INFO]  [Creating]     [52/79]     your code from damaging your system environment.
13:22:35.585 [INFO]  [Creating]     [52/79]     See https://diff.blue/R011 to resolve this issue.
13:22:35.586 [INFO]  [Creating] 
================================================================================
= Creating tests for 'io.gitlab.arturbosch.detekt.rules.documentation.OutdatedDocumentation.<init>:(Lio/gitlab/arturbosch/detekt/api/Config;)V' using 'SiM (!sp, fnm, df, !ris)'
================================================================================
13:22:35.823 [INFO]  [Creating]     [53/79] io.gitlab.arturbosch.detekt.rules.documentation.OutdatedDocumentation.<init>
13:22:35.823 [INFO]  [Creating]     [53/79]   R013: No inputs found that don't throw a trivial exception
13:22:35.823 [INFO]  [Creating]     [53/79]     Diffblue Cover tried to run the arrange/act section, but the test threw
13:22:35.823 [INFO]  [Creating]     [53/79]     java.lang.NullPointerException: Parameter specified as non-null is null: method io.gitlab.arturbosch.detekt.rules.documentation.OutdatedDocumentation.<init>, parameter config
13:22:35.823 [INFO]  [Creating]     [53/79]         at io.gitlab.arturbosch.detekt.rules.documentation.OutdatedDocumentation.<init>(OutdatedDocumentation.kt)
13:22:35.823 [INFO]  [Creating]     [53/79]     In order to prevent <init>(Config)
13:22:35.823 [INFO]  [Creating]     [53/79]     from throwing NullPointerException, add constructors or factory
13:22:35.823 [INFO]  [Creating]     [53/79]     methods that make it easier to construct fully initialized objects used in
13:22:35.823 [INFO]  [Creating]     [53/79]     <init>(Config).
13:22:35.823 [INFO]  [Creating]     [53/79]     See https://diff.blue/R013 to resolve this issue.
13:22:35.824 [INFO]  [Creating] 
================================================================================
= Creating tests for 'io.gitlab.arturbosch.detekt.rules.documentation.OutdatedDocumentation.visitClass:(Lorg/jetbrains/kotlin/psi/KtClass;)V' using 'SiM (!sp, fnm, df, !ris)'
================================================================================
13:22:35.954 [INFO]  [Creating]     [54/79] io.gitlab.arturbosch.detekt.rules.documentation.OutdatedDocumentation.visitClass
13:22:35.954 [INFO]  [Creating]     [54/79]   R034: Diffblue Cover can't complete test
13:22:35.954 [INFO]  [Creating]     [54/79]     Diffblue Cover was unable to complete the test.
13:22:35.954 [INFO]  [Creating]     [54/79]     Try to increase the number of fuzzing iterations if non-default
13:22:35.954 [INFO]  [Creating]     [54/79]     value is used.
13:22:35.954 [INFO]  [Creating]     [54/79]     See https://diff.blue/R034 for further troubleshooting of this issue.
13:22:35.955 [INFO]  [Creating] 
================================================================================
= Creating tests for 'io.gitlab.arturbosch.detekt.rules.documentation.OutdatedDocumentation.visitNamedFunction:(Lorg/jetbrains/kotlin/psi/KtNamedFunction;)V' using 'SiM (!sp, fnm, df, !ris)'
================================================================================
13:22:36.063 [INFO]  [Creating]     [55/79] io.gitlab.arturbosch.detekt.rules.documentation.OutdatedDocumentation.visitNamedFunction
13:22:36.063 [INFO]  [Creating]     [55/79]   R034: Diffblue Cover can't complete test
13:22:36.063 [INFO]  [Creating]     [55/79]     Diffblue Cover was unable to complete the test.
13:22:36.063 [INFO]  [Creating]     [55/79]     Try to increase the number of fuzzing iterations if non-default
13:22:36.063 [INFO]  [Creating]     [55/79]     value is used.
13:22:36.063 [INFO]  [Creating]     [55/79]     See https://diff.blue/R034 for further troubleshooting of this issue.
13:22:36.064 [INFO]  [Creating] 
================================================================================
= Creating tests for 'io.gitlab.arturbosch.detekt.rules.documentation.OutdatedDocumentation.visitSecondaryConstructor:(Lorg/jetbrains/kotlin/psi/KtSecondaryConstructor;)V' using 'SiM (!sp, fnm, df, !ris)'
================================================================================
13:22:36.191 [INFO]  [Creating]     [56/79] io.gitlab.arturbosch.detekt.rules.documentation.OutdatedDocumentation.visitSecondaryConstructor
13:22:36.191 [INFO]  [Creating]     [56/79]   R034: Diffblue Cover can't complete test
13:22:36.191 [INFO]  [Creating]     [56/79]     Diffblue Cover was unable to complete the test.
13:22:36.191 [INFO]  [Creating]     [56/79]     Try to increase the number of fuzzing iterations if non-default
13:22:36.191 [INFO]  [Creating]     [56/79]     value is used.
13:22:36.191 [INFO]  [Creating]     [56/79]     See https://diff.blue/R034 for further troubleshooting of this issue.
13:22:36.192 [INFO]  [Creating] [12/16] io.gitlab.arturbosch.detekt.rules.documentation.OutdatedDocumentation
13:22:36.192 [INFO]  [Creating] [12/16]   Tests created: 0
13:22:36.192 [INFO]  [Creating] 
================================================================================
= Starting analysis for class 'io.gitlab.arturbosch.detekt.rules.documentation.OutdatedDocumentation$Declaration'
================================================================================
13:22:36.192 [INFO]  [Creating] Filtering out non-testable methods...
13:22:36.193 [INFO]  [Creating] Filtering of methods complete. Creating analysis request
13:22:36.193 [INFO]  [Creating] Attempting to get service client, retry 1.
13:22:36.218 [INFO]  [Creating] 
================================================================================
= Creating tests for 'io.gitlab.arturbosch.detekt.rules.documentation.OutdatedDocumentation$Declaration.getName:()Ljava/lang/String;, io.gitlab.arturbosch.detekt.rules.documentation.OutdatedDocumentation$Declaration.getType:()Lio/gitlab/arturbosch/detekt/rules/documentation/OutdatedDocumentation$DeclarationType;, io.gitlab.arturbosch.detekt.rules.documentation.OutdatedDocumentation$Declaration.toString:()Ljava/lang/String;' using 'TrM (!sp, !fnm, df, !ris)'
================================================================================
13:22:36.484 [INFO]  [Creating]     [57/79] io.gitlab.arturbosch.detekt.rules.documentation.OutdatedDocumentation$Declaration.getName
13:22:36.484 [INFO]  [Creating]     [58/79] io.gitlab.arturbosch.detekt.rules.documentation.OutdatedDocumentation$Declaration.getType
13:22:36.484 [INFO]  [Creating]     [59/79] io.gitlab.arturbosch.detekt.rules.documentation.OutdatedDocumentation$Declaration.toString
13:22:36.484 [INFO]  [Creating]     [59/79]   Tests created: 1
13:22:36.485 [INFO]  [Creating] 
================================================================================
= Creating tests for 'io.gitlab.arturbosch.detekt.rules.documentation.OutdatedDocumentation$Declaration.equals:(Ljava/lang/Object;)Z, io.gitlab.arturbosch.detekt.rules.documentation.OutdatedDocumentation$Declaration.hashCode:()I' using 'EqH (!sp, !fnm, df, !ris)'
================================================================================
13:22:37.815 [INFO]  [Creating]     [60/79] io.gitlab.arturbosch.detekt.rules.documentation.OutdatedDocumentation$Declaration.equals
13:22:37.815 [INFO]  [Creating]     [61/79] io.gitlab.arturbosch.detekt.rules.documentation.OutdatedDocumentation$Declaration.hashCode
13:22:37.815 [INFO]  [Creating]     [61/79]   Tests created: 6
13:22:37.816 [INFO]  [Creating] 
================================================================================
= Creating tests for 'io.gitlab.arturbosch.detekt.rules.documentation.OutdatedDocumentation$Declaration.<init>:(Ljava/lang/String;Lio/gitlab/arturbosch/detekt/rules/documentation/OutdatedDocumentation$DeclarationType;)V' using 'SiM (!sp, fnm, df, !ris)'
================================================================================
13:22:38.127 [INFO]  [Creating]     [62/79] io.gitlab.arturbosch.detekt.rules.documentation.OutdatedDocumentation$Declaration.<init>
13:22:38.127 [INFO]  [Creating]     [62/79]   Tests created: 1
13:22:38.128 [INFO]  [Creating] 
================================================================================
= Creating tests for 'io.gitlab.arturbosch.detekt.rules.documentation.OutdatedDocumentation$Declaration.component1:()Ljava/lang/String;' using 'SiM (!sp, fnm, df, !ris)'
================================================================================
13:22:38.338 [INFO]  [Creating]     [63/79] io.gitlab.arturbosch.detekt.rules.documentation.OutdatedDocumentation$Declaration.component1
13:22:38.338 [INFO]  [Creating]     [63/79]   Tests created: 1
13:22:38.339 [INFO]  [Creating] 
================================================================================
= Creating tests for 'io.gitlab.arturbosch.detekt.rules.documentation.OutdatedDocumentation$Declaration.component2:()Lio/gitlab/arturbosch/detekt/rules/documentation/OutdatedDocumentation$DeclarationType;' using 'SiM (!sp, fnm, df, !ris)'
================================================================================
13:22:38.547 [INFO]  [Creating]     [64/79] io.gitlab.arturbosch.detekt.rules.documentation.OutdatedDocumentation$Declaration.component2
13:22:38.547 [INFO]  [Creating]     [64/79]   Tests created: 1
13:22:38.548 [INFO]  [Creating] 
================================================================================
= Creating tests for 'io.gitlab.arturbosch.detekt.rules.documentation.OutdatedDocumentation$Declaration.copy:(Ljava/lang/String;Lio/gitlab/arturbosch/detekt/rules/documentation/OutdatedDocumentation$DeclarationType;)Lio/gitlab/arturbosch/detekt/rules/documentation/OutdatedDocumentation$Declaration;' using 'SiM (!sp, fnm, df, !ris)'
================================================================================
13:22:39.203 [INFO]  [Creating]     [65/79] io.gitlab.arturbosch.detekt.rules.documentation.OutdatedDocumentation$Declaration.copy
13:22:39.203 [INFO]  [Creating]     [65/79]   Tests created: 1
13:22:39.205 [INFO]  [Creating] [13/16] io.gitlab.arturbosch.detekt.rules.documentation.OutdatedDocumentation$Declaration
13:22:39.205 [INFO]  [Creating] [13/16]   Tests created: 11
13:22:39.205 [INFO]  [Creating] 
================================================================================
= Starting analysis for class 'io.gitlab.arturbosch.detekt.rules.documentation.UndocumentedPublicClass'
================================================================================
13:22:39.205 [INFO]  [Creating] Filtering out non-testable methods...
13:22:39.205 [INFO]  [Creating] Filtering of methods complete. Creating analysis request
13:22:39.205 [INFO]  [Creating] Attempting to get service client, retry 1.
13:22:39.232 [INFO]  [Creating] 
================================================================================
= Creating tests for 'io.gitlab.arturbosch.detekt.rules.documentation.UndocumentedPublicClass.getIssue:()Lio/gitlab/arturbosch/detekt/api/Issue;' using 'TrM (!sp, !fnm, df, !ris)'
================================================================================
13:22:39.246 [INFO]  [Creating]     [66/79] io.gitlab.arturbosch.detekt.rules.documentation.UndocumentedPublicClass.getIssue
13:22:39.246 [INFO]  [Creating]     [66/79]   R081: Exception in arrange section
13:22:39.246 [INFO]  [Creating]     [66/79]     Diffblue Cover was unable to construct an instance of the class under test using
13:22:39.246 [INFO]  [Creating]     [66/79]     io.gitlab.arturbosch.detekt.rules.documentation.UndocumentedPublicClass.<init>().
13:22:39.246 [INFO]  [Creating]     [66/79]     The arrange section threw
13:22:39.246 [INFO]  [Creating]     [66/79]     java.lang.NoClassDefFoundError: Could not initialize class org.jetbrains.kotlin.resolve.BindingContext
13:22:39.246 [INFO]  [Creating]     [66/79]         at io.gitlab.arturbosch.detekt.api.BaseRule.<init>(BaseRule.kt:25)
13:22:39.246 [INFO]  [Creating]     [66/79]         at io.gitlab.arturbosch.detekt.api.Rule.<init>(Rule.kt:23)
13:22:39.246 [INFO]  [Creating]     [66/79]         at io.gitlab.arturbosch.detekt.api.Rule.<init>(Rule.kt:20)
13:22:39.246 [INFO]  [Creating]     [66/79]         at io.gitlab.arturbosch.detekt.rules.documentation.UndocumentedPublicClass.<init>(UndocumentedPublicClass.kt:26)
13:22:39.246 [INFO]  [Creating]     [66/79]         at io.gitlab.arturbosch.detekt.rules.documentation.UndocumentedPublicClass.<init>(UndocumentedPublicClass.kt:26)
13:22:39.246 [INFO]  [Creating]     [66/79]         at io.gitlab.arturbosch.detekt.rules.documentation.UndocumentedPublicClass.<init>(UndocumentedPublicClass.kt)
13:22:39.246 [INFO]  [Creating]     [66/79]     More information about the exception is provided in the support log.
13:22:39.246 [INFO]  [Creating]     [66/79]     See https://diff.blue/R081 for further troubleshooting of this issue.
13:22:39.247 [INFO]  [Creating] 
================================================================================
= Creating tests for 'io.gitlab.arturbosch.detekt.rules.documentation.UndocumentedPublicClass.<init>:()V' using 'SiM (!sp, fnm, df, !ris)'
================================================================================
13:22:39.326 [INFO]  [Creating]     [67/79] io.gitlab.arturbosch.detekt.rules.documentation.UndocumentedPublicClass.<init>
13:22:39.326 [INFO]  [Creating]     [67/79]   R011: Sandboxing policy violation
13:22:39.326 [INFO]  [Creating]     [67/79]     Diffblue Cover ran code in your project that tried
13:22:39.326 [INFO]  [Creating]     [67/79]       to access 'sun.misc'.
13:22:39.326 [INFO]  [Creating]     [67/79]     Diffblue Cover's default sandboxing policy disallows this in order to prevent
13:22:39.326 [INFO]  [Creating]     [67/79]     your code from damaging your system environment.
13:22:39.326 [INFO]  [Creating]     [67/79]     See https://diff.blue/R011 to resolve this issue.
13:22:39.327 [INFO]  [Creating] 
================================================================================
= Creating tests for 'io.gitlab.arturbosch.detekt.rules.documentation.UndocumentedPublicClass.<init>:(Lio/gitlab/arturbosch/detekt/api/Config;)V' using 'SiM (!sp, fnm, df, !ris)'
================================================================================
13:22:39.543 [INFO]  [Creating]     [68/79] io.gitlab.arturbosch.detekt.rules.documentation.UndocumentedPublicClass.<init>
13:22:39.543 [INFO]  [Creating]     [68/79]   R013: No inputs found that don't throw a trivial exception
13:22:39.543 [INFO]  [Creating]     [68/79]     Diffblue Cover tried to run the arrange/act section, but the test threw
13:22:39.543 [INFO]  [Creating]     [68/79]     java.lang.NullPointerException: Parameter specified as non-null is null: method io.gitlab.arturbosch.detekt.rules.documentation.UndocumentedPublicClass.<init>, parameter config
13:22:39.543 [INFO]  [Creating]     [68/79]         at io.gitlab.arturbosch.detekt.rules.documentation.UndocumentedPublicClass.<init>(UndocumentedPublicClass.kt)
13:22:39.543 [INFO]  [Creating]     [68/79]     In order to prevent <init>(Config)
13:22:39.543 [INFO]  [Creating]     [68/79]     from throwing NullPointerException, add constructors or factory
13:22:39.543 [INFO]  [Creating]     [68/79]     methods that make it easier to construct fully initialized objects used in
13:22:39.543 [INFO]  [Creating]     [68/79]     <init>(Config).
13:22:39.543 [INFO]  [Creating]     [68/79]     See https://diff.blue/R013 to resolve this issue.
13:22:39.545 [INFO]  [Creating] 
================================================================================
= Creating tests for 'io.gitlab.arturbosch.detekt.rules.documentation.UndocumentedPublicClass.visitClass:(Lorg/jetbrains/kotlin/psi/KtClass;)V' using 'SiM (!sp, fnm, df, !ris)'
================================================================================
13:22:39.779 [INFO]  [Creating]     [69/79] io.gitlab.arturbosch.detekt.rules.documentation.UndocumentedPublicClass.visitClass
13:22:39.779 [INFO]  [Creating]     [69/79]   R034: Diffblue Cover can't complete test
13:22:39.779 [INFO]  [Creating]     [69/79]     Diffblue Cover was unable to complete the test.
13:22:39.779 [INFO]  [Creating]     [69/79]     Try to increase the number of fuzzing iterations if non-default
13:22:39.779 [INFO]  [Creating]     [69/79]     value is used.
13:22:39.779 [INFO]  [Creating]     [69/79]     See https://diff.blue/R034 for further troubleshooting of this issue.
13:22:39.779 [INFO]  [Creating] 
================================================================================
= Creating tests for 'io.gitlab.arturbosch.detekt.rules.documentation.UndocumentedPublicClass.visitObjectDeclaration:(Lorg/jetbrains/kotlin/psi/KtObjectDeclaration;)V' using 'SiM (!sp, fnm, df, !ris)'
================================================================================
13:22:40.024 [INFO]  [Creating]     [70/79] io.gitlab.arturbosch.detekt.rules.documentation.UndocumentedPublicClass.visitObjectDeclaration
13:22:40.024 [INFO]  [Creating]     [70/79]   R034: Diffblue Cover can't complete test
13:22:40.024 [INFO]  [Creating]     [70/79]     Diffblue Cover was unable to complete the test.
13:22:40.024 [INFO]  [Creating]     [70/79]     Try to increase the number of fuzzing iterations if non-default
13:22:40.024 [INFO]  [Creating]     [70/79]     value is used.
13:22:40.024 [INFO]  [Creating]     [70/79]     See https://diff.blue/R034 for further troubleshooting of this issue.
13:22:40.025 [INFO]  [Creating] [14/16] io.gitlab.arturbosch.detekt.rules.documentation.UndocumentedPublicClass
13:22:40.025 [INFO]  [Creating] [14/16]   Tests created: 0
13:22:40.025 [INFO]  [Creating] 
================================================================================
= Starting analysis for class 'io.gitlab.arturbosch.detekt.rules.documentation.UndocumentedPublicFunction'
================================================================================
13:22:40.025 [INFO]  [Creating] Filtering out non-testable methods...
13:22:40.025 [INFO]  [Creating] Filtering of methods complete. Creating analysis request
13:22:40.025 [INFO]  [Creating] Attempting to get service client, retry 1.
13:22:40.046 [INFO]  [Creating] 
================================================================================
= Creating tests for 'io.gitlab.arturbosch.detekt.rules.documentation.UndocumentedPublicFunction.getIssue:()Lio/gitlab/arturbosch/detekt/api/Issue;' using 'TrM (!sp, !fnm, df, !ris)'
================================================================================
13:22:40.058 [INFO]  [Creating]     [71/79] io.gitlab.arturbosch.detekt.rules.documentation.UndocumentedPublicFunction.getIssue
13:22:40.059 [INFO]  [Creating]     [71/79]   R081: Exception in arrange section
13:22:40.059 [INFO]  [Creating]     [71/79]     Diffblue Cover was unable to construct an instance of the class under test using
13:22:40.059 [INFO]  [Creating]     [71/79]     io.gitlab.arturbosch.detekt.rules.documentation.UndocumentedPublicFunction.<init>().
13:22:40.059 [INFO]  [Creating]     [71/79]     The arrange section threw
13:22:40.059 [INFO]  [Creating]     [71/79]     java.lang.NoClassDefFoundError: Could not initialize class org.jetbrains.kotlin.resolve.BindingContext
13:22:40.059 [INFO]  [Creating]     [71/79]         at io.gitlab.arturbosch.detekt.api.BaseRule.<init>(BaseRule.kt:25)
13:22:40.059 [INFO]  [Creating]     [71/79]         at io.gitlab.arturbosch.detekt.api.Rule.<init>(Rule.kt:23)
13:22:40.059 [INFO]  [Creating]     [71/79]         at io.gitlab.arturbosch.detekt.api.Rule.<init>(Rule.kt:20)
13:22:40.059 [INFO]  [Creating]     [71/79]         at io.gitlab.arturbosch.detekt.rules.documentation.UndocumentedPublicFunction.<init>(UndocumentedPublicFunction.kt:24)
13:22:40.059 [INFO]  [Creating]     [71/79]         at io.gitlab.arturbosch.detekt.rules.documentation.UndocumentedPublicFunction.<init>(UndocumentedPublicFunction.kt:24)
13:22:40.059 [INFO]  [Creating]     [71/79]         at io.gitlab.arturbosch.detekt.rules.documentation.UndocumentedPublicFunction.<init>(UndocumentedPublicFunction.kt)
13:22:40.059 [INFO]  [Creating]     [71/79]     More information about the exception is provided in the support log.
13:22:40.059 [INFO]  [Creating]     [71/79]     See https://diff.blue/R081 for further troubleshooting of this issue.
13:22:40.059 [INFO]  [Creating] 
================================================================================
= Creating tests for 'io.gitlab.arturbosch.detekt.rules.documentation.UndocumentedPublicFunction.<init>:()V' using 'SiM (!sp, fnm, df, !ris)'
================================================================================
13:22:40.230 [INFO]  [Creating]     [72/79] io.gitlab.arturbosch.detekt.rules.documentation.UndocumentedPublicFunction.<init>
13:22:40.230 [INFO]  [Creating]     [72/79]   R011: Sandboxing policy violation
13:22:40.230 [INFO]  [Creating]     [72/79]     Diffblue Cover ran code in your project that tried
13:22:40.230 [INFO]  [Creating]     [72/79]       to access 'sun.misc'.
13:22:40.230 [INFO]  [Creating]     [72/79]     Diffblue Cover's default sandboxing policy disallows this in order to prevent
13:22:40.230 [INFO]  [Creating]     [72/79]     your code from damaging your system environment.
13:22:40.230 [INFO]  [Creating]     [72/79]     See https://diff.blue/R011 to resolve this issue.
13:22:40.232 [INFO]  [Creating] 
================================================================================
= Creating tests for 'io.gitlab.arturbosch.detekt.rules.documentation.UndocumentedPublicFunction.<init>:(Lio/gitlab/arturbosch/detekt/api/Config;)V' using 'SiM (!sp, fnm, df, !ris)'
================================================================================
13:22:40.484 [INFO]  [Creating]     [73/79] io.gitlab.arturbosch.detekt.rules.documentation.UndocumentedPublicFunction.<init>
13:22:40.484 [INFO]  [Creating]     [73/79]   R013: No inputs found that don't throw a trivial exception
13:22:40.484 [INFO]  [Creating]     [73/79]     Diffblue Cover tried to run the arrange/act section, but the test threw
13:22:40.484 [INFO]  [Creating]     [73/79]     java.lang.NullPointerException: Parameter specified as non-null is null: method io.gitlab.arturbosch.detekt.rules.documentation.UndocumentedPublicFunction.<init>, parameter config
13:22:40.484 [INFO]  [Creating]     [73/79]         at io.gitlab.arturbosch.detekt.rules.documentation.UndocumentedPublicFunction.<init>(UndocumentedPublicFunction.kt)
13:22:40.484 [INFO]  [Creating]     [73/79]     In order to prevent <init>(Config)
13:22:40.484 [INFO]  [Creating]     [73/79]     from throwing NullPointerException, add constructors or factory
13:22:40.484 [INFO]  [Creating]     [73/79]     methods that make it easier to construct fully initialized objects used in
13:22:40.484 [INFO]  [Creating]     [73/79]     <init>(Config).
13:22:40.484 [INFO]  [Creating]     [73/79]     See https://diff.blue/R013 to resolve this issue.
13:22:40.485 [INFO]  [Creating] 
================================================================================
= Creating tests for 'io.gitlab.arturbosch.detekt.rules.documentation.UndocumentedPublicFunction.visitNamedFunction:(Lorg/jetbrains/kotlin/psi/KtNamedFunction;)V' using 'SiM (!sp, fnm, df, !ris)'
================================================================================
13:22:40.669 [INFO]  [Creating]     [74/79] io.gitlab.arturbosch.detekt.rules.documentation.UndocumentedPublicFunction.visitNamedFunction
13:22:40.669 [INFO]  [Creating]     [74/79]   R034: Diffblue Cover can't complete test
13:22:40.669 [INFO]  [Creating]     [74/79]     Diffblue Cover was unable to complete the test.
13:22:40.669 [INFO]  [Creating]     [74/79]     Try to increase the number of fuzzing iterations if non-default
13:22:40.669 [INFO]  [Creating]     [74/79]     value is used.
13:22:40.669 [INFO]  [Creating]     [74/79]     See https://diff.blue/R034 for further troubleshooting of this issue.
13:22:40.671 [INFO]  [Creating] [15/16] io.gitlab.arturbosch.detekt.rules.documentation.UndocumentedPublicFunction
13:22:40.671 [INFO]  [Creating] [15/16]   Tests created: 0
13:22:40.671 [INFO]  [Creating] 
================================================================================
= Starting analysis for class 'io.gitlab.arturbosch.detekt.rules.documentation.UndocumentedPublicProperty'
================================================================================
13:22:40.671 [INFO]  [Creating] Filtering out non-testable methods...
13:22:40.671 [INFO]  [Creating] Filtering of methods complete. Creating analysis request
13:22:40.671 [INFO]  [Creating] Attempting to get service client, retry 1.
13:22:40.695 [INFO]  [Creating] 
================================================================================
= Creating tests for 'io.gitlab.arturbosch.detekt.rules.documentation.UndocumentedPublicProperty.getIssue:()Lio/gitlab/arturbosch/detekt/api/Issue;' using 'TrM (!sp, !fnm, df, !ris)'
================================================================================
13:22:40.708 [INFO]  [Creating]     [75/79] io.gitlab.arturbosch.detekt.rules.documentation.UndocumentedPublicProperty.getIssue
13:22:40.708 [INFO]  [Creating]     [75/79]   R081: Exception in arrange section
13:22:40.708 [INFO]  [Creating]     [75/79]     Diffblue Cover was unable to construct an instance of the class under test using
13:22:40.708 [INFO]  [Creating]     [75/79]     io.gitlab.arturbosch.detekt.rules.documentation.UndocumentedPublicProperty.<init>().
13:22:40.708 [INFO]  [Creating]     [75/79]     The arrange section threw
13:22:40.708 [INFO]  [Creating]     [75/79]     java.lang.NoClassDefFoundError: Could not initialize class org.jetbrains.kotlin.resolve.BindingContext
13:22:40.708 [INFO]  [Creating]     [75/79]         at io.gitlab.arturbosch.detekt.api.BaseRule.<init>(BaseRule.kt:25)
13:22:40.708 [INFO]  [Creating]     [75/79]         at io.gitlab.arturbosch.detekt.api.Rule.<init>(Rule.kt:23)
13:22:40.708 [INFO]  [Creating]     [75/79]         at io.gitlab.arturbosch.detekt.api.Rule.<init>(Rule.kt:20)
13:22:40.708 [INFO]  [Creating]     [75/79]         at io.gitlab.arturbosch.detekt.rules.documentation.UndocumentedPublicProperty.<init>(UndocumentedPublicProperty.kt:26)
13:22:40.708 [INFO]  [Creating]     [75/79]         at io.gitlab.arturbosch.detekt.rules.documentation.UndocumentedPublicProperty.<init>(UndocumentedPublicProperty.kt:26)
13:22:40.708 [INFO]  [Creating]     [75/79]         at io.gitlab.arturbosch.detekt.rules.documentation.UndocumentedPublicProperty.<init>(UndocumentedPublicProperty.kt)
13:22:40.708 [INFO]  [Creating]     [75/79]     More information about the exception is provided in the support log.
13:22:40.708 [INFO]  [Creating]     [75/79]     See https://diff.blue/R081 for further troubleshooting of this issue.
13:22:40.709 [INFO]  [Creating] 
================================================================================
= Creating tests for 'io.gitlab.arturbosch.detekt.rules.documentation.UndocumentedPublicProperty.<init>:()V' using 'SiM (!sp, fnm, df, !ris)'
================================================================================
13:22:40.832 [INFO]  [Creating]     [76/79] io.gitlab.arturbosch.detekt.rules.documentation.UndocumentedPublicProperty.<init>
13:22:40.832 [INFO]  [Creating]     [76/79]   R011: Sandboxing policy violation
13:22:40.832 [INFO]  [Creating]     [76/79]     Diffblue Cover ran code in your project that tried
13:22:40.832 [INFO]  [Creating]     [76/79]       to access 'sun.misc'.
13:22:40.832 [INFO]  [Creating]     [76/79]     Diffblue Cover's default sandboxing policy disallows this in order to prevent
13:22:40.832 [INFO]  [Creating]     [76/79]     your code from damaging your system environment.
13:22:40.832 [INFO]  [Creating]     [76/79]     See https://diff.blue/R011 to resolve this issue.
13:22:40.833 [INFO]  [Creating] 
================================================================================
= Creating tests for 'io.gitlab.arturbosch.detekt.rules.documentation.UndocumentedPublicProperty.<init>:(Lio/gitlab/arturbosch/detekt/api/Config;)V' using 'SiM (!sp, fnm, df, !ris)'
================================================================================
13:22:41.062 [INFO]  [Creating]     [77/79] io.gitlab.arturbosch.detekt.rules.documentation.UndocumentedPublicProperty.<init>
13:22:41.063 [INFO]  [Creating]     [77/79]   R013: No inputs found that don't throw a trivial exception
13:22:41.063 [INFO]  [Creating]     [77/79]     Diffblue Cover tried to run the arrange/act section, but the test threw
13:22:41.063 [INFO]  [Creating]     [77/79]     java.lang.NullPointerException: Parameter specified as non-null is null: method io.gitlab.arturbosch.detekt.rules.documentation.UndocumentedPublicProperty.<init>, parameter config
13:22:41.063 [INFO]  [Creating]     [77/79]         at io.gitlab.arturbosch.detekt.rules.documentation.UndocumentedPublicProperty.<init>(UndocumentedPublicProperty.kt)
13:22:41.063 [INFO]  [Creating]     [77/79]     In order to prevent <init>(Config)
13:22:41.063 [INFO]  [Creating]     [77/79]     from throwing NullPointerException, add constructors or factory
13:22:41.063 [INFO]  [Creating]     [77/79]     methods that make it easier to construct fully initialized objects used in
13:22:41.063 [INFO]  [Creating]     [77/79]     <init>(Config).
13:22:41.063 [INFO]  [Creating]     [77/79]     See https://diff.blue/R013 to resolve this issue.
13:22:41.063 [INFO]  [Creating] 
================================================================================
= Creating tests for 'io.gitlab.arturbosch.detekt.rules.documentation.UndocumentedPublicProperty.visitPrimaryConstructor:(Lorg/jetbrains/kotlin/psi/KtPrimaryConstructor;)V' using 'SiM (!sp, fnm, df, !ris)'
================================================================================
13:22:41.361 [INFO]  [Creating]     [78/79] io.gitlab.arturbosch.detekt.rules.documentation.UndocumentedPublicProperty.visitPrimaryConstructor
13:22:41.361 [INFO]  [Creating]     [78/79]   R034: Diffblue Cover can't complete test
13:22:41.361 [INFO]  [Creating]     [78/79]     Diffblue Cover was unable to complete the test.
13:22:41.361 [INFO]  [Creating]     [78/79]     Try to increase the number of fuzzing iterations if non-default
13:22:41.361 [INFO]  [Creating]     [78/79]     value is used.
13:22:41.361 [INFO]  [Creating]     [78/79]     See https://diff.blue/R034 for further troubleshooting of this issue.
13:22:41.362 [INFO]  [Creating] 
================================================================================
= Creating tests for 'io.gitlab.arturbosch.detekt.rules.documentation.UndocumentedPublicProperty.visitProperty:(Lorg/jetbrains/kotlin/psi/KtProperty;)V' using 'SiM (!sp, fnm, df, !ris)'
================================================================================
13:22:41.541 [INFO]  [Creating]     [79/79] io.gitlab.arturbosch.detekt.rules.documentation.UndocumentedPublicProperty.visitProperty
13:22:41.541 [INFO]  [Creating]     [79/79]   R034: Diffblue Cover can't complete test
13:22:41.541 [INFO]  [Creating]     [79/79]     Diffblue Cover was unable to complete the test.
13:22:41.541 [INFO]  [Creating]     [79/79]     Try to increase the number of fuzzing iterations if non-default
13:22:41.541 [INFO]  [Creating]     [79/79]     value is used.
13:22:41.541 [INFO]  [Creating]     [79/79]     See https://diff.blue/R034 for further troubleshooting of this issue.
13:22:41.543 [INFO]  [Creating] [16/16] io.gitlab.arturbosch.detekt.rules.documentation.UndocumentedPublicProperty
13:22:41.543 [INFO]  [Creating] [16/16]   Tests created: 0
13:22:41.547 [INFO]  [Reporting] 
13:22:41.547 [INFO]  [Reporting] Summary:
13:22:41.547 [INFO]  [Reporting] --------
13:22:41.547 [INFO]  [Reporting] Total:                                              79 methods
13:22:41.547 [INFO]  [Reporting] 15 tests created for:                               14 methods
13:22:41.547 [INFO]  [Reporting] 
13:22:41.547 [INFO]  [Reporting] No tests created for:                               65 methods
13:22:41.547 [INFO]  [Reporting]    24 R011: Sandboxing policy violation
13:22:41.547 [INFO]  [Reporting]    19 R034: Diffblue Cover can't complete test
13:22:41.547 [INFO]  [Reporting]    10 R081: Exception in arrange section
13:22:41.547 [INFO]  [Reporting]     9 R013: No inputs found that don't throw a trivial exception
13:22:41.548 [INFO]  [Reporting]     1 R083: Can't find a suitable constructor
13:22:41.604 [INFO]  [Validating] 
13:22:41.604 [INFO]  [Validating] Running validation command.
13:22:41.606 [INFO]  [Validating] Running: Using JAVA_HOME: /Users/mnedzelskii/.sdkman/candidates/java/current : in /Users/mnedzelskii/gits/detekt/detekt-rules-documentation : gradle test -i  
13:22:42.182 [INFO]  [Validating] Standard output of build tool (Gradle)
13:22:42.182 [INFO]  [Validating] > The client will now receive all logging from the daemon (pid: 15147). The daemon log file: /Users/mnedzelskii/.gradle/daemon/8.2/daemon-15147.out.log
13:22:42.182 [INFO]  [Validating] > Starting 127th build in daemon [uptime: 3 hrs 18 mins 5.993 secs, performance: 100%, GC rate: 0.00/s, heap usage: 0% of 8 GiB]
13:22:42.182 [INFO]  [Validating] > Closing daemon's stdin at end of input.
13:22:42.182 [INFO]  [Validating] > The daemon will no longer process any standard input.
13:22:42.182 [INFO]  [Validating] > Using 10 worker leases.
13:22:42.182 [INFO]  [Validating] > Now considering [/Users/mnedzelskii/gits/detekt, /Users/mnedzelskii/gits/detekt/detekt-gradle-plugin, /Users/mnedzelskii/gits/detekt/build-logic] as hierarchies to watch
13:22:42.182 [INFO]  [Validating] > Now considering [/Users/mnedzelskii/gits/detekt/build-logic, /Users/mnedzelskii/gits/detekt, /Users/mnedzelskii/gits/detekt/detekt-gradle-plugin] as hierarchies to watch
13:22:42.182 [INFO]  [Validating] > Now considering [/Users/mnedzelskii/gits/detekt/detekt-gradle-plugin, /Users/mnedzelskii/gits/detekt/build-logic, /Users/mnedzelskii/gits/detekt] as hierarchies to watch
13:22:42.182 [INFO]  [Validating] > Reusing configuration cache.
13:22:42.182 [INFO]  [Validating] > Now considering [/Users/mnedzelskii/gits/detekt, /Users/mnedzelskii/gits/detekt/detekt-gradle-plugin, /Users/mnedzelskii/gits/detekt/build-logic] as hierarchies to watch
13:22:42.182 [INFO]  [Validating] > Watching the file system is configured to be enabled if available
13:22:42.182 [INFO]  [Validating] > File system watching is active
13:22:42.182 [INFO]  [Validating] > Using local directory build cache for the root build (location = /Users/mnedzelskii/.gradle/caches/build-cache-1, removeUnusedEntriesAfter = 7 days).
13:22:42.182 [INFO]  [Validating] > Using remote HTTP build cache for the root build (pull-only, allowInsecureProtocol = false, allowUntrustedServer = false, authenticated = false, url = https://ge.detekt.dev/cache/, useExpectContinue = false).
13:22:42.182 [INFO]  [Validating] > Tasks to be executed: [task ':detekt-psi-utils:compileKotlin', task ':detekt-psi-utils:compileJava', task ':detekt-utils:compileKotlin', task ':detekt-utils:compileJava', task ':detekt-api:compileKotlin', task ':detekt-api:compileJava', task ':detekt-api:processResources', task ':detekt-api:classes', task ':detekt-api:jar', task ':detekt-metrics:compileKotlin', task ':detekt-metrics:compileJava', task ':detekt-parser:compileKotlin', task ':detekt-parser:compileJava', task ':detekt-report-html:compileKotlin', task ':detekt-report-html:compileJava', task ':detekt-report-md:compileKotlin', task ':detekt-report-md:compileJava', task ':detekt-tooling:compileKotlin', task ':detekt-tooling:compileJava', task ':detekt-report-sarif:compileKotlin', task ':detekt-report-sarif:compileJava', task ':detekt-report-txt:compileKotlin', task ':detekt-report-txt:compileJava', task ':detekt-report-xml:compileKotlin', task ':detekt-report-xml:compileJava', task ':detekt-core:compileKotlin', task ':detekt-core:compileJava', task ':detekt-core:processResources', task ':detekt-core:classes', task ':detekt-core:jar', task ':detekt-metrics:processResources', task ':detekt-metrics:classes', task ':detekt-metrics:jar', task ':detekt-parser:processResources', task ':detekt-parser:classes', task ':detekt-parser:jar', task ':detekt-psi-utils:processResources', task ':detekt-psi-utils:classes', task ':detekt-psi-utils:jar', task ':detekt-report-html:processResources', task ':detekt-report-html:classes', task ':detekt-report-html:jar', task ':detekt-report-md:processResources', task ':detekt-report-md:classes', task ':detekt-report-md:jar', task ':detekt-report-sarif:processResources', task ':detekt-report-sarif:classes', task ':detekt-report-sarif:jar', task ':detekt-report-txt:processResources', task ':detekt-report-txt:classes', task ':detekt-report-txt:jar', task ':detekt-report-xml:processResources', task ':detekt-report-xml:classes', task ':detekt-report-xml:jar', task ':detekt-rules-documentation:compileKotlin', task ':detekt-rules-documentation:compileJava', task ':detekt-rules-documentation:processResources', task ':detekt-rules-documentation:classes', task ':detekt-test-utils:compileKotlin', task ':detekt-test-utils:compileJava', task ':detekt-test:compileKotlin', task ':detekt-test:compileJava', task ':detekt-rules-documentation:compileTestKotlin', task ':detekt-rules-documentation:compileTestJava', task ':detekt-rules-documentation:processTestResources', task ':detekt-rules-documentation:testClasses', task ':detekt-test:processResources', task ':detekt-test:classes', task ':detekt-test:jar', task ':detekt-test-utils:processResources', task ':detekt-test-utils:classes', task ':detekt-test-utils:jar', task ':detekt-tooling:processResources', task ':detekt-tooling:classes', task ':detekt-tooling:jar', task ':detekt-utils:processResources', task ':detekt-utils:classes', task ':detekt-utils:jar', task ':detekt-rules-documentation:test']
13:22:42.182 [INFO]  [Validating] > Tasks that were excluded: []
13:22:42.182 [INFO]  [Validating] > Resolve mutations for :detekt-psi-utils:compileKotlin (Thread[Execution worker,5,main]) started.
13:22:42.182 [INFO]  [Validating] > Resolve mutations for :detekt-utils:compileKotlin (Thread[Execution worker Thread 2,5,main]) started.
13:22:42.182 [INFO]  [Validating] > Resolve mutations for :detekt-api:processResources (Thread[Execution worker Thread 3,5,main]) started.
13:22:42.182 [INFO]  [Validating] > :detekt-psi-utils:compileKotlin (Thread[Execution worker,5,main]) started.
13:22:42.182 [INFO]  [Validating] > :detekt-utils:compileKotlin (Thread[Execution worker Thread 4,5,main]) started.
13:22:42.182 [INFO]  [Validating] > :detekt-api:processResources (Thread[Execution worker Thread 3,5,main]) started.
13:22:42.182 [INFO]  [Validating] > Resolve mutations for :detekt-metrics:processResources (Thread[Execution worker Thread 5,5,main]) started.
13:22:42.182 [INFO]  [Validating] > Resolve mutations for :detekt-core:processResources (Thread[Execution worker Thread 2,5,main]) started.
13:22:42.182 [INFO]  [Validating] > Resolve mutations for :detekt-parser:processResources (Thread[Execution worker Thread 6,5,main]) started.
13:22:42.182 [INFO]  [Validating] > :detekt-metrics:processResources (Thread[Execution worker Thread 5,5,main]) started.
13:22:42.182 [INFO]  [Validating] > :detekt-parser:processResources (Thread[Execution worker Thread 6,5,main]) started.
13:22:42.182 [INFO]  [Validating] > :detekt-core:processResources (Thread[Execution worker Thread 2,5,main]) started.
13:22:42.182 [INFO]  [Validating] > Resolve mutations for :detekt-psi-utils:processResources (Thread[Execution worker Thread 7,5,main]) started.
13:22:42.182 [INFO]  [Validating] > :detekt-psi-utils:processResources (Thread[Execution worker Thread 7,5,main]) started.
13:22:42.182 [INFO]  [Validating] > Resolve mutations for :detekt-report-html:processResources (Thread[Execution worker Thread 8,5,main]) started.
13:22:42.182 [INFO]  [Validating] > Resolve mutations for :detekt-report-sarif:processResources (Thread[Execution worker Thread 9,5,main]) started.
13:22:42.182 [INFO]  [Validating] > Resolve mutations for :detekt-report-md:processResources (Thread[included builds,5,main]) started.
13:22:42.182 [INFO]  [Validating] > :detekt-report-sarif:processResources (Thread[Execution worker Thread 9,5,main]) started.
13:22:42.182 [INFO]  [Validating] > :detekt-report-md:processResources (Thread[included builds,5,main]) started.
13:22:42.182 [INFO]  [Validating] > :detekt-report-html:processResources (Thread[Execution worker Thread 8,5,main]) started.
13:22:42.182 [INFO]  [Validating] > 
13:22:42.182 [INFO]  [Validating] > > Task :detekt-metrics:processResources NO-SOURCE
13:22:42.182 [INFO]  [Validating] > Skipping task ':detekt-metrics:processResources' as it has no source files and no previous output files.
13:22:42.182 [INFO]  [Validating] > Resolve mutations for :detekt-report-txt:processResources (Thread[Execution worker Thread 5,5,main]) started.
13:22:42.182 [INFO]  [Validating] > 
13:22:42.182 [INFO]  [Validating] > > Task :detekt-psi-utils:processResources NO-SOURCE
13:22:42.182 [INFO]  [Validating] > Skipping task ':detekt-psi-utils:processResources' as it has no source files and no previous output files.
13:22:42.182 [INFO]  [Validating] > 
13:22:42.182 [INFO]  [Validating] > > Task :detekt-parser:processResources NO-SOURCE
13:22:42.182 [INFO]  [Validating] > Skipping task ':detekt-parser:processResources' as it has no source files and no previous output files.
13:22:42.182 [INFO]  [Validating] > 
13:22:42.182 [INFO]  [Validating] > > Task :detekt-report-md:processResources UP-TO-DATE
13:22:42.182 [INFO]  [Validating] > Caching disabled for task ':detekt-report-md:processResources' because:
13:22:42.182 [INFO]  [Validating] >   Not worth caching
13:22:42.182 [INFO]  [Validating] > Skipping task ':detekt-report-md:processResources' as it is up-to-date.
13:22:42.182 [INFO]  [Validating] > :detekt-report-txt:processResources (Thread[Execution worker Thread 5,5,main]) started.
13:22:42.182 [INFO]  [Validating] > 
13:22:42.182 [INFO]  [Validating] > > Task :detekt-core:processResources UP-TO-DATE
13:22:42.182 [INFO]  [Validating] > Caching disabled for task ':detekt-core:processResources' because:
13:22:42.182 [INFO]  [Validating] >   Not worth caching
13:22:42.182 [INFO]  [Validating] > Skipping task ':detekt-core:processResources' as it is up-to-date.
13:22:42.182 [INFO]  [Validating] > Resolve mutations for :detekt-rules-documentation:processTestResources (Thread[included builds,5,main]) started.
13:22:42.182 [INFO]  [Validating] > 
13:22:42.182 [INFO]  [Validating] > > Task :detekt-report-sarif:processResources UP-TO-DATE
13:22:42.182 [INFO]  [Validating] > Caching disabled for task ':detekt-report-sarif:processResources' because:
13:22:42.182 [INFO]  [Validating] >   Not worth caching
13:22:42.182 [INFO]  [Validating] > Skipping task ':detekt-report-sarif:processResources' as it is up-to-date.
13:22:42.182 [INFO]  [Validating] > :detekt-rules-documentation:processTestResources (Thread[included builds,5,main]) started.
13:22:42.182 [INFO]  [Validating] > Resolve mutations for :detekt-rules-documentation:processResources (Thread[Execution worker Thread 6,5,main]) started.
13:22:42.182 [INFO]  [Validating] > Resolve mutations for :detekt-report-xml:processResources (Thread[Execution worker Thread 7,5,main]) started.
13:22:42.182 [INFO]  [Validating] > :detekt-rules-documentation:processResources (Thread[Execution worker Thread 6,5,main]) started.
13:22:42.182 [INFO]  [Validating] > :detekt-report-xml:processResources (Thread[Execution worker Thread 7,5,main]) started.
13:22:42.182 [INFO]  [Validating] > 
13:22:42.182 [INFO]  [Validating] > > Task :detekt-report-html:processResources UP-TO-DATE
13:22:42.182 [INFO]  [Validating] > Caching disabled for task ':detekt-report-html:processResources' because:
13:22:42.182 [INFO]  [Validating] >   Not worth caching
13:22:42.182 [INFO]  [Validating] > Skipping task ':detekt-report-html:processResources' as it is up-to-date.
13:22:42.182 [INFO]  [Validating] > Resolve mutations for :detekt-test-utils:processResources (Thread[Execution worker Thread 9,5,main]) started.
13:22:42.182 [INFO]  [Validating] > :detekt-test-utils:processResources (Thread[Execution worker Thread 9,5,main]) started.
13:22:42.182 [INFO]  [Validating] > Resolve mutations for :detekt-test:processResources (Thread[Execution worker Thread 2,5,main]) started.
13:22:42.182 [INFO]  [Validating] > Resolve mutations for :detekt-tooling:processResources (Thread[Execution worker Thread 8,5,main]) started.
13:22:42.182 [INFO]  [Validating] > 
13:22:42.182 [INFO]  [Validating] > > Task :detekt-api:processResources NO-SOURCE
13:22:42.182 [INFO]  [Validating] > Skipping task ':detekt-api:processResources' as it has no source files and no previous output files.
13:22:42.182 [INFO]  [Validating] > :detekt-tooling:processResources (Thread[Execution worker Thread 8,5,main]) started.
13:22:42.182 [INFO]  [Validating] > :detekt-test:processResources (Thread[Execution worker Thread 2,5,main]) started.
13:22:42.182 [INFO]  [Validating] > 
13:22:42.182 [INFO]  [Validating] > > Task :detekt-report-xml:processResources UP-TO-DATE
13:22:42.182 [INFO]  [Validating] > Caching disabled for task ':detekt-report-xml:processResources' because:
13:22:42.182 [INFO]  [Validating] >   Not worth caching
13:22:42.182 [INFO]  [Validating] > Skipping task ':detekt-report-xml:processResources' as it is up-to-date.
13:22:42.182 [INFO]  [Validating] > Resolve mutations for :detekt-utils:processResources (Thread[Execution worker Thread 3,5,main]) started.
13:22:42.182 [INFO]  [Validating] > 
13:22:42.182 [INFO]  [Validating] > > Task :detekt-rules-documentation:processTestResources UP-TO-DATE
13:22:42.182 [INFO]  [Validating] > Caching disabled for task ':detekt-rules-documentation:processTestResources' because:
13:22:42.182 [INFO]  [Validating] >   Not worth caching
13:22:42.182 [INFO]  [Validating] > Skipping task ':detekt-rules-documentation:processTestResources' as it is up-to-date.
13:22:42.182 [INFO]  [Validating] > 
13:22:42.182 [INFO]  [Validating] > > Task :detekt-rules-documentation:processResources UP-TO-DATE
13:22:42.182 [INFO]  [Validating] > Caching disabled for task ':detekt-rules-documentation:processResources' because:
13:22:42.183 [INFO]  [Validating] >   Not worth caching
13:22:42.183 [INFO]  [Validating] > Skipping task ':detekt-rules-documentation:processResources' as it is up-to-date.
13:22:42.183 [INFO]  [Validating] > :detekt-utils:processResources (Thread[Execution worker Thread 3,5,main]) started.
13:22:42.183 [INFO]  [Validating] > 
13:22:42.183 [INFO]  [Validating] > > Task :detekt-test-utils:processResources NO-SOURCE
13:22:42.183 [INFO]  [Validating] > Skipping task ':detekt-test-utils:processResources' as it has no source files and no previous output files.
13:22:42.183 [INFO]  [Validating] > 
13:22:42.183 [INFO]  [Validating] > > Task :detekt-report-txt:processResources UP-TO-DATE
13:22:42.183 [INFO]  [Validating] > Caching disabled for task ':detekt-report-txt:processResources' because:
13:22:42.183 [INFO]  [Validating] >   Not worth caching
13:22:42.183 [INFO]  [Validating] > Skipping task ':detekt-report-txt:processResources' as it is up-to-date.
13:22:42.183 [INFO]  [Validating] > 
13:22:42.183 [INFO]  [Validating] > > Task :detekt-utils:processResources NO-SOURCE
13:22:42.183 [INFO]  [Validating] > Skipping task ':detekt-utils:processResources' as it has no source files and no previous output files.
13:22:42.183 [INFO]  [Validating] > 
13:22:42.183 [INFO]  [Validating] > > Task :detekt-tooling:processResources NO-SOURCE
13:22:42.183 [INFO]  [Validating] > Skipping task ':detekt-tooling:processResources' as it has no source files and no previous output files.
13:22:42.183 [INFO]  [Validating] > 
13:22:42.183 [INFO]  [Validating] > > Task :detekt-test:processResources NO-SOURCE
13:22:42.183 [INFO]  [Validating] > Skipping task ':detekt-test:processResources' as it has no source files and no previous output files.
13:22:42.183 [INFO]  [Validating] > 
13:22:42.183 [INFO]  [Validating] > > Task :detekt-psi-utils:compileKotlin UP-TO-DATE
13:22:42.183 [INFO]  [Validating] > Transforming kotlin-compiler-embeddable-1.8.22.jar with ClasspathEntrySnapshotTransform
13:22:42.183 [INFO]  [Validating] > Transforming kotlin-stdlib-jdk8-1.8.22.jar with ClasspathEntrySnapshotTransform
13:22:42.183 [INFO]  [Validating] > Transforming kotlin-stdlib-jdk7-1.8.22.jar with ClasspathEntrySnapshotTransform
13:22:42.183 [INFO]  [Validating] > Transforming kotlin-stdlib-1.8.22.jar with ClasspathEntrySnapshotTransform
13:22:42.183 [INFO]  [Validating] > Transforming kotlin-stdlib-common-1.8.22.jar with ClasspathEntrySnapshotTransform
13:22:42.183 [INFO]  [Validating] > Transforming annotations-13.0.jar with ClasspathEntrySnapshotTransform
13:22:42.183 [INFO]  [Validating] > Build cache key for task ':detekt-psi-utils:compileKotlin' is c72e17ff81c85e7351df478815002d0c
13:22:42.183 [INFO]  [Validating] > Skipping task ':detekt-psi-utils:compileKotlin' as it is up-to-date.
13:22:42.183 [INFO]  [Validating] > 
13:22:42.183 [INFO]  [Validating] > > Task :detekt-utils:compileKotlin UP-TO-DATE
13:22:42.183 [INFO]  [Validating] > Transforming kotlin-stdlib-jdk8-1.8.22.jar with ClasspathEntrySnapshotTransform
13:22:42.183 [INFO]  [Validating] > Transforming kotlin-stdlib-jdk7-1.8.22.jar with ClasspathEntrySnapshotTransform
13:22:42.183 [INFO]  [Validating] > Transforming kotlin-stdlib-1.8.22.jar with ClasspathEntrySnapshotTransform
13:22:42.183 [INFO]  [Validating] > Transforming kotlin-stdlib-common-1.8.22.jar with ClasspathEntrySnapshotTransform
13:22:42.183 [INFO]  [Validating] > Transforming annotations-13.0.jar with ClasspathEntrySnapshotTransform
13:22:42.183 [INFO]  [Validating] > Build cache key for task ':detekt-utils:compileKotlin' is 4bc3c8215f701e9ef21d31281b92246d
13:22:42.183 [INFO]  [Validating] > Skipping task ':detekt-utils:compileKotlin' as it is up-to-date.
13:22:42.183 [INFO]  [Validating] > Resolve mutations for :detekt-psi-utils:compileJava (Thread[Execution worker Thread 4,5,main]) started.
13:22:42.183 [INFO]  [Validating] > work action resolve main (project :detekt-utils) (Thread[Execution worker,5,main]) started.
13:22:42.183 [INFO]  [Validating] > Resolve mutations for :detekt-utils:compileJava (Thread[Execution worker Thread 7,5,main]) started.
13:22:42.183 [INFO]  [Validating] > work action resolve main (project :detekt-psi-utils) (Thread[included builds,5,main]) started.
13:22:42.183 [INFO]  [Validating] > :detekt-psi-utils:compileJava (Thread[Execution worker Thread 5,5,main]) started.
13:22:42.183 [INFO]  [Validating] > :detekt-utils:compileJava (Thread[Execution worker Thread 7,5,main]) started.
13:22:42.183 [INFO]  [Validating] > 
13:22:42.183 [INFO]  [Validating] > > Task :detekt-psi-utils:compileJava NO-SOURCE
13:22:42.183 [INFO]  [Validating] > Skipping task ':detekt-psi-utils:compileJava' as it has no source files and no previous output files.
13:22:42.183 [INFO]  [Validating] > 
13:22:42.183 [INFO]  [Validating] > > Task :detekt-utils:compileJava NO-SOURCE
13:22:42.183 [INFO]  [Validating] > Skipping task ':detekt-utils:compileJava' as it has no source files and no previous output files.
13:22:42.183 [INFO]  [Validating] > work action resolve main (project :detekt-psi-utils) (Thread[Execution worker Thread 5,5,main]) started.
13:22:42.183 [INFO]  [Validating] > work action resolve main (project :detekt-psi-utils) (Thread[Execution worker Thread 8,5,main]) started.
13:22:42.183 [INFO]  [Validating] > work action resolve main (project :detekt-utils) (Thread[Execution worker Thread 5,5,main]) started.
13:22:42.183 [INFO]  [Validating] > work action resolve main (project :detekt-utils) (Thread[Execution worker Thread 7,5,main]) started.
13:22:42.183 [INFO]  [Validating] > Resolve mutations for :detekt-utils:classes (Thread[Execution worker Thread 9,5,main]) started.
13:22:42.183 [INFO]  [Validating] > Resolve mutations for :detekt-parser:compileKotlin (Thread[Execution worker Thread 8,5,main]) started.
13:22:42.183 [INFO]  [Validating] > :detekt-utils:classes (Thread[Execution worker Thread 9,5,main]) started.
13:22:42.183 [INFO]  [Validating] > Resolve mutations for :detekt-psi-utils:classes (Thread[included builds,5,main]) started.
13:22:42.183 [INFO]  [Validating] > :detekt-psi-utils:classes (Thread[included builds,5,main]) started.
13:22:42.183 [INFO]  [Validating] > Resolve mutations for :detekt-api:compileKotlin (Thread[Execution worker Thread 7,5,main]) started.
13:22:42.183 [INFO]  [Validating] > :detekt-parser:compileKotlin (Thread[Execution worker Thread 8,5,main]) started.
13:22:42.183 [INFO]  [Validating] > 
13:22:42.183 [INFO]  [Validating] > > Task :detekt-utils:classes UP-TO-DATE
13:22:42.183 [INFO]  [Validating] > Skipping task ':detekt-utils:classes' as it has no actions.
13:22:42.183 [INFO]  [Validating] > Resolve mutations for :detekt-utils:jar (Thread[Execution worker Thread 9,5,main]) started.
13:22:42.183 [INFO]  [Validating] > :detekt-api:compileKotlin (Thread[Execution worker Thread 7,5,main]) started.
13:22:42.183 [INFO]  [Validating] > 
13:22:42.183 [INFO]  [Validating] > > Task :detekt-psi-utils:classes UP-TO-DATE
13:22:42.183 [INFO]  [Validating] > Skipping task ':detekt-psi-utils:classes' as it has no actions.
13:22:42.183 [INFO]  [Validating] > Resolve mutations for :detekt-psi-utils:jar (Thread[included builds,5,main]) started.
13:22:42.183 [INFO]  [Validating] > :detekt-utils:jar (Thread[Execution worker Thread 9,5,main]) started.
13:22:42.183 [INFO]  [Validating] > :detekt-psi-utils:jar (Thread[included builds,5,main]) started.
13:22:42.183 [INFO]  [Validating] > 
13:22:42.183 [INFO]  [Validating] > > Task :detekt-parser:compileKotlin UP-TO-DATE
13:22:42.183 [INFO]  [Validating] > Transforming main with ClasspathEntrySnapshotTransform
13:22:42.183 [INFO]  [Validating] > Transforming kotlin-compiler-embeddable-1.8.22.jar with ClasspathEntrySnapshotTransform
13:22:42.183 [INFO]  [Validating] > Transforming kotlin-stdlib-jdk8-1.8.22.jar with ClasspathEntrySnapshotTransform
13:22:42.183 [INFO]  [Validating] > Transforming contester-breakpoint-0.2.0.jar with ClasspathEntrySnapshotTransform
13:22:42.183 [INFO]  [Validating] > Transforming kotlin-stdlib-jdk7-1.8.22.jar with ClasspathEntrySnapshotTransform
13:22:42.183 [INFO]  [Validating] > Transforming kotlin-stdlib-1.8.22.jar with ClasspathEntrySnapshotTransform
13:22:42.183 [INFO]  [Validating] > Transforming kotlin-stdlib-common-1.8.22.jar with ClasspathEntrySnapshotTransform
13:22:42.183 [INFO]  [Validating] > Transforming annotations-13.0.jar with ClasspathEntrySnapshotTransform
13:22:42.183 [INFO]  [Validating] > Build cache key for task ':detekt-parser:compileKotlin' is 9ce217c383476588a3779d923d7b0bdd
13:22:42.183 [INFO]  [Validating] > Skipping task ':detekt-parser:compileKotlin' as it is up-to-date.
13:22:42.183 [INFO]  [Validating] > Resolve mutations for :detekt-parser:compileJava (Thread[Execution worker Thread 8,5,main]) started.
13:22:42.183 [INFO]  [Validating] > work action resolve main (project :detekt-parser) (Thread[Execution worker,5,main]) started.
13:22:42.183 [INFO]  [Validating] > :detekt-parser:compileJava (Thread[Execution worker Thread 5,5,main]) started.
13:22:42.183 [INFO]  [Validating] > 
13:22:42.183 [INFO]  [Validating] > > Task :detekt-api:compileKotlin UP-TO-DATE
13:22:42.183 [INFO]  [Validating] > Transforming main with ClasspathEntrySnapshotTransform
13:22:42.183 [INFO]  [Validating] > Transforming kotlin-compiler-embeddable-1.8.22.jar with ClasspathEntrySnapshotTransform
13:22:42.183 [INFO]  [Validating] > Transforming main with ClasspathEntrySnapshotTransform
13:22:42.183 [INFO]  [Validating] > Transforming kotlin-stdlib-jdk8-1.8.22.jar with ClasspathEntrySnapshotTransform
13:22:42.183 [INFO]  [Validating] > Transforming kotlin-stdlib-jdk7-1.8.22.jar with ClasspathEntrySnapshotTransform
13:22:42.183 [INFO]  [Validating] > Transforming kotlin-stdlib-1.8.22.jar with ClasspathEntrySnapshotTransform
13:22:42.183 [INFO]  [Validating] > Transforming kotlin-stdlib-common-1.8.22.jar with ClasspathEntrySnapshotTransform
13:22:42.183 [INFO]  [Validating] > Transforming annotations-13.0.jar with ClasspathEntrySnapshotTransform
13:22:42.183 [INFO]  [Validating] > Build cache key for task ':detekt-api:compileKotlin' is bc24205c2f4f61f8518d6a26cd3c1b64
13:22:42.183 [INFO]  [Validating] > Skipping task ':detekt-api:compileKotlin' as it is up-to-date.
13:22:42.183 [INFO]  [Validating] > Resolve mutations for :detekt-api:compileJava (Thread[Execution worker Thread 7,5,main]) started.
13:22:42.183 [INFO]  [Validating] > work action resolve main (project :detekt-api) (Thread[Execution worker Thread 8,5,main]) started.
13:22:42.183 [INFO]  [Validating] > :detekt-api:compileJava (Thread[Execution worker Thread 3,5,main]) started.
13:22:42.183 [INFO]  [Validating] > 
13:22:42.183 [INFO]  [Validating] > > Task :detekt-parser:compileJava NO-SOURCE
13:22:42.183 [INFO]  [Validating] > Skipping task ':detekt-parser:compileJava' as it has no source files and no previous output files.
13:22:42.183 [INFO]  [Validating] > work action resolve main (project :detekt-parser) (Thread[Execution worker Thread 5,5,main]) started.
13:22:42.183 [INFO]  [Validating] > Resolve mutations for :detekt-parser:classes (Thread[Execution worker,5,main]) started.
13:22:42.183 [INFO]  [Validating] > work action resolve main (project :detekt-parser) (Thread[Execution worker Thread 7,5,main]) started.
13:22:42.183 [INFO]  [Validating] > :detekt-parser:classes (Thread[Execution worker,5,main]) started.
13:22:42.183 [INFO]  [Validating] > Resolve mutations for :detekt-test-utils:compileKotlin (Thread[Execution worker Thread 7,5,main]) started.
13:22:42.183 [INFO]  [Validating] > 
13:22:42.183 [INFO]  [Validating] > > Task :detekt-parser:classes UP-TO-DATE
13:22:42.183 [INFO]  [Validating] > Skipping task ':detekt-parser:classes' as it has no actions.
13:22:42.183 [INFO]  [Validating] > Resolve mutations for :detekt-parser:jar (Thread[Execution worker,5,main]) started.
13:22:42.183 [INFO]  [Validating] > :detekt-test-utils:compileKotlin (Thread[Execution worker Thread 7,5,main]) started.
13:22:42.183 [INFO]  [Validating] > 
13:22:42.183 [INFO]  [Validating] > > Task :detekt-api:compileJava NO-SOURCE
13:22:42.183 [INFO]  [Validating] > Skipping task ':detekt-api:compileJava' as it has no source files and no previous output files.
13:22:42.183 [INFO]  [Validating] > :detekt-parser:jar (Thread[Execution worker,5,main]) started.
13:22:42.183 [INFO]  [Validating] > Resolve mutations for :detekt-api:classes (Thread[Execution worker Thread 3,5,main]) started.
13:22:42.183 [INFO]  [Validating] > work action resolve main (project :detekt-api) (Thread[Execution worker Thread 2,5,main]) started.
13:22:42.183 [INFO]  [Validating] > work action resolve main (project :detekt-api) (Thread[Execution worker Thread 5,5,main]) started.
13:22:42.183 [INFO]  [Validating] > :detekt-api:classes (Thread[Execution worker Thread 3,5,main]) started.
13:22:42.183 [INFO]  [Validating] > Resolve mutations for :detekt-tooling:compileKotlin (Thread[Execution worker Thread 6,5,main]) started.
13:22:42.183 [INFO]  [Validating] > Resolve mutations for :detekt-report-xml:compileKotlin (Thread[Execution worker Thread 4,5,main]) started.
13:22:42.183 [INFO]  [Validating] > Resolve mutations for :detekt-rules-documentation:compileKotlin (Thread[Execution worker Thread 2,5,main]) started.
13:22:42.183 [INFO]  [Validating] > Resolve mutations for :detekt-metrics:compileKotlin (Thread[Execution worker Thread 5,5,main]) started.
13:22:42.183 [INFO]  [Validating] > :detekt-report-xml:compileKotlin (Thread[Execution worker Thread 4,5,main]) started.
13:22:42.183 [INFO]  [Validating] > Resolve mutations for :detekt-report-txt:compileKotlin (Thread[Execution worker Thread 8,5,main]) started.
13:22:42.183 [INFO]  [Validating] > 
13:22:42.183 [INFO]  [Validating] > > Task :detekt-utils:jar UP-TO-DATE
13:22:42.183 [INFO]  [Validating] > Caching disabled for task ':detekt-utils:jar' because:
13:22:42.183 [INFO]  [Validating] >   Not worth caching
13:22:42.183 [INFO]  [Validating] > Skipping task ':detekt-utils:jar' as it is up-to-date.
13:22:42.183 [INFO]  [Validating] > work action resolve detekt-utils-1.23.0.jar (project :detekt-utils) (Thread[Execution worker Thread 9,5,main]) started.
13:22:42.183 [INFO]  [Validating] > :detekt-tooling:compileKotlin (Thread[Execution worker Thread 6,5,main]) started.
13:22:42.183 [INFO]  [Validating] > :detekt-rules-documentation:compileKotlin (Thread[Execution worker Thread 2,5,main]) started.
13:22:42.183 [INFO]  [Validating] > 
13:22:42.183 [INFO]  [Validating] > > Task :detekt-psi-utils:jar UP-TO-DATE
13:22:42.183 [INFO]  [Validating] > Caching disabled for task ':detekt-psi-utils:jar' because:
13:22:42.183 [INFO]  [Validating] >   Not worth caching
13:22:42.183 [INFO]  [Validating] > Skipping task ':detekt-psi-utils:jar' as it is up-to-date.
13:22:42.183 [INFO]  [Validating] > :detekt-report-txt:compileKotlin (Thread[Execution worker Thread 8,5,main]) started.
13:22:42.183 [INFO]  [Validating] > :detekt-metrics:compileKotlin (Thread[Execution worker Thread 5,5,main]) started.
13:22:42.183 [INFO]  [Validating] > 
13:22:42.183 [INFO]  [Validating] > > Task :detekt-api:classes UP-TO-DATE
13:22:42.183 [INFO]  [Validating] > Skipping task ':detekt-api:classes' as it has no actions.
13:22:42.183 [INFO]  [Validating] > work action resolve detekt-psi-utils-1.23.0.jar (project :detekt-psi-utils) (Thread[included builds,5,main]) started.
13:22:42.183 [INFO]  [Validating] > Resolve mutations for :detekt-api:jar (Thread[Execution worker Thread 3,5,main]) started.
13:22:42.183 [INFO]  [Validating] > :detekt-api:jar (Thread[Execution worker Thread 3,5,main]) started.
13:22:42.183 [INFO]  [Validating] > 
13:22:42.183 [INFO]  [Validating] > > Task :detekt-tooling:compileKotlin UP-TO-DATE
13:22:42.183 [INFO]  [Validating] > Transforming main with ClasspathEntrySnapshotTransform
13:22:42.183 [INFO]  [Validating] > Transforming main with ClasspathEntrySnapshotTransform
13:22:42.183 [INFO]  [Validating] > Transforming kotlin-stdlib-jdk8-1.8.22.jar with ClasspathEntrySnapshotTransform
13:22:42.183 [INFO]  [Validating] > Transforming kotlin-compiler-embeddable-1.8.22.jar with ClasspathEntrySnapshotTransform
13:22:42.183 [INFO]  [Validating] > Transforming kotlin-stdlib-jdk7-1.8.22.jar with ClasspathEntrySnapshotTransform
13:22:42.183 [INFO]  [Validating] > Transforming kotlin-stdlib-1.8.22.jar with ClasspathEntrySnapshotTransform
13:22:42.183 [INFO]  [Validating] > Transforming kotlin-stdlib-common-1.8.22.jar with ClasspathEntrySnapshotTransform
13:22:42.183 [INFO]  [Validating] > Transforming annotations-13.0.jar with ClasspathEntrySnapshotTransform
13:22:42.183 [INFO]  [Validating] > Build cache key for task ':detekt-tooling:compileKotlin' is 9cd58a4ffb79657c01c8319bf5870a6f
13:22:42.183 [INFO]  [Validating] > Skipping task ':detekt-tooling:compileKotlin' as it is up-to-date.
13:22:42.183 [INFO]  [Validating] > 
13:22:42.183 [INFO]  [Validating] > > Task :detekt-parser:jar UP-TO-DATE
13:22:42.183 [INFO]  [Validating] > Caching disabled for task ':detekt-parser:jar' because:
13:22:42.183 [INFO]  [Validating] >   Not worth caching
13:22:42.183 [INFO]  [Validating] > Skipping task ':detekt-parser:jar' as it is up-to-date.
13:22:42.183 [INFO]  [Validating] > work action resolve detekt-parser-1.23.0.jar (project :detekt-parser) (Thread[included builds,5,main]) started.
13:22:42.183 [INFO]  [Validating] > work action resolve main (project :detekt-tooling) (Thread[Execution worker Thread 6,5,main]) started.
13:22:42.184 [INFO]  [Validating] > Resolve mutations for :detekt-tooling:compileJava (Thread[Execution worker,5,main]) started.
13:22:42.184 [INFO]  [Validating] > 
13:22:42.184 [INFO]  [Validating] > > Task :detekt-report-xml:compileKotlin UP-TO-DATE
13:22:42.184 [INFO]  [Validating] > Transforming main with ClasspathEntrySnapshotTransform
13:22:42.184 [INFO]  [Validating] > Transforming main with ClasspathEntrySnapshotTransform
13:22:42.184 [INFO]  [Validating] > Transforming kotlin-stdlib-jdk8-1.8.22.jar with ClasspathEntrySnapshotTransform
13:22:42.184 [INFO]  [Validating] > Transforming kotlin-stdlib-jdk7-1.8.22.jar with ClasspathEntrySnapshotTransform
13:22:42.184 [INFO]  [Validating] > Transforming kotlin-stdlib-1.8.22.jar with ClasspathEntrySnapshotTransform
13:22:42.184 [INFO]  [Validating] > Transforming kotlin-compiler-embeddable-1.8.22.jar with ClasspathEntrySnapshotTransform
13:22:42.184 [INFO]  [Validating] > Transforming kotlin-stdlib-common-1.8.22.jar with ClasspathEntrySnapshotTransform
13:22:42.184 [INFO]  [Validating] > Transforming annotations-13.0.jar with ClasspathEntrySnapshotTransform
13:22:42.184 [INFO]  [Validating] > Build cache key for task ':detekt-report-xml:compileKotlin' is 1acdddef0677e48be7307f9ab589f2f5
13:22:42.184 [INFO]  [Validating] > Skipping task ':detekt-report-xml:compileKotlin' as it is up-to-date.
13:22:42.184 [INFO]  [Validating] > 
13:22:42.184 [INFO]  [Validating] > > Task :detekt-metrics:compileKotlin UP-TO-DATE
13:22:42.184 [INFO]  [Validating] > Transforming main with ClasspathEntrySnapshotTransform
13:22:42.184 [INFO]  [Validating] > Transforming main with ClasspathEntrySnapshotTransform
13:22:42.184 [INFO]  [Validating] > Transforming kotlin-stdlib-jdk8-1.8.22.jar with ClasspathEntrySnapshotTransform
13:22:42.184 [INFO]  [Validating] > Transforming kotlin-compiler-embeddable-1.8.22.jar with ClasspathEntrySnapshotTransform
13:22:42.184 [INFO]  [Validating] > Transforming kotlin-stdlib-jdk7-1.8.22.jar with ClasspathEntrySnapshotTransform
13:22:42.184 [INFO]  [Validating] > Transforming kotlin-stdlib-1.8.22.jar with ClasspathEntrySnapshotTransform
13:22:42.184 [INFO]  [Validating] > Transforming kotlin-stdlib-common-1.8.22.jar with ClasspathEntrySnapshotTransform
13:22:42.184 [INFO]  [Validating] > Transforming annotations-13.0.jar with ClasspathEntrySnapshotTransform
13:22:42.184 [INFO]  [Validating] > Build cache key for task ':detekt-metrics:compileKotlin' is e1aa4271b4005c352ebbc96b71bde128
13:22:42.184 [INFO]  [Validating] > Skipping task ':detekt-metrics:compileKotlin' as it is up-to-date.
13:22:42.184 [INFO]  [Validating] > Resolve mutations for :detekt-report-xml:compileJava (Thread[Execution worker Thread 4,5,main]) started.
13:22:42.184 [INFO]  [Validating] > 
13:22:42.184 [INFO]  [Validating] > > Task :detekt-rules-documentation:compileKotlin UP-TO-DATE
13:22:42.184 [INFO]  [Validating] > Transforming main with ClasspathEntrySnapshotTransform
13:22:42.184 [INFO]  [Validating] > Transforming main with ClasspathEntrySnapshotTransform
13:22:42.184 [INFO]  [Validating] > Transforming kotlin-stdlib-jdk8-1.8.22.jar with ClasspathEntrySnapshotTransform
13:22:42.184 [INFO]  [Validating] > Transforming kotlin-stdlib-jdk7-1.8.22.jar with ClasspathEntrySnapshotTransform
13:22:42.184 [INFO]  [Validating] > Transforming kotlin-stdlib-1.8.22.jar with ClasspathEntrySnapshotTransform
13:22:42.184 [INFO]  [Validating] > Transforming kotlin-compiler-embeddable-1.8.22.jar with ClasspathEntrySnapshotTransform
13:22:42.184 [INFO]  [Validating] > Transforming kotlin-stdlib-common-1.8.22.jar with ClasspathEntrySnapshotTransform
13:22:42.184 [INFO]  [Validating] > Transforming annotations-13.0.jar with ClasspathEntrySnapshotTransform
13:22:42.184 [INFO]  [Validating] > Build cache key for task ':detekt-rules-documentation:compileKotlin' is 0861514ee694ccaeeb81bb49c84b7b49
13:22:42.184 [INFO]  [Validating] > Skipping task ':detekt-rules-documentation:compileKotlin' as it is up-to-date.
13:22:42.184 [INFO]  [Validating] > 
13:22:42.184 [INFO]  [Validating] > > Task :detekt-report-txt:compileKotlin UP-TO-DATE
13:22:42.184 [INFO]  [Validating] > Transforming main with ClasspathEntrySnapshotTransform
13:22:42.184 [INFO]  [Validating] > Transforming main with ClasspathEntrySnapshotTransform
13:22:42.184 [INFO]  [Validating] > Transforming kotlin-stdlib-jdk8-1.8.22.jar with ClasspathEntrySnapshotTransform
13:22:42.184 [INFO]  [Validating] > Transforming kotlin-stdlib-jdk7-1.8.22.jar with ClasspathEntrySnapshotTransform
13:22:42.184 [INFO]  [Validating] > Transforming kotlin-stdlib-1.8.22.jar with ClasspathEntrySnapshotTransform
13:22:42.184 [INFO]  [Validating] > Transforming kotlin-compiler-embeddable-1.8.22.jar with ClasspathEntrySnapshotTransform
13:22:42.184 [INFO]  [Validating] > Transforming kotlin-stdlib-common-1.8.22.jar with ClasspathEntrySnapshotTransform
13:22:42.184 [INFO]  [Validating] > Transforming annotations-13.0.jar with ClasspathEntrySnapshotTransform
13:22:42.184 [INFO]  [Validating] > Build cache key for task ':detekt-report-txt:compileKotlin' is 3ded245b414360810ee29353612bdefd
13:22:42.184 [INFO]  [Validating] > Skipping task ':detekt-report-txt:compileKotlin' as it is up-to-date.
13:22:42.184 [INFO]  [Validating] > work action resolve main (project :detekt-metrics) (Thread[Execution worker Thread 9,5,main]) started.
13:22:42.184 [INFO]  [Validating] > Resolve mutations for :detekt-metrics:compileJava (Thread[Execution worker Thread 5,5,main]) started.
13:22:42.184 [INFO]  [Validating] > work action resolve main (project :detekt-report-txt) (Thread[Execution worker Thread 9,5,main]) started.
13:22:42.184 [INFO]  [Validating] > work action resolve main (project :detekt-report-xml) (Thread[Execution worker Thread 6,5,main]) started.
13:22:42.184 [INFO]  [Validating] > Resolve mutations for :detekt-report-txt:compileJava (Thread[Execution worker Thread 8,5,main]) started.
13:22:42.184 [INFO]  [Validating] > :detekt-metrics:compileJava (Thread[Execution worker Thread 5,5,main]) started.
13:22:42.184 [INFO]  [Validating] > Resolve mutations for :detekt-rules-documentation:compileJava (Thread[Execution worker Thread 2,5,main]) started.
13:22:42.184 [INFO]  [Validating] > :detekt-report-xml:compileJava (Thread[Execution worker Thread 4,5,main]) started.
13:22:42.184 [INFO]  [Validating] > :detekt-tooling:compileJava (Thread[Execution worker,5,main]) started.
13:22:42.184 [INFO]  [Validating] > :detekt-rules-documentation:compileJava (Thread[Execution worker Thread 2,5,main]) started.
13:22:42.184 [INFO]  [Validating] > :detekt-report-txt:compileJava (Thread[Execution worker Thread 8,5,main]) started.
13:22:42.184 [INFO]  [Validating] > 
13:22:42.184 [INFO]  [Validating] > > Task :detekt-api:jar UP-TO-DATE
13:22:42.184 [INFO]  [Validating] > Caching disabled for task ':detekt-api:jar' because:
13:22:42.184 [INFO]  [Validating] >   Not worth caching
13:22:42.184 [INFO]  [Validating] > Skipping task ':detekt-api:jar' as it is up-to-date.
13:22:42.184 [INFO]  [Validating] > work action resolve detekt-api-1.23.0.jar (project :detekt-api) (Thread[Execution worker Thread 3,5,main]) started.
13:22:42.184 [INFO]  [Validating] > 
13:22:42.184 [INFO]  [Validating] > > Task :detekt-rules-documentation:compileJava NO-SOURCE
13:22:42.184 [INFO]  [Validating] > Skipping task ':detekt-rules-documentation:compileJava' as it has no source files and no previous output files.
13:22:42.184 [INFO]  [Validating] > 
13:22:42.184 [INFO]  [Validating] > > Task :detekt-report-xml:compileJava NO-SOURCE
13:22:42.184 [INFO]  [Validating] > Skipping task ':detekt-report-xml:compileJava' as it has no source files and no previous output files.
13:22:42.184 [INFO]  [Validating] > work action resolve main (project :detekt-report-xml) (Thread[Execution worker Thread 4,5,main]) started.
13:22:42.184 [INFO]  [Validating] > Resolve mutations for :detekt-rules-documentation:classes (Thread[Execution worker Thread 2,5,main]) started.
13:22:42.184 [INFO]  [Validating] > Resolve mutations for :detekt-report-xml:classes (Thread[Execution worker Thread 4,5,main]) started.
13:22:42.184 [INFO]  [Validating] > work action resolve main (project :detekt-report-xml) (Thread[included builds,5,main]) started.
13:22:42.184 [INFO]  [Validating] > 
13:22:42.184 [INFO]  [Validating] > > Task :detekt-tooling:compileJava NO-SOURCE
13:22:42.184 [INFO]  [Validating] > Skipping task ':detekt-tooling:compileJava' as it has no source files and no previous output files.
13:22:42.184 [INFO]  [Validating] > :detekt-report-xml:classes (Thread[Execution worker Thread 4,5,main]) started.
13:22:42.184 [INFO]  [Validating] > work action resolve main (project :detekt-tooling) (Thread[included builds,5,main]) started.
13:22:42.184 [INFO]  [Validating] > Resolve mutations for :detekt-tooling:classes (Thread[Execution worker Thread 9,5,main]) started.
13:22:42.184 [INFO]  [Validating] > 
13:22:42.184 [INFO]  [Validating] > > Task :detekt-metrics:compileJava NO-SOURCE
13:22:42.184 [INFO]  [Validating] > Skipping task ':detekt-metrics:compileJava' as it has no source files and no previous output files.
13:22:42.184 [INFO]  [Validating] > :detekt-rules-documentation:classes (Thread[Execution worker Thread 2,5,main]) started.
13:22:42.184 [INFO]  [Validating] > Resolve mutations for :detekt-metrics:classes (Thread[included builds,5,main]) started.
13:22:42.184 [INFO]  [Validating] > :detekt-metrics:classes (Thread[included builds,5,main]) started.
13:22:42.184 [INFO]  [Validating] > :detekt-tooling:classes (Thread[Execution worker Thread 3,5,main]) started.
13:22:42.184 [INFO]  [Validating] > work action resolve main (project :detekt-metrics) (Thread[Execution worker Thread 9,5,main]) started.
13:22:42.184 [INFO]  [Validating] > work action resolve main (project :detekt-metrics) (Thread[Execution worker Thread 5,5,main]) started.
13:22:42.184 [INFO]  [Validating] > work action resolve main (project :detekt-tooling) (Thread[Execution worker,5,main]) started.
13:22:42.184 [INFO]  [Validating] > Resolve mutations for :detekt-report-md:compileKotlin (Thread[Execution worker Thread 5,5,main]) started.
13:22:42.184 [INFO]  [Validating] > Resolve mutations for :detekt-report-sarif:compileKotlin (Thread[Execution worker,5,main]) started.
13:22:42.184 [INFO]  [Validating] > 
13:22:42.184 [INFO]  [Validating] > > Task :detekt-report-txt:compileJava NO-SOURCE
13:22:42.184 [INFO]  [Validating] > Skipping task ':detekt-report-txt:compileJava' as it has no source files and no previous output files.
13:22:42.184 [INFO]  [Validating] > Resolve mutations for :detekt-report-html:compileKotlin (Thread[Execution worker Thread 6,5,main]) started.
13:22:42.184 [INFO]  [Validating] > work action resolve main (project :detekt-report-txt) (Thread[Execution worker Thread 9,5,main]) started.
13:22:42.184 [INFO]  [Validating] > :detekt-report-md:compileKotlin (Thread[Execution worker Thread 5,5,main]) started.
13:22:42.184 [INFO]  [Validating] > 
13:22:42.184 [INFO]  [Validating] > > Task :detekt-rules-documentation:classes UP-TO-DATE
13:22:42.184 [INFO]  [Validating] > Skipping task ':detekt-rules-documentation:classes' as it has no actions.
13:22:42.184 [INFO]  [Validating] > :detekt-report-html:compileKotlin (Thread[Execution worker Thread 6,5,main]) started.
13:22:42.184 [INFO]  [Validating] > :detekt-report-sarif:compileKotlin (Thread[Execution worker,5,main]) started.
13:22:42.184 [INFO]  [Validating] > 
13:22:42.184 [INFO]  [Validating] > > Task :detekt-tooling:classes UP-TO-DATE
13:22:42.184 [INFO]  [Validating] > Skipping task ':detekt-tooling:classes' as it has no actions.
13:22:42.184 [INFO]  [Validating] > 
13:22:42.184 [INFO]  [Validating] > > Task :detekt-test-utils:compileKotlin UP-TO-DATE
13:22:42.184 [INFO]  [Validating] > Transforming main with ClasspathEntrySnapshotTransform
13:22:42.184 [INFO]  [Validating] > Transforming kotlinx-coroutines-core-jvm-1.7.2.jar with ClasspathEntrySnapshotTransform
13:22:42.184 [INFO]  [Validating] > Transforming kotlin-stdlib-jdk8-1.8.22.jar with ClasspathEntrySnapshotTransform
13:22:42.184 [INFO]  [Validating] > Transforming junit-platform-commons-1.9.3.jar with ClasspathEntrySnapshotTransform
13:22:42.184 [INFO]  [Validating] > Transforming junit-jupiter-api-5.9.3.jar with ClasspathEntrySnapshotTransform
13:22:42.184 [INFO]  [Validating] > Transforming kotlin-main-kts-1.8.22.jar with ClasspathEntrySnapshotTransform
13:22:42.184 [INFO]  [Validating] > Transforming kotlin-stdlib-jdk7-1.8.22.jar with ClasspathEntrySnapshotTransform
13:22:42.184 [INFO]  [Validating] > Transforming kotlin-stdlib-1.8.22.jar with ClasspathEntrySnapshotTransform
13:22:42.184 [INFO]  [Validating] > Transforming opentest4j-1.2.0.jar with ClasspathEntrySnapshotTransform
13:22:42.184 [INFO]  [Validating] > Transforming apiguardian-api-1.1.2.jar with ClasspathEntrySnapshotTransform
13:22:42.184 [INFO]  [Validating] > Transforming kotlin-compiler-embeddable-1.8.22.jar with ClasspathEntrySnapshotTransform
13:22:42.184 [INFO]  [Validating] > Transforming kotlin-stdlib-common-1.8.22.jar with ClasspathEntrySnapshotTransform
13:22:42.184 [INFO]  [Validating] > Transforming annotations-23.0.0.jar with ClasspathEntrySnapshotTransform
13:22:42.184 [INFO]  [Validating] > Build cache key for task ':detekt-test-utils:compileKotlin' is 7738ee7998b37343d969d1bd0c068d5b
13:22:42.184 [INFO]  [Validating] > Skipping task ':detekt-test-utils:compileKotlin' as it is up-to-date.
13:22:42.184 [INFO]  [Validating] > Resolve mutations for :detekt-test-utils:compileJava (Thread[Execution worker Thread 7,5,main]) started.
13:22:42.184 [INFO]  [Validating] > Resolve mutations for :detekt-tooling:jar (Thread[Execution worker Thread 3,5,main]) started.
13:22:42.184 [INFO]  [Validating] > 
13:22:42.184 [INFO]  [Validating] > > Task :detekt-report-xml:classes UP-TO-DATE
13:22:42.184 [INFO]  [Validating] > Skipping task ':detekt-report-xml:classes' as it has no actions.
13:22:42.184 [INFO]  [Validating] > Resolve mutations for :detekt-report-xml:jar (Thread[Execution worker Thread 4,5,main]) started.
13:22:42.184 [INFO]  [Validating] > Resolve mutations for :detekt-report-txt:classes (Thread[Execution worker Thread 9,5,main]) started.
13:22:42.184 [INFO]  [Validating] > :detekt-report-xml:jar (Thread[Execution worker Thread 4,5,main]) started.
13:22:42.184 [INFO]  [Validating] > work action resolve main (project :detekt-report-txt) (Thread[Execution worker Thread 8,5,main]) started.
13:22:42.184 [INFO]  [Validating] > :detekt-report-txt:classes (Thread[Execution worker Thread 9,5,main]) started.
13:22:42.184 [INFO]  [Validating] > :detekt-test-utils:compileJava (Thread[Execution worker Thread 7,5,main]) started.
13:22:42.184 [INFO]  [Validating] > :detekt-tooling:jar (Thread[Execution worker Thread 3,5,main]) started.
13:22:42.184 [INFO]  [Validating] > work action resolve main (project :detekt-test-utils) (Thread[Execution worker Thread 2,5,main]) started.
13:22:42.184 [INFO]  [Validating] > 
13:22:42.184 [INFO]  [Validating] > > Task :detekt-metrics:classes UP-TO-DATE
13:22:42.184 [INFO]  [Validating] > Skipping task ':detekt-metrics:classes' as it has no actions.
13:22:42.184 [INFO]  [Validating] > Resolve mutations for :detekt-metrics:jar (Thread[Execution worker Thread 8,5,main]) started.
13:22:42.184 [INFO]  [Validating] > :detekt-metrics:jar (Thread[Execution worker Thread 8,5,main]) started.
13:22:42.184 [INFO]  [Validating] > 
13:22:42.184 [INFO]  [Validating] > > Task :detekt-report-txt:classes UP-TO-DATE
13:22:42.184 [INFO]  [Validating] > Skipping task ':detekt-report-txt:classes' as it has no actions.
13:22:42.184 [INFO]  [Validating] > Resolve mutations for :detekt-report-txt:jar (Thread[Execution worker Thread 9,5,main]) started.
13:22:42.184 [INFO]  [Validating] > :detekt-report-txt:jar (Thread[Execution worker Thread 9,5,main]) started.
13:22:42.184 [INFO]  [Validating] > 
13:22:42.184 [INFO]  [Validating] > > Task :detekt-test-utils:compileJava NO-SOURCE
13:22:42.184 [INFO]  [Validating] > Skipping task ':detekt-test-utils:compileJava' as it has no source files and no previous output files.
13:22:42.184 [INFO]  [Validating] > work action resolve main (project :detekt-test-utils) (Thread[Execution worker Thread 7,5,main]) started.
13:22:42.184 [INFO]  [Validating] > Resolve mutations for :detekt-test-utils:classes (Thread[Execution worker Thread 2,5,main]) started.
13:22:42.184 [INFO]  [Validating] > :detekt-test-utils:classes (Thread[Execution worker Thread 2,5,main]) started.
13:22:42.184 [INFO]  [Validating] > work action resolve main (project :detekt-test-utils) (Thread[included builds,5,main]) started.
13:22:42.184 [INFO]  [Validating] > 
13:22:42.184 [INFO]  [Validating] > > Task :detekt-test-utils:classes UP-TO-DATE
13:22:42.184 [INFO]  [Validating] > Skipping task ':detekt-test-utils:classes' as it has no actions.
13:22:42.184 [INFO]  [Validating] > Resolve mutations for :detekt-test-utils:jar (Thread[Execution worker Thread 2,5,main]) started.
13:22:42.184 [INFO]  [Validating] > :detekt-test-utils:jar (Thread[Execution worker Thread 2,5,main]) started.
13:22:42.184 [INFO]  [Validating] > 
13:22:42.184 [INFO]  [Validating] > > Task :detekt-report-md:compileKotlin UP-TO-DATE
13:22:42.184 [INFO]  [Validating] > Transforming main with ClasspathEntrySnapshotTransform
13:22:42.184 [INFO]  [Validating] > Transforming main with ClasspathEntrySnapshotTransform
13:22:42.184 [INFO]  [Validating] > Transforming main with ClasspathEntrySnapshotTransform
13:22:42.184 [INFO]  [Validating] > Transforming main with ClasspathEntrySnapshotTransform
13:22:42.184 [INFO]  [Validating] > Transforming kotlin-stdlib-jdk8-1.8.22.jar with ClasspathEntrySnapshotTransform
13:22:42.184 [INFO]  [Validating] > Transforming kotlin-stdlib-jdk7-1.8.22.jar with ClasspathEntrySnapshotTransform
13:22:42.184 [INFO]  [Validating] > Transforming kotlin-stdlib-1.8.22.jar with ClasspathEntrySnapshotTransform
13:22:42.184 [INFO]  [Validating] > Transforming kotlin-compiler-embeddable-1.8.22.jar with ClasspathEntrySnapshotTransform
13:22:42.184 [INFO]  [Validating] > Transforming kotlin-stdlib-common-1.8.22.jar with ClasspathEntrySnapshotTransform
13:22:42.184 [INFO]  [Validating] > Transforming annotations-13.0.jar with ClasspathEntrySnapshotTransform
13:22:42.184 [INFO]  [Validating] > Build cache key for task ':detekt-report-md:compileKotlin' is daaa1a6d2f4425c07ab3d08a334ba819
13:22:42.184 [INFO]  [Validating] > Skipping task ':detekt-report-md:compileKotlin' as it is up-to-date.
13:22:42.184 [INFO]  [Validating] > Resolve mutations for :detekt-report-md:compileJava (Thread[Execution worker Thread 5,5,main]) started.
13:22:42.184 [INFO]  [Validating] > work action resolve main (project :detekt-report-md) (Thread[included builds,5,main]) started.
13:22:42.184 [INFO]  [Validating] > 
13:22:42.184 [INFO]  [Validating] > > Task :detekt-report-xml:jar UP-TO-DATE
13:22:42.184 [INFO]  [Validating] > Caching disabled for task ':detekt-report-xml:jar' because:
13:22:42.184 [INFO]  [Validating] >   Not worth caching
13:22:42.184 [INFO]  [Validating] > Skipping task ':detekt-report-xml:jar' as it is up-to-date.
13:22:42.184 [INFO]  [Validating] > :detekt-report-md:compileJava (Thread[Execution worker Thread 5,5,main]) started.
13:22:42.184 [INFO]  [Validating] > work action resolve detekt-report-xml-1.23.0.jar (project :detekt-report-xml) (Thread[Execution worker Thread 4,5,main]) started.
13:22:42.184 [INFO]  [Validating] > 
13:22:42.184 [INFO]  [Validating] > > Task :detekt-metrics:jar UP-TO-DATE
13:22:42.184 [INFO]  [Validating] > Caching disabled for task ':detekt-metrics:jar' because:
13:22:42.184 [INFO]  [Validating] >   Not worth caching
13:22:42.184 [INFO]  [Validating] > Skipping task ':detekt-metrics:jar' as it is up-to-date.
13:22:42.184 [INFO]  [Validating] > 
13:22:42.184 [INFO]  [Validating] > > Task :detekt-tooling:jar UP-TO-DATE
13:22:42.184 [INFO]  [Validating] > Caching disabled for task ':detekt-tooling:jar' because:
13:22:42.184 [INFO]  [Validating] >   Not worth caching
13:22:42.184 [INFO]  [Validating] > Skipping task ':detekt-tooling:jar' as it is up-to-date.
13:22:42.184 [INFO]  [Validating] > work action resolve detekt-metrics-1.23.0.jar (project :detekt-metrics) (Thread[Execution worker Thread 8,5,main]) started.
13:22:42.184 [INFO]  [Validating] > work action resolve detekt-tooling-1.23.0.jar (project :detekt-tooling) (Thread[Execution worker Thread 8,5,main]) started.
13:22:42.184 [INFO]  [Validating] > 
13:22:42.184 [INFO]  [Validating] > > Task :detekt-report-html:compileKotlin UP-TO-DATE
13:22:42.184 [INFO]  [Validating] > Transforming main with ClasspathEntrySnapshotTransform
13:22:42.184 [INFO]  [Validating] > Transforming main with ClasspathEntrySnapshotTransform
13:22:42.184 [INFO]  [Validating] > Transforming main with ClasspathEntrySnapshotTransform
13:22:42.184 [INFO]  [Validating] > Transforming main with ClasspathEntrySnapshotTransform
13:22:42.185 [INFO]  [Validating] > Transforming kotlin-stdlib-jdk8-1.8.22.jar with ClasspathEntrySnapshotTransform
13:22:42.185 [INFO]  [Validating] > Transforming kotlinx-html-jvm-0.8.1.jar with ClasspathEntrySnapshotTransform
13:22:42.185 [INFO]  [Validating] > Transforming kotlin-stdlib-jdk7-1.8.22.jar with ClasspathEntrySnapshotTransform
13:22:42.185 [INFO]  [Validating] > Transforming kotlin-stdlib-1.8.22.jar with ClasspathEntrySnapshotTransform
13:22:42.185 [INFO]  [Validating] > Transforming kotlin-compiler-embeddable-1.8.22.jar with ClasspathEntrySnapshotTransform
13:22:42.185 [INFO]  [Validating] > Transforming kotlin-stdlib-common-1.8.22.jar with ClasspathEntrySnapshotTransform
13:22:42.185 [INFO]  [Validating] > Transforming annotations-13.0.jar with ClasspathEntrySnapshotTransform
13:22:42.185 [INFO]  [Validating] > Build cache key for task ':detekt-report-html:compileKotlin' is 6c859146cd23e1ce4901100fa935d173
13:22:42.185 [INFO]  [Validating] > Skipping task ':detekt-report-html:compileKotlin' as it is up-to-date.
13:22:42.185 [INFO]  [Validating] > 
13:22:42.185 [INFO]  [Validating] > > Task :detekt-report-md:compileJava NO-SOURCE
13:22:42.185 [INFO]  [Validating] > Skipping task ':detekt-report-md:compileJava' as it has no source files and no previous output files.
13:22:42.185 [INFO]  [Validating] > Resolve mutations for :detekt-report-html:compileJava (Thread[Execution worker Thread 6,5,main]) started.
13:22:42.185 [INFO]  [Validating] > work action resolve main (project :detekt-report-md) (Thread[Execution worker Thread 8,5,main]) started.
13:22:42.185 [INFO]  [Validating] > 
13:22:42.185 [INFO]  [Validating] > > Task :detekt-report-sarif:compileKotlin UP-TO-DATE
13:22:42.185 [INFO]  [Validating] > Transforming main with ClasspathEntrySnapshotTransform
13:22:42.185 [INFO]  [Validating] > Transforming main with ClasspathEntrySnapshotTransform
13:22:42.185 [INFO]  [Validating] > Transforming main with ClasspathEntrySnapshotTransform
13:22:42.185 [INFO]  [Validating] > Transforming sarif4k-jvm-0.4.0.jar with ClasspathEntrySnapshotTransform
13:22:42.185 [INFO]  [Validating] > Transforming kotlinx-serialization-json-jvm-1.4.1.jar with ClasspathEntrySnapshotTransform
13:22:42.185 [INFO]  [Validating] > Transforming kotlinx-serialization-core-jvm-1.4.1.jar with ClasspathEntrySnapshotTransform
13:22:42.185 [INFO]  [Validating] > Transforming kotlin-stdlib-jdk8-1.8.22.jar with ClasspathEntrySnapshotTransform
13:22:42.185 [INFO]  [Validating] > Transforming kotlin-stdlib-jdk7-1.8.22.jar with ClasspathEntrySnapshotTransform
13:22:42.185 [INFO]  [Validating] > Transforming kotlin-stdlib-1.8.22.jar with ClasspathEntrySnapshotTransform
13:22:42.185 [INFO]  [Validating] > Transforming kotlin-compiler-embeddable-1.8.22.jar with ClasspathEntrySnapshotTransform
13:22:42.185 [INFO]  [Validating] > Transforming kotlin-stdlib-common-1.8.22.jar with ClasspathEntrySnapshotTransform
13:22:42.185 [INFO]  [Validating] > Transforming annotations-13.0.jar with ClasspathEntrySnapshotTransform
13:22:42.185 [INFO]  [Validating] > Build cache key for task ':detekt-report-sarif:compileKotlin' is 1408222aca0d0bdec3a09706c778f66a
13:22:42.185 [INFO]  [Validating] > Skipping task ':detekt-report-sarif:compileKotlin' as it is up-to-date.
13:22:42.185 [INFO]  [Validating] > work action resolve main (project :detekt-report-html) (Thread[Execution worker Thread 8,5,main]) started.
13:22:42.185 [INFO]  [Validating] > work action resolve main (project :detekt-report-md) (Thread[Execution worker Thread 5,5,main]) started.
13:22:42.185 [INFO]  [Validating] > :detekt-report-html:compileJava (Thread[Execution worker Thread 6,5,main]) started.
13:22:42.185 [INFO]  [Validating] > Resolve mutations for :detekt-report-md:classes (Thread[Execution worker Thread 7,5,main]) started.
13:22:42.185 [INFO]  [Validating] > work action resolve main (project :detekt-report-sarif) (Thread[Execution worker Thread 8,5,main]) started.
13:22:42.185 [INFO]  [Validating] > :detekt-report-md:classes (Thread[Execution worker Thread 7,5,main]) started.
13:22:42.185 [INFO]  [Validating] > Resolve mutations for :detekt-report-sarif:compileJava (Thread[Execution worker,5,main]) started.
13:22:42.185 [INFO]  [Validating] > 
13:22:42.185 [INFO]  [Validating] > > Task :detekt-report-md:classes UP-TO-DATE
13:22:42.185 [INFO]  [Validating] > Skipping task ':detekt-report-md:classes' as it has no actions.
13:22:42.185 [INFO]  [Validating] > :detekt-report-sarif:compileJava (Thread[Execution worker,5,main]) started.
13:22:42.185 [INFO]  [Validating] > 
13:22:42.185 [INFO]  [Validating] > > Task :detekt-report-txt:jar UP-TO-DATE
13:22:42.185 [INFO]  [Validating] > Caching disabled for task ':detekt-report-txt:jar' because:
13:22:42.185 [INFO]  [Validating] >   Not worth caching
13:22:42.185 [INFO]  [Validating] > Skipping task ':detekt-report-txt:jar' as it is up-to-date.
13:22:42.185 [INFO]  [Validating] > Resolve mutations for :detekt-report-md:jar (Thread[Execution worker Thread 7,5,main]) started.
13:22:42.185 [INFO]  [Validating] > work action resolve detekt-report-txt-1.23.0.jar (project :detekt-report-txt) (Thread[Execution worker Thread 9,5,main]) started.
13:22:42.185 [INFO]  [Validating] > 
13:22:42.185 [INFO]  [Validating] > > Task :detekt-report-html:compileJava NO-SOURCE
13:22:42.185 [INFO]  [Validating] > Skipping task ':detekt-report-html:compileJava' as it has no source files and no previous output files.
13:22:42.185 [INFO]  [Validating] > :detekt-report-md:jar (Thread[Execution worker Thread 7,5,main]) started.
13:22:42.185 [INFO]  [Validating] > work action resolve main (project :detekt-report-html) (Thread[Execution worker Thread 3,5,main]) started.
13:22:42.185 [INFO]  [Validating] > Resolve mutations for :detekt-report-html:classes (Thread[Execution worker Thread 5,5,main]) started.
13:22:42.185 [INFO]  [Validating] > work action resolve main (project :detekt-report-html) (Thread[Execution worker Thread 6,5,main]) started.
13:22:42.185 [INFO]  [Validating] > :detekt-report-html:classes (Thread[Execution worker Thread 5,5,main]) started.
13:22:42.185 [INFO]  [Validating] > 
13:22:42.185 [INFO]  [Validating] > > Task :detekt-report-sarif:compileJava NO-SOURCE
13:22:42.185 [INFO]  [Validating] > Skipping task ':detekt-report-sarif:compileJava' as it has no source files and no previous output files.
13:22:42.185 [INFO]  [Validating] > 
13:22:42.185 [INFO]  [Validating] > > Task :detekt-report-html:classes UP-TO-DATE
13:22:42.185 [INFO]  [Validating] > Skipping task ':detekt-report-html:classes' as it has no actions.
13:22:42.185 [INFO]  [Validating] > work action resolve main (project :detekt-report-sarif) (Thread[Execution worker,5,main]) started.
13:22:42.185 [INFO]  [Validating] > Resolve mutations for :detekt-report-html:jar (Thread[Execution worker Thread 6,5,main]) started.
13:22:42.185 [INFO]  [Validating] > work action resolve main (project :detekt-report-sarif) (Thread[Execution worker Thread 5,5,main]) started.
13:22:42.185 [INFO]  [Validating] > Resolve mutations for :detekt-report-sarif:classes (Thread[Execution worker,5,main]) started.
13:22:42.185 [INFO]  [Validating] > :detekt-report-html:jar (Thread[Execution worker Thread 4,5,main]) started.
13:22:42.185 [INFO]  [Validating] > :detekt-report-sarif:classes (Thread[Execution worker,5,main]) started.
13:22:42.185 [INFO]  [Validating] > 
13:22:42.185 [INFO]  [Validating] > > Task :detekt-report-sarif:classes UP-TO-DATE
13:22:42.185 [INFO]  [Validating] > Skipping task ':detekt-report-sarif:classes' as it has no actions.
13:22:42.185 [INFO]  [Validating] > Resolve mutations for :detekt-report-sarif:jar (Thread[Execution worker,5,main]) started.
13:22:42.185 [INFO]  [Validating] > Resolve mutations for :detekt-core:compileKotlin (Thread[Execution worker Thread 5,5,main]) started.
13:22:42.185 [INFO]  [Validating] > :detekt-report-sarif:jar (Thread[Execution worker,5,main]) started.
13:22:42.185 [INFO]  [Validating] > :detekt-core:compileKotlin (Thread[Execution worker Thread 5,5,main]) started.
13:22:42.185 [INFO]  [Validating] > 
13:22:42.185 [INFO]  [Validating] > > Task :detekt-core:compileKotlin UP-TO-DATE
13:22:42.185 [INFO]  [Validating] > Transforming main with ClasspathEntrySnapshotTransform
13:22:42.185 [INFO]  [Validating] > Transforming main with ClasspathEntrySnapshotTransform
13:22:42.185 [INFO]  [Validating] > Transforming main with ClasspathEntrySnapshotTransform
13:22:42.185 [INFO]  [Validating] > Transforming main with ClasspathEntrySnapshotTransform
13:22:42.185 [INFO]  [Validating] > Transforming main with ClasspathEntrySnapshotTransform
13:22:42.185 [INFO]  [Validating] > Transforming main with ClasspathEntrySnapshotTransform
13:22:42.185 [INFO]  [Validating] > Transforming main with ClasspathEntrySnapshotTransform
13:22:42.185 [INFO]  [Validating] > Transforming main with ClasspathEntrySnapshotTransform
13:22:42.185 [INFO]  [Validating] > Transforming main with ClasspathEntrySnapshotTransform
13:22:42.185 [INFO]  [Validating] > Transforming main with ClasspathEntrySnapshotTransform
13:22:42.185 [INFO]  [Validating] > Transforming main with ClasspathEntrySnapshotTransform
13:22:42.185 [INFO]  [Validating] > Transforming kotlin-stdlib-jdk8-1.8.22.jar with ClasspathEntrySnapshotTransform
13:22:42.185 [INFO]  [Validating] > Transforming snakeyaml-engine-2.6.jar with ClasspathEntrySnapshotTransform
13:22:42.185 [INFO]  [Validating] > Transforming kotlin-reflect-1.8.22.jar with ClasspathEntrySnapshotTransform
13:22:42.185 [INFO]  [Validating] > Transforming kotlin-compiler-embeddable-1.8.22.jar with ClasspathEntrySnapshotTransform
13:22:42.185 [INFO]  [Validating] > Transforming kotlin-stdlib-jdk7-1.8.22.jar with ClasspathEntrySnapshotTransform
13:22:42.185 [INFO]  [Validating] > Transforming kotlin-stdlib-1.8.22.jar with ClasspathEntrySnapshotTransform
13:22:42.185 [INFO]  [Validating] > Transforming kotlin-stdlib-common-1.8.22.jar with ClasspathEntrySnapshotTransform
13:22:42.185 [INFO]  [Validating] > Transforming annotations-13.0.jar with ClasspathEntrySnapshotTransform
13:22:42.185 [INFO]  [Validating] > Build cache key for task ':detekt-core:compileKotlin' is 87bd0f24f712da0d88bc26872abfe7d2
13:22:42.185 [INFO]  [Validating] > Skipping task ':detekt-core:compileKotlin' as it is up-to-date.
13:22:42.185 [INFO]  [Validating] > Resolve mutations for :detekt-core:compileJava (Thread[Execution worker Thread 5,5,main]) started.
13:22:42.185 [INFO]  [Validating] > work action resolve main (project :detekt-core) (Thread[Execution worker Thread 3,5,main]) started.
13:22:42.185 [INFO]  [Validating] > :detekt-core:compileJava (Thread[Execution worker Thread 5,5,main]) started.
13:22:42.185 [INFO]  [Validating] > 
13:22:42.185 [INFO]  [Validating] > > Task :detekt-core:compileJava NO-SOURCE
13:22:42.185 [INFO]  [Validating] > Skipping task ':detekt-core:compileJava' as it has no source files and no previous output files.
13:22:42.185 [INFO]  [Validating] > Resolve mutations for :detekt-core:classes (Thread[Execution worker Thread 5,5,main]) started.
13:22:42.185 [INFO]  [Validating] > :detekt-core:classes (Thread[Execution worker Thread 5,5,main]) started.
13:22:42.185 [INFO]  [Validating] > work action resolve main (project :detekt-core) (Thread[Execution worker Thread 3,5,main]) started.
13:22:42.185 [INFO]  [Validating] > work action resolve main (project :detekt-core) (Thread[Execution worker Thread 8,5,main]) started.
13:22:42.185 [INFO]  [Validating] > 
13:22:42.185 [INFO]  [Validating] > > Task :detekt-core:classes UP-TO-DATE
13:22:42.185 [INFO]  [Validating] > Skipping task ':detekt-core:classes' as it has no actions.
13:22:42.185 [INFO]  [Validating] > Resolve mutations for :detekt-test:compileKotlin (Thread[Execution worker Thread 6,5,main]) started.
13:22:42.185 [INFO]  [Validating] > Resolve mutations for :detekt-core:jar (Thread[Execution worker Thread 5,5,main]) started.
13:22:42.185 [INFO]  [Validating] > :detekt-core:jar (Thread[Execution worker Thread 5,5,main]) started.
13:22:42.185 [INFO]  [Validating] > :detekt-test:compileKotlin (Thread[Execution worker Thread 6,5,main]) started.
13:22:42.185 [INFO]  [Validating] > 
13:22:42.185 [INFO]  [Validating] > > Task :detekt-test:compileKotlin UP-TO-DATE
13:22:42.185 [INFO]  [Validating] > Transforming main with ClasspathEntrySnapshotTransform
13:22:42.185 [INFO]  [Validating] > Transforming main with ClasspathEntrySnapshotTransform
13:22:42.185 [INFO]  [Validating] > Transforming main with ClasspathEntrySnapshotTransform
13:22:42.185 [INFO]  [Validating] > Transforming main with ClasspathEntrySnapshotTransform
13:22:42.185 [INFO]  [Validating] > Transforming main with ClasspathEntrySnapshotTransform
13:22:42.185 [INFO]  [Validating] > Transforming main with ClasspathEntrySnapshotTransform
13:22:42.185 [INFO]  [Validating] > Transforming main with ClasspathEntrySnapshotTransform
13:22:42.185 [INFO]  [Validating] > Transforming kotlin-stdlib-jdk8-1.8.22.jar with ClasspathEntrySnapshotTransform
13:22:42.185 [INFO]  [Validating] > Transforming assertj-core-3.24.2.jar with ClasspathEntrySnapshotTransform
13:22:42.185 [INFO]  [Validating] > Transforming kotlin-compiler-embeddable-1.8.22.jar with ClasspathEntrySnapshotTransform
13:22:42.185 [INFO]  [Validating] > Transforming junit-platform-commons-1.9.3.jar with ClasspathEntrySnapshotTransform
13:22:42.185 [INFO]  [Validating] > Transforming junit-jupiter-api-5.9.3.jar with ClasspathEntrySnapshotTransform
13:22:42.185 [INFO]  [Validating] > Transforming kotlin-stdlib-jdk7-1.8.22.jar with ClasspathEntrySnapshotTransform
13:22:42.185 [INFO]  [Validating] > Transforming kotlin-stdlib-1.8.22.jar with ClasspathEntrySnapshotTransform
13:22:42.185 [INFO]  [Validating] > Transforming byte-buddy-1.12.21.jar with ClasspathEntrySnapshotTransform
13:22:42.185 [INFO]  [Validating] > Transforming opentest4j-1.2.0.jar with ClasspathEntrySnapshotTransform
13:22:42.185 [INFO]  [Validating] > Transforming apiguardian-api-1.1.2.jar with ClasspathEntrySnapshotTransform
13:22:42.185 [INFO]  [Validating] > Transforming kotlin-stdlib-common-1.8.22.jar with ClasspathEntrySnapshotTransform
13:22:42.185 [INFO]  [Validating] > Transforming annotations-13.0.jar with ClasspathEntrySnapshotTransform
13:22:42.185 [INFO]  [Validating] > Build cache key for task ':detekt-test:compileKotlin' is 3b4e9cc97ddb472bf0406062a9c686d1
13:22:42.185 [INFO]  [Validating] > Skipping task ':detekt-test:compileKotlin' as it is up-to-date.
13:22:42.185 [INFO]  [Validating] > Resolve mutations for :detekt-test:compileJava (Thread[Execution worker Thread 6,5,main]) started.
13:22:42.185 [INFO]  [Validating] > work action resolve main (project :detekt-test) (Thread[Execution worker Thread 8,5,main]) started.
13:22:42.185 [INFO]  [Validating] > :detekt-test:compileJava (Thread[Execution worker Thread 6,5,main]) started.
13:22:42.185 [INFO]  [Validating] > 
13:22:42.185 [INFO]  [Validating] > > Task :detekt-test:compileJava NO-SOURCE
13:22:42.185 [INFO]  [Validating] > Skipping task ':detekt-test:compileJava' as it has no source files and no previous output files.
13:22:42.185 [INFO]  [Validating] > work action resolve main (project :detekt-test) (Thread[Execution worker Thread 6,5,main]) started.
13:22:42.185 [INFO]  [Validating] > Resolve mutations for :detekt-test:classes (Thread[included builds,5,main]) started.
13:22:42.185 [INFO]  [Validating] > work action resolve main (project :detekt-test) (Thread[Execution worker Thread 8,5,main]) started.
13:22:42.185 [INFO]  [Validating] > :detekt-test:classes (Thread[included builds,5,main]) started.
13:22:42.185 [INFO]  [Validating] > Resolve mutations for :detekt-rules-documentation:compileTestKotlin (Thread[Execution worker Thread 8,5,main]) started.
13:22:42.185 [INFO]  [Validating] > 
13:22:42.185 [INFO]  [Validating] > > Task :detekt-test:classes UP-TO-DATE
13:22:42.185 [INFO]  [Validating] > Skipping task ':detekt-test:classes' as it has no actions.
13:22:42.185 [INFO]  [Validating] > Resolve mutations for :detekt-test:jar (Thread[included builds,5,main]) started.
13:22:42.185 [INFO]  [Validating] > :detekt-test:jar (Thread[included builds,5,main]) started.
13:22:42.185 [INFO]  [Validating] > :detekt-rules-documentation:compileTestKotlin (Thread[Execution worker Thread 8,5,main]) started.
13:22:42.185 [INFO]  [Validating] > 
13:22:42.185 [INFO]  [Validating] > > Task :detekt-test-utils:jar UP-TO-DATE
13:22:42.185 [INFO]  [Validating] > Caching disabled for task ':detekt-test-utils:jar' because:
13:22:42.185 [INFO]  [Validating] >   Not worth caching
13:22:42.185 [INFO]  [Validating] > Skipping task ':detekt-test-utils:jar' as it is up-to-date.
13:22:42.185 [INFO]  [Validating] > work action resolve detekt-test-utils-1.23.0.jar (project :detekt-test-utils) (Thread[Execution worker Thread 2,5,main]) started.
13:22:42.185 [INFO]  [Validating] > 
13:22:42.185 [INFO]  [Validating] > > Task :detekt-report-md:jar UP-TO-DATE
13:22:42.185 [INFO]  [Validating] > Caching disabled for task ':detekt-report-md:jar' because:
13:22:42.185 [INFO]  [Validating] >   Not worth caching
13:22:42.185 [INFO]  [Validating] > Skipping task ':detekt-report-md:jar' as it is up-to-date.
13:22:42.185 [INFO]  [Validating] > work action resolve detekt-report-md-1.23.0.jar (project :detekt-report-md) (Thread[Execution worker Thread 7,5,main]) started.
13:22:42.185 [INFO]  [Validating] > 
13:22:42.185 [INFO]  [Validating] > > Task :detekt-report-sarif:jar UP-TO-DATE
13:22:42.185 [INFO]  [Validating] > Caching disabled for task ':detekt-report-sarif:jar' because:
13:22:42.185 [INFO]  [Validating] >   Not worth caching
13:22:42.185 [INFO]  [Validating] > Skipping task ':detekt-report-sarif:jar' as it is up-to-date.
13:22:42.185 [INFO]  [Validating] > work action resolve detekt-report-sarif-1.23.0.jar (project :detekt-report-sarif) (Thread[Execution worker,5,main]) started.
13:22:42.185 [INFO]  [Validating] > 
13:22:42.185 [INFO]  [Validating] > > Task :detekt-report-html:jar UP-TO-DATE
13:22:42.185 [INFO]  [Validating] > Caching disabled for task ':detekt-report-html:jar' because:
13:22:42.185 [INFO]  [Validating] >   Not worth caching
13:22:42.185 [INFO]  [Validating] > Skipping task ':detekt-report-html:jar' as it is up-to-date.
13:22:42.185 [INFO]  [Validating] > work action resolve detekt-report-html-1.23.0.jar (project :detekt-report-html) (Thread[Execution worker Thread 4,5,main]) started.
13:22:42.185 [INFO]  [Validating] > 
13:22:42.185 [INFO]  [Validating] > > Task :detekt-test:jar UP-TO-DATE
13:22:42.185 [INFO]  [Validating] > Caching disabled for task ':detekt-test:jar' because:
13:22:42.185 [INFO]  [Validating] >   Not worth caching
13:22:42.185 [INFO]  [Validating] > Skipping task ':detekt-test:jar' as it is up-to-date.
13:22:42.185 [INFO]  [Validating] > work action resolve detekt-test-1.23.0.jar (project :detekt-test) (Thread[included builds,5,main]) started.
13:22:42.185 [INFO]  [Validating] > 
13:22:42.185 [INFO]  [Validating] > > Task :detekt-core:jar UP-TO-DATE
13:22:42.185 [INFO]  [Validating] > Caching disabled for task ':detekt-core:jar' because:
13:22:42.185 [INFO]  [Validating] >   Not worth caching
13:22:42.185 [INFO]  [Validating] > Skipping task ':detekt-core:jar' as it is up-to-date.
13:22:42.185 [INFO]  [Validating] > work action resolve detekt-core-1.23.0.jar (project :detekt-core) (Thread[Execution worker Thread 5,5,main]) started.
13:22:42.185 [INFO]  [Validating] > 
13:22:42.185 [INFO]  [Validating] > > Task :detekt-rules-documentation:compileTestKotlin FROM-CACHE
13:22:42.185 [INFO]  [Validating] > Transforming main with ClasspathEntrySnapshotTransform
13:22:42.185 [INFO]  [Validating] > Transforming main with ClasspathEntrySnapshotTransform
13:22:42.185 [INFO]  [Validating] > Transforming main with ClasspathEntrySnapshotTransform
13:22:42.185 [INFO]  [Validating] > Transforming main with ClasspathEntrySnapshotTransform
13:22:42.185 [INFO]  [Validating] > Transforming main with ClasspathEntrySnapshotTransform
13:22:42.185 [INFO]  [Validating] > Transforming main with ClasspathEntrySnapshotTransform
13:22:42.185 [INFO]  [Validating] > Transforming kotlin-stdlib-jdk8-1.8.22.jar with ClasspathEntrySnapshotTransform
13:22:42.185 [INFO]  [Validating] > Transforming assertj-core-3.24.2.jar with ClasspathEntrySnapshotTransform
13:22:42.185 [INFO]  [Validating] > Transforming junit-jupiter-params-5.9.3.jar with ClasspathEntrySnapshotTransform
13:22:42.185 [INFO]  [Validating] > Transforming junit-jupiter-api-5.9.3.jar with ClasspathEntrySnapshotTransform
13:22:42.185 [INFO]  [Validating] > Transforming junit-platform-commons-1.9.3.jar with ClasspathEntrySnapshotTransform
13:22:42.185 [INFO]  [Validating] > Transforming junit-jupiter-5.9.3.jar with ClasspathEntrySnapshotTransform
13:22:42.186 [INFO]  [Validating] > Transforming kotlin-stdlib-jdk7-1.8.22.jar with ClasspathEntrySnapshotTransform
13:22:42.186 [INFO]  [Validating] > Transforming kotlin-stdlib-1.8.22.jar with ClasspathEntrySnapshotTransform
13:22:42.186 [INFO]  [Validating] > Transforming kotlin-stdlib-common-1.8.22.jar with ClasspathEntrySnapshotTransform
13:22:42.186 [INFO]  [Validating] > Transforming annotations-13.0.jar with ClasspathEntrySnapshotTransform
13:22:42.186 [INFO]  [Validating] > Transforming kotlin-compiler-embeddable-1.8.22.jar with ClasspathEntrySnapshotTransform
13:22:42.186 [INFO]  [Validating] > Transforming byte-buddy-1.12.21.jar with ClasspathEntrySnapshotTransform
13:22:42.186 [INFO]  [Validating] > Transforming opentest4j-1.2.0.jar with ClasspathEntrySnapshotTransform
13:22:42.186 [INFO]  [Validating] > Transforming apiguardian-api-1.1.2.jar with ClasspathEntrySnapshotTransform
13:22:42.186 [INFO]  [Validating] > Build cache key for task ':detekt-rules-documentation:compileTestKotlin' is 7446f569625111e65c310f6e2c3abb38
13:22:42.186 [INFO]  [Validating] > Task ':detekt-rules-documentation:compileTestKotlin' is not up-to-date because:
13:22:42.186 [INFO]  [Validating] >   Input property 'javaSources' file /Users/mnedzelskii/gits/detekt/detekt-rules-documentation/src/test/java/DummyJUnitJupiterLauncherDiffblueTest.java has been removed.
13:22:42.186 [INFO]  [Validating] >   Input property 'javaSources' file /Users/mnedzelskii/gits/detekt/detekt-rules-documentation/src/test/java/io/gitlab/arturbosch/detekt/rules/documentation/CommentSmellProviderDiffblueTest.java has been added.
13:22:42.186 [INFO]  [Validating] >   Input property 'javaSources' file /Users/mnedzelskii/gits/detekt/detekt-rules-documentation/src/test/java/io/gitlab/arturbosch/detekt/rules/documentation/LicenceHeaderLoaderExtensionDiffblueTest.java has been added.
13:22:42.186 [INFO]  [Validating] > Loaded cache entry for task ':detekt-rules-documentation:compileTestKotlin' with cache key 7446f569625111e65c310f6e2c3abb38
13:22:42.186 [INFO]  [Validating] > Resolve mutations for :detekt-rules-documentation:compileTestJava (Thread[Execution worker Thread 8,5,main]) started.
13:22:42.186 [INFO]  [Validating] > :detekt-rules-documentation:compileTestJava (Thread[Execution worker Thread 8,5,main]) started.
13:22:42.186 [INFO]  [Validating] > 
13:22:42.186 [INFO]  [Validating] > > Task :detekt-rules-documentation:compileTestJava FROM-CACHE
13:22:42.186 [INFO]  [Validating] > Build cache key for task ':detekt-rules-documentation:compileTestJava' is 87c61b0ff4d6875560b3caef2c232624
13:22:42.186 [INFO]  [Validating] > Task ':detekt-rules-documentation:compileTestJava' is not up-to-date because:
13:22:42.186 [INFO]  [Validating] >   Input property 'stableSources' file /Users/mnedzelskii/gits/detekt/detekt-rules-documentation/src/test/java/DummyJUnitJupiterLauncherDiffblueTest.java has been removed.
13:22:42.186 [INFO]  [Validating] >   Input property 'stableSources' file /Users/mnedzelskii/gits/detekt/detekt-rules-documentation/src/test/java/io/gitlab/arturbosch/detekt/rules/documentation/CommentSmellProviderDiffblueTest.java has been added.
13:22:42.186 [INFO]  [Validating] >   Input property 'stableSources' file /Users/mnedzelskii/gits/detekt/detekt-rules-documentation/src/test/java/io/gitlab/arturbosch/detekt/rules/documentation/LicenceHeaderLoaderExtensionDiffblueTest.java has been added.
13:22:42.186 [INFO]  [Validating] > Loaded cache entry for task ':detekt-rules-documentation:compileTestJava' with cache key 87c61b0ff4d6875560b3caef2c232624
13:22:42.186 [INFO]  [Validating] > Resolve mutations for :detekt-rules-documentation:testClasses (Thread[Execution worker Thread 8,5,main]) started.
13:22:42.186 [INFO]  [Validating] > :detekt-rules-documentation:testClasses (Thread[Execution worker Thread 8,5,main]) started.
13:22:42.186 [INFO]  [Validating] > 
13:22:42.186 [INFO]  [Validating] > > Task :detekt-rules-documentation:testClasses UP-TO-DATE
13:22:42.186 [INFO]  [Validating] > Skipping task ':detekt-rules-documentation:testClasses' as it has no actions.
13:22:42.186 [INFO]  [Validating] > Resolve mutations for :detekt-rules-documentation:test (Thread[Execution worker Thread 8,5,main]) started.
13:22:42.186 [INFO]  [Validating] > :detekt-rules-documentation:test (Thread[Execution worker Thread 8,5,main]) started.
13:22:42.186 [INFO]  [Validating] > 
13:22:42.186 [INFO]  [Validating] > > Task :detekt-rules-documentation:test FROM-CACHE
13:22:42.186 [INFO]  [Validating] > Build cache key for task ':detekt-rules-documentation:test' is 52ecebc047c447e2871c43b665c7a52c
13:22:42.186 [INFO]  [Validating] > Task ':detekt-rules-documentation:test' is not up-to-date because:
13:22:42.186 [INFO]  [Validating] >   Value of input property 'filter.failOnNoMatchingTests' has changed for task ':detekt-rules-documentation:test'
13:22:42.186 [INFO]  [Validating] >   Value of input property 'filter.includePatterns' has changed for task ':detekt-rules-documentation:test'
13:22:42.186 [INFO]  [Validating] > Loaded cache entry for task ':detekt-rules-documentation:test' with cache key 52ecebc047c447e2871c43b665c7a52c
13:22:42.186 [INFO]  [Validating] > 
13:22:42.186 [INFO]  [Validating] > BUILD SUCCESSFUL in 502ms
13:22:42.186 [INFO]  [Validating] > 40 actionable tasks: 3 from cache, 37 up-to-date
13:22:42.186 [INFO]  [Validating] > Watched directory hierarchies: [/Users/mnedzelskii/gits/detekt]
13:22:42.186 [INFO]  [Validating] > Configuration cache entry reused.
13:22:42.186 [INFO]  [Validating] Standard error of build tool (Gradle)
13:22:42.186 [INFO]  [Validating] > 
13:22:42.199 [INFO]  [Validating] All 15 created tests were successfully validated.
13:22:42.357 [INFO]  [Reporting] Writing JSON report to /Users/mnedzelskii/gits/detekt/detekt-rules-documentation/.diffblue/reports/report.json
13:22:42.404 [INFO]  [Reporting] 
13:22:42.404 [WARN]  [Reporting] Cover completed with warnings
  The following warnings should be addressed to ensure that
  the highest quantity and quality of tests can be created:
-----------------------------------------------------------
13:21:45.051 [WARN]  [Checking] E052: Missing dependency
Unable to mock method inputs because Mockito 2.22.0 or later is not present on the classpath.
Required dependencies were not found.
Please add the following dependencies to your project:
  testImplementation("org.mockito:mockito-core:4.11.0")
13:22:42.404 [INFO]  [Reporting] Log file: /Users/mnedzelskii/gits/detekt/detekt-rules-documentation/.diffblue/log/user-20230706T132134.log
13:22:42.405 [INFO]  [Reporting] Finished in 1m 7s
