13:24:52.020 [INFO]  [Preparing] Diffblue Cover 2023.07.02-SNAPSHOT-0623e01-local
13:24:52.020 [INFO]  [Preparing] 
13:24:52.020 [INFO]  [Preparing] Running: dcover create --working-directory detekt-rules-performance io.github io.gitlab
13:24:52.175 [INFO]  [Checking] Detecting environment:
13:24:52.176 [INFO]  [Checking] ----------------------
13:24:52.218 [INFO]  [Checking] Detected Java version 11.0.18
13:24:55.097 [INFO]  [Checking] Detected build system: Gradle 8.2
13:24:55.098 [INFO]  [Checking] Operating System: Mac OS X aarch64 13.4.1
13:24:55.098 [INFO]  [Checking] Default charset: UTF-8
13:24:55.098 [INFO]  [Checking] Default locale: en_GB
13:24:55.098 [INFO]  [Checking] Default time zone: Europe/London
13:24:55.099 [INFO]  [Checking] Selected build system: Gradle
13:24:55.103 [INFO]  [Checking] Selected classpath from build system Gradle
13:24:55.104 [INFO]  [Checking] Expanded classpath: 
/Users/mnedzelskii/gits/detekt/detekt-rules-performance/build/classes/kotlin/test
/Users/mnedzelskii/gits/detekt/detekt-rules-performance/build/classes/kotlin/main (code under test)
/Users/mnedzelskii/gits/detekt/detekt-rules-performance/build/resources/test
/Users/mnedzelskii/gits/detekt/detekt-rules-performance/build/classes/java/main
/Users/mnedzelskii/gits/detekt/detekt-rules-performance/build/resources/main
/Users/mnedzelskii/gits/detekt/detekt-test/build/libs/detekt-test-1.23.0.jar
/Users/mnedzelskii/gits/detekt/detekt-core/build/libs/detekt-core-1.23.0.jar
/Users/mnedzelskii/gits/detekt/detekt-tooling/build/libs/detekt-tooling-1.23.0.jar
/Users/mnedzelskii/gits/detekt/detekt-report-md/build/libs/detekt-report-md-1.23.0.jar
/Users/mnedzelskii/gits/detekt/detekt-metrics/build/libs/detekt-metrics-1.23.0.jar
/Users/mnedzelskii/gits/detekt/detekt-api/build/libs/detekt-api-1.23.0.jar
/Users/mnedzelskii/gits/detekt/detekt-test-utils/build/libs/detekt-test-utils-1.23.0.jar
/Users/mnedzelskii/gits/detekt/detekt-report-html/build/libs/detekt-report-html-1.23.0.jar
/Users/mnedzelskii/gits/detekt/detekt-utils/build/libs/detekt-utils-1.23.0.jar
/Users/mnedzelskii/gits/detekt/detekt-parser/build/libs/detekt-parser-1.23.0.jar
/Users/mnedzelskii/gits/detekt/detekt-psi-utils/build/libs/detekt-psi-utils-1.23.0.jar
/Users/mnedzelskii/gits/detekt/detekt-report-txt/build/libs/detekt-report-txt-1.23.0.jar
/Users/mnedzelskii/gits/detekt/detekt-report-xml/build/libs/detekt-report-xml-1.23.0.jar
/Users/mnedzelskii/gits/detekt/detekt-report-sarif/build/libs/detekt-report-sarif-1.23.0.jar
/Users/mnedzelskii/.gradle/caches/modules-2/files-2.1/org.jetbrains.kotlinx/kotlinx-coroutines-core-jvm/1.7.2/27cb5db69aeef59d8cc2a2cc2be4200f26091e72/kotlinx-coroutines-core-jvm-1.7.2.jar
/Users/mnedzelskii/.gradle/caches/modules-2/files-2.1/io.github.detekt.sarif4k/sarif4k-jvm/0.4.0/d3060993cd73b57ee61b260841bedcabb7dcbb02/sarif4k-jvm-0.4.0.jar
/Users/mnedzelskii/.gradle/caches/modules-2/files-2.1/org.jetbrains.kotlinx/kotlinx-serialization-json-jvm/1.4.1/e6430b33f06dcdff88998abfcb2e78bc3cd0a1f6/kotlinx-serialization-json-jvm-1.4.1.jar
/Users/mnedzelskii/.gradle/caches/modules-2/files-2.1/org.jetbrains.kotlinx/kotlinx-serialization-core-jvm/1.4.1/e0c2c11e5d0d541ca343c8f09602c0c2287d15a1/kotlinx-serialization-core-jvm-1.4.1.jar
/Users/mnedzelskii/.gradle/caches/modules-2/files-2.1/org.jetbrains.kotlin/kotlin-stdlib-jdk8/1.8.22/b25c86d47d6b962b9cf0f8c3f320c8a10eea3dd1/kotlin-stdlib-jdk8-1.8.22.jar
/Users/mnedzelskii/.gradle/caches/modules-2/files-2.1/org.assertj/assertj-core/3.24.2/ebbf338e33f893139459ce5df023115971c2786f/assertj-core-3.24.2.jar
/Users/mnedzelskii/.gradle/caches/modules-2/files-2.1/org.junit.jupiter/junit-jupiter-engine/5.9.3/355322b03bf39306a183162cd06626c206f0286b/junit-jupiter-engine-5.9.3.jar
/Users/mnedzelskii/.gradle/caches/modules-2/files-2.1/org.junit.jupiter/junit-jupiter-params/5.9.3/9e2a4bf6016a1975f408a73523392875cff7c26f/junit-jupiter-params-5.9.3.jar
/Users/mnedzelskii/.gradle/caches/modules-2/files-2.1/org.junit.jupiter/junit-jupiter-api/5.9.3/815818ad6ffcc8d320d8fbdf3d748c753cf83201/junit-jupiter-api-5.9.3.jar
/Users/mnedzelskii/.gradle/caches/modules-2/files-2.1/org.junit.platform/junit-platform-launcher/1.9.3/485650bfe2a2f39b606a6ca013285afda2eaee79/junit-platform-launcher-1.9.3.jar
/Users/mnedzelskii/.gradle/caches/modules-2/files-2.1/org.junit.platform/junit-platform-engine/1.9.3/8616734a190f8d307376aeb7353dba0a2c037a09/junit-platform-engine-1.9.3.jar
/Users/mnedzelskii/.gradle/caches/modules-2/files-2.1/org.junit.platform/junit-platform-commons/1.9.3/36b2e26a90c41603be7f0094bee80e3f8a2cd4d4/junit-platform-commons-1.9.3.jar
/Users/mnedzelskii/.gradle/caches/modules-2/files-2.1/org.junit.jupiter/junit-jupiter/5.9.3/72e840501e1550e9799c9a5cc9483d7d6b29e0ba/junit-jupiter-5.9.3.jar
/Users/mnedzelskii/.gradle/caches/modules-2/files-2.1/org.jetbrains.kotlin/kotlin-stdlib-jdk7/1.8.22/4dabb8248310d833bb6a8b516024a91fd3d275c/kotlin-stdlib-jdk7-1.8.22.jar
/Users/mnedzelskii/.gradle/caches/modules-2/files-2.1/org.jetbrains.kotlin/kotlin-compiler-embeddable/1.8.22/e2cf111da088dc807a74157741b4cd4b664edfb7/kotlin-compiler-embeddable-1.8.22.jar
/Users/mnedzelskii/.gradle/caches/modules-2/files-2.1/org.jetbrains.kotlin/kotlin-main-kts/1.8.22/2b1a8c5bfeb080adb7358a936c90792ce83e305a/kotlin-main-kts-1.8.22.jar
/Users/mnedzelskii/.gradle/caches/modules-2/files-2.1/org.jetbrains.kotlin/kotlin-reflect/1.8.22/b52be44bc57cb6fd2169a29aefa4507c4e49c858/kotlin-reflect-1.8.22.jar
/Users/mnedzelskii/.gradle/caches/modules-2/files-2.1/org.jetbrains.kotlin/kotlin-scripting-compiler-embeddable/1.8.22/3ab8e0416ba65a54c227c806cc034a462a08ff7/kotlin-scripting-compiler-embeddable-1.8.22.jar
/Users/mnedzelskii/.gradle/caches/modules-2/files-2.1/org.jetbrains.kotlin/kotlin-scripting-compiler-impl-embeddable/1.8.22/5703e4c2d1596a35912296fe484400d19129b3d2/kotlin-scripting-compiler-impl-embeddable-1.8.22.jar
/Users/mnedzelskii/.gradle/caches/modules-2/files-2.1/org.jetbrains.kotlin/kotlin-scripting-jvm/1.8.22/3291898dd4e49d49b921cd7baf679399ddfcd49d/kotlin-scripting-jvm-1.8.22.jar
/Users/mnedzelskii/.gradle/caches/modules-2/files-2.1/org.jetbrains.kotlin/kotlin-scripting-common/1.8.22/2ceb06ea7e19b183f3363ca8961be973c232937a/kotlin-scripting-common-1.8.22.jar
/Users/mnedzelskii/.gradle/caches/modules-2/files-2.1/org.jetbrains.kotlin/kotlin-stdlib/1.8.22/636bf8b320e7627482771bbac9ed7246773c02bd/kotlin-stdlib-1.8.22.jar
/Users/mnedzelskii/.gradle/caches/modules-2/files-2.1/org.jetbrains.kotlin/kotlin-stdlib-common/1.8.22/1a8e3601703ae14bb58757ea6b2d8e8e5935a586/kotlin-stdlib-common-1.8.22.jar
/Users/mnedzelskii/.gradle/caches/modules-2/files-2.1/org.jetbrains/annotations/13.0/919f0dfe192fb4e063e7dacadee7f8bb9a2672a9/annotations-13.0.jar
/Users/mnedzelskii/.gradle/caches/modules-2/files-2.1/org.opentest4j/opentest4j/1.2.0/28c11eb91f9b6d8e200631d46e20a7f407f2a046/opentest4j-1.2.0.jar
/Users/mnedzelskii/.gradle/caches/modules-2/files-2.1/net.bytebuddy/byte-buddy/1.12.21/1a257bbdb9288f2558d3767cc2cc22b499d5091c/byte-buddy-1.12.21.jar
/Users/mnedzelskii/.gradle/caches/modules-2/files-2.1/org.snakeyaml/snakeyaml-engine/2.6/235a7e571b33eda1a81e0f73a3173ef95dd020e5/snakeyaml-engine-2.6.jar
/Users/mnedzelskii/.gradle/caches/modules-2/files-2.1/org.jetbrains.kotlin/kotlin-script-runtime/1.8.22/ce5ff1f309623f8c1be5143bdba032c4a04cec3a/kotlin-script-runtime-1.8.22.jar
/Users/mnedzelskii/.gradle/caches/modules-2/files-2.1/org.jetbrains.kotlin/kotlin-daemon-embeddable/1.8.22/7d9f7e06a59d2fcbc9b373400c146f42fd722e81/kotlin-daemon-embeddable-1.8.22.jar
/Users/mnedzelskii/.gradle/caches/modules-2/files-2.1/org.jetbrains.intellij.deps/trove4j/1.0.20200330/3afb14d5f9ceb459d724e907a21145e8ff394f02/trove4j-1.0.20200330.jar
/Users/mnedzelskii/.gradle/caches/modules-2/files-2.1/net.java.dev.jna/jna/5.6.0/330f2244e9030119ab3030fc3fededc86713d9cc/jna-5.6.0.jar
/Users/mnedzelskii/.gradle/caches/modules-2/files-2.1/io.github.davidburstrom.contester/contester-breakpoint/0.2.0/a560e5402378928e889b2eab0cc958cbed8cfe5e/contester-breakpoint-0.2.0.jar
/Users/mnedzelskii/.gradle/caches/modules-2/files-2.1/org.jetbrains.kotlinx/kotlinx-html-jvm/0.8.1/1395513588aabf353f15a9f8023098651f1d76a/kotlinx-html-jvm-0.8.1.jar
13:24:55.268 [INFO]  [Checking] Detected test framework: JUnit Jupiter 5.9.3
13:24:55.277 [INFO]  [Checking] Detected JUnit Jupiter Engine version 5.9.3
13:24:55.286 [INFO]  [Checking] Detected JUnit Jupiter Params version 5.9.3
13:24:55.381 [INFO]  [Checking] Selected test output directory: /Users/mnedzelskii/gits/detekt/detekt-rules-performance/src/test/java
13:24:55.383 [INFO]  [Checking] Selected test framework: JUnit Jupiter
13:24:55.474 [INFO]  [Checking] Running: Using JAVA_HOME: /Users/mnedzelskii/.sdkman/candidates/java/current : in /Users/mnedzelskii/gits/detekt/detekt-rules-performance : gradle test -i  DummyJupiterDiffblueTest
13:24:57.323 [INFO]  [Checking] Running: Using JAVA_HOME: /Users/mnedzelskii/.sdkman/candidates/java/current : in /Users/mnedzelskii/gits/detekt/detekt-rules-performance : gradle test -i  DummyJUnitJupiterLauncherDiffblueTest
13:24:59.230 [INFO]  [Checking] Detected JVM architecture: 64-Bit
13:24:59.233 [INFO]  [Checking] Indexing...
13:25:01.751 [INFO]  [Checking] Selected Java language compliance level: 1.8
13:25:01.752 [INFO]  [Checking] Selected test validation: enabled
13:25:01.754 [INFO]  [Checking] Prefixes for filtering classes/methods:
13:25:01.754 [INFO]  [Checking] - io.github
13:25:01.755 [INFO]  [Checking] - io.gitlab
13:25:01.755 [INFO]  [Checking] Gathering methods to test...
13:25:02.569 [WARN]  [Checking] E052: Missing dependency
Unable to mock method inputs because Mockito 2.22.0 or later is not present on the classpath.
Required dependencies were not found.
Please add the following dependencies to your project:
  testImplementation("org.mockito:mockito-core:4.11.0")
13:25:02.581 [INFO]  [Reporting] 
13:25:02.581 [INFO]  [Reporting] Environment summary:
13:25:02.581 [INFO]  [Reporting] --------------------
13:25:02.583 [INFO]  [Reporting] Java version                  11.0.18                       SUCCESS        
13:25:02.583 [INFO]  [Reporting] Build system                  Gradle                        SUCCESS        
13:25:02.583 [WARN]  [Reporting] Mocking Framework                                           WARNING        
13:25:02.583 [INFO]  [Reporting] Testing framework             JUnit Jupiter 5               SUCCESS        
13:25:02.583 [INFO]  [Reporting] Launcher                      JUnit Jupiter                 SUCCESS        
13:25:02.583 [INFO]  [Reporting] Test validation               Enabled                       SUCCESS        
13:25:02.583 [INFO]  [Reporting] 
13:25:02.583 [WARN]  [Reporting] Environment check status: WARNING
13:25:02.603 [INFO]  [Creating] Found 28 callable methods in 7 classes
13:25:02.604 [INFO]  [Creating] 
13:25:02.604 [INFO]  [Creating] Creating tests:
13:25:02.604 [INFO]  [Creating] ---------------
13:25:02.614 [INFO]  [Creating] 
================================================================================
= Starting analysis for class 'io.gitlab.arturbosch.detekt.rules.performance.ArrayPrimitive'
================================================================================
13:25:02.614 [INFO]  [Creating] Filtering out non-testable methods...
13:25:07.659 [INFO]  [Creating] Filtering of methods complete. Creating analysis request
13:25:07.660 [INFO]  [Creating] Attempting to get service client, retry 1.
13:25:07.681 [INFO]  [Creating] Starting monitoring server.
13:25:07.803 [INFO]  [Creating] Monitoring server listening on localhost/127.0.0.1:63034
13:25:07.803 [INFO]  [Creating] Starting analyzer server process...
13:25:07.803 [INFO]  [Creating] Server command-line: /Users/mnedzelskii/.sdkman/candidates/java/11.0.18-amzn/bin/java -XX:+IgnoreUnrecognizedVMOptions -Djdk.attach.allowAttachSelf=true -ea -javaagent:/Users/mnedzelskii/gits/cover/cover-cli/target/launcher-2023.07.02-SNAPSHOT-shared-jar.jar -Dlogback.configurationFile=/var/folders/84/svd_5_t17l36s2xgx_7spshr0000gp/T/diffblue/config/logback-remote-service.xml -Dcom.diffblue.springIsolationJar=/Users/mnedzelskii/gits/cover/cover-cli/target/cover-isolation-layer-2023.07.02-SNAPSHOT.jar -Dcover.jar.path=/Users/mnedzelskii/gits/cover/cover-cli/target/cover-service-analyzer-2023.07.02-SNAPSHOT-jar-with-dependencies.jar -Dcom.diffblue.assertionSuggestionJar=/Users/mnedzelskii/gits/cover/cover-cli/target/cover-service-analyzer-2023.07.02-SNAPSHOT-jar-with-dependencies.jar -Dcover.main.class=com.diffblue.cover.service.analyzer.Main -jar /Users/mnedzelskii/gits/cover/cover-cli/target/launcher-2023.07.02-SNAPSHOT-shared-jar.jar --service-lifespan 120 --monitoring-service-port 63034 --index-service-port 63034
13:25:07.825 [INFO]  [Creating] Server started. Waiting up to 300 seconds for a connection to be established...
13:25:08.199 [INFO]  [Creating] Starting new remote monitor client
13:25:08.474 [INFO]  [Creating] Attempting to start remote server.
13:25:09.074 [INFO]  [Creating] Server started, listening on localhost/127.0.0.1:63038
13:25:09.833 [INFO]  [Creating] Expect analyzer service to be listening on port 63038.
13:25:10.383 [INFO]  [Creating] Started analyzer service and client retrieved.
13:25:12.132 [INFO]  [Creating] 
================================================================================
= Creating tests for 'io.gitlab.arturbosch.detekt.rules.performance.ArrayPrimitive.getIssue:()Lio/gitlab/arturbosch/detekt/api/Issue;' using 'TrM (!sp, !fnm, df, !ris)'
================================================================================
13:25:22.550 [INFO]  [Creating]      [1/28] io.gitlab.arturbosch.detekt.rules.performance.ArrayPrimitive.getIssue
13:25:22.551 [INFO]  [Creating]      [1/28]   R081: Exception in arrange section
13:25:22.551 [INFO]  [Creating]      [1/28]     Diffblue Cover was unable to construct an instance of the class under test using
13:25:22.551 [INFO]  [Creating]      [1/28]     io.gitlab.arturbosch.detekt.rules.performance.ArrayPrimitive.<init>().
13:25:22.551 [INFO]  [Creating]      [1/28]     The arrange section threw
13:25:22.551 [INFO]  [Creating]      [1/28]     com.diffblue.cover.exception.BaseException: Sandboxing policy violation. Reason: to access 'sun.misc'
13:25:22.551 [INFO]  [Creating]      [1/28]         at java.lang.Class.forName0(Native Method)
13:25:22.551 [INFO]  [Creating]      [1/28]         at java.lang.Class.forName(Class.java:315)
13:25:22.551 [INFO]  [Creating]      [1/28]         at org.jetbrains.kotlin.com.intellij.util.concurrency.AtomicFieldUpdater.<clinit>(AtomicFieldUpdater.java:31)
13:25:22.551 [INFO]  [Creating]      [1/28]         at org.jetbrains.kotlin.com.intellij.util.containers.ConcurrentIntObjectHashMap.<clinit>(ConcurrentIntObjectHashMap.java:2773)
13:25:22.551 [INFO]  [Creating]      [1/28]         at org.jetbrains.kotlin.com.intellij.util.containers.ConcurrentIntKeyRefValueHashMap.<init>(ConcurrentIntKeyRefValueHashMap.java:33)
13:25:22.551 [INFO]  [Creating]      [1/28]         at org.jetbrains.kotlin.com.intellij.util.containers.ConcurrentIntKeyWeakValueHashMap.<init>(ConcurrentIntKeyWeakValueHashMap.java:17)
13:25:22.551 [INFO]  [Creating]      [1/28]         at org.jetbrains.kotlin.com.intellij.util.containers.ContainerUtil.createConcurrentIntObjectWeakValueMap(ContainerUtil.java:2623)
13:25:22.551 [INFO]  [Creating]      [1/28]         at org.jetbrains.kotlin.com.intellij.openapi.util.Key.<clinit>(Key.java:25)
13:25:22.551 [INFO]  [Creating]      [1/28]         at org.jetbrains.kotlin.util.slicedMap.Slices.createSimpleSlice(Slices.java:91)
13:25:22.551 [INFO]  [Creating]      [1/28]         at org.jetbrains.kotlin.resolve.BindingContext.<clinit>(BindingContext.java:94)
13:25:22.551 [INFO]  [Creating]      [1/28]         at io.gitlab.arturbosch.detekt.api.BaseRule.<init>(BaseRule.kt:25)
13:25:22.551 [INFO]  [Creating]      [1/28]         at io.gitlab.arturbosch.detekt.api.Rule.<init>(Rule.kt:23)
13:25:22.551 [INFO]  [Creating]      [1/28]         at io.gitlab.arturbosch.detekt.api.Rule.<init>(Rule.kt:20)
13:25:22.551 [INFO]  [Creating]      [1/28]         at io.gitlab.arturbosch.detekt.rules.performance.ArrayPrimitive.<init>(ArrayPrimitive.kt:45)
13:25:22.551 [INFO]  [Creating]      [1/28]         at io.gitlab.arturbosch.detekt.rules.performance.ArrayPrimitive.<init>(ArrayPrimitive.kt:45)
13:25:22.551 [INFO]  [Creating]      [1/28]         at io.gitlab.arturbosch.detekt.rules.performance.ArrayPrimitive.<init>(ArrayPrimitive.kt)
13:25:22.551 [INFO]  [Creating]      [1/28]     More information about the exception is provided in the support log.
13:25:22.551 [INFO]  [Creating]      [1/28]     See https://diff.blue/R081 for further troubleshooting of this issue.
13:25:22.555 [INFO]  [Creating] 
================================================================================
= Creating tests for 'io.gitlab.arturbosch.detekt.rules.performance.ArrayPrimitive.<init>:()V' using 'SiM (!sp, fnm, df, !ris)'
================================================================================
13:25:23.694 [INFO]  [Creating]      [2/28] io.gitlab.arturbosch.detekt.rules.performance.ArrayPrimitive.<init>
13:25:23.694 [INFO]  [Creating]      [2/28]   R011: Sandboxing policy violation
13:25:23.694 [INFO]  [Creating]      [2/28]     Diffblue Cover ran code in your project that tried
13:25:23.694 [INFO]  [Creating]      [2/28]       to access 'sun.misc'.
13:25:23.694 [INFO]  [Creating]      [2/28]     Diffblue Cover's default sandboxing policy disallows this in order to prevent
13:25:23.694 [INFO]  [Creating]      [2/28]     your code from damaging your system environment.
13:25:23.694 [INFO]  [Creating]      [2/28]     See https://diff.blue/R011 to resolve this issue.
13:25:23.696 [INFO]  [Creating] 
================================================================================
= Creating tests for 'io.gitlab.arturbosch.detekt.rules.performance.ArrayPrimitive.<init>:(Lio/gitlab/arturbosch/detekt/api/Config;)V' using 'SiM (!sp, fnm, df, !ris)'
================================================================================
13:25:24.380 [INFO]  [Creating]      [3/28] io.gitlab.arturbosch.detekt.rules.performance.ArrayPrimitive.<init>
13:25:24.380 [INFO]  [Creating]      [3/28]   R013: No inputs found that don't throw a trivial exception
13:25:24.380 [INFO]  [Creating]      [3/28]     Diffblue Cover tried to run the arrange/act section, but the test threw
13:25:24.380 [INFO]  [Creating]      [3/28]     java.lang.NullPointerException: Parameter specified as non-null is null: method io.gitlab.arturbosch.detekt.rules.performance.ArrayPrimitive.<init>, parameter config
13:25:24.380 [INFO]  [Creating]      [3/28]         at io.gitlab.arturbosch.detekt.rules.performance.ArrayPrimitive.<init>(ArrayPrimitive.kt)
13:25:24.380 [INFO]  [Creating]      [3/28]     In order to prevent <init>(Config)
13:25:24.380 [INFO]  [Creating]      [3/28]     from throwing NullPointerException, add constructors or factory
13:25:24.380 [INFO]  [Creating]      [3/28]     methods that make it easier to construct fully initialized objects used in
13:25:24.380 [INFO]  [Creating]      [3/28]     <init>(Config).
13:25:24.380 [INFO]  [Creating]      [3/28]     See https://diff.blue/R013 to resolve this issue.
13:25:24.382 [INFO]  [Creating] 
================================================================================
= Creating tests for 'io.gitlab.arturbosch.detekt.rules.performance.ArrayPrimitive.visitCallExpression:(Lorg/jetbrains/kotlin/psi/KtCallExpression;)V' using 'SiM (!sp, fnm, df, !ris)'
================================================================================
13:25:31.651 [INFO]  [Creating]      [4/28] io.gitlab.arturbosch.detekt.rules.performance.ArrayPrimitive.visitCallExpression
13:25:31.651 [INFO]  [Creating]      [4/28]   R034: Diffblue Cover can't complete test
13:25:31.652 [INFO]  [Creating]      [4/28]     Diffblue Cover was unable to complete the test.
13:25:31.652 [INFO]  [Creating]      [4/28]     Try to increase the number of fuzzing iterations if non-default
13:25:31.652 [INFO]  [Creating]      [4/28]     value is used.
13:25:31.652 [INFO]  [Creating]      [4/28]     See https://diff.blue/R034 for further troubleshooting of this issue.
13:25:31.653 [INFO]  [Creating] 
================================================================================
= Creating tests for 'io.gitlab.arturbosch.detekt.rules.performance.ArrayPrimitive.visitNamedDeclaration:(Lorg/jetbrains/kotlin/psi/KtNamedDeclaration;)V' using 'SiM (!sp, fnm, df, !ris)'
================================================================================
13:25:45.304 [INFO]  [Creating]      [5/28] io.gitlab.arturbosch.detekt.rules.performance.ArrayPrimitive.visitNamedDeclaration
13:25:45.304 [INFO]  [Creating]      [5/28]   R034: Diffblue Cover can't complete test
13:25:45.304 [INFO]  [Creating]      [5/28]     Diffblue Cover was unable to complete the test.
13:25:45.304 [INFO]  [Creating]      [5/28]     Try to increase the number of fuzzing iterations if non-default
13:25:45.304 [INFO]  [Creating]      [5/28]     value is used.
13:25:45.304 [INFO]  [Creating]      [5/28]     See https://diff.blue/R034 for further troubleshooting of this issue.
13:25:45.307 [INFO]  [Creating] [1/7] io.gitlab.arturbosch.detekt.rules.performance.ArrayPrimitive
13:25:45.307 [INFO]  [Creating] [1/7]   Tests created: 0
13:25:45.307 [INFO]  [Creating] 
================================================================================
= Starting analysis for class 'io.gitlab.arturbosch.detekt.rules.performance.CouldBeSequence'
================================================================================
13:25:45.307 [INFO]  [Creating] Filtering out non-testable methods...
13:25:45.307 [INFO]  [Creating] Filtering of methods complete. Creating analysis request
13:25:45.307 [INFO]  [Creating] Attempting to get service client, retry 1.
13:25:45.341 [INFO]  [Creating] 
================================================================================
= Creating tests for 'io.gitlab.arturbosch.detekt.rules.performance.CouldBeSequence.getIssue:()Lio/gitlab/arturbosch/detekt/api/Issue;' using 'TrM (!sp, !fnm, df, !ris)'
================================================================================
13:25:45.362 [INFO]  [Creating]      [6/28] io.gitlab.arturbosch.detekt.rules.performance.CouldBeSequence.getIssue
13:25:45.362 [INFO]  [Creating]      [6/28]   R081: Exception in arrange section
13:25:45.362 [INFO]  [Creating]      [6/28]     Diffblue Cover was unable to construct an instance of the class under test using
13:25:45.362 [INFO]  [Creating]      [6/28]     io.gitlab.arturbosch.detekt.rules.performance.CouldBeSequence.<init>().
13:25:45.362 [INFO]  [Creating]      [6/28]     The arrange section threw
13:25:45.362 [INFO]  [Creating]      [6/28]     java.lang.NoClassDefFoundError: Could not initialize class org.jetbrains.kotlin.resolve.BindingContext
13:25:45.362 [INFO]  [Creating]      [6/28]         at io.gitlab.arturbosch.detekt.api.BaseRule.<init>(BaseRule.kt:25)
13:25:45.362 [INFO]  [Creating]      [6/28]         at io.gitlab.arturbosch.detekt.api.Rule.<init>(Rule.kt:23)
13:25:45.362 [INFO]  [Creating]      [6/28]         at io.gitlab.arturbosch.detekt.api.Rule.<init>(Rule.kt:20)
13:25:45.362 [INFO]  [Creating]      [6/28]         at io.gitlab.arturbosch.detekt.rules.performance.CouldBeSequence.<init>(CouldBeSequence.kt:35)
13:25:45.362 [INFO]  [Creating]      [6/28]         at io.gitlab.arturbosch.detekt.rules.performance.CouldBeSequence.<init>(CouldBeSequence.kt:35)
13:25:45.362 [INFO]  [Creating]      [6/28]         at io.gitlab.arturbosch.detekt.rules.performance.CouldBeSequence.<init>(CouldBeSequence.kt)
13:25:45.362 [INFO]  [Creating]      [6/28]     More information about the exception is provided in the support log.
13:25:45.362 [INFO]  [Creating]      [6/28]     See https://diff.blue/R081 for further troubleshooting of this issue.
13:25:45.363 [INFO]  [Creating] 
================================================================================
= Creating tests for 'io.gitlab.arturbosch.detekt.rules.performance.CouldBeSequence.<init>:()V' using 'SiM (!sp, fnm, df, !ris)'
================================================================================
13:25:45.542 [INFO]  [Creating]      [7/28] io.gitlab.arturbosch.detekt.rules.performance.CouldBeSequence.<init>
13:25:45.542 [INFO]  [Creating]      [7/28]   R011: Sandboxing policy violation
13:25:45.542 [INFO]  [Creating]      [7/28]     Diffblue Cover ran code in your project that tried
13:25:45.542 [INFO]  [Creating]      [7/28]       to access 'sun.misc'.
13:25:45.542 [INFO]  [Creating]      [7/28]     Diffblue Cover's default sandboxing policy disallows this in order to prevent
13:25:45.542 [INFO]  [Creating]      [7/28]     your code from damaging your system environment.
13:25:45.542 [INFO]  [Creating]      [7/28]     See https://diff.blue/R011 to resolve this issue.
13:25:45.543 [INFO]  [Creating] 
================================================================================
= Creating tests for 'io.gitlab.arturbosch.detekt.rules.performance.CouldBeSequence.<init>:(Lio/gitlab/arturbosch/detekt/api/Config;)V' using 'SiM (!sp, fnm, df, !ris)'
================================================================================
13:25:45.822 [INFO]  [Creating]      [8/28] io.gitlab.arturbosch.detekt.rules.performance.CouldBeSequence.<init>
13:25:45.822 [INFO]  [Creating]      [8/28]   R013: No inputs found that don't throw a trivial exception
13:25:45.822 [INFO]  [Creating]      [8/28]     Diffblue Cover tried to run the arrange/act section, but the test threw
13:25:45.822 [INFO]  [Creating]      [8/28]     java.lang.NullPointerException: Parameter specified as non-null is null: method io.gitlab.arturbosch.detekt.rules.performance.CouldBeSequence.<init>, parameter config
13:25:45.822 [INFO]  [Creating]      [8/28]         at io.gitlab.arturbosch.detekt.rules.performance.CouldBeSequence.<init>(CouldBeSequence.kt)
13:25:45.822 [INFO]  [Creating]      [8/28]     In order to prevent <init>(Config)
13:25:45.822 [INFO]  [Creating]      [8/28]     from throwing NullPointerException, add constructors or factory
13:25:45.822 [INFO]  [Creating]      [8/28]     methods that make it easier to construct fully initialized objects used in
13:25:45.822 [INFO]  [Creating]      [8/28]     <init>(Config).
13:25:45.822 [INFO]  [Creating]      [8/28]     See https://diff.blue/R013 to resolve this issue.
13:25:45.823 [INFO]  [Creating] 
================================================================================
= Creating tests for 'io.gitlab.arturbosch.detekt.rules.performance.CouldBeSequence.visitCallExpression:(Lorg/jetbrains/kotlin/psi/KtCallExpression;)V' using 'SiM (!sp, fnm, df, !ris)'
================================================================================
13:25:45.932 [INFO]  [Creating]      [9/28] io.gitlab.arturbosch.detekt.rules.performance.CouldBeSequence.visitCallExpression
13:25:45.932 [INFO]  [Creating]      [9/28]   R034: Diffblue Cover can't complete test
13:25:45.932 [INFO]  [Creating]      [9/28]     Diffblue Cover was unable to complete the test.
13:25:45.932 [INFO]  [Creating]      [9/28]     Try to increase the number of fuzzing iterations if non-default
13:25:45.932 [INFO]  [Creating]      [9/28]     value is used.
13:25:45.932 [INFO]  [Creating]      [9/28]     See https://diff.blue/R034 for further troubleshooting of this issue.
13:25:45.934 [INFO]  [Creating] [2/7] io.gitlab.arturbosch.detekt.rules.performance.CouldBeSequence
13:25:45.934 [INFO]  [Creating] [2/7]   Tests created: 0
13:25:45.934 [INFO]  [Creating] 
================================================================================
= Starting analysis for class 'io.gitlab.arturbosch.detekt.rules.performance.ForEachOnRange'
================================================================================
13:25:45.934 [INFO]  [Creating] Filtering out non-testable methods...
13:25:45.934 [INFO]  [Creating] Filtering of methods complete. Creating analysis request
13:25:45.934 [INFO]  [Creating] Attempting to get service client, retry 1.
13:25:45.961 [INFO]  [Creating] 
================================================================================
= Creating tests for 'io.gitlab.arturbosch.detekt.rules.performance.ForEachOnRange.getIssue:()Lio/gitlab/arturbosch/detekt/api/Issue;' using 'TrM (!sp, !fnm, df, !ris)'
================================================================================
13:25:45.977 [INFO]  [Creating]     [10/28] io.gitlab.arturbosch.detekt.rules.performance.ForEachOnRange.getIssue
13:25:45.977 [INFO]  [Creating]     [10/28]   R081: Exception in arrange section
13:25:45.977 [INFO]  [Creating]     [10/28]     Diffblue Cover was unable to construct an instance of the class under test using
13:25:45.977 [INFO]  [Creating]     [10/28]     io.gitlab.arturbosch.detekt.rules.performance.ForEachOnRange.<init>().
13:25:45.977 [INFO]  [Creating]     [10/28]     The arrange section threw
13:25:45.977 [INFO]  [Creating]     [10/28]     java.lang.NoClassDefFoundError: Could not initialize class org.jetbrains.kotlin.resolve.BindingContext
13:25:45.977 [INFO]  [Creating]     [10/28]         at io.gitlab.arturbosch.detekt.api.BaseRule.<init>(BaseRule.kt:25)
13:25:45.977 [INFO]  [Creating]     [10/28]         at io.gitlab.arturbosch.detekt.api.Rule.<init>(Rule.kt:23)
13:25:45.977 [INFO]  [Creating]     [10/28]         at io.gitlab.arturbosch.detekt.api.Rule.<init>(Rule.kt:20)
13:25:45.977 [INFO]  [Creating]     [10/28]         at io.gitlab.arturbosch.detekt.rules.performance.ForEachOnRange.<init>(ForEachOnRange.kt:46)
13:25:45.977 [INFO]  [Creating]     [10/28]         at io.gitlab.arturbosch.detekt.rules.performance.ForEachOnRange.<init>(ForEachOnRange.kt:46)
13:25:45.977 [INFO]  [Creating]     [10/28]         at io.gitlab.arturbosch.detekt.rules.performance.ForEachOnRange.<init>(ForEachOnRange.kt)
13:25:45.977 [INFO]  [Creating]     [10/28]     More information about the exception is provided in the support log.
13:25:45.977 [INFO]  [Creating]     [10/28]     See https://diff.blue/R081 for further troubleshooting of this issue.
13:25:45.978 [INFO]  [Creating] 
================================================================================
= Creating tests for 'io.gitlab.arturbosch.detekt.rules.performance.ForEachOnRange.<init>:()V' using 'SiM (!sp, fnm, df, !ris)'
================================================================================
13:25:46.109 [INFO]  [Creating]     [11/28] io.gitlab.arturbosch.detekt.rules.performance.ForEachOnRange.<init>
13:25:46.109 [INFO]  [Creating]     [11/28]   R011: Sandboxing policy violation
13:25:46.109 [INFO]  [Creating]     [11/28]     Diffblue Cover ran code in your project that tried
13:25:46.109 [INFO]  [Creating]     [11/28]       to access 'sun.misc'.
13:25:46.109 [INFO]  [Creating]     [11/28]     Diffblue Cover's default sandboxing policy disallows this in order to prevent
13:25:46.109 [INFO]  [Creating]     [11/28]     your code from damaging your system environment.
13:25:46.109 [INFO]  [Creating]     [11/28]     See https://diff.blue/R011 to resolve this issue.
13:25:46.110 [INFO]  [Creating] 
================================================================================
= Creating tests for 'io.gitlab.arturbosch.detekt.rules.performance.ForEachOnRange.<init>:(Lio/gitlab/arturbosch/detekt/api/Config;)V' using 'SiM (!sp, fnm, df, !ris)'
================================================================================
13:25:46.347 [INFO]  [Creating]     [12/28] io.gitlab.arturbosch.detekt.rules.performance.ForEachOnRange.<init>
13:25:46.347 [INFO]  [Creating]     [12/28]   R013: No inputs found that don't throw a trivial exception
13:25:46.347 [INFO]  [Creating]     [12/28]     Diffblue Cover tried to run the arrange/act section, but the test threw
13:25:46.347 [INFO]  [Creating]     [12/28]     java.lang.NullPointerException: Parameter specified as non-null is null: method io.gitlab.arturbosch.detekt.rules.performance.ForEachOnRange.<init>, parameter config
13:25:46.347 [INFO]  [Creating]     [12/28]         at io.gitlab.arturbosch.detekt.rules.performance.ForEachOnRange.<init>(ForEachOnRange.kt)
13:25:46.347 [INFO]  [Creating]     [12/28]     In order to prevent <init>(Config)
13:25:46.347 [INFO]  [Creating]     [12/28]     from throwing NullPointerException, add constructors or factory
13:25:46.347 [INFO]  [Creating]     [12/28]     methods that make it easier to construct fully initialized objects used in
13:25:46.347 [INFO]  [Creating]     [12/28]     <init>(Config).
13:25:46.347 [INFO]  [Creating]     [12/28]     See https://diff.blue/R013 to resolve this issue.
13:25:46.348 [INFO]  [Creating] 
================================================================================
= Creating tests for 'io.gitlab.arturbosch.detekt.rules.performance.ForEachOnRange.visitCallExpression:(Lorg/jetbrains/kotlin/psi/KtCallExpression;)V' using 'SiM (!sp, fnm, df, !ris)'
================================================================================
13:25:46.425 [INFO]  [Creating]     [13/28] io.gitlab.arturbosch.detekt.rules.performance.ForEachOnRange.visitCallExpression
13:25:46.425 [INFO]  [Creating]     [13/28]   R034: Diffblue Cover can't complete test
13:25:46.425 [INFO]  [Creating]     [13/28]     Diffblue Cover was unable to complete the test.
13:25:46.425 [INFO]  [Creating]     [13/28]     Try to increase the number of fuzzing iterations if non-default
13:25:46.425 [INFO]  [Creating]     [13/28]     value is used.
13:25:46.425 [INFO]  [Creating]     [13/28]     See https://diff.blue/R034 for further troubleshooting of this issue.
13:25:46.427 [INFO]  [Creating] [3/7] io.gitlab.arturbosch.detekt.rules.performance.ForEachOnRange
13:25:46.427 [INFO]  [Creating] [3/7]   Tests created: 0
13:25:46.427 [INFO]  [Creating] 
================================================================================
= Starting analysis for class 'io.gitlab.arturbosch.detekt.rules.performance.PerformanceProvider'
================================================================================
13:25:46.427 [INFO]  [Creating] Filtering out non-testable methods...
13:25:46.443 [INFO]  [Creating] Filtering of methods complete. Creating analysis request
13:25:46.443 [INFO]  [Creating] Attempting to get service client, retry 1.
13:25:46.471 [INFO]  [Creating] 
================================================================================
= Creating tests for 'io.gitlab.arturbosch.detekt.rules.performance.PerformanceProvider.<init>:()V, io.gitlab.arturbosch.detekt.rules.performance.PerformanceProvider.getRuleSetId:()Ljava/lang/String;' using 'TrM (!sp, !fnm, df, !ris)'
================================================================================
13:25:47.544 [INFO]  [Creating]     [14/28] io.gitlab.arturbosch.detekt.rules.performance.PerformanceProvider.<init>
13:25:47.544 [INFO]  [Creating]     [15/28] io.gitlab.arturbosch.detekt.rules.performance.PerformanceProvider.getRuleSetId
13:25:47.544 [INFO]  [Creating]     [15/28]   Tests created: 1
13:25:47.546 [INFO]  [Creating] 
================================================================================
= Creating tests for 'io.gitlab.arturbosch.detekt.rules.performance.PerformanceProvider.instance:(Lio/gitlab/arturbosch/detekt/api/Config;)Lio/gitlab/arturbosch/detekt/api/RuleSet;' using 'SiM (!sp, fnm, df, !ris)'
================================================================================
13:25:47.655 [INFO]  [Creating]     [16/28] io.gitlab.arturbosch.detekt.rules.performance.PerformanceProvider.instance
13:25:47.655 [INFO]  [Creating]     [16/28]   R034: Diffblue Cover can't complete test
13:25:47.655 [INFO]  [Creating]     [16/28]     Diffblue Cover was unable to complete the test.
13:25:47.655 [INFO]  [Creating]     [16/28]     Try to increase the number of fuzzing iterations if non-default
13:25:47.655 [INFO]  [Creating]     [16/28]     value is used.
13:25:47.655 [INFO]  [Creating]     [16/28]     See https://diff.blue/R034 for further troubleshooting of this issue.
13:25:47.657 [INFO]  [Creating] [4/7] io.gitlab.arturbosch.detekt.rules.performance.PerformanceProvider
13:25:47.657 [INFO]  [Creating] [4/7]   Tests created: 1
13:25:47.657 [INFO]  [Creating] 
================================================================================
= Starting analysis for class 'io.gitlab.arturbosch.detekt.rules.performance.SpreadOperator'
================================================================================
13:25:47.657 [INFO]  [Creating] Filtering out non-testable methods...
13:25:47.657 [INFO]  [Creating] Filtering of methods complete. Creating analysis request
13:25:47.657 [INFO]  [Creating] Attempting to get service client, retry 1.
13:25:47.685 [INFO]  [Creating] 
================================================================================
= Creating tests for 'io.gitlab.arturbosch.detekt.rules.performance.SpreadOperator.getIssue:()Lio/gitlab/arturbosch/detekt/api/Issue;' using 'TrM (!sp, !fnm, df, !ris)'
================================================================================
13:25:47.730 [INFO]  [Creating]     [17/28] io.gitlab.arturbosch.detekt.rules.performance.SpreadOperator.getIssue
13:25:47.731 [INFO]  [Creating]     [17/28]   R081: Exception in arrange section
13:25:47.731 [INFO]  [Creating]     [17/28]     Diffblue Cover was unable to construct an instance of the class under test using
13:25:47.731 [INFO]  [Creating]     [17/28]     io.gitlab.arturbosch.detekt.rules.performance.SpreadOperator.<init>().
13:25:47.731 [INFO]  [Creating]     [17/28]     The arrange section threw
13:25:47.731 [INFO]  [Creating]     [17/28]     java.lang.NoClassDefFoundError: Could not initialize class org.jetbrains.kotlin.resolve.BindingContext
13:25:47.731 [INFO]  [Creating]     [17/28]         at io.gitlab.arturbosch.detekt.api.BaseRule.<init>(BaseRule.kt:25)
13:25:47.731 [INFO]  [Creating]     [17/28]         at io.gitlab.arturbosch.detekt.api.Rule.<init>(Rule.kt:23)
13:25:47.731 [INFO]  [Creating]     [17/28]         at io.gitlab.arturbosch.detekt.api.Rule.<init>(Rule.kt:20)
13:25:47.731 [INFO]  [Creating]     [17/28]         at io.gitlab.arturbosch.detekt.rules.performance.SpreadOperator.<init>(SpreadOperator.kt:55)
13:25:47.731 [INFO]  [Creating]     [17/28]         at io.gitlab.arturbosch.detekt.rules.performance.SpreadOperator.<init>(SpreadOperator.kt:55)
13:25:47.731 [INFO]  [Creating]     [17/28]         at io.gitlab.arturbosch.detekt.rules.performance.SpreadOperator.<init>(SpreadOperator.kt)
13:25:47.731 [INFO]  [Creating]     [17/28]     More information about the exception is provided in the support log.
13:25:47.731 [INFO]  [Creating]     [17/28]     See https://diff.blue/R081 for further troubleshooting of this issue.
13:25:47.732 [INFO]  [Creating] 
================================================================================
= Creating tests for 'io.gitlab.arturbosch.detekt.rules.performance.SpreadOperator.<init>:()V' using 'SiM (!sp, fnm, df, !ris)'
================================================================================
13:25:48.100 [INFO]  [Creating]     [18/28] io.gitlab.arturbosch.detekt.rules.performance.SpreadOperator.<init>
13:25:48.100 [INFO]  [Creating]     [18/28]   R011: Sandboxing policy violation
13:25:48.100 [INFO]  [Creating]     [18/28]     Diffblue Cover ran code in your project that tried
13:25:48.100 [INFO]  [Creating]     [18/28]       to access 'sun.misc'.
13:25:48.100 [INFO]  [Creating]     [18/28]     Diffblue Cover's default sandboxing policy disallows this in order to prevent
13:25:48.100 [INFO]  [Creating]     [18/28]     your code from damaging your system environment.
13:25:48.100 [INFO]  [Creating]     [18/28]     See https://diff.blue/R011 to resolve this issue.
13:25:48.101 [INFO]  [Creating] 
================================================================================
= Creating tests for 'io.gitlab.arturbosch.detekt.rules.performance.SpreadOperator.<init>:(Lio/gitlab/arturbosch/detekt/api/Config;)V' using 'SiM (!sp, fnm, df, !ris)'
================================================================================
13:25:48.144 [INFO]  [Creating]     [19/28] io.gitlab.arturbosch.detekt.rules.performance.SpreadOperator.<init>
13:25:48.144 [INFO]  [Creating]     [19/28]   R034: Diffblue Cover can't complete test
13:25:48.144 [INFO]  [Creating]     [19/28]     Diffblue Cover was unable to complete the test.
13:25:48.144 [INFO]  [Creating]     [19/28]     Try to increase the number of fuzzing iterations if non-default
13:25:48.144 [INFO]  [Creating]     [19/28]     value is used.
13:25:48.144 [INFO]  [Creating]     [19/28]     See https://diff.blue/R034 for further troubleshooting of this issue.
13:25:48.145 [INFO]  [Creating] 
================================================================================
= Creating tests for 'io.gitlab.arturbosch.detekt.rules.performance.SpreadOperator.visitValueArgumentList:(Lorg/jetbrains/kotlin/psi/KtValueArgumentList;)V' using 'SiM (!sp, fnm, df, !ris)'
================================================================================
13:25:48.271 [INFO]  [Creating] Could not load class: Could not initialize class org.jetbrains.kotlin.com.intellij.openapi.util.Key
13:25:48.272 [INFO]  [Creating] An exception occurred: java.lang.NoClassDefFoundError: Could not initialize class org.jetbrains.kotlin.com.intellij.openapi.util.Key
	at org.jetbrains.kotlin.com.intellij.pom.java.LanguageLevel.<clinit>(LanguageLevel.java:46)
	< ... hidden frames ... >
	at java.base/java.lang.Class.getEnumConstantsShared(Class.java:3553)
	at java.base/java.lang.Class.getEnumConstants(Class.java:3529)
	< ... hidden frames ... >
	at java.base/java.util.stream.ReferencePipeline$3$1.accept(ReferencePipeline.java:195)
	at java.base/java.util.ArrayList$ArrayListSpliterator.forEachRemaining(ArrayList.java:1655)
	at java.base/java.util.stream.AbstractPipeline.copyInto(AbstractPipeline.java:484)
	at java.base/java.util.stream.AbstractPipeline.wrapAndCopyInto(AbstractPipeline.java:474)
	at java.base/java.util.stream.ForEachOps$ForEachOp.evaluateSequential(ForEachOps.java:150)
	at java.base/java.util.stream.ForEachOps$ForEachOp$OfRef.evaluateSequential(ForEachOps.java:173)
	at java.base/java.util.stream.AbstractPipeline.evaluate(AbstractPipeline.java:234)
	at java.base/java.util.stream.ReferencePipeline.forEachOrdered(ReferencePipeline.java:502)
	< ... hidden frames ... >
	at java.base/java.util.stream.ReferencePipeline$7$1.accept(ReferencePipeline.java:271)
	at java.base/java.util.stream.SliceOps$1$1.accept(SliceOps.java:199)
	at java.base/java.util.stream.ReferencePipeline$2$1.accept(ReferencePipeline.java:177)
	at java.base/java.util.ArrayList$ArrayListSpliterator.tryAdvance(ArrayList.java:1632)
	at java.base/java.util.stream.ReferencePipeline.forEachWithCancel(ReferencePipeline.java:127)
	at java.base/java.util.stream.AbstractPipeline.copyIntoWithCancel(AbstractPipeline.java:502)
	at java.base/java.util.stream.AbstractPipeline.copyInto(AbstractPipeline.java:488)
	at java.base/java.util.stream.AbstractPipeline.wrapAndCopyInto(AbstractPipeline.java:474)
	at java.base/java.util.stream.ReduceOps$ReduceOp.evaluateSequential(ReduceOps.java:913)
	at java.base/java.util.stream.AbstractPipeline.evaluate(AbstractPipeline.java:234)
	at java.base/java.util.stream.ReferencePipeline.collect(ReferencePipeline.java:578)
	< ... hidden frames ... >
	at java.base/java.util.stream.ReferencePipeline$3$1.accept(ReferencePipeline.java:195)
	at java.base/java.util.ArrayList$ArrayListSpliterator.forEachRemaining(ArrayList.java:1655)
	at java.base/java.util.stream.AbstractPipeline.copyInto(AbstractPipeline.java:484)
	at java.base/java.util.stream.AbstractPipeline.wrapAndCopyInto(AbstractPipeline.java:474)
	at java.base/java.util.stream.ForEachOps$ForEachOp.evaluateSequential(ForEachOps.java:150)
	at java.base/java.util.stream.ForEachOps$ForEachOp$OfRef.evaluateSequential(ForEachOps.java:173)
	at java.base/java.util.stream.AbstractPipeline.evaluate(AbstractPipeline.java:234)
	at java.base/java.util.stream.ReferencePipeline.forEachOrdered(ReferencePipeline.java:502)
	< ... hidden frames ... >
	at java.base/java.util.stream.ReferencePipeline$7$1.accept(ReferencePipeline.java:271)
	at java.base/java.util.stream.SliceOps$1$1.accept(SliceOps.java:199)
	at java.base/java.util.stream.ReferencePipeline$2$1.accept(ReferencePipeline.java:177)
	at java.base/java.util.ArrayList$ArrayListSpliterator.tryAdvance(ArrayList.java:1632)
	at java.base/java.util.stream.ReferencePipeline.forEachWithCancel(ReferencePipeline.java:127)
	at java.base/java.util.stream.AbstractPipeline.copyIntoWithCancel(AbstractPipeline.java:502)
	at java.base/java.util.stream.AbstractPipeline.copyInto(AbstractPipeline.java:488)
	at java.base/java.util.stream.AbstractPipeline.wrapAndCopyInto(AbstractPipeline.java:474)
	at java.base/java.util.stream.ReduceOps$ReduceOp.evaluateSequential(ReduceOps.java:913)
	at java.base/java.util.stream.AbstractPipeline.evaluate(AbstractPipeline.java:234)
	at java.base/java.util.stream.ReferencePipeline.collect(ReferencePipeline.java:578)
	< ... hidden frames ... >
	at java.base/java.util.stream.ReferencePipeline$3$1.accept(ReferencePipeline.java:195)
	at java.base/java.util.ArrayList$ArrayListSpliterator.forEachRemaining(ArrayList.java:1655)
	at java.base/java.util.stream.AbstractPipeline.copyInto(AbstractPipeline.java:484)
	at java.base/java.util.stream.AbstractPipeline.wrapAndCopyInto(AbstractPipeline.java:474)
	at java.base/java.util.stream.ForEachOps$ForEachOp.evaluateSequential(ForEachOps.java:150)
	at java.base/java.util.stream.ForEachOps$ForEachOp$OfRef.evaluateSequential(ForEachOps.java:173)
	at java.base/java.util.stream.AbstractPipeline.evaluate(AbstractPipeline.java:234)
	at java.base/java.util.stream.ReferencePipeline.forEachOrdered(ReferencePipeline.java:502)
	< ... hidden frames ... >
	at java.base/java.util.stream.ReferencePipeline$7$1.accept(ReferencePipeline.java:271)
	at java.base/java.util.stream.SliceOps$1$1.accept(SliceOps.java:199)
	at java.base/java.util.stream.ReferencePipeline$2$1.accept(ReferencePipeline.java:177)
	at java.base/java.util.Collections$2.tryAdvance(Collections.java:4747)
	at java.base/java.util.stream.ReferencePipeline.forEachWithCancel(ReferencePipeline.java:127)
	at java.base/java.util.stream.AbstractPipeline.copyIntoWithCancel(AbstractPipeline.java:502)
	at java.base/java.util.stream.AbstractPipeline.copyInto(AbstractPipeline.java:488)
	at java.base/java.util.stream.AbstractPipeline.wrapAndCopyInto(AbstractPipeline.java:474)
	at java.base/java.util.stream.ReduceOps$ReduceOp.evaluateSequential(ReduceOps.java:913)
	at java.base/java.util.stream.AbstractPipeline.evaluate(AbstractPipeline.java:234)
	at java.base/java.util.stream.ReferencePipeline.collect(ReferencePipeline.java:578)
	< ... hidden frames ... >
	at java.base/java.util.stream.ReferencePipeline$7$1.accept(ReferencePipeline.java:271)
	at java.base/java.util.ArrayList$ArrayListSpliterator.forEachRemaining(ArrayList.java:1655)
	at java.base/java.util.stream.AbstractPipeline.copyInto(AbstractPipeline.java:484)
	at java.base/java.util.stream.AbstractPipeline.wrapAndCopyInto(AbstractPipeline.java:474)
	at java.base/java.util.stream.ReduceOps$ReduceOp.evaluateSequential(ReduceOps.java:913)
	at java.base/java.util.stream.AbstractPipeline.evaluate(AbstractPipeline.java:234)
	at java.base/java.util.stream.ReferencePipeline.collect(ReferencePipeline.java:578)
	< ... hidden frames ... >
13:25:48.277 [INFO]  [Creating]     [20/28] io.gitlab.arturbosch.detekt.rules.performance.SpreadOperator.visitValueArgumentList
13:25:48.277 [INFO]  [Creating]     [20/28]   R011: Sandboxing policy violation
13:25:48.277 [INFO]  [Creating]     [20/28]     Diffblue Cover ran code in your project that tried
13:25:48.277 [INFO]  [Creating]     [20/28]       to access 'sun.misc'.
13:25:48.277 [INFO]  [Creating]     [20/28]     Diffblue Cover's default sandboxing policy disallows this in order to prevent
13:25:48.277 [INFO]  [Creating]     [20/28]     your code from damaging your system environment.
13:25:48.277 [INFO]  [Creating]     [20/28]     See https://diff.blue/R011 to resolve this issue.
13:25:48.279 [INFO]  [Creating] [5/7] io.gitlab.arturbosch.detekt.rules.performance.SpreadOperator
13:25:48.279 [INFO]  [Creating] [5/7]   Tests created: 0
13:25:48.279 [INFO]  [Creating] 
================================================================================
= Starting analysis for class 'io.gitlab.arturbosch.detekt.rules.performance.UnnecessaryPartOfBinaryExpression'
================================================================================
13:25:48.279 [INFO]  [Creating] Filtering out non-testable methods...
13:25:48.279 [INFO]  [Creating] Filtering of methods complete. Creating analysis request
13:25:48.279 [INFO]  [Creating] Attempting to get service client, retry 1.
13:25:48.304 [INFO]  [Creating] 
================================================================================
= Creating tests for 'io.gitlab.arturbosch.detekt.rules.performance.UnnecessaryPartOfBinaryExpression.getIssue:()Lio/gitlab/arturbosch/detekt/api/Issue;' using 'TrM (!sp, !fnm, df, !ris)'
================================================================================
13:25:48.320 [INFO]  [Creating]     [21/28] io.gitlab.arturbosch.detekt.rules.performance.UnnecessaryPartOfBinaryExpression.getIssue
13:25:48.320 [INFO]  [Creating]     [21/28]   R081: Exception in arrange section
13:25:48.320 [INFO]  [Creating]     [21/28]     Diffblue Cover was unable to construct an instance of the class under test using
13:25:48.320 [INFO]  [Creating]     [21/28]     io.gitlab.arturbosch.detekt.rules.performance.UnnecessaryPartOfBinaryExpression.<init>().
13:25:48.320 [INFO]  [Creating]     [21/28]     The arrange section threw
13:25:48.320 [INFO]  [Creating]     [21/28]     java.lang.NoClassDefFoundError: Could not initialize class org.jetbrains.kotlin.resolve.BindingContext
13:25:48.320 [INFO]  [Creating]     [21/28]         at io.gitlab.arturbosch.detekt.api.BaseRule.<init>(BaseRule.kt:25)
13:25:48.320 [INFO]  [Creating]     [21/28]         at io.gitlab.arturbosch.detekt.api.Rule.<init>(Rule.kt:23)
13:25:48.320 [INFO]  [Creating]     [21/28]         at io.gitlab.arturbosch.detekt.api.Rule.<init>(Rule.kt:20)
13:25:48.320 [INFO]  [Creating]     [21/28]         at io.gitlab.arturbosch.detekt.rules.performance.UnnecessaryPartOfBinaryExpression.<init>(UnnecessaryPartOfBinaryExpression.kt:37)
13:25:48.320 [INFO]  [Creating]     [21/28]         at io.gitlab.arturbosch.detekt.rules.performance.UnnecessaryPartOfBinaryExpression.<init>(UnnecessaryPartOfBinaryExpression.kt:37)
13:25:48.320 [INFO]  [Creating]     [21/28]         at io.gitlab.arturbosch.detekt.rules.performance.UnnecessaryPartOfBinaryExpression.<init>(UnnecessaryPartOfBinaryExpression.kt)
13:25:48.320 [INFO]  [Creating]     [21/28]     More information about the exception is provided in the support log.
13:25:48.320 [INFO]  [Creating]     [21/28]     See https://diff.blue/R081 for further troubleshooting of this issue.
13:25:48.321 [INFO]  [Creating] 
================================================================================
= Creating tests for 'io.gitlab.arturbosch.detekt.rules.performance.UnnecessaryPartOfBinaryExpression.<init>:()V' using 'SiM (!sp, fnm, df, !ris)'
================================================================================
13:25:48.405 [INFO]  [Creating]     [22/28] io.gitlab.arturbosch.detekt.rules.performance.UnnecessaryPartOfBinaryExpression.<init>
13:25:48.405 [INFO]  [Creating]     [22/28]   R011: Sandboxing policy violation
13:25:48.405 [INFO]  [Creating]     [22/28]     Diffblue Cover ran code in your project that tried
13:25:48.405 [INFO]  [Creating]     [22/28]       to access 'sun.misc'.
13:25:48.405 [INFO]  [Creating]     [22/28]     Diffblue Cover's default sandboxing policy disallows this in order to prevent
13:25:48.405 [INFO]  [Creating]     [22/28]     your code from damaging your system environment.
13:25:48.405 [INFO]  [Creating]     [22/28]     See https://diff.blue/R011 to resolve this issue.
13:25:48.405 [INFO]  [Creating] 
================================================================================
= Creating tests for 'io.gitlab.arturbosch.detekt.rules.performance.UnnecessaryPartOfBinaryExpression.<init>:(Lio/gitlab/arturbosch/detekt/api/Config;)V' using 'SiM (!sp, fnm, df, !ris)'
================================================================================
13:25:48.641 [INFO]  [Creating]     [23/28] io.gitlab.arturbosch.detekt.rules.performance.UnnecessaryPartOfBinaryExpression.<init>
13:25:48.641 [INFO]  [Creating]     [23/28]   R013: No inputs found that don't throw a trivial exception
13:25:48.641 [INFO]  [Creating]     [23/28]     Diffblue Cover tried to run the arrange/act section, but the test threw
13:25:48.641 [INFO]  [Creating]     [23/28]     java.lang.NullPointerException: Parameter specified as non-null is null: method io.gitlab.arturbosch.detekt.rules.performance.UnnecessaryPartOfBinaryExpression.<init>, parameter config
13:25:48.641 [INFO]  [Creating]     [23/28]         at io.gitlab.arturbosch.detekt.rules.performance.UnnecessaryPartOfBinaryExpression.<init>(UnnecessaryPartOfBinaryExpression.kt)
13:25:48.641 [INFO]  [Creating]     [23/28]     In order to prevent <init>(Config)
13:25:48.641 [INFO]  [Creating]     [23/28]     from throwing NullPointerException, add constructors or factory
13:25:48.641 [INFO]  [Creating]     [23/28]     methods that make it easier to construct fully initialized objects used in
13:25:48.641 [INFO]  [Creating]     [23/28]     <init>(Config).
13:25:48.641 [INFO]  [Creating]     [23/28]     See https://diff.blue/R013 to resolve this issue.
13:25:48.642 [INFO]  [Creating] 
================================================================================
= Creating tests for 'io.gitlab.arturbosch.detekt.rules.performance.UnnecessaryPartOfBinaryExpression.visitBinaryExpression:(Lorg/jetbrains/kotlin/psi/KtBinaryExpression;)V' using 'SiM (!sp, fnm, df, !ris)'
================================================================================
13:25:48.875 [INFO]  [Creating]     [24/28] io.gitlab.arturbosch.detekt.rules.performance.UnnecessaryPartOfBinaryExpression.visitBinaryExpression
13:25:48.875 [INFO]  [Creating]     [24/28]   R034: Diffblue Cover can't complete test
13:25:48.875 [INFO]  [Creating]     [24/28]     Diffblue Cover was unable to complete the test.
13:25:48.875 [INFO]  [Creating]     [24/28]     Try to increase the number of fuzzing iterations if non-default
13:25:48.875 [INFO]  [Creating]     [24/28]     value is used.
13:25:48.875 [INFO]  [Creating]     [24/28]     See https://diff.blue/R034 for further troubleshooting of this issue.
13:25:48.878 [INFO]  [Creating] [6/7] io.gitlab.arturbosch.detekt.rules.performance.UnnecessaryPartOfBinaryExpression
13:25:48.878 [INFO]  [Creating] [6/7]   Tests created: 0
13:25:48.878 [INFO]  [Creating] 
================================================================================
= Starting analysis for class 'io.gitlab.arturbosch.detekt.rules.performance.UnnecessaryTemporaryInstantiation'
================================================================================
13:25:48.878 [INFO]  [Creating] Filtering out non-testable methods...
13:25:48.878 [INFO]  [Creating] Filtering of methods complete. Creating analysis request
13:25:48.878 [INFO]  [Creating] Attempting to get service client, retry 1.
13:25:48.902 [INFO]  [Creating] 
================================================================================
= Creating tests for 'io.gitlab.arturbosch.detekt.rules.performance.UnnecessaryTemporaryInstantiation.getIssue:()Lio/gitlab/arturbosch/detekt/api/Issue;' using 'TrM (!sp, !fnm, df, !ris)'
================================================================================
13:25:48.916 [INFO]  [Creating]     [25/28] io.gitlab.arturbosch.detekt.rules.performance.UnnecessaryTemporaryInstantiation.getIssue
13:25:48.916 [INFO]  [Creating]     [25/28]   R081: Exception in arrange section
13:25:48.916 [INFO]  [Creating]     [25/28]     Diffblue Cover was unable to construct an instance of the class under test using
13:25:48.916 [INFO]  [Creating]     [25/28]     io.gitlab.arturbosch.detekt.rules.performance.UnnecessaryTemporaryInstantiation.<init>().
13:25:48.916 [INFO]  [Creating]     [25/28]     The arrange section threw
13:25:48.916 [INFO]  [Creating]     [25/28]     java.lang.NoClassDefFoundError: Could not initialize class org.jetbrains.kotlin.resolve.BindingContext
13:25:48.916 [INFO]  [Creating]     [25/28]         at io.gitlab.arturbosch.detekt.api.BaseRule.<init>(BaseRule.kt:25)
13:25:48.916 [INFO]  [Creating]     [25/28]         at io.gitlab.arturbosch.detekt.api.Rule.<init>(Rule.kt:23)
13:25:48.916 [INFO]  [Creating]     [25/28]         at io.gitlab.arturbosch.detekt.api.Rule.<init>(Rule.kt:20)
13:25:48.916 [INFO]  [Creating]     [25/28]         at io.gitlab.arturbosch.detekt.rules.performance.UnnecessaryTemporaryInstantiation.<init>(UnnecessaryTemporaryInstantiation.kt:28)
13:25:48.916 [INFO]  [Creating]     [25/28]         at io.gitlab.arturbosch.detekt.rules.performance.UnnecessaryTemporaryInstantiation.<init>(UnnecessaryTemporaryInstantiation.kt:28)
13:25:48.916 [INFO]  [Creating]     [25/28]         at io.gitlab.arturbosch.detekt.rules.performance.UnnecessaryTemporaryInstantiation.<init>(UnnecessaryTemporaryInstantiation.kt)
13:25:48.916 [INFO]  [Creating]     [25/28]     More information about the exception is provided in the support log.
13:25:48.916 [INFO]  [Creating]     [25/28]     See https://diff.blue/R081 for further troubleshooting of this issue.
13:25:48.917 [INFO]  [Creating] 
================================================================================
= Creating tests for 'io.gitlab.arturbosch.detekt.rules.performance.UnnecessaryTemporaryInstantiation.<init>:()V' using 'SiM (!sp, fnm, df, !ris)'
================================================================================
13:25:48.952 [INFO]  [Creating]     [26/28] io.gitlab.arturbosch.detekt.rules.performance.UnnecessaryTemporaryInstantiation.<init>
13:25:48.952 [INFO]  [Creating]     [26/28]   R011: Sandboxing policy violation
13:25:48.952 [INFO]  [Creating]     [26/28]     Diffblue Cover ran code in your project that tried
13:25:48.952 [INFO]  [Creating]     [26/28]       to access 'sun.misc'.
13:25:48.952 [INFO]  [Creating]     [26/28]     Diffblue Cover's default sandboxing policy disallows this in order to prevent
13:25:48.952 [INFO]  [Creating]     [26/28]     your code from damaging your system environment.
13:25:48.952 [INFO]  [Creating]     [26/28]     See https://diff.blue/R011 to resolve this issue.
13:25:48.953 [INFO]  [Creating] 
================================================================================
= Creating tests for 'io.gitlab.arturbosch.detekt.rules.performance.UnnecessaryTemporaryInstantiation.<init>:(Lio/gitlab/arturbosch/detekt/api/Config;)V' using 'SiM (!sp, fnm, df, !ris)'
================================================================================
13:25:49.186 [INFO]  [Creating]     [27/28] io.gitlab.arturbosch.detekt.rules.performance.UnnecessaryTemporaryInstantiation.<init>
13:25:49.186 [INFO]  [Creating]     [27/28]   R013: No inputs found that don't throw a trivial exception
13:25:49.186 [INFO]  [Creating]     [27/28]     Diffblue Cover tried to run the arrange/act section, but the test threw
13:25:49.186 [INFO]  [Creating]     [27/28]     java.lang.NullPointerException: Parameter specified as non-null is null: method io.gitlab.arturbosch.detekt.rules.performance.UnnecessaryTemporaryInstantiation.<init>, parameter config
13:25:49.186 [INFO]  [Creating]     [27/28]         at io.gitlab.arturbosch.detekt.rules.performance.UnnecessaryTemporaryInstantiation.<init>(UnnecessaryTemporaryInstantiation.kt)
13:25:49.186 [INFO]  [Creating]     [27/28]     In order to prevent <init>(Config)
13:25:49.186 [INFO]  [Creating]     [27/28]     from throwing NullPointerException, add constructors or factory
13:25:49.186 [INFO]  [Creating]     [27/28]     methods that make it easier to construct fully initialized objects used in
13:25:49.186 [INFO]  [Creating]     [27/28]     <init>(Config).
13:25:49.186 [INFO]  [Creating]     [27/28]     See https://diff.blue/R013 to resolve this issue.
13:25:49.187 [INFO]  [Creating] 
================================================================================
= Creating tests for 'io.gitlab.arturbosch.detekt.rules.performance.UnnecessaryTemporaryInstantiation.visitCallExpression:(Lorg/jetbrains/kotlin/psi/KtCallExpression;)V' using 'SiM (!sp, fnm, df, !ris)'
================================================================================
13:25:49.248 [INFO]  [Creating]     [28/28] io.gitlab.arturbosch.detekt.rules.performance.UnnecessaryTemporaryInstantiation.visitCallExpression
13:25:49.248 [INFO]  [Creating]     [28/28]   R034: Diffblue Cover can't complete test
13:25:49.248 [INFO]  [Creating]     [28/28]     Diffblue Cover was unable to complete the test.
13:25:49.248 [INFO]  [Creating]     [28/28]     Try to increase the number of fuzzing iterations if non-default
13:25:49.248 [INFO]  [Creating]     [28/28]     value is used.
13:25:49.248 [INFO]  [Creating]     [28/28]     See https://diff.blue/R034 for further troubleshooting of this issue.
13:25:49.249 [INFO]  [Creating] [7/7] io.gitlab.arturbosch.detekt.rules.performance.UnnecessaryTemporaryInstantiation
13:25:49.249 [INFO]  [Creating] [7/7]   Tests created: 0
13:25:49.254 [INFO]  [Reporting] 
13:25:49.255 [INFO]  [Reporting] Summary:
13:25:49.255 [INFO]  [Reporting] --------
13:25:49.255 [INFO]  [Reporting] Total:                                              28 methods
13:25:49.255 [INFO]  [Reporting] 1 test created for:                                  2 methods
13:25:49.255 [INFO]  [Reporting] 
13:25:49.255 [INFO]  [Reporting] No tests created for:                               26 methods
13:25:49.255 [INFO]  [Reporting]     8 R034: Diffblue Cover can't complete test
13:25:49.255 [INFO]  [Reporting]     7 R011: Sandboxing policy violation
13:25:49.255 [INFO]  [Reporting]     6 R081: Exception in arrange section
13:25:49.255 [INFO]  [Reporting]     5 R013: No inputs found that don't throw a trivial exception
13:25:49.301 [INFO]  [Validating] 
13:25:49.301 [INFO]  [Validating] Running validation command.
13:25:49.303 [INFO]  [Validating] Running: Using JAVA_HOME: /Users/mnedzelskii/.sdkman/candidates/java/current : in /Users/mnedzelskii/gits/detekt/detekt-rules-performance : gradle test -i  
13:25:49.774 [INFO]  [Validating] Standard output of build tool (Gradle)
13:25:49.774 [INFO]  [Validating] > The client will now receive all logging from the daemon (pid: 15147). The daemon log file: /Users/mnedzelskii/.gradle/daemon/8.2/daemon-15147.out.log
13:25:49.774 [INFO]  [Validating] > Starting 136th build in daemon [uptime: 3 hrs 21 mins 13.69 secs, performance: 100%, GC rate: 0.00/s, heap usage: 0% of 8 GiB]
13:25:49.774 [INFO]  [Validating] > Closing daemon's stdin at end of input.
13:25:49.774 [INFO]  [Validating] > The daemon will no longer process any standard input.
13:25:49.774 [INFO]  [Validating] > Using 10 worker leases.
13:25:49.774 [INFO]  [Validating] > Now considering [/Users/mnedzelskii/gits/detekt, /Users/mnedzelskii/gits/detekt/detekt-gradle-plugin, /Users/mnedzelskii/gits/detekt/build-logic] as hierarchies to watch
13:25:49.774 [INFO]  [Validating] > Now considering [/Users/mnedzelskii/gits/detekt/build-logic, /Users/mnedzelskii/gits/detekt, /Users/mnedzelskii/gits/detekt/detekt-gradle-plugin] as hierarchies to watch
13:25:49.774 [INFO]  [Validating] > Now considering [/Users/mnedzelskii/gits/detekt/detekt-gradle-plugin, /Users/mnedzelskii/gits/detekt/build-logic, /Users/mnedzelskii/gits/detekt] as hierarchies to watch
13:25:49.774 [INFO]  [Validating] > Reusing configuration cache.
13:25:49.774 [INFO]  [Validating] > Now considering [/Users/mnedzelskii/gits/detekt, /Users/mnedzelskii/gits/detekt/detekt-gradle-plugin, /Users/mnedzelskii/gits/detekt/build-logic] as hierarchies to watch
13:25:49.774 [INFO]  [Validating] > Watching the file system is configured to be enabled if available
13:25:49.774 [INFO]  [Validating] > File system watching is active
13:25:49.774 [INFO]  [Validating] > Using local directory build cache for the root build (location = /Users/mnedzelskii/.gradle/caches/build-cache-1, removeUnusedEntriesAfter = 7 days).
13:25:49.774 [INFO]  [Validating] > Using remote HTTP build cache for the root build (pull-only, allowInsecureProtocol = false, allowUntrustedServer = false, authenticated = false, url = https://ge.detekt.dev/cache/, useExpectContinue = false).
13:25:49.774 [INFO]  [Validating] > Tasks to be executed: [task ':detekt-psi-utils:compileKotlin', task ':detekt-psi-utils:compileJava', task ':detekt-utils:compileKotlin', task ':detekt-utils:compileJava', task ':detekt-api:compileKotlin', task ':detekt-api:compileJava', task ':detekt-api:processResources', task ':detekt-api:classes', task ':detekt-api:jar', task ':detekt-metrics:compileKotlin', task ':detekt-metrics:compileJava', task ':detekt-parser:compileKotlin', task ':detekt-parser:compileJava', task ':detekt-report-html:compileKotlin', task ':detekt-report-html:compileJava', task ':detekt-report-md:compileKotlin', task ':detekt-report-md:compileJava', task ':detekt-tooling:compileKotlin', task ':detekt-tooling:compileJava', task ':detekt-report-sarif:compileKotlin', task ':detekt-report-sarif:compileJava', task ':detekt-report-txt:compileKotlin', task ':detekt-report-txt:compileJava', task ':detekt-report-xml:compileKotlin', task ':detekt-report-xml:compileJava', task ':detekt-core:compileKotlin', task ':detekt-core:compileJava', task ':detekt-core:processResources', task ':detekt-core:classes', task ':detekt-core:jar', task ':detekt-metrics:processResources', task ':detekt-metrics:classes', task ':detekt-metrics:jar', task ':detekt-parser:processResources', task ':detekt-parser:classes', task ':detekt-parser:jar', task ':detekt-psi-utils:processResources', task ':detekt-psi-utils:classes', task ':detekt-psi-utils:jar', task ':detekt-report-html:processResources', task ':detekt-report-html:classes', task ':detekt-report-html:jar', task ':detekt-report-md:processResources', task ':detekt-report-md:classes', task ':detekt-report-md:jar', task ':detekt-report-sarif:processResources', task ':detekt-report-sarif:classes', task ':detekt-report-sarif:jar', task ':detekt-report-txt:processResources', task ':detekt-report-txt:classes', task ':detekt-report-txt:jar', task ':detekt-report-xml:processResources', task ':detekt-report-xml:classes', task ':detekt-report-xml:jar', task ':detekt-rules-performance:compileKotlin', task ':detekt-rules-performance:compileJava', task ':detekt-rules-performance:processResources', task ':detekt-rules-performance:classes', task ':detekt-test-utils:compileKotlin', task ':detekt-test-utils:compileJava', task ':detekt-test:compileKotlin', task ':detekt-test:compileJava', task ':detekt-rules-performance:compileTestKotlin', task ':detekt-rules-performance:compileTestJava', task ':detekt-rules-performance:processTestResources', task ':detekt-rules-performance:testClasses', task ':detekt-test:processResources', task ':detekt-test:classes', task ':detekt-test:jar', task ':detekt-test-utils:processResources', task ':detekt-test-utils:classes', task ':detekt-test-utils:jar', task ':detekt-tooling:processResources', task ':detekt-tooling:classes', task ':detekt-tooling:jar', task ':detekt-utils:processResources', task ':detekt-utils:classes', task ':detekt-utils:jar', task ':detekt-rules-performance:test']
13:25:49.774 [INFO]  [Validating] > Tasks that were excluded: []
13:25:49.774 [INFO]  [Validating] > Resolve mutations for :detekt-psi-utils:compileKotlin (Thread[Execution worker,5,main]) started.
13:25:49.774 [INFO]  [Validating] > Resolve mutations for :detekt-utils:compileKotlin (Thread[Execution worker Thread 2,5,main]) started.
13:25:49.774 [INFO]  [Validating] > Resolve mutations for :detekt-api:processResources (Thread[Execution worker Thread 3,5,main]) started.
13:25:49.774 [INFO]  [Validating] > Resolve mutations for :detekt-core:processResources (Thread[Execution worker Thread 4,5,main]) started.
13:25:49.774 [INFO]  [Validating] > :detekt-psi-utils:compileKotlin (Thread[Execution worker,5,main]) started.
13:25:49.774 [INFO]  [Validating] > :detekt-api:processResources (Thread[Execution worker Thread 3,5,main]) started.
13:25:49.774 [INFO]  [Validating] > Resolve mutations for :detekt-metrics:processResources (Thread[Execution worker Thread 5,5,main]) started.
13:25:49.774 [INFO]  [Validating] > :detekt-utils:compileKotlin (Thread[Execution worker Thread 2,5,main]) started.
13:25:49.774 [INFO]  [Validating] > :detekt-metrics:processResources (Thread[Execution worker Thread 5,5,main]) started.
13:25:49.774 [INFO]  [Validating] > :detekt-core:processResources (Thread[Execution worker Thread 4,5,main]) started.
13:25:49.774 [INFO]  [Validating] > Resolve mutations for :detekt-psi-utils:processResources (Thread[Execution worker Thread 7,5,main]) started.
13:25:49.774 [INFO]  [Validating] > Resolve mutations for :detekt-report-html:processResources (Thread[Execution worker Thread 8,5,main]) started.
13:25:49.774 [INFO]  [Validating] > :detekt-psi-utils:processResources (Thread[Execution worker Thread 7,5,main]) started.
13:25:49.774 [INFO]  [Validating] > Resolve mutations for :detekt-report-md:processResources (Thread[included builds,5,main]) started.
13:25:49.774 [INFO]  [Validating] > :detekt-report-html:processResources (Thread[Execution worker Thread 8,5,main]) started.
13:25:49.774 [INFO]  [Validating] > Resolve mutations for :detekt-parser:processResources (Thread[Execution worker Thread 6,5,main]) started.
13:25:49.774 [INFO]  [Validating] > :detekt-report-md:processResources (Thread[included builds,5,main]) started.
13:25:49.774 [INFO]  [Validating] > Resolve mutations for :detekt-report-sarif:processResources (Thread[Execution worker Thread 9,5,main]) started.
13:25:49.774 [INFO]  [Validating] > :detekt-parser:processResources (Thread[Execution worker Thread 6,5,main]) started.
13:25:49.774 [INFO]  [Validating] > :detekt-report-sarif:processResources (Thread[Execution worker Thread 9,5,main]) started.
13:25:49.774 [INFO]  [Validating] > 
13:25:49.774 [INFO]  [Validating] > > Task :detekt-api:processResources NO-SOURCE
13:25:49.774 [INFO]  [Validating] > Skipping task ':detekt-api:processResources' as it has no source files and no previous output files.
13:25:49.774 [INFO]  [Validating] > Resolve mutations for :detekt-report-txt:processResources (Thread[Execution worker Thread 3,5,main]) started.
13:25:49.774 [INFO]  [Validating] > 
13:25:49.774 [INFO]  [Validating] > > Task :detekt-report-sarif:processResources UP-TO-DATE
13:25:49.774 [INFO]  [Validating] > Caching disabled for task ':detekt-report-sarif:processResources' because:
13:25:49.774 [INFO]  [Validating] >   Not worth caching
13:25:49.774 [INFO]  [Validating] > Skipping task ':detekt-report-sarif:processResources' as it is up-to-date.
13:25:49.774 [INFO]  [Validating] > 
13:25:49.774 [INFO]  [Validating] > > Task :detekt-parser:processResources NO-SOURCE
13:25:49.774 [INFO]  [Validating] > Skipping task ':detekt-parser:processResources' as it has no source files and no previous output files.
13:25:49.774 [INFO]  [Validating] > :detekt-report-txt:processResources (Thread[Execution worker Thread 3,5,main]) started.
13:25:49.774 [INFO]  [Validating] > Resolve mutations for :detekt-report-xml:processResources (Thread[Execution worker Thread 9,5,main]) started.
13:25:49.775 [INFO]  [Validating] > Resolve mutations for :detekt-rules-performance:processResources (Thread[Execution worker Thread 6,5,main]) started.
13:25:49.775 [INFO]  [Validating] > 
13:25:49.775 [INFO]  [Validating] > > Task :detekt-psi-utils:processResources NO-SOURCE
13:25:49.775 [INFO]  [Validating] > Skipping task ':detekt-psi-utils:processResources' as it has no source files and no previous output files.
13:25:49.775 [INFO]  [Validating] > 
13:25:49.775 [INFO]  [Validating] > > Task :detekt-core:processResources UP-TO-DATE
13:25:49.775 [INFO]  [Validating] > Caching disabled for task ':detekt-core:processResources' because:
13:25:49.775 [INFO]  [Validating] >   Not worth caching
13:25:49.775 [INFO]  [Validating] > Skipping task ':detekt-core:processResources' as it is up-to-date.
13:25:49.775 [INFO]  [Validating] > 
13:25:49.775 [INFO]  [Validating] > > Task :detekt-metrics:processResources NO-SOURCE
13:25:49.775 [INFO]  [Validating] > Skipping task ':detekt-metrics:processResources' as it has no source files and no previous output files.
13:25:49.775 [INFO]  [Validating] > Resolve mutations for :detekt-test-utils:processResources (Thread[Execution worker Thread 5,5,main]) started.
13:25:49.775 [INFO]  [Validating] > 
13:25:49.775 [INFO]  [Validating] > > Task :detekt-report-md:processResources UP-TO-DATE
13:25:49.775 [INFO]  [Validating] > Caching disabled for task ':detekt-report-md:processResources' because:
13:25:49.775 [INFO]  [Validating] >   Not worth caching
13:25:49.775 [INFO]  [Validating] > Skipping task ':detekt-report-md:processResources' as it is up-to-date.
13:25:49.775 [INFO]  [Validating] > Resolve mutations for :detekt-tooling:processResources (Thread[included builds,5,main]) started.
13:25:49.775 [INFO]  [Validating] > :detekt-rules-performance:processResources (Thread[Execution worker Thread 6,5,main]) started.
13:25:49.775 [INFO]  [Validating] > Resolve mutations for :detekt-test:processResources (Thread[Execution worker Thread 4,5,main]) started.
13:25:49.775 [INFO]  [Validating] > Resolve mutations for :detekt-rules-performance:processTestResources (Thread[Execution worker Thread 7,5,main]) started.
13:25:49.775 [INFO]  [Validating] > :detekt-report-xml:processResources (Thread[Execution worker Thread 9,5,main]) started.
13:25:49.775 [INFO]  [Validating] > 
13:25:49.775 [INFO]  [Validating] > > Task :detekt-report-html:processResources UP-TO-DATE
13:25:49.775 [INFO]  [Validating] > Caching disabled for task ':detekt-report-html:processResources' because:
13:25:49.775 [INFO]  [Validating] >   Not worth caching
13:25:49.775 [INFO]  [Validating] > Skipping task ':detekt-report-html:processResources' as it is up-to-date.
13:25:49.775 [INFO]  [Validating] > :detekt-rules-performance:processTestResources (Thread[Execution worker Thread 7,5,main]) started.
13:25:49.775 [INFO]  [Validating] > :detekt-test:processResources (Thread[Execution worker Thread 4,5,main]) started.
13:25:49.775 [INFO]  [Validating] > :detekt-tooling:processResources (Thread[included builds,5,main]) started.
13:25:49.775 [INFO]  [Validating] > :detekt-test-utils:processResources (Thread[Execution worker Thread 5,5,main]) started.
13:25:49.775 [INFO]  [Validating] > 
13:25:49.775 [INFO]  [Validating] > > Task :detekt-test-utils:processResources NO-SOURCE
13:25:49.775 [INFO]  [Validating] > Skipping task ':detekt-test-utils:processResources' as it has no source files and no previous output files.
13:25:49.775 [INFO]  [Validating] > Resolve mutations for :detekt-utils:processResources (Thread[Execution worker Thread 8,5,main]) started.
13:25:49.775 [INFO]  [Validating] > 
13:25:49.775 [INFO]  [Validating] > > Task :detekt-report-txt:processResources UP-TO-DATE
13:25:49.775 [INFO]  [Validating] > Caching disabled for task ':detekt-report-txt:processResources' because:
13:25:49.775 [INFO]  [Validating] >   Not worth caching
13:25:49.775 [INFO]  [Validating] > Skipping task ':detekt-report-txt:processResources' as it is up-to-date.
13:25:49.775 [INFO]  [Validating] > 
13:25:49.775 [INFO]  [Validating] > > Task :detekt-test:processResources NO-SOURCE
13:25:49.775 [INFO]  [Validating] > Skipping task ':detekt-test:processResources' as it has no source files and no previous output files.
13:25:49.775 [INFO]  [Validating] > 
13:25:49.775 [INFO]  [Validating] > > Task :detekt-rules-performance:processResources UP-TO-DATE
13:25:49.775 [INFO]  [Validating] > Caching disabled for task ':detekt-rules-performance:processResources' because:
13:25:49.775 [INFO]  [Validating] >   Not worth caching
13:25:49.775 [INFO]  [Validating] > Skipping task ':detekt-rules-performance:processResources' as it is up-to-date.
13:25:49.775 [INFO]  [Validating] > 
13:25:49.775 [INFO]  [Validating] > > Task :detekt-rules-performance:processTestResources NO-SOURCE
13:25:49.775 [INFO]  [Validating] > Skipping task ':detekt-rules-performance:processTestResources' as it has no source files and no previous output files.
13:25:49.775 [INFO]  [Validating] > :detekt-utils:processResources (Thread[Execution worker Thread 8,5,main]) started.
13:25:49.775 [INFO]  [Validating] > 
13:25:49.775 [INFO]  [Validating] > > Task :detekt-tooling:processResources NO-SOURCE
13:25:49.775 [INFO]  [Validating] > Skipping task ':detekt-tooling:processResources' as it has no source files and no previous output files.
13:25:49.775 [INFO]  [Validating] > 
13:25:49.775 [INFO]  [Validating] > > Task :detekt-utils:processResources NO-SOURCE
13:25:49.775 [INFO]  [Validating] > Skipping task ':detekt-utils:processResources' as it has no source files and no previous output files.
13:25:49.775 [INFO]  [Validating] > 
13:25:49.775 [INFO]  [Validating] > > Task :detekt-report-xml:processResources UP-TO-DATE
13:25:49.775 [INFO]  [Validating] > Caching disabled for task ':detekt-report-xml:processResources' because:
13:25:49.775 [INFO]  [Validating] >   Not worth caching
13:25:49.775 [INFO]  [Validating] > Skipping task ':detekt-report-xml:processResources' as it is up-to-date.
13:25:49.775 [INFO]  [Validating] > 
13:25:49.775 [INFO]  [Validating] > > Task :detekt-psi-utils:compileKotlin UP-TO-DATE
13:25:49.775 [INFO]  [Validating] > Transforming kotlin-compiler-embeddable-1.8.22.jar with ClasspathEntrySnapshotTransform
13:25:49.775 [INFO]  [Validating] > Transforming kotlin-stdlib-jdk8-1.8.22.jar with ClasspathEntrySnapshotTransform
13:25:49.775 [INFO]  [Validating] > Transforming kotlin-stdlib-jdk7-1.8.22.jar with ClasspathEntrySnapshotTransform
13:25:49.775 [INFO]  [Validating] > Transforming kotlin-stdlib-1.8.22.jar with ClasspathEntrySnapshotTransform
13:25:49.775 [INFO]  [Validating] > Transforming kotlin-stdlib-common-1.8.22.jar with ClasspathEntrySnapshotTransform
13:25:49.775 [INFO]  [Validating] > Transforming annotations-13.0.jar with ClasspathEntrySnapshotTransform
13:25:49.775 [INFO]  [Validating] > Build cache key for task ':detekt-psi-utils:compileKotlin' is c72e17ff81c85e7351df478815002d0c
13:25:49.775 [INFO]  [Validating] > Skipping task ':detekt-psi-utils:compileKotlin' as it is up-to-date.
13:25:49.775 [INFO]  [Validating] > 
13:25:49.775 [INFO]  [Validating] > > Task :detekt-utils:compileKotlin UP-TO-DATE
13:25:49.775 [INFO]  [Validating] > Transforming kotlin-stdlib-jdk8-1.8.22.jar with ClasspathEntrySnapshotTransform
13:25:49.775 [INFO]  [Validating] > Transforming kotlin-stdlib-jdk7-1.8.22.jar with ClasspathEntrySnapshotTransform
13:25:49.775 [INFO]  [Validating] > Transforming kotlin-stdlib-1.8.22.jar with ClasspathEntrySnapshotTransform
13:25:49.775 [INFO]  [Validating] > Transforming kotlin-stdlib-common-1.8.22.jar with ClasspathEntrySnapshotTransform
13:25:49.775 [INFO]  [Validating] > Transforming annotations-13.0.jar with ClasspathEntrySnapshotTransform
13:25:49.775 [INFO]  [Validating] > Build cache key for task ':detekt-utils:compileKotlin' is 4bc3c8215f701e9ef21d31281b92246d
13:25:49.775 [INFO]  [Validating] > Skipping task ':detekt-utils:compileKotlin' as it is up-to-date.
13:25:49.775 [INFO]  [Validating] > Resolve mutations for :detekt-psi-utils:compileJava (Thread[Execution worker,5,main]) started.
13:25:49.775 [INFO]  [Validating] > work action resolve main (project :detekt-utils) (Thread[Execution worker Thread 2,5,main]) started.
13:25:49.775 [INFO]  [Validating] > Resolve mutations for :detekt-utils:compileJava (Thread[Execution worker Thread 9,5,main]) started.
13:25:49.775 [INFO]  [Validating] > work action resolve main (project :detekt-psi-utils) (Thread[Execution worker Thread 8,5,main]) started.
13:25:49.775 [INFO]  [Validating] > :detekt-psi-utils:compileJava (Thread[Execution worker,5,main]) started.
13:25:49.775 [INFO]  [Validating] > :detekt-utils:compileJava (Thread[Execution worker Thread 9,5,main]) started.
13:25:49.775 [INFO]  [Validating] > 
13:25:49.775 [INFO]  [Validating] > > Task :detekt-utils:compileJava NO-SOURCE
13:25:49.775 [INFO]  [Validating] > Skipping task ':detekt-utils:compileJava' as it has no source files and no previous output files.
13:25:49.775 [INFO]  [Validating] > 
13:25:49.775 [INFO]  [Validating] > > Task :detekt-psi-utils:compileJava NO-SOURCE
13:25:49.775 [INFO]  [Validating] > Skipping task ':detekt-psi-utils:compileJava' as it has no source files and no previous output files.
13:25:49.775 [INFO]  [Validating] > work action resolve main (project :detekt-utils) (Thread[Execution worker Thread 9,5,main]) started.
13:25:49.775 [INFO]  [Validating] > work action resolve main (project :detekt-psi-utils) (Thread[included builds,5,main]) started.
13:25:49.775 [INFO]  [Validating] > Resolve mutations for :detekt-utils:classes (Thread[Execution worker Thread 4,5,main]) started.
13:25:49.775 [INFO]  [Validating] > work action resolve main (project :detekt-utils) (Thread[Execution worker,5,main]) started.
13:25:49.775 [INFO]  [Validating] > Resolve mutations for :detekt-psi-utils:classes (Thread[Execution worker Thread 9,5,main]) started.
13:25:49.775 [INFO]  [Validating] > work action resolve main (project :detekt-psi-utils) (Thread[Execution worker Thread 8,5,main]) started.
13:25:49.775 [INFO]  [Validating] > :detekt-psi-utils:classes (Thread[Execution worker Thread 2,5,main]) started.
13:25:49.775 [INFO]  [Validating] > Resolve mutations for :detekt-api:compileKotlin (Thread[Execution worker Thread 8,5,main]) started.
13:25:49.775 [INFO]  [Validating] > :detekt-utils:classes (Thread[Execution worker Thread 4,5,main]) started.
13:25:49.775 [INFO]  [Validating] > Resolve mutations for :detekt-parser:compileKotlin (Thread[Execution worker Thread 3,5,main]) started.
13:25:49.775 [INFO]  [Validating] > 
13:25:49.775 [INFO]  [Validating] > > Task :detekt-psi-utils:classes UP-TO-DATE
13:25:49.775 [INFO]  [Validating] > Skipping task ':detekt-psi-utils:classes' as it has no actions.
13:25:49.775 [INFO]  [Validating] > 
13:25:49.775 [INFO]  [Validating] > > Task :detekt-utils:classes UP-TO-DATE
13:25:49.775 [INFO]  [Validating] > Skipping task ':detekt-utils:classes' as it has no actions.
13:25:49.775 [INFO]  [Validating] > Resolve mutations for :detekt-psi-utils:jar (Thread[Execution worker Thread 2,5,main]) started.
13:25:49.775 [INFO]  [Validating] > :detekt-api:compileKotlin (Thread[Execution worker Thread 8,5,main]) started.
13:25:49.775 [INFO]  [Validating] > :detekt-parser:compileKotlin (Thread[Execution worker Thread 3,5,main]) started.
13:25:49.775 [INFO]  [Validating] > Resolve mutations for :detekt-utils:jar (Thread[Execution worker Thread 4,5,main]) started.
13:25:49.775 [INFO]  [Validating] > :detekt-psi-utils:jar (Thread[Execution worker Thread 2,5,main]) started.
13:25:49.775 [INFO]  [Validating] > :detekt-utils:jar (Thread[Execution worker Thread 4,5,main]) started.
13:25:49.775 [INFO]  [Validating] > 
13:25:49.775 [INFO]  [Validating] > > Task :detekt-parser:compileKotlin UP-TO-DATE
13:25:49.775 [INFO]  [Validating] > Transforming main with ClasspathEntrySnapshotTransform
13:25:49.775 [INFO]  [Validating] > Transforming kotlin-compiler-embeddable-1.8.22.jar with ClasspathEntrySnapshotTransform
13:25:49.775 [INFO]  [Validating] > Transforming kotlin-stdlib-jdk8-1.8.22.jar with ClasspathEntrySnapshotTransform
13:25:49.775 [INFO]  [Validating] > Transforming contester-breakpoint-0.2.0.jar with ClasspathEntrySnapshotTransform
13:25:49.775 [INFO]  [Validating] > Transforming kotlin-stdlib-jdk7-1.8.22.jar with ClasspathEntrySnapshotTransform
13:25:49.775 [INFO]  [Validating] > Transforming kotlin-stdlib-1.8.22.jar with ClasspathEntrySnapshotTransform
13:25:49.775 [INFO]  [Validating] > Transforming kotlin-stdlib-common-1.8.22.jar with ClasspathEntrySnapshotTransform
13:25:49.775 [INFO]  [Validating] > Transforming annotations-13.0.jar with ClasspathEntrySnapshotTransform
13:25:49.775 [INFO]  [Validating] > Build cache key for task ':detekt-parser:compileKotlin' is 9ce217c383476588a3779d923d7b0bdd
13:25:49.775 [INFO]  [Validating] > Skipping task ':detekt-parser:compileKotlin' as it is up-to-date.
13:25:49.775 [INFO]  [Validating] > Resolve mutations for :detekt-parser:compileJava (Thread[Execution worker Thread 3,5,main]) started.
13:25:49.775 [INFO]  [Validating] > work action resolve main (project :detekt-parser) (Thread[included builds,5,main]) started.
13:25:49.775 [INFO]  [Validating] > 
13:25:49.775 [INFO]  [Validating] > > Task :detekt-api:compileKotlin UP-TO-DATE
13:25:49.775 [INFO]  [Validating] > Transforming main with ClasspathEntrySnapshotTransform
13:25:49.775 [INFO]  [Validating] > Transforming kotlin-compiler-embeddable-1.8.22.jar with ClasspathEntrySnapshotTransform
13:25:49.775 [INFO]  [Validating] > Transforming main with ClasspathEntrySnapshotTransform
13:25:49.775 [INFO]  [Validating] > Transforming kotlin-stdlib-jdk8-1.8.22.jar with ClasspathEntrySnapshotTransform
13:25:49.775 [INFO]  [Validating] > Transforming kotlin-stdlib-jdk7-1.8.22.jar with ClasspathEntrySnapshotTransform
13:25:49.775 [INFO]  [Validating] > Transforming kotlin-stdlib-1.8.22.jar with ClasspathEntrySnapshotTransform
13:25:49.775 [INFO]  [Validating] > Transforming kotlin-stdlib-common-1.8.22.jar with ClasspathEntrySnapshotTransform
13:25:49.775 [INFO]  [Validating] > Transforming annotations-13.0.jar with ClasspathEntrySnapshotTransform
13:25:49.775 [INFO]  [Validating] > Build cache key for task ':detekt-api:compileKotlin' is bc24205c2f4f61f8518d6a26cd3c1b64
13:25:49.775 [INFO]  [Validating] > Skipping task ':detekt-api:compileKotlin' as it is up-to-date.
13:25:49.775 [INFO]  [Validating] > :detekt-parser:compileJava (Thread[Execution worker Thread 3,5,main]) started.
13:25:49.775 [INFO]  [Validating] > Resolve mutations for :detekt-api:compileJava (Thread[Execution worker Thread 8,5,main]) started.
13:25:49.775 [INFO]  [Validating] > work action resolve main (project :detekt-api) (Thread[Execution worker Thread 9,5,main]) started.
13:25:49.775 [INFO]  [Validating] > :detekt-api:compileJava (Thread[included builds,5,main]) started.
13:25:49.775 [INFO]  [Validating] > 
13:25:49.775 [INFO]  [Validating] > > Task :detekt-utils:jar UP-TO-DATE
13:25:49.775 [INFO]  [Validating] > Caching disabled for task ':detekt-utils:jar' because:
13:25:49.775 [INFO]  [Validating] >   Not worth caching
13:25:49.775 [INFO]  [Validating] > Skipping task ':detekt-utils:jar' as it is up-to-date.
13:25:49.775 [INFO]  [Validating] > work action resolve detekt-utils-1.23.0.jar (project :detekt-utils) (Thread[Execution worker Thread 4,5,main]) started.
13:25:49.775 [INFO]  [Validating] > 
13:25:49.775 [INFO]  [Validating] > > Task :detekt-parser:compileJava NO-SOURCE
13:25:49.775 [INFO]  [Validating] > Skipping task ':detekt-parser:compileJava' as it has no source files and no previous output files.
13:25:49.775 [INFO]  [Validating] > 
13:25:49.775 [INFO]  [Validating] > > Task :detekt-psi-utils:jar UP-TO-DATE
13:25:49.775 [INFO]  [Validating] > Caching disabled for task ':detekt-psi-utils:jar' because:
13:25:49.775 [INFO]  [Validating] >   Not worth caching
13:25:49.775 [INFO]  [Validating] > Skipping task ':detekt-psi-utils:jar' as it is up-to-date.
13:25:49.775 [INFO]  [Validating] > 
13:25:49.775 [INFO]  [Validating] > > Task :detekt-api:compileJava NO-SOURCE
13:25:49.775 [INFO]  [Validating] > Skipping task ':detekt-api:compileJava' as it has no source files and no previous output files.
13:25:49.775 [INFO]  [Validating] > work action resolve main (project :detekt-parser) (Thread[Execution worker Thread 3,5,main]) started.
13:25:49.775 [INFO]  [Validating] > Resolve mutations for :detekt-parser:classes (Thread[Execution worker Thread 4,5,main]) started.
13:25:49.776 [INFO]  [Validating] > work action resolve main (project :detekt-parser) (Thread[Execution worker Thread 2,5,main]) started.
13:25:49.776 [INFO]  [Validating] > work action resolve main (project :detekt-api) (Thread[Execution worker Thread 8,5,main]) started.
13:25:49.776 [INFO]  [Validating] > Resolve mutations for :detekt-test-utils:compileKotlin (Thread[Execution worker Thread 7,5,main]) started.
13:25:49.776 [INFO]  [Validating] > Resolve mutations for :detekt-api:classes (Thread[included builds,5,main]) started.
13:25:49.776 [INFO]  [Validating] > work action resolve detekt-psi-utils-1.23.0.jar (project :detekt-psi-utils) (Thread[Execution worker Thread 3,5,main]) started.
13:25:49.776 [INFO]  [Validating] > :detekt-parser:classes (Thread[Execution worker Thread 2,5,main]) started.
13:25:49.776 [INFO]  [Validating] > :detekt-test-utils:compileKotlin (Thread[Execution worker Thread 7,5,main]) started.
13:25:49.776 [INFO]  [Validating] > work action resolve main (project :detekt-api) (Thread[Execution worker Thread 4,5,main]) started.
13:25:49.776 [INFO]  [Validating] > Resolve mutations for :detekt-metrics:compileKotlin (Thread[Execution worker Thread 4,5,main]) started.
13:25:49.776 [INFO]  [Validating] > Resolve mutations for :detekt-tooling:compileKotlin (Thread[Execution worker,5,main]) started.
13:25:49.776 [INFO]  [Validating] > Resolve mutations for :detekt-report-xml:compileKotlin (Thread[Execution worker Thread 5,5,main]) started.
13:25:49.776 [INFO]  [Validating] > :detekt-api:classes (Thread[included builds,5,main]) started.
13:25:49.776 [INFO]  [Validating] > :detekt-metrics:compileKotlin (Thread[Execution worker,5,main]) started.
13:25:49.776 [INFO]  [Validating] > :detekt-tooling:compileKotlin (Thread[Execution worker Thread 4,5,main]) started.
13:25:49.776 [INFO]  [Validating] > Resolve mutations for :detekt-rules-performance:compileKotlin (Thread[Execution worker Thread 6,5,main]) started.
13:25:49.776 [INFO]  [Validating] > Resolve mutations for :detekt-report-txt:compileKotlin (Thread[Execution worker Thread 9,5,main]) started.
13:25:49.776 [INFO]  [Validating] > :detekt-rules-performance:compileKotlin (Thread[Execution worker Thread 6,5,main]) started.
13:25:49.776 [INFO]  [Validating] > :detekt-report-xml:compileKotlin (Thread[Execution worker Thread 5,5,main]) started.
13:25:49.776 [INFO]  [Validating] > 
13:25:49.776 [INFO]  [Validating] > > Task :detekt-api:classes UP-TO-DATE
13:25:49.776 [INFO]  [Validating] > Skipping task ':detekt-api:classes' as it has no actions.
13:25:49.776 [INFO]  [Validating] > :detekt-report-txt:compileKotlin (Thread[Execution worker Thread 9,5,main]) started.
13:25:49.776 [INFO]  [Validating] > 
13:25:49.776 [INFO]  [Validating] > > Task :detekt-parser:classes UP-TO-DATE
13:25:49.776 [INFO]  [Validating] > Skipping task ':detekt-parser:classes' as it has no actions.
13:25:49.776 [INFO]  [Validating] > Resolve mutations for :detekt-api:jar (Thread[included builds,5,main]) started.
13:25:49.776 [INFO]  [Validating] > Resolve mutations for :detekt-parser:jar (Thread[Execution worker Thread 2,5,main]) started.
13:25:49.776 [INFO]  [Validating] > :detekt-api:jar (Thread[included builds,5,main]) started.
13:25:49.776 [INFO]  [Validating] > :detekt-parser:jar (Thread[Execution worker Thread 2,5,main]) started.
13:25:49.776 [INFO]  [Validating] > 
13:25:49.776 [INFO]  [Validating] > > Task :detekt-test-utils:compileKotlin UP-TO-DATE
13:25:49.776 [INFO]  [Validating] > Transforming main with ClasspathEntrySnapshotTransform
13:25:49.776 [INFO]  [Validating] > Transforming kotlinx-coroutines-core-jvm-1.7.2.jar with ClasspathEntrySnapshotTransform
13:25:49.776 [INFO]  [Validating] > Transforming kotlin-stdlib-jdk8-1.8.22.jar with ClasspathEntrySnapshotTransform
13:25:49.776 [INFO]  [Validating] > Transforming junit-platform-commons-1.9.3.jar with ClasspathEntrySnapshotTransform
13:25:49.776 [INFO]  [Validating] > Transforming junit-jupiter-api-5.9.3.jar with ClasspathEntrySnapshotTransform
13:25:49.776 [INFO]  [Validating] > Transforming kotlin-main-kts-1.8.22.jar with ClasspathEntrySnapshotTransform
13:25:49.776 [INFO]  [Validating] > Transforming kotlin-stdlib-jdk7-1.8.22.jar with ClasspathEntrySnapshotTransform
13:25:49.776 [INFO]  [Validating] > Transforming kotlin-stdlib-1.8.22.jar with ClasspathEntrySnapshotTransform
13:25:49.776 [INFO]  [Validating] > Transforming opentest4j-1.2.0.jar with ClasspathEntrySnapshotTransform
13:25:49.776 [INFO]  [Validating] > Transforming apiguardian-api-1.1.2.jar with ClasspathEntrySnapshotTransform
13:25:49.776 [INFO]  [Validating] > Transforming kotlin-compiler-embeddable-1.8.22.jar with ClasspathEntrySnapshotTransform
13:25:49.776 [INFO]  [Validating] > Transforming kotlin-stdlib-common-1.8.22.jar with ClasspathEntrySnapshotTransform
13:25:49.776 [INFO]  [Validating] > Transforming annotations-23.0.0.jar with ClasspathEntrySnapshotTransform
13:25:49.776 [INFO]  [Validating] > Build cache key for task ':detekt-test-utils:compileKotlin' is 7738ee7998b37343d969d1bd0c068d5b
13:25:49.776 [INFO]  [Validating] > Skipping task ':detekt-test-utils:compileKotlin' as it is up-to-date.
13:25:49.776 [INFO]  [Validating] > 
13:25:49.776 [INFO]  [Validating] > > Task :detekt-report-xml:compileKotlin UP-TO-DATE
13:25:49.776 [INFO]  [Validating] > Transforming main with ClasspathEntrySnapshotTransform
13:25:49.776 [INFO]  [Validating] > Transforming main with ClasspathEntrySnapshotTransform
13:25:49.776 [INFO]  [Validating] > Transforming kotlin-stdlib-jdk8-1.8.22.jar with ClasspathEntrySnapshotTransform
13:25:49.776 [INFO]  [Validating] > Transforming kotlin-stdlib-jdk7-1.8.22.jar with ClasspathEntrySnapshotTransform
13:25:49.776 [INFO]  [Validating] > Transforming kotlin-stdlib-1.8.22.jar with ClasspathEntrySnapshotTransform
13:25:49.776 [INFO]  [Validating] > Transforming kotlin-compiler-embeddable-1.8.22.jar with ClasspathEntrySnapshotTransform
13:25:49.776 [INFO]  [Validating] > Transforming kotlin-stdlib-common-1.8.22.jar with ClasspathEntrySnapshotTransform
13:25:49.776 [INFO]  [Validating] > Transforming annotations-13.0.jar with ClasspathEntrySnapshotTransform
13:25:49.776 [INFO]  [Validating] > Build cache key for task ':detekt-report-xml:compileKotlin' is 1acdddef0677e48be7307f9ab589f2f5
13:25:49.776 [INFO]  [Validating] > Skipping task ':detekt-report-xml:compileKotlin' as it is up-to-date.
13:25:49.776 [INFO]  [Validating] > work action resolve main (project :detekt-report-xml) (Thread[Execution worker Thread 5,5,main]) started.
13:25:49.776 [INFO]  [Validating] > Resolve mutations for :detekt-report-xml:compileJava (Thread[Execution worker Thread 7,5,main]) started.
13:25:49.776 [INFO]  [Validating] > work action resolve main (project :detekt-test-utils) (Thread[Execution worker Thread 5,5,main]) started.
13:25:49.776 [INFO]  [Validating] > Resolve mutations for :detekt-test-utils:compileJava (Thread[Execution worker Thread 8,5,main]) started.
13:25:49.776 [INFO]  [Validating] > 
13:25:49.776 [INFO]  [Validating] > > Task :detekt-report-txt:compileKotlin UP-TO-DATE
13:25:49.776 [INFO]  [Validating] > Transforming main with ClasspathEntrySnapshotTransform
13:25:49.776 [INFO]  [Validating] > Transforming main with ClasspathEntrySnapshotTransform
13:25:49.776 [INFO]  [Validating] > Transforming kotlin-stdlib-jdk8-1.8.22.jar with ClasspathEntrySnapshotTransform
13:25:49.776 [INFO]  [Validating] > Transforming kotlin-stdlib-jdk7-1.8.22.jar with ClasspathEntrySnapshotTransform
13:25:49.776 [INFO]  [Validating] > Transforming kotlin-stdlib-1.8.22.jar with ClasspathEntrySnapshotTransform
13:25:49.776 [INFO]  [Validating] > Transforming kotlin-compiler-embeddable-1.8.22.jar with ClasspathEntrySnapshotTransform
13:25:49.776 [INFO]  [Validating] > Transforming kotlin-stdlib-common-1.8.22.jar with ClasspathEntrySnapshotTransform
13:25:49.776 [INFO]  [Validating] > Transforming annotations-13.0.jar with ClasspathEntrySnapshotTransform
13:25:49.776 [INFO]  [Validating] > Build cache key for task ':detekt-report-txt:compileKotlin' is 3ded245b414360810ee29353612bdefd
13:25:49.776 [INFO]  [Validating] > Skipping task ':detekt-report-txt:compileKotlin' as it is up-to-date.
13:25:49.776 [INFO]  [Validating] > 
13:25:49.776 [INFO]  [Validating] > > Task :detekt-rules-performance:compileKotlin UP-TO-DATE
13:25:49.776 [INFO]  [Validating] > Transforming main with ClasspathEntrySnapshotTransform
13:25:49.776 [INFO]  [Validating] > Transforming main with ClasspathEntrySnapshotTransform
13:25:49.776 [INFO]  [Validating] > Transforming kotlin-stdlib-jdk8-1.8.22.jar with ClasspathEntrySnapshotTransform
13:25:49.776 [INFO]  [Validating] > Transforming kotlin-stdlib-jdk7-1.8.22.jar with ClasspathEntrySnapshotTransform
13:25:49.776 [INFO]  [Validating] > Transforming kotlin-stdlib-1.8.22.jar with ClasspathEntrySnapshotTransform
13:25:49.776 [INFO]  [Validating] > Transforming kotlin-compiler-embeddable-1.8.22.jar with ClasspathEntrySnapshotTransform
13:25:49.776 [INFO]  [Validating] > Transforming kotlin-stdlib-common-1.8.22.jar with ClasspathEntrySnapshotTransform
13:25:49.776 [INFO]  [Validating] > Transforming annotations-13.0.jar with ClasspathEntrySnapshotTransform
13:25:49.776 [INFO]  [Validating] > Build cache key for task ':detekt-rules-performance:compileKotlin' is f06dd6c969c27f9a4df9e6ee6610caf1
13:25:49.776 [INFO]  [Validating] > Skipping task ':detekt-rules-performance:compileKotlin' as it is up-to-date.
13:25:49.776 [INFO]  [Validating] > :detekt-report-xml:compileJava (Thread[Execution worker Thread 7,5,main]) started.
13:25:49.776 [INFO]  [Validating] > Resolve mutations for :detekt-rules-performance:compileJava (Thread[Execution worker Thread 6,5,main]) started.
13:25:49.776 [INFO]  [Validating] > :detekt-test-utils:compileJava (Thread[Execution worker Thread 5,5,main]) started.
13:25:49.776 [INFO]  [Validating] > work action resolve main (project :detekt-report-txt) (Thread[Execution worker Thread 8,5,main]) started.
13:25:49.776 [INFO]  [Validating] > Resolve mutations for :detekt-report-txt:compileJava (Thread[Execution worker Thread 9,5,main]) started.
13:25:49.776 [INFO]  [Validating] > 
13:25:49.776 [INFO]  [Validating] > > Task :detekt-api:jar UP-TO-DATE
13:25:49.776 [INFO]  [Validating] > Caching disabled for task ':detekt-api:jar' because:
13:25:49.776 [INFO]  [Validating] >   Not worth caching
13:25:49.776 [INFO]  [Validating] > Skipping task ':detekt-api:jar' as it is up-to-date.
13:25:49.776 [INFO]  [Validating] > :detekt-rules-performance:compileJava (Thread[Execution worker Thread 6,5,main]) started.
13:25:49.776 [INFO]  [Validating] > 
13:25:49.776 [INFO]  [Validating] > > Task :detekt-metrics:compileKotlin UP-TO-DATE
13:25:49.776 [INFO]  [Validating] > Transforming main with ClasspathEntrySnapshotTransform
13:25:49.776 [INFO]  [Validating] > Transforming main with ClasspathEntrySnapshotTransform
13:25:49.776 [INFO]  [Validating] > Transforming kotlin-stdlib-jdk8-1.8.22.jar with ClasspathEntrySnapshotTransform
13:25:49.776 [INFO]  [Validating] > Transforming kotlin-compiler-embeddable-1.8.22.jar with ClasspathEntrySnapshotTransform
13:25:49.776 [INFO]  [Validating] > Transforming kotlin-stdlib-jdk7-1.8.22.jar with ClasspathEntrySnapshotTransform
13:25:49.776 [INFO]  [Validating] > Transforming kotlin-stdlib-1.8.22.jar with ClasspathEntrySnapshotTransform
13:25:49.776 [INFO]  [Validating] > Transforming kotlin-stdlib-common-1.8.22.jar with ClasspathEntrySnapshotTransform
13:25:49.776 [INFO]  [Validating] > Transforming annotations-13.0.jar with ClasspathEntrySnapshotTransform
13:25:49.776 [INFO]  [Validating] > Build cache key for task ':detekt-metrics:compileKotlin' is e1aa4271b4005c352ebbc96b71bde128
13:25:49.776 [INFO]  [Validating] > Skipping task ':detekt-metrics:compileKotlin' as it is up-to-date.
13:25:49.776 [INFO]  [Validating] > work action resolve main (project :detekt-metrics) (Thread[Execution worker Thread 8,5,main]) started.
13:25:49.776 [INFO]  [Validating] > :detekt-report-txt:compileJava (Thread[Execution worker Thread 9,5,main]) started.
13:25:49.776 [INFO]  [Validating] > work action resolve detekt-api-1.23.0.jar (project :detekt-api) (Thread[included builds,5,main]) started.
13:25:49.776 [INFO]  [Validating] > 
13:25:49.776 [INFO]  [Validating] > > Task :detekt-report-xml:compileJava NO-SOURCE
13:25:49.776 [INFO]  [Validating] > Skipping task ':detekt-report-xml:compileJava' as it has no source files and no previous output files.
13:25:49.776 [INFO]  [Validating] > 
13:25:49.776 [INFO]  [Validating] > > Task :detekt-test-utils:compileJava NO-SOURCE
13:25:49.776 [INFO]  [Validating] > Skipping task ':detekt-test-utils:compileJava' as it has no source files and no previous output files.
13:25:49.776 [INFO]  [Validating] > 
13:25:49.776 [INFO]  [Validating] > > Task :detekt-rules-performance:compileJava NO-SOURCE
13:25:49.776 [INFO]  [Validating] > Skipping task ':detekt-rules-performance:compileJava' as it has no source files and no previous output files.
13:25:49.776 [INFO]  [Validating] > work action resolve main (project :detekt-report-xml) (Thread[Execution worker Thread 7,5,main]) started.
13:25:49.776 [INFO]  [Validating] > 
13:25:49.776 [INFO]  [Validating] > > Task :detekt-tooling:compileKotlin UP-TO-DATE
13:25:49.776 [INFO]  [Validating] > Transforming main with ClasspathEntrySnapshotTransform
13:25:49.776 [INFO]  [Validating] > Transforming main with ClasspathEntrySnapshotTransform
13:25:49.776 [INFO]  [Validating] > Transforming kotlin-stdlib-jdk8-1.8.22.jar with ClasspathEntrySnapshotTransform
13:25:49.776 [INFO]  [Validating] > Transforming kotlin-compiler-embeddable-1.8.22.jar with ClasspathEntrySnapshotTransform
13:25:49.776 [INFO]  [Validating] > Transforming kotlin-stdlib-jdk7-1.8.22.jar with ClasspathEntrySnapshotTransform
13:25:49.776 [INFO]  [Validating] > Transforming kotlin-stdlib-1.8.22.jar with ClasspathEntrySnapshotTransform
13:25:49.776 [INFO]  [Validating] > Transforming kotlin-stdlib-common-1.8.22.jar with ClasspathEntrySnapshotTransform
13:25:49.776 [INFO]  [Validating] > Transforming annotations-13.0.jar with ClasspathEntrySnapshotTransform
13:25:49.776 [INFO]  [Validating] > Build cache key for task ':detekt-tooling:compileKotlin' is 9cd58a4ffb79657c01c8319bf5870a6f
13:25:49.776 [INFO]  [Validating] > Skipping task ':detekt-tooling:compileKotlin' as it is up-to-date.
13:25:49.776 [INFO]  [Validating] > Resolve mutations for :detekt-report-xml:classes (Thread[included builds,5,main]) started.
13:25:49.776 [INFO]  [Validating] > Resolve mutations for :detekt-rules-performance:classes (Thread[Execution worker Thread 6,5,main]) started.
13:25:49.776 [INFO]  [Validating] > Resolve mutations for :detekt-metrics:compileJava (Thread[Execution worker,5,main]) started.
13:25:49.776 [INFO]  [Validating] > :detekt-rules-performance:classes (Thread[Execution worker Thread 6,5,main]) started.
13:25:49.776 [INFO]  [Validating] > Resolve mutations for :detekt-test-utils:classes (Thread[Execution worker Thread 8,5,main]) started.
13:25:49.776 [INFO]  [Validating] > :detekt-metrics:compileJava (Thread[Execution worker,5,main]) started.
13:25:49.776 [INFO]  [Validating] > :detekt-report-xml:classes (Thread[included builds,5,main]) started.
13:25:49.776 [INFO]  [Validating] > work action resolve main (project :detekt-test-utils) (Thread[Execution worker Thread 3,5,main]) started.
13:25:49.776 [INFO]  [Validating] > 
13:25:49.776 [INFO]  [Validating] > > Task :detekt-report-txt:compileJava NO-SOURCE
13:25:49.776 [INFO]  [Validating] > Skipping task ':detekt-report-txt:compileJava' as it has no source files and no previous output files.
13:25:49.776 [INFO]  [Validating] > work action resolve main (project :detekt-test-utils) (Thread[Execution worker Thread 7,5,main]) started.
13:25:49.776 [INFO]  [Validating] > work action resolve main (project :detekt-report-xml) (Thread[Execution worker Thread 5,5,main]) started.
13:25:49.776 [INFO]  [Validating] > 
13:25:49.776 [INFO]  [Validating] > > Task :detekt-parser:jar UP-TO-DATE
13:25:49.776 [INFO]  [Validating] > Caching disabled for task ':detekt-parser:jar' because:
13:25:49.776 [INFO]  [Validating] >   Not worth caching
13:25:49.776 [INFO]  [Validating] > Skipping task ':detekt-parser:jar' as it is up-to-date.
13:25:49.776 [INFO]  [Validating] > Resolve mutations for :detekt-report-txt:classes (Thread[Execution worker Thread 5,5,main]) started.
13:25:49.776 [INFO]  [Validating] > work action resolve main (project :detekt-report-txt) (Thread[Execution worker Thread 7,5,main]) started.
13:25:49.776 [INFO]  [Validating] > work action resolve main (project :detekt-report-txt) (Thread[Execution worker Thread 9,5,main]) started.
13:25:49.776 [INFO]  [Validating] > :detekt-test-utils:classes (Thread[Execution worker Thread 3,5,main]) started.
13:25:49.776 [INFO]  [Validating] > 
13:25:49.776 [INFO]  [Validating] > > Task :detekt-test-utils:classes UP-TO-DATE
13:25:49.776 [INFO]  [Validating] > Skipping task ':detekt-test-utils:classes' as it has no actions.
13:25:49.776 [INFO]  [Validating] > work action resolve main (project :detekt-tooling) (Thread[Execution worker Thread 8,5,main]) started.
13:25:49.776 [INFO]  [Validating] > Resolve mutations for :detekt-tooling:compileJava (Thread[Execution worker Thread 4,5,main]) started.
13:25:49.776 [INFO]  [Validating] > Resolve mutations for :detekt-test-utils:jar (Thread[Execution worker Thread 3,5,main]) started.
13:25:49.776 [INFO]  [Validating] > :detekt-test-utils:jar (Thread[Execution worker Thread 3,5,main]) started.
13:25:49.776 [INFO]  [Validating] > :detekt-report-txt:classes (Thread[Execution worker Thread 5,5,main]) started.
13:25:49.776 [INFO]  [Validating] > work action resolve detekt-parser-1.23.0.jar (project :detekt-parser) (Thread[Execution worker Thread 2,5,main]) started.
13:25:49.776 [INFO]  [Validating] > 
13:25:49.776 [INFO]  [Validating] > > Task :detekt-metrics:compileJava NO-SOURCE
13:25:49.776 [INFO]  [Validating] > Skipping task ':detekt-metrics:compileJava' as it has no source files and no previous output files.
13:25:49.776 [INFO]  [Validating] > 
13:25:49.776 [INFO]  [Validating] > > Task :detekt-report-txt:classes UP-TO-DATE
13:25:49.776 [INFO]  [Validating] > Skipping task ':detekt-report-txt:classes' as it has no actions.
13:25:49.776 [INFO]  [Validating] > work action resolve main (project :detekt-metrics) (Thread[Execution worker,5,main]) started.
13:25:49.777 [INFO]  [Validating] > Resolve mutations for :detekt-metrics:classes (Thread[Execution worker Thread 2,5,main]) started.
13:25:49.777 [INFO]  [Validating] > 
13:25:49.777 [INFO]  [Validating] > > Task :detekt-report-xml:classes UP-TO-DATE
13:25:49.777 [INFO]  [Validating] > Skipping task ':detekt-report-xml:classes' as it has no actions.
13:25:49.777 [INFO]  [Validating] > :detekt-tooling:compileJava (Thread[Execution worker Thread 4,5,main]) started.
13:25:49.777 [INFO]  [Validating] > 
13:25:49.777 [INFO]  [Validating] > > Task :detekt-rules-performance:classes UP-TO-DATE
13:25:49.777 [INFO]  [Validating] > Skipping task ':detekt-rules-performance:classes' as it has no actions.
13:25:49.777 [INFO]  [Validating] > Resolve mutations for :detekt-report-xml:jar (Thread[Execution worker Thread 2,5,main]) started.
13:25:49.777 [INFO]  [Validating] > :detekt-metrics:classes (Thread[included builds,5,main]) started.
13:25:49.777 [INFO]  [Validating] > Resolve mutations for :detekt-report-txt:jar (Thread[Execution worker Thread 9,5,main]) started.
13:25:49.777 [INFO]  [Validating] > work action resolve main (project :detekt-metrics) (Thread[Execution worker Thread 5,5,main]) started.
13:25:49.777 [INFO]  [Validating] > Resolve mutations for :detekt-report-html:compileKotlin (Thread[Execution worker Thread 5,5,main]) started.
13:25:49.777 [INFO]  [Validating] > :detekt-report-xml:jar (Thread[Execution worker Thread 2,5,main]) started.
13:25:49.777 [INFO]  [Validating] > 
13:25:49.777 [INFO]  [Validating] > > Task :detekt-metrics:classes UP-TO-DATE
13:25:49.777 [INFO]  [Validating] > Skipping task ':detekt-metrics:classes' as it has no actions.
13:25:49.777 [INFO]  [Validating] > 
13:25:49.777 [INFO]  [Validating] > > Task :detekt-tooling:compileJava NO-SOURCE
13:25:49.777 [INFO]  [Validating] > Skipping task ':detekt-tooling:compileJava' as it has no source files and no previous output files.
13:25:49.777 [INFO]  [Validating] > Resolve mutations for :detekt-metrics:jar (Thread[included builds,5,main]) started.
13:25:49.777 [INFO]  [Validating] > :detekt-report-txt:jar (Thread[Execution worker Thread 9,5,main]) started.
13:25:49.777 [INFO]  [Validating] > Resolve mutations for :detekt-tooling:classes (Thread[Execution worker Thread 6,5,main]) started.
13:25:49.777 [INFO]  [Validating] > Resolve mutations for :detekt-report-md:compileKotlin (Thread[Execution worker Thread 8,5,main]) started.
13:25:49.777 [INFO]  [Validating] > :detekt-tooling:classes (Thread[Execution worker Thread 6,5,main]) started.
13:25:49.777 [INFO]  [Validating] > 
13:25:49.777 [INFO]  [Validating] > > Task :detekt-tooling:classes UP-TO-DATE
13:25:49.777 [INFO]  [Validating] > Skipping task ':detekt-tooling:classes' as it has no actions.
13:25:49.777 [INFO]  [Validating] > :detekt-report-md:compileKotlin (Thread[Execution worker Thread 8,5,main]) started.
13:25:49.777 [INFO]  [Validating] > :detekt-metrics:jar (Thread[Execution worker,5,main]) started.
13:25:49.777 [INFO]  [Validating] > work action resolve main (project :detekt-tooling) (Thread[included builds,5,main]) started.
13:25:49.777 [INFO]  [Validating] > work action resolve main (project :detekt-tooling) (Thread[Execution worker Thread 4,5,main]) started.
13:25:49.777 [INFO]  [Validating] > :detekt-report-html:compileKotlin (Thread[Execution worker Thread 5,5,main]) started.
13:25:49.777 [INFO]  [Validating] > Resolve mutations for :detekt-report-sarif:compileKotlin (Thread[Execution worker Thread 4,5,main]) started.
13:25:49.777 [INFO]  [Validating] > Resolve mutations for :detekt-tooling:jar (Thread[Execution worker Thread 7,5,main]) started.
13:25:49.777 [INFO]  [Validating] > :detekt-report-sarif:compileKotlin (Thread[Execution worker Thread 4,5,main]) started.
13:25:49.777 [INFO]  [Validating] > :detekt-tooling:jar (Thread[Execution worker Thread 7,5,main]) started.
13:25:49.777 [INFO]  [Validating] > 
13:25:49.777 [INFO]  [Validating] > > Task :detekt-report-html:compileKotlin UP-TO-DATE
13:25:49.777 [INFO]  [Validating] > Transforming main with ClasspathEntrySnapshotTransform
13:25:49.777 [INFO]  [Validating] > Transforming main with ClasspathEntrySnapshotTransform
13:25:49.777 [INFO]  [Validating] > Transforming main with ClasspathEntrySnapshotTransform
13:25:49.777 [INFO]  [Validating] > Transforming main with ClasspathEntrySnapshotTransform
13:25:49.777 [INFO]  [Validating] > Transforming kotlin-stdlib-jdk8-1.8.22.jar with ClasspathEntrySnapshotTransform
13:25:49.777 [INFO]  [Validating] > Transforming kotlinx-html-jvm-0.8.1.jar with ClasspathEntrySnapshotTransform
13:25:49.777 [INFO]  [Validating] > Transforming kotlin-stdlib-jdk7-1.8.22.jar with ClasspathEntrySnapshotTransform
13:25:49.777 [INFO]  [Validating] > Transforming kotlin-stdlib-1.8.22.jar with ClasspathEntrySnapshotTransform
13:25:49.777 [INFO]  [Validating] > Transforming kotlin-compiler-embeddable-1.8.22.jar with ClasspathEntrySnapshotTransform
13:25:49.777 [INFO]  [Validating] > Transforming kotlin-stdlib-common-1.8.22.jar with ClasspathEntrySnapshotTransform
13:25:49.777 [INFO]  [Validating] > Transforming annotations-13.0.jar with ClasspathEntrySnapshotTransform
13:25:49.777 [INFO]  [Validating] > Build cache key for task ':detekt-report-html:compileKotlin' is 6c859146cd23e1ce4901100fa935d173
13:25:49.777 [INFO]  [Validating] > Skipping task ':detekt-report-html:compileKotlin' as it is up-to-date.
13:25:49.777 [INFO]  [Validating] > work action resolve main (project :detekt-report-html) (Thread[included builds,5,main]) started.
13:25:49.777 [INFO]  [Validating] > Resolve mutations for :detekt-report-html:compileJava (Thread[Execution worker Thread 5,5,main]) started.
13:25:49.777 [INFO]  [Validating] > 
13:25:49.777 [INFO]  [Validating] > > Task :detekt-report-md:compileKotlin UP-TO-DATE
13:25:49.777 [INFO]  [Validating] > Transforming main with ClasspathEntrySnapshotTransform
13:25:49.777 [INFO]  [Validating] > Transforming main with ClasspathEntrySnapshotTransform
13:25:49.777 [INFO]  [Validating] > Transforming main with ClasspathEntrySnapshotTransform
13:25:49.777 [INFO]  [Validating] > Transforming main with ClasspathEntrySnapshotTransform
13:25:49.777 [INFO]  [Validating] > Transforming kotlin-stdlib-jdk8-1.8.22.jar with ClasspathEntrySnapshotTransform
13:25:49.777 [INFO]  [Validating] > Transforming kotlin-stdlib-jdk7-1.8.22.jar with ClasspathEntrySnapshotTransform
13:25:49.777 [INFO]  [Validating] > Transforming kotlin-stdlib-1.8.22.jar with ClasspathEntrySnapshotTransform
13:25:49.777 [INFO]  [Validating] > Transforming kotlin-compiler-embeddable-1.8.22.jar with ClasspathEntrySnapshotTransform
13:25:49.777 [INFO]  [Validating] > Transforming kotlin-stdlib-common-1.8.22.jar with ClasspathEntrySnapshotTransform
13:25:49.777 [INFO]  [Validating] > Transforming annotations-13.0.jar with ClasspathEntrySnapshotTransform
13:25:49.777 [INFO]  [Validating] > Build cache key for task ':detekt-report-md:compileKotlin' is daaa1a6d2f4425c07ab3d08a334ba819
13:25:49.777 [INFO]  [Validating] > Skipping task ':detekt-report-md:compileKotlin' as it is up-to-date.
13:25:49.777 [INFO]  [Validating] > Resolve mutations for :detekt-report-md:compileJava (Thread[Execution worker Thread 8,5,main]) started.
13:25:49.777 [INFO]  [Validating] > work action resolve main (project :detekt-report-md) (Thread[included builds,5,main]) started.
13:25:49.777 [INFO]  [Validating] > :detekt-report-html:compileJava (Thread[Execution worker Thread 5,5,main]) started.
13:25:49.777 [INFO]  [Validating] > :detekt-report-md:compileJava (Thread[included builds,5,main]) started.
13:25:49.777 [INFO]  [Validating] > 
13:25:49.777 [INFO]  [Validating] > > Task :detekt-report-sarif:compileKotlin UP-TO-DATE
13:25:49.777 [INFO]  [Validating] > Transforming main with ClasspathEntrySnapshotTransform
13:25:49.777 [INFO]  [Validating] > Transforming main with ClasspathEntrySnapshotTransform
13:25:49.777 [INFO]  [Validating] > Transforming main with ClasspathEntrySnapshotTransform
13:25:49.777 [INFO]  [Validating] > Transforming sarif4k-jvm-0.4.0.jar with ClasspathEntrySnapshotTransform
13:25:49.777 [INFO]  [Validating] > Transforming kotlinx-serialization-json-jvm-1.4.1.jar with ClasspathEntrySnapshotTransform
13:25:49.777 [INFO]  [Validating] > Transforming kotlinx-serialization-core-jvm-1.4.1.jar with ClasspathEntrySnapshotTransform
13:25:49.777 [INFO]  [Validating] > Transforming kotlin-stdlib-jdk8-1.8.22.jar with ClasspathEntrySnapshotTransform
13:25:49.777 [INFO]  [Validating] > Transforming kotlin-stdlib-jdk7-1.8.22.jar with ClasspathEntrySnapshotTransform
13:25:49.777 [INFO]  [Validating] > Transforming kotlin-stdlib-1.8.22.jar with ClasspathEntrySnapshotTransform
13:25:49.777 [INFO]  [Validating] > Transforming kotlin-compiler-embeddable-1.8.22.jar with ClasspathEntrySnapshotTransform
13:25:49.777 [INFO]  [Validating] > Transforming kotlin-stdlib-common-1.8.22.jar with ClasspathEntrySnapshotTransform
13:25:49.777 [INFO]  [Validating] > Transforming annotations-13.0.jar with ClasspathEntrySnapshotTransform
13:25:49.777 [INFO]  [Validating] > Build cache key for task ':detekt-report-sarif:compileKotlin' is 1408222aca0d0bdec3a09706c778f66a
13:25:49.777 [INFO]  [Validating] > Skipping task ':detekt-report-sarif:compileKotlin' as it is up-to-date.
13:25:49.777 [INFO]  [Validating] > Resolve mutations for :detekt-report-sarif:compileJava (Thread[Execution worker Thread 4,5,main]) started.
13:25:49.777 [INFO]  [Validating] > work action resolve main (project :detekt-report-sarif) (Thread[Execution worker Thread 8,5,main]) started.
13:25:49.777 [INFO]  [Validating] > 
13:25:49.777 [INFO]  [Validating] > > Task :detekt-report-html:compileJava NO-SOURCE
13:25:49.777 [INFO]  [Validating] > Skipping task ':detekt-report-html:compileJava' as it has no source files and no previous output files.
13:25:49.777 [INFO]  [Validating] > :detekt-report-sarif:compileJava (Thread[Execution worker Thread 4,5,main]) started.
13:25:49.777 [INFO]  [Validating] > 
13:25:49.777 [INFO]  [Validating] > > Task :detekt-report-md:compileJava NO-SOURCE
13:25:49.777 [INFO]  [Validating] > Skipping task ':detekt-report-md:compileJava' as it has no source files and no previous output files.
13:25:49.777 [INFO]  [Validating] > work action resolve main (project :detekt-report-html) (Thread[Execution worker Thread 5,5,main]) started.
13:25:49.777 [INFO]  [Validating] > work action resolve main (project :detekt-report-md) (Thread[included builds,5,main]) started.
13:25:49.777 [INFO]  [Validating] > Resolve mutations for :detekt-report-html:classes (Thread[Execution worker Thread 6,5,main]) started.
13:25:49.777 [INFO]  [Validating] > :detekt-report-html:classes (Thread[Execution worker Thread 6,5,main]) started.
13:25:49.777 [INFO]  [Validating] > 
13:25:49.777 [INFO]  [Validating] > > Task :detekt-report-html:classes UP-TO-DATE
13:25:49.777 [INFO]  [Validating] > Skipping task ':detekt-report-html:classes' as it has no actions.
13:25:49.777 [INFO]  [Validating] > work action resolve main (project :detekt-report-md) (Thread[Execution worker Thread 8,5,main]) started.
13:25:49.777 [INFO]  [Validating] > work action resolve main (project :detekt-report-html) (Thread[Execution worker Thread 5,5,main]) started.
13:25:49.777 [INFO]  [Validating] > Resolve mutations for :detekt-report-html:jar (Thread[Execution worker Thread 6,5,main]) started.
13:25:49.777 [INFO]  [Validating] > Resolve mutations for :detekt-report-md:classes (Thread[included builds,5,main]) started.
13:25:49.777 [INFO]  [Validating] > :detekt-report-html:jar (Thread[Execution worker Thread 6,5,main]) started.
13:25:49.777 [INFO]  [Validating] > :detekt-report-md:classes (Thread[included builds,5,main]) started.
13:25:49.777 [INFO]  [Validating] > 
13:25:49.777 [INFO]  [Validating] > > Task :detekt-report-md:classes UP-TO-DATE
13:25:49.777 [INFO]  [Validating] > Skipping task ':detekt-report-md:classes' as it has no actions.
13:25:49.777 [INFO]  [Validating] > 
13:25:49.777 [INFO]  [Validating] > > Task :detekt-report-sarif:compileJava NO-SOURCE
13:25:49.777 [INFO]  [Validating] > Skipping task ':detekt-report-sarif:compileJava' as it has no source files and no previous output files.
13:25:49.777 [INFO]  [Validating] > work action resolve main (project :detekt-report-sarif) (Thread[included builds,5,main]) started.
13:25:49.777 [INFO]  [Validating] > work action resolve main (project :detekt-report-sarif) (Thread[Execution worker Thread 4,5,main]) started.
13:25:49.777 [INFO]  [Validating] > Resolve mutations for :detekt-report-sarif:classes (Thread[Execution worker Thread 4,5,main]) started.
13:25:49.777 [INFO]  [Validating] > Resolve mutations for :detekt-core:compileKotlin (Thread[included builds,5,main]) started.
13:25:49.777 [INFO]  [Validating] > Resolve mutations for :detekt-report-md:jar (Thread[Execution worker Thread 5,5,main]) started.
13:25:49.777 [INFO]  [Validating] > :detekt-report-md:jar (Thread[Execution worker Thread 5,5,main]) started.
13:25:49.777 [INFO]  [Validating] > :detekt-report-sarif:classes (Thread[Execution worker Thread 4,5,main]) started.
13:25:49.777 [INFO]  [Validating] > 
13:25:49.777 [INFO]  [Validating] > > Task :detekt-report-sarif:classes UP-TO-DATE
13:25:49.777 [INFO]  [Validating] > Skipping task ':detekt-report-sarif:classes' as it has no actions.
13:25:49.777 [INFO]  [Validating] > :detekt-core:compileKotlin (Thread[included builds,5,main]) started.
13:25:49.777 [INFO]  [Validating] > Resolve mutations for :detekt-report-sarif:jar (Thread[Execution worker Thread 4,5,main]) started.
13:25:49.777 [INFO]  [Validating] > :detekt-report-sarif:jar (Thread[Execution worker Thread 4,5,main]) started.
13:25:49.777 [INFO]  [Validating] > 
13:25:49.777 [INFO]  [Validating] > > Task :detekt-core:compileKotlin UP-TO-DATE
13:25:49.777 [INFO]  [Validating] > Transforming main with ClasspathEntrySnapshotTransform
13:25:49.777 [INFO]  [Validating] > Transforming main with ClasspathEntrySnapshotTransform
13:25:49.777 [INFO]  [Validating] > Transforming main with ClasspathEntrySnapshotTransform
13:25:49.777 [INFO]  [Validating] > Transforming main with ClasspathEntrySnapshotTransform
13:25:49.777 [INFO]  [Validating] > Transforming main with ClasspathEntrySnapshotTransform
13:25:49.777 [INFO]  [Validating] > Transforming main with ClasspathEntrySnapshotTransform
13:25:49.777 [INFO]  [Validating] > Transforming main with ClasspathEntrySnapshotTransform
13:25:49.777 [INFO]  [Validating] > Transforming main with ClasspathEntrySnapshotTransform
13:25:49.777 [INFO]  [Validating] > Transforming main with ClasspathEntrySnapshotTransform
13:25:49.777 [INFO]  [Validating] > Transforming main with ClasspathEntrySnapshotTransform
13:25:49.777 [INFO]  [Validating] > Transforming main with ClasspathEntrySnapshotTransform
13:25:49.777 [INFO]  [Validating] > Transforming kotlin-stdlib-jdk8-1.8.22.jar with ClasspathEntrySnapshotTransform
13:25:49.777 [INFO]  [Validating] > Transforming snakeyaml-engine-2.6.jar with ClasspathEntrySnapshotTransform
13:25:49.777 [INFO]  [Validating] > Transforming kotlin-reflect-1.8.22.jar with ClasspathEntrySnapshotTransform
13:25:49.777 [INFO]  [Validating] > Transforming kotlin-compiler-embeddable-1.8.22.jar with ClasspathEntrySnapshotTransform
13:25:49.777 [INFO]  [Validating] > Transforming kotlin-stdlib-jdk7-1.8.22.jar with ClasspathEntrySnapshotTransform
13:25:49.777 [INFO]  [Validating] > Transforming kotlin-stdlib-1.8.22.jar with ClasspathEntrySnapshotTransform
13:25:49.777 [INFO]  [Validating] > Transforming kotlin-stdlib-common-1.8.22.jar with ClasspathEntrySnapshotTransform
13:25:49.777 [INFO]  [Validating] > Transforming annotations-13.0.jar with ClasspathEntrySnapshotTransform
13:25:49.777 [INFO]  [Validating] > Build cache key for task ':detekt-core:compileKotlin' is 87bd0f24f712da0d88bc26872abfe7d2
13:25:49.777 [INFO]  [Validating] > Skipping task ':detekt-core:compileKotlin' as it is up-to-date.
13:25:49.777 [INFO]  [Validating] > Resolve mutations for :detekt-core:compileJava (Thread[included builds,5,main]) started.
13:25:49.777 [INFO]  [Validating] > work action resolve main (project :detekt-core) (Thread[Execution worker Thread 8,5,main]) started.
13:25:49.777 [INFO]  [Validating] > :detekt-core:compileJava (Thread[included builds,5,main]) started.
13:25:49.777 [INFO]  [Validating] > 
13:25:49.777 [INFO]  [Validating] > > Task :detekt-core:compileJava NO-SOURCE
13:25:49.777 [INFO]  [Validating] > Skipping task ':detekt-core:compileJava' as it has no source files and no previous output files.
13:25:49.777 [INFO]  [Validating] > Resolve mutations for :detekt-core:classes (Thread[included builds,5,main]) started.
13:25:49.777 [INFO]  [Validating] > work action resolve main (project :detekt-core) (Thread[Execution worker Thread 8,5,main]) started.
13:25:49.777 [INFO]  [Validating] > :detekt-core:classes (Thread[included builds,5,main]) started.
13:25:49.777 [INFO]  [Validating] > work action resolve main (project :detekt-core) (Thread[Execution worker Thread 8,5,main]) started.
13:25:49.777 [INFO]  [Validating] > 
13:25:49.777 [INFO]  [Validating] > > Task :detekt-core:classes UP-TO-DATE
13:25:49.777 [INFO]  [Validating] > Skipping task ':detekt-core:classes' as it has no actions.
13:25:49.777 [INFO]  [Validating] > Resolve mutations for :detekt-test:compileKotlin (Thread[Execution worker Thread 8,5,main]) started.
13:25:49.777 [INFO]  [Validating] > Resolve mutations for :detekt-core:jar (Thread[included builds,5,main]) started.
13:25:49.777 [INFO]  [Validating] > :detekt-core:jar (Thread[included builds,5,main]) started.
13:25:49.777 [INFO]  [Validating] > :detekt-test:compileKotlin (Thread[Execution worker Thread 8,5,main]) started.
13:25:49.777 [INFO]  [Validating] > 
13:25:49.777 [INFO]  [Validating] > > Task :detekt-test:compileKotlin UP-TO-DATE
13:25:49.777 [INFO]  [Validating] > Transforming main with ClasspathEntrySnapshotTransform
13:25:49.777 [INFO]  [Validating] > Transforming main with ClasspathEntrySnapshotTransform
13:25:49.777 [INFO]  [Validating] > Transforming main with ClasspathEntrySnapshotTransform
13:25:49.777 [INFO]  [Validating] > Transforming main with ClasspathEntrySnapshotTransform
13:25:49.777 [INFO]  [Validating] > Transforming main with ClasspathEntrySnapshotTransform
13:25:49.777 [INFO]  [Validating] > Transforming main with ClasspathEntrySnapshotTransform
13:25:49.777 [INFO]  [Validating] > Transforming main with ClasspathEntrySnapshotTransform
13:25:49.777 [INFO]  [Validating] > Transforming kotlin-stdlib-jdk8-1.8.22.jar with ClasspathEntrySnapshotTransform
13:25:49.777 [INFO]  [Validating] > Transforming assertj-core-3.24.2.jar with ClasspathEntrySnapshotTransform
13:25:49.777 [INFO]  [Validating] > Transforming kotlin-compiler-embeddable-1.8.22.jar with ClasspathEntrySnapshotTransform
13:25:49.777 [INFO]  [Validating] > Transforming junit-platform-commons-1.9.3.jar with ClasspathEntrySnapshotTransform
13:25:49.777 [INFO]  [Validating] > Transforming junit-jupiter-api-5.9.3.jar with ClasspathEntrySnapshotTransform
13:25:49.777 [INFO]  [Validating] > Transforming kotlin-stdlib-jdk7-1.8.22.jar with ClasspathEntrySnapshotTransform
13:25:49.777 [INFO]  [Validating] > Transforming kotlin-stdlib-1.8.22.jar with ClasspathEntrySnapshotTransform
13:25:49.778 [INFO]  [Validating] > Transforming byte-buddy-1.12.21.jar with ClasspathEntrySnapshotTransform
13:25:49.778 [INFO]  [Validating] > Transforming opentest4j-1.2.0.jar with ClasspathEntrySnapshotTransform
13:25:49.778 [INFO]  [Validating] > Transforming apiguardian-api-1.1.2.jar with ClasspathEntrySnapshotTransform
13:25:49.778 [INFO]  [Validating] > Transforming kotlin-stdlib-common-1.8.22.jar with ClasspathEntrySnapshotTransform
13:25:49.778 [INFO]  [Validating] > Transforming annotations-13.0.jar with ClasspathEntrySnapshotTransform
13:25:49.778 [INFO]  [Validating] > Build cache key for task ':detekt-test:compileKotlin' is 3b4e9cc97ddb472bf0406062a9c686d1
13:25:49.778 [INFO]  [Validating] > Skipping task ':detekt-test:compileKotlin' as it is up-to-date.
13:25:49.778 [INFO]  [Validating] > Resolve mutations for :detekt-test:compileJava (Thread[Execution worker Thread 8,5,main]) started.
13:25:49.778 [INFO]  [Validating] > :detekt-test:compileJava (Thread[Execution worker Thread 8,5,main]) started.
13:25:49.778 [INFO]  [Validating] > 
13:25:49.778 [INFO]  [Validating] > > Task :detekt-test:compileJava NO-SOURCE
13:25:49.778 [INFO]  [Validating] > Skipping task ':detekt-test:compileJava' as it has no source files and no previous output files.
13:25:49.778 [INFO]  [Validating] > work action resolve main (project :detekt-test) (Thread[Execution worker Thread 8,5,main]) started.
13:25:49.778 [INFO]  [Validating] > work action resolve main (project :detekt-test) (Thread[Execution worker Thread 8,5,main]) started.
13:25:49.778 [INFO]  [Validating] > work action resolve main (project :detekt-test) (Thread[Execution worker Thread 8,5,main]) started.
13:25:49.778 [INFO]  [Validating] > Resolve mutations for :detekt-rules-performance:compileTestKotlin (Thread[Execution worker Thread 8,5,main]) started.
13:25:49.778 [INFO]  [Validating] > :detekt-rules-performance:compileTestKotlin (Thread[Execution worker Thread 8,5,main]) started.
13:25:49.778 [INFO]  [Validating] > 
13:25:49.778 [INFO]  [Validating] > > Task :detekt-test-utils:jar UP-TO-DATE
13:25:49.778 [INFO]  [Validating] > Caching disabled for task ':detekt-test-utils:jar' because:
13:25:49.778 [INFO]  [Validating] >   Not worth caching
13:25:49.778 [INFO]  [Validating] > Skipping task ':detekt-test-utils:jar' as it is up-to-date.
13:25:49.778 [INFO]  [Validating] > Resolve mutations for :detekt-test:classes (Thread[Execution worker Thread 3,5,main]) started.
13:25:49.778 [INFO]  [Validating] > :detekt-test:classes (Thread[Execution worker Thread 3,5,main]) started.
13:25:49.778 [INFO]  [Validating] > 
13:25:49.778 [INFO]  [Validating] > > Task :detekt-test:classes UP-TO-DATE
13:25:49.778 [INFO]  [Validating] > Skipping task ':detekt-test:classes' as it has no actions.
13:25:49.778 [INFO]  [Validating] > Resolve mutations for :detekt-test:jar (Thread[Execution worker Thread 3,5,main]) started.
13:25:49.778 [INFO]  [Validating] > :detekt-test:jar (Thread[Execution worker Thread 3,5,main]) started.
13:25:49.778 [INFO]  [Validating] > 
13:25:49.778 [INFO]  [Validating] > > Task :detekt-report-xml:jar UP-TO-DATE
13:25:49.778 [INFO]  [Validating] > Caching disabled for task ':detekt-report-xml:jar' because:
13:25:49.778 [INFO]  [Validating] >   Not worth caching
13:25:49.778 [INFO]  [Validating] > Skipping task ':detekt-report-xml:jar' as it is up-to-date.
13:25:49.778 [INFO]  [Validating] > work action resolve detekt-report-xml-1.23.0.jar (project :detekt-report-xml) (Thread[Execution worker Thread 2,5,main]) started.
13:25:49.778 [INFO]  [Validating] > work action resolve detekt-test-utils-1.23.0.jar (project :detekt-test-utils) (Thread[Execution worker Thread 2,5,main]) started.
13:25:49.778 [INFO]  [Validating] > 
13:25:49.778 [INFO]  [Validating] > > Task :detekt-report-txt:jar UP-TO-DATE
13:25:49.778 [INFO]  [Validating] > Caching disabled for task ':detekt-report-txt:jar' because:
13:25:49.778 [INFO]  [Validating] >   Not worth caching
13:25:49.778 [INFO]  [Validating] > Skipping task ':detekt-report-txt:jar' as it is up-to-date.
13:25:49.778 [INFO]  [Validating] > work action resolve detekt-report-txt-1.23.0.jar (project :detekt-report-txt) (Thread[Execution worker Thread 9,5,main]) started.
13:25:49.778 [INFO]  [Validating] > 
13:25:49.778 [INFO]  [Validating] > > Task :detekt-metrics:jar UP-TO-DATE
13:25:49.778 [INFO]  [Validating] > Caching disabled for task ':detekt-metrics:jar' because:
13:25:49.778 [INFO]  [Validating] >   Not worth caching
13:25:49.778 [INFO]  [Validating] > Skipping task ':detekt-metrics:jar' as it is up-to-date.
13:25:49.778 [INFO]  [Validating] > work action resolve detekt-metrics-1.23.0.jar (project :detekt-metrics) (Thread[Execution worker,5,main]) started.
13:25:49.778 [INFO]  [Validating] > 
13:25:49.778 [INFO]  [Validating] > > Task :detekt-tooling:jar UP-TO-DATE
13:25:49.778 [INFO]  [Validating] > Caching disabled for task ':detekt-tooling:jar' because:
13:25:49.778 [INFO]  [Validating] >   Not worth caching
13:25:49.778 [INFO]  [Validating] > Skipping task ':detekt-tooling:jar' as it is up-to-date.
13:25:49.778 [INFO]  [Validating] > work action resolve detekt-tooling-1.23.0.jar (project :detekt-tooling) (Thread[Execution worker Thread 7,5,main]) started.
13:25:49.778 [INFO]  [Validating] > 
13:25:49.778 [INFO]  [Validating] > > Task :detekt-report-html:jar UP-TO-DATE
13:25:49.778 [INFO]  [Validating] > Caching disabled for task ':detekt-report-html:jar' because:
13:25:49.778 [INFO]  [Validating] >   Not worth caching
13:25:49.778 [INFO]  [Validating] > Skipping task ':detekt-report-html:jar' as it is up-to-date.
13:25:49.778 [INFO]  [Validating] > work action resolve detekt-report-html-1.23.0.jar (project :detekt-report-html) (Thread[Execution worker Thread 6,5,main]) started.
13:25:49.778 [INFO]  [Validating] > 
13:25:49.778 [INFO]  [Validating] > > Task :detekt-report-sarif:jar UP-TO-DATE
13:25:49.778 [INFO]  [Validating] > Caching disabled for task ':detekt-report-sarif:jar' because:
13:25:49.778 [INFO]  [Validating] >   Not worth caching
13:25:49.778 [INFO]  [Validating] > Skipping task ':detekt-report-sarif:jar' as it is up-to-date.
13:25:49.778 [INFO]  [Validating] > work action resolve detekt-report-sarif-1.23.0.jar (project :detekt-report-sarif) (Thread[Execution worker Thread 4,5,main]) started.
13:25:49.778 [INFO]  [Validating] > 
13:25:49.778 [INFO]  [Validating] > > Task :detekt-core:jar UP-TO-DATE
13:25:49.778 [INFO]  [Validating] > Caching disabled for task ':detekt-core:jar' because:
13:25:49.778 [INFO]  [Validating] >   Not worth caching
13:25:49.778 [INFO]  [Validating] > Skipping task ':detekt-core:jar' as it is up-to-date.
13:25:49.778 [INFO]  [Validating] > 
13:25:49.778 [INFO]  [Validating] > > Task :detekt-report-md:jar UP-TO-DATE
13:25:49.778 [INFO]  [Validating] > Caching disabled for task ':detekt-report-md:jar' because:
13:25:49.778 [INFO]  [Validating] >   Not worth caching
13:25:49.778 [INFO]  [Validating] > Skipping task ':detekt-report-md:jar' as it is up-to-date.
13:25:49.778 [INFO]  [Validating] > work action resolve detekt-core-1.23.0.jar (project :detekt-core) (Thread[included builds,5,main]) started.
13:25:49.778 [INFO]  [Validating] > 
13:25:49.778 [INFO]  [Validating] > > Task :detekt-test:jar UP-TO-DATE
13:25:49.778 [INFO]  [Validating] > Caching disabled for task ':detekt-test:jar' because:
13:25:49.778 [INFO]  [Validating] >   Not worth caching
13:25:49.778 [INFO]  [Validating] > Skipping task ':detekt-test:jar' as it is up-to-date.
13:25:49.778 [INFO]  [Validating] > work action resolve detekt-report-md-1.23.0.jar (project :detekt-report-md) (Thread[Execution worker Thread 5,5,main]) started.
13:25:49.778 [INFO]  [Validating] > work action resolve detekt-test-1.23.0.jar (project :detekt-test) (Thread[Execution worker Thread 3,5,main]) started.
13:25:49.778 [INFO]  [Validating] > 
13:25:49.778 [INFO]  [Validating] > > Task :detekt-rules-performance:compileTestKotlin FROM-CACHE
13:25:49.778 [INFO]  [Validating] > Transforming main with ClasspathEntrySnapshotTransform
13:25:49.778 [INFO]  [Validating] > Transforming main with ClasspathEntrySnapshotTransform
13:25:49.778 [INFO]  [Validating] > Transforming main with ClasspathEntrySnapshotTransform
13:25:49.778 [INFO]  [Validating] > Transforming main with ClasspathEntrySnapshotTransform
13:25:49.778 [INFO]  [Validating] > Transforming main with ClasspathEntrySnapshotTransform
13:25:49.778 [INFO]  [Validating] > Transforming main with ClasspathEntrySnapshotTransform
13:25:49.778 [INFO]  [Validating] > Transforming kotlin-stdlib-jdk8-1.8.22.jar with ClasspathEntrySnapshotTransform
13:25:49.778 [INFO]  [Validating] > Transforming assertj-core-3.24.2.jar with ClasspathEntrySnapshotTransform
13:25:49.778 [INFO]  [Validating] > Transforming junit-jupiter-params-5.9.3.jar with ClasspathEntrySnapshotTransform
13:25:49.778 [INFO]  [Validating] > Transforming junit-jupiter-api-5.9.3.jar with ClasspathEntrySnapshotTransform
13:25:49.778 [INFO]  [Validating] > Transforming junit-platform-commons-1.9.3.jar with ClasspathEntrySnapshotTransform
13:25:49.778 [INFO]  [Validating] > Transforming junit-jupiter-5.9.3.jar with ClasspathEntrySnapshotTransform
13:25:49.778 [INFO]  [Validating] > Transforming kotlin-stdlib-jdk7-1.8.22.jar with ClasspathEntrySnapshotTransform
13:25:49.778 [INFO]  [Validating] > Transforming kotlin-stdlib-1.8.22.jar with ClasspathEntrySnapshotTransform
13:25:49.778 [INFO]  [Validating] > Transforming kotlin-stdlib-common-1.8.22.jar with ClasspathEntrySnapshotTransform
13:25:49.778 [INFO]  [Validating] > Transforming annotations-13.0.jar with ClasspathEntrySnapshotTransform
13:25:49.778 [INFO]  [Validating] > Transforming kotlin-compiler-embeddable-1.8.22.jar with ClasspathEntrySnapshotTransform
13:25:49.778 [INFO]  [Validating] > Transforming byte-buddy-1.12.21.jar with ClasspathEntrySnapshotTransform
13:25:49.778 [INFO]  [Validating] > Transforming opentest4j-1.2.0.jar with ClasspathEntrySnapshotTransform
13:25:49.778 [INFO]  [Validating] > Transforming apiguardian-api-1.1.2.jar with ClasspathEntrySnapshotTransform
13:25:49.778 [INFO]  [Validating] > Build cache key for task ':detekt-rules-performance:compileTestKotlin' is 7f7b1e4e614a3745bd1c2fe5e64dc967
13:25:49.778 [INFO]  [Validating] > Task ':detekt-rules-performance:compileTestKotlin' is not up-to-date because:
13:25:49.778 [INFO]  [Validating] >   Input property 'javaSources' file /Users/mnedzelskii/gits/detekt/detekt-rules-performance/src/test/java/DummyJUnitJupiterLauncherDiffblueTest.java has been removed.
13:25:49.778 [INFO]  [Validating] >   Input property 'javaSources' file /Users/mnedzelskii/gits/detekt/detekt-rules-performance/src/test/java/io/gitlab/arturbosch/detekt/rules/performance/PerformanceProviderDiffblueTest.java has been added.
13:25:49.778 [INFO]  [Validating] > Loaded cache entry for task ':detekt-rules-performance:compileTestKotlin' with cache key 7f7b1e4e614a3745bd1c2fe5e64dc967
13:25:49.778 [INFO]  [Validating] > Resolve mutations for :detekt-rules-performance:compileTestJava (Thread[Execution worker Thread 8,5,main]) started.
13:25:49.778 [INFO]  [Validating] > :detekt-rules-performance:compileTestJava (Thread[Execution worker Thread 8,5,main]) started.
13:25:49.778 [INFO]  [Validating] > 
13:25:49.778 [INFO]  [Validating] > > Task :detekt-rules-performance:compileTestJava FROM-CACHE
13:25:49.778 [INFO]  [Validating] > Build cache key for task ':detekt-rules-performance:compileTestJava' is 38d6bac52d476db35aae744081e77cbf
13:25:49.778 [INFO]  [Validating] > Task ':detekt-rules-performance:compileTestJava' is not up-to-date because:
13:25:49.778 [INFO]  [Validating] >   Input property 'stableSources' file /Users/mnedzelskii/gits/detekt/detekt-rules-performance/src/test/java/DummyJUnitJupiterLauncherDiffblueTest.java has been removed.
13:25:49.778 [INFO]  [Validating] >   Input property 'stableSources' file /Users/mnedzelskii/gits/detekt/detekt-rules-performance/src/test/java/io/gitlab/arturbosch/detekt/rules/performance/PerformanceProviderDiffblueTest.java has been added.
13:25:49.778 [INFO]  [Validating] > Loaded cache entry for task ':detekt-rules-performance:compileTestJava' with cache key 38d6bac52d476db35aae744081e77cbf
13:25:49.778 [INFO]  [Validating] > Resolve mutations for :detekt-rules-performance:testClasses (Thread[Execution worker Thread 8,5,main]) started.
13:25:49.778 [INFO]  [Validating] > :detekt-rules-performance:testClasses (Thread[Execution worker Thread 7,5,main]) started.
13:25:49.778 [INFO]  [Validating] > 
13:25:49.778 [INFO]  [Validating] > > Task :detekt-rules-performance:testClasses UP-TO-DATE
13:25:49.778 [INFO]  [Validating] > Skipping task ':detekt-rules-performance:testClasses' as it has no actions.
13:25:49.778 [INFO]  [Validating] > Resolve mutations for :detekt-rules-performance:test (Thread[Execution worker Thread 7,5,main]) started.
13:25:49.778 [INFO]  [Validating] > :detekt-rules-performance:test (Thread[Execution worker Thread 7,5,main]) started.
13:25:49.778 [INFO]  [Validating] > 
13:25:49.778 [INFO]  [Validating] > > Task :detekt-rules-performance:test FROM-CACHE
13:25:49.778 [INFO]  [Validating] > Build cache key for task ':detekt-rules-performance:test' is 868e90e6703d9696a54a78099840a53c
13:25:49.778 [INFO]  [Validating] > Task ':detekt-rules-performance:test' is not up-to-date because:
13:25:49.778 [INFO]  [Validating] >   Value of input property 'filter.failOnNoMatchingTests' has changed for task ':detekt-rules-performance:test'
13:25:49.778 [INFO]  [Validating] >   Value of input property 'filter.includePatterns' has changed for task ':detekt-rules-performance:test'
13:25:49.778 [INFO]  [Validating] > Loaded cache entry for task ':detekt-rules-performance:test' with cache key 868e90e6703d9696a54a78099840a53c
13:25:49.778 [INFO]  [Validating] > 
13:25:49.778 [INFO]  [Validating] > BUILD SUCCESSFUL in 410ms
13:25:49.778 [INFO]  [Validating] > 39 actionable tasks: 3 from cache, 36 up-to-date
13:25:49.778 [INFO]  [Validating] > Watched directory hierarchies: [/Users/mnedzelskii/gits/detekt]
13:25:49.778 [INFO]  [Validating] > Configuration cache entry reused.
13:25:49.778 [INFO]  [Validating] Standard error of build tool (Gradle)
13:25:49.778 [INFO]  [Validating] > 
13:25:49.787 [INFO]  [Validating] 1 created test was successfully validated.
13:25:49.912 [INFO]  [Reporting] Writing JSON report to /Users/mnedzelskii/gits/detekt/detekt-rules-performance/.diffblue/reports/report.json
13:25:49.940 [INFO]  [Reporting] 
13:25:49.940 [WARN]  [Reporting] Cover completed with warnings
  The following warnings should be addressed to ensure that
  the highest quantity and quality of tests can be created:
-----------------------------------------------------------
13:25:02.569 [WARN]  [Checking] E052: Missing dependency
Unable to mock method inputs because Mockito 2.22.0 or later is not present on the classpath.
Required dependencies were not found.
Please add the following dependencies to your project:
  testImplementation("org.mockito:mockito-core:4.11.0")
13:25:49.941 [INFO]  [Reporting] Log file: /Users/mnedzelskii/gits/detekt/detekt-rules-performance/.diffblue/log/user-20230706T132451.log
13:25:49.941 [INFO]  [Reporting] Finished in 57s
