13:25:51.048 [INFO]  [Preparing] Diffblue Cover 2023.07.02-SNAPSHOT-0623e01-local
13:25:51.048 [INFO]  [Preparing] 
13:25:51.048 [INFO]  [Preparing] Running: dcover create --working-directory detekt-rules-ruleauthors io.github io.gitlab
13:25:51.208 [INFO]  [Checking] Detecting environment:
13:25:51.208 [INFO]  [Checking] ----------------------
13:25:51.252 [INFO]  [Checking] Detected Java version 11.0.18
13:25:53.839 [INFO]  [Checking] Detected build system: Gradle 8.2
13:25:53.840 [INFO]  [Checking] Operating System: Mac OS X aarch64 13.4.1
13:25:53.840 [INFO]  [Checking] Default charset: UTF-8
13:25:53.840 [INFO]  [Checking] Default locale: en_GB
13:25:53.840 [INFO]  [Checking] Default time zone: Europe/London
13:25:53.841 [INFO]  [Checking] Selected build system: Gradle
13:25:53.844 [INFO]  [Checking] Selected classpath from build system Gradle
13:25:53.845 [INFO]  [Checking] Expanded classpath: 
/Users/mnedzelskii/gits/detekt/detekt-rules-ruleauthors/build/classes/kotlin/test
/Users/mnedzelskii/gits/detekt/detekt-rules-ruleauthors/build/classes/kotlin/main (code under test)
/Users/mnedzelskii/gits/detekt/detekt-rules-ruleauthors/build/resources/test
/Users/mnedzelskii/gits/detekt/detekt-rules-ruleauthors/build/classes/java/main
/Users/mnedzelskii/gits/detekt/detekt-rules-ruleauthors/build/resources/main
/Users/mnedzelskii/gits/detekt/detekt-test/build/libs/detekt-test-1.23.0.jar
/Users/mnedzelskii/.gradle/caches/modules-2/files-2.1/org.assertj/assertj-core/3.24.2/ebbf338e33f893139459ce5df023115971c2786f/assertj-core-3.24.2.jar
/Users/mnedzelskii/.gradle/caches/modules-2/files-2.1/org.junit.jupiter/junit-jupiter-engine/5.9.3/355322b03bf39306a183162cd06626c206f0286b/junit-jupiter-engine-5.9.3.jar
/Users/mnedzelskii/gits/detekt/detekt-test-utils/build/libs/detekt-test-utils-1.23.0.jar
/Users/mnedzelskii/.gradle/caches/modules-2/files-2.1/org.junit.jupiter/junit-jupiter-params/5.9.3/9e2a4bf6016a1975f408a73523392875cff7c26f/junit-jupiter-params-5.9.3.jar
/Users/mnedzelskii/.gradle/caches/modules-2/files-2.1/org.junit.jupiter/junit-jupiter-api/5.9.3/815818ad6ffcc8d320d8fbdf3d748c753cf83201/junit-jupiter-api-5.9.3.jar
/Users/mnedzelskii/.gradle/caches/modules-2/files-2.1/org.junit.platform/junit-platform-launcher/1.9.3/485650bfe2a2f39b606a6ca013285afda2eaee79/junit-platform-launcher-1.9.3.jar
/Users/mnedzelskii/.gradle/caches/modules-2/files-2.1/org.junit.platform/junit-platform-engine/1.9.3/8616734a190f8d307376aeb7353dba0a2c037a09/junit-platform-engine-1.9.3.jar
/Users/mnedzelskii/.gradle/caches/modules-2/files-2.1/org.junit.platform/junit-platform-commons/1.9.3/36b2e26a90c41603be7f0094bee80e3f8a2cd4d4/junit-platform-commons-1.9.3.jar
/Users/mnedzelskii/.gradle/caches/modules-2/files-2.1/org.junit.jupiter/junit-jupiter/5.9.3/72e840501e1550e9799c9a5cc9483d7d6b29e0ba/junit-jupiter-5.9.3.jar
/Users/mnedzelskii/gits/detekt/detekt-core/build/libs/detekt-core-1.23.0.jar
/Users/mnedzelskii/gits/detekt/detekt-tooling/build/libs/detekt-tooling-1.23.0.jar
/Users/mnedzelskii/gits/detekt/detekt-report-md/build/libs/detekt-report-md-1.23.0.jar
/Users/mnedzelskii/gits/detekt/detekt-metrics/build/libs/detekt-metrics-1.23.0.jar
/Users/mnedzelskii/gits/detekt/detekt-api/build/libs/detekt-api-1.23.0.jar
/Users/mnedzelskii/gits/detekt/detekt-report-html/build/libs/detekt-report-html-1.23.0.jar
/Users/mnedzelskii/gits/detekt/detekt-utils/build/libs/detekt-utils-1.23.0.jar
/Users/mnedzelskii/gits/detekt/detekt-parser/build/libs/detekt-parser-1.23.0.jar
/Users/mnedzelskii/gits/detekt/detekt-psi-utils/build/libs/detekt-psi-utils-1.23.0.jar
/Users/mnedzelskii/gits/detekt/detekt-report-txt/build/libs/detekt-report-txt-1.23.0.jar
/Users/mnedzelskii/gits/detekt/detekt-report-xml/build/libs/detekt-report-xml-1.23.0.jar
/Users/mnedzelskii/gits/detekt/detekt-report-sarif/build/libs/detekt-report-sarif-1.23.0.jar
/Users/mnedzelskii/.gradle/caches/modules-2/files-2.1/org.jetbrains.kotlinx/kotlinx-coroutines-core-jvm/1.7.2/27cb5db69aeef59d8cc2a2cc2be4200f26091e72/kotlinx-coroutines-core-jvm-1.7.2.jar
/Users/mnedzelskii/.gradle/caches/modules-2/files-2.1/io.github.detekt.sarif4k/sarif4k-jvm/0.4.0/d3060993cd73b57ee61b260841bedcabb7dcbb02/sarif4k-jvm-0.4.0.jar
/Users/mnedzelskii/.gradle/caches/modules-2/files-2.1/org.jetbrains.kotlinx/kotlinx-serialization-json-jvm/1.4.1/e6430b33f06dcdff88998abfcb2e78bc3cd0a1f6/kotlinx-serialization-json-jvm-1.4.1.jar
/Users/mnedzelskii/.gradle/caches/modules-2/files-2.1/org.jetbrains.kotlinx/kotlinx-serialization-core-jvm/1.4.1/e0c2c11e5d0d541ca343c8f09602c0c2287d15a1/kotlinx-serialization-core-jvm-1.4.1.jar
/Users/mnedzelskii/.gradle/caches/modules-2/files-2.1/org.jetbrains.kotlin/kotlin-stdlib-jdk8/1.8.22/b25c86d47d6b962b9cf0f8c3f320c8a10eea3dd1/kotlin-stdlib-jdk8-1.8.22.jar
/Users/mnedzelskii/.gradle/caches/modules-2/files-2.1/org.jetbrains.kotlin/kotlin-compiler-embeddable/1.8.22/e2cf111da088dc807a74157741b4cd4b664edfb7/kotlin-compiler-embeddable-1.8.22.jar
/Users/mnedzelskii/.gradle/caches/modules-2/files-2.1/org.jetbrains.kotlin/kotlin-stdlib-jdk7/1.8.22/4dabb8248310d833bb6a8b516024a91fd3d275c/kotlin-stdlib-jdk7-1.8.22.jar
/Users/mnedzelskii/.gradle/caches/modules-2/files-2.1/org.jetbrains.kotlin/kotlin-main-kts/1.8.22/2b1a8c5bfeb080adb7358a936c90792ce83e305a/kotlin-main-kts-1.8.22.jar
/Users/mnedzelskii/.gradle/caches/modules-2/files-2.1/org.jetbrains.kotlin/kotlin-reflect/1.8.22/b52be44bc57cb6fd2169a29aefa4507c4e49c858/kotlin-reflect-1.8.22.jar
/Users/mnedzelskii/.gradle/caches/modules-2/files-2.1/org.jetbrains.kotlin/kotlin-scripting-compiler-embeddable/1.8.22/3ab8e0416ba65a54c227c806cc034a462a08ff7/kotlin-scripting-compiler-embeddable-1.8.22.jar
/Users/mnedzelskii/.gradle/caches/modules-2/files-2.1/org.jetbrains.kotlin/kotlin-scripting-compiler-impl-embeddable/1.8.22/5703e4c2d1596a35912296fe484400d19129b3d2/kotlin-scripting-compiler-impl-embeddable-1.8.22.jar
/Users/mnedzelskii/.gradle/caches/modules-2/files-2.1/org.jetbrains.kotlin/kotlin-scripting-jvm/1.8.22/3291898dd4e49d49b921cd7baf679399ddfcd49d/kotlin-scripting-jvm-1.8.22.jar
/Users/mnedzelskii/.gradle/caches/modules-2/files-2.1/org.jetbrains.kotlin/kotlin-scripting-common/1.8.22/2ceb06ea7e19b183f3363ca8961be973c232937a/kotlin-scripting-common-1.8.22.jar
/Users/mnedzelskii/.gradle/caches/modules-2/files-2.1/org.jetbrains.kotlin/kotlin-stdlib/1.8.22/636bf8b320e7627482771bbac9ed7246773c02bd/kotlin-stdlib-1.8.22.jar
/Users/mnedzelskii/.gradle/caches/modules-2/files-2.1/org.jetbrains.kotlin/kotlin-stdlib-common/1.8.22/1a8e3601703ae14bb58757ea6b2d8e8e5935a586/kotlin-stdlib-common-1.8.22.jar
/Users/mnedzelskii/.gradle/caches/modules-2/files-2.1/org.jetbrains/annotations/13.0/919f0dfe192fb4e063e7dacadee7f8bb9a2672a9/annotations-13.0.jar
/Users/mnedzelskii/.gradle/caches/modules-2/files-2.1/org.opentest4j/opentest4j/1.2.0/28c11eb91f9b6d8e200631d46e20a7f407f2a046/opentest4j-1.2.0.jar
/Users/mnedzelskii/.gradle/caches/modules-2/files-2.1/net.bytebuddy/byte-buddy/1.12.21/1a257bbdb9288f2558d3767cc2cc22b499d5091c/byte-buddy-1.12.21.jar
/Users/mnedzelskii/.gradle/caches/modules-2/files-2.1/org.snakeyaml/snakeyaml-engine/2.6/235a7e571b33eda1a81e0f73a3173ef95dd020e5/snakeyaml-engine-2.6.jar
/Users/mnedzelskii/.gradle/caches/modules-2/files-2.1/org.jetbrains.kotlin/kotlin-script-runtime/1.8.22/ce5ff1f309623f8c1be5143bdba032c4a04cec3a/kotlin-script-runtime-1.8.22.jar
/Users/mnedzelskii/.gradle/caches/modules-2/files-2.1/org.jetbrains.kotlin/kotlin-daemon-embeddable/1.8.22/7d9f7e06a59d2fcbc9b373400c146f42fd722e81/kotlin-daemon-embeddable-1.8.22.jar
/Users/mnedzelskii/.gradle/caches/modules-2/files-2.1/org.jetbrains.intellij.deps/trove4j/1.0.20200330/3afb14d5f9ceb459d724e907a21145e8ff394f02/trove4j-1.0.20200330.jar
/Users/mnedzelskii/.gradle/caches/modules-2/files-2.1/net.java.dev.jna/jna/5.6.0/330f2244e9030119ab3030fc3fededc86713d9cc/jna-5.6.0.jar
/Users/mnedzelskii/.gradle/caches/modules-2/files-2.1/io.github.davidburstrom.contester/contester-breakpoint/0.2.0/a560e5402378928e889b2eab0cc958cbed8cfe5e/contester-breakpoint-0.2.0.jar
/Users/mnedzelskii/.gradle/caches/modules-2/files-2.1/org.jetbrains.kotlinx/kotlinx-html-jvm/0.8.1/1395513588aabf353f15a9f8023098651f1d76a/kotlinx-html-jvm-0.8.1.jar
13:25:53.969 [INFO]  [Checking] Detected test framework: JUnit Jupiter 5.9.3
13:25:53.973 [INFO]  [Checking] Detected JUnit Jupiter Engine version 5.9.3
13:25:53.978 [INFO]  [Checking] Detected JUnit Jupiter Params version 5.9.3
13:25:54.079 [INFO]  [Checking] Selected test output directory: /Users/mnedzelskii/gits/detekt/detekt-rules-ruleauthors/src/test/java
13:25:54.080 [INFO]  [Checking] Selected test framework: JUnit Jupiter
13:25:54.167 [INFO]  [Checking] Running: Using JAVA_HOME: /Users/mnedzelskii/.sdkman/candidates/java/current : in /Users/mnedzelskii/gits/detekt/detekt-rules-ruleauthors : gradle test -i  DummyJupiterDiffblueTest
13:25:56.020 [INFO]  [Checking] Running: Using JAVA_HOME: /Users/mnedzelskii/.sdkman/candidates/java/current : in /Users/mnedzelskii/gits/detekt/detekt-rules-ruleauthors : gradle test -i  DummyJUnitJupiterLauncherDiffblueTest
13:25:57.839 [INFO]  [Checking] Detected JVM architecture: 64-Bit
13:25:57.843 [INFO]  [Checking] Indexing...
13:26:00.338 [INFO]  [Checking] Selected Java language compliance level: 1.8
13:26:00.339 [INFO]  [Checking] Selected test validation: enabled
13:26:00.341 [INFO]  [Checking] Prefixes for filtering classes/methods:
13:26:00.341 [INFO]  [Checking] - io.github
13:26:00.342 [INFO]  [Checking] - io.gitlab
13:26:00.342 [INFO]  [Checking] Gathering methods to test...
13:26:01.239 [WARN]  [Checking] E052: Missing dependency
Unable to mock method inputs because Mockito 2.22.0 or later is not present on the classpath.
Required dependencies were not found.
Please add the following dependencies to your project:
  testImplementation("org.mockito:mockito-core:4.11.0")
13:26:01.249 [INFO]  [Reporting] 
13:26:01.249 [INFO]  [Reporting] Environment summary:
13:26:01.249 [INFO]  [Reporting] --------------------
13:26:01.251 [INFO]  [Reporting] Java version                  11.0.18                       SUCCESS        
13:26:01.251 [INFO]  [Reporting] Build system                  Gradle                        SUCCESS        
13:26:01.251 [WARN]  [Reporting] Mocking Framework                                           WARNING        
13:26:01.251 [INFO]  [Reporting] Testing framework             JUnit Jupiter 5               SUCCESS        
13:26:01.251 [INFO]  [Reporting] Launcher                      JUnit Jupiter                 SUCCESS        
13:26:01.251 [INFO]  [Reporting] Test validation               Enabled                       SUCCESS        
13:26:01.251 [INFO]  [Reporting] 
13:26:01.251 [WARN]  [Reporting] Environment check status: WARNING
13:26:01.272 [INFO]  [Creating] Found 13 callable methods in 3 classes
13:26:01.273 [INFO]  [Creating] 
13:26:01.273 [INFO]  [Creating] Creating tests:
13:26:01.273 [INFO]  [Creating] ---------------
13:26:01.285 [INFO]  [Creating] 
================================================================================
= Starting analysis for class 'io.gitlab.arturbosch.detekt.authors.RuleAuthorsProvider'
================================================================================
13:26:01.285 [INFO]  [Creating] Filtering out non-testable methods...
13:26:06.284 [INFO]  [Creating] Filtering of methods complete. Creating analysis request
13:26:06.285 [INFO]  [Creating] Attempting to get service client, retry 1.
13:26:06.298 [INFO]  [Creating] Starting monitoring server.
13:26:06.409 [INFO]  [Creating] Monitoring server listening on localhost/127.0.0.1:63094
13:26:06.410 [INFO]  [Creating] Starting analyzer server process...
13:26:06.410 [INFO]  [Creating] Server command-line: /Users/mnedzelskii/.sdkman/candidates/java/11.0.18-amzn/bin/java -XX:+IgnoreUnrecognizedVMOptions -Djdk.attach.allowAttachSelf=true -ea -javaagent:/Users/mnedzelskii/gits/cover/cover-cli/target/launcher-2023.07.02-SNAPSHOT-shared-jar.jar -Dlogback.configurationFile=/var/folders/84/svd_5_t17l36s2xgx_7spshr0000gp/T/diffblue/config/logback-remote-service.xml -Dcom.diffblue.springIsolationJar=/Users/mnedzelskii/gits/cover/cover-cli/target/cover-isolation-layer-2023.07.02-SNAPSHOT.jar -Dcover.jar.path=/Users/mnedzelskii/gits/cover/cover-cli/target/cover-service-analyzer-2023.07.02-SNAPSHOT-jar-with-dependencies.jar -Dcom.diffblue.assertionSuggestionJar=/Users/mnedzelskii/gits/cover/cover-cli/target/cover-service-analyzer-2023.07.02-SNAPSHOT-jar-with-dependencies.jar -Dcover.main.class=com.diffblue.cover.service.analyzer.Main -jar /Users/mnedzelskii/gits/cover/cover-cli/target/launcher-2023.07.02-SNAPSHOT-shared-jar.jar --service-lifespan 120 --monitoring-service-port 63094 --index-service-port 63094
13:26:06.426 [INFO]  [Creating] Server started. Waiting up to 300 seconds for a connection to be established...
13:26:06.781 [INFO]  [Creating] Starting new remote monitor client
13:26:07.037 [INFO]  [Creating] Attempting to start remote server.
13:26:07.452 [INFO]  [Creating] Server started, listening on localhost/127.0.0.1:63096
13:26:08.440 [INFO]  [Creating] Expect analyzer service to be listening on port 63096.
13:26:08.999 [INFO]  [Creating] Started analyzer service and client retrieved.
13:26:09.963 [INFO]  [Creating] 
================================================================================
= Creating tests for 'io.gitlab.arturbosch.detekt.authors.RuleAuthorsProvider.<init>:()V, io.gitlab.arturbosch.detekt.authors.RuleAuthorsProvider.getRuleSetId:()Ljava/lang/String;' using 'TrM (!sp, !fnm, df, !ris)'
================================================================================
13:26:19.722 [INFO]  [Creating]      [1/13] io.gitlab.arturbosch.detekt.authors.RuleAuthorsProvider.<init>
13:26:19.722 [INFO]  [Creating]      [2/13] io.gitlab.arturbosch.detekt.authors.RuleAuthorsProvider.getRuleSetId
13:26:19.722 [INFO]  [Creating]      [2/13]   Tests created: 1
13:26:19.723 [INFO]  [Creating] 
================================================================================
= Creating tests for 'io.gitlab.arturbosch.detekt.authors.RuleAuthorsProvider.instance:(Lio/gitlab/arturbosch/detekt/api/Config;)Lio/gitlab/arturbosch/detekt/api/RuleSet;' using 'SiM (!sp, fnm, df, !ris)'
================================================================================
13:26:23.223 [INFO]  [Creating]      [3/13] io.gitlab.arturbosch.detekt.authors.RuleAuthorsProvider.instance
13:26:23.223 [INFO]  [Creating]      [3/13]   R034: Diffblue Cover can't complete test
13:26:23.223 [INFO]  [Creating]      [3/13]     Diffblue Cover was unable to complete the test.
13:26:23.223 [INFO]  [Creating]      [3/13]     Try to increase the number of fuzzing iterations if non-default
13:26:23.223 [INFO]  [Creating]      [3/13]     value is used.
13:26:23.223 [INFO]  [Creating]      [3/13]     See https://diff.blue/R034 for further troubleshooting of this issue.
13:26:23.227 [INFO]  [Creating] [1/3] io.gitlab.arturbosch.detekt.authors.RuleAuthorsProvider
13:26:23.227 [INFO]  [Creating] [1/3]   Tests created: 1
13:26:23.227 [INFO]  [Creating] 
================================================================================
= Starting analysis for class 'io.gitlab.arturbosch.detekt.authors.UseEntityAtName'
================================================================================
13:26:23.227 [INFO]  [Creating] Filtering out non-testable methods...
13:26:23.227 [INFO]  [Creating] Filtering of methods complete. Creating analysis request
13:26:23.227 [INFO]  [Creating] Attempting to get service client, retry 1.
13:26:23.407 [INFO]  [Creating] 
================================================================================
= Creating tests for 'io.gitlab.arturbosch.detekt.authors.UseEntityAtName.getIssue:()Lio/gitlab/arturbosch/detekt/api/Issue;' using 'TrM (!sp, !fnm, df, !ris)'
================================================================================
13:26:23.471 [INFO]  [Creating]      [4/13] io.gitlab.arturbosch.detekt.authors.UseEntityAtName.getIssue
13:26:23.471 [INFO]  [Creating]      [4/13]   R081: Exception in arrange section
13:26:23.471 [INFO]  [Creating]      [4/13]     Diffblue Cover was unable to construct an instance of the class under test using
13:26:23.471 [INFO]  [Creating]      [4/13]     io.gitlab.arturbosch.detekt.authors.UseEntityAtName.<init>().
13:26:23.471 [INFO]  [Creating]      [4/13]     The arrange section threw
13:26:23.471 [INFO]  [Creating]      [4/13]     java.lang.NoClassDefFoundError: Could not initialize class org.jetbrains.kotlin.resolve.BindingContext
13:26:23.471 [INFO]  [Creating]      [4/13]         at io.gitlab.arturbosch.detekt.api.BaseRule.<init>(BaseRule.kt:25)
13:26:23.471 [INFO]  [Creating]      [4/13]         at io.gitlab.arturbosch.detekt.api.Rule.<init>(Rule.kt:23)
13:26:23.471 [INFO]  [Creating]      [4/13]         at io.gitlab.arturbosch.detekt.api.Rule.<init>(Rule.kt:20)
13:26:23.471 [INFO]  [Creating]      [4/13]         at io.gitlab.arturbosch.detekt.authors.UseEntityAtName.<init>(UseEntityAtName.kt:26)
13:26:23.471 [INFO]  [Creating]      [4/13]         at io.gitlab.arturbosch.detekt.authors.UseEntityAtName.<init>(UseEntityAtName.kt:26)
13:26:23.471 [INFO]  [Creating]      [4/13]         at io.gitlab.arturbosch.detekt.authors.UseEntityAtName.<init>(UseEntityAtName.kt)
13:26:23.471 [INFO]  [Creating]      [4/13]     More information about the exception is provided in the support log.
13:26:23.471 [INFO]  [Creating]      [4/13]     See https://diff.blue/R081 for further troubleshooting of this issue.
13:26:23.473 [INFO]  [Creating] 
================================================================================
= Creating tests for 'io.gitlab.arturbosch.detekt.authors.UseEntityAtName.<init>:()V' using 'SiM (!sp, fnm, df, !ris)'
================================================================================
13:26:23.713 [INFO]  [Creating]      [5/13] io.gitlab.arturbosch.detekt.authors.UseEntityAtName.<init>
13:26:23.713 [INFO]  [Creating]      [5/13]   R011: Sandboxing policy violation
13:26:23.713 [INFO]  [Creating]      [5/13]     Diffblue Cover ran code in your project that tried
13:26:23.713 [INFO]  [Creating]      [5/13]       to access 'sun.misc'.
13:26:23.713 [INFO]  [Creating]      [5/13]     Diffblue Cover's default sandboxing policy disallows this in order to prevent
13:26:23.713 [INFO]  [Creating]      [5/13]     your code from damaging your system environment.
13:26:23.713 [INFO]  [Creating]      [5/13]     See https://diff.blue/R011 to resolve this issue.
13:26:23.714 [INFO]  [Creating] 
================================================================================
= Creating tests for 'io.gitlab.arturbosch.detekt.authors.UseEntityAtName.<init>:(Lio/gitlab/arturbosch/detekt/api/Config;)V' using 'SiM (!sp, fnm, df, !ris)'
================================================================================
13:26:26.637 [INFO]  [Creating]      [6/13] io.gitlab.arturbosch.detekt.authors.UseEntityAtName.<init>
13:26:26.640 [INFO]  [Creating]      [6/13]   R013: No inputs found that don't throw a trivial exception
13:26:26.640 [INFO]  [Creating]      [6/13]     Diffblue Cover tried to run the arrange/act section, but the test threw
13:26:26.640 [INFO]  [Creating]      [6/13]     java.lang.NullPointerException: Parameter specified as non-null is null: method io.gitlab.arturbosch.detekt.authors.UseEntityAtName.<init>, parameter config
13:26:26.640 [INFO]  [Creating]      [6/13]         at io.gitlab.arturbosch.detekt.authors.UseEntityAtName.<init>(UseEntityAtName.kt)
13:26:26.640 [INFO]  [Creating]      [6/13]     In order to prevent <init>(Config)
13:26:26.640 [INFO]  [Creating]      [6/13]     from throwing NullPointerException, add constructors or factory
13:26:26.640 [INFO]  [Creating]      [6/13]     methods that make it easier to construct fully initialized objects used in
13:26:26.640 [INFO]  [Creating]      [6/13]     <init>(Config).
13:26:26.640 [INFO]  [Creating]      [6/13]     See https://diff.blue/R013 to resolve this issue.
13:26:26.642 [INFO]  [Creating] 
================================================================================
= Creating tests for 'io.gitlab.arturbosch.detekt.authors.UseEntityAtName.visitCallExpression:(Lorg/jetbrains/kotlin/psi/KtCallExpression;)V' using 'SiM (!sp, fnm, df, !ris)'
================================================================================
13:26:28.934 [INFO]  [Creating]      [7/13] io.gitlab.arturbosch.detekt.authors.UseEntityAtName.visitCallExpression
13:26:28.934 [INFO]  [Creating]      [7/13]   R034: Diffblue Cover can't complete test
13:26:28.934 [INFO]  [Creating]      [7/13]     Diffblue Cover was unable to complete the test.
13:26:28.934 [INFO]  [Creating]      [7/13]     Try to increase the number of fuzzing iterations if non-default
13:26:28.934 [INFO]  [Creating]      [7/13]     value is used.
13:26:28.934 [INFO]  [Creating]      [7/13]     See https://diff.blue/R034 for further troubleshooting of this issue.
13:26:28.937 [INFO]  [Creating] [2/3] io.gitlab.arturbosch.detekt.authors.UseEntityAtName
13:26:28.937 [INFO]  [Creating] [2/3]   Tests created: 0
13:26:28.937 [INFO]  [Creating] 
================================================================================
= Starting analysis for class 'io.gitlab.arturbosch.detekt.authors.ViolatesTypeResolutionRequirements'
================================================================================
13:26:28.937 [INFO]  [Creating] Filtering out non-testable methods...
13:26:28.937 [INFO]  [Creating] Filtering of methods complete. Creating analysis request
13:26:28.937 [INFO]  [Creating] Attempting to get service client, retry 1.
13:26:28.971 [INFO]  [Creating] 
================================================================================
= Creating tests for 'io.gitlab.arturbosch.detekt.authors.ViolatesTypeResolutionRequirements.getIssue:()Lio/gitlab/arturbosch/detekt/api/Issue;' using 'TrM (!sp, !fnm, df, !ris)'
================================================================================
13:26:28.990 [INFO]  [Creating]      [8/13] io.gitlab.arturbosch.detekt.authors.ViolatesTypeResolutionRequirements.getIssue
13:26:28.990 [INFO]  [Creating]      [8/13]   R081: Exception in arrange section
13:26:28.990 [INFO]  [Creating]      [8/13]     Diffblue Cover was unable to construct an instance of the class under test using
13:26:28.990 [INFO]  [Creating]      [8/13]     io.gitlab.arturbosch.detekt.authors.ViolatesTypeResolutionRequirements.<init>().
13:26:28.990 [INFO]  [Creating]      [8/13]     The arrange section threw
13:26:28.990 [INFO]  [Creating]      [8/13]     java.lang.NoClassDefFoundError: Could not initialize class org.jetbrains.kotlin.resolve.BindingContext
13:26:28.991 [INFO]  [Creating]      [8/13]         at io.gitlab.arturbosch.detekt.api.BaseRule.<init>(BaseRule.kt:25)
13:26:28.991 [INFO]  [Creating]      [8/13]         at io.gitlab.arturbosch.detekt.api.Rule.<init>(Rule.kt:23)
13:26:28.991 [INFO]  [Creating]      [8/13]         at io.gitlab.arturbosch.detekt.api.Rule.<init>(Rule.kt:20)
13:26:28.991 [INFO]  [Creating]      [8/13]         at io.gitlab.arturbosch.detekt.authors.ViolatesTypeResolutionRequirements.<init>(ViolatesTypeResolutionRequirements.kt:29)
13:26:28.991 [INFO]  [Creating]      [8/13]         at io.gitlab.arturbosch.detekt.authors.ViolatesTypeResolutionRequirements.<init>(ViolatesTypeResolutionRequirements.kt:29)
13:26:28.991 [INFO]  [Creating]      [8/13]         at io.gitlab.arturbosch.detekt.authors.ViolatesTypeResolutionRequirements.<init>(ViolatesTypeResolutionRequirements.kt)
13:26:28.991 [INFO]  [Creating]      [8/13]     More information about the exception is provided in the support log.
13:26:28.991 [INFO]  [Creating]      [8/13]     See https://diff.blue/R081 for further troubleshooting of this issue.
13:26:28.992 [INFO]  [Creating] 
================================================================================
= Creating tests for 'io.gitlab.arturbosch.detekt.authors.ViolatesTypeResolutionRequirements.<init>:()V' using 'SiM (!sp, fnm, df, !ris)'
================================================================================
13:26:29.085 [INFO]  [Creating]      [9/13] io.gitlab.arturbosch.detekt.authors.ViolatesTypeResolutionRequirements.<init>
13:26:29.085 [INFO]  [Creating]      [9/13]   R011: Sandboxing policy violation
13:26:29.085 [INFO]  [Creating]      [9/13]     Diffblue Cover ran code in your project that tried
13:26:29.085 [INFO]  [Creating]      [9/13]       to access 'sun.misc'.
13:26:29.085 [INFO]  [Creating]      [9/13]     Diffblue Cover's default sandboxing policy disallows this in order to prevent
13:26:29.085 [INFO]  [Creating]      [9/13]     your code from damaging your system environment.
13:26:29.085 [INFO]  [Creating]      [9/13]     See https://diff.blue/R011 to resolve this issue.
13:26:29.086 [INFO]  [Creating] 
================================================================================
= Creating tests for 'io.gitlab.arturbosch.detekt.authors.ViolatesTypeResolutionRequirements.<init>:(Lio/gitlab/arturbosch/detekt/api/Config;)V' using 'SiM (!sp, fnm, df, !ris)'
================================================================================
13:26:29.327 [INFO]  [Creating]     [10/13] io.gitlab.arturbosch.detekt.authors.ViolatesTypeResolutionRequirements.<init>
13:26:29.327 [INFO]  [Creating]     [10/13]   R013: No inputs found that don't throw a trivial exception
13:26:29.327 [INFO]  [Creating]     [10/13]     Diffblue Cover tried to run the arrange/act section, but the test threw
13:26:29.327 [INFO]  [Creating]     [10/13]     java.lang.NullPointerException: Parameter specified as non-null is null: method io.gitlab.arturbosch.detekt.authors.ViolatesTypeResolutionRequirements.<init>, parameter config
13:26:29.327 [INFO]  [Creating]     [10/13]         at io.gitlab.arturbosch.detekt.authors.ViolatesTypeResolutionRequirements.<init>(ViolatesTypeResolutionRequirements.kt)
13:26:29.327 [INFO]  [Creating]     [10/13]     In order to prevent <init>(Config)
13:26:29.327 [INFO]  [Creating]     [10/13]     from throwing NullPointerException, add constructors or factory
13:26:29.327 [INFO]  [Creating]     [10/13]     methods that make it easier to construct fully initialized objects used in
13:26:29.327 [INFO]  [Creating]     [10/13]     <init>(Config).
13:26:29.327 [INFO]  [Creating]     [10/13]     See https://diff.blue/R013 to resolve this issue.
13:26:29.329 [INFO]  [Creating] 
================================================================================
= Creating tests for 'io.gitlab.arturbosch.detekt.authors.ViolatesTypeResolutionRequirements.visitClass:(Lorg/jetbrains/kotlin/psi/KtClass;)V' using 'SiM (!sp, fnm, df, !ris)'
================================================================================
13:26:44.883 [INFO]  [Creating]     [11/13] io.gitlab.arturbosch.detekt.authors.ViolatesTypeResolutionRequirements.visitClass
13:26:44.884 [INFO]  [Creating]     [11/13]   R034: Diffblue Cover can't complete test
13:26:44.884 [INFO]  [Creating]     [11/13]     Diffblue Cover was unable to complete the test.
13:26:44.884 [INFO]  [Creating]     [11/13]     Try to increase the number of fuzzing iterations if non-default
13:26:44.884 [INFO]  [Creating]     [11/13]     value is used.
13:26:44.884 [INFO]  [Creating]     [11/13]     See https://diff.blue/R034 for further troubleshooting of this issue.
13:26:44.886 [INFO]  [Creating] 
================================================================================
= Creating tests for 'io.gitlab.arturbosch.detekt.authors.ViolatesTypeResolutionRequirements.visitKtFile:(Lorg/jetbrains/kotlin/psi/KtFile;)V' using 'SiM (!sp, fnm, df, !ris)'
================================================================================
13:26:45.432 [INFO]  [Creating]     [12/13] io.gitlab.arturbosch.detekt.authors.ViolatesTypeResolutionRequirements.visitKtFile
13:26:45.433 [INFO]  [Creating]     [12/13]   R034: Diffblue Cover can't complete test
13:26:45.433 [INFO]  [Creating]     [12/13]     Diffblue Cover was unable to complete the test.
13:26:45.433 [INFO]  [Creating]     [12/13]     Try to increase the number of fuzzing iterations if non-default
13:26:45.433 [INFO]  [Creating]     [12/13]     value is used.
13:26:45.433 [INFO]  [Creating]     [12/13]     See https://diff.blue/R034 for further troubleshooting of this issue.
13:26:45.433 [INFO]  [Creating] 
================================================================================
= Creating tests for 'io.gitlab.arturbosch.detekt.authors.ViolatesTypeResolutionRequirements.visitReferenceExpression:(Lorg/jetbrains/kotlin/psi/KtReferenceExpression;)V' using 'SiM (!sp, fnm, df, !ris)'
================================================================================
13:26:45.536 [INFO]  [Creating]     [13/13] io.gitlab.arturbosch.detekt.authors.ViolatesTypeResolutionRequirements.visitReferenceExpression
13:26:45.536 [INFO]  [Creating]     [13/13]   Diffblue AI was unable to find a test
13:26:45.538 [INFO]  [Creating] [3/3] io.gitlab.arturbosch.detekt.authors.ViolatesTypeResolutionRequirements
13:26:45.538 [INFO]  [Creating] [3/3]   Tests created: 0
13:26:45.543 [INFO]  [Reporting] 
13:26:45.544 [INFO]  [Reporting] Summary:
13:26:45.544 [INFO]  [Reporting] --------
13:26:45.544 [INFO]  [Reporting] Total:                                              13 methods
13:26:45.544 [INFO]  [Reporting] 1 test created for:                                  2 methods
13:26:45.544 [INFO]  [Reporting] 
13:26:45.544 [INFO]  [Reporting] No tests created for:                               11 methods
13:26:45.544 [INFO]  [Reporting]     4 R034: Diffblue Cover can't complete test
13:26:45.544 [INFO]  [Reporting]     2 R011: Sandboxing policy violation
13:26:45.544 [INFO]  [Reporting]     2 R013: No inputs found that don't throw a trivial exception
13:26:45.544 [INFO]  [Reporting]     2 R081: Exception in arrange section
13:26:45.624 [INFO]  [Validating] 
13:26:45.624 [INFO]  [Validating] Running validation command.
13:26:45.627 [INFO]  [Validating] Running: Using JAVA_HOME: /Users/mnedzelskii/.sdkman/candidates/java/current : in /Users/mnedzelskii/gits/detekt/detekt-rules-ruleauthors : gradle test -i  
13:26:46.120 [INFO]  [Validating] Standard output of build tool (Gradle)
13:26:46.120 [INFO]  [Validating] > The client will now receive all logging from the daemon (pid: 15147). The daemon log file: /Users/mnedzelskii/.gradle/daemon/8.2/daemon-15147.out.log
13:26:46.120 [INFO]  [Validating] > Starting 139th build in daemon [uptime: 3 hrs 22 mins 10.001 secs, performance: 100%, GC rate: 0.00/s, heap usage: 0% of 8 GiB]
13:26:46.120 [INFO]  [Validating] > Closing daemon's stdin at end of input.
13:26:46.120 [INFO]  [Validating] > The daemon will no longer process any standard input.
13:26:46.120 [INFO]  [Validating] > Using 10 worker leases.
13:26:46.120 [INFO]  [Validating] > Now considering [/Users/mnedzelskii/gits/detekt, /Users/mnedzelskii/gits/detekt/detekt-gradle-plugin, /Users/mnedzelskii/gits/detekt/build-logic] as hierarchies to watch
13:26:46.120 [INFO]  [Validating] > Now considering [/Users/mnedzelskii/gits/detekt/build-logic, /Users/mnedzelskii/gits/detekt, /Users/mnedzelskii/gits/detekt/detekt-gradle-plugin] as hierarchies to watch
13:26:46.120 [INFO]  [Validating] > Now considering [/Users/mnedzelskii/gits/detekt/detekt-gradle-plugin, /Users/mnedzelskii/gits/detekt/build-logic, /Users/mnedzelskii/gits/detekt] as hierarchies to watch
13:26:46.120 [INFO]  [Validating] > Reusing configuration cache.
13:26:46.120 [INFO]  [Validating] > Now considering [/Users/mnedzelskii/gits/detekt, /Users/mnedzelskii/gits/detekt/detekt-gradle-plugin, /Users/mnedzelskii/gits/detekt/build-logic] as hierarchies to watch
13:26:46.120 [INFO]  [Validating] > Watching the file system is configured to be enabled if available
13:26:46.120 [INFO]  [Validating] > File system watching is active
13:26:46.120 [INFO]  [Validating] > Using local directory build cache for the root build (location = /Users/mnedzelskii/.gradle/caches/build-cache-1, removeUnusedEntriesAfter = 7 days).
13:26:46.120 [INFO]  [Validating] > Using remote HTTP build cache for the root build (pull-only, allowInsecureProtocol = false, allowUntrustedServer = false, authenticated = false, url = https://ge.detekt.dev/cache/, useExpectContinue = false).
13:26:46.120 [INFO]  [Validating] > Tasks to be executed: [task ':detekt-rules-ruleauthors:sourcesJar', task ':detekt-psi-utils:compileKotlin', task ':detekt-psi-utils:compileJava', task ':detekt-utils:compileKotlin', task ':detekt-utils:compileJava', task ':detekt-api:compileKotlin', task ':detekt-api:compileJava', task ':detekt-api:processResources', task ':detekt-api:classes', task ':detekt-api:jar', task ':detekt-metrics:compileKotlin', task ':detekt-metrics:compileJava', task ':detekt-parser:compileKotlin', task ':detekt-parser:compileJava', task ':detekt-report-html:compileKotlin', task ':detekt-report-html:compileJava', task ':detekt-report-md:compileKotlin', task ':detekt-report-md:compileJava', task ':detekt-tooling:compileKotlin', task ':detekt-tooling:compileJava', task ':detekt-report-sarif:compileKotlin', task ':detekt-report-sarif:compileJava', task ':detekt-report-txt:compileKotlin', task ':detekt-report-txt:compileJava', task ':detekt-report-xml:compileKotlin', task ':detekt-report-xml:compileJava', task ':detekt-core:compileKotlin', task ':detekt-core:compileJava', task ':detekt-core:processResources', task ':detekt-core:classes', task ':detekt-core:jar', task ':detekt-metrics:processResources', task ':detekt-metrics:classes', task ':detekt-metrics:jar', task ':detekt-parser:processResources', task ':detekt-parser:classes', task ':detekt-parser:jar', task ':detekt-psi-utils:processResources', task ':detekt-psi-utils:classes', task ':detekt-psi-utils:jar', task ':detekt-report-html:processResources', task ':detekt-report-html:classes', task ':detekt-report-html:jar', task ':detekt-report-md:processResources', task ':detekt-report-md:classes', task ':detekt-report-md:jar', task ':detekt-report-sarif:processResources', task ':detekt-report-sarif:classes', task ':detekt-report-sarif:jar', task ':detekt-report-txt:processResources', task ':detekt-report-txt:classes', task ':detekt-report-txt:jar', task ':detekt-report-xml:processResources', task ':detekt-report-xml:classes', task ':detekt-report-xml:jar', task ':detekt-rules-ruleauthors:compileKotlin', task ':detekt-rules-ruleauthors:compileJava', task ':detekt-cli:compileKotlin', task ':detekt-cli:compileJava', task ':detekt-cli:processResources', task ':detekt-cli:classes', task ':detekt-cli:jar', task ':detekt-generator:compileKotlin', task ':detekt-generator:compileJava', task ':detekt-generator:processResources', task ':detekt-generator:classes', task ':detekt-rules:compileKotlin', task ':detekt-rules:compileJava', task ':detekt-rules:processResources', task ':detekt-rules:classes', task ':detekt-rules:jar', task ':detekt-rules-complexity:compileKotlin', task ':detekt-rules-complexity:compileJava', task ':detekt-rules-complexity:processResources', task ':detekt-rules-complexity:classes', task ':detekt-rules-complexity:jar', task ':detekt-rules-coroutines:compileKotlin', task ':detekt-rules-coroutines:compileJava', task ':detekt-rules-coroutines:processResources', task ':detekt-rules-coroutines:classes', task ':detekt-rules-coroutines:jar', task ':detekt-rules-documentation:compileKotlin', task ':detekt-rules-documentation:compileJava', task ':detekt-rules-documentation:processResources', task ':detekt-rules-documentation:classes', task ':detekt-rules-documentation:jar', task ':detekt-rules-empty:compileKotlin', task ':detekt-rules-empty:compileJava', task ':detekt-rules-empty:processResources', task ':detekt-rules-empty:classes', task ':detekt-rules-empty:jar', task ':detekt-rules-errorprone:compileKotlin', task ':detekt-rules-errorprone:compileJava', task ':detekt-rules-errorprone:processResources', task ':detekt-rules-errorprone:classes', task ':detekt-rules-errorprone:jar', task ':detekt-rules-exceptions:compileKotlin', task ':detekt-rules-exceptions:compileJava', task ':detekt-rules-exceptions:processResources', task ':detekt-rules-exceptions:classes', task ':detekt-rules-exceptions:jar', task ':detekt-rules-libraries:sourcesJar', task ':detekt-rules-naming:compileKotlin', task ':detekt-rules-naming:compileJava', task ':detekt-rules-naming:processResources', task ':detekt-rules-naming:classes', task ':detekt-rules-naming:jar', task ':detekt-rules-performance:compileKotlin', task ':detekt-rules-performance:compileJava', task ':detekt-rules-performance:processResources', task ':detekt-rules-performance:classes', task ':detekt-rules-performance:jar', task ':detekt-rules-style:compileKotlin', task ':detekt-rules-style:compileJava', task ':detekt-rules-style:processResources', task ':detekt-rules-style:classes', task ':detekt-rules-style:jar', task ':detekt-tooling:processResources', task ':detekt-tooling:classes', task ':detekt-tooling:jar', task ':detekt-utils:processResources', task ':detekt-utils:classes', task ':detekt-utils:jar', task ':detekt-generator:generateDocumentation', task ':detekt-rules-ruleauthors:processResources', task ':detekt-rules-ruleauthors:classes', task ':detekt-test-utils:compileKotlin', task ':detekt-test-utils:compileJava', task ':detekt-test:compileKotlin', task ':detekt-test:compileJava', task ':detekt-rules-ruleauthors:compileTestKotlin', task ':detekt-rules-ruleauthors:compileTestJava', task ':detekt-rules-ruleauthors:processTestResources', task ':detekt-rules-ruleauthors:testClasses', task ':detekt-test:processResources', task ':detekt-test:classes', task ':detekt-test:jar', task ':detekt-test-utils:processResources', task ':detekt-test-utils:classes', task ':detekt-test-utils:jar', task ':detekt-rules-ruleauthors:test']
13:26:46.120 [INFO]  [Validating] > Tasks that were excluded: []
13:26:46.120 [INFO]  [Validating] > Resolve mutations for :detekt-rules-ruleauthors:sourcesJar (Thread[Execution worker,5,main]) started.
13:26:46.120 [INFO]  [Validating] > Resolve mutations for :detekt-psi-utils:compileKotlin (Thread[Execution worker Thread 2,5,main]) started.
13:26:46.120 [INFO]  [Validating] > Resolve mutations for :detekt-utils:compileKotlin (Thread[Execution worker Thread 3,5,main]) started.
13:26:46.120 [INFO]  [Validating] > Resolve mutations for :detekt-api:processResources (Thread[Execution worker Thread 4,5,main]) started.
13:26:46.120 [INFO]  [Validating] > :detekt-rules-ruleauthors:sourcesJar (Thread[Execution worker,5,main]) started.
13:26:46.120 [INFO]  [Validating] > Resolve mutations for :detekt-core:processResources (Thread[Execution worker Thread 5,5,main]) started.
13:26:46.120 [INFO]  [Validating] > :detekt-api:processResources (Thread[Execution worker Thread 4,5,main]) started.
13:26:46.120 [INFO]  [Validating] > :detekt-psi-utils:compileKotlin (Thread[Execution worker Thread 2,5,main]) started.
13:26:46.120 [INFO]  [Validating] > :detekt-core:processResources (Thread[Execution worker Thread 5,5,main]) started.
13:26:46.120 [INFO]  [Validating] > :detekt-utils:compileKotlin (Thread[Execution worker Thread 3,5,main]) started.
13:26:46.120 [INFO]  [Validating] > Resolve mutations for :detekt-metrics:processResources (Thread[Execution worker Thread 6,5,main]) started.
13:26:46.120 [INFO]  [Validating] > Resolve mutations for :detekt-parser:processResources (Thread[Execution worker Thread 7,5,main]) started.
13:26:46.120 [INFO]  [Validating] > Resolve mutations for :detekt-psi-utils:processResources (Thread[Execution worker Thread 8,5,main]) started.
13:26:46.120 [INFO]  [Validating] > :detekt-metrics:processResources (Thread[Execution worker Thread 6,5,main]) started.
13:26:46.120 [INFO]  [Validating] > Resolve mutations for :detekt-report-html:processResources (Thread[included builds,5,main]) started.
13:26:46.120 [INFO]  [Validating] > :detekt-psi-utils:processResources (Thread[Execution worker Thread 8,5,main]) started.
13:26:46.120 [INFO]  [Validating] > :detekt-parser:processResources (Thread[Execution worker Thread 7,5,main]) started.
13:26:46.120 [INFO]  [Validating] > :detekt-report-html:processResources (Thread[included builds,5,main]) started.
13:26:46.121 [INFO]  [Validating] > Resolve mutations for :detekt-report-md:processResources (Thread[Execution worker Thread 9,5,main]) started.
13:26:46.121 [INFO]  [Validating] > :detekt-report-md:processResources (Thread[Execution worker Thread 9,5,main]) started.
13:26:46.121 [INFO]  [Validating] > 
13:26:46.121 [INFO]  [Validating] > > Task :detekt-metrics:processResources NO-SOURCE
13:26:46.121 [INFO]  [Validating] > Skipping task ':detekt-metrics:processResources' as it has no source files and no previous output files.
13:26:46.121 [INFO]  [Validating] > 
13:26:46.121 [INFO]  [Validating] > > Task :detekt-parser:processResources NO-SOURCE
13:26:46.121 [INFO]  [Validating] > Skipping task ':detekt-parser:processResources' as it has no source files and no previous output files.
13:26:46.121 [INFO]  [Validating] > Resolve mutations for :detekt-report-sarif:processResources (Thread[Execution worker Thread 6,5,main]) started.
13:26:46.121 [INFO]  [Validating] > Resolve mutations for :detekt-report-txt:processResources (Thread[Execution worker Thread 7,5,main]) started.
13:26:46.121 [INFO]  [Validating] > :detekt-report-txt:processResources (Thread[Execution worker Thread 7,5,main]) started.
13:26:46.121 [INFO]  [Validating] > 
13:26:46.121 [INFO]  [Validating] > > Task :detekt-api:processResources NO-SOURCE
13:26:46.121 [INFO]  [Validating] > Skipping task ':detekt-api:processResources' as it has no source files and no previous output files.
13:26:46.121 [INFO]  [Validating] > :detekt-report-sarif:processResources (Thread[Execution worker Thread 6,5,main]) started.
13:26:46.121 [INFO]  [Validating] > Resolve mutations for :detekt-report-xml:processResources (Thread[Execution worker Thread 4,5,main]) started.
13:26:46.121 [INFO]  [Validating] > :detekt-report-xml:processResources (Thread[Execution worker Thread 4,5,main]) started.
13:26:46.121 [INFO]  [Validating] > 
13:26:46.121 [INFO]  [Validating] > > Task :detekt-core:processResources UP-TO-DATE
13:26:46.121 [INFO]  [Validating] > Caching disabled for task ':detekt-core:processResources' because:
13:26:46.121 [INFO]  [Validating] >   Not worth caching
13:26:46.121 [INFO]  [Validating] > Skipping task ':detekt-core:processResources' as it is up-to-date.
13:26:46.121 [INFO]  [Validating] > 
13:26:46.121 [INFO]  [Validating] > > Task :detekt-psi-utils:processResources NO-SOURCE
13:26:46.121 [INFO]  [Validating] > Skipping task ':detekt-psi-utils:processResources' as it has no source files and no previous output files.
13:26:46.121 [INFO]  [Validating] > Resolve mutations for :detekt-cli:processResources (Thread[Execution worker Thread 5,5,main]) started.
13:26:46.121 [INFO]  [Validating] > 
13:26:46.121 [INFO]  [Validating] > > Task :detekt-report-md:processResources UP-TO-DATE
13:26:46.121 [INFO]  [Validating] > Caching disabled for task ':detekt-report-md:processResources' because:
13:26:46.121 [INFO]  [Validating] >   Not worth caching
13:26:46.121 [INFO]  [Validating] > Skipping task ':detekt-report-md:processResources' as it is up-to-date.
13:26:46.121 [INFO]  [Validating] > :detekt-cli:processResources (Thread[Execution worker Thread 5,5,main]) started.
13:26:46.121 [INFO]  [Validating] > 
13:26:46.121 [INFO]  [Validating] > > Task :detekt-report-html:processResources UP-TO-DATE
13:26:46.121 [INFO]  [Validating] > Caching disabled for task ':detekt-report-html:processResources' because:
13:26:46.121 [INFO]  [Validating] >   Not worth caching
13:26:46.121 [INFO]  [Validating] > Skipping task ':detekt-report-html:processResources' as it is up-to-date.
13:26:46.121 [INFO]  [Validating] > Resolve mutations for :detekt-rules:compileKotlin (Thread[Execution worker Thread 9,5,main]) started.
13:26:46.121 [INFO]  [Validating] > Resolve mutations for :detekt-generator:processResources (Thread[Execution worker Thread 8,5,main]) started.
13:26:46.121 [INFO]  [Validating] > 
13:26:46.121 [INFO]  [Validating] > > Task :detekt-report-txt:processResources UP-TO-DATE
13:26:46.121 [INFO]  [Validating] > Caching disabled for task ':detekt-report-txt:processResources' because:
13:26:46.121 [INFO]  [Validating] >   Not worth caching
13:26:46.121 [INFO]  [Validating] > Skipping task ':detekt-report-txt:processResources' as it is up-to-date.
13:26:46.121 [INFO]  [Validating] > Resolve mutations for :detekt-rules-complexity:processResources (Thread[Execution worker Thread 7,5,main]) started.
13:26:46.121 [INFO]  [Validating] > Resolve mutations for :detekt-rules:processResources (Thread[included builds,5,main]) started.
13:26:46.121 [INFO]  [Validating] > :detekt-rules:processResources (Thread[included builds,5,main]) started.
13:26:46.121 [INFO]  [Validating] > 
13:26:46.121 [INFO]  [Validating] > > Task :detekt-report-sarif:processResources UP-TO-DATE
13:26:46.121 [INFO]  [Validating] > Caching disabled for task ':detekt-report-sarif:processResources' because:
13:26:46.121 [INFO]  [Validating] >   Not worth caching
13:26:46.121 [INFO]  [Validating] > Skipping task ':detekt-report-sarif:processResources' as it is up-to-date.
13:26:46.121 [INFO]  [Validating] > 
13:26:46.121 [INFO]  [Validating] > > Task :detekt-report-xml:processResources UP-TO-DATE
13:26:46.121 [INFO]  [Validating] > Caching disabled for task ':detekt-report-xml:processResources' because:
13:26:46.121 [INFO]  [Validating] >   Not worth caching
13:26:46.121 [INFO]  [Validating] > Skipping task ':detekt-report-xml:processResources' as it is up-to-date.
13:26:46.121 [INFO]  [Validating] > :detekt-rules-complexity:processResources (Thread[Execution worker Thread 7,5,main]) started.
13:26:46.121 [INFO]  [Validating] > :detekt-generator:processResources (Thread[Execution worker Thread 8,5,main]) started.
13:26:46.121 [INFO]  [Validating] > :detekt-rules:compileKotlin (Thread[Execution worker Thread 9,5,main]) started.
13:26:46.121 [INFO]  [Validating] > 
13:26:46.121 [INFO]  [Validating] > > Task :detekt-utils:compileKotlin UP-TO-DATE
13:26:46.121 [INFO]  [Validating] > Transforming kotlin-stdlib-jdk8-1.8.22.jar with ClasspathEntrySnapshotTransform
13:26:46.121 [INFO]  [Validating] > Transforming kotlin-stdlib-jdk7-1.8.22.jar with ClasspathEntrySnapshotTransform
13:26:46.121 [INFO]  [Validating] > Transforming kotlin-stdlib-1.8.22.jar with ClasspathEntrySnapshotTransform
13:26:46.121 [INFO]  [Validating] > Transforming kotlin-stdlib-common-1.8.22.jar with ClasspathEntrySnapshotTransform
13:26:46.121 [INFO]  [Validating] > Transforming annotations-13.0.jar with ClasspathEntrySnapshotTransform
13:26:46.121 [INFO]  [Validating] > Build cache key for task ':detekt-utils:compileKotlin' is 4bc3c8215f701e9ef21d31281b92246d
13:26:46.121 [INFO]  [Validating] > Skipping task ':detekt-utils:compileKotlin' as it is up-to-date.
13:26:46.121 [INFO]  [Validating] > Resolve mutations for :detekt-rules-documentation:processResources (Thread[Execution worker Thread 4,5,main]) started.
13:26:46.121 [INFO]  [Validating] > Resolve mutations for :detekt-rules-coroutines:processResources (Thread[Execution worker Thread 6,5,main]) started.
13:26:46.121 [INFO]  [Validating] > work action resolve main (project :detekt-utils) (Thread[Execution worker Thread 4,5,main]) started.
13:26:46.121 [INFO]  [Validating] > 
13:26:46.121 [INFO]  [Validating] > > Task :detekt-cli:processResources UP-TO-DATE
13:26:46.121 [INFO]  [Validating] > Caching disabled for task ':detekt-cli:processResources' because:
13:26:46.121 [INFO]  [Validating] >   Not worth caching
13:26:46.121 [INFO]  [Validating] > Skipping task ':detekt-cli:processResources' as it is up-to-date.
13:26:46.121 [INFO]  [Validating] > :detekt-rules-coroutines:processResources (Thread[Execution worker Thread 6,5,main]) started.
13:26:46.121 [INFO]  [Validating] > Resolve mutations for :detekt-rules-empty:processResources (Thread[Execution worker Thread 5,5,main]) started.
13:26:46.121 [INFO]  [Validating] > :detekt-rules-empty:processResources (Thread[Execution worker Thread 5,5,main]) started.
13:26:46.121 [INFO]  [Validating] > :detekt-rules-documentation:processResources (Thread[Execution worker Thread 4,5,main]) started.
13:26:46.121 [INFO]  [Validating] > Resolve mutations for :detekt-utils:compileJava (Thread[Execution worker Thread 3,5,main]) started.
13:26:46.121 [INFO]  [Validating] > 
13:26:46.121 [INFO]  [Validating] > > Task :detekt-rules:processResources NO-SOURCE
13:26:46.121 [INFO]  [Validating] > Skipping task ':detekt-rules:processResources' as it has no source files and no previous output files.
13:26:46.121 [INFO]  [Validating] > 
13:26:46.121 [INFO]  [Validating] > > Task :detekt-rules-complexity:processResources UP-TO-DATE
13:26:46.121 [INFO]  [Validating] > Caching disabled for task ':detekt-rules-complexity:processResources' because:
13:26:46.121 [INFO]  [Validating] >   Not worth caching
13:26:46.121 [INFO]  [Validating] > Skipping task ':detekt-rules-complexity:processResources' as it is up-to-date.
13:26:46.121 [INFO]  [Validating] > 
13:26:46.121 [INFO]  [Validating] > > Task :detekt-generator:processResources NO-SOURCE
13:26:46.121 [INFO]  [Validating] > Skipping task ':detekt-generator:processResources' as it has no source files and no previous output files.
13:26:46.121 [INFO]  [Validating] > Resolve mutations for :detekt-rules-libraries:sourcesJar (Thread[Execution worker Thread 8,5,main]) started.
13:26:46.121 [INFO]  [Validating] > 
13:26:46.121 [INFO]  [Validating] > > Task :detekt-rules:compileKotlin NO-SOURCE
13:26:46.121 [INFO]  [Validating] > Skipping task ':detekt-rules:compileKotlin' as it has no source files and no previous output files.
13:26:46.121 [INFO]  [Validating] > Resolve mutations for :detekt-rules:compileJava (Thread[Execution worker Thread 9,5,main]) started.
13:26:46.121 [INFO]  [Validating] > 
13:26:46.121 [INFO]  [Validating] > > Task :detekt-rules-ruleauthors:sourcesJar UP-TO-DATE
13:26:46.121 [INFO]  [Validating] > Caching disabled for task ':detekt-rules-ruleauthors:sourcesJar' because:
13:26:46.121 [INFO]  [Validating] >   Not worth caching
13:26:46.121 [INFO]  [Validating] > Skipping task ':detekt-rules-ruleauthors:sourcesJar' as it is up-to-date.
13:26:46.121 [INFO]  [Validating] > 
13:26:46.121 [INFO]  [Validating] > > Task :detekt-rules-empty:processResources UP-TO-DATE
13:26:46.121 [INFO]  [Validating] > Caching disabled for task ':detekt-rules-empty:processResources' because:
13:26:46.121 [INFO]  [Validating] >   Not worth caching
13:26:46.122 [INFO]  [Validating] > Skipping task ':detekt-rules-empty:processResources' as it is up-to-date.
13:26:46.122 [INFO]  [Validating] > :detekt-utils:compileJava (Thread[Execution worker Thread 3,5,main]) started.
13:26:46.122 [INFO]  [Validating] > Resolve mutations for :detekt-rules-performance:processResources (Thread[Execution worker Thread 5,5,main]) started.
13:26:46.122 [INFO]  [Validating] > Resolve mutations for :detekt-rules-exceptions:processResources (Thread[Execution worker Thread 7,5,main]) started.
13:26:46.122 [INFO]  [Validating] > Resolve mutations for :detekt-rules-errorprone:processResources (Thread[included builds,5,main]) started.
13:26:46.122 [INFO]  [Validating] > :detekt-rules-performance:processResources (Thread[Execution worker Thread 5,5,main]) started.
13:26:46.122 [INFO]  [Validating] > :detekt-rules-exceptions:processResources (Thread[Execution worker Thread 7,5,main]) started.
13:26:46.122 [INFO]  [Validating] > :detekt-rules-libraries:sourcesJar (Thread[Execution worker Thread 8,5,main]) started.
13:26:46.122 [INFO]  [Validating] > :detekt-rules:compileJava (Thread[Execution worker Thread 9,5,main]) started.
13:26:46.122 [INFO]  [Validating] > 
13:26:46.122 [INFO]  [Validating] > > Task :detekt-utils:compileJava NO-SOURCE
13:26:46.122 [INFO]  [Validating] > Skipping task ':detekt-utils:compileJava' as it has no source files and no previous output files.
13:26:46.122 [INFO]  [Validating] > Resolve mutations for :detekt-rules-naming:processResources (Thread[Execution worker,5,main]) started.
13:26:46.122 [INFO]  [Validating] > work action resolve main (project :detekt-utils) (Thread[Execution worker Thread 3,5,main]) started.
13:26:46.122 [INFO]  [Validating] > 
13:26:46.122 [INFO]  [Validating] > > Task :detekt-rules-coroutines:processResources UP-TO-DATE
13:26:46.122 [INFO]  [Validating] > Caching disabled for task ':detekt-rules-coroutines:processResources' because:
13:26:46.122 [INFO]  [Validating] >   Not worth caching
13:26:46.122 [INFO]  [Validating] > Skipping task ':detekt-rules-coroutines:processResources' as it is up-to-date.
13:26:46.122 [INFO]  [Validating] > Resolve mutations for :detekt-rules-style:processResources (Thread[Execution worker Thread 6,5,main]) started.
13:26:46.122 [INFO]  [Validating] > 
13:26:46.122 [INFO]  [Validating] > > Task :detekt-psi-utils:compileKotlin UP-TO-DATE
13:26:46.122 [INFO]  [Validating] > Transforming kotlin-compiler-embeddable-1.8.22.jar with ClasspathEntrySnapshotTransform
13:26:46.122 [INFO]  [Validating] > Transforming kotlin-stdlib-jdk8-1.8.22.jar with ClasspathEntrySnapshotTransform
13:26:46.122 [INFO]  [Validating] > Transforming kotlin-stdlib-jdk7-1.8.22.jar with ClasspathEntrySnapshotTransform
13:26:46.122 [INFO]  [Validating] > Transforming kotlin-stdlib-1.8.22.jar with ClasspathEntrySnapshotTransform
13:26:46.122 [INFO]  [Validating] > Transforming kotlin-stdlib-common-1.8.22.jar with ClasspathEntrySnapshotTransform
13:26:46.122 [INFO]  [Validating] > Transforming annotations-13.0.jar with ClasspathEntrySnapshotTransform
13:26:46.122 [INFO]  [Validating] > Build cache key for task ':detekt-psi-utils:compileKotlin' is c72e17ff81c85e7351df478815002d0c
13:26:46.122 [INFO]  [Validating] > Skipping task ':detekt-psi-utils:compileKotlin' as it is up-to-date.
13:26:46.122 [INFO]  [Validating] > Resolve mutations for :detekt-psi-utils:compileJava (Thread[Execution worker Thread 2,5,main]) started.
13:26:46.122 [INFO]  [Validating] > :detekt-rules-errorprone:processResources (Thread[included builds,5,main]) started.
13:26:46.122 [INFO]  [Validating] > :detekt-psi-utils:compileJava (Thread[Execution worker Thread 2,5,main]) started.
13:26:46.122 [INFO]  [Validating] > work action resolve main (project :detekt-psi-utils) (Thread[Execution worker Thread 6,5,main]) started.
13:26:46.122 [INFO]  [Validating] > 
13:26:46.122 [INFO]  [Validating] > > Task :detekt-rules-documentation:processResources UP-TO-DATE
13:26:46.122 [INFO]  [Validating] > Caching disabled for task ':detekt-rules-documentation:processResources' because:
13:26:46.122 [INFO]  [Validating] >   Not worth caching
13:26:46.122 [INFO]  [Validating] > Skipping task ':detekt-rules-documentation:processResources' as it is up-to-date.
13:26:46.122 [INFO]  [Validating] > :detekt-rules-style:processResources (Thread[Execution worker Thread 6,5,main]) started.
13:26:46.122 [INFO]  [Validating] > 
13:26:46.122 [INFO]  [Validating] > > Task :detekt-rules:compileJava NO-SOURCE
13:26:46.122 [INFO]  [Validating] > Skipping task ':detekt-rules:compileJava' as it has no source files and no previous output files.
13:26:46.122 [INFO]  [Validating] > :detekt-rules-naming:processResources (Thread[Execution worker,5,main]) started.
13:26:46.122 [INFO]  [Validating] > work action resolve main (project :detekt-utils) (Thread[Execution worker Thread 3,5,main]) started.
13:26:46.122 [INFO]  [Validating] > Resolve mutations for :detekt-rules:classes (Thread[Execution worker Thread 9,5,main]) started.
13:26:46.122 [INFO]  [Validating] > Resolve mutations for :detekt-tooling:processResources (Thread[Execution worker Thread 4,5,main]) started.
13:26:46.122 [INFO]  [Validating] > 
13:26:46.122 [INFO]  [Validating] > > Task :detekt-rules-performance:processResources UP-TO-DATE
13:26:46.122 [INFO]  [Validating] > Caching disabled for task ':detekt-rules-performance:processResources' because:
13:26:46.122 [INFO]  [Validating] >   Not worth caching
13:26:46.122 [INFO]  [Validating] > Skipping task ':detekt-rules-performance:processResources' as it is up-to-date.
13:26:46.122 [INFO]  [Validating] > :detekt-tooling:processResources (Thread[Execution worker Thread 4,5,main]) started.
13:26:46.122 [INFO]  [Validating] > 
13:26:46.122 [INFO]  [Validating] > > Task :detekt-rules-style:processResources UP-TO-DATE
13:26:46.122 [INFO]  [Validating] > Caching disabled for task ':detekt-rules-style:processResources' because:
13:26:46.122 [INFO]  [Validating] >   Not worth caching
13:26:46.122 [INFO]  [Validating] > Skipping task ':detekt-rules-style:processResources' as it is up-to-date.
13:26:46.122 [INFO]  [Validating] > Resolve mutations for :detekt-test:processResources (Thread[Execution worker Thread 6,5,main]) started.
13:26:46.122 [INFO]  [Validating] > :detekt-rules:classes (Thread[Execution worker Thread 9,5,main]) started.
13:26:46.122 [INFO]  [Validating] > :detekt-test:processResources (Thread[Execution worker Thread 6,5,main]) started.
13:26:46.122 [INFO]  [Validating] > 
13:26:46.122 [INFO]  [Validating] > > Task :detekt-psi-utils:compileJava NO-SOURCE
13:26:46.122 [INFO]  [Validating] > Skipping task ':detekt-psi-utils:compileJava' as it has no source files and no previous output files.
13:26:46.122 [INFO]  [Validating] > Resolve mutations for :detekt-utils:processResources (Thread[Execution worker Thread 3,5,main]) started.
13:26:46.122 [INFO]  [Validating] > work action resolve main (project :detekt-psi-utils) (Thread[Execution worker Thread 2,5,main]) started.
13:26:46.122 [INFO]  [Validating] > work action resolve main (project :detekt-psi-utils) (Thread[Execution worker Thread 2,5,main]) started.
13:26:46.122 [INFO]  [Validating] > Resolve mutations for :detekt-rules-ruleauthors:processTestResources (Thread[Execution worker Thread 5,5,main]) started.
13:26:46.122 [INFO]  [Validating] > Resolve mutations for :detekt-parser:compileKotlin (Thread[Execution worker Thread 5,5,main]) started.
13:26:46.122 [INFO]  [Validating] > 
13:26:46.122 [INFO]  [Validating] > > Task :detekt-rules-exceptions:processResources UP-TO-DATE
13:26:46.122 [INFO]  [Validating] > Caching disabled for task ':detekt-rules-exceptions:processResources' because:
13:26:46.122 [INFO]  [Validating] >   Not worth caching
13:26:46.122 [INFO]  [Validating] > Skipping task ':detekt-rules-exceptions:processResources' as it is up-to-date.
13:26:46.122 [INFO]  [Validating] > 
13:26:46.122 [INFO]  [Validating] > > Task :detekt-rules:classes UP-TO-DATE
13:26:46.122 [INFO]  [Validating] > Skipping task ':detekt-rules:classes' as it has no actions.
13:26:46.122 [INFO]  [Validating] > 
13:26:46.122 [INFO]  [Validating] > > Task :detekt-rules-errorprone:processResources UP-TO-DATE
13:26:46.122 [INFO]  [Validating] > Caching disabled for task ':detekt-rules-errorprone:processResources' because:
13:26:46.122 [INFO]  [Validating] >   Not worth caching
13:26:46.122 [INFO]  [Validating] > Skipping task ':detekt-rules-errorprone:processResources' as it is up-to-date.
13:26:46.122 [INFO]  [Validating] > :detekt-parser:compileKotlin (Thread[Execution worker Thread 5,5,main]) started.
13:26:46.122 [INFO]  [Validating] > 
13:26:46.122 [INFO]  [Validating] > > Task :detekt-tooling:processResources NO-SOURCE
13:26:46.122 [INFO]  [Validating] > Skipping task ':detekt-tooling:processResources' as it has no source files and no previous output files.
13:26:46.122 [INFO]  [Validating] > Resolve mutations for :detekt-api:compileKotlin (Thread[Execution worker Thread 2,5,main]) started.
13:26:46.122 [INFO]  [Validating] > Resolve mutations for :detekt-psi-utils:classes (Thread[Execution worker Thread 3,5,main]) started.
13:26:46.122 [INFO]  [Validating] > Resolve mutations for :detekt-test-utils:processResources (Thread[Execution worker Thread 4,5,main]) started.
13:26:46.122 [INFO]  [Validating] > :detekt-api:compileKotlin (Thread[Execution worker Thread 2,5,main]) started.
13:26:46.122 [INFO]  [Validating] > :detekt-rules-ruleauthors:processTestResources (Thread[included builds,5,main]) started.
13:26:46.122 [INFO]  [Validating] > Resolve mutations for :detekt-rules:jar (Thread[Execution worker Thread 9,5,main]) started.
13:26:46.122 [INFO]  [Validating] > :detekt-utils:processResources (Thread[Execution worker Thread 7,5,main]) started.
13:26:46.122 [INFO]  [Validating] > 
13:26:46.122 [INFO]  [Validating] > > Task :detekt-rules-ruleauthors:processTestResources NO-SOURCE
13:26:46.122 [INFO]  [Validating] > Skipping task ':detekt-rules-ruleauthors:processTestResources' as it has no source files and no previous output files.
13:26:46.122 [INFO]  [Validating] > 
13:26:46.122 [INFO]  [Validating] > > Task :detekt-rules-naming:processResources UP-TO-DATE
13:26:46.122 [INFO]  [Validating] > Caching disabled for task ':detekt-rules-naming:processResources' because:
13:26:46.122 [INFO]  [Validating] >   Not worth caching
13:26:46.122 [INFO]  [Validating] > Skipping task ':detekt-rules-naming:processResources' as it is up-to-date.
13:26:46.122 [INFO]  [Validating] > :detekt-test-utils:processResources (Thread[Execution worker Thread 4,5,main]) started.
13:26:46.122 [INFO]  [Validating] > :detekt-psi-utils:classes (Thread[Execution worker Thread 3,5,main]) started.
13:26:46.122 [INFO]  [Validating] > 
13:26:46.122 [INFO]  [Validating] > > Task :detekt-test:processResources NO-SOURCE
13:26:46.122 [INFO]  [Validating] > Skipping task ':detekt-test:processResources' as it has no source files and no previous output files.
13:26:46.122 [INFO]  [Validating] > 
13:26:46.122 [INFO]  [Validating] > > Task :detekt-utils:processResources NO-SOURCE
13:26:46.122 [INFO]  [Validating] > Skipping task ':detekt-utils:processResources' as it has no source files and no previous output files.
13:26:46.122 [INFO]  [Validating] > :detekt-rules:jar (Thread[Execution worker Thread 9,5,main]) started.
13:26:46.122 [INFO]  [Validating] > Resolve mutations for :detekt-utils:classes (Thread[Execution worker Thread 7,5,main]) started.
13:26:46.122 [INFO]  [Validating] > 
13:26:46.122 [INFO]  [Validating] > > Task :detekt-psi-utils:classes UP-TO-DATE
13:26:46.122 [INFO]  [Validating] > Skipping task ':detekt-psi-utils:classes' as it has no actions.
13:26:46.123 [INFO]  [Validating] > Resolve mutations for :detekt-psi-utils:jar (Thread[Execution worker Thread 3,5,main]) started.
13:26:46.123 [INFO]  [Validating] > :detekt-psi-utils:jar (Thread[Execution worker Thread 3,5,main]) started.
13:26:46.123 [INFO]  [Validating] > :detekt-utils:classes (Thread[Execution worker Thread 7,5,main]) started.
13:26:46.123 [INFO]  [Validating] > 
13:26:46.123 [INFO]  [Validating] > > Task :detekt-utils:classes UP-TO-DATE
13:26:46.123 [INFO]  [Validating] > Skipping task ':detekt-utils:classes' as it has no actions.
13:26:46.123 [INFO]  [Validating] > 
13:26:46.123 [INFO]  [Validating] > > Task :detekt-test-utils:processResources NO-SOURCE
13:26:46.123 [INFO]  [Validating] > Skipping task ':detekt-test-utils:processResources' as it has no source files and no previous output files.
13:26:46.123 [INFO]  [Validating] > 
13:26:46.123 [INFO]  [Validating] > > Task :detekt-rules-libraries:sourcesJar UP-TO-DATE
13:26:46.123 [INFO]  [Validating] > Caching disabled for task ':detekt-rules-libraries:sourcesJar' because:
13:26:46.123 [INFO]  [Validating] >   Not worth caching
13:26:46.123 [INFO]  [Validating] > Skipping task ':detekt-rules-libraries:sourcesJar' as it is up-to-date.
13:26:46.123 [INFO]  [Validating] > Resolve mutations for :detekt-utils:jar (Thread[Execution worker Thread 7,5,main]) started.
13:26:46.123 [INFO]  [Validating] > :detekt-utils:jar (Thread[Execution worker Thread 7,5,main]) started.
13:26:46.123 [INFO]  [Validating] > 
13:26:46.123 [INFO]  [Validating] > > Task :detekt-parser:compileKotlin UP-TO-DATE
13:26:46.123 [INFO]  [Validating] > Transforming main with ClasspathEntrySnapshotTransform
13:26:46.123 [INFO]  [Validating] > Transforming kotlin-compiler-embeddable-1.8.22.jar with ClasspathEntrySnapshotTransform
13:26:46.123 [INFO]  [Validating] > Transforming kotlin-stdlib-jdk8-1.8.22.jar with ClasspathEntrySnapshotTransform
13:26:46.123 [INFO]  [Validating] > Transforming contester-breakpoint-0.2.0.jar with ClasspathEntrySnapshotTransform
13:26:46.123 [INFO]  [Validating] > Transforming kotlin-stdlib-jdk7-1.8.22.jar with ClasspathEntrySnapshotTransform
13:26:46.123 [INFO]  [Validating] > Transforming kotlin-stdlib-1.8.22.jar with ClasspathEntrySnapshotTransform
13:26:46.123 [INFO]  [Validating] > Transforming kotlin-stdlib-common-1.8.22.jar with ClasspathEntrySnapshotTransform
13:26:46.123 [INFO]  [Validating] > Transforming annotations-13.0.jar with ClasspathEntrySnapshotTransform
13:26:46.123 [INFO]  [Validating] > Build cache key for task ':detekt-parser:compileKotlin' is 9ce217c383476588a3779d923d7b0bdd
13:26:46.123 [INFO]  [Validating] > Skipping task ':detekt-parser:compileKotlin' as it is up-to-date.
13:26:46.123 [INFO]  [Validating] > Resolve mutations for :detekt-parser:compileJava (Thread[Execution worker Thread 5,5,main]) started.
13:26:46.123 [INFO]  [Validating] > work action resolve main (project :detekt-parser) (Thread[Execution worker Thread 8,5,main]) started.
13:26:46.123 [INFO]  [Validating] > 
13:26:46.123 [INFO]  [Validating] > > Task :detekt-api:compileKotlin UP-TO-DATE
13:26:46.123 [INFO]  [Validating] > Transforming main with ClasspathEntrySnapshotTransform
13:26:46.123 [INFO]  [Validating] > Transforming kotlin-compiler-embeddable-1.8.22.jar with ClasspathEntrySnapshotTransform
13:26:46.123 [INFO]  [Validating] > Transforming main with ClasspathEntrySnapshotTransform
13:26:46.123 [INFO]  [Validating] > Transforming kotlin-stdlib-jdk8-1.8.22.jar with ClasspathEntrySnapshotTransform
13:26:46.123 [INFO]  [Validating] > Transforming kotlin-stdlib-jdk7-1.8.22.jar with ClasspathEntrySnapshotTransform
13:26:46.123 [INFO]  [Validating] > Transforming kotlin-stdlib-1.8.22.jar with ClasspathEntrySnapshotTransform
13:26:46.123 [INFO]  [Validating] > Transforming kotlin-stdlib-common-1.8.22.jar with ClasspathEntrySnapshotTransform
13:26:46.123 [INFO]  [Validating] > Transforming annotations-13.0.jar with ClasspathEntrySnapshotTransform
13:26:46.123 [INFO]  [Validating] > Build cache key for task ':detekt-api:compileKotlin' is bc24205c2f4f61f8518d6a26cd3c1b64
13:26:46.123 [INFO]  [Validating] > Skipping task ':detekt-api:compileKotlin' as it is up-to-date.
13:26:46.123 [INFO]  [Validating] > :detekt-parser:compileJava (Thread[Execution worker Thread 5,5,main]) started.
13:26:46.123 [INFO]  [Validating] > Resolve mutations for :detekt-api:compileJava (Thread[Execution worker Thread 2,5,main]) started.
13:26:46.123 [INFO]  [Validating] > work action resolve main (project :detekt-api) (Thread[Execution worker Thread 6,5,main]) started.
13:26:46.123 [INFO]  [Validating] > :detekt-api:compileJava (Thread[Execution worker Thread 6,5,main]) started.
13:26:46.123 [INFO]  [Validating] > 
13:26:46.123 [INFO]  [Validating] > > Task :detekt-parser:compileJava NO-SOURCE
13:26:46.123 [INFO]  [Validating] > Skipping task ':detekt-parser:compileJava' as it has no source files and no previous output files.
13:26:46.123 [INFO]  [Validating] > work action resolve main (project :detekt-parser) (Thread[Execution worker Thread 8,5,main]) started.
13:26:46.123 [INFO]  [Validating] > 
13:26:46.123 [INFO]  [Validating] > > Task :detekt-api:compileJava NO-SOURCE
13:26:46.123 [INFO]  [Validating] > Skipping task ':detekt-api:compileJava' as it has no source files and no previous output files.
13:26:46.123 [INFO]  [Validating] > Resolve mutations for :detekt-parser:classes (Thread[Execution worker Thread 4,5,main]) started.
13:26:46.123 [INFO]  [Validating] > work action resolve main (project :detekt-parser) (Thread[Execution worker Thread 5,5,main]) started.
13:26:46.123 [INFO]  [Validating] > :detekt-parser:classes (Thread[Execution worker Thread 4,5,main]) started.
13:26:46.123 [INFO]  [Validating] > Resolve mutations for :detekt-test-utils:compileKotlin (Thread[Execution worker Thread 5,5,main]) started.
13:26:46.123 [INFO]  [Validating] > Resolve mutations for :detekt-api:classes (Thread[Execution worker Thread 6,5,main]) started.
13:26:46.123 [INFO]  [Validating] > work action resolve main (project :detekt-api) (Thread[Execution worker Thread 2,5,main]) started.
13:26:46.123 [INFO]  [Validating] > :detekt-api:classes (Thread[Execution worker Thread 6,5,main]) started.
13:26:46.123 [INFO]  [Validating] > work action resolve main (project :detekt-api) (Thread[Execution worker Thread 8,5,main]) started.
13:26:46.123 [INFO]  [Validating] > 
13:26:46.123 [INFO]  [Validating] > > Task :detekt-rules:jar UP-TO-DATE
13:26:46.123 [INFO]  [Validating] > Caching disabled for task ':detekt-rules:jar' because:
13:26:46.123 [INFO]  [Validating] >   Not worth caching
13:26:46.123 [INFO]  [Validating] > Skipping task ':detekt-rules:jar' as it is up-to-date.
13:26:46.123 [INFO]  [Validating] > Resolve mutations for :detekt-tooling:compileKotlin (Thread[Execution worker Thread 2,5,main]) started.
13:26:46.123 [INFO]  [Validating] > Resolve mutations for :detekt-rules-ruleauthors:compileKotlin (Thread[included builds,5,main]) started.
13:26:46.123 [INFO]  [Validating] > 
13:26:46.123 [INFO]  [Validating] > > Task :detekt-api:classes UP-TO-DATE
13:26:46.123 [INFO]  [Validating] > Skipping task ':detekt-api:classes' as it has no actions.
13:26:46.123 [INFO]  [Validating] > :detekt-test-utils:compileKotlin (Thread[Execution worker Thread 5,5,main]) started.
13:26:46.123 [INFO]  [Validating] > Resolve mutations for :detekt-api:jar (Thread[Execution worker Thread 6,5,main]) started.
13:26:46.123 [INFO]  [Validating] > 
13:26:46.123 [INFO]  [Validating] > > Task :detekt-parser:classes UP-TO-DATE
13:26:46.123 [INFO]  [Validating] > Skipping task ':detekt-parser:classes' as it has no actions.
13:26:46.123 [INFO]  [Validating] > :detekt-rules-ruleauthors:compileKotlin (Thread[included builds,5,main]) started.
13:26:46.123 [INFO]  [Validating] > :detekt-tooling:compileKotlin (Thread[Execution worker Thread 2,5,main]) started.
13:26:46.123 [INFO]  [Validating] > 
13:26:46.123 [INFO]  [Validating] > > Task :detekt-psi-utils:jar UP-TO-DATE
13:26:46.123 [INFO]  [Validating] > Caching disabled for task ':detekt-psi-utils:jar' because:
13:26:46.123 [INFO]  [Validating] >   Not worth caching
13:26:46.123 [INFO]  [Validating] > Skipping task ':detekt-psi-utils:jar' as it is up-to-date.
13:26:46.123 [INFO]  [Validating] > Resolve mutations for :detekt-rules-coroutines:compileKotlin (Thread[Execution worker Thread 3,5,main]) started.
13:26:46.123 [INFO]  [Validating] > Resolve mutations for :detekt-report-xml:compileKotlin (Thread[Execution worker,5,main]) started.
13:26:46.123 [INFO]  [Validating] > :detekt-rules-coroutines:compileKotlin (Thread[Execution worker Thread 3,5,main]) started.
13:26:46.123 [INFO]  [Validating] > Resolve mutations for :detekt-report-txt:compileKotlin (Thread[Execution worker Thread 9,5,main]) started.
13:26:46.123 [INFO]  [Validating] > Resolve mutations for :detekt-metrics:compileKotlin (Thread[Execution worker Thread 8,5,main]) started.
13:26:46.123 [INFO]  [Validating] > 
13:26:46.123 [INFO]  [Validating] > > Task :detekt-utils:jar UP-TO-DATE
13:26:46.123 [INFO]  [Validating] > Caching disabled for task ':detekt-utils:jar' because:
13:26:46.123 [INFO]  [Validating] >   Not worth caching
13:26:46.123 [INFO]  [Validating] > Skipping task ':detekt-utils:jar' as it is up-to-date.
13:26:46.123 [INFO]  [Validating] > Resolve mutations for :detekt-rules-documentation:compileKotlin (Thread[Execution worker Thread 7,5,main]) started.
13:26:46.123 [INFO]  [Validating] > :detekt-report-txt:compileKotlin (Thread[Execution worker Thread 9,5,main]) started.
13:26:46.123 [INFO]  [Validating] > :detekt-rules-documentation:compileKotlin (Thread[Execution worker Thread 7,5,main]) started.
13:26:46.123 [INFO]  [Validating] > Resolve mutations for :detekt-parser:jar (Thread[Execution worker Thread 4,5,main]) started.
13:26:46.123 [INFO]  [Validating] > :detekt-api:jar (Thread[Execution worker Thread 6,5,main]) started.
13:26:46.123 [INFO]  [Validating] > :detekt-report-xml:compileKotlin (Thread[Execution worker,5,main]) started.
13:26:46.123 [INFO]  [Validating] > :detekt-metrics:compileKotlin (Thread[Execution worker Thread 8,5,main]) started.
13:26:46.123 [INFO]  [Validating] > :detekt-parser:jar (Thread[Execution worker Thread 4,5,main]) started.
13:26:46.123 [INFO]  [Validating] > 
13:26:46.123 [INFO]  [Validating] > > Task :detekt-rules-ruleauthors:compileKotlin UP-TO-DATE
13:26:46.123 [INFO]  [Validating] > Transforming main with ClasspathEntrySnapshotTransform
13:26:46.123 [INFO]  [Validating] > Transforming main with ClasspathEntrySnapshotTransform
13:26:46.123 [INFO]  [Validating] > Transforming kotlin-stdlib-jdk8-1.8.22.jar with ClasspathEntrySnapshotTransform
13:26:46.123 [INFO]  [Validating] > Transforming kotlin-stdlib-jdk7-1.8.22.jar with ClasspathEntrySnapshotTransform
13:26:46.123 [INFO]  [Validating] > Transforming kotlin-stdlib-1.8.22.jar with ClasspathEntrySnapshotTransform
13:26:46.123 [INFO]  [Validating] > Transforming kotlin-compiler-embeddable-1.8.22.jar with ClasspathEntrySnapshotTransform
13:26:46.123 [INFO]  [Validating] > Transforming kotlin-stdlib-common-1.8.22.jar with ClasspathEntrySnapshotTransform
13:26:46.123 [INFO]  [Validating] > Transforming annotations-13.0.jar with ClasspathEntrySnapshotTransform
13:26:46.123 [INFO]  [Validating] > Build cache key for task ':detekt-rules-ruleauthors:compileKotlin' is 2cc3c03021f06d0aa54dd79b246b2885
13:26:46.123 [INFO]  [Validating] > Skipping task ':detekt-rules-ruleauthors:compileKotlin' as it is up-to-date.
13:26:46.123 [INFO]  [Validating] > Resolve mutations for :detekt-rules-ruleauthors:compileJava (Thread[included builds,5,main]) started.
13:26:46.123 [INFO]  [Validating] > 
13:26:46.123 [INFO]  [Validating] > > Task :detekt-report-xml:compileKotlin UP-TO-DATE
13:26:46.123 [INFO]  [Validating] > Transforming main with ClasspathEntrySnapshotTransform
13:26:46.123 [INFO]  [Validating] > Transforming main with ClasspathEntrySnapshotTransform
13:26:46.123 [INFO]  [Validating] > Transforming kotlin-stdlib-jdk8-1.8.22.jar with ClasspathEntrySnapshotTransform
13:26:46.124 [INFO]  [Validating] > Transforming kotlin-stdlib-jdk7-1.8.22.jar with ClasspathEntrySnapshotTransform
13:26:46.124 [INFO]  [Validating] > Transforming kotlin-stdlib-1.8.22.jar with ClasspathEntrySnapshotTransform
13:26:46.124 [INFO]  [Validating] > Transforming kotlin-compiler-embeddable-1.8.22.jar with ClasspathEntrySnapshotTransform
13:26:46.124 [INFO]  [Validating] > Transforming kotlin-stdlib-common-1.8.22.jar with ClasspathEntrySnapshotTransform
13:26:46.124 [INFO]  [Validating] > Transforming annotations-13.0.jar with ClasspathEntrySnapshotTransform
13:26:46.124 [INFO]  [Validating] > Build cache key for task ':detekt-report-xml:compileKotlin' is 1acdddef0677e48be7307f9ab589f2f5
13:26:46.124 [INFO]  [Validating] > Skipping task ':detekt-report-xml:compileKotlin' as it is up-to-date.
13:26:46.124 [INFO]  [Validating] > 
13:26:46.124 [INFO]  [Validating] > > Task :detekt-tooling:compileKotlin UP-TO-DATE
13:26:46.124 [INFO]  [Validating] > Transforming main with ClasspathEntrySnapshotTransform
13:26:46.124 [INFO]  [Validating] > Transforming main with ClasspathEntrySnapshotTransform
13:26:46.124 [INFO]  [Validating] > Transforming kotlin-stdlib-jdk8-1.8.22.jar with ClasspathEntrySnapshotTransform
13:26:46.124 [INFO]  [Validating] > Transforming kotlin-compiler-embeddable-1.8.22.jar with ClasspathEntrySnapshotTransform
13:26:46.124 [INFO]  [Validating] > Transforming kotlin-stdlib-jdk7-1.8.22.jar with ClasspathEntrySnapshotTransform
13:26:46.124 [INFO]  [Validating] > Transforming kotlin-stdlib-1.8.22.jar with ClasspathEntrySnapshotTransform
13:26:46.124 [INFO]  [Validating] > Transforming kotlin-stdlib-common-1.8.22.jar with ClasspathEntrySnapshotTransform
13:26:46.124 [INFO]  [Validating] > Transforming annotations-13.0.jar with ClasspathEntrySnapshotTransform
13:26:46.124 [INFO]  [Validating] > Build cache key for task ':detekt-tooling:compileKotlin' is 9cd58a4ffb79657c01c8319bf5870a6f
13:26:46.124 [INFO]  [Validating] > Skipping task ':detekt-tooling:compileKotlin' as it is up-to-date.
13:26:46.124 [INFO]  [Validating] > Resolve mutations for :detekt-tooling:compileJava (Thread[Execution worker Thread 2,5,main]) started.
13:26:46.124 [INFO]  [Validating] > Resolve mutations for :detekt-report-xml:compileJava (Thread[Execution worker,5,main]) started.
13:26:46.124 [INFO]  [Validating] > 
13:26:46.124 [INFO]  [Validating] > > Task :detekt-rules-documentation:compileKotlin UP-TO-DATE
13:26:46.124 [INFO]  [Validating] > Transforming main with ClasspathEntrySnapshotTransform
13:26:46.124 [INFO]  [Validating] > Transforming main with ClasspathEntrySnapshotTransform
13:26:46.124 [INFO]  [Validating] > Transforming kotlin-stdlib-jdk8-1.8.22.jar with ClasspathEntrySnapshotTransform
13:26:46.124 [INFO]  [Validating] > Transforming kotlin-stdlib-jdk7-1.8.22.jar with ClasspathEntrySnapshotTransform
13:26:46.124 [INFO]  [Validating] > Transforming kotlin-stdlib-1.8.22.jar with ClasspathEntrySnapshotTransform
13:26:46.124 [INFO]  [Validating] > Transforming kotlin-compiler-embeddable-1.8.22.jar with ClasspathEntrySnapshotTransform
13:26:46.124 [INFO]  [Validating] > Transforming kotlin-stdlib-common-1.8.22.jar with ClasspathEntrySnapshotTransform
13:26:46.124 [INFO]  [Validating] > Transforming annotations-13.0.jar with ClasspathEntrySnapshotTransform
13:26:46.124 [INFO]  [Validating] > Build cache key for task ':detekt-rules-documentation:compileKotlin' is 0861514ee694ccaeeb81bb49c84b7b49
13:26:46.124 [INFO]  [Validating] > Skipping task ':detekt-rules-documentation:compileKotlin' as it is up-to-date.
13:26:46.124 [INFO]  [Validating] > :detekt-rules-ruleauthors:compileJava (Thread[included builds,5,main]) started.
13:26:46.124 [INFO]  [Validating] > 
13:26:46.124 [INFO]  [Validating] > > Task :detekt-report-txt:compileKotlin UP-TO-DATE
13:26:46.124 [INFO]  [Validating] > Transforming main with ClasspathEntrySnapshotTransform
13:26:46.124 [INFO]  [Validating] > Transforming main with ClasspathEntrySnapshotTransform
13:26:46.124 [INFO]  [Validating] > Transforming kotlin-stdlib-jdk8-1.8.22.jar with ClasspathEntrySnapshotTransform
13:26:46.124 [INFO]  [Validating] > Transforming kotlin-stdlib-jdk7-1.8.22.jar with ClasspathEntrySnapshotTransform
13:26:46.124 [INFO]  [Validating] > Transforming kotlin-stdlib-1.8.22.jar with ClasspathEntrySnapshotTransform
13:26:46.124 [INFO]  [Validating] > Transforming kotlin-compiler-embeddable-1.8.22.jar with ClasspathEntrySnapshotTransform
13:26:46.124 [INFO]  [Validating] > Transforming kotlin-stdlib-common-1.8.22.jar with ClasspathEntrySnapshotTransform
13:26:46.124 [INFO]  [Validating] > Transforming annotations-13.0.jar with ClasspathEntrySnapshotTransform
13:26:46.124 [INFO]  [Validating] > Build cache key for task ':detekt-report-txt:compileKotlin' is 3ded245b414360810ee29353612bdefd
13:26:46.124 [INFO]  [Validating] > Skipping task ':detekt-report-txt:compileKotlin' as it is up-to-date.
13:26:46.124 [INFO]  [Validating] > Resolve mutations for :detekt-report-txt:compileJava (Thread[Execution worker Thread 9,5,main]) started.
13:26:46.124 [INFO]  [Validating] > :detekt-report-xml:compileJava (Thread[Execution worker,5,main]) started.
13:26:46.124 [INFO]  [Validating] > :detekt-report-txt:compileJava (Thread[Execution worker Thread 9,5,main]) started.
13:26:46.124 [INFO]  [Validating] > work action resolve main (project :detekt-tooling) (Thread[Execution worker Thread 7,5,main]) started.
13:26:46.124 [INFO]  [Validating] > work action resolve main (project :detekt-report-xml) (Thread[Execution worker Thread 7,5,main]) started.
13:26:46.124 [INFO]  [Validating] > work action resolve main (project :detekt-report-txt) (Thread[Execution worker Thread 7,5,main]) started.
13:26:46.124 [INFO]  [Validating] > Resolve mutations for :detekt-rules-documentation:compileJava (Thread[Execution worker Thread 7,5,main]) started.
13:26:46.124 [INFO]  [Validating] > :detekt-rules-documentation:compileJava (Thread[Execution worker Thread 7,5,main]) started.
13:26:46.124 [INFO]  [Validating] > 
13:26:46.124 [INFO]  [Validating] > > Task :detekt-parser:jar UP-TO-DATE
13:26:46.124 [INFO]  [Validating] > Caching disabled for task ':detekt-parser:jar' because:
13:26:46.124 [INFO]  [Validating] >   Not worth caching
13:26:46.124 [INFO]  [Validating] > Skipping task ':detekt-parser:jar' as it is up-to-date.
13:26:46.124 [INFO]  [Validating] > 
13:26:46.124 [INFO]  [Validating] > > Task :detekt-report-xml:compileJava NO-SOURCE
13:26:46.124 [INFO]  [Validating] > Skipping task ':detekt-report-xml:compileJava' as it has no source files and no previous output files.
13:26:46.124 [INFO]  [Validating] > 
13:26:46.124 [INFO]  [Validating] > > Task :detekt-api:jar UP-TO-DATE
13:26:46.124 [INFO]  [Validating] > Caching disabled for task ':detekt-api:jar' because:
13:26:46.124 [INFO]  [Validating] >   Not worth caching
13:26:46.124 [INFO]  [Validating] > Skipping task ':detekt-api:jar' as it is up-to-date.
13:26:46.124 [INFO]  [Validating] > Resolve mutations for :detekt-rules-empty:compileKotlin (Thread[Execution worker Thread 4,5,main]) started.
13:26:46.124 [INFO]  [Validating] > work action resolve main (project :detekt-report-xml) (Thread[Execution worker Thread 6,5,main]) started.
13:26:46.124 [INFO]  [Validating] > 
13:26:46.124 [INFO]  [Validating] > > Task :detekt-rules-coroutines:compileKotlin UP-TO-DATE
13:26:46.124 [INFO]  [Validating] > Transforming main with ClasspathEntrySnapshotTransform
13:26:46.124 [INFO]  [Validating] > Transforming main with ClasspathEntrySnapshotTransform
13:26:46.124 [INFO]  [Validating] > Transforming kotlin-stdlib-jdk8-1.8.22.jar with ClasspathEntrySnapshotTransform
13:26:46.124 [INFO]  [Validating] > Transforming kotlin-stdlib-jdk7-1.8.22.jar with ClasspathEntrySnapshotTransform
13:26:46.124 [INFO]  [Validating] > Transforming kotlin-stdlib-1.8.22.jar with ClasspathEntrySnapshotTransform
13:26:46.124 [INFO]  [Validating] > Transforming kotlin-compiler-embeddable-1.8.22.jar with ClasspathEntrySnapshotTransform
13:26:46.124 [INFO]  [Validating] > Transforming kotlin-stdlib-common-1.8.22.jar with ClasspathEntrySnapshotTransform
13:26:46.124 [INFO]  [Validating] > Transforming annotations-13.0.jar with ClasspathEntrySnapshotTransform
13:26:46.124 [INFO]  [Validating] > Build cache key for task ':detekt-rules-coroutines:compileKotlin' is 62c679d1c0dca7e45732bf446cb952f0
13:26:46.124 [INFO]  [Validating] > Skipping task ':detekt-rules-coroutines:compileKotlin' as it is up-to-date.
13:26:46.124 [INFO]  [Validating] > 
13:26:46.124 [INFO]  [Validating] > > Task :detekt-rules-ruleauthors:compileJava NO-SOURCE
13:26:46.124 [INFO]  [Validating] > Skipping task ':detekt-rules-ruleauthors:compileJava' as it has no source files and no previous output files.
13:26:46.124 [INFO]  [Validating] > :detekt-tooling:compileJava (Thread[Execution worker Thread 2,5,main]) started.
13:26:46.124 [INFO]  [Validating] > Resolve mutations for :detekt-rules-exceptions:compileKotlin (Thread[included builds,5,main]) started.
13:26:46.124 [INFO]  [Validating] > Resolve mutations for :detekt-rules-coroutines:compileJava (Thread[Execution worker Thread 3,5,main]) started.
13:26:46.124 [INFO]  [Validating] > Resolve mutations for :detekt-report-xml:classes (Thread[Execution worker Thread 6,5,main]) started.
13:26:46.124 [INFO]  [Validating] > work action resolve main (project :detekt-report-xml) (Thread[Execution worker,5,main]) started.
13:26:46.124 [INFO]  [Validating] > :detekt-report-xml:classes (Thread[Execution worker Thread 6,5,main]) started.
13:26:46.124 [INFO]  [Validating] > 
13:26:46.124 [INFO]  [Validating] > > Task :detekt-rules-documentation:compileJava NO-SOURCE
13:26:46.124 [INFO]  [Validating] > Skipping task ':detekt-rules-documentation:compileJava' as it has no source files and no previous output files.
13:26:46.124 [INFO]  [Validating] > Resolve mutations for :detekt-rules-documentation:classes (Thread[Execution worker Thread 7,5,main]) started.
13:26:46.124 [INFO]  [Validating] > 
13:26:46.124 [INFO]  [Validating] > > Task :detekt-report-txt:compileJava NO-SOURCE
13:26:46.124 [INFO]  [Validating] > Skipping task ':detekt-report-txt:compileJava' as it has no source files and no previous output files.
13:26:46.124 [INFO]  [Validating] > :detekt-rules-exceptions:compileKotlin (Thread[included builds,5,main]) started.
13:26:46.124 [INFO]  [Validating] > work action resolve main (project :detekt-report-txt) (Thread[Execution worker Thread 7,5,main]) started.
13:26:46.124 [INFO]  [Validating] > 
13:26:46.124 [INFO]  [Validating] > > Task :detekt-test-utils:compileKotlin UP-TO-DATE
13:26:46.124 [INFO]  [Validating] > Transforming main with ClasspathEntrySnapshotTransform
13:26:46.124 [INFO]  [Validating] > Transforming kotlinx-coroutines-core-jvm-1.7.2.jar with ClasspathEntrySnapshotTransform
13:26:46.124 [INFO]  [Validating] > Transforming kotlin-stdlib-jdk8-1.8.22.jar with ClasspathEntrySnapshotTransform
13:26:46.124 [INFO]  [Validating] > Transforming junit-platform-commons-1.9.3.jar with ClasspathEntrySnapshotTransform
13:26:46.124 [INFO]  [Validating] > Transforming junit-jupiter-api-5.9.3.jar with ClasspathEntrySnapshotTransform
13:26:46.124 [INFO]  [Validating] > Transforming kotlin-main-kts-1.8.22.jar with ClasspathEntrySnapshotTransform
13:26:46.124 [INFO]  [Validating] > Transforming kotlin-stdlib-jdk7-1.8.22.jar with ClasspathEntrySnapshotTransform
13:26:46.124 [INFO]  [Validating] > Transforming kotlin-stdlib-1.8.22.jar with ClasspathEntrySnapshotTransform
13:26:46.124 [INFO]  [Validating] > Transforming opentest4j-1.2.0.jar with ClasspathEntrySnapshotTransform
13:26:46.124 [INFO]  [Validating] > Transforming apiguardian-api-1.1.2.jar with ClasspathEntrySnapshotTransform
13:26:46.124 [INFO]  [Validating] > Transforming kotlin-compiler-embeddable-1.8.22.jar with ClasspathEntrySnapshotTransform
13:26:46.124 [INFO]  [Validating] > Transforming kotlin-stdlib-common-1.8.22.jar with ClasspathEntrySnapshotTransform
13:26:46.124 [INFO]  [Validating] > Transforming annotations-23.0.0.jar with ClasspathEntrySnapshotTransform
13:26:46.124 [INFO]  [Validating] > Build cache key for task ':detekt-test-utils:compileKotlin' is 7738ee7998b37343d969d1bd0c068d5b
13:26:46.124 [INFO]  [Validating] > Skipping task ':detekt-test-utils:compileKotlin' as it is up-to-date.
13:26:46.124 [INFO]  [Validating] > :detekt-rules-documentation:classes (Thread[Execution worker Thread 5,5,main]) started.
13:26:46.124 [INFO]  [Validating] > Resolve mutations for :detekt-report-txt:classes (Thread[Execution worker Thread 7,5,main]) started.
13:26:46.124 [INFO]  [Validating] > work action resolve main (project :detekt-report-txt) (Thread[Execution worker Thread 9,5,main]) started.
13:26:46.124 [INFO]  [Validating] > :detekt-rules-coroutines:compileJava (Thread[Execution worker Thread 3,5,main]) started.
13:26:46.125 [INFO]  [Validating] > 
13:26:46.125 [INFO]  [Validating] > > Task :detekt-report-xml:classes UP-TO-DATE
13:26:46.125 [INFO]  [Validating] > Skipping task ':detekt-report-xml:classes' as it has no actions.
13:26:46.125 [INFO]  [Validating] > Resolve mutations for :detekt-report-xml:jar (Thread[Execution worker Thread 6,5,main]) started.
13:26:46.125 [INFO]  [Validating] > Resolve mutations for :detekt-rules-naming:compileKotlin (Thread[Execution worker,5,main]) started.
13:26:46.125 [INFO]  [Validating] > :detekt-rules-empty:compileKotlin (Thread[Execution worker Thread 4,5,main]) started.
13:26:46.125 [INFO]  [Validating] > :detekt-report-xml:jar (Thread[Execution worker Thread 6,5,main]) started.
13:26:46.125 [INFO]  [Validating] > 
13:26:46.125 [INFO]  [Validating] > > Task :detekt-rules-coroutines:compileJava NO-SOURCE
13:26:46.125 [INFO]  [Validating] > Skipping task ':detekt-rules-coroutines:compileJava' as it has no source files and no previous output files.
13:26:46.125 [INFO]  [Validating] > 
13:26:46.125 [INFO]  [Validating] > > Task :detekt-metrics:compileKotlin UP-TO-DATE
13:26:46.125 [INFO]  [Validating] > Transforming main with ClasspathEntrySnapshotTransform
13:26:46.125 [INFO]  [Validating] > Transforming main with ClasspathEntrySnapshotTransform
13:26:46.125 [INFO]  [Validating] > Transforming kotlin-stdlib-jdk8-1.8.22.jar with ClasspathEntrySnapshotTransform
13:26:46.125 [INFO]  [Validating] > Transforming kotlin-compiler-embeddable-1.8.22.jar with ClasspathEntrySnapshotTransform
13:26:46.125 [INFO]  [Validating] > Transforming kotlin-stdlib-jdk7-1.8.22.jar with ClasspathEntrySnapshotTransform
13:26:46.125 [INFO]  [Validating] > Transforming kotlin-stdlib-1.8.22.jar with ClasspathEntrySnapshotTransform
13:26:46.125 [INFO]  [Validating] > Transforming kotlin-stdlib-common-1.8.22.jar with ClasspathEntrySnapshotTransform
13:26:46.125 [INFO]  [Validating] > Transforming annotations-13.0.jar with ClasspathEntrySnapshotTransform
13:26:46.125 [INFO]  [Validating] > Build cache key for task ':detekt-metrics:compileKotlin' is e1aa4271b4005c352ebbc96b71bde128
13:26:46.125 [INFO]  [Validating] > Skipping task ':detekt-metrics:compileKotlin' as it is up-to-date.
13:26:46.125 [INFO]  [Validating] > Resolve mutations for :detekt-rules-performance:compileKotlin (Thread[Execution worker Thread 9,5,main]) started.
13:26:46.125 [INFO]  [Validating] > :detekt-report-txt:classes (Thread[Execution worker Thread 7,5,main]) started.
13:26:46.125 [INFO]  [Validating] > Resolve mutations for :detekt-metrics:compileJava (Thread[Execution worker Thread 8,5,main]) started.
13:26:46.125 [INFO]  [Validating] > Resolve mutations for :detekt-rules-coroutines:classes (Thread[Execution worker Thread 3,5,main]) started.
13:26:46.125 [INFO]  [Validating] > :detekt-metrics:compileJava (Thread[Execution worker Thread 8,5,main]) started.
13:26:46.125 [INFO]  [Validating] > :detekt-rules-naming:compileKotlin (Thread[Execution worker,5,main]) started.
13:26:46.125 [INFO]  [Validating] > 
13:26:46.125 [INFO]  [Validating] > > Task :detekt-tooling:compileJava NO-SOURCE
13:26:46.125 [INFO]  [Validating] > Skipping task ':detekt-tooling:compileJava' as it has no source files and no previous output files.
13:26:46.125 [INFO]  [Validating] > work action resolve main (project :detekt-tooling) (Thread[Execution worker Thread 2,5,main]) started.
13:26:46.125 [INFO]  [Validating] > :detekt-rules-coroutines:classes (Thread[Execution worker Thread 3,5,main]) started.
13:26:46.125 [INFO]  [Validating] > 
13:26:46.125 [INFO]  [Validating] > > Task :detekt-rules-coroutines:classes UP-TO-DATE
13:26:46.125 [INFO]  [Validating] > Skipping task ':detekt-rules-coroutines:classes' as it has no actions.
13:26:46.125 [INFO]  [Validating] > work action resolve main (project :detekt-metrics) (Thread[Execution worker Thread 9,5,main]) started.
13:26:46.125 [INFO]  [Validating] > 
13:26:46.125 [INFO]  [Validating] > > Task :detekt-report-txt:classes UP-TO-DATE
13:26:46.125 [INFO]  [Validating] > Skipping task ':detekt-report-txt:classes' as it has no actions.
13:26:46.125 [INFO]  [Validating] > Resolve mutations for :detekt-report-txt:jar (Thread[Execution worker Thread 7,5,main]) started.
13:26:46.125 [INFO]  [Validating] > :detekt-rules-performance:compileKotlin (Thread[Execution worker Thread 9,5,main]) started.
13:26:46.125 [INFO]  [Validating] > 
13:26:46.125 [INFO]  [Validating] > > Task :detekt-metrics:compileJava NO-SOURCE
13:26:46.125 [INFO]  [Validating] > Skipping task ':detekt-metrics:compileJava' as it has no source files and no previous output files.
13:26:46.125 [INFO]  [Validating] > :detekt-report-txt:jar (Thread[Execution worker Thread 7,5,main]) started.
13:26:46.125 [INFO]  [Validating] > work action resolve main (project :detekt-metrics) (Thread[Execution worker Thread 8,5,main]) started.
13:26:46.125 [INFO]  [Validating] > work action resolve main (project :detekt-metrics) (Thread[Execution worker Thread 8,5,main]) started.
13:26:46.125 [INFO]  [Validating] > Resolve mutations for :detekt-report-html:compileKotlin (Thread[Execution worker Thread 8,5,main]) started.
13:26:46.125 [INFO]  [Validating] > Resolve mutations for :detekt-rules-coroutines:jar (Thread[Execution worker Thread 3,5,main]) started.
13:26:46.125 [INFO]  [Validating] > :detekt-report-html:compileKotlin (Thread[Execution worker Thread 8,5,main]) started.
13:26:46.125 [INFO]  [Validating] > Resolve mutations for :detekt-report-md:compileKotlin (Thread[Execution worker Thread 3,5,main]) started.
13:26:46.125 [INFO]  [Validating] > work action resolve main (project :detekt-tooling) (Thread[Execution worker Thread 2,5,main]) started.
13:26:46.125 [INFO]  [Validating] > :detekt-report-md:compileKotlin (Thread[Execution worker Thread 3,5,main]) started.
13:26:46.125 [INFO]  [Validating] > 
13:26:46.125 [INFO]  [Validating] > > Task :detekt-rules-documentation:classes UP-TO-DATE
13:26:46.125 [INFO]  [Validating] > Skipping task ':detekt-rules-documentation:classes' as it has no actions.
13:26:46.125 [INFO]  [Validating] > Resolve mutations for :detekt-metrics:classes (Thread[Execution worker Thread 5,5,main]) started.
13:26:46.125 [INFO]  [Validating] > :detekt-metrics:classes (Thread[Execution worker Thread 5,5,main]) started.
13:26:46.125 [INFO]  [Validating] > 
13:26:46.125 [INFO]  [Validating] > > Task :detekt-rules-exceptions:compileKotlin UP-TO-DATE
13:26:46.125 [INFO]  [Validating] > Transforming main with ClasspathEntrySnapshotTransform
13:26:46.125 [INFO]  [Validating] > Transforming main with ClasspathEntrySnapshotTransform
13:26:46.125 [INFO]  [Validating] > Transforming kotlin-stdlib-jdk8-1.8.22.jar with ClasspathEntrySnapshotTransform
13:26:46.125 [INFO]  [Validating] > Transforming kotlin-stdlib-jdk7-1.8.22.jar with ClasspathEntrySnapshotTransform
13:26:46.125 [INFO]  [Validating] > Transforming kotlin-stdlib-1.8.22.jar with ClasspathEntrySnapshotTransform
13:26:46.125 [INFO]  [Validating] > Transforming kotlin-compiler-embeddable-1.8.22.jar with ClasspathEntrySnapshotTransform
13:26:46.125 [INFO]  [Validating] > Transforming kotlin-stdlib-common-1.8.22.jar with ClasspathEntrySnapshotTransform
13:26:46.125 [INFO]  [Validating] > Transforming annotations-13.0.jar with ClasspathEntrySnapshotTransform
13:26:46.125 [INFO]  [Validating] > Build cache key for task ':detekt-rules-exceptions:compileKotlin' is 5f385555a318182679df8790f9105419
13:26:46.125 [INFO]  [Validating] > Skipping task ':detekt-rules-exceptions:compileKotlin' as it is up-to-date.
13:26:46.125 [INFO]  [Validating] > Resolve mutations for :detekt-cli:compileKotlin (Thread[included builds,5,main]) started.
13:26:46.125 [INFO]  [Validating] > :detekt-cli:compileKotlin (Thread[included builds,5,main]) started.
13:26:46.125 [INFO]  [Validating] > 
13:26:46.125 [INFO]  [Validating] > > Task :detekt-report-xml:jar UP-TO-DATE
13:26:46.125 [INFO]  [Validating] > Caching disabled for task ':detekt-report-xml:jar' because:
13:26:46.125 [INFO]  [Validating] >   Not worth caching
13:26:46.125 [INFO]  [Validating] > Skipping task ':detekt-report-xml:jar' as it is up-to-date.
13:26:46.125 [INFO]  [Validating] > Resolve mutations for :detekt-rules-complexity:compileKotlin (Thread[Execution worker Thread 6,5,main]) started.
13:26:46.125 [INFO]  [Validating] > Resolve mutations for :detekt-report-sarif:compileKotlin (Thread[Execution worker Thread 2,5,main]) started.
13:26:46.125 [INFO]  [Validating] > :detekt-report-sarif:compileKotlin (Thread[Execution worker Thread 2,5,main]) started.
13:26:46.125 [INFO]  [Validating] > 
13:26:46.125 [INFO]  [Validating] > > Task :detekt-rules-empty:compileKotlin UP-TO-DATE
13:26:46.125 [INFO]  [Validating] > Transforming main with ClasspathEntrySnapshotTransform
13:26:46.125 [INFO]  [Validating] > Transforming main with ClasspathEntrySnapshotTransform
13:26:46.125 [INFO]  [Validating] > Transforming kotlin-stdlib-jdk8-1.8.22.jar with ClasspathEntrySnapshotTransform
13:26:46.125 [INFO]  [Validating] > Transforming kotlin-stdlib-jdk7-1.8.22.jar with ClasspathEntrySnapshotTransform
13:26:46.125 [INFO]  [Validating] > Transforming kotlin-stdlib-1.8.22.jar with ClasspathEntrySnapshotTransform
13:26:46.125 [INFO]  [Validating] > Transforming kotlin-compiler-embeddable-1.8.22.jar with ClasspathEntrySnapshotTransform
13:26:46.125 [INFO]  [Validating] > Transforming kotlin-stdlib-common-1.8.22.jar with ClasspathEntrySnapshotTransform
13:26:46.125 [INFO]  [Validating] > Transforming annotations-13.0.jar with ClasspathEntrySnapshotTransform
13:26:46.125 [INFO]  [Validating] > Build cache key for task ':detekt-rules-empty:compileKotlin' is 7bbaf5ed868ce07eecca2f507e291289
13:26:46.125 [INFO]  [Validating] > Skipping task ':detekt-rules-empty:compileKotlin' as it is up-to-date.
13:26:46.125 [INFO]  [Validating] > :detekt-rules-complexity:compileKotlin (Thread[Execution worker Thread 6,5,main]) started.
13:26:46.125 [INFO]  [Validating] > 
13:26:46.125 [INFO]  [Validating] > > Task :detekt-metrics:classes UP-TO-DATE
13:26:46.125 [INFO]  [Validating] > Skipping task ':detekt-metrics:classes' as it has no actions.
13:26:46.125 [INFO]  [Validating] > Resolve mutations for :detekt-metrics:jar (Thread[Execution worker Thread 5,5,main]) started.
13:26:46.125 [INFO]  [Validating] > :detekt-rules-coroutines:jar (Thread[Execution worker Thread 4,5,main]) started.
13:26:46.125 [INFO]  [Validating] > 
13:26:46.125 [INFO]  [Validating] > > Task :detekt-report-txt:jar UP-TO-DATE
13:26:46.125 [INFO]  [Validating] > Caching disabled for task ':detekt-report-txt:jar' because:
13:26:46.125 [INFO]  [Validating] >   Not worth caching
13:26:46.125 [INFO]  [Validating] > Skipping task ':detekt-report-txt:jar' as it is up-to-date.
13:26:46.125 [INFO]  [Validating] > :detekt-metrics:jar (Thread[Execution worker Thread 5,5,main]) started.
13:26:46.125 [INFO]  [Validating] > Resolve mutations for :detekt-rules-documentation:jar (Thread[Execution worker Thread 7,5,main]) started.
13:26:46.125 [INFO]  [Validating] > 
13:26:46.125 [INFO]  [Validating] > > Task :detekt-report-html:compileKotlin UP-TO-DATE
13:26:46.125 [INFO]  [Validating] > Transforming main with ClasspathEntrySnapshotTransform
13:26:46.125 [INFO]  [Validating] > Transforming main with ClasspathEntrySnapshotTransform
13:26:46.125 [INFO]  [Validating] > Transforming main with ClasspathEntrySnapshotTransform
13:26:46.125 [INFO]  [Validating] > Transforming main with ClasspathEntrySnapshotTransform
13:26:46.125 [INFO]  [Validating] > Transforming kotlin-stdlib-jdk8-1.8.22.jar with ClasspathEntrySnapshotTransform
13:26:46.125 [INFO]  [Validating] > Transforming kotlinx-html-jvm-0.8.1.jar with ClasspathEntrySnapshotTransform
13:26:46.125 [INFO]  [Validating] > Transforming kotlin-stdlib-jdk7-1.8.22.jar with ClasspathEntrySnapshotTransform
13:26:46.125 [INFO]  [Validating] > Transforming kotlin-stdlib-1.8.22.jar with ClasspathEntrySnapshotTransform
13:26:46.125 [INFO]  [Validating] > Transforming kotlin-compiler-embeddable-1.8.22.jar with ClasspathEntrySnapshotTransform
13:26:46.125 [INFO]  [Validating] > Transforming kotlin-stdlib-common-1.8.22.jar with ClasspathEntrySnapshotTransform
13:26:46.125 [INFO]  [Validating] > Transforming annotations-13.0.jar with ClasspathEntrySnapshotTransform
13:26:46.125 [INFO]  [Validating] > Build cache key for task ':detekt-report-html:compileKotlin' is 6c859146cd23e1ce4901100fa935d173
13:26:46.125 [INFO]  [Validating] > Skipping task ':detekt-report-html:compileKotlin' as it is up-to-date.
13:26:46.125 [INFO]  [Validating] > Resolve mutations for :detekt-report-html:compileJava (Thread[Execution worker Thread 8,5,main]) started.
13:26:46.125 [INFO]  [Validating] > :detekt-rules-documentation:jar (Thread[Execution worker Thread 7,5,main]) started.
13:26:46.125 [INFO]  [Validating] > 
13:26:46.125 [INFO]  [Validating] > > Task :detekt-rules-performance:compileKotlin UP-TO-DATE
13:26:46.126 [INFO]  [Validating] > Transforming main with ClasspathEntrySnapshotTransform
13:26:46.126 [INFO]  [Validating] > Transforming main with ClasspathEntrySnapshotTransform
13:26:46.126 [INFO]  [Validating] > Transforming kotlin-stdlib-jdk8-1.8.22.jar with ClasspathEntrySnapshotTransform
13:26:46.126 [INFO]  [Validating] > Transforming kotlin-stdlib-jdk7-1.8.22.jar with ClasspathEntrySnapshotTransform
13:26:46.126 [INFO]  [Validating] > Transforming kotlin-stdlib-1.8.22.jar with ClasspathEntrySnapshotTransform
13:26:46.126 [INFO]  [Validating] > Transforming kotlin-compiler-embeddable-1.8.22.jar with ClasspathEntrySnapshotTransform
13:26:46.126 [INFO]  [Validating] > Transforming kotlin-stdlib-common-1.8.22.jar with ClasspathEntrySnapshotTransform
13:26:46.126 [INFO]  [Validating] > Transforming annotations-13.0.jar with ClasspathEntrySnapshotTransform
13:26:46.126 [INFO]  [Validating] > Build cache key for task ':detekt-rules-performance:compileKotlin' is f06dd6c969c27f9a4df9e6ee6610caf1
13:26:46.126 [INFO]  [Validating] > Skipping task ':detekt-rules-performance:compileKotlin' as it is up-to-date.
13:26:46.126 [INFO]  [Validating] > work action resolve main (project :detekt-report-html) (Thread[Execution worker Thread 9,5,main]) started.
13:26:46.126 [INFO]  [Validating] > :detekt-report-html:compileJava (Thread[Execution worker Thread 8,5,main]) started.
13:26:46.126 [INFO]  [Validating] > Resolve mutations for :detekt-rules-empty:compileJava (Thread[Execution worker Thread 9,5,main]) started.
13:26:46.126 [INFO]  [Validating] > 
13:26:46.126 [INFO]  [Validating] > > Task :detekt-report-html:compileJava NO-SOURCE
13:26:46.126 [INFO]  [Validating] > Skipping task ':detekt-report-html:compileJava' as it has no source files and no previous output files.
13:26:46.126 [INFO]  [Validating] > 
13:26:46.126 [INFO]  [Validating] > > Task :detekt-rules-naming:compileKotlin UP-TO-DATE
13:26:46.126 [INFO]  [Validating] > Transforming main with ClasspathEntrySnapshotTransform
13:26:46.126 [INFO]  [Validating] > Transforming main with ClasspathEntrySnapshotTransform
13:26:46.126 [INFO]  [Validating] > Transforming kotlin-stdlib-jdk8-1.8.22.jar with ClasspathEntrySnapshotTransform
13:26:46.126 [INFO]  [Validating] > Transforming kotlin-stdlib-jdk7-1.8.22.jar with ClasspathEntrySnapshotTransform
13:26:46.126 [INFO]  [Validating] > Transforming kotlin-stdlib-1.8.22.jar with ClasspathEntrySnapshotTransform
13:26:46.126 [INFO]  [Validating] > Transforming kotlin-compiler-embeddable-1.8.22.jar with ClasspathEntrySnapshotTransform
13:26:46.126 [INFO]  [Validating] > Transforming kotlin-stdlib-common-1.8.22.jar with ClasspathEntrySnapshotTransform
13:26:46.126 [INFO]  [Validating] > Transforming annotations-13.0.jar with ClasspathEntrySnapshotTransform
13:26:46.126 [INFO]  [Validating] > Build cache key for task ':detekt-rules-naming:compileKotlin' is 966fceb247cbc1caaaaf194e5f184fe7
13:26:46.126 [INFO]  [Validating] > Skipping task ':detekt-rules-naming:compileKotlin' as it is up-to-date.
13:26:46.126 [INFO]  [Validating] > 
13:26:46.126 [INFO]  [Validating] > > Task :detekt-cli:compileKotlin UP-TO-DATE
13:26:46.126 [INFO]  [Validating] > Transforming main with ClasspathEntrySnapshotTransform
13:26:46.126 [INFO]  [Validating] > Transforming main with ClasspathEntrySnapshotTransform
13:26:46.126 [INFO]  [Validating] > Transforming main with ClasspathEntrySnapshotTransform
13:26:46.126 [INFO]  [Validating] > Transforming main with ClasspathEntrySnapshotTransform
13:26:46.126 [INFO]  [Validating] > Transforming kotlin-stdlib-jdk8-1.8.22.jar with ClasspathEntrySnapshotTransform
13:26:46.126 [INFO]  [Validating] > Transforming jcommander-1.82.jar with ClasspathEntrySnapshotTransform
13:26:46.126 [INFO]  [Validating] > Transforming kotlin-compiler-embeddable-1.8.22.jar with ClasspathEntrySnapshotTransform
13:26:46.126 [INFO]  [Validating] > Transforming kotlin-stdlib-jdk7-1.8.22.jar with ClasspathEntrySnapshotTransform
13:26:46.126 [INFO]  [Validating] > Transforming kotlin-stdlib-1.8.22.jar with ClasspathEntrySnapshotTransform
13:26:46.126 [INFO]  [Validating] > Transforming kotlin-stdlib-common-1.8.22.jar with ClasspathEntrySnapshotTransform
13:26:46.126 [INFO]  [Validating] > Transforming annotations-13.0.jar with ClasspathEntrySnapshotTransform
13:26:46.126 [INFO]  [Validating] > Build cache key for task ':detekt-cli:compileKotlin' is 66cc5f5d373ea463651e8d8dbbc6b2ba
13:26:46.126 [INFO]  [Validating] > Skipping task ':detekt-cli:compileKotlin' as it is up-to-date.
13:26:46.126 [INFO]  [Validating] > work action resolve main (project :detekt-report-html) (Thread[Execution worker,5,main]) started.
13:26:46.126 [INFO]  [Validating] > Resolve mutations for :detekt-report-html:classes (Thread[included builds,5,main]) started.
13:26:46.126 [INFO]  [Validating] > :detekt-rules-empty:compileJava (Thread[Execution worker Thread 9,5,main]) started.
13:26:46.126 [INFO]  [Validating] > 
13:26:46.126 [INFO]  [Validating] > > Task :detekt-report-sarif:compileKotlin UP-TO-DATE
13:26:46.126 [INFO]  [Validating] > Transforming main with ClasspathEntrySnapshotTransform
13:26:46.126 [INFO]  [Validating] > Transforming main with ClasspathEntrySnapshotTransform
13:26:46.126 [INFO]  [Validating] > Transforming main with ClasspathEntrySnapshotTransform
13:26:46.126 [INFO]  [Validating] > Transforming sarif4k-jvm-0.4.0.jar with ClasspathEntrySnapshotTransform
13:26:46.126 [INFO]  [Validating] > Transforming kotlinx-serialization-json-jvm-1.4.1.jar with ClasspathEntrySnapshotTransform
13:26:46.126 [INFO]  [Validating] > Transforming kotlinx-serialization-core-jvm-1.4.1.jar with ClasspathEntrySnapshotTransform
13:26:46.126 [INFO]  [Validating] > Transforming kotlin-stdlib-jdk8-1.8.22.jar with ClasspathEntrySnapshotTransform
13:26:46.126 [INFO]  [Validating] > Transforming kotlin-stdlib-jdk7-1.8.22.jar with ClasspathEntrySnapshotTransform
13:26:46.126 [INFO]  [Validating] > Transforming kotlin-stdlib-1.8.22.jar with ClasspathEntrySnapshotTransform
13:26:46.126 [INFO]  [Validating] > Transforming kotlin-compiler-embeddable-1.8.22.jar with ClasspathEntrySnapshotTransform
13:26:46.126 [INFO]  [Validating] > Transforming kotlin-stdlib-common-1.8.22.jar with ClasspathEntrySnapshotTransform
13:26:46.126 [INFO]  [Validating] > Transforming annotations-13.0.jar with ClasspathEntrySnapshotTransform
13:26:46.126 [INFO]  [Validating] > Build cache key for task ':detekt-report-sarif:compileKotlin' is 1408222aca0d0bdec3a09706c778f66a
13:26:46.126 [INFO]  [Validating] > Skipping task ':detekt-report-sarif:compileKotlin' as it is up-to-date.
13:26:46.126 [INFO]  [Validating] > :detekt-report-html:classes (Thread[included builds,5,main]) started.
13:26:46.126 [INFO]  [Validating] > Resolve mutations for :detekt-report-sarif:compileJava (Thread[Execution worker Thread 2,5,main]) started.
13:26:46.126 [INFO]  [Validating] > Resolve mutations for :detekt-cli:compileJava (Thread[Execution worker,5,main]) started.
13:26:46.126 [INFO]  [Validating] > :detekt-report-sarif:compileJava (Thread[Execution worker Thread 2,5,main]) started.
13:26:46.126 [INFO]  [Validating] > work action resolve main (project :detekt-report-html) (Thread[Execution worker Thread 8,5,main]) started.
13:26:46.126 [INFO]  [Validating] > work action resolve main (project :detekt-report-sarif) (Thread[Execution worker,5,main]) started.
13:26:46.126 [INFO]  [Validating] > work action resolve main (project :detekt-cli) (Thread[Execution worker,5,main]) started.
13:26:46.126 [INFO]  [Validating] > Resolve mutations for :detekt-rules-errorprone:compileKotlin (Thread[Execution worker,5,main]) started.
13:26:46.126 [INFO]  [Validating] > :detekt-rules-errorprone:compileKotlin (Thread[Execution worker,5,main]) started.
13:26:46.126 [INFO]  [Validating] > 
13:26:46.126 [INFO]  [Validating] > > Task :detekt-report-html:classes UP-TO-DATE
13:26:46.126 [INFO]  [Validating] > Skipping task ':detekt-report-html:classes' as it has no actions.
13:26:46.126 [INFO]  [Validating] > Resolve mutations for :detekt-report-html:jar (Thread[included builds,5,main]) started.
13:26:46.126 [INFO]  [Validating] > 
13:26:46.126 [INFO]  [Validating] > > Task :detekt-rules-empty:compileJava NO-SOURCE
13:26:46.126 [INFO]  [Validating] > Skipping task ':detekt-rules-empty:compileJava' as it has no source files and no previous output files.
13:26:46.126 [INFO]  [Validating] > 
13:26:46.126 [INFO]  [Validating] > > Task :detekt-rules-coroutines:jar UP-TO-DATE
13:26:46.126 [INFO]  [Validating] > Caching disabled for task ':detekt-rules-coroutines:jar' because:
13:26:46.126 [INFO]  [Validating] >   Not worth caching
13:26:46.126 [INFO]  [Validating] > Skipping task ':detekt-rules-coroutines:jar' as it is up-to-date.
13:26:46.126 [INFO]  [Validating] > Resolve mutations for :detekt-rules-exceptions:compileJava (Thread[Execution worker Thread 4,5,main]) started.
13:26:46.126 [INFO]  [Validating] > :detekt-cli:compileJava (Thread[Execution worker Thread 8,5,main]) started.
13:26:46.126 [INFO]  [Validating] > 
13:26:46.126 [INFO]  [Validating] > > Task :detekt-metrics:jar UP-TO-DATE
13:26:46.126 [INFO]  [Validating] > Caching disabled for task ':detekt-metrics:jar' because:
13:26:46.126 [INFO]  [Validating] >   Not worth caching
13:26:46.126 [INFO]  [Validating] > Skipping task ':detekt-metrics:jar' as it is up-to-date.
13:26:46.126 [INFO]  [Validating] > Resolve mutations for :detekt-rules-empty:classes (Thread[Execution worker Thread 9,5,main]) started.
13:26:46.126 [INFO]  [Validating] > :detekt-report-html:jar (Thread[included builds,5,main]) started.
13:26:46.126 [INFO]  [Validating] > :detekt-rules-empty:classes (Thread[Execution worker Thread 9,5,main]) started.
13:26:46.126 [INFO]  [Validating] > Resolve mutations for :detekt-rules-naming:compileJava (Thread[Execution worker Thread 5,5,main]) started.
13:26:46.126 [INFO]  [Validating] > 
13:26:46.126 [INFO]  [Validating] > > Task :detekt-report-sarif:compileJava NO-SOURCE
13:26:46.126 [INFO]  [Validating] > Skipping task ':detekt-report-sarif:compileJava' as it has no source files and no previous output files.
13:26:46.126 [INFO]  [Validating] > work action resolve main (project :detekt-report-sarif) (Thread[Execution worker Thread 2,5,main]) started.
13:26:46.126 [INFO]  [Validating] > work action resolve main (project :detekt-report-sarif) (Thread[Execution worker Thread 2,5,main]) started.
13:26:46.126 [INFO]  [Validating] > Resolve mutations for :detekt-report-sarif:classes (Thread[Execution worker Thread 2,5,main]) started.
13:26:46.126 [INFO]  [Validating] > :detekt-rules-exceptions:compileJava (Thread[Execution worker Thread 4,5,main]) started.
13:26:46.126 [INFO]  [Validating] > :detekt-rules-naming:compileJava (Thread[Execution worker Thread 5,5,main]) started.
13:26:46.126 [INFO]  [Validating] > 
13:26:46.126 [INFO]  [Validating] > > Task :detekt-rules-complexity:compileKotlin UP-TO-DATE
13:26:46.126 [INFO]  [Validating] > Transforming main with ClasspathEntrySnapshotTransform
13:26:46.126 [INFO]  [Validating] > Transforming main with ClasspathEntrySnapshotTransform
13:26:46.126 [INFO]  [Validating] > Transforming main with ClasspathEntrySnapshotTransform
13:26:46.126 [INFO]  [Validating] > Transforming main with ClasspathEntrySnapshotTransform
13:26:46.126 [INFO]  [Validating] > Transforming kotlin-stdlib-jdk8-1.8.22.jar with ClasspathEntrySnapshotTransform
13:26:46.126 [INFO]  [Validating] > Transforming kotlin-stdlib-jdk7-1.8.22.jar with ClasspathEntrySnapshotTransform
13:26:46.126 [INFO]  [Validating] > Transforming kotlin-stdlib-1.8.22.jar with ClasspathEntrySnapshotTransform
13:26:46.126 [INFO]  [Validating] > Transforming kotlin-compiler-embeddable-1.8.22.jar with ClasspathEntrySnapshotTransform
13:26:46.126 [INFO]  [Validating] > Transforming kotlin-stdlib-common-1.8.22.jar with ClasspathEntrySnapshotTransform
13:26:46.126 [INFO]  [Validating] > Transforming annotations-13.0.jar with ClasspathEntrySnapshotTransform
13:26:46.126 [INFO]  [Validating] > Build cache key for task ':detekt-rules-complexity:compileKotlin' is c263a8efa930f2872c48702be182d36e
13:26:46.126 [INFO]  [Validating] > Skipping task ':detekt-rules-complexity:compileKotlin' as it is up-to-date.
13:26:46.126 [INFO]  [Validating] > :detekt-report-sarif:classes (Thread[Execution worker Thread 2,5,main]) started.
13:26:46.126 [INFO]  [Validating] > 
13:26:46.126 [INFO]  [Validating] > > Task :detekt-report-sarif:classes UP-TO-DATE
13:26:46.126 [INFO]  [Validating] > Skipping task ':detekt-report-sarif:classes' as it has no actions.
13:26:46.126 [INFO]  [Validating] > 
13:26:46.126 [INFO]  [Validating] > > Task :detekt-rules-naming:compileJava NO-SOURCE
13:26:46.126 [INFO]  [Validating] > Skipping task ':detekt-rules-naming:compileJava' as it has no source files and no previous output files.
13:26:46.127 [INFO]  [Validating] > Resolve mutations for :detekt-report-sarif:jar (Thread[Execution worker Thread 2,5,main]) started.
13:26:46.127 [INFO]  [Validating] > 
13:26:46.127 [INFO]  [Validating] > > Task :detekt-rules-empty:classes UP-TO-DATE
13:26:46.127 [INFO]  [Validating] > Skipping task ':detekt-rules-empty:classes' as it has no actions.
13:26:46.127 [INFO]  [Validating] > Resolve mutations for :detekt-rules-naming:classes (Thread[Execution worker Thread 5,5,main]) started.
13:26:46.127 [INFO]  [Validating] > Resolve mutations for :detekt-rules-complexity:compileJava (Thread[Execution worker Thread 6,5,main]) started.
13:26:46.127 [INFO]  [Validating] > 
13:26:46.127 [INFO]  [Validating] > > Task :detekt-cli:compileJava NO-SOURCE
13:26:46.127 [INFO]  [Validating] > Skipping task ':detekt-cli:compileJava' as it has no source files and no previous output files.
13:26:46.127 [INFO]  [Validating] > Resolve mutations for :detekt-cli:classes (Thread[Execution worker Thread 8,5,main]) started.
13:26:46.127 [INFO]  [Validating] > :detekt-cli:classes (Thread[Execution worker Thread 8,5,main]) started.
13:26:46.127 [INFO]  [Validating] > 
13:26:46.127 [INFO]  [Validating] > > Task :detekt-cli:classes UP-TO-DATE
13:26:46.127 [INFO]  [Validating] > Skipping task ':detekt-cli:classes' as it has no actions.
13:26:46.127 [INFO]  [Validating] > Resolve mutations for :detekt-cli:jar (Thread[Execution worker Thread 8,5,main]) started.
13:26:46.127 [INFO]  [Validating] > :detekt-rules-naming:classes (Thread[Execution worker Thread 5,5,main]) started.
13:26:46.127 [INFO]  [Validating] > 
13:26:46.127 [INFO]  [Validating] > > Task :detekt-rules-naming:classes UP-TO-DATE
13:26:46.127 [INFO]  [Validating] > Skipping task ':detekt-rules-naming:classes' as it has no actions.
13:26:46.127 [INFO]  [Validating] > work action resolve main (project :detekt-cli) (Thread[Execution worker Thread 5,5,main]) started.
13:26:46.127 [INFO]  [Validating] > Resolve mutations for :detekt-rules-empty:jar (Thread[Execution worker Thread 9,5,main]) started.
13:26:46.127 [INFO]  [Validating] > :detekt-report-sarif:jar (Thread[Execution worker Thread 2,5,main]) started.
13:26:46.127 [INFO]  [Validating] > 
13:26:46.127 [INFO]  [Validating] > > Task :detekt-rules-exceptions:compileJava NO-SOURCE
13:26:46.127 [INFO]  [Validating] > Skipping task ':detekt-rules-exceptions:compileJava' as it has no source files and no previous output files.
13:26:46.127 [INFO]  [Validating] > 
13:26:46.127 [INFO]  [Validating] > > Task :detekt-report-md:compileKotlin UP-TO-DATE
13:26:46.127 [INFO]  [Validating] > Transforming main with ClasspathEntrySnapshotTransform
13:26:46.127 [INFO]  [Validating] > Transforming main with ClasspathEntrySnapshotTransform
13:26:46.127 [INFO]  [Validating] > Transforming main with ClasspathEntrySnapshotTransform
13:26:46.127 [INFO]  [Validating] > Transforming main with ClasspathEntrySnapshotTransform
13:26:46.127 [INFO]  [Validating] > Transforming kotlin-stdlib-jdk8-1.8.22.jar with ClasspathEntrySnapshotTransform
13:26:46.127 [INFO]  [Validating] > Transforming kotlin-stdlib-jdk7-1.8.22.jar with ClasspathEntrySnapshotTransform
13:26:46.127 [INFO]  [Validating] > Transforming kotlin-stdlib-1.8.22.jar with ClasspathEntrySnapshotTransform
13:26:46.127 [INFO]  [Validating] > Transforming kotlin-compiler-embeddable-1.8.22.jar with ClasspathEntrySnapshotTransform
13:26:46.127 [INFO]  [Validating] > Transforming kotlin-stdlib-common-1.8.22.jar with ClasspathEntrySnapshotTransform
13:26:46.127 [INFO]  [Validating] > Transforming annotations-13.0.jar with ClasspathEntrySnapshotTransform
13:26:46.127 [INFO]  [Validating] > Build cache key for task ':detekt-report-md:compileKotlin' is daaa1a6d2f4425c07ab3d08a334ba819
13:26:46.127 [INFO]  [Validating] > Skipping task ':detekt-report-md:compileKotlin' as it is up-to-date.
13:26:46.127 [INFO]  [Validating] > Resolve mutations for :detekt-rules-exceptions:classes (Thread[Execution worker Thread 4,5,main]) started.
13:26:46.127 [INFO]  [Validating] > :detekt-rules-empty:jar (Thread[Execution worker Thread 9,5,main]) started.
13:26:46.127 [INFO]  [Validating] > :detekt-rules-complexity:compileJava (Thread[Execution worker Thread 5,5,main]) started.
13:26:46.127 [INFO]  [Validating] > work action resolve main (project :detekt-report-md) (Thread[Execution worker Thread 4,5,main]) started.
13:26:46.127 [INFO]  [Validating] > :detekt-cli:jar (Thread[Execution worker Thread 8,5,main]) started.
13:26:46.127 [INFO]  [Validating] > work action resolve main (project :detekt-cli) (Thread[Execution worker Thread 6,5,main]) started.
13:26:46.127 [INFO]  [Validating] > Resolve mutations for :detekt-generator:compileKotlin (Thread[Execution worker Thread 6,5,main]) started.
13:26:46.127 [INFO]  [Validating] > :detekt-rules-exceptions:classes (Thread[Execution worker Thread 4,5,main]) started.
13:26:46.127 [INFO]  [Validating] > 
13:26:46.127 [INFO]  [Validating] > > Task :detekt-rules-exceptions:classes UP-TO-DATE
13:26:46.127 [INFO]  [Validating] > Skipping task ':detekt-rules-exceptions:classes' as it has no actions.
13:26:46.127 [INFO]  [Validating] > Resolve mutations for :detekt-rules-exceptions:jar (Thread[Execution worker Thread 4,5,main]) started.
13:26:46.127 [INFO]  [Validating] > 
13:26:46.127 [INFO]  [Validating] > > Task :detekt-rules-documentation:jar UP-TO-DATE
13:26:46.127 [INFO]  [Validating] > Caching disabled for task ':detekt-rules-documentation:jar' because:
13:26:46.127 [INFO]  [Validating] >   Not worth caching
13:26:46.127 [INFO]  [Validating] > Skipping task ':detekt-rules-documentation:jar' as it is up-to-date.
13:26:46.127 [INFO]  [Validating] > Resolve mutations for :detekt-report-md:compileJava (Thread[Execution worker Thread 3,5,main]) started.
13:26:46.127 [INFO]  [Validating] > Resolve mutations for :detekt-rules-naming:jar (Thread[Execution worker Thread 7,5,main]) started.
13:26:46.127 [INFO]  [Validating] > :detekt-rules-exceptions:jar (Thread[Execution worker Thread 4,5,main]) started.
13:26:46.127 [INFO]  [Validating] > :detekt-generator:compileKotlin (Thread[Execution worker Thread 6,5,main]) started.
13:26:46.127 [INFO]  [Validating] > :detekt-rules-naming:jar (Thread[Execution worker Thread 7,5,main]) started.
13:26:46.127 [INFO]  [Validating] > :detekt-report-md:compileJava (Thread[Execution worker Thread 3,5,main]) started.
13:26:46.127 [INFO]  [Validating] > 
13:26:46.127 [INFO]  [Validating] > > Task :detekt-rules-complexity:compileJava NO-SOURCE
13:26:46.127 [INFO]  [Validating] > Skipping task ':detekt-rules-complexity:compileJava' as it has no source files and no previous output files.
13:26:46.127 [INFO]  [Validating] > Resolve mutations for :detekt-rules-complexity:classes (Thread[Execution worker Thread 5,5,main]) started.
13:26:46.127 [INFO]  [Validating] > 
13:26:46.127 [INFO]  [Validating] > > Task :detekt-report-md:compileJava NO-SOURCE
13:26:46.127 [INFO]  [Validating] > Skipping task ':detekt-report-md:compileJava' as it has no source files and no previous output files.
13:26:46.127 [INFO]  [Validating] > work action resolve main (project :detekt-report-md) (Thread[Execution worker Thread 3,5,main]) started.
13:26:46.127 [INFO]  [Validating] > 
13:26:46.127 [INFO]  [Validating] > > Task :detekt-rules-errorprone:compileKotlin UP-TO-DATE
13:26:46.127 [INFO]  [Validating] > Transforming main with ClasspathEntrySnapshotTransform
13:26:46.127 [INFO]  [Validating] > Transforming main with ClasspathEntrySnapshotTransform
13:26:46.127 [INFO]  [Validating] > Transforming main with ClasspathEntrySnapshotTransform
13:26:46.127 [INFO]  [Validating] > Transforming kotlin-stdlib-jdk8-1.8.22.jar with ClasspathEntrySnapshotTransform
13:26:46.127 [INFO]  [Validating] > Transforming kotlin-stdlib-jdk7-1.8.22.jar with ClasspathEntrySnapshotTransform
13:26:46.127 [INFO]  [Validating] > Transforming kotlin-stdlib-1.8.22.jar with ClasspathEntrySnapshotTransform
13:26:46.127 [INFO]  [Validating] > Transforming kotlin-compiler-embeddable-1.8.22.jar with ClasspathEntrySnapshotTransform
13:26:46.127 [INFO]  [Validating] > Transforming kotlin-stdlib-common-1.8.22.jar with ClasspathEntrySnapshotTransform
13:26:46.127 [INFO]  [Validating] > Transforming annotations-13.0.jar with ClasspathEntrySnapshotTransform
13:26:46.127 [INFO]  [Validating] > Build cache key for task ':detekt-rules-errorprone:compileKotlin' is 8ae0c254cbd6ea2af9f0e369e47669eb
13:26:46.127 [INFO]  [Validating] > Skipping task ':detekt-rules-errorprone:compileKotlin' as it is up-to-date.
13:26:46.127 [INFO]  [Validating] > Resolve mutations for :detekt-report-md:classes (Thread[Execution worker Thread 3,5,main]) started.
13:26:46.127 [INFO]  [Validating] > work action resolve main (project :detekt-report-md) (Thread[Execution worker Thread 5,5,main]) started.
13:26:46.127 [INFO]  [Validating] > :detekt-report-md:classes (Thread[Execution worker Thread 3,5,main]) started.
13:26:46.127 [INFO]  [Validating] > :detekt-rules-complexity:classes (Thread[Execution worker,5,main]) started.
13:26:46.127 [INFO]  [Validating] > 
13:26:46.127 [INFO]  [Validating] > > Task :detekt-report-md:classes UP-TO-DATE
13:26:46.127 [INFO]  [Validating] > Skipping task ':detekt-report-md:classes' as it has no actions.
13:26:46.127 [INFO]  [Validating] > Resolve mutations for :detekt-core:compileKotlin (Thread[Execution worker Thread 5,5,main]) started.
13:26:46.127 [INFO]  [Validating] > Resolve mutations for :detekt-report-md:jar (Thread[Execution worker Thread 3,5,main]) started.
13:26:46.127 [INFO]  [Validating] > 
13:26:46.127 [INFO]  [Validating] > > Task :detekt-rules-complexity:classes UP-TO-DATE
13:26:46.127 [INFO]  [Validating] > Skipping task ':detekt-rules-complexity:classes' as it has no actions.
13:26:46.127 [INFO]  [Validating] > Resolve mutations for :detekt-rules-complexity:jar (Thread[Execution worker,5,main]) started.
13:26:46.127 [INFO]  [Validating] > :detekt-core:compileKotlin (Thread[Execution worker Thread 5,5,main]) started.
13:26:46.127 [INFO]  [Validating] > :detekt-report-md:jar (Thread[Execution worker Thread 3,5,main]) started.
13:26:46.127 [INFO]  [Validating] > :detekt-rules-complexity:jar (Thread[Execution worker,5,main]) started.
13:26:46.127 [INFO]  [Validating] > 
13:26:46.127 [INFO]  [Validating] > > Task :detekt-report-html:jar UP-TO-DATE
13:26:46.127 [INFO]  [Validating] > Caching disabled for task ':detekt-report-html:jar' because:
13:26:46.127 [INFO]  [Validating] >   Not worth caching
13:26:46.127 [INFO]  [Validating] > Skipping task ':detekt-report-html:jar' as it is up-to-date.
13:26:46.127 [INFO]  [Validating] > Resolve mutations for :detekt-rules-errorprone:compileJava (Thread[included builds,5,main]) started.
13:26:46.127 [INFO]  [Validating] > :detekt-rules-errorprone:compileJava (Thread[included builds,5,main]) started.
13:26:46.127 [INFO]  [Validating] > 
13:26:46.127 [INFO]  [Validating] > > Task :detekt-rules-errorprone:compileJava NO-SOURCE
13:26:46.127 [INFO]  [Validating] > Skipping task ':detekt-rules-errorprone:compileJava' as it has no source files and no previous output files.
13:26:46.127 [INFO]  [Validating] > Resolve mutations for :detekt-rules-errorprone:classes (Thread[included builds,5,main]) started.
13:26:46.127 [INFO]  [Validating] > :detekt-rules-errorprone:classes (Thread[included builds,5,main]) started.
13:26:46.127 [INFO]  [Validating] > 
13:26:46.127 [INFO]  [Validating] > > Task :detekt-rules-errorprone:classes UP-TO-DATE
13:26:46.127 [INFO]  [Validating] > Skipping task ':detekt-rules-errorprone:classes' as it has no actions.
13:26:46.127 [INFO]  [Validating] > Resolve mutations for :detekt-rules-errorprone:jar (Thread[included builds,5,main]) started.
13:26:46.127 [INFO]  [Validating] > :detekt-rules-errorprone:jar (Thread[included builds,5,main]) started.
13:26:46.127 [INFO]  [Validating] > 
13:26:46.127 [INFO]  [Validating] > > Task :detekt-generator:compileKotlin UP-TO-DATE
13:26:46.127 [INFO]  [Validating] > Transforming main with ClasspathEntrySnapshotTransform
13:26:46.127 [INFO]  [Validating] > Transforming main with ClasspathEntrySnapshotTransform
13:26:46.128 [INFO]  [Validating] > Transforming main with ClasspathEntrySnapshotTransform
13:26:46.128 [INFO]  [Validating] > Transforming main with ClasspathEntrySnapshotTransform
13:26:46.128 [INFO]  [Validating] > Transforming main with ClasspathEntrySnapshotTransform
13:26:46.128 [INFO]  [Validating] > Transforming kotlin-stdlib-jdk8-1.8.22.jar with ClasspathEntrySnapshotTransform
13:26:46.128 [INFO]  [Validating] > Transforming jcommander-1.82.jar with ClasspathEntrySnapshotTransform
13:26:46.128 [INFO]  [Validating] > Transforming kotlin-stdlib-jdk7-1.8.22.jar with ClasspathEntrySnapshotTransform
13:26:46.128 [INFO]  [Validating] > Transforming kotlin-stdlib-1.8.22.jar with ClasspathEntrySnapshotTransform
13:26:46.128 [INFO]  [Validating] > Transforming kotlin-compiler-embeddable-1.8.22.jar with ClasspathEntrySnapshotTransform
13:26:46.128 [INFO]  [Validating] > Transforming kotlin-stdlib-common-1.8.22.jar with ClasspathEntrySnapshotTransform
13:26:46.128 [INFO]  [Validating] > Transforming annotations-13.0.jar with ClasspathEntrySnapshotTransform
13:26:46.128 [INFO]  [Validating] > Build cache key for task ':detekt-generator:compileKotlin' is e3c88651bac9b8a7acd9502dee051215
13:26:46.128 [INFO]  [Validating] > Skipping task ':detekt-generator:compileKotlin' as it is up-to-date.
13:26:46.128 [INFO]  [Validating] > Resolve mutations for :detekt-generator:compileJava (Thread[Execution worker Thread 6,5,main]) started.
13:26:46.128 [INFO]  [Validating] > 
13:26:46.128 [INFO]  [Validating] > > Task :detekt-core:compileKotlin UP-TO-DATE
13:26:46.128 [INFO]  [Validating] > Transforming main with ClasspathEntrySnapshotTransform
13:26:46.128 [INFO]  [Validating] > Transforming main with ClasspathEntrySnapshotTransform
13:26:46.128 [INFO]  [Validating] > Transforming main with ClasspathEntrySnapshotTransform
13:26:46.128 [INFO]  [Validating] > Transforming main with ClasspathEntrySnapshotTransform
13:26:46.128 [INFO]  [Validating] > Transforming main with ClasspathEntrySnapshotTransform
13:26:46.128 [INFO]  [Validating] > Transforming main with ClasspathEntrySnapshotTransform
13:26:46.128 [INFO]  [Validating] > Transforming main with ClasspathEntrySnapshotTransform
13:26:46.128 [INFO]  [Validating] > Transforming main with ClasspathEntrySnapshotTransform
13:26:46.128 [INFO]  [Validating] > Transforming main with ClasspathEntrySnapshotTransform
13:26:46.128 [INFO]  [Validating] > Transforming main with ClasspathEntrySnapshotTransform
13:26:46.128 [INFO]  [Validating] > Transforming main with ClasspathEntrySnapshotTransform
13:26:46.128 [INFO]  [Validating] > Transforming kotlin-stdlib-jdk8-1.8.22.jar with ClasspathEntrySnapshotTransform
13:26:46.128 [INFO]  [Validating] > Transforming snakeyaml-engine-2.6.jar with ClasspathEntrySnapshotTransform
13:26:46.128 [INFO]  [Validating] > Transforming kotlin-reflect-1.8.22.jar with ClasspathEntrySnapshotTransform
13:26:46.128 [INFO]  [Validating] > Transforming kotlin-compiler-embeddable-1.8.22.jar with ClasspathEntrySnapshotTransform
13:26:46.128 [INFO]  [Validating] > Transforming kotlin-stdlib-jdk7-1.8.22.jar with ClasspathEntrySnapshotTransform
13:26:46.128 [INFO]  [Validating] > Transforming kotlin-stdlib-1.8.22.jar with ClasspathEntrySnapshotTransform
13:26:46.128 [INFO]  [Validating] > Transforming kotlin-stdlib-common-1.8.22.jar with ClasspathEntrySnapshotTransform
13:26:46.128 [INFO]  [Validating] > Transforming annotations-13.0.jar with ClasspathEntrySnapshotTransform
13:26:46.128 [INFO]  [Validating] > Build cache key for task ':detekt-core:compileKotlin' is 87bd0f24f712da0d88bc26872abfe7d2
13:26:46.128 [INFO]  [Validating] > Skipping task ':detekt-core:compileKotlin' as it is up-to-date.
13:26:46.128 [INFO]  [Validating] > Resolve mutations for :detekt-core:compileJava (Thread[Execution worker Thread 5,5,main]) started.
13:26:46.128 [INFO]  [Validating] > 
13:26:46.128 [INFO]  [Validating] > > Task :detekt-cli:jar UP-TO-DATE
13:26:46.128 [INFO]  [Validating] > Caching disabled for task ':detekt-cli:jar' because:
13:26:46.128 [INFO]  [Validating] >   Not worth caching
13:26:46.128 [INFO]  [Validating] > Skipping task ':detekt-cli:jar' as it is up-to-date.
13:26:46.128 [INFO]  [Validating] > :detekt-generator:compileJava (Thread[Execution worker Thread 6,5,main]) started.
13:26:46.128 [INFO]  [Validating] > :detekt-core:compileJava (Thread[Execution worker Thread 5,5,main]) started.
13:26:46.128 [INFO]  [Validating] > 
13:26:46.128 [INFO]  [Validating] > > Task :detekt-report-sarif:jar UP-TO-DATE
13:26:46.128 [INFO]  [Validating] > Caching disabled for task ':detekt-report-sarif:jar' because:
13:26:46.128 [INFO]  [Validating] >   Not worth caching
13:26:46.128 [INFO]  [Validating] > Skipping task ':detekt-report-sarif:jar' as it is up-to-date.
13:26:46.128 [INFO]  [Validating] > Resolve mutations for :detekt-rules-style:compileKotlin (Thread[Execution worker Thread 2,5,main]) started.
13:26:46.128 [INFO]  [Validating] > Resolve mutations for :detekt-rules-performance:compileJava (Thread[Execution worker Thread 8,5,main]) started.
13:26:46.128 [INFO]  [Validating] > 
13:26:46.128 [INFO]  [Validating] > > Task :detekt-core:compileJava NO-SOURCE
13:26:46.128 [INFO]  [Validating] > Skipping task ':detekt-core:compileJava' as it has no source files and no previous output files.
13:26:46.128 [INFO]  [Validating] > :detekt-rules-style:compileKotlin (Thread[Execution worker Thread 2,5,main]) started.
13:26:46.128 [INFO]  [Validating] > Resolve mutations for :detekt-core:classes (Thread[Execution worker Thread 8,5,main]) started.
13:26:46.128 [INFO]  [Validating] > :detekt-core:classes (Thread[Execution worker Thread 8,5,main]) started.
13:26:46.128 [INFO]  [Validating] > :detekt-rules-performance:compileJava (Thread[Execution worker Thread 5,5,main]) started.
13:26:46.128 [INFO]  [Validating] > 
13:26:46.128 [INFO]  [Validating] > > Task :detekt-core:classes UP-TO-DATE
13:26:46.128 [INFO]  [Validating] > Skipping task ':detekt-core:classes' as it has no actions.
13:26:46.128 [INFO]  [Validating] > Resolve mutations for :detekt-core:jar (Thread[Execution worker Thread 8,5,main]) started.
13:26:46.128 [INFO]  [Validating] > :detekt-core:jar (Thread[Execution worker Thread 8,5,main]) started.
13:26:46.128 [INFO]  [Validating] > 
13:26:46.128 [INFO]  [Validating] > > Task :detekt-generator:compileJava NO-SOURCE
13:26:46.128 [INFO]  [Validating] > Skipping task ':detekt-generator:compileJava' as it has no source files and no previous output files.
13:26:46.128 [INFO]  [Validating] > 
13:26:46.128 [INFO]  [Validating] > > Task :detekt-rules-performance:compileJava NO-SOURCE
13:26:46.128 [INFO]  [Validating] > Skipping task ':detekt-rules-performance:compileJava' as it has no source files and no previous output files.
13:26:46.128 [INFO]  [Validating] > Resolve mutations for :detekt-rules-performance:classes (Thread[Execution worker Thread 5,5,main]) started.
13:26:46.128 [INFO]  [Validating] > Resolve mutations for :detekt-generator:classes (Thread[Execution worker Thread 6,5,main]) started.
13:26:46.128 [INFO]  [Validating] > :detekt-rules-performance:classes (Thread[Execution worker Thread 5,5,main]) started.
13:26:46.128 [INFO]  [Validating] > 
13:26:46.128 [INFO]  [Validating] > > Task :detekt-rules-empty:jar UP-TO-DATE
13:26:46.128 [INFO]  [Validating] > Caching disabled for task ':detekt-rules-empty:jar' because:
13:26:46.128 [INFO]  [Validating] >   Not worth caching
13:26:46.128 [INFO]  [Validating] > Skipping task ':detekt-rules-empty:jar' as it is up-to-date.
13:26:46.128 [INFO]  [Validating] > :detekt-generator:classes (Thread[Execution worker Thread 6,5,main]) started.
13:26:46.128 [INFO]  [Validating] > Resolve mutations for :detekt-tooling:classes (Thread[Execution worker Thread 9,5,main]) started.
13:26:46.128 [INFO]  [Validating] > :detekt-tooling:classes (Thread[Execution worker Thread 9,5,main]) started.
13:26:46.128 [INFO]  [Validating] > 
13:26:46.128 [INFO]  [Validating] > > Task :detekt-rules-performance:classes UP-TO-DATE
13:26:46.128 [INFO]  [Validating] > Skipping task ':detekt-rules-performance:classes' as it has no actions.
13:26:46.128 [INFO]  [Validating] > 
13:26:46.128 [INFO]  [Validating] > > Task :detekt-tooling:classes UP-TO-DATE
13:26:46.128 [INFO]  [Validating] > Skipping task ':detekt-tooling:classes' as it has no actions.
13:26:46.128 [INFO]  [Validating] > 
13:26:46.128 [INFO]  [Validating] > > Task :detekt-generator:classes UP-TO-DATE
13:26:46.128 [INFO]  [Validating] > Skipping task ':detekt-generator:classes' as it has no actions.
13:26:46.128 [INFO]  [Validating] > Resolve mutations for :detekt-rules-performance:jar (Thread[Execution worker Thread 5,5,main]) started.
13:26:46.128 [INFO]  [Validating] > Resolve mutations for :detekt-tooling:jar (Thread[Execution worker Thread 9,5,main]) started.
13:26:46.128 [INFO]  [Validating] > :detekt-rules-performance:jar (Thread[Execution worker Thread 5,5,main]) started.
13:26:46.128 [INFO]  [Validating] > work action resolve detekt-rules-empty-1.23.0.jar (project :detekt-rules-empty) (Thread[Execution worker Thread 6,5,main]) started.
13:26:46.128 [INFO]  [Validating] > work action resolve detekt-rules-documentation-1.23.0.jar (project :detekt-rules-documentation) (Thread[Execution worker Thread 6,5,main]) started.
13:26:46.128 [INFO]  [Validating] > work action resolve detekt-rules-coroutines-1.23.0.jar (project :detekt-rules-coroutines) (Thread[Execution worker Thread 6,5,main]) started.
13:26:46.128 [INFO]  [Validating] > work action resolve detekt-report-sarif-1.23.0.jar (project :detekt-report-sarif) (Thread[Execution worker Thread 6,5,main]) started.
13:26:46.128 [INFO]  [Validating] > work action resolve detekt-report-xml-1.23.0.jar (project :detekt-report-xml) (Thread[Execution worker Thread 6,5,main]) started.
13:26:46.128 [INFO]  [Validating] > :detekt-tooling:jar (Thread[Execution worker Thread 9,5,main]) started.
13:26:46.128 [INFO]  [Validating] > 
13:26:46.128 [INFO]  [Validating] > > Task :detekt-rules-exceptions:jar UP-TO-DATE
13:26:46.128 [INFO]  [Validating] > Caching disabled for task ':detekt-rules-exceptions:jar' because:
13:26:46.128 [INFO]  [Validating] >   Not worth caching
13:26:46.128 [INFO]  [Validating] > Skipping task ':detekt-rules-exceptions:jar' as it is up-to-date.
13:26:46.128 [INFO]  [Validating] > work action resolve detekt-report-txt-1.23.0.jar (project :detekt-report-txt) (Thread[Execution worker Thread 6,5,main]) started.
13:26:46.128 [INFO]  [Validating] > work action resolve detekt-psi-utils-1.23.0.jar (project :detekt-psi-utils) (Thread[Execution worker Thread 6,5,main]) started.
13:26:46.128 [INFO]  [Validating] > work action resolve detekt-rules-exceptions-1.23.0.jar (project :detekt-rules-exceptions) (Thread[Execution worker Thread 4,5,main]) started.
13:26:46.128 [INFO]  [Validating] > work action resolve detekt-report-html-1.23.0.jar (project :detekt-report-html) (Thread[Execution worker Thread 4,5,main]) started.
13:26:46.128 [INFO]  [Validating] > work action resolve detekt-utils-1.23.0.jar (project :detekt-utils) (Thread[Execution worker Thread 6,5,main]) started.
13:26:46.128 [INFO]  [Validating] > work action resolve detekt-api-1.23.0.jar (project :detekt-api) (Thread[Execution worker Thread 4,5,main]) started.
13:26:46.128 [INFO]  [Validating] > 
13:26:46.128 [INFO]  [Validating] > > Task :detekt-rules-naming:jar UP-TO-DATE
13:26:46.128 [INFO]  [Validating] > Caching disabled for task ':detekt-rules-naming:jar' because:
13:26:46.128 [INFO]  [Validating] >   Not worth caching
13:26:46.128 [INFO]  [Validating] > Skipping task ':detekt-rules-naming:jar' as it is up-to-date.
13:26:46.128 [INFO]  [Validating] > work action resolve detekt-metrics-1.23.0.jar (project :detekt-metrics) (Thread[Execution worker Thread 6,5,main]) started.
13:26:46.128 [INFO]  [Validating] > work action resolve detekt-rules-1.23.0.jar (project :detekt-rules) (Thread[Execution worker Thread 4,5,main]) started.
13:26:46.128 [INFO]  [Validating] > 
13:26:46.128 [INFO]  [Validating] > > Task :detekt-rules-style:compileKotlin UP-TO-DATE
13:26:46.128 [INFO]  [Validating] > Transforming main with ClasspathEntrySnapshotTransform
13:26:46.128 [INFO]  [Validating] > Transforming main with ClasspathEntrySnapshotTransform
13:26:46.128 [INFO]  [Validating] > Transforming main with ClasspathEntrySnapshotTransform
13:26:46.128 [INFO]  [Validating] > Transforming main with ClasspathEntrySnapshotTransform
13:26:46.129 [INFO]  [Validating] > Transforming kotlin-stdlib-jdk8-1.8.22.jar with ClasspathEntrySnapshotTransform
13:26:46.129 [INFO]  [Validating] > Transforming kotlin-stdlib-jdk7-1.8.22.jar with ClasspathEntrySnapshotTransform
13:26:46.129 [INFO]  [Validating] > Transforming kotlin-stdlib-1.8.22.jar with ClasspathEntrySnapshotTransform
13:26:46.129 [INFO]  [Validating] > Transforming kotlin-compiler-embeddable-1.8.22.jar with ClasspathEntrySnapshotTransform
13:26:46.129 [INFO]  [Validating] > Transforming kotlin-stdlib-common-1.8.22.jar with ClasspathEntrySnapshotTransform
13:26:46.129 [INFO]  [Validating] > Transforming annotations-13.0.jar with ClasspathEntrySnapshotTransform
13:26:46.129 [INFO]  [Validating] > Build cache key for task ':detekt-rules-style:compileKotlin' is 2460ccfac4f787be03b39d8f7c4ee331
13:26:46.129 [INFO]  [Validating] > Skipping task ':detekt-rules-style:compileKotlin' as it is up-to-date.
13:26:46.129 [INFO]  [Validating] > Resolve mutations for :detekt-rules-style:compileJava (Thread[Execution worker Thread 2,5,main]) started.
13:26:46.129 [INFO]  [Validating] > work action resolve detekt-cli-1.23.0.jar (project :detekt-cli) (Thread[Execution worker Thread 4,5,main]) started.
13:26:46.129 [INFO]  [Validating] > work action resolve detekt-parser-1.23.0.jar (project :detekt-parser) (Thread[Execution worker Thread 6,5,main]) started.
13:26:46.129 [INFO]  [Validating] > work action resolve detekt-rules-naming-1.23.0.jar (project :detekt-rules-naming) (Thread[Execution worker Thread 7,5,main]) started.
13:26:46.129 [INFO]  [Validating] > work action resolve main (project :detekt-test-utils) (Thread[Execution worker Thread 6,5,main]) started.
13:26:46.129 [INFO]  [Validating] > work action resolve main (project :detekt-core) (Thread[Execution worker Thread 6,5,main]) started.
13:26:46.129 [INFO]  [Validating] > work action resolve main (project :detekt-core) (Thread[Execution worker Thread 6,5,main]) started.
13:26:46.129 [INFO]  [Validating] > Resolve mutations for :detekt-test-utils:compileJava (Thread[Execution worker Thread 4,5,main]) started.
13:26:46.129 [INFO]  [Validating] > 
13:26:46.129 [INFO]  [Validating] > > Task :detekt-report-md:jar UP-TO-DATE
13:26:46.129 [INFO]  [Validating] > Caching disabled for task ':detekt-report-md:jar' because:
13:26:46.129 [INFO]  [Validating] >   Not worth caching
13:26:46.129 [INFO]  [Validating] > Skipping task ':detekt-report-md:jar' as it is up-to-date.
13:26:46.129 [INFO]  [Validating] > :detekt-rules-style:compileJava (Thread[Execution worker Thread 2,5,main]) started.
13:26:46.129 [INFO]  [Validating] > work action resolve detekt-report-md-1.23.0.jar (project :detekt-report-md) (Thread[Execution worker Thread 3,5,main]) started.
13:26:46.129 [INFO]  [Validating] > work action resolve main (project :detekt-core) (Thread[Execution worker Thread 7,5,main]) started.
13:26:46.129 [INFO]  [Validating] > :detekt-test-utils:compileJava (Thread[Execution worker Thread 4,5,main]) started.
13:26:46.129 [INFO]  [Validating] > 
13:26:46.129 [INFO]  [Validating] > > Task :detekt-rules-complexity:jar UP-TO-DATE
13:26:46.129 [INFO]  [Validating] > Caching disabled for task ':detekt-rules-complexity:jar' because:
13:26:46.129 [INFO]  [Validating] >   Not worth caching
13:26:46.129 [INFO]  [Validating] > Skipping task ':detekt-rules-complexity:jar' as it is up-to-date.
13:26:46.129 [INFO]  [Validating] > 
13:26:46.129 [INFO]  [Validating] > > Task :detekt-rules-errorprone:jar UP-TO-DATE
13:26:46.129 [INFO]  [Validating] > Caching disabled for task ':detekt-rules-errorprone:jar' because:
13:26:46.129 [INFO]  [Validating] >   Not worth caching
13:26:46.129 [INFO]  [Validating] > Skipping task ':detekt-rules-errorprone:jar' as it is up-to-date.
13:26:46.129 [INFO]  [Validating] > work action resolve detekt-rules-errorprone-1.23.0.jar (project :detekt-rules-errorprone) (Thread[included builds,5,main]) started.
13:26:46.129 [INFO]  [Validating] > work action resolve detekt-rules-complexity-1.23.0.jar (project :detekt-rules-complexity) (Thread[Execution worker,5,main]) started.
13:26:46.129 [INFO]  [Validating] > 
13:26:46.129 [INFO]  [Validating] > > Task :detekt-rules-style:compileJava NO-SOURCE
13:26:46.129 [INFO]  [Validating] > Skipping task ':detekt-rules-style:compileJava' as it has no source files and no previous output files.
13:26:46.129 [INFO]  [Validating] > Resolve mutations for :detekt-rules-style:classes (Thread[Execution worker Thread 2,5,main]) started.
13:26:46.129 [INFO]  [Validating] > :detekt-rules-style:classes (Thread[Execution worker Thread 2,5,main]) started.
13:26:46.129 [INFO]  [Validating] > 
13:26:46.129 [INFO]  [Validating] > > Task :detekt-rules-style:classes UP-TO-DATE
13:26:46.129 [INFO]  [Validating] > Skipping task ':detekt-rules-style:classes' as it has no actions.
13:26:46.129 [INFO]  [Validating] > Resolve mutations for :detekt-rules-style:jar (Thread[Execution worker Thread 2,5,main]) started.
13:26:46.129 [INFO]  [Validating] > :detekt-rules-style:jar (Thread[Execution worker Thread 2,5,main]) started.
13:26:46.129 [INFO]  [Validating] > 
13:26:46.129 [INFO]  [Validating] > > Task :detekt-test-utils:compileJava NO-SOURCE
13:26:46.129 [INFO]  [Validating] > Skipping task ':detekt-test-utils:compileJava' as it has no source files and no previous output files.
13:26:46.129 [INFO]  [Validating] > work action resolve main (project :detekt-test-utils) (Thread[Execution worker Thread 4,5,main]) started.
13:26:46.129 [INFO]  [Validating] > work action resolve main (project :detekt-test-utils) (Thread[Execution worker Thread 3,5,main]) started.
13:26:46.129 [INFO]  [Validating] > Resolve mutations for :detekt-test-utils:classes (Thread[Execution worker Thread 4,5,main]) started.
13:26:46.129 [INFO]  [Validating] > Resolve mutations for :detekt-test:compileKotlin (Thread[Execution worker Thread 3,5,main]) started.
13:26:46.129 [INFO]  [Validating] > :detekt-test-utils:classes (Thread[Execution worker Thread 4,5,main]) started.
13:26:46.129 [INFO]  [Validating] > 
13:26:46.129 [INFO]  [Validating] > > Task :detekt-test-utils:classes UP-TO-DATE
13:26:46.129 [INFO]  [Validating] > Skipping task ':detekt-test-utils:classes' as it has no actions.
13:26:46.129 [INFO]  [Validating] > Resolve mutations for :detekt-test-utils:jar (Thread[Execution worker Thread 4,5,main]) started.
13:26:46.129 [INFO]  [Validating] > :detekt-test:compileKotlin (Thread[Execution worker Thread 3,5,main]) started.
13:26:46.129 [INFO]  [Validating] > :detekt-test-utils:jar (Thread[Execution worker Thread 4,5,main]) started.
13:26:46.129 [INFO]  [Validating] > 
13:26:46.129 [INFO]  [Validating] > > Task :detekt-core:jar UP-TO-DATE
13:26:46.129 [INFO]  [Validating] > Caching disabled for task ':detekt-core:jar' because:
13:26:46.129 [INFO]  [Validating] >   Not worth caching
13:26:46.129 [INFO]  [Validating] > Skipping task ':detekt-core:jar' as it is up-to-date.
13:26:46.129 [INFO]  [Validating] > work action resolve detekt-core-1.23.0.jar (project :detekt-core) (Thread[Execution worker Thread 8,5,main]) started.
13:26:46.129 [INFO]  [Validating] > 
13:26:46.129 [INFO]  [Validating] > > Task :detekt-tooling:jar UP-TO-DATE
13:26:46.129 [INFO]  [Validating] > Caching disabled for task ':detekt-tooling:jar' because:
13:26:46.129 [INFO]  [Validating] >   Not worth caching
13:26:46.129 [INFO]  [Validating] > Skipping task ':detekt-tooling:jar' as it is up-to-date.
13:26:46.129 [INFO]  [Validating] > 
13:26:46.129 [INFO]  [Validating] > > Task :detekt-rules-performance:jar UP-TO-DATE
13:26:46.129 [INFO]  [Validating] > Caching disabled for task ':detekt-rules-performance:jar' because:
13:26:46.129 [INFO]  [Validating] >   Not worth caching
13:26:46.129 [INFO]  [Validating] > Skipping task ':detekt-rules-performance:jar' as it is up-to-date.
13:26:46.129 [INFO]  [Validating] > work action resolve detekt-tooling-1.23.0.jar (project :detekt-tooling) (Thread[Execution worker Thread 9,5,main]) started.
13:26:46.129 [INFO]  [Validating] > work action resolve detekt-rules-performance-1.23.0.jar (project :detekt-rules-performance) (Thread[Execution worker Thread 5,5,main]) started.
13:26:46.129 [INFO]  [Validating] > 
13:26:46.129 [INFO]  [Validating] > > Task :detekt-test:compileKotlin UP-TO-DATE
13:26:46.129 [INFO]  [Validating] > Transforming main with ClasspathEntrySnapshotTransform
13:26:46.129 [INFO]  [Validating] > Transforming main with ClasspathEntrySnapshotTransform
13:26:46.129 [INFO]  [Validating] > Transforming main with ClasspathEntrySnapshotTransform
13:26:46.129 [INFO]  [Validating] > Transforming main with ClasspathEntrySnapshotTransform
13:26:46.129 [INFO]  [Validating] > Transforming main with ClasspathEntrySnapshotTransform
13:26:46.129 [INFO]  [Validating] > Transforming main with ClasspathEntrySnapshotTransform
13:26:46.129 [INFO]  [Validating] > Transforming main with ClasspathEntrySnapshotTransform
13:26:46.129 [INFO]  [Validating] > Transforming kotlin-stdlib-jdk8-1.8.22.jar with ClasspathEntrySnapshotTransform
13:26:46.129 [INFO]  [Validating] > Transforming assertj-core-3.24.2.jar with ClasspathEntrySnapshotTransform
13:26:46.129 [INFO]  [Validating] > Transforming kotlin-compiler-embeddable-1.8.22.jar with ClasspathEntrySnapshotTransform
13:26:46.129 [INFO]  [Validating] > Transforming junit-platform-commons-1.9.3.jar with ClasspathEntrySnapshotTransform
13:26:46.129 [INFO]  [Validating] > Transforming junit-jupiter-api-5.9.3.jar with ClasspathEntrySnapshotTransform
13:26:46.129 [INFO]  [Validating] > Transforming kotlin-stdlib-jdk7-1.8.22.jar with ClasspathEntrySnapshotTransform
13:26:46.129 [INFO]  [Validating] > Transforming kotlin-stdlib-1.8.22.jar with ClasspathEntrySnapshotTransform
13:26:46.129 [INFO]  [Validating] > Transforming byte-buddy-1.12.21.jar with ClasspathEntrySnapshotTransform
13:26:46.129 [INFO]  [Validating] > Transforming opentest4j-1.2.0.jar with ClasspathEntrySnapshotTransform
13:26:46.129 [INFO]  [Validating] > Transforming apiguardian-api-1.1.2.jar with ClasspathEntrySnapshotTransform
13:26:46.129 [INFO]  [Validating] > Transforming kotlin-stdlib-common-1.8.22.jar with ClasspathEntrySnapshotTransform
13:26:46.129 [INFO]  [Validating] > Transforming annotations-13.0.jar with ClasspathEntrySnapshotTransform
13:26:46.129 [INFO]  [Validating] > Build cache key for task ':detekt-test:compileKotlin' is 3b4e9cc97ddb472bf0406062a9c686d1
13:26:46.129 [INFO]  [Validating] > Skipping task ':detekt-test:compileKotlin' as it is up-to-date.
13:26:46.129 [INFO]  [Validating] > Resolve mutations for :detekt-test:compileJava (Thread[Execution worker Thread 3,5,main]) started.
13:26:46.129 [INFO]  [Validating] > work action resolve main (project :detekt-test) (Thread[Execution worker Thread 5,5,main]) started.
13:26:46.129 [INFO]  [Validating] > :detekt-test:compileJava (Thread[Execution worker Thread 3,5,main]) started.
13:26:46.130 [INFO]  [Validating] > 
13:26:46.130 [INFO]  [Validating] > > Task :detekt-test:compileJava NO-SOURCE
13:26:46.130 [INFO]  [Validating] > Skipping task ':detekt-test:compileJava' as it has no source files and no previous output files.
13:26:46.130 [INFO]  [Validating] > work action resolve main (project :detekt-test) (Thread[Execution worker Thread 3,5,main]) started.
13:26:46.130 [INFO]  [Validating] > Resolve mutations for :detekt-test:classes (Thread[Execution worker Thread 3,5,main]) started.
13:26:46.130 [INFO]  [Validating] > work action resolve main (project :detekt-test) (Thread[Execution worker Thread 6,5,main]) started.
13:26:46.130 [INFO]  [Validating] > :detekt-test:classes (Thread[Execution worker Thread 3,5,main]) started.
13:26:46.130 [INFO]  [Validating] > 
13:26:46.130 [INFO]  [Validating] > > Task :detekt-test:classes UP-TO-DATE
13:26:46.130 [INFO]  [Validating] > Skipping task ':detekt-test:classes' as it has no actions.
13:26:46.130 [INFO]  [Validating] > Resolve mutations for :detekt-test:jar (Thread[Execution worker Thread 3,5,main]) started.
13:26:46.130 [INFO]  [Validating] > :detekt-test:jar (Thread[Execution worker Thread 3,5,main]) started.
13:26:46.130 [INFO]  [Validating] > 
13:26:46.130 [INFO]  [Validating] > > Task :detekt-rules-style:jar UP-TO-DATE
13:26:46.130 [INFO]  [Validating] > Caching disabled for task ':detekt-rules-style:jar' because:
13:26:46.130 [INFO]  [Validating] >   Not worth caching
13:26:46.130 [INFO]  [Validating] > Skipping task ':detekt-rules-style:jar' as it is up-to-date.
13:26:46.130 [INFO]  [Validating] > 
13:26:46.130 [INFO]  [Validating] > > Task :detekt-test-utils:jar UP-TO-DATE
13:26:46.130 [INFO]  [Validating] > Caching disabled for task ':detekt-test-utils:jar' because:
13:26:46.130 [INFO]  [Validating] >   Not worth caching
13:26:46.130 [INFO]  [Validating] > Skipping task ':detekt-test-utils:jar' as it is up-to-date.
13:26:46.130 [INFO]  [Validating] > work action resolve detekt-rules-style-1.23.0.jar (project :detekt-rules-style) (Thread[Execution worker Thread 2,5,main]) started.
13:26:46.130 [INFO]  [Validating] > work action resolve detekt-test-utils-1.23.0.jar (project :detekt-test-utils) (Thread[Execution worker Thread 4,5,main]) started.
13:26:46.130 [INFO]  [Validating] > Resolve mutations for :detekt-generator:generateDocumentation (Thread[Execution worker Thread 2,5,main]) started.
13:26:46.130 [INFO]  [Validating] > :detekt-generator:generateDocumentation (Thread[Execution worker Thread 2,5,main]) started.
13:26:46.130 [INFO]  [Validating] > 
13:26:46.130 [INFO]  [Validating] > > Task :detekt-test:jar UP-TO-DATE
13:26:46.130 [INFO]  [Validating] > Caching disabled for task ':detekt-test:jar' because:
13:26:46.130 [INFO]  [Validating] >   Not worth caching
13:26:46.130 [INFO]  [Validating] > Skipping task ':detekt-test:jar' as it is up-to-date.
13:26:46.130 [INFO]  [Validating] > work action resolve detekt-test-1.23.0.jar (project :detekt-test) (Thread[Execution worker Thread 3,5,main]) started.
13:26:46.130 [INFO]  [Validating] > 
13:26:46.130 [INFO]  [Validating] > > Task :detekt-generator:generateDocumentation UP-TO-DATE
13:26:46.130 [INFO]  [Validating] > Caching disabled for task ':detekt-generator:generateDocumentation' because:
13:26:46.130 [INFO]  [Validating] >   Gradle would require more information to cache this task
13:26:46.130 [INFO]  [Validating] > Skipping task ':detekt-generator:generateDocumentation' as it is up-to-date.
13:26:46.130 [INFO]  [Validating] > work action resolve config.yml (project :detekt-generator) (Thread[Execution worker Thread 2,5,main]) started.
13:26:46.130 [INFO]  [Validating] > Resolve mutations for :detekt-rules-ruleauthors:processResources (Thread[Execution worker Thread 2,5,main]) started.
13:26:46.130 [INFO]  [Validating] > :detekt-rules-ruleauthors:processResources (Thread[Execution worker Thread 2,5,main]) started.
13:26:46.130 [INFO]  [Validating] > 
13:26:46.130 [INFO]  [Validating] > > Task :detekt-rules-ruleauthors:processResources UP-TO-DATE
13:26:46.130 [INFO]  [Validating] > Caching disabled for task ':detekt-rules-ruleauthors:processResources' because:
13:26:46.130 [INFO]  [Validating] >   Not worth caching
13:26:46.130 [INFO]  [Validating] > Skipping task ':detekt-rules-ruleauthors:processResources' as it is up-to-date.
13:26:46.130 [INFO]  [Validating] > Resolve mutations for :detekt-rules-ruleauthors:classes (Thread[Execution worker Thread 2,5,main]) started.
13:26:46.130 [INFO]  [Validating] > :detekt-rules-ruleauthors:classes (Thread[Execution worker Thread 2,5,main]) started.
13:26:46.130 [INFO]  [Validating] > 
13:26:46.130 [INFO]  [Validating] > > Task :detekt-rules-ruleauthors:classes UP-TO-DATE
13:26:46.130 [INFO]  [Validating] > Skipping task ':detekt-rules-ruleauthors:classes' as it has no actions.
13:26:46.130 [INFO]  [Validating] > Resolve mutations for :detekt-rules-ruleauthors:compileTestKotlin (Thread[Execution worker Thread 2,5,main]) started.
13:26:46.130 [INFO]  [Validating] > :detekt-rules-ruleauthors:compileTestKotlin (Thread[Execution worker Thread 2,5,main]) started.
13:26:46.130 [INFO]  [Validating] > 
13:26:46.130 [INFO]  [Validating] > > Task :detekt-rules-ruleauthors:compileTestKotlin FROM-CACHE
13:26:46.130 [INFO]  [Validating] > Transforming main with ClasspathEntrySnapshotTransform
13:26:46.130 [INFO]  [Validating] > Transforming main with ClasspathEntrySnapshotTransform
13:26:46.130 [INFO]  [Validating] > Transforming main with ClasspathEntrySnapshotTransform
13:26:46.130 [INFO]  [Validating] > Transforming assertj-core-3.24.2.jar with ClasspathEntrySnapshotTransform
13:26:46.130 [INFO]  [Validating] > Transforming main with ClasspathEntrySnapshotTransform
13:26:46.130 [INFO]  [Validating] > Transforming junit-jupiter-params-5.9.3.jar with ClasspathEntrySnapshotTransform
13:26:46.130 [INFO]  [Validating] > Transforming junit-jupiter-api-5.9.3.jar with ClasspathEntrySnapshotTransform
13:26:46.130 [INFO]  [Validating] > Transforming junit-platform-commons-1.9.3.jar with ClasspathEntrySnapshotTransform
13:26:46.130 [INFO]  [Validating] > Transforming junit-jupiter-5.9.3.jar with ClasspathEntrySnapshotTransform
13:26:46.130 [INFO]  [Validating] > Transforming main with ClasspathEntrySnapshotTransform
13:26:46.130 [INFO]  [Validating] > Transforming main with ClasspathEntrySnapshotTransform
13:26:46.130 [INFO]  [Validating] > Transforming kotlin-stdlib-jdk8-1.8.22.jar with ClasspathEntrySnapshotTransform
13:26:46.130 [INFO]  [Validating] > Transforming kotlin-stdlib-jdk7-1.8.22.jar with ClasspathEntrySnapshotTransform
13:26:46.130 [INFO]  [Validating] > Transforming kotlin-stdlib-1.8.22.jar with ClasspathEntrySnapshotTransform
13:26:46.130 [INFO]  [Validating] > Transforming kotlin-stdlib-common-1.8.22.jar with ClasspathEntrySnapshotTransform
13:26:46.130 [INFO]  [Validating] > Transforming annotations-13.0.jar with ClasspathEntrySnapshotTransform
13:26:46.130 [INFO]  [Validating] > Transforming kotlin-compiler-embeddable-1.8.22.jar with ClasspathEntrySnapshotTransform
13:26:46.130 [INFO]  [Validating] > Transforming byte-buddy-1.12.21.jar with ClasspathEntrySnapshotTransform
13:26:46.130 [INFO]  [Validating] > Transforming opentest4j-1.2.0.jar with ClasspathEntrySnapshotTransform
13:26:46.130 [INFO]  [Validating] > Transforming apiguardian-api-1.1.2.jar with ClasspathEntrySnapshotTransform
13:26:46.130 [INFO]  [Validating] > Build cache key for task ':detekt-rules-ruleauthors:compileTestKotlin' is 4bb1e20f5bb83bc0de224353d0c06d4b
13:26:46.130 [INFO]  [Validating] > Task ':detekt-rules-ruleauthors:compileTestKotlin' is not up-to-date because:
13:26:46.130 [INFO]  [Validating] >   Input property 'javaSources' file /Users/mnedzelskii/gits/detekt/detekt-rules-ruleauthors/src/test/java/DummyJUnitJupiterLauncherDiffblueTest.java has been removed.
13:26:46.130 [INFO]  [Validating] >   Input property 'javaSources' file /Users/mnedzelskii/gits/detekt/detekt-rules-ruleauthors/src/test/java/io/gitlab/arturbosch/detekt/authors/RuleAuthorsProviderDiffblueTest.java has been added.
13:26:46.130 [INFO]  [Validating] > Loaded cache entry for task ':detekt-rules-ruleauthors:compileTestKotlin' with cache key 4bb1e20f5bb83bc0de224353d0c06d4b
13:26:46.130 [INFO]  [Validating] > Resolve mutations for :detekt-rules-ruleauthors:compileTestJava (Thread[Execution worker Thread 2,5,main]) started.
13:26:46.130 [INFO]  [Validating] > :detekt-rules-ruleauthors:compileTestJava (Thread[Execution worker Thread 2,5,main]) started.
13:26:46.130 [INFO]  [Validating] > 
13:26:46.130 [INFO]  [Validating] > > Task :detekt-rules-ruleauthors:compileTestJava FROM-CACHE
13:26:46.130 [INFO]  [Validating] > Build cache key for task ':detekt-rules-ruleauthors:compileTestJava' is bb74f274ef8bc2574ebbb72481f27f8b
13:26:46.130 [INFO]  [Validating] > Task ':detekt-rules-ruleauthors:compileTestJava' is not up-to-date because:
13:26:46.130 [INFO]  [Validating] >   Input property 'stableSources' file /Users/mnedzelskii/gits/detekt/detekt-rules-ruleauthors/src/test/java/DummyJUnitJupiterLauncherDiffblueTest.java has been removed.
13:26:46.130 [INFO]  [Validating] >   Input property 'stableSources' file /Users/mnedzelskii/gits/detekt/detekt-rules-ruleauthors/src/test/java/io/gitlab/arturbosch/detekt/authors/RuleAuthorsProviderDiffblueTest.java has been added.
13:26:46.130 [INFO]  [Validating] > Loaded cache entry for task ':detekt-rules-ruleauthors:compileTestJava' with cache key bb74f274ef8bc2574ebbb72481f27f8b
13:26:46.130 [INFO]  [Validating] > Resolve mutations for :detekt-rules-ruleauthors:testClasses (Thread[Execution worker Thread 2,5,main]) started.
13:26:46.130 [INFO]  [Validating] > :detekt-rules-ruleauthors:testClasses (Thread[Execution worker Thread 2,5,main]) started.
13:26:46.130 [INFO]  [Validating] > 
13:26:46.130 [INFO]  [Validating] > > Task :detekt-rules-ruleauthors:testClasses UP-TO-DATE
13:26:46.130 [INFO]  [Validating] > Skipping task ':detekt-rules-ruleauthors:testClasses' as it has no actions.
13:26:46.130 [INFO]  [Validating] > Resolve mutations for :detekt-rules-ruleauthors:test (Thread[Execution worker Thread 2,5,main]) started.
13:26:46.130 [INFO]  [Validating] > :detekt-rules-ruleauthors:test (Thread[Execution worker Thread 2,5,main]) started.
13:26:46.130 [INFO]  [Validating] > 
13:26:46.130 [INFO]  [Validating] > > Task :detekt-rules-ruleauthors:test FROM-CACHE
13:26:46.130 [INFO]  [Validating] > Build cache key for task ':detekt-rules-ruleauthors:test' is a3b9853e71b580496ed63d5fe75eee2d
13:26:46.130 [INFO]  [Validating] > Task ':detekt-rules-ruleauthors:test' is not up-to-date because:
13:26:46.130 [INFO]  [Validating] >   Value of input property 'filter.failOnNoMatchingTests' has changed for task ':detekt-rules-ruleauthors:test'
13:26:46.130 [INFO]  [Validating] >   Value of input property 'filter.includePatterns' has changed for task ':detekt-rules-ruleauthors:test'
13:26:46.130 [INFO]  [Validating] > Loaded cache entry for task ':detekt-rules-ruleauthors:test' with cache key a3b9853e71b580496ed63d5fe75eee2d
13:26:46.130 [INFO]  [Validating] > 
13:26:46.130 [INFO]  [Validating] > BUILD SUCCESSFUL in 352ms
13:26:46.130 [INFO]  [Validating] > 74 actionable tasks: 3 from cache, 71 up-to-date
13:26:46.130 [INFO]  [Validating] > Watched directory hierarchies: [/Users/mnedzelskii/gits/detekt]
13:26:46.130 [INFO]  [Validating] > Configuration cache entry reused.
13:26:46.130 [INFO]  [Validating] Standard error of build tool (Gradle)
13:26:46.131 [INFO]  [Validating] > 
13:26:46.142 [INFO]  [Validating] 1 created test was successfully validated.
13:26:46.277 [INFO]  [Reporting] Writing JSON report to /Users/mnedzelskii/gits/detekt/detekt-rules-ruleauthors/.diffblue/reports/report.json
13:26:46.304 [INFO]  [Reporting] 
13:26:46.304 [WARN]  [Reporting] Cover completed with warnings
  The following warnings should be addressed to ensure that
  the highest quantity and quality of tests can be created:
-----------------------------------------------------------
13:26:01.239 [WARN]  [Checking] E052: Missing dependency
Unable to mock method inputs because Mockito 2.22.0 or later is not present on the classpath.
Required dependencies were not found.
Please add the following dependencies to your project:
  testImplementation("org.mockito:mockito-core:4.11.0")
13:26:46.304 [INFO]  [Reporting] Log file: /Users/mnedzelskii/gits/detekt/detekt-rules-ruleauthors/.diffblue/log/user-20230706T132550.log
13:26:46.304 [INFO]  [Reporting] Finished in 55s
