13:20:07.423 [INFO]  [Preparing] Diffblue Cover 2023.07.02-SNAPSHOT-0623e01-local
13:20:07.424 [INFO]  [Preparing] 
13:20:07.424 [INFO]  [Preparing] Running: dcover create --working-directory detekt-rules-complexity io.github io.gitlab
13:20:07.581 [INFO]  [Checking] Detecting environment:
13:20:07.581 [INFO]  [Checking] ----------------------
13:20:07.624 [INFO]  [Checking] Detected Java version 11.0.18
13:20:10.210 [INFO]  [Checking] Detected build system: Gradle 8.2
13:20:10.211 [INFO]  [Checking] Operating System: Mac OS X aarch64 13.4.1
13:20:10.211 [INFO]  [Checking] Default charset: UTF-8
13:20:10.211 [INFO]  [Checking] Default locale: en_GB
13:20:10.211 [INFO]  [Checking] Default time zone: Europe/London
13:20:10.213 [INFO]  [Checking] Selected build system: Gradle
13:20:10.215 [INFO]  [Checking] Selected classpath from build system Gradle
13:20:10.216 [INFO]  [Checking] Expanded classpath: 
/Users/mnedzelskii/gits/detekt/detekt-rules-complexity/build/classes/kotlin/test
/Users/mnedzelskii/gits/detekt/detekt-rules-complexity/build/classes/kotlin/main (code under test)
/Users/mnedzelskii/gits/detekt/detekt-rules-complexity/build/resources/test
/Users/mnedzelskii/gits/detekt/detekt-rules-complexity/build/classes/java/main
/Users/mnedzelskii/gits/detekt/detekt-rules-complexity/build/resources/main
/Users/mnedzelskii/gits/detekt/detekt-test/build/libs/detekt-test-1.23.0.jar
/Users/mnedzelskii/gits/detekt/detekt-core/build/libs/detekt-core-1.23.0.jar
/Users/mnedzelskii/gits/detekt/detekt-report-md/build/libs/detekt-report-md-1.23.0.jar
/Users/mnedzelskii/gits/detekt/detekt-metrics/build/libs/detekt-metrics-1.23.0.jar
/Users/mnedzelskii/gits/detekt/detekt-tooling/build/libs/detekt-tooling-1.23.0.jar
/Users/mnedzelskii/gits/detekt/detekt-api/build/libs/detekt-api-1.23.0.jar
/Users/mnedzelskii/gits/detekt/detekt-test-utils/build/libs/detekt-test-utils-1.23.0.jar
/Users/mnedzelskii/gits/detekt/detekt-report-html/build/libs/detekt-report-html-1.23.0.jar
/Users/mnedzelskii/gits/detekt/detekt-utils/build/libs/detekt-utils-1.23.0.jar
/Users/mnedzelskii/gits/detekt/detekt-parser/build/libs/detekt-parser-1.23.0.jar
/Users/mnedzelskii/gits/detekt/detekt-psi-utils/build/libs/detekt-psi-utils-1.23.0.jar
/Users/mnedzelskii/gits/detekt/detekt-report-txt/build/libs/detekt-report-txt-1.23.0.jar
/Users/mnedzelskii/gits/detekt/detekt-report-xml/build/libs/detekt-report-xml-1.23.0.jar
/Users/mnedzelskii/gits/detekt/detekt-report-sarif/build/libs/detekt-report-sarif-1.23.0.jar
/Users/mnedzelskii/.gradle/caches/modules-2/files-2.1/org.jetbrains.kotlinx/kotlinx-coroutines-core-jvm/1.7.2/27cb5db69aeef59d8cc2a2cc2be4200f26091e72/kotlinx-coroutines-core-jvm-1.7.2.jar
/Users/mnedzelskii/.gradle/caches/modules-2/files-2.1/io.github.detekt.sarif4k/sarif4k-jvm/0.4.0/d3060993cd73b57ee61b260841bedcabb7dcbb02/sarif4k-jvm-0.4.0.jar
/Users/mnedzelskii/.gradle/caches/modules-2/files-2.1/org.jetbrains.kotlinx/kotlinx-serialization-json-jvm/1.4.1/e6430b33f06dcdff88998abfcb2e78bc3cd0a1f6/kotlinx-serialization-json-jvm-1.4.1.jar
/Users/mnedzelskii/.gradle/caches/modules-2/files-2.1/org.jetbrains.kotlinx/kotlinx-serialization-core-jvm/1.4.1/e0c2c11e5d0d541ca343c8f09602c0c2287d15a1/kotlinx-serialization-core-jvm-1.4.1.jar
/Users/mnedzelskii/.gradle/caches/modules-2/files-2.1/org.jetbrains.kotlin/kotlin-stdlib-jdk8/1.8.22/b25c86d47d6b962b9cf0f8c3f320c8a10eea3dd1/kotlin-stdlib-jdk8-1.8.22.jar
/Users/mnedzelskii/.gradle/caches/modules-2/files-2.1/org.assertj/assertj-core/3.24.2/ebbf338e33f893139459ce5df023115971c2786f/assertj-core-3.24.2.jar
/Users/mnedzelskii/.gradle/caches/modules-2/files-2.1/org.junit.jupiter/junit-jupiter-engine/5.9.3/355322b03bf39306a183162cd06626c206f0286b/junit-jupiter-engine-5.9.3.jar
/Users/mnedzelskii/.gradle/caches/modules-2/files-2.1/org.junit.jupiter/junit-jupiter-params/5.9.3/9e2a4bf6016a1975f408a73523392875cff7c26f/junit-jupiter-params-5.9.3.jar
/Users/mnedzelskii/.gradle/caches/modules-2/files-2.1/org.junit.jupiter/junit-jupiter-api/5.9.3/815818ad6ffcc8d320d8fbdf3d748c753cf83201/junit-jupiter-api-5.9.3.jar
/Users/mnedzelskii/.gradle/caches/modules-2/files-2.1/org.junit.platform/junit-platform-launcher/1.9.3/485650bfe2a2f39b606a6ca013285afda2eaee79/junit-platform-launcher-1.9.3.jar
/Users/mnedzelskii/.gradle/caches/modules-2/files-2.1/org.junit.platform/junit-platform-engine/1.9.3/8616734a190f8d307376aeb7353dba0a2c037a09/junit-platform-engine-1.9.3.jar
/Users/mnedzelskii/.gradle/caches/modules-2/files-2.1/org.junit.platform/junit-platform-commons/1.9.3/36b2e26a90c41603be7f0094bee80e3f8a2cd4d4/junit-platform-commons-1.9.3.jar
/Users/mnedzelskii/.gradle/caches/modules-2/files-2.1/org.junit.jupiter/junit-jupiter/5.9.3/72e840501e1550e9799c9a5cc9483d7d6b29e0ba/junit-jupiter-5.9.3.jar
/Users/mnedzelskii/.gradle/caches/modules-2/files-2.1/org.jetbrains.kotlin/kotlin-stdlib-jdk7/1.8.22/4dabb8248310d833bb6a8b516024a91fd3d275c/kotlin-stdlib-jdk7-1.8.22.jar
/Users/mnedzelskii/.gradle/caches/modules-2/files-2.1/org.jetbrains.kotlin/kotlin-compiler-embeddable/1.8.22/e2cf111da088dc807a74157741b4cd4b664edfb7/kotlin-compiler-embeddable-1.8.22.jar
/Users/mnedzelskii/.gradle/caches/modules-2/files-2.1/org.jetbrains.kotlin/kotlin-main-kts/1.8.22/2b1a8c5bfeb080adb7358a936c90792ce83e305a/kotlin-main-kts-1.8.22.jar
/Users/mnedzelskii/.gradle/caches/modules-2/files-2.1/org.jetbrains.kotlin/kotlin-reflect/1.8.22/b52be44bc57cb6fd2169a29aefa4507c4e49c858/kotlin-reflect-1.8.22.jar
/Users/mnedzelskii/.gradle/caches/modules-2/files-2.1/org.jetbrains.kotlin/kotlin-scripting-compiler-embeddable/1.8.22/3ab8e0416ba65a54c227c806cc034a462a08ff7/kotlin-scripting-compiler-embeddable-1.8.22.jar
/Users/mnedzelskii/.gradle/caches/modules-2/files-2.1/org.jetbrains.kotlin/kotlin-scripting-compiler-impl-embeddable/1.8.22/5703e4c2d1596a35912296fe484400d19129b3d2/kotlin-scripting-compiler-impl-embeddable-1.8.22.jar
/Users/mnedzelskii/.gradle/caches/modules-2/files-2.1/org.jetbrains.kotlin/kotlin-scripting-jvm/1.8.22/3291898dd4e49d49b921cd7baf679399ddfcd49d/kotlin-scripting-jvm-1.8.22.jar
/Users/mnedzelskii/.gradle/caches/modules-2/files-2.1/org.jetbrains.kotlin/kotlin-scripting-common/1.8.22/2ceb06ea7e19b183f3363ca8961be973c232937a/kotlin-scripting-common-1.8.22.jar
/Users/mnedzelskii/.gradle/caches/modules-2/files-2.1/org.jetbrains.kotlin/kotlin-stdlib/1.8.22/636bf8b320e7627482771bbac9ed7246773c02bd/kotlin-stdlib-1.8.22.jar
/Users/mnedzelskii/.gradle/caches/modules-2/files-2.1/org.jetbrains.kotlin/kotlin-stdlib-common/1.8.22/1a8e3601703ae14bb58757ea6b2d8e8e5935a586/kotlin-stdlib-common-1.8.22.jar
/Users/mnedzelskii/.gradle/caches/modules-2/files-2.1/org.jetbrains/annotations/13.0/919f0dfe192fb4e063e7dacadee7f8bb9a2672a9/annotations-13.0.jar
/Users/mnedzelskii/.gradle/caches/modules-2/files-2.1/org.opentest4j/opentest4j/1.2.0/28c11eb91f9b6d8e200631d46e20a7f407f2a046/opentest4j-1.2.0.jar
/Users/mnedzelskii/.gradle/caches/modules-2/files-2.1/net.bytebuddy/byte-buddy/1.12.21/1a257bbdb9288f2558d3767cc2cc22b499d5091c/byte-buddy-1.12.21.jar
/Users/mnedzelskii/.gradle/caches/modules-2/files-2.1/org.snakeyaml/snakeyaml-engine/2.6/235a7e571b33eda1a81e0f73a3173ef95dd020e5/snakeyaml-engine-2.6.jar
/Users/mnedzelskii/.gradle/caches/modules-2/files-2.1/org.jetbrains.kotlin/kotlin-script-runtime/1.8.22/ce5ff1f309623f8c1be5143bdba032c4a04cec3a/kotlin-script-runtime-1.8.22.jar
/Users/mnedzelskii/.gradle/caches/modules-2/files-2.1/org.jetbrains.kotlin/kotlin-daemon-embeddable/1.8.22/7d9f7e06a59d2fcbc9b373400c146f42fd722e81/kotlin-daemon-embeddable-1.8.22.jar
/Users/mnedzelskii/.gradle/caches/modules-2/files-2.1/org.jetbrains.intellij.deps/trove4j/1.0.20200330/3afb14d5f9ceb459d724e907a21145e8ff394f02/trove4j-1.0.20200330.jar
/Users/mnedzelskii/.gradle/caches/modules-2/files-2.1/net.java.dev.jna/jna/5.6.0/330f2244e9030119ab3030fc3fededc86713d9cc/jna-5.6.0.jar
/Users/mnedzelskii/.gradle/caches/modules-2/files-2.1/io.github.davidburstrom.contester/contester-breakpoint/0.2.0/a560e5402378928e889b2eab0cc958cbed8cfe5e/contester-breakpoint-0.2.0.jar
/Users/mnedzelskii/.gradle/caches/modules-2/files-2.1/org.jetbrains.kotlinx/kotlinx-html-jvm/0.8.1/1395513588aabf353f15a9f8023098651f1d76a/kotlinx-html-jvm-0.8.1.jar
13:20:10.474 [INFO]  [Checking] Detected test framework: JUnit Jupiter 5.9.3
13:20:10.483 [INFO]  [Checking] Detected JUnit Jupiter Engine version 5.9.3
13:20:10.492 [INFO]  [Checking] Detected JUnit Jupiter Params version 5.9.3
13:20:10.583 [INFO]  [Checking] Selected test output directory: /Users/mnedzelskii/gits/detekt/detekt-rules-complexity/src/test/java
13:20:10.585 [INFO]  [Checking] Selected test framework: JUnit Jupiter
13:20:10.669 [INFO]  [Checking] Running: Using JAVA_HOME: /Users/mnedzelskii/.sdkman/candidates/java/current : in /Users/mnedzelskii/gits/detekt/detekt-rules-complexity : gradle test -i  DummyJupiterDiffblueTest
13:20:12.540 [INFO]  [Checking] Running: Using JAVA_HOME: /Users/mnedzelskii/.sdkman/candidates/java/current : in /Users/mnedzelskii/gits/detekt/detekt-rules-complexity : gradle test -i  DummyJUnitJupiterLauncherDiffblueTest
13:20:14.345 [INFO]  [Checking] Detected JVM architecture: 64-Bit
13:20:14.349 [INFO]  [Checking] Indexing...
13:20:17.613 [INFO]  [Checking] Selected Java language compliance level: 1.8
13:20:17.614 [INFO]  [Checking] Selected test validation: enabled
13:20:17.616 [INFO]  [Checking] Prefixes for filtering classes/methods:
13:20:17.616 [INFO]  [Checking] - io.github
13:20:17.617 [INFO]  [Checking] - io.gitlab
13:20:17.617 [INFO]  [Checking] Gathering methods to test...
13:20:18.853 [WARN]  [Checking] E052: Missing dependency
Unable to mock method inputs because Mockito 2.22.0 or later is not present on the classpath.
Required dependencies were not found.
Please add the following dependencies to your project:
  testImplementation("org.mockito:mockito-core:4.11.0")
13:20:18.867 [INFO]  [Reporting] 
13:20:18.867 [INFO]  [Reporting] Environment summary:
13:20:18.867 [INFO]  [Reporting] --------------------
13:20:18.869 [INFO]  [Reporting] Java version                  11.0.18                       SUCCESS        
13:20:18.869 [INFO]  [Reporting] Build system                  Gradle                        SUCCESS        
13:20:18.869 [WARN]  [Reporting] Mocking Framework                                           WARNING        
13:20:18.870 [INFO]  [Reporting] Testing framework             JUnit Jupiter 5               SUCCESS        
13:20:18.870 [INFO]  [Reporting] Launcher                      JUnit Jupiter                 SUCCESS        
13:20:18.870 [INFO]  [Reporting] Test validation               Enabled                       SUCCESS        
13:20:18.870 [INFO]  [Reporting] 
13:20:18.870 [WARN]  [Reporting] Environment check status: WARNING
13:20:18.904 [INFO]  [Creating] Found 86 callable methods in 19 classes
13:20:18.905 [INFO]  [Creating] 
13:20:18.905 [INFO]  [Creating] Creating tests:
13:20:18.905 [INFO]  [Creating] ---------------
13:20:18.919 [INFO]  [Creating] 
================================================================================
= Starting analysis for class 'io.gitlab.arturbosch.detekt.rules.complexity.CognitiveComplexMethod'
================================================================================
13:20:18.919 [INFO]  [Creating] Filtering out non-testable methods...
13:20:23.790 [INFO]  [Creating] Filtering of methods complete. Creating analysis request
13:20:23.791 [INFO]  [Creating] Attempting to get service client, retry 1.
13:20:23.800 [INFO]  [Creating] Starting monitoring server.
13:20:23.928 [INFO]  [Creating] Monitoring server listening on localhost/127.0.0.1:62865
13:20:23.928 [INFO]  [Creating] Starting analyzer server process...
13:20:23.928 [INFO]  [Creating] Server command-line: /Users/mnedzelskii/.sdkman/candidates/java/11.0.18-amzn/bin/java -XX:+IgnoreUnrecognizedVMOptions -Djdk.attach.allowAttachSelf=true -ea -javaagent:/Users/mnedzelskii/gits/cover/cover-cli/target/launcher-2023.07.02-SNAPSHOT-shared-jar.jar -Dlogback.configurationFile=/var/folders/84/svd_5_t17l36s2xgx_7spshr0000gp/T/diffblue/config/logback-remote-service.xml -Dcom.diffblue.springIsolationJar=/Users/mnedzelskii/gits/cover/cover-cli/target/cover-isolation-layer-2023.07.02-SNAPSHOT.jar -Dcover.jar.path=/Users/mnedzelskii/gits/cover/cover-cli/target/cover-service-analyzer-2023.07.02-SNAPSHOT-jar-with-dependencies.jar -Dcom.diffblue.assertionSuggestionJar=/Users/mnedzelskii/gits/cover/cover-cli/target/cover-service-analyzer-2023.07.02-SNAPSHOT-jar-with-dependencies.jar -Dcover.main.class=com.diffblue.cover.service.analyzer.Main -jar /Users/mnedzelskii/gits/cover/cover-cli/target/launcher-2023.07.02-SNAPSHOT-shared-jar.jar --service-lifespan 120 --monitoring-service-port 62865 --index-service-port 62865
13:20:23.940 [INFO]  [Creating] Server started. Waiting up to 300 seconds for a connection to be established...
13:20:24.278 [INFO]  [Creating] Starting new remote monitor client
13:20:24.597 [INFO]  [Creating] Attempting to start remote server.
13:20:25.126 [INFO]  [Creating] Server started, listening on localhost/127.0.0.1:62868
13:20:25.947 [INFO]  [Creating] Expect analyzer service to be listening on port 62868.
13:20:26.488 [INFO]  [Creating] Started analyzer service and client retrieved.
13:20:27.962 [INFO]  [Creating] 
================================================================================
= Creating tests for 'io.gitlab.arturbosch.detekt.rules.complexity.CognitiveComplexMethod.getIssue:()Lio/gitlab/arturbosch/detekt/api/Issue;' using 'TrM (!sp, !fnm, df, !ris)'
================================================================================
13:20:36.674 [INFO]  [Creating]      [1/86] io.gitlab.arturbosch.detekt.rules.complexity.CognitiveComplexMethod.getIssue
13:20:36.674 [INFO]  [Creating]      [1/86]   R081: Exception in arrange section
13:20:36.674 [INFO]  [Creating]      [1/86]     Diffblue Cover was unable to construct an instance of the class under test using
13:20:36.674 [INFO]  [Creating]      [1/86]     io.gitlab.arturbosch.detekt.rules.complexity.CognitiveComplexMethod.<init>().
13:20:36.674 [INFO]  [Creating]      [1/86]     The arrange section threw
13:20:36.674 [INFO]  [Creating]      [1/86]     com.diffblue.cover.exception.BaseException: Sandboxing policy violation. Reason: to access 'sun.misc'
13:20:36.674 [INFO]  [Creating]      [1/86]         at java.lang.Class.forName0(Native Method)
13:20:36.674 [INFO]  [Creating]      [1/86]         at java.lang.Class.forName(Class.java:315)
13:20:36.674 [INFO]  [Creating]      [1/86]         at org.jetbrains.kotlin.com.intellij.util.concurrency.AtomicFieldUpdater.<clinit>(AtomicFieldUpdater.java:31)
13:20:36.674 [INFO]  [Creating]      [1/86]         at org.jetbrains.kotlin.com.intellij.util.containers.ConcurrentIntObjectHashMap.<clinit>(ConcurrentIntObjectHashMap.java:2773)
13:20:36.674 [INFO]  [Creating]      [1/86]         at org.jetbrains.kotlin.com.intellij.util.containers.ConcurrentIntKeyRefValueHashMap.<init>(ConcurrentIntKeyRefValueHashMap.java:33)
13:20:36.674 [INFO]  [Creating]      [1/86]         at org.jetbrains.kotlin.com.intellij.util.containers.ConcurrentIntKeyWeakValueHashMap.<init>(ConcurrentIntKeyWeakValueHashMap.java:17)
13:20:36.674 [INFO]  [Creating]      [1/86]         at org.jetbrains.kotlin.com.intellij.util.containers.ContainerUtil.createConcurrentIntObjectWeakValueMap(ContainerUtil.java:2623)
13:20:36.674 [INFO]  [Creating]      [1/86]         at org.jetbrains.kotlin.com.intellij.openapi.util.Key.<clinit>(Key.java:25)
13:20:36.674 [INFO]  [Creating]      [1/86]         at org.jetbrains.kotlin.util.slicedMap.Slices.createSimpleSlice(Slices.java:91)
13:20:36.674 [INFO]  [Creating]      [1/86]         at org.jetbrains.kotlin.resolve.BindingContext.<clinit>(BindingContext.java:94)
13:20:36.674 [INFO]  [Creating]      [1/86]         at io.gitlab.arturbosch.detekt.api.BaseRule.<init>(BaseRule.kt:25)
13:20:36.674 [INFO]  [Creating]      [1/86]         at io.gitlab.arturbosch.detekt.api.Rule.<init>(Rule.kt:23)
13:20:36.675 [INFO]  [Creating]      [1/86]         at io.gitlab.arturbosch.detekt.api.Rule.<init>(Rule.kt:20)
13:20:36.675 [INFO]  [Creating]      [1/86]         at io.gitlab.arturbosch.detekt.rules.complexity.CognitiveComplexMethod.<init>(CognitiveComplexMethod.kt:32)
13:20:36.675 [INFO]  [Creating]      [1/86]         at io.gitlab.arturbosch.detekt.rules.complexity.CognitiveComplexMethod.<init>(CognitiveComplexMethod.kt:32)
13:20:36.675 [INFO]  [Creating]      [1/86]         at io.gitlab.arturbosch.detekt.rules.complexity.CognitiveComplexMethod.<init>(CognitiveComplexMethod.kt)
13:20:36.675 [INFO]  [Creating]      [1/86]     More information about the exception is provided in the support log.
13:20:36.675 [INFO]  [Creating]      [1/86]     See https://diff.blue/R081 for further troubleshooting of this issue.
13:20:36.676 [INFO]  [Creating] 
================================================================================
= Creating tests for 'io.gitlab.arturbosch.detekt.rules.complexity.CognitiveComplexMethod.<init>:()V' using 'SiM (!sp, fnm, df, !ris)'
================================================================================
13:20:42.511 [INFO]  [Creating]      [2/86] io.gitlab.arturbosch.detekt.rules.complexity.CognitiveComplexMethod.<init>
13:20:42.511 [INFO]  [Creating]      [2/86]   R011: Sandboxing policy violation
13:20:42.511 [INFO]  [Creating]      [2/86]     Diffblue Cover ran code in your project that tried
13:20:42.511 [INFO]  [Creating]      [2/86]       to access 'sun.misc'.
13:20:42.511 [INFO]  [Creating]      [2/86]     Diffblue Cover's default sandboxing policy disallows this in order to prevent
13:20:42.511 [INFO]  [Creating]      [2/86]     your code from damaging your system environment.
13:20:42.511 [INFO]  [Creating]      [2/86]     See https://diff.blue/R011 to resolve this issue.
13:20:42.513 [INFO]  [Creating] 
================================================================================
= Creating tests for 'io.gitlab.arturbosch.detekt.rules.complexity.CognitiveComplexMethod.<init>:(Lio/gitlab/arturbosch/detekt/api/Config;)V' using 'SiM (!sp, fnm, df, !ris)'
================================================================================
13:20:43.127 [INFO]  [Creating]      [3/86] io.gitlab.arturbosch.detekt.rules.complexity.CognitiveComplexMethod.<init>
13:20:43.127 [INFO]  [Creating]      [3/86]   R013: No inputs found that don't throw a trivial exception
13:20:43.127 [INFO]  [Creating]      [3/86]     Diffblue Cover tried to run the arrange/act section, but the test threw
13:20:43.127 [INFO]  [Creating]      [3/86]     java.lang.NullPointerException: Parameter specified as non-null is null: method io.gitlab.arturbosch.detekt.rules.complexity.CognitiveComplexMethod.<init>, parameter config
13:20:43.127 [INFO]  [Creating]      [3/86]         at io.gitlab.arturbosch.detekt.rules.complexity.CognitiveComplexMethod.<init>(CognitiveComplexMethod.kt)
13:20:43.127 [INFO]  [Creating]      [3/86]     In order to prevent <init>(Config)
13:20:43.127 [INFO]  [Creating]      [3/86]     from throwing NullPointerException, add constructors or factory
13:20:43.127 [INFO]  [Creating]      [3/86]     methods that make it easier to construct fully initialized objects used in
13:20:43.127 [INFO]  [Creating]      [3/86]     <init>(Config).
13:20:43.127 [INFO]  [Creating]      [3/86]     See https://diff.blue/R013 to resolve this issue.
13:20:43.129 [INFO]  [Creating] 
================================================================================
= Creating tests for 'io.gitlab.arturbosch.detekt.rules.complexity.CognitiveComplexMethod.visitNamedFunction:(Lorg/jetbrains/kotlin/psi/KtNamedFunction;)V' using 'SiM (!sp, fnm, df, !ris)'
================================================================================
13:20:50.304 [INFO]  [Creating]      [4/86] io.gitlab.arturbosch.detekt.rules.complexity.CognitiveComplexMethod.visitNamedFunction
13:20:50.304 [INFO]  [Creating]      [4/86]   R034: Diffblue Cover can't complete test
13:20:50.304 [INFO]  [Creating]      [4/86]     Diffblue Cover was unable to complete the test.
13:20:50.304 [INFO]  [Creating]      [4/86]     Try to increase the number of fuzzing iterations if non-default
13:20:50.304 [INFO]  [Creating]      [4/86]     value is used.
13:20:50.304 [INFO]  [Creating]      [4/86]     See https://diff.blue/R034 for further troubleshooting of this issue.
13:20:50.308 [INFO]  [Creating]  [1/19] io.gitlab.arturbosch.detekt.rules.complexity.CognitiveComplexMethod
13:20:50.308 [INFO]  [Creating]  [1/19]   Tests created: 0
13:20:50.308 [INFO]  [Creating] 
================================================================================
= Starting analysis for class 'io.gitlab.arturbosch.detekt.rules.complexity.ComplexCondition'
================================================================================
13:20:50.308 [INFO]  [Creating] Filtering out non-testable methods...
13:20:50.308 [INFO]  [Creating] Filtering of methods complete. Creating analysis request
13:20:50.308 [INFO]  [Creating] Attempting to get service client, retry 1.
13:20:50.348 [INFO]  [Creating] 
================================================================================
= Creating tests for 'io.gitlab.arturbosch.detekt.rules.complexity.ComplexCondition.getIssue:()Lio/gitlab/arturbosch/detekt/api/Issue;' using 'TrM (!sp, !fnm, df, !ris)'
================================================================================
13:20:50.369 [INFO]  [Creating]      [5/86] io.gitlab.arturbosch.detekt.rules.complexity.ComplexCondition.getIssue
13:20:50.369 [INFO]  [Creating]      [5/86]   R081: Exception in arrange section
13:20:50.369 [INFO]  [Creating]      [5/86]     Diffblue Cover was unable to construct an instance of the class under test using
13:20:50.369 [INFO]  [Creating]      [5/86]     io.gitlab.arturbosch.detekt.rules.complexity.ComplexCondition.<init>().
13:20:50.369 [INFO]  [Creating]      [5/86]     The arrange section threw
13:20:50.369 [INFO]  [Creating]      [5/86]     java.lang.NoClassDefFoundError: Could not initialize class org.jetbrains.kotlin.resolve.BindingContext
13:20:50.369 [INFO]  [Creating]      [5/86]         at io.gitlab.arturbosch.detekt.api.BaseRule.<init>(BaseRule.kt:25)
13:20:50.369 [INFO]  [Creating]      [5/86]         at io.gitlab.arturbosch.detekt.api.Rule.<init>(Rule.kt:23)
13:20:50.369 [INFO]  [Creating]      [5/86]         at io.gitlab.arturbosch.detekt.api.Rule.<init>(Rule.kt:20)
13:20:50.369 [INFO]  [Creating]      [5/86]         at io.gitlab.arturbosch.detekt.rules.complexity.ComplexCondition.<init>(ComplexCondition.kt:45)
13:20:50.369 [INFO]  [Creating]      [5/86]         at io.gitlab.arturbosch.detekt.rules.complexity.ComplexCondition.<init>(ComplexCondition.kt:43)
13:20:50.369 [INFO]  [Creating]      [5/86]         at io.gitlab.arturbosch.detekt.rules.complexity.ComplexCondition.<init>(ComplexCondition.kt)
13:20:50.369 [INFO]  [Creating]      [5/86]     More information about the exception is provided in the support log.
13:20:50.369 [INFO]  [Creating]      [5/86]     See https://diff.blue/R081 for further troubleshooting of this issue.
13:20:50.370 [INFO]  [Creating] 
================================================================================
= Creating tests for 'io.gitlab.arturbosch.detekt.rules.complexity.ComplexCondition.<init>:()V' using 'SiM (!sp, fnm, df, !ris)'
================================================================================
13:20:50.495 [INFO]  [Creating]      [6/86] io.gitlab.arturbosch.detekt.rules.complexity.ComplexCondition.<init>
13:20:50.495 [INFO]  [Creating]      [6/86]   R011: Sandboxing policy violation
13:20:50.495 [INFO]  [Creating]      [6/86]     Diffblue Cover ran code in your project that tried
13:20:50.495 [INFO]  [Creating]      [6/86]       to access 'sun.misc'.
13:20:50.495 [INFO]  [Creating]      [6/86]     Diffblue Cover's default sandboxing policy disallows this in order to prevent
13:20:50.495 [INFO]  [Creating]      [6/86]     your code from damaging your system environment.
13:20:50.495 [INFO]  [Creating]      [6/86]     See https://diff.blue/R011 to resolve this issue.
13:20:50.496 [INFO]  [Creating] 
================================================================================
= Creating tests for 'io.gitlab.arturbosch.detekt.rules.complexity.ComplexCondition.<init>:(Lio/gitlab/arturbosch/detekt/api/Config;)V' using 'SiM (!sp, fnm, df, !ris)'
================================================================================
13:20:50.803 [INFO]  [Creating]      [7/86] io.gitlab.arturbosch.detekt.rules.complexity.ComplexCondition.<init>
13:20:50.803 [INFO]  [Creating]      [7/86]   R013: No inputs found that don't throw a trivial exception
13:20:50.803 [INFO]  [Creating]      [7/86]     Diffblue Cover tried to run the arrange/act section, but the test threw
13:20:50.803 [INFO]  [Creating]      [7/86]     java.lang.NullPointerException: Parameter specified as non-null is null: method io.gitlab.arturbosch.detekt.rules.complexity.ComplexCondition.<init>, parameter config
13:20:50.803 [INFO]  [Creating]      [7/86]         at io.gitlab.arturbosch.detekt.rules.complexity.ComplexCondition.<init>(ComplexCondition.kt)
13:20:50.803 [INFO]  [Creating]      [7/86]     In order to prevent <init>(Config)
13:20:50.803 [INFO]  [Creating]      [7/86]     from throwing NullPointerException, add constructors or factory
13:20:50.803 [INFO]  [Creating]      [7/86]     methods that make it easier to construct fully initialized objects used in
13:20:50.803 [INFO]  [Creating]      [7/86]     <init>(Config).
13:20:50.803 [INFO]  [Creating]      [7/86]     See https://diff.blue/R013 to resolve this issue.
13:20:50.804 [INFO]  [Creating] 
================================================================================
= Creating tests for 'io.gitlab.arturbosch.detekt.rules.complexity.ComplexCondition.visitDoWhileExpression:(Lorg/jetbrains/kotlin/psi/KtDoWhileExpression;)V' using 'SiM (!sp, fnm, df, !ris)'
================================================================================
13:20:59.196 [INFO]  [Creating]      [8/86] io.gitlab.arturbosch.detekt.rules.complexity.ComplexCondition.visitDoWhileExpression
13:20:59.197 [INFO]  [Creating]      [8/86]   R034: Diffblue Cover can't complete test
13:20:59.197 [INFO]  [Creating]      [8/86]     Diffblue Cover was unable to complete the test.
13:20:59.197 [INFO]  [Creating]      [8/86]     Try to increase the number of fuzzing iterations if non-default
13:20:59.197 [INFO]  [Creating]      [8/86]     value is used.
13:20:59.197 [INFO]  [Creating]      [8/86]     See https://diff.blue/R034 for further troubleshooting of this issue.
13:20:59.198 [INFO]  [Creating] 
================================================================================
= Creating tests for 'io.gitlab.arturbosch.detekt.rules.complexity.ComplexCondition.visitIfExpression:(Lorg/jetbrains/kotlin/psi/KtIfExpression;)V' using 'SiM (!sp, fnm, df, !ris)'
================================================================================
13:20:59.263 [INFO]  [Creating]      [9/86] io.gitlab.arturbosch.detekt.rules.complexity.ComplexCondition.visitIfExpression
13:20:59.263 [INFO]  [Creating]      [9/86]   R034: Diffblue Cover can't complete test
13:20:59.263 [INFO]  [Creating]      [9/86]     Diffblue Cover was unable to complete the test.
13:20:59.263 [INFO]  [Creating]      [9/86]     Try to increase the number of fuzzing iterations if non-default
13:20:59.263 [INFO]  [Creating]      [9/86]     value is used.
13:20:59.263 [INFO]  [Creating]      [9/86]     See https://diff.blue/R034 for further troubleshooting of this issue.
13:20:59.264 [INFO]  [Creating] 
================================================================================
= Creating tests for 'io.gitlab.arturbosch.detekt.rules.complexity.ComplexCondition.visitWhileExpression:(Lorg/jetbrains/kotlin/psi/KtWhileExpression;)V' using 'SiM (!sp, fnm, df, !ris)'
================================================================================
13:20:59.305 [INFO]  [Creating]     [10/86] io.gitlab.arturbosch.detekt.rules.complexity.ComplexCondition.visitWhileExpression
13:20:59.305 [INFO]  [Creating]     [10/86]   R034: Diffblue Cover can't complete test
13:20:59.305 [INFO]  [Creating]     [10/86]     Diffblue Cover was unable to complete the test.
13:20:59.305 [INFO]  [Creating]     [10/86]     Try to increase the number of fuzzing iterations if non-default
13:20:59.305 [INFO]  [Creating]     [10/86]     value is used.
13:20:59.305 [INFO]  [Creating]     [10/86]     See https://diff.blue/R034 for further troubleshooting of this issue.
13:20:59.307 [INFO]  [Creating]  [2/19] io.gitlab.arturbosch.detekt.rules.complexity.ComplexCondition
13:20:59.307 [INFO]  [Creating]  [2/19]   Tests created: 0
13:20:59.307 [INFO]  [Creating] 
================================================================================
= Starting analysis for class 'io.gitlab.arturbosch.detekt.rules.complexity.ComplexInterface'
================================================================================
13:20:59.307 [INFO]  [Creating] Filtering out non-testable methods...
13:20:59.307 [INFO]  [Creating] Filtering of methods complete. Creating analysis request
13:20:59.307 [INFO]  [Creating] Attempting to get service client, retry 1.
13:20:59.334 [INFO]  [Creating] 
================================================================================
= Creating tests for 'io.gitlab.arturbosch.detekt.rules.complexity.ComplexInterface.getIssue:()Lio/gitlab/arturbosch/detekt/api/Issue;' using 'TrM (!sp, !fnm, df, !ris)'
================================================================================
13:20:59.352 [INFO]  [Creating]     [11/86] io.gitlab.arturbosch.detekt.rules.complexity.ComplexInterface.getIssue
13:20:59.352 [INFO]  [Creating]     [11/86]   R081: Exception in arrange section
13:20:59.352 [INFO]  [Creating]     [11/86]     Diffblue Cover was unable to construct an instance of the class under test using
13:20:59.352 [INFO]  [Creating]     [11/86]     io.gitlab.arturbosch.detekt.rules.complexity.ComplexInterface.<init>().
13:20:59.352 [INFO]  [Creating]     [11/86]     The arrange section threw
13:20:59.352 [INFO]  [Creating]     [11/86]     java.lang.NoClassDefFoundError: Could not initialize class org.jetbrains.kotlin.resolve.BindingContext
13:20:59.352 [INFO]  [Creating]     [11/86]         at io.gitlab.arturbosch.detekt.api.BaseRule.<init>(BaseRule.kt:25)
13:20:59.352 [INFO]  [Creating]     [11/86]         at io.gitlab.arturbosch.detekt.api.Rule.<init>(Rule.kt:23)
13:20:59.352 [INFO]  [Creating]     [11/86]         at io.gitlab.arturbosch.detekt.api.Rule.<init>(Rule.kt:20)
13:20:59.352 [INFO]  [Creating]     [11/86]         at io.gitlab.arturbosch.detekt.rules.complexity.ComplexInterface.<init>(ComplexInterface.kt:34)
13:20:59.352 [INFO]  [Creating]     [11/86]         at io.gitlab.arturbosch.detekt.rules.complexity.ComplexInterface.<init>(ComplexInterface.kt:32)
13:20:59.352 [INFO]  [Creating]     [11/86]         at io.gitlab.arturbosch.detekt.rules.complexity.ComplexInterface.<init>(ComplexInterface.kt)
13:20:59.352 [INFO]  [Creating]     [11/86]     More information about the exception is provided in the support log.
13:20:59.352 [INFO]  [Creating]     [11/86]     See https://diff.blue/R081 for further troubleshooting of this issue.
13:20:59.353 [INFO]  [Creating] 
================================================================================
= Creating tests for 'io.gitlab.arturbosch.detekt.rules.complexity.ComplexInterface.<init>:()V' using 'SiM (!sp, fnm, df, !ris)'
================================================================================
13:20:59.478 [INFO]  [Creating]     [12/86] io.gitlab.arturbosch.detekt.rules.complexity.ComplexInterface.<init>
13:20:59.478 [INFO]  [Creating]     [12/86]   R011: Sandboxing policy violation
13:20:59.478 [INFO]  [Creating]     [12/86]     Diffblue Cover ran code in your project that tried
13:20:59.478 [INFO]  [Creating]     [12/86]       to access 'sun.misc'.
13:20:59.478 [INFO]  [Creating]     [12/86]     Diffblue Cover's default sandboxing policy disallows this in order to prevent
13:20:59.478 [INFO]  [Creating]     [12/86]     your code from damaging your system environment.
13:20:59.478 [INFO]  [Creating]     [12/86]     See https://diff.blue/R011 to resolve this issue.
13:20:59.479 [INFO]  [Creating] 
================================================================================
= Creating tests for 'io.gitlab.arturbosch.detekt.rules.complexity.ComplexInterface.<init>:(Lio/gitlab/arturbosch/detekt/api/Config;)V' using 'SiM (!sp, fnm, df, !ris)'
================================================================================
13:20:59.801 [INFO]  [Creating]     [13/86] io.gitlab.arturbosch.detekt.rules.complexity.ComplexInterface.<init>
13:20:59.801 [INFO]  [Creating]     [13/86]   R013: No inputs found that don't throw a trivial exception
13:20:59.801 [INFO]  [Creating]     [13/86]     Diffblue Cover tried to run the arrange/act section, but the test threw
13:20:59.801 [INFO]  [Creating]     [13/86]     java.lang.NullPointerException: Parameter specified as non-null is null: method io.gitlab.arturbosch.detekt.rules.complexity.ComplexInterface.<init>, parameter config
13:20:59.801 [INFO]  [Creating]     [13/86]         at io.gitlab.arturbosch.detekt.rules.complexity.ComplexInterface.<init>(ComplexInterface.kt)
13:20:59.801 [INFO]  [Creating]     [13/86]     In order to prevent <init>(Config)
13:20:59.801 [INFO]  [Creating]     [13/86]     from throwing NullPointerException, add constructors or factory
13:20:59.801 [INFO]  [Creating]     [13/86]     methods that make it easier to construct fully initialized objects used in
13:20:59.801 [INFO]  [Creating]     [13/86]     <init>(Config).
13:20:59.801 [INFO]  [Creating]     [13/86]     See https://diff.blue/R013 to resolve this issue.
13:20:59.802 [INFO]  [Creating] 
================================================================================
= Creating tests for 'io.gitlab.arturbosch.detekt.rules.complexity.ComplexInterface.visitClass:(Lorg/jetbrains/kotlin/psi/KtClass;)V' using 'SiM (!sp, fnm, df, !ris)'
================================================================================
13:21:05.189 [INFO]  [Creating]     [14/86] io.gitlab.arturbosch.detekt.rules.complexity.ComplexInterface.visitClass
13:21:05.190 [INFO]  [Creating]     [14/86]   R034: Diffblue Cover can't complete test
13:21:05.190 [INFO]  [Creating]     [14/86]     Diffblue Cover was unable to complete the test.
13:21:05.190 [INFO]  [Creating]     [14/86]     Try to increase the number of fuzzing iterations if non-default
13:21:05.190 [INFO]  [Creating]     [14/86]     value is used.
13:21:05.190 [INFO]  [Creating]     [14/86]     See https://diff.blue/R034 for further troubleshooting of this issue.
13:21:05.192 [INFO]  [Creating]  [3/19] io.gitlab.arturbosch.detekt.rules.complexity.ComplexInterface
13:21:05.192 [INFO]  [Creating]  [3/19]   Tests created: 0
13:21:05.192 [INFO]  [Creating] 
================================================================================
= Starting analysis for class 'io.gitlab.arturbosch.detekt.rules.complexity.ComplexityProvider'
================================================================================
13:21:05.192 [INFO]  [Creating] Filtering out non-testable methods...
13:21:05.226 [INFO]  [Creating] Filtering of methods complete. Creating analysis request
13:21:05.226 [INFO]  [Creating] Attempting to get service client, retry 1.
13:21:05.257 [INFO]  [Creating] 
================================================================================
= Creating tests for 'io.gitlab.arturbosch.detekt.rules.complexity.ComplexityProvider.<init>:()V, io.gitlab.arturbosch.detekt.rules.complexity.ComplexityProvider.getRuleSetId:()Ljava/lang/String;' using 'TrM (!sp, !fnm, df, !ris)'
================================================================================
13:21:06.534 [INFO]  [Creating]     [15/86] io.gitlab.arturbosch.detekt.rules.complexity.ComplexityProvider.<init>
13:21:06.534 [INFO]  [Creating]     [16/86] io.gitlab.arturbosch.detekt.rules.complexity.ComplexityProvider.getRuleSetId
13:21:06.534 [INFO]  [Creating]     [16/86]   Tests created: 1
13:21:06.536 [INFO]  [Creating] 
================================================================================
= Creating tests for 'io.gitlab.arturbosch.detekt.rules.complexity.ComplexityProvider.instance:(Lio/gitlab/arturbosch/detekt/api/Config;)Lio/gitlab/arturbosch/detekt/api/RuleSet;' using 'SiM (!sp, fnm, df, !ris)'
================================================================================
13:21:07.500 [INFO]  [Creating]     [17/86] io.gitlab.arturbosch.detekt.rules.complexity.ComplexityProvider.instance
13:21:07.500 [INFO]  [Creating]     [17/86]   R034: Diffblue Cover can't complete test
13:21:07.500 [INFO]  [Creating]     [17/86]     Diffblue Cover was unable to complete the test.
13:21:07.500 [INFO]  [Creating]     [17/86]     Try to increase the number of fuzzing iterations if non-default
13:21:07.500 [INFO]  [Creating]     [17/86]     value is used.
13:21:07.500 [INFO]  [Creating]     [17/86]     See https://diff.blue/R034 for further troubleshooting of this issue.
13:21:07.502 [INFO]  [Creating]  [4/19] io.gitlab.arturbosch.detekt.rules.complexity.ComplexityProvider
13:21:07.502 [INFO]  [Creating]  [4/19]   Tests created: 1
13:21:07.502 [INFO]  [Creating] 
================================================================================
= Starting analysis for class 'io.gitlab.arturbosch.detekt.rules.complexity.CyclomaticComplexMethod'
================================================================================
13:21:07.502 [INFO]  [Creating] Filtering out non-testable methods...
13:21:07.502 [INFO]  [Creating] Filtering of methods complete. Creating analysis request
13:21:07.502 [INFO]  [Creating] Attempting to get service client, retry 1.
13:21:07.528 [INFO]  [Creating] 
================================================================================
= Creating tests for 'io.gitlab.arturbosch.detekt.rules.complexity.CyclomaticComplexMethod.getDefaultRuleIdAliases:()Ljava/util/Set;, io.gitlab.arturbosch.detekt.rules.complexity.CyclomaticComplexMethod.getIssue:()Lio/gitlab/arturbosch/detekt/api/Issue;' using 'TrM (!sp, !fnm, df, !ris)'
================================================================================
13:21:07.546 [INFO]  [Creating]     [18/86] io.gitlab.arturbosch.detekt.rules.complexity.CyclomaticComplexMethod.getDefaultRuleIdAliases
13:21:07.546 [INFO]  [Creating]     [19/86] io.gitlab.arturbosch.detekt.rules.complexity.CyclomaticComplexMethod.getIssue
13:21:07.546 [INFO]  [Creating]     [19/86]   R081: Exception in arrange section
13:21:07.546 [INFO]  [Creating]     [19/86]     Diffblue Cover was unable to construct an instance of the class under test using
13:21:07.546 [INFO]  [Creating]     [19/86]     io.gitlab.arturbosch.detekt.rules.complexity.CyclomaticComplexMethod.<init>().
13:21:07.546 [INFO]  [Creating]     [19/86]     The arrange section threw
13:21:07.546 [INFO]  [Creating]     [19/86]     java.lang.NoClassDefFoundError: Could not initialize class org.jetbrains.kotlin.resolve.BindingContext
13:21:07.546 [INFO]  [Creating]     [19/86]         at io.gitlab.arturbosch.detekt.api.BaseRule.<init>(BaseRule.kt:25)
13:21:07.546 [INFO]  [Creating]     [19/86]         at io.gitlab.arturbosch.detekt.api.Rule.<init>(Rule.kt:23)
13:21:07.546 [INFO]  [Creating]     [19/86]         at io.gitlab.arturbosch.detekt.api.Rule.<init>(Rule.kt:20)
13:21:07.546 [INFO]  [Creating]     [19/86]         at io.gitlab.arturbosch.detekt.rules.complexity.CyclomaticComplexMethod.<init>(CyclomaticComplexMethod.kt:41)
13:21:07.546 [INFO]  [Creating]     [19/86]         at io.gitlab.arturbosch.detekt.rules.complexity.CyclomaticComplexMethod.<init>(CyclomaticComplexMethod.kt:41)
13:21:07.546 [INFO]  [Creating]     [19/86]         at io.gitlab.arturbosch.detekt.rules.complexity.CyclomaticComplexMethod.<init>(CyclomaticComplexMethod.kt)
13:21:07.546 [INFO]  [Creating]     [19/86]     More information about the exception is provided in the support log.
13:21:07.546 [INFO]  [Creating]     [19/86]     See https://diff.blue/R081 for further troubleshooting of this issue.
13:21:07.547 [INFO]  [Creating] 
================================================================================
= Creating tests for 'io.gitlab.arturbosch.detekt.rules.complexity.CyclomaticComplexMethod.<init>:()V' using 'SiM (!sp, fnm, df, !ris)'
================================================================================
13:21:07.614 [INFO]  [Creating]     [20/86] io.gitlab.arturbosch.detekt.rules.complexity.CyclomaticComplexMethod.<init>
13:21:07.614 [INFO]  [Creating]     [20/86]   R011: Sandboxing policy violation
13:21:07.614 [INFO]  [Creating]     [20/86]     Diffblue Cover ran code in your project that tried
13:21:07.614 [INFO]  [Creating]     [20/86]       to access 'sun.misc'.
13:21:07.614 [INFO]  [Creating]     [20/86]     Diffblue Cover's default sandboxing policy disallows this in order to prevent
13:21:07.614 [INFO]  [Creating]     [20/86]     your code from damaging your system environment.
13:21:07.614 [INFO]  [Creating]     [20/86]     See https://diff.blue/R011 to resolve this issue.
13:21:07.615 [INFO]  [Creating] 
================================================================================
= Creating tests for 'io.gitlab.arturbosch.detekt.rules.complexity.CyclomaticComplexMethod.<init>:(Lio/gitlab/arturbosch/detekt/api/Config;)V' using 'SiM (!sp, fnm, df, !ris)'
================================================================================
13:21:07.933 [INFO]  [Creating]     [21/86] io.gitlab.arturbosch.detekt.rules.complexity.CyclomaticComplexMethod.<init>
13:21:07.933 [INFO]  [Creating]     [21/86]   R013: No inputs found that don't throw a trivial exception
13:21:07.933 [INFO]  [Creating]     [21/86]     Diffblue Cover tried to run the arrange/act section, but the test threw
13:21:07.933 [INFO]  [Creating]     [21/86]     java.lang.NullPointerException: Parameter specified as non-null is null: method io.gitlab.arturbosch.detekt.rules.complexity.CyclomaticComplexMethod.<init>, parameter config
13:21:07.933 [INFO]  [Creating]     [21/86]         at io.gitlab.arturbosch.detekt.rules.complexity.CyclomaticComplexMethod.<init>(CyclomaticComplexMethod.kt)
13:21:07.933 [INFO]  [Creating]     [21/86]     In order to prevent <init>(Config)
13:21:07.933 [INFO]  [Creating]     [21/86]     from throwing NullPointerException, add constructors or factory
13:21:07.933 [INFO]  [Creating]     [21/86]     methods that make it easier to construct fully initialized objects used in
13:21:07.933 [INFO]  [Creating]     [21/86]     <init>(Config).
13:21:07.933 [INFO]  [Creating]     [21/86]     See https://diff.blue/R013 to resolve this issue.
13:21:07.934 [INFO]  [Creating] 
================================================================================
= Creating tests for 'io.gitlab.arturbosch.detekt.rules.complexity.CyclomaticComplexMethod.visitNamedFunction:(Lorg/jetbrains/kotlin/psi/KtNamedFunction;)V' using 'SiM (!sp, fnm, df, !ris)'
================================================================================
13:21:08.201 [INFO]  [Creating]     [22/86] io.gitlab.arturbosch.detekt.rules.complexity.CyclomaticComplexMethod.visitNamedFunction
13:21:08.202 [INFO]  [Creating]     [22/86]   R034: Diffblue Cover can't complete test
13:21:08.202 [INFO]  [Creating]     [22/86]     Diffblue Cover was unable to complete the test.
13:21:08.202 [INFO]  [Creating]     [22/86]     Try to increase the number of fuzzing iterations if non-default
13:21:08.202 [INFO]  [Creating]     [22/86]     value is used.
13:21:08.202 [INFO]  [Creating]     [22/86]     See https://diff.blue/R034 for further troubleshooting of this issue.
13:21:08.204 [INFO]  [Creating]  [5/19] io.gitlab.arturbosch.detekt.rules.complexity.CyclomaticComplexMethod
13:21:08.204 [INFO]  [Creating]  [5/19]   Tests created: 0
13:21:08.204 [INFO]  [Creating] 
================================================================================
= Starting analysis for class 'io.gitlab.arturbosch.detekt.rules.complexity.CyclomaticComplexMethod$Companion'
================================================================================
13:21:08.204 [INFO]  [Creating] Filtering out non-testable methods...
13:21:08.204 [INFO]  [Creating] Filtering of methods complete. Creating analysis request
13:21:08.204 [INFO]  [Creating] Attempting to get service client, retry 1.
13:21:08.223 [INFO]  [Creating] 
================================================================================
= Creating tests for 'io.gitlab.arturbosch.detekt.rules.complexity.CyclomaticComplexMethod$Companion.getDEFAULT_NESTING_FUNCTIONS:()Ljava/util/List;' using 'SiM (!sp, fnm, df, !ris)'
================================================================================
13:21:08.241 [INFO]  [Creating]     [23/86] io.gitlab.arturbosch.detekt.rules.complexity.CyclomaticComplexMethod$Companion.getDEFAULT_NESTING_FUNCTIONS
13:21:08.241 [INFO]  [Creating]     [23/86]   R083: Can't find a suitable constructor
13:21:08.241 [INFO]  [Creating]     [23/86]     Diffblue Cover was unable to construct an instance of CyclomaticComplexMethod.Companion.
13:21:08.241 [INFO]  [Creating]     [23/86]     No suitable constructor or factory method found. Please check that the class
13:21:08.241 [INFO]  [Creating]     [23/86]     under test has a non-private constructor or factory method.
13:21:08.241 [INFO]  [Creating]     [23/86]     See https://diff.blue/R083 for further troubleshooting of this issue.
13:21:08.243 [INFO]  [Creating]  [6/19] io.gitlab.arturbosch.detekt.rules.complexity.CyclomaticComplexMethod$Companion
13:21:08.243 [INFO]  [Creating]  [6/19]   Tests created: 0
13:21:08.243 [INFO]  [Creating] 
================================================================================
= Starting analysis for class 'io.gitlab.arturbosch.detekt.rules.complexity.LabeledExpression'
================================================================================
13:21:08.243 [INFO]  [Creating] Filtering out non-testable methods...
13:21:08.243 [INFO]  [Creating] Filtering of methods complete. Creating analysis request
13:21:08.243 [INFO]  [Creating] Attempting to get service client, retry 1.
13:21:08.267 [INFO]  [Creating] 
================================================================================
= Creating tests for 'io.gitlab.arturbosch.detekt.rules.complexity.LabeledExpression.getIssue:()Lio/gitlab/arturbosch/detekt/api/Issue;' using 'TrM (!sp, !fnm, df, !ris)'
================================================================================
13:21:08.281 [INFO]  [Creating]     [24/86] io.gitlab.arturbosch.detekt.rules.complexity.LabeledExpression.getIssue
13:21:08.281 [INFO]  [Creating]     [24/86]   R081: Exception in arrange section
13:21:08.281 [INFO]  [Creating]     [24/86]     Diffblue Cover was unable to construct an instance of the class under test using
13:21:08.281 [INFO]  [Creating]     [24/86]     io.gitlab.arturbosch.detekt.rules.complexity.LabeledExpression.<init>().
13:21:08.281 [INFO]  [Creating]     [24/86]     The arrange section threw
13:21:08.281 [INFO]  [Creating]     [24/86]     java.lang.NoClassDefFoundError: Could not initialize class org.jetbrains.kotlin.resolve.BindingContext
13:21:08.281 [INFO]  [Creating]     [24/86]         at io.gitlab.arturbosch.detekt.api.BaseRule.<init>(BaseRule.kt:25)
13:21:08.281 [INFO]  [Creating]     [24/86]         at io.gitlab.arturbosch.detekt.api.Rule.<init>(Rule.kt:23)
13:21:08.281 [INFO]  [Creating]     [24/86]         at io.gitlab.arturbosch.detekt.api.Rule.<init>(Rule.kt:20)
13:21:08.281 [INFO]  [Creating]     [24/86]         at io.gitlab.arturbosch.detekt.rules.complexity.LabeledExpression.<init>(LabeledExpression.kt:62)
13:21:08.281 [INFO]  [Creating]     [24/86]         at io.gitlab.arturbosch.detekt.rules.complexity.LabeledExpression.<init>(LabeledExpression.kt:62)
13:21:08.281 [INFO]  [Creating]     [24/86]         at io.gitlab.arturbosch.detekt.rules.complexity.LabeledExpression.<init>(LabeledExpression.kt)
13:21:08.281 [INFO]  [Creating]     [24/86]     More information about the exception is provided in the support log.
13:21:08.281 [INFO]  [Creating]     [24/86]     See https://diff.blue/R081 for further troubleshooting of this issue.
13:21:08.282 [INFO]  [Creating] 
================================================================================
= Creating tests for 'io.gitlab.arturbosch.detekt.rules.complexity.LabeledExpression.<init>:()V' using 'SiM (!sp, fnm, df, !ris)'
================================================================================
13:21:08.607 [INFO]  [Creating]     [25/86] io.gitlab.arturbosch.detekt.rules.complexity.LabeledExpression.<init>
13:21:08.607 [INFO]  [Creating]     [25/86]   R011: Sandboxing policy violation
13:21:08.607 [INFO]  [Creating]     [25/86]     Diffblue Cover ran code in your project that tried
13:21:08.607 [INFO]  [Creating]     [25/86]       to access 'sun.misc'.
13:21:08.607 [INFO]  [Creating]     [25/86]     Diffblue Cover's default sandboxing policy disallows this in order to prevent
13:21:08.607 [INFO]  [Creating]     [25/86]     your code from damaging your system environment.
13:21:08.607 [INFO]  [Creating]     [25/86]     See https://diff.blue/R011 to resolve this issue.
13:21:08.608 [INFO]  [Creating] 
================================================================================
= Creating tests for 'io.gitlab.arturbosch.detekt.rules.complexity.LabeledExpression.<init>:(Lio/gitlab/arturbosch/detekt/api/Config;)V' using 'SiM (!sp, fnm, df, !ris)'
================================================================================
13:21:08.642 [INFO]  [Creating]     [26/86] io.gitlab.arturbosch.detekt.rules.complexity.LabeledExpression.<init>
13:21:08.642 [INFO]  [Creating]     [26/86]   R034: Diffblue Cover can't complete test
13:21:08.642 [INFO]  [Creating]     [26/86]     Diffblue Cover was unable to complete the test.
13:21:08.642 [INFO]  [Creating]     [26/86]     Try to increase the number of fuzzing iterations if non-default
13:21:08.642 [INFO]  [Creating]     [26/86]     value is used.
13:21:08.642 [INFO]  [Creating]     [26/86]     See https://diff.blue/R034 for further troubleshooting of this issue.
13:21:08.643 [INFO]  [Creating] 
================================================================================
= Creating tests for 'io.gitlab.arturbosch.detekt.rules.complexity.LabeledExpression.visitExpressionWithLabel:(Lorg/jetbrains/kotlin/psi/KtExpressionWithLabel;)V' using 'SiM (!sp, fnm, df, !ris)'
================================================================================
13:21:08.677 [INFO]  [Creating]     [27/86] io.gitlab.arturbosch.detekt.rules.complexity.LabeledExpression.visitExpressionWithLabel
13:21:08.677 [INFO]  [Creating]     [27/86]   R034: Diffblue Cover can't complete test
13:21:08.677 [INFO]  [Creating]     [27/86]     Diffblue Cover was unable to complete the test.
13:21:08.677 [INFO]  [Creating]     [27/86]     Try to increase the number of fuzzing iterations if non-default
13:21:08.677 [INFO]  [Creating]     [27/86]     value is used.
13:21:08.677 [INFO]  [Creating]     [27/86]     See https://diff.blue/R034 for further troubleshooting of this issue.
13:21:08.679 [INFO]  [Creating]  [7/19] io.gitlab.arturbosch.detekt.rules.complexity.LabeledExpression
13:21:08.679 [INFO]  [Creating]  [7/19]   Tests created: 0
13:21:08.679 [INFO]  [Creating] 
================================================================================
= Starting analysis for class 'io.gitlab.arturbosch.detekt.rules.complexity.LargeClass'
================================================================================
13:21:08.679 [INFO]  [Creating] Filtering out non-testable methods...
13:21:08.679 [INFO]  [Creating] Filtering of methods complete. Creating analysis request
13:21:08.679 [INFO]  [Creating] Attempting to get service client, retry 1.
13:21:08.709 [INFO]  [Creating] 
================================================================================
= Creating tests for 'io.gitlab.arturbosch.detekt.rules.complexity.LargeClass.getIssue:()Lio/gitlab/arturbosch/detekt/api/Issue;' using 'TrM (!sp, !fnm, df, !ris)'
================================================================================
13:21:08.723 [INFO]  [Creating]     [28/86] io.gitlab.arturbosch.detekt.rules.complexity.LargeClass.getIssue
13:21:08.723 [INFO]  [Creating]     [28/86]   R081: Exception in arrange section
13:21:08.723 [INFO]  [Creating]     [28/86]     Diffblue Cover was unable to construct an instance of the class under test using
13:21:08.723 [INFO]  [Creating]     [28/86]     io.gitlab.arturbosch.detekt.rules.complexity.LargeClass.<init>().
13:21:08.723 [INFO]  [Creating]     [28/86]     The arrange section threw
13:21:08.723 [INFO]  [Creating]     [28/86]     java.lang.NoClassDefFoundError: Could not initialize class org.jetbrains.kotlin.resolve.BindingContext
13:21:08.723 [INFO]  [Creating]     [28/86]         at io.gitlab.arturbosch.detekt.api.BaseRule.<init>(BaseRule.kt:25)
13:21:08.723 [INFO]  [Creating]     [28/86]         at io.gitlab.arturbosch.detekt.api.Rule.<init>(Rule.kt:23)
13:21:08.723 [INFO]  [Creating]     [28/86]         at io.gitlab.arturbosch.detekt.api.Rule.<init>(Rule.kt:20)
13:21:08.723 [INFO]  [Creating]     [28/86]         at io.gitlab.arturbosch.detekt.rules.complexity.LargeClass.<init>(LargeClass.kt:28)
13:21:08.723 [INFO]  [Creating]     [28/86]         at io.gitlab.arturbosch.detekt.rules.complexity.LargeClass.<init>(LargeClass.kt:28)
13:21:08.723 [INFO]  [Creating]     [28/86]         at io.gitlab.arturbosch.detekt.rules.complexity.LargeClass.<init>(LargeClass.kt)
13:21:08.723 [INFO]  [Creating]     [28/86]     More information about the exception is provided in the support log.
13:21:08.723 [INFO]  [Creating]     [28/86]     See https://diff.blue/R081 for further troubleshooting of this issue.
13:21:08.724 [INFO]  [Creating] 
================================================================================
= Creating tests for 'io.gitlab.arturbosch.detekt.rules.complexity.LargeClass.<init>:()V' using 'SiM (!sp, fnm, df, !ris)'
================================================================================
13:21:09.348 [INFO]  [Creating]     [29/86] io.gitlab.arturbosch.detekt.rules.complexity.LargeClass.<init>
13:21:09.348 [INFO]  [Creating]     [29/86]   R011: Sandboxing policy violation
13:21:09.348 [INFO]  [Creating]     [29/86]     Diffblue Cover ran code in your project that tried
13:21:09.348 [INFO]  [Creating]     [29/86]       to access 'sun.misc'.
13:21:09.348 [INFO]  [Creating]     [29/86]     Diffblue Cover's default sandboxing policy disallows this in order to prevent
13:21:09.348 [INFO]  [Creating]     [29/86]     your code from damaging your system environment.
13:21:09.348 [INFO]  [Creating]     [29/86]     See https://diff.blue/R011 to resolve this issue.
13:21:09.349 [INFO]  [Creating] 
================================================================================
= Creating tests for 'io.gitlab.arturbosch.detekt.rules.complexity.LargeClass.<init>:(Lio/gitlab/arturbosch/detekt/api/Config;)V' using 'SiM (!sp, fnm, df, !ris)'
================================================================================
13:21:09.383 [INFO]  [Creating]     [30/86] io.gitlab.arturbosch.detekt.rules.complexity.LargeClass.<init>
13:21:09.383 [INFO]  [Creating]     [30/86]   R034: Diffblue Cover can't complete test
13:21:09.383 [INFO]  [Creating]     [30/86]     Diffblue Cover was unable to complete the test.
13:21:09.383 [INFO]  [Creating]     [30/86]     Try to increase the number of fuzzing iterations if non-default
13:21:09.383 [INFO]  [Creating]     [30/86]     value is used.
13:21:09.383 [INFO]  [Creating]     [30/86]     See https://diff.blue/R034 for further troubleshooting of this issue.
13:21:09.384 [INFO]  [Creating] 
================================================================================
= Creating tests for 'io.gitlab.arturbosch.detekt.rules.complexity.LargeClass.postVisit:(Lorg/jetbrains/kotlin/psi/KtFile;)V' using 'SiM (!sp, fnm, df, !ris)'
================================================================================
13:21:09.895 [INFO]  [Creating]     [31/86] io.gitlab.arturbosch.detekt.rules.complexity.LargeClass.postVisit
13:21:09.895 [INFO]  [Creating]     [31/86]   R034: Diffblue Cover can't complete test
13:21:09.895 [INFO]  [Creating]     [31/86]     Diffblue Cover was unable to complete the test.
13:21:09.895 [INFO]  [Creating]     [31/86]     Try to increase the number of fuzzing iterations if non-default
13:21:09.895 [INFO]  [Creating]     [31/86]     value is used.
13:21:09.895 [INFO]  [Creating]     [31/86]     See https://diff.blue/R034 for further troubleshooting of this issue.
13:21:09.896 [INFO]  [Creating] 
================================================================================
= Creating tests for 'io.gitlab.arturbosch.detekt.rules.complexity.LargeClass.preVisit:(Lorg/jetbrains/kotlin/psi/KtFile;)V' using 'SiM (!sp, fnm, df, !ris)'
================================================================================
13:21:09.952 [INFO]  [Creating]     [32/86] io.gitlab.arturbosch.detekt.rules.complexity.LargeClass.preVisit
13:21:09.952 [INFO]  [Creating]     [32/86]   R034: Diffblue Cover can't complete test
13:21:09.952 [INFO]  [Creating]     [32/86]     Diffblue Cover was unable to complete the test.
13:21:09.952 [INFO]  [Creating]     [32/86]     Try to increase the number of fuzzing iterations if non-default
13:21:09.952 [INFO]  [Creating]     [32/86]     value is used.
13:21:09.952 [INFO]  [Creating]     [32/86]     See https://diff.blue/R034 for further troubleshooting of this issue.
13:21:09.953 [INFO]  [Creating] 
================================================================================
= Creating tests for 'io.gitlab.arturbosch.detekt.rules.complexity.LargeClass.visitClassOrObject:(Lorg/jetbrains/kotlin/psi/KtClassOrObject;)V' using 'SiM (!sp, fnm, df, !ris)'
================================================================================
13:21:10.150 [INFO]  [Creating]     [33/86] io.gitlab.arturbosch.detekt.rules.complexity.LargeClass.visitClassOrObject
13:21:10.150 [INFO]  [Creating]     [33/86]   R034: Diffblue Cover can't complete test
13:21:10.150 [INFO]  [Creating]     [33/86]     Diffblue Cover was unable to complete the test.
13:21:10.150 [INFO]  [Creating]     [33/86]     Try to increase the number of fuzzing iterations if non-default
13:21:10.150 [INFO]  [Creating]     [33/86]     value is used.
13:21:10.150 [INFO]  [Creating]     [33/86]     See https://diff.blue/R034 for further troubleshooting of this issue.
13:21:10.152 [INFO]  [Creating]  [8/19] io.gitlab.arturbosch.detekt.rules.complexity.LargeClass
13:21:10.152 [INFO]  [Creating]  [8/19]   Tests created: 0
13:21:10.153 [INFO]  [Creating] 
================================================================================
= Starting analysis for class 'io.gitlab.arturbosch.detekt.rules.complexity.LongMethod'
================================================================================
13:21:10.153 [INFO]  [Creating] Filtering out non-testable methods...
13:21:10.153 [INFO]  [Creating] Filtering of methods complete. Creating analysis request
13:21:10.153 [INFO]  [Creating] Attempting to get service client, retry 1.
13:21:10.180 [INFO]  [Creating] 
================================================================================
= Creating tests for 'io.gitlab.arturbosch.detekt.rules.complexity.LongMethod.getIssue:()Lio/gitlab/arturbosch/detekt/api/Issue;' using 'TrM (!sp, !fnm, df, !ris)'
================================================================================
13:21:10.214 [INFO]  [Creating]     [34/86] io.gitlab.arturbosch.detekt.rules.complexity.LongMethod.getIssue
13:21:10.214 [INFO]  [Creating]     [34/86]   R081: Exception in arrange section
13:21:10.214 [INFO]  [Creating]     [34/86]     Diffblue Cover was unable to construct an instance of the class under test using
13:21:10.214 [INFO]  [Creating]     [34/86]     io.gitlab.arturbosch.detekt.rules.complexity.LongMethod.<init>().
13:21:10.214 [INFO]  [Creating]     [34/86]     The arrange section threw
13:21:10.214 [INFO]  [Creating]     [34/86]     java.lang.NoClassDefFoundError: Could not initialize class org.jetbrains.kotlin.resolve.BindingContext
13:21:10.214 [INFO]  [Creating]     [34/86]         at io.gitlab.arturbosch.detekt.api.BaseRule.<init>(BaseRule.kt:25)
13:21:10.214 [INFO]  [Creating]     [34/86]         at io.gitlab.arturbosch.detekt.api.Rule.<init>(Rule.kt:23)
13:21:10.214 [INFO]  [Creating]     [34/86]         at io.gitlab.arturbosch.detekt.api.Rule.<init>(Rule.kt:20)
13:21:10.214 [INFO]  [Creating]     [34/86]         at io.gitlab.arturbosch.detekt.rules.complexity.LongMethod.<init>(LongMethod.kt:28)
13:21:10.214 [INFO]  [Creating]     [34/86]         at io.gitlab.arturbosch.detekt.rules.complexity.LongMethod.<init>(LongMethod.kt:28)
13:21:10.214 [INFO]  [Creating]     [34/86]         at io.gitlab.arturbosch.detekt.rules.complexity.LongMethod.<init>(LongMethod.kt)
13:21:10.214 [INFO]  [Creating]     [34/86]     More information about the exception is provided in the support log.
13:21:10.214 [INFO]  [Creating]     [34/86]     See https://diff.blue/R081 for further troubleshooting of this issue.
13:21:10.215 [INFO]  [Creating] 
================================================================================
= Creating tests for 'io.gitlab.arturbosch.detekt.rules.complexity.LongMethod.<init>:()V' using 'SiM (!sp, fnm, df, !ris)'
================================================================================
13:21:10.886 [INFO]  [Creating]     [35/86] io.gitlab.arturbosch.detekt.rules.complexity.LongMethod.<init>
13:21:10.886 [INFO]  [Creating]     [35/86]   R011: Sandboxing policy violation
13:21:10.886 [INFO]  [Creating]     [35/86]     Diffblue Cover ran code in your project that tried
13:21:10.886 [INFO]  [Creating]     [35/86]       to access 'sun.misc'.
13:21:10.886 [INFO]  [Creating]     [35/86]     Diffblue Cover's default sandboxing policy disallows this in order to prevent
13:21:10.886 [INFO]  [Creating]     [35/86]     your code from damaging your system environment.
13:21:10.886 [INFO]  [Creating]     [35/86]     See https://diff.blue/R011 to resolve this issue.
13:21:10.887 [INFO]  [Creating] 
================================================================================
= Creating tests for 'io.gitlab.arturbosch.detekt.rules.complexity.LongMethod.<init>:(Lio/gitlab/arturbosch/detekt/api/Config;)V' using 'SiM (!sp, fnm, df, !ris)'
================================================================================
13:21:10.932 [INFO]  [Creating]     [36/86] io.gitlab.arturbosch.detekt.rules.complexity.LongMethod.<init>
13:21:10.932 [INFO]  [Creating]     [36/86]   R034: Diffblue Cover can't complete test
13:21:10.932 [INFO]  [Creating]     [36/86]     Diffblue Cover was unable to complete the test.
13:21:10.932 [INFO]  [Creating]     [36/86]     Try to increase the number of fuzzing iterations if non-default
13:21:10.932 [INFO]  [Creating]     [36/86]     value is used.
13:21:10.932 [INFO]  [Creating]     [36/86]     See https://diff.blue/R034 for further troubleshooting of this issue.
13:21:10.933 [INFO]  [Creating] 
================================================================================
= Creating tests for 'io.gitlab.arturbosch.detekt.rules.complexity.LongMethod.postVisit:(Lorg/jetbrains/kotlin/psi/KtFile;)V' using 'SiM (!sp, fnm, df, !ris)'
================================================================================
13:21:10.990 [INFO]  [Creating]     [37/86] io.gitlab.arturbosch.detekt.rules.complexity.LongMethod.postVisit
13:21:10.991 [INFO]  [Creating]     [37/86]   R034: Diffblue Cover can't complete test
13:21:10.991 [INFO]  [Creating]     [37/86]     Diffblue Cover was unable to complete the test.
13:21:10.991 [INFO]  [Creating]     [37/86]     Try to increase the number of fuzzing iterations if non-default
13:21:10.991 [INFO]  [Creating]     [37/86]     value is used.
13:21:10.991 [INFO]  [Creating]     [37/86]     See https://diff.blue/R034 for further troubleshooting of this issue.
13:21:10.992 [INFO]  [Creating] 
================================================================================
= Creating tests for 'io.gitlab.arturbosch.detekt.rules.complexity.LongMethod.preVisit:(Lorg/jetbrains/kotlin/psi/KtFile;)V' using 'SiM (!sp, fnm, df, !ris)'
================================================================================
13:21:11.042 [INFO]  [Creating]     [38/86] io.gitlab.arturbosch.detekt.rules.complexity.LongMethod.preVisit
13:21:11.042 [INFO]  [Creating]     [38/86]   R034: Diffblue Cover can't complete test
13:21:11.042 [INFO]  [Creating]     [38/86]     Diffblue Cover was unable to complete the test.
13:21:11.042 [INFO]  [Creating]     [38/86]     Try to increase the number of fuzzing iterations if non-default
13:21:11.042 [INFO]  [Creating]     [38/86]     value is used.
13:21:11.042 [INFO]  [Creating]     [38/86]     See https://diff.blue/R034 for further troubleshooting of this issue.
13:21:11.043 [INFO]  [Creating] 
================================================================================
= Creating tests for 'io.gitlab.arturbosch.detekt.rules.complexity.LongMethod.visitNamedFunction:(Lorg/jetbrains/kotlin/psi/KtNamedFunction;)V' using 'SiM (!sp, fnm, df, !ris)'
================================================================================
13:21:11.154 [INFO]  [Creating]     [39/86] io.gitlab.arturbosch.detekt.rules.complexity.LongMethod.visitNamedFunction
13:21:11.154 [INFO]  [Creating]     [39/86]   R034: Diffblue Cover can't complete test
13:21:11.154 [INFO]  [Creating]     [39/86]     Diffblue Cover was unable to complete the test.
13:21:11.154 [INFO]  [Creating]     [39/86]     Try to increase the number of fuzzing iterations if non-default
13:21:11.154 [INFO]  [Creating]     [39/86]     value is used.
13:21:11.154 [INFO]  [Creating]     [39/86]     See https://diff.blue/R034 for further troubleshooting of this issue.
13:21:11.156 [INFO]  [Creating]  [9/19] io.gitlab.arturbosch.detekt.rules.complexity.LongMethod
13:21:11.156 [INFO]  [Creating]  [9/19]   Tests created: 0
13:21:11.156 [INFO]  [Creating] 
================================================================================
= Starting analysis for class 'io.gitlab.arturbosch.detekt.rules.complexity.LongParameterList'
================================================================================
13:21:11.156 [INFO]  [Creating] Filtering out non-testable methods...
13:21:11.156 [INFO]  [Creating] Filtering of methods complete. Creating analysis request
13:21:11.156 [INFO]  [Creating] Attempting to get service client, retry 1.
13:21:11.187 [INFO]  [Creating] 
================================================================================
= Creating tests for 'io.gitlab.arturbosch.detekt.rules.complexity.LongParameterList.getIssue:()Lio/gitlab/arturbosch/detekt/api/Issue;' using 'TrM (!sp, !fnm, df, !ris)'
================================================================================
13:21:11.201 [INFO]  [Creating]     [40/86] io.gitlab.arturbosch.detekt.rules.complexity.LongParameterList.getIssue
13:21:11.201 [INFO]  [Creating]     [40/86]   R081: Exception in arrange section
13:21:11.201 [INFO]  [Creating]     [40/86]     Diffblue Cover was unable to construct an instance of the class under test using
13:21:11.201 [INFO]  [Creating]     [40/86]     io.gitlab.arturbosch.detekt.rules.complexity.LongParameterList.<init>().
13:21:11.201 [INFO]  [Creating]     [40/86]     The arrange section threw
13:21:11.201 [INFO]  [Creating]     [40/86]     java.lang.NoClassDefFoundError: Could not initialize class org.jetbrains.kotlin.resolve.BindingContext
13:21:11.201 [INFO]  [Creating]     [40/86]         at io.gitlab.arturbosch.detekt.api.BaseRule.<init>(BaseRule.kt:25)
13:21:11.201 [INFO]  [Creating]     [40/86]         at io.gitlab.arturbosch.detekt.api.Rule.<init>(Rule.kt:23)
13:21:11.201 [INFO]  [Creating]     [40/86]         at io.gitlab.arturbosch.detekt.api.Rule.<init>(Rule.kt:20)
13:21:11.201 [INFO]  [Creating]     [40/86]         at io.gitlab.arturbosch.detekt.rules.complexity.LongParameterList.<init>(LongParameterList.kt:33)
13:21:11.201 [INFO]  [Creating]     [40/86]         at io.gitlab.arturbosch.detekt.rules.complexity.LongParameterList.<init>(LongParameterList.kt:33)
13:21:11.201 [INFO]  [Creating]     [40/86]         at io.gitlab.arturbosch.detekt.rules.complexity.LongParameterList.<init>(LongParameterList.kt)
13:21:11.201 [INFO]  [Creating]     [40/86]     More information about the exception is provided in the support log.
13:21:11.201 [INFO]  [Creating]     [40/86]     See https://diff.blue/R081 for further troubleshooting of this issue.
13:21:11.202 [INFO]  [Creating] 
================================================================================
= Creating tests for 'io.gitlab.arturbosch.detekt.rules.complexity.LongParameterList.<init>:()V' using 'SiM (!sp, fnm, df, !ris)'
================================================================================
13:21:11.764 [INFO]  [Creating]     [41/86] io.gitlab.arturbosch.detekt.rules.complexity.LongParameterList.<init>
13:21:11.764 [INFO]  [Creating]     [41/86]   R011: Sandboxing policy violation
13:21:11.764 [INFO]  [Creating]     [41/86]     Diffblue Cover ran code in your project that tried
13:21:11.764 [INFO]  [Creating]     [41/86]       to access 'sun.misc'.
13:21:11.764 [INFO]  [Creating]     [41/86]     Diffblue Cover's default sandboxing policy disallows this in order to prevent
13:21:11.764 [INFO]  [Creating]     [41/86]     your code from damaging your system environment.
13:21:11.764 [INFO]  [Creating]     [41/86]     See https://diff.blue/R011 to resolve this issue.
13:21:11.765 [INFO]  [Creating] 
================================================================================
= Creating tests for 'io.gitlab.arturbosch.detekt.rules.complexity.LongParameterList.<init>:(Lio/gitlab/arturbosch/detekt/api/Config;)V' using 'SiM (!sp, fnm, df, !ris)'
================================================================================
13:21:12.062 [INFO]  [Creating]     [42/86] io.gitlab.arturbosch.detekt.rules.complexity.LongParameterList.<init>
13:21:12.062 [INFO]  [Creating]     [42/86]   R013: No inputs found that don't throw a trivial exception
13:21:12.062 [INFO]  [Creating]     [42/86]     Diffblue Cover tried to run the arrange/act section, but the test threw
13:21:12.062 [INFO]  [Creating]     [42/86]     java.lang.NullPointerException: Parameter specified as non-null is null: method io.gitlab.arturbosch.detekt.rules.complexity.LongParameterList.<init>, parameter config
13:21:12.062 [INFO]  [Creating]     [42/86]         at io.gitlab.arturbosch.detekt.rules.complexity.LongParameterList.<init>(LongParameterList.kt)
13:21:12.062 [INFO]  [Creating]     [42/86]     In order to prevent <init>(Config)
13:21:12.062 [INFO]  [Creating]     [42/86]     from throwing NullPointerException, add constructors or factory
13:21:12.062 [INFO]  [Creating]     [42/86]     methods that make it easier to construct fully initialized objects used in
13:21:12.062 [INFO]  [Creating]     [42/86]     <init>(Config).
13:21:12.062 [INFO]  [Creating]     [42/86]     See https://diff.blue/R013 to resolve this issue.
13:21:12.063 [INFO]  [Creating] 
================================================================================
= Creating tests for 'io.gitlab.arturbosch.detekt.rules.complexity.LongParameterList.visitKtFile:(Lorg/jetbrains/kotlin/psi/KtFile;)V' using 'SiM (!sp, fnm, df, !ris)'
================================================================================
13:21:12.225 [INFO]  [Creating]     [43/86] io.gitlab.arturbosch.detekt.rules.complexity.LongParameterList.visitKtFile
13:21:12.225 [INFO]  [Creating]     [43/86]   R034: Diffblue Cover can't complete test
13:21:12.225 [INFO]  [Creating]     [43/86]     Diffblue Cover was unable to complete the test.
13:21:12.225 [INFO]  [Creating]     [43/86]     Try to increase the number of fuzzing iterations if non-default
13:21:12.225 [INFO]  [Creating]     [43/86]     value is used.
13:21:12.225 [INFO]  [Creating]     [43/86]     See https://diff.blue/R034 for further troubleshooting of this issue.
13:21:12.226 [INFO]  [Creating] 
================================================================================
= Creating tests for 'io.gitlab.arturbosch.detekt.rules.complexity.LongParameterList.visitNamedFunction:(Lorg/jetbrains/kotlin/psi/KtNamedFunction;)V' using 'SiM (!sp, fnm, df, !ris)'
================================================================================
13:21:12.485 [INFO]  [Creating]     [44/86] io.gitlab.arturbosch.detekt.rules.complexity.LongParameterList.visitNamedFunction
13:21:12.485 [INFO]  [Creating]     [44/86]   R034: Diffblue Cover can't complete test
13:21:12.485 [INFO]  [Creating]     [44/86]     Diffblue Cover was unable to complete the test.
13:21:12.485 [INFO]  [Creating]     [44/86]     Try to increase the number of fuzzing iterations if non-default
13:21:12.485 [INFO]  [Creating]     [44/86]     value is used.
13:21:12.485 [INFO]  [Creating]     [44/86]     See https://diff.blue/R034 for further troubleshooting of this issue.
13:21:12.486 [INFO]  [Creating] 
================================================================================
= Creating tests for 'io.gitlab.arturbosch.detekt.rules.complexity.LongParameterList.visitPrimaryConstructor:(Lorg/jetbrains/kotlin/psi/KtPrimaryConstructor;)V' using 'SiM (!sp, fnm, df, !ris)'
================================================================================
13:21:12.723 [INFO]  [Creating]     [45/86] io.gitlab.arturbosch.detekt.rules.complexity.LongParameterList.visitPrimaryConstructor
13:21:12.723 [INFO]  [Creating]     [45/86]   R034: Diffblue Cover can't complete test
13:21:12.723 [INFO]  [Creating]     [45/86]     Diffblue Cover was unable to complete the test.
13:21:12.723 [INFO]  [Creating]     [45/86]     Try to increase the number of fuzzing iterations if non-default
13:21:12.723 [INFO]  [Creating]     [45/86]     value is used.
13:21:12.723 [INFO]  [Creating]     [45/86]     See https://diff.blue/R034 for further troubleshooting of this issue.
13:21:12.724 [INFO]  [Creating] 
================================================================================
= Creating tests for 'io.gitlab.arturbosch.detekt.rules.complexity.LongParameterList.visitSecondaryConstructor:(Lorg/jetbrains/kotlin/psi/KtSecondaryConstructor;)V' using 'SiM (!sp, fnm, df, !ris)'
================================================================================
13:21:12.934 [INFO]  [Creating]     [46/86] io.gitlab.arturbosch.detekt.rules.complexity.LongParameterList.visitSecondaryConstructor
13:21:12.934 [INFO]  [Creating]     [46/86]   R034: Diffblue Cover can't complete test
13:21:12.934 [INFO]  [Creating]     [46/86]     Diffblue Cover was unable to complete the test.
13:21:12.934 [INFO]  [Creating]     [46/86]     Try to increase the number of fuzzing iterations if non-default
13:21:12.934 [INFO]  [Creating]     [46/86]     value is used.
13:21:12.934 [INFO]  [Creating]     [46/86]     See https://diff.blue/R034 for further troubleshooting of this issue.
13:21:12.937 [INFO]  [Creating] [10/19] io.gitlab.arturbosch.detekt.rules.complexity.LongParameterList
13:21:12.937 [INFO]  [Creating] [10/19]   Tests created: 0
13:21:12.937 [INFO]  [Creating] 
================================================================================
= Starting analysis for class 'io.gitlab.arturbosch.detekt.rules.complexity.MethodOverloading'
================================================================================
13:21:12.937 [INFO]  [Creating] Filtering out non-testable methods...
13:21:12.937 [INFO]  [Creating] Filtering of methods complete. Creating analysis request
13:21:12.937 [INFO]  [Creating] Attempting to get service client, retry 1.
13:21:12.960 [INFO]  [Creating] 
================================================================================
= Creating tests for 'io.gitlab.arturbosch.detekt.rules.complexity.MethodOverloading.getIssue:()Lio/gitlab/arturbosch/detekt/api/Issue;' using 'TrM (!sp, !fnm, df, !ris)'
================================================================================
13:21:12.972 [INFO]  [Creating]     [47/86] io.gitlab.arturbosch.detekt.rules.complexity.MethodOverloading.getIssue
13:21:12.972 [INFO]  [Creating]     [47/86]   R081: Exception in arrange section
13:21:12.972 [INFO]  [Creating]     [47/86]     Diffblue Cover was unable to construct an instance of the class under test using
13:21:12.972 [INFO]  [Creating]     [47/86]     io.gitlab.arturbosch.detekt.rules.complexity.MethodOverloading.<init>().
13:21:12.972 [INFO]  [Creating]     [47/86]     The arrange section threw
13:21:12.972 [INFO]  [Creating]     [47/86]     java.lang.NoClassDefFoundError: Could not initialize class org.jetbrains.kotlin.resolve.BindingContext
13:21:12.972 [INFO]  [Creating]     [47/86]         at io.gitlab.arturbosch.detekt.api.BaseRule.<init>(BaseRule.kt:25)
13:21:12.972 [INFO]  [Creating]     [47/86]         at io.gitlab.arturbosch.detekt.api.Rule.<init>(Rule.kt:23)
13:21:12.972 [INFO]  [Creating]     [47/86]         at io.gitlab.arturbosch.detekt.api.Rule.<init>(Rule.kt:20)
13:21:12.972 [INFO]  [Creating]     [47/86]         at io.gitlab.arturbosch.detekt.rules.complexity.MethodOverloading.<init>(MethodOverloading.kt:29)
13:21:12.972 [INFO]  [Creating]     [47/86]         at io.gitlab.arturbosch.detekt.rules.complexity.MethodOverloading.<init>(MethodOverloading.kt:29)
13:21:12.972 [INFO]  [Creating]     [47/86]         at io.gitlab.arturbosch.detekt.rules.complexity.MethodOverloading.<init>(MethodOverloading.kt)
13:21:12.972 [INFO]  [Creating]     [47/86]     More information about the exception is provided in the support log.
13:21:12.972 [INFO]  [Creating]     [47/86]     See https://diff.blue/R081 for further troubleshooting of this issue.
13:21:12.973 [INFO]  [Creating] 
================================================================================
= Creating tests for 'io.gitlab.arturbosch.detekt.rules.complexity.MethodOverloading.<init>:()V' using 'SiM (!sp, fnm, df, !ris)'
================================================================================
13:21:13.390 [INFO]  [Creating]     [48/86] io.gitlab.arturbosch.detekt.rules.complexity.MethodOverloading.<init>
13:21:13.390 [INFO]  [Creating]     [48/86]   R011: Sandboxing policy violation
13:21:13.390 [INFO]  [Creating]     [48/86]     Diffblue Cover ran code in your project that tried
13:21:13.390 [INFO]  [Creating]     [48/86]       to access 'sun.misc'.
13:21:13.390 [INFO]  [Creating]     [48/86]     Diffblue Cover's default sandboxing policy disallows this in order to prevent
13:21:13.390 [INFO]  [Creating]     [48/86]     your code from damaging your system environment.
13:21:13.390 [INFO]  [Creating]     [48/86]     See https://diff.blue/R011 to resolve this issue.
13:21:13.391 [INFO]  [Creating] 
================================================================================
= Creating tests for 'io.gitlab.arturbosch.detekt.rules.complexity.MethodOverloading.<init>:(Lio/gitlab/arturbosch/detekt/api/Config;)V' using 'SiM (!sp, fnm, df, !ris)'
================================================================================
13:21:13.419 [INFO]  [Creating]     [49/86] io.gitlab.arturbosch.detekt.rules.complexity.MethodOverloading.<init>
13:21:13.419 [INFO]  [Creating]     [49/86]   R034: Diffblue Cover can't complete test
13:21:13.419 [INFO]  [Creating]     [49/86]     Diffblue Cover was unable to complete the test.
13:21:13.419 [INFO]  [Creating]     [49/86]     Try to increase the number of fuzzing iterations if non-default
13:21:13.419 [INFO]  [Creating]     [49/86]     value is used.
13:21:13.419 [INFO]  [Creating]     [49/86]     See https://diff.blue/R034 for further troubleshooting of this issue.
13:21:13.420 [INFO]  [Creating] 
================================================================================
= Creating tests for 'io.gitlab.arturbosch.detekt.rules.complexity.MethodOverloading.visitClassOrObject:(Lorg/jetbrains/kotlin/psi/KtClassOrObject;)V' using 'SiM (!sp, fnm, df, !ris)'
================================================================================
13:21:13.591 [INFO]  [Creating]     [50/86] io.gitlab.arturbosch.detekt.rules.complexity.MethodOverloading.visitClassOrObject
13:21:13.591 [INFO]  [Creating]     [50/86]   R034: Diffblue Cover can't complete test
13:21:13.591 [INFO]  [Creating]     [50/86]     Diffblue Cover was unable to complete the test.
13:21:13.591 [INFO]  [Creating]     [50/86]     Try to increase the number of fuzzing iterations if non-default
13:21:13.591 [INFO]  [Creating]     [50/86]     value is used.
13:21:13.591 [INFO]  [Creating]     [50/86]     See https://diff.blue/R034 for further troubleshooting of this issue.
13:21:13.592 [INFO]  [Creating] 
================================================================================
= Creating tests for 'io.gitlab.arturbosch.detekt.rules.complexity.MethodOverloading.visitKtFile:(Lorg/jetbrains/kotlin/psi/KtFile;)V' using 'SiM (!sp, fnm, df, !ris)'
================================================================================
13:21:13.633 [INFO]  [Creating]     [51/86] io.gitlab.arturbosch.detekt.rules.complexity.MethodOverloading.visitKtFile
13:21:13.633 [INFO]  [Creating]     [51/86]   R034: Diffblue Cover can't complete test
13:21:13.633 [INFO]  [Creating]     [51/86]     Diffblue Cover was unable to complete the test.
13:21:13.633 [INFO]  [Creating]     [51/86]     Try to increase the number of fuzzing iterations if non-default
13:21:13.633 [INFO]  [Creating]     [51/86]     value is used.
13:21:13.633 [INFO]  [Creating]     [51/86]     See https://diff.blue/R034 for further troubleshooting of this issue.
13:21:13.635 [INFO]  [Creating] [11/19] io.gitlab.arturbosch.detekt.rules.complexity.MethodOverloading
13:21:13.636 [INFO]  [Creating] [11/19]   Tests created: 0
13:21:13.636 [INFO]  [Creating] 
================================================================================
= Starting analysis for class 'io.gitlab.arturbosch.detekt.rules.complexity.MethodOverloading$OverloadedMethodVisitor'
================================================================================
13:21:13.636 [INFO]  [Creating] Filtering out non-testable methods...
13:21:13.636 [INFO]  [Creating] Filtering of methods complete. Creating analysis request
13:21:13.636 [INFO]  [Creating] Attempting to get service client, retry 1.
13:21:13.658 [INFO]  [Creating] 
================================================================================
= Creating tests for 'io.gitlab.arturbosch.detekt.rules.complexity.MethodOverloading$OverloadedMethodVisitor.<init>:(Lio/gitlab/arturbosch/detekt/rules/complexity/MethodOverloading;)V' using 'TrM (!sp, !fnm, df, !ris)'
================================================================================
13:21:13.683 [INFO]  [Creating]     [52/86] io.gitlab.arturbosch.detekt.rules.complexity.MethodOverloading$OverloadedMethodVisitor.<init>
13:21:13.683 [INFO]  [Creating]     [52/86]   R081: Exception in arrange section
13:21:13.683 [INFO]  [Creating]     [52/86]     Diffblue Cover was unable to construct an instance of the class under test using
13:21:13.683 [INFO]  [Creating]     [52/86]     io.gitlab.arturbosch.detekt.rules.complexity.MethodOverloading$OverloadedMethodVisitor.<init>(MethodOverloading).
13:21:13.683 [INFO]  [Creating]     [52/86]     The arrange section threw
13:21:13.683 [INFO]  [Creating]     [52/86]     java.lang.NoClassDefFoundError: Could not initialize class org.jetbrains.kotlin.resolve.BindingContext
13:21:13.683 [INFO]  [Creating]     [52/86]         at io.gitlab.arturbosch.detekt.api.BaseRule.<init>(BaseRule.kt:25)
13:21:13.683 [INFO]  [Creating]     [52/86]         at io.gitlab.arturbosch.detekt.api.Rule.<init>(Rule.kt:23)
13:21:13.683 [INFO]  [Creating]     [52/86]         at io.gitlab.arturbosch.detekt.api.Rule.<init>(Rule.kt:20)
13:21:13.683 [INFO]  [Creating]     [52/86]         at io.gitlab.arturbosch.detekt.rules.complexity.MethodOverloading.<init>(MethodOverloading.kt:29)
13:21:13.683 [INFO]  [Creating]     [52/86]         at io.gitlab.arturbosch.detekt.rules.complexity.MethodOverloading.<init>(MethodOverloading.kt:29)
13:21:13.683 [INFO]  [Creating]     [52/86]         at io.gitlab.arturbosch.detekt.rules.complexity.MethodOverloading.<init>(MethodOverloading.kt)
13:21:13.683 [INFO]  [Creating]     [52/86]     More information about the exception is provided in the support log.
13:21:13.683 [INFO]  [Creating]     [52/86]     See https://diff.blue/R081 for further troubleshooting of this issue.
13:21:13.686 [INFO]  [Creating] 
================================================================================
= Creating tests for 'io.gitlab.arturbosch.detekt.rules.complexity.MethodOverloading$OverloadedMethodVisitor.reportIfAllowedNumberExceeded:(Lio/gitlab/arturbosch/detekt/api/Entity;)V' using 'SiM (!sp, fnm, df, !ris)'
================================================================================
13:21:21.674 [INFO]  [Creating]     [53/86] io.gitlab.arturbosch.detekt.rules.complexity.MethodOverloading$OverloadedMethodVisitor.reportIfAllowedNumberExceeded
13:21:21.675 [INFO]  [Creating]     [53/86]   R034: Diffblue Cover can't complete test
13:21:21.675 [INFO]  [Creating]     [53/86]     Diffblue Cover was unable to complete the test.
13:21:21.675 [INFO]  [Creating]     [53/86]     Try to increase the number of fuzzing iterations if non-default
13:21:21.675 [INFO]  [Creating]     [53/86]     value is used.
13:21:21.675 [INFO]  [Creating]     [53/86]     See https://diff.blue/R034 for further troubleshooting of this issue.
13:21:21.675 [INFO]  [Creating] 
================================================================================
= Creating tests for 'io.gitlab.arturbosch.detekt.rules.complexity.MethodOverloading$OverloadedMethodVisitor.visitClassOrObject:(Lorg/jetbrains/kotlin/psi/KtClassOrObject;)V' using 'SiM (!sp, fnm, df, !ris)'
================================================================================
13:21:23.586 [INFO]  [Creating]     [54/86] io.gitlab.arturbosch.detekt.rules.complexity.MethodOverloading$OverloadedMethodVisitor.visitClassOrObject
13:21:23.586 [INFO]  [Creating]     [54/86]   R034: Diffblue Cover can't complete test
13:21:23.586 [INFO]  [Creating]     [54/86]     Diffblue Cover was unable to complete the test.
13:21:23.586 [INFO]  [Creating]     [54/86]     Try to increase the number of fuzzing iterations if non-default
13:21:23.586 [INFO]  [Creating]     [54/86]     value is used.
13:21:23.586 [INFO]  [Creating]     [54/86]     See https://diff.blue/R034 for further troubleshooting of this issue.
13:21:23.587 [INFO]  [Creating] 
================================================================================
= Creating tests for 'io.gitlab.arturbosch.detekt.rules.complexity.MethodOverloading$OverloadedMethodVisitor.visitMethod:(Lorg/jetbrains/kotlin/psi/KtNamedFunction;)V' using 'SiM (!sp, fnm, df, !ris)'
================================================================================
13:21:24.024 [INFO]  [Creating]     [55/86] io.gitlab.arturbosch.detekt.rules.complexity.MethodOverloading$OverloadedMethodVisitor.visitMethod
13:21:24.024 [INFO]  [Creating]     [55/86]   R034: Diffblue Cover can't complete test
13:21:24.024 [INFO]  [Creating]     [55/86]     Diffblue Cover was unable to complete the test.
13:21:24.024 [INFO]  [Creating]     [55/86]     Try to increase the number of fuzzing iterations if non-default
13:21:24.024 [INFO]  [Creating]     [55/86]     value is used.
13:21:24.024 [INFO]  [Creating]     [55/86]     See https://diff.blue/R034 for further troubleshooting of this issue.
13:21:24.026 [INFO]  [Creating] [12/19] io.gitlab.arturbosch.detekt.rules.complexity.MethodOverloading$OverloadedMethodVisitor
13:21:24.026 [INFO]  [Creating] [12/19]   Tests created: 0
13:21:24.026 [INFO]  [Creating] 
================================================================================
= Starting analysis for class 'io.gitlab.arturbosch.detekt.rules.complexity.NamedArguments'
================================================================================
13:21:24.026 [INFO]  [Creating] Filtering out non-testable methods...
13:21:24.026 [INFO]  [Creating] Filtering of methods complete. Creating analysis request
13:21:24.026 [INFO]  [Creating] Attempting to get service client, retry 1.
13:21:24.052 [INFO]  [Creating] 
================================================================================
= Creating tests for 'io.gitlab.arturbosch.detekt.rules.complexity.NamedArguments.getIssue:()Lio/gitlab/arturbosch/detekt/api/Issue;' using 'TrM (!sp, !fnm, df, !ris)'
================================================================================
13:21:24.065 [INFO]  [Creating]     [56/86] io.gitlab.arturbosch.detekt.rules.complexity.NamedArguments.getIssue
13:21:24.065 [INFO]  [Creating]     [56/86]   R081: Exception in arrange section
13:21:24.065 [INFO]  [Creating]     [56/86]     Diffblue Cover was unable to construct an instance of the class under test using
13:21:24.065 [INFO]  [Creating]     [56/86]     io.gitlab.arturbosch.detekt.rules.complexity.NamedArguments.<init>().
13:21:24.065 [INFO]  [Creating]     [56/86]     The arrange section threw
13:21:24.065 [INFO]  [Creating]     [56/86]     java.lang.NoClassDefFoundError: Could not initialize class org.jetbrains.kotlin.resolve.BindingContext
13:21:24.065 [INFO]  [Creating]     [56/86]         at io.gitlab.arturbosch.detekt.api.BaseRule.<init>(BaseRule.kt:25)
13:21:24.065 [INFO]  [Creating]     [56/86]         at io.gitlab.arturbosch.detekt.api.Rule.<init>(Rule.kt:23)
13:21:24.065 [INFO]  [Creating]     [56/86]         at io.gitlab.arturbosch.detekt.api.Rule.<init>(Rule.kt:20)
13:21:24.065 [INFO]  [Creating]     [56/86]         at io.gitlab.arturbosch.detekt.rules.complexity.NamedArguments.<init>(NamedArguments.kt:35)
13:21:24.065 [INFO]  [Creating]     [56/86]         at io.gitlab.arturbosch.detekt.rules.complexity.NamedArguments.<init>(NamedArguments.kt:35)
13:21:24.065 [INFO]  [Creating]     [56/86]         at io.gitlab.arturbosch.detekt.rules.complexity.NamedArguments.<init>(NamedArguments.kt)
13:21:24.065 [INFO]  [Creating]     [56/86]     More information about the exception is provided in the support log.
13:21:24.065 [INFO]  [Creating]     [56/86]     See https://diff.blue/R081 for further troubleshooting of this issue.
13:21:24.066 [INFO]  [Creating] 
================================================================================
= Creating tests for 'io.gitlab.arturbosch.detekt.rules.complexity.NamedArguments.<init>:()V' using 'SiM (!sp, fnm, df, !ris)'
================================================================================
13:21:24.154 [INFO]  [Creating]     [57/86] io.gitlab.arturbosch.detekt.rules.complexity.NamedArguments.<init>
13:21:24.154 [INFO]  [Creating]     [57/86]   R011: Sandboxing policy violation
13:21:24.154 [INFO]  [Creating]     [57/86]     Diffblue Cover ran code in your project that tried
13:21:24.154 [INFO]  [Creating]     [57/86]       to access 'sun.misc'.
13:21:24.154 [INFO]  [Creating]     [57/86]     Diffblue Cover's default sandboxing policy disallows this in order to prevent
13:21:24.154 [INFO]  [Creating]     [57/86]     your code from damaging your system environment.
13:21:24.154 [INFO]  [Creating]     [57/86]     See https://diff.blue/R011 to resolve this issue.
13:21:24.155 [INFO]  [Creating] 
================================================================================
= Creating tests for 'io.gitlab.arturbosch.detekt.rules.complexity.NamedArguments.<init>:(Lio/gitlab/arturbosch/detekt/api/Config;)V' using 'SiM (!sp, fnm, df, !ris)'
================================================================================
13:21:24.389 [INFO]  [Creating]     [58/86] io.gitlab.arturbosch.detekt.rules.complexity.NamedArguments.<init>
13:21:24.389 [INFO]  [Creating]     [58/86]   R013: No inputs found that don't throw a trivial exception
13:21:24.389 [INFO]  [Creating]     [58/86]     Diffblue Cover tried to run the arrange/act section, but the test threw
13:21:24.389 [INFO]  [Creating]     [58/86]     java.lang.NullPointerException: Parameter specified as non-null is null: method io.gitlab.arturbosch.detekt.rules.complexity.NamedArguments.<init>, parameter config
13:21:24.389 [INFO]  [Creating]     [58/86]         at io.gitlab.arturbosch.detekt.rules.complexity.NamedArguments.<init>(NamedArguments.kt)
13:21:24.389 [INFO]  [Creating]     [58/86]     In order to prevent <init>(Config)
13:21:24.389 [INFO]  [Creating]     [58/86]     from throwing NullPointerException, add constructors or factory
13:21:24.389 [INFO]  [Creating]     [58/86]     methods that make it easier to construct fully initialized objects used in
13:21:24.389 [INFO]  [Creating]     [58/86]     <init>(Config).
13:21:24.389 [INFO]  [Creating]     [58/86]     See https://diff.blue/R013 to resolve this issue.
13:21:24.389 [INFO]  [Creating] 
================================================================================
= Creating tests for 'io.gitlab.arturbosch.detekt.rules.complexity.NamedArguments.visitCallExpression:(Lorg/jetbrains/kotlin/psi/KtCallExpression;)V' using 'SiM (!sp, fnm, df, !ris)'
================================================================================
13:21:24.817 [INFO]  [Creating]     [59/86] io.gitlab.arturbosch.detekt.rules.complexity.NamedArguments.visitCallExpression
13:21:24.817 [INFO]  [Creating]     [59/86]   R034: Diffblue Cover can't complete test
13:21:24.817 [INFO]  [Creating]     [59/86]     Diffblue Cover was unable to complete the test.
13:21:24.817 [INFO]  [Creating]     [59/86]     Try to increase the number of fuzzing iterations if non-default
13:21:24.817 [INFO]  [Creating]     [59/86]     value is used.
13:21:24.817 [INFO]  [Creating]     [59/86]     See https://diff.blue/R034 for further troubleshooting of this issue.
13:21:24.819 [INFO]  [Creating] [13/19] io.gitlab.arturbosch.detekt.rules.complexity.NamedArguments
13:21:24.819 [INFO]  [Creating] [13/19]   Tests created: 0
13:21:24.819 [INFO]  [Creating] 
================================================================================
= Starting analysis for class 'io.gitlab.arturbosch.detekt.rules.complexity.NestedBlockDepth'
================================================================================
13:21:24.819 [INFO]  [Creating] Filtering out non-testable methods...
13:21:24.819 [INFO]  [Creating] Filtering of methods complete. Creating analysis request
13:21:24.819 [INFO]  [Creating] Attempting to get service client, retry 1.
13:21:24.839 [INFO]  [Creating] 
================================================================================
= Creating tests for 'io.gitlab.arturbosch.detekt.rules.complexity.NestedBlockDepth.getIssue:()Lio/gitlab/arturbosch/detekt/api/Issue;' using 'TrM (!sp, !fnm, df, !ris)'
================================================================================
13:21:24.853 [INFO]  [Creating]     [60/86] io.gitlab.arturbosch.detekt.rules.complexity.NestedBlockDepth.getIssue
13:21:24.853 [INFO]  [Creating]     [60/86]   R081: Exception in arrange section
13:21:24.853 [INFO]  [Creating]     [60/86]     Diffblue Cover was unable to construct an instance of the class under test using
13:21:24.853 [INFO]  [Creating]     [60/86]     io.gitlab.arturbosch.detekt.rules.complexity.NestedBlockDepth.<init>().
13:21:24.853 [INFO]  [Creating]     [60/86]     The arrange section threw
13:21:24.853 [INFO]  [Creating]     [60/86]     java.lang.NoClassDefFoundError: Could not initialize class org.jetbrains.kotlin.resolve.BindingContext
13:21:24.853 [INFO]  [Creating]     [60/86]         at io.gitlab.arturbosch.detekt.api.BaseRule.<init>(BaseRule.kt:25)
13:21:24.853 [INFO]  [Creating]     [60/86]         at io.gitlab.arturbosch.detekt.api.Rule.<init>(Rule.kt:23)
13:21:24.853 [INFO]  [Creating]     [60/86]         at io.gitlab.arturbosch.detekt.api.Rule.<init>(Rule.kt:20)
13:21:24.853 [INFO]  [Creating]     [60/86]         at io.gitlab.arturbosch.detekt.rules.complexity.NestedBlockDepth.<init>(NestedBlockDepth.kt:32)
13:21:24.853 [INFO]  [Creating]     [60/86]         at io.gitlab.arturbosch.detekt.rules.complexity.NestedBlockDepth.<init>(NestedBlockDepth.kt:32)
13:21:24.853 [INFO]  [Creating]     [60/86]         at io.gitlab.arturbosch.detekt.rules.complexity.NestedBlockDepth.<init>(NestedBlockDepth.kt)
13:21:24.853 [INFO]  [Creating]     [60/86]     More information about the exception is provided in the support log.
13:21:24.853 [INFO]  [Creating]     [60/86]     See https://diff.blue/R081 for further troubleshooting of this issue.
13:21:24.855 [INFO]  [Creating] 
================================================================================
= Creating tests for 'io.gitlab.arturbosch.detekt.rules.complexity.NestedBlockDepth.<init>:()V' using 'SiM (!sp, fnm, df, !ris)'
================================================================================
13:21:24.919 [INFO]  [Creating]     [61/86] io.gitlab.arturbosch.detekt.rules.complexity.NestedBlockDepth.<init>
13:21:24.919 [INFO]  [Creating]     [61/86]   R011: Sandboxing policy violation
13:21:24.919 [INFO]  [Creating]     [61/86]     Diffblue Cover ran code in your project that tried
13:21:24.919 [INFO]  [Creating]     [61/86]       to access 'sun.misc'.
13:21:24.919 [INFO]  [Creating]     [61/86]     Diffblue Cover's default sandboxing policy disallows this in order to prevent
13:21:24.919 [INFO]  [Creating]     [61/86]     your code from damaging your system environment.
13:21:24.919 [INFO]  [Creating]     [61/86]     See https://diff.blue/R011 to resolve this issue.
13:21:24.920 [INFO]  [Creating] 
================================================================================
= Creating tests for 'io.gitlab.arturbosch.detekt.rules.complexity.NestedBlockDepth.<init>:(Lio/gitlab/arturbosch/detekt/api/Config;)V' using 'SiM (!sp, fnm, df, !ris)'
================================================================================
13:21:25.201 [INFO]  [Creating]     [62/86] io.gitlab.arturbosch.detekt.rules.complexity.NestedBlockDepth.<init>
13:21:25.201 [INFO]  [Creating]     [62/86]   R013: No inputs found that don't throw a trivial exception
13:21:25.201 [INFO]  [Creating]     [62/86]     Diffblue Cover tried to run the arrange/act section, but the test threw
13:21:25.201 [INFO]  [Creating]     [62/86]     java.lang.NullPointerException: Parameter specified as non-null is null: method io.gitlab.arturbosch.detekt.rules.complexity.NestedBlockDepth.<init>, parameter config
13:21:25.201 [INFO]  [Creating]     [62/86]         at io.gitlab.arturbosch.detekt.rules.complexity.NestedBlockDepth.<init>(NestedBlockDepth.kt)
13:21:25.201 [INFO]  [Creating]     [62/86]     In order to prevent <init>(Config)
13:21:25.201 [INFO]  [Creating]     [62/86]     from throwing NullPointerException, add constructors or factory
13:21:25.201 [INFO]  [Creating]     [62/86]     methods that make it easier to construct fully initialized objects used in
13:21:25.201 [INFO]  [Creating]     [62/86]     <init>(Config).
13:21:25.201 [INFO]  [Creating]     [62/86]     See https://diff.blue/R013 to resolve this issue.
13:21:25.202 [INFO]  [Creating] 
================================================================================
= Creating tests for 'io.gitlab.arturbosch.detekt.rules.complexity.NestedBlockDepth.visitNamedFunction:(Lorg/jetbrains/kotlin/psi/KtNamedFunction;)V' using 'SiM (!sp, fnm, df, !ris)'
================================================================================
13:21:25.419 [INFO]  [Creating]     [63/86] io.gitlab.arturbosch.detekt.rules.complexity.NestedBlockDepth.visitNamedFunction
13:21:25.419 [INFO]  [Creating]     [63/86]   R034: Diffblue Cover can't complete test
13:21:25.419 [INFO]  [Creating]     [63/86]     Diffblue Cover was unable to complete the test.
13:21:25.419 [INFO]  [Creating]     [63/86]     Try to increase the number of fuzzing iterations if non-default
13:21:25.419 [INFO]  [Creating]     [63/86]     value is used.
13:21:25.419 [INFO]  [Creating]     [63/86]     See https://diff.blue/R034 for further troubleshooting of this issue.
13:21:25.420 [INFO]  [Creating] [14/19] io.gitlab.arturbosch.detekt.rules.complexity.NestedBlockDepth
13:21:25.420 [INFO]  [Creating] [14/19]   Tests created: 0
13:21:25.421 [INFO]  [Creating] 
================================================================================
= Starting analysis for class 'io.gitlab.arturbosch.detekt.rules.complexity.NestedScopeFunctions'
================================================================================
13:21:25.421 [INFO]  [Creating] Filtering out non-testable methods...
13:21:25.421 [INFO]  [Creating] Filtering of methods complete. Creating analysis request
13:21:25.421 [INFO]  [Creating] Attempting to get service client, retry 1.
13:21:25.440 [INFO]  [Creating] 
================================================================================
= Creating tests for 'io.gitlab.arturbosch.detekt.rules.complexity.NestedScopeFunctions.getIssue:()Lio/gitlab/arturbosch/detekt/api/Issue;' using 'TrM (!sp, !fnm, df, !ris)'
================================================================================
13:21:25.451 [INFO]  [Creating]     [64/86] io.gitlab.arturbosch.detekt.rules.complexity.NestedScopeFunctions.getIssue
13:21:25.451 [INFO]  [Creating]     [64/86]   R081: Exception in arrange section
13:21:25.451 [INFO]  [Creating]     [64/86]     Diffblue Cover was unable to construct an instance of the class under test using
13:21:25.451 [INFO]  [Creating]     [64/86]     io.gitlab.arturbosch.detekt.rules.complexity.NestedScopeFunctions.<init>().
13:21:25.452 [INFO]  [Creating]     [64/86]     The arrange section threw
13:21:25.452 [INFO]  [Creating]     [64/86]     java.lang.NoClassDefFoundError: Could not initialize class org.jetbrains.kotlin.resolve.BindingContext
13:21:25.452 [INFO]  [Creating]     [64/86]         at io.gitlab.arturbosch.detekt.api.BaseRule.<init>(BaseRule.kt:25)
13:21:25.452 [INFO]  [Creating]     [64/86]         at io.gitlab.arturbosch.detekt.api.Rule.<init>(Rule.kt:23)
13:21:25.452 [INFO]  [Creating]     [64/86]         at io.gitlab.arturbosch.detekt.api.Rule.<init>(Rule.kt:20)
13:21:25.452 [INFO]  [Creating]     [64/86]         at io.gitlab.arturbosch.detekt.rules.complexity.NestedScopeFunctions.<init>(NestedScopeFunctions.kt:47)
13:21:25.452 [INFO]  [Creating]     [64/86]         at io.gitlab.arturbosch.detekt.rules.complexity.NestedScopeFunctions.<init>(NestedScopeFunctions.kt:47)
13:21:25.452 [INFO]  [Creating]     [64/86]         at io.gitlab.arturbosch.detekt.rules.complexity.NestedScopeFunctions.<init>(NestedScopeFunctions.kt)
13:21:25.452 [INFO]  [Creating]     [64/86]     More information about the exception is provided in the support log.
13:21:25.452 [INFO]  [Creating]     [64/86]     See https://diff.blue/R081 for further troubleshooting of this issue.
13:21:25.452 [INFO]  [Creating] 
================================================================================
= Creating tests for 'io.gitlab.arturbosch.detekt.rules.complexity.NestedScopeFunctions.<init>:()V' using 'SiM (!sp, fnm, df, !ris)'
================================================================================
13:21:25.511 [INFO]  [Creating]     [65/86] io.gitlab.arturbosch.detekt.rules.complexity.NestedScopeFunctions.<init>
13:21:25.511 [INFO]  [Creating]     [65/86]   R011: Sandboxing policy violation
13:21:25.511 [INFO]  [Creating]     [65/86]     Diffblue Cover ran code in your project that tried
13:21:25.511 [INFO]  [Creating]     [65/86]       to access 'sun.misc'.
13:21:25.511 [INFO]  [Creating]     [65/86]     Diffblue Cover's default sandboxing policy disallows this in order to prevent
13:21:25.511 [INFO]  [Creating]     [65/86]     your code from damaging your system environment.
13:21:25.511 [INFO]  [Creating]     [65/86]     See https://diff.blue/R011 to resolve this issue.
13:21:25.512 [INFO]  [Creating] 
================================================================================
= Creating tests for 'io.gitlab.arturbosch.detekt.rules.complexity.NestedScopeFunctions.<init>:(Lio/gitlab/arturbosch/detekt/api/Config;)V' using 'SiM (!sp, fnm, df, !ris)'
================================================================================
13:21:25.744 [INFO]  [Creating]     [66/86] io.gitlab.arturbosch.detekt.rules.complexity.NestedScopeFunctions.<init>
13:21:25.744 [INFO]  [Creating]     [66/86]   R013: No inputs found that don't throw a trivial exception
13:21:25.744 [INFO]  [Creating]     [66/86]     Diffblue Cover tried to run the arrange/act section, but the test threw
13:21:25.744 [INFO]  [Creating]     [66/86]     java.lang.NullPointerException: Parameter specified as non-null is null: method io.gitlab.arturbosch.detekt.rules.complexity.NestedScopeFunctions.<init>, parameter config
13:21:25.744 [INFO]  [Creating]     [66/86]         at io.gitlab.arturbosch.detekt.rules.complexity.NestedScopeFunctions.<init>(NestedScopeFunctions.kt)
13:21:25.744 [INFO]  [Creating]     [66/86]     In order to prevent <init>(Config)
13:21:25.744 [INFO]  [Creating]     [66/86]     from throwing NullPointerException, add constructors or factory
13:21:25.744 [INFO]  [Creating]     [66/86]     methods that make it easier to construct fully initialized objects used in
13:21:25.744 [INFO]  [Creating]     [66/86]     <init>(Config).
13:21:25.744 [INFO]  [Creating]     [66/86]     See https://diff.blue/R013 to resolve this issue.
13:21:25.745 [INFO]  [Creating] 
================================================================================
= Creating tests for 'io.gitlab.arturbosch.detekt.rules.complexity.NestedScopeFunctions.visitNamedFunction:(Lorg/jetbrains/kotlin/psi/KtNamedFunction;)V' using 'SiM (!sp, fnm, df, !ris)'
================================================================================
13:21:25.957 [INFO]  [Creating]     [67/86] io.gitlab.arturbosch.detekt.rules.complexity.NestedScopeFunctions.visitNamedFunction
13:21:25.957 [INFO]  [Creating]     [67/86]   R034: Diffblue Cover can't complete test
13:21:25.957 [INFO]  [Creating]     [67/86]     Diffblue Cover was unable to complete the test.
13:21:25.957 [INFO]  [Creating]     [67/86]     Try to increase the number of fuzzing iterations if non-default
13:21:25.957 [INFO]  [Creating]     [67/86]     value is used.
13:21:25.957 [INFO]  [Creating]     [67/86]     See https://diff.blue/R034 for further troubleshooting of this issue.
13:21:25.958 [INFO]  [Creating] [15/19] io.gitlab.arturbosch.detekt.rules.complexity.NestedScopeFunctions
13:21:25.958 [INFO]  [Creating] [15/19]   Tests created: 0
13:21:25.958 [INFO]  [Creating] 
================================================================================
= Starting analysis for class 'io.gitlab.arturbosch.detekt.rules.complexity.ReplaceSafeCallChainWithRun'
================================================================================
13:21:25.958 [INFO]  [Creating] Filtering out non-testable methods...
13:21:25.958 [INFO]  [Creating] Filtering of methods complete. Creating analysis request
13:21:25.958 [INFO]  [Creating] Attempting to get service client, retry 1.
13:21:25.981 [INFO]  [Creating] 
================================================================================
= Creating tests for 'io.gitlab.arturbosch.detekt.rules.complexity.ReplaceSafeCallChainWithRun.getIssue:()Lio/gitlab/arturbosch/detekt/api/Issue;' using 'TrM (!sp, !fnm, df, !ris)'
================================================================================
13:21:25.992 [INFO]  [Creating]     [68/86] io.gitlab.arturbosch.detekt.rules.complexity.ReplaceSafeCallChainWithRun.getIssue
13:21:25.992 [INFO]  [Creating]     [68/86]   R081: Exception in arrange section
13:21:25.992 [INFO]  [Creating]     [68/86]     Diffblue Cover was unable to construct an instance of the class under test using
13:21:25.992 [INFO]  [Creating]     [68/86]     io.gitlab.arturbosch.detekt.rules.complexity.ReplaceSafeCallChainWithRun.<init>().
13:21:25.992 [INFO]  [Creating]     [68/86]     The arrange section threw
13:21:25.992 [INFO]  [Creating]     [68/86]     java.lang.NoClassDefFoundError: Could not initialize class org.jetbrains.kotlin.resolve.BindingContext
13:21:25.992 [INFO]  [Creating]     [68/86]         at io.gitlab.arturbosch.detekt.api.BaseRule.<init>(BaseRule.kt:25)
13:21:25.992 [INFO]  [Creating]     [68/86]         at io.gitlab.arturbosch.detekt.api.Rule.<init>(Rule.kt:23)
13:21:25.992 [INFO]  [Creating]     [68/86]         at io.gitlab.arturbosch.detekt.api.Rule.<init>(Rule.kt:20)
13:21:25.992 [INFO]  [Creating]     [68/86]         at io.gitlab.arturbosch.detekt.rules.complexity.ReplaceSafeCallChainWithRun.<init>(ReplaceSafeCallChainWithRun.kt:42)
13:21:25.992 [INFO]  [Creating]     [68/86]         at io.gitlab.arturbosch.detekt.rules.complexity.ReplaceSafeCallChainWithRun.<init>(ReplaceSafeCallChainWithRun.kt:42)
13:21:25.992 [INFO]  [Creating]     [68/86]         at io.gitlab.arturbosch.detekt.rules.complexity.ReplaceSafeCallChainWithRun.<init>(ReplaceSafeCallChainWithRun.kt)
13:21:25.992 [INFO]  [Creating]     [68/86]     More information about the exception is provided in the support log.
13:21:25.992 [INFO]  [Creating]     [68/86]     See https://diff.blue/R081 for further troubleshooting of this issue.
13:21:25.993 [INFO]  [Creating] 
================================================================================
= Creating tests for 'io.gitlab.arturbosch.detekt.rules.complexity.ReplaceSafeCallChainWithRun.<init>:()V' using 'SiM (!sp, fnm, df, !ris)'
================================================================================
13:21:26.050 [INFO]  [Creating]     [69/86] io.gitlab.arturbosch.detekt.rules.complexity.ReplaceSafeCallChainWithRun.<init>
13:21:26.050 [INFO]  [Creating]     [69/86]   R011: Sandboxing policy violation
13:21:26.050 [INFO]  [Creating]     [69/86]     Diffblue Cover ran code in your project that tried
13:21:26.050 [INFO]  [Creating]     [69/86]       to access 'sun.misc'.
13:21:26.050 [INFO]  [Creating]     [69/86]     Diffblue Cover's default sandboxing policy disallows this in order to prevent
13:21:26.050 [INFO]  [Creating]     [69/86]     your code from damaging your system environment.
13:21:26.050 [INFO]  [Creating]     [69/86]     See https://diff.blue/R011 to resolve this issue.
13:21:26.051 [INFO]  [Creating] 
================================================================================
= Creating tests for 'io.gitlab.arturbosch.detekt.rules.complexity.ReplaceSafeCallChainWithRun.<init>:(Lio/gitlab/arturbosch/detekt/api/Config;)V' using 'SiM (!sp, fnm, df, !ris)'
================================================================================
13:21:26.284 [INFO]  [Creating]     [70/86] io.gitlab.arturbosch.detekt.rules.complexity.ReplaceSafeCallChainWithRun.<init>
13:21:26.284 [INFO]  [Creating]     [70/86]   R013: No inputs found that don't throw a trivial exception
13:21:26.284 [INFO]  [Creating]     [70/86]     Diffblue Cover tried to run the arrange/act section, but the test threw
13:21:26.284 [INFO]  [Creating]     [70/86]     java.lang.NullPointerException: Parameter specified as non-null is null: method io.gitlab.arturbosch.detekt.rules.complexity.ReplaceSafeCallChainWithRun.<init>, parameter config
13:21:26.284 [INFO]  [Creating]     [70/86]         at io.gitlab.arturbosch.detekt.rules.complexity.ReplaceSafeCallChainWithRun.<init>(ReplaceSafeCallChainWithRun.kt)
13:21:26.284 [INFO]  [Creating]     [70/86]     In order to prevent <init>(Config)
13:21:26.284 [INFO]  [Creating]     [70/86]     from throwing NullPointerException, add constructors or factory
13:21:26.284 [INFO]  [Creating]     [70/86]     methods that make it easier to construct fully initialized objects used in
13:21:26.284 [INFO]  [Creating]     [70/86]     <init>(Config).
13:21:26.284 [INFO]  [Creating]     [70/86]     See https://diff.blue/R013 to resolve this issue.
13:21:26.285 [INFO]  [Creating] 
================================================================================
= Creating tests for 'io.gitlab.arturbosch.detekt.rules.complexity.ReplaceSafeCallChainWithRun.visitSafeQualifiedExpression:(Lorg/jetbrains/kotlin/psi/KtSafeQualifiedExpression;)V' using 'SiM (!sp, fnm, df, !ris)'
================================================================================
13:21:26.526 [INFO]  [Creating]     [71/86] io.gitlab.arturbosch.detekt.rules.complexity.ReplaceSafeCallChainWithRun.visitSafeQualifiedExpression
13:21:26.526 [INFO]  [Creating]     [71/86]   R034: Diffblue Cover can't complete test
13:21:26.526 [INFO]  [Creating]     [71/86]     Diffblue Cover was unable to complete the test.
13:21:26.526 [INFO]  [Creating]     [71/86]     Try to increase the number of fuzzing iterations if non-default
13:21:26.526 [INFO]  [Creating]     [71/86]     value is used.
13:21:26.526 [INFO]  [Creating]     [71/86]     See https://diff.blue/R034 for further troubleshooting of this issue.
13:21:26.527 [INFO]  [Creating] [16/19] io.gitlab.arturbosch.detekt.rules.complexity.ReplaceSafeCallChainWithRun
13:21:26.528 [INFO]  [Creating] [16/19]   Tests created: 0
13:21:26.528 [INFO]  [Creating] 
================================================================================
= Starting analysis for class 'io.gitlab.arturbosch.detekt.rules.complexity.StringLiteralDuplication'
================================================================================
13:21:26.528 [INFO]  [Creating] Filtering out non-testable methods...
13:21:26.528 [INFO]  [Creating] Filtering of methods complete. Creating analysis request
13:21:26.528 [INFO]  [Creating] Attempting to get service client, retry 1.
13:21:26.551 [INFO]  [Creating] 
================================================================================
= Creating tests for 'io.gitlab.arturbosch.detekt.rules.complexity.StringLiteralDuplication.getIssue:()Lio/gitlab/arturbosch/detekt/api/Issue;' using 'TrM (!sp, !fnm, df, !ris)'
================================================================================
13:21:26.565 [INFO]  [Creating]     [72/86] io.gitlab.arturbosch.detekt.rules.complexity.StringLiteralDuplication.getIssue
13:21:26.565 [INFO]  [Creating]     [72/86]   R081: Exception in arrange section
13:21:26.565 [INFO]  [Creating]     [72/86]     Diffblue Cover was unable to construct an instance of the class under test using
13:21:26.565 [INFO]  [Creating]     [72/86]     io.gitlab.arturbosch.detekt.rules.complexity.StringLiteralDuplication.<init>().
13:21:26.565 [INFO]  [Creating]     [72/86]     The arrange section threw
13:21:26.565 [INFO]  [Creating]     [72/86]     java.lang.NoClassDefFoundError: Could not initialize class org.jetbrains.kotlin.resolve.BindingContext
13:21:26.565 [INFO]  [Creating]     [72/86]         at io.gitlab.arturbosch.detekt.api.BaseRule.<init>(BaseRule.kt:25)
13:21:26.565 [INFO]  [Creating]     [72/86]         at io.gitlab.arturbosch.detekt.api.Rule.<init>(Rule.kt:23)
13:21:26.565 [INFO]  [Creating]     [72/86]         at io.gitlab.arturbosch.detekt.api.Rule.<init>(Rule.kt:20)
13:21:26.565 [INFO]  [Creating]     [72/86]         at io.gitlab.arturbosch.detekt.rules.complexity.StringLiteralDuplication.<init>(StringLiteralDuplication.kt:46)
13:21:26.565 [INFO]  [Creating]     [72/86]         at io.gitlab.arturbosch.detekt.rules.complexity.StringLiteralDuplication.<init>(StringLiteralDuplication.kt:46)
13:21:26.565 [INFO]  [Creating]     [72/86]         at io.gitlab.arturbosch.detekt.rules.complexity.StringLiteralDuplication.<init>(StringLiteralDuplication.kt)
13:21:26.565 [INFO]  [Creating]     [72/86]     More information about the exception is provided in the support log.
13:21:26.565 [INFO]  [Creating]     [72/86]     See https://diff.blue/R081 for further troubleshooting of this issue.
13:21:26.566 [INFO]  [Creating] 
================================================================================
= Creating tests for 'io.gitlab.arturbosch.detekt.rules.complexity.StringLiteralDuplication.<init>:()V' using 'SiM (!sp, fnm, df, !ris)'
================================================================================
13:21:26.637 [INFO]  [Creating]     [73/86] io.gitlab.arturbosch.detekt.rules.complexity.StringLiteralDuplication.<init>
13:21:26.637 [INFO]  [Creating]     [73/86]   R011: Sandboxing policy violation
13:21:26.637 [INFO]  [Creating]     [73/86]     Diffblue Cover ran code in your project that tried
13:21:26.637 [INFO]  [Creating]     [73/86]       to access 'sun.misc'.
13:21:26.637 [INFO]  [Creating]     [73/86]     Diffblue Cover's default sandboxing policy disallows this in order to prevent
13:21:26.637 [INFO]  [Creating]     [73/86]     your code from damaging your system environment.
13:21:26.637 [INFO]  [Creating]     [73/86]     See https://diff.blue/R011 to resolve this issue.
13:21:26.638 [INFO]  [Creating] 
================================================================================
= Creating tests for 'io.gitlab.arturbosch.detekt.rules.complexity.StringLiteralDuplication.<init>:(Lio/gitlab/arturbosch/detekt/api/Config;)V' using 'SiM (!sp, fnm, df, !ris)'
================================================================================
13:21:26.896 [INFO]  [Creating]     [74/86] io.gitlab.arturbosch.detekt.rules.complexity.StringLiteralDuplication.<init>
13:21:26.896 [INFO]  [Creating]     [74/86]   R013: No inputs found that don't throw a trivial exception
13:21:26.897 [INFO]  [Creating]     [74/86]     Diffblue Cover tried to run the arrange/act section, but the test threw
13:21:26.897 [INFO]  [Creating]     [74/86]     java.lang.NullPointerException: Parameter specified as non-null is null: method io.gitlab.arturbosch.detekt.rules.complexity.StringLiteralDuplication.<init>, parameter config
13:21:26.897 [INFO]  [Creating]     [74/86]         at io.gitlab.arturbosch.detekt.rules.complexity.StringLiteralDuplication.<init>(StringLiteralDuplication.kt)
13:21:26.897 [INFO]  [Creating]     [74/86]     In order to prevent <init>(Config)
13:21:26.897 [INFO]  [Creating]     [74/86]     from throwing NullPointerException, add constructors or factory
13:21:26.897 [INFO]  [Creating]     [74/86]     methods that make it easier to construct fully initialized objects used in
13:21:26.897 [INFO]  [Creating]     [74/86]     <init>(Config).
13:21:26.897 [INFO]  [Creating]     [74/86]     See https://diff.blue/R013 to resolve this issue.
13:21:26.898 [INFO]  [Creating] 
================================================================================
= Creating tests for 'io.gitlab.arturbosch.detekt.rules.complexity.StringLiteralDuplication.visitKtFile:(Lorg/jetbrains/kotlin/psi/KtFile;)V' using 'SiM (!sp, fnm, df, !ris)'
================================================================================
13:21:27.086 [INFO]  [Creating]     [75/86] io.gitlab.arturbosch.detekt.rules.complexity.StringLiteralDuplication.visitKtFile
13:21:27.086 [INFO]  [Creating]     [75/86]   R034: Diffblue Cover can't complete test
13:21:27.086 [INFO]  [Creating]     [75/86]     Diffblue Cover was unable to complete the test.
13:21:27.086 [INFO]  [Creating]     [75/86]     Try to increase the number of fuzzing iterations if non-default
13:21:27.086 [INFO]  [Creating]     [75/86]     value is used.
13:21:27.086 [INFO]  [Creating]     [75/86]     See https://diff.blue/R034 for further troubleshooting of this issue.
13:21:27.088 [INFO]  [Creating] [17/19] io.gitlab.arturbosch.detekt.rules.complexity.StringLiteralDuplication
13:21:27.088 [INFO]  [Creating] [17/19]   Tests created: 0
13:21:27.089 [INFO]  [Creating] 
================================================================================
= Starting analysis for class 'io.gitlab.arturbosch.detekt.rules.complexity.StringLiteralDuplication$StringLiteralVisitor'
================================================================================
13:21:27.089 [INFO]  [Creating] Filtering out non-testable methods...
13:21:27.089 [INFO]  [Creating] Filtering of methods complete. Creating analysis request
13:21:27.089 [INFO]  [Creating] Attempting to get service client, retry 1.
13:21:27.112 [INFO]  [Creating] 
================================================================================
= Creating tests for 'io.gitlab.arturbosch.detekt.rules.complexity.StringLiteralDuplication$StringLiteralVisitor.<init>:(Lio/gitlab/arturbosch/detekt/rules/complexity/StringLiteralDuplication;)V' using 'SiM (!sp, fnm, df, !ris)'
================================================================================
13:21:27.519 [INFO]  [Creating]     [76/86] io.gitlab.arturbosch.detekt.rules.complexity.StringLiteralDuplication$StringLiteralVisitor.<init>
13:21:27.519 [INFO]  [Creating]     [76/86]   R034: Diffblue Cover can't complete test
13:21:27.519 [INFO]  [Creating]     [76/86]     Diffblue Cover was unable to complete the test.
13:21:27.519 [INFO]  [Creating]     [76/86]     Try to increase the number of fuzzing iterations if non-default
13:21:27.519 [INFO]  [Creating]     [76/86]     value is used.
13:21:27.519 [INFO]  [Creating]     [76/86]     See https://diff.blue/R034 for further troubleshooting of this issue.
13:21:27.520 [INFO]  [Creating] 
================================================================================
= Creating tests for 'io.gitlab.arturbosch.detekt.rules.complexity.StringLiteralDuplication$StringLiteralVisitor.entitiesForLiteral:(Ljava/lang/String;)Lkotlin/Pair;' using 'SiM (!sp, fnm, df, !ris)'
================================================================================
13:21:27.552 [INFO]  [Creating]     [77/86] io.gitlab.arturbosch.detekt.rules.complexity.StringLiteralDuplication$StringLiteralVisitor.entitiesForLiteral
13:21:27.552 [INFO]  [Creating]     [77/86]   R034: Diffblue Cover can't complete test
13:21:27.552 [INFO]  [Creating]     [77/86]     Diffblue Cover was unable to complete the test.
13:21:27.552 [INFO]  [Creating]     [77/86]     Try to increase the number of fuzzing iterations if non-default
13:21:27.552 [INFO]  [Creating]     [77/86]     value is used.
13:21:27.552 [INFO]  [Creating]     [77/86]     See https://diff.blue/R034 for further troubleshooting of this issue.
13:21:27.553 [INFO]  [Creating] 
================================================================================
= Creating tests for 'io.gitlab.arturbosch.detekt.rules.complexity.StringLiteralDuplication$StringLiteralVisitor.getLiteralsOverThreshold:()Ljava/util/Map;' using 'SiM (!sp, fnm, df, !ris)'
================================================================================
13:21:27.582 [INFO]  [Creating]     [78/86] io.gitlab.arturbosch.detekt.rules.complexity.StringLiteralDuplication$StringLiteralVisitor.getLiteralsOverThreshold
13:21:27.582 [INFO]  [Creating]     [78/86]   R034: Diffblue Cover can't complete test
13:21:27.582 [INFO]  [Creating]     [78/86]     Diffblue Cover was unable to complete the test.
13:21:27.582 [INFO]  [Creating]     [78/86]     Try to increase the number of fuzzing iterations if non-default
13:21:27.582 [INFO]  [Creating]     [78/86]     value is used.
13:21:27.582 [INFO]  [Creating]     [78/86]     See https://diff.blue/R034 for further troubleshooting of this issue.
13:21:27.583 [INFO]  [Creating] 
================================================================================
= Creating tests for 'io.gitlab.arturbosch.detekt.rules.complexity.StringLiteralDuplication$StringLiteralVisitor.visitStringTemplateExpression:(Lorg/jetbrains/kotlin/psi/KtStringTemplateExpression;)V' using 'SiM (!sp, fnm, df, !ris)'
================================================================================
13:21:27.708 [INFO]  [Creating] Could not load class: Could not initialize class org.jetbrains.kotlin.com.intellij.openapi.util.Key
13:21:27.709 [INFO]  [Creating] An exception occurred: java.lang.NoClassDefFoundError: Could not initialize class org.jetbrains.kotlin.com.intellij.openapi.util.Key
	at org.jetbrains.kotlin.com.intellij.pom.java.LanguageLevel.<clinit>(LanguageLevel.java:46)
	< ... hidden frames ... >
	at java.base/java.lang.Class.getEnumConstantsShared(Class.java:3553)
	at java.base/java.lang.Class.getEnumConstants(Class.java:3529)
	< ... hidden frames ... >
	at java.base/java.util.stream.ReferencePipeline$3$1.accept(ReferencePipeline.java:195)
	at java.base/java.util.ArrayList$ArrayListSpliterator.forEachRemaining(ArrayList.java:1655)
	at java.base/java.util.stream.AbstractPipeline.copyInto(AbstractPipeline.java:484)
	at java.base/java.util.stream.AbstractPipeline.wrapAndCopyInto(AbstractPipeline.java:474)
	at java.base/java.util.stream.ForEachOps$ForEachOp.evaluateSequential(ForEachOps.java:150)
	at java.base/java.util.stream.ForEachOps$ForEachOp$OfRef.evaluateSequential(ForEachOps.java:173)
	at java.base/java.util.stream.AbstractPipeline.evaluate(AbstractPipeline.java:234)
	at java.base/java.util.stream.ReferencePipeline.forEachOrdered(ReferencePipeline.java:502)
	< ... hidden frames ... >
	at java.base/java.util.stream.ReferencePipeline$7$1.accept(ReferencePipeline.java:271)
	at java.base/java.util.stream.SliceOps$1$1.accept(SliceOps.java:199)
	at java.base/java.util.stream.ReferencePipeline$2$1.accept(ReferencePipeline.java:177)
	at java.base/java.util.ArrayList$ArrayListSpliterator.tryAdvance(ArrayList.java:1632)
	at java.base/java.util.stream.ReferencePipeline.forEachWithCancel(ReferencePipeline.java:127)
	at java.base/java.util.stream.AbstractPipeline.copyIntoWithCancel(AbstractPipeline.java:502)
	at java.base/java.util.stream.AbstractPipeline.copyInto(AbstractPipeline.java:488)
	at java.base/java.util.stream.AbstractPipeline.wrapAndCopyInto(AbstractPipeline.java:474)
	at java.base/java.util.stream.ReduceOps$ReduceOp.evaluateSequential(ReduceOps.java:913)
	at java.base/java.util.stream.AbstractPipeline.evaluate(AbstractPipeline.java:234)
	at java.base/java.util.stream.ReferencePipeline.collect(ReferencePipeline.java:578)
	< ... hidden frames ... >
	at java.base/java.util.stream.ReferencePipeline$3$1.accept(ReferencePipeline.java:195)
	at java.base/java.util.ArrayList$ArrayListSpliterator.forEachRemaining(ArrayList.java:1655)
	at java.base/java.util.stream.AbstractPipeline.copyInto(AbstractPipeline.java:484)
	at java.base/java.util.stream.AbstractPipeline.wrapAndCopyInto(AbstractPipeline.java:474)
	at java.base/java.util.stream.ForEachOps$ForEachOp.evaluateSequential(ForEachOps.java:150)
	at java.base/java.util.stream.ForEachOps$ForEachOp$OfRef.evaluateSequential(ForEachOps.java:173)
	at java.base/java.util.stream.AbstractPipeline.evaluate(AbstractPipeline.java:234)
	at java.base/java.util.stream.ReferencePipeline.forEachOrdered(ReferencePipeline.java:502)
	< ... hidden frames ... >
	at java.base/java.util.stream.ReferencePipeline$7$1.accept(ReferencePipeline.java:271)
	at java.base/java.util.stream.SliceOps$1$1.accept(SliceOps.java:199)
	at java.base/java.util.stream.ReferencePipeline$2$1.accept(ReferencePipeline.java:177)
	at java.base/java.util.ArrayList$ArrayListSpliterator.tryAdvance(ArrayList.java:1632)
	at java.base/java.util.stream.ReferencePipeline.forEachWithCancel(ReferencePipeline.java:127)
	at java.base/java.util.stream.AbstractPipeline.copyIntoWithCancel(AbstractPipeline.java:502)
	at java.base/java.util.stream.AbstractPipeline.copyInto(AbstractPipeline.java:488)
	at java.base/java.util.stream.AbstractPipeline.wrapAndCopyInto(AbstractPipeline.java:474)
	at java.base/java.util.stream.ReduceOps$ReduceOp.evaluateSequential(ReduceOps.java:913)
	at java.base/java.util.stream.AbstractPipeline.evaluate(AbstractPipeline.java:234)
	at java.base/java.util.stream.ReferencePipeline.collect(ReferencePipeline.java:578)
	< ... hidden frames ... >
	at java.base/java.util.stream.ReferencePipeline$3$1.accept(ReferencePipeline.java:195)
	at java.base/java.util.ArrayList$ArrayListSpliterator.forEachRemaining(ArrayList.java:1655)
	at java.base/java.util.stream.AbstractPipeline.copyInto(AbstractPipeline.java:484)
	at java.base/java.util.stream.AbstractPipeline.wrapAndCopyInto(AbstractPipeline.java:474)
	at java.base/java.util.stream.ForEachOps$ForEachOp.evaluateSequential(ForEachOps.java:150)
	at java.base/java.util.stream.ForEachOps$ForEachOp$OfRef.evaluateSequential(ForEachOps.java:173)
	at java.base/java.util.stream.AbstractPipeline.evaluate(AbstractPipeline.java:234)
	at java.base/java.util.stream.ReferencePipeline.forEachOrdered(ReferencePipeline.java:502)
	< ... hidden frames ... >
	at java.base/java.util.stream.ReferencePipeline$7$1.accept(ReferencePipeline.java:271)
	at java.base/java.util.stream.SliceOps$1$1.accept(SliceOps.java:199)
	at java.base/java.util.stream.ReferencePipeline$2$1.accept(ReferencePipeline.java:177)
	at java.base/java.util.Collections$2.tryAdvance(Collections.java:4747)
	at java.base/java.util.stream.ReferencePipeline.forEachWithCancel(ReferencePipeline.java:127)
	at java.base/java.util.stream.AbstractPipeline.copyIntoWithCancel(AbstractPipeline.java:502)
	at java.base/java.util.stream.AbstractPipeline.copyInto(AbstractPipeline.java:488)
	at java.base/java.util.stream.AbstractPipeline.wrapAndCopyInto(AbstractPipeline.java:474)
	at java.base/java.util.stream.ReduceOps$ReduceOp.evaluateSequential(ReduceOps.java:913)
	at java.base/java.util.stream.AbstractPipeline.evaluate(AbstractPipeline.java:234)
	at java.base/java.util.stream.ReferencePipeline.collect(ReferencePipeline.java:578)
	< ... hidden frames ... >
	at java.base/java.util.stream.ReferencePipeline$7$1.accept(ReferencePipeline.java:271)
	at java.base/java.util.ArrayList$ArrayListSpliterator.forEachRemaining(ArrayList.java:1655)
	at java.base/java.util.stream.AbstractPipeline.copyInto(AbstractPipeline.java:484)
	at java.base/java.util.stream.AbstractPipeline.wrapAndCopyInto(AbstractPipeline.java:474)
	at java.base/java.util.stream.ReduceOps$ReduceOp.evaluateSequential(ReduceOps.java:913)
	at java.base/java.util.stream.AbstractPipeline.evaluate(AbstractPipeline.java:234)
	at java.base/java.util.stream.ReferencePipeline.collect(ReferencePipeline.java:578)
	< ... hidden frames ... >
13:21:27.714 [INFO]  [Creating]     [79/86] io.gitlab.arturbosch.detekt.rules.complexity.StringLiteralDuplication$StringLiteralVisitor.visitStringTemplateExpression
13:21:27.714 [INFO]  [Creating]     [79/86]   R011: Sandboxing policy violation
13:21:27.714 [INFO]  [Creating]     [79/86]     Diffblue Cover ran code in your project that tried
13:21:27.714 [INFO]  [Creating]     [79/86]       to access 'sun.misc'.
13:21:27.714 [INFO]  [Creating]     [79/86]     Diffblue Cover's default sandboxing policy disallows this in order to prevent
13:21:27.714 [INFO]  [Creating]     [79/86]     your code from damaging your system environment.
13:21:27.714 [INFO]  [Creating]     [79/86]     See https://diff.blue/R011 to resolve this issue.
13:21:27.715 [INFO]  [Creating] [18/19] io.gitlab.arturbosch.detekt.rules.complexity.StringLiteralDuplication$StringLiteralVisitor
13:21:27.716 [INFO]  [Creating] [18/19]   Tests created: 0
13:21:27.716 [INFO]  [Creating] 
================================================================================
= Starting analysis for class 'io.gitlab.arturbosch.detekt.rules.complexity.TooManyFunctions'
================================================================================
13:21:27.716 [INFO]  [Creating] Filtering out non-testable methods...
13:21:27.716 [INFO]  [Creating] Filtering of methods complete. Creating analysis request
13:21:27.716 [INFO]  [Creating] Attempting to get service client, retry 1.
13:21:27.742 [INFO]  [Creating] 
================================================================================
= Creating tests for 'io.gitlab.arturbosch.detekt.rules.complexity.TooManyFunctions.getIssue:()Lio/gitlab/arturbosch/detekt/api/Issue;' using 'TrM (!sp, !fnm, df, !ris)'
================================================================================
13:21:27.754 [INFO]  [Creating]     [80/86] io.gitlab.arturbosch.detekt.rules.complexity.TooManyFunctions.getIssue
13:21:27.754 [INFO]  [Creating]     [80/86]   R081: Exception in arrange section
13:21:27.754 [INFO]  [Creating]     [80/86]     Diffblue Cover was unable to construct an instance of the class under test using
13:21:27.754 [INFO]  [Creating]     [80/86]     io.gitlab.arturbosch.detekt.rules.complexity.TooManyFunctions.<init>().
13:21:27.754 [INFO]  [Creating]     [80/86]     The arrange section threw
13:21:27.754 [INFO]  [Creating]     [80/86]     java.lang.NoClassDefFoundError: Could not initialize class org.jetbrains.kotlin.resolve.BindingContext
13:21:27.754 [INFO]  [Creating]     [80/86]         at io.gitlab.arturbosch.detekt.api.BaseRule.<init>(BaseRule.kt:25)
13:21:27.754 [INFO]  [Creating]     [80/86]         at io.gitlab.arturbosch.detekt.api.Rule.<init>(Rule.kt:23)
13:21:27.754 [INFO]  [Creating]     [80/86]         at io.gitlab.arturbosch.detekt.api.Rule.<init>(Rule.kt:20)
13:21:27.754 [INFO]  [Creating]     [80/86]         at io.gitlab.arturbosch.detekt.rules.complexity.TooManyFunctions.<init>(TooManyFunctions.kt:31)
13:21:27.754 [INFO]  [Creating]     [80/86]         at io.gitlab.arturbosch.detekt.rules.complexity.TooManyFunctions.<init>(TooManyFunctions.kt:31)
13:21:27.754 [INFO]  [Creating]     [80/86]         at io.gitlab.arturbosch.detekt.rules.complexity.TooManyFunctions.<init>(TooManyFunctions.kt)
13:21:27.754 [INFO]  [Creating]     [80/86]     More information about the exception is provided in the support log.
13:21:27.754 [INFO]  [Creating]     [80/86]     See https://diff.blue/R081 for further troubleshooting of this issue.
13:21:27.755 [INFO]  [Creating] 
================================================================================
= Creating tests for 'io.gitlab.arturbosch.detekt.rules.complexity.TooManyFunctions.<init>:()V' using 'SiM (!sp, fnm, df, !ris)'
================================================================================
13:21:27.894 [INFO]  [Creating]     [81/86] io.gitlab.arturbosch.detekt.rules.complexity.TooManyFunctions.<init>
13:21:27.894 [INFO]  [Creating]     [81/86]   R011: Sandboxing policy violation
13:21:27.894 [INFO]  [Creating]     [81/86]     Diffblue Cover ran code in your project that tried
13:21:27.894 [INFO]  [Creating]     [81/86]       to access 'sun.misc'.
13:21:27.894 [INFO]  [Creating]     [81/86]     Diffblue Cover's default sandboxing policy disallows this in order to prevent
13:21:27.894 [INFO]  [Creating]     [81/86]     your code from damaging your system environment.
13:21:27.894 [INFO]  [Creating]     [81/86]     See https://diff.blue/R011 to resolve this issue.
13:21:27.894 [INFO]  [Creating] 
================================================================================
= Creating tests for 'io.gitlab.arturbosch.detekt.rules.complexity.TooManyFunctions.<init>:(Lio/gitlab/arturbosch/detekt/api/Config;)V' using 'SiM (!sp, fnm, df, !ris)'
================================================================================
13:21:28.129 [INFO]  [Creating]     [82/86] io.gitlab.arturbosch.detekt.rules.complexity.TooManyFunctions.<init>
13:21:28.129 [INFO]  [Creating]     [82/86]   R013: No inputs found that don't throw a trivial exception
13:21:28.129 [INFO]  [Creating]     [82/86]     Diffblue Cover tried to run the arrange/act section, but the test threw
13:21:28.129 [INFO]  [Creating]     [82/86]     java.lang.NullPointerException: Parameter specified as non-null is null: method io.gitlab.arturbosch.detekt.rules.complexity.TooManyFunctions.<init>, parameter config
13:21:28.129 [INFO]  [Creating]     [82/86]         at io.gitlab.arturbosch.detekt.rules.complexity.TooManyFunctions.<init>(TooManyFunctions.kt)
13:21:28.129 [INFO]  [Creating]     [82/86]     In order to prevent <init>(Config)
13:21:28.129 [INFO]  [Creating]     [82/86]     from throwing NullPointerException, add constructors or factory
13:21:28.129 [INFO]  [Creating]     [82/86]     methods that make it easier to construct fully initialized objects used in
13:21:28.129 [INFO]  [Creating]     [82/86]     <init>(Config).
13:21:28.129 [INFO]  [Creating]     [82/86]     See https://diff.blue/R013 to resolve this issue.
13:21:28.130 [INFO]  [Creating] 
================================================================================
= Creating tests for 'io.gitlab.arturbosch.detekt.rules.complexity.TooManyFunctions.visitClass:(Lorg/jetbrains/kotlin/psi/KtClass;)V' using 'SiM (!sp, fnm, df, !ris)'
================================================================================
13:21:28.369 [INFO]  [Creating]     [83/86] io.gitlab.arturbosch.detekt.rules.complexity.TooManyFunctions.visitClass
13:21:28.369 [INFO]  [Creating]     [83/86]   R034: Diffblue Cover can't complete test
13:21:28.369 [INFO]  [Creating]     [83/86]     Diffblue Cover was unable to complete the test.
13:21:28.369 [INFO]  [Creating]     [83/86]     Try to increase the number of fuzzing iterations if non-default
13:21:28.369 [INFO]  [Creating]     [83/86]     value is used.
13:21:28.369 [INFO]  [Creating]     [83/86]     See https://diff.blue/R034 for further troubleshooting of this issue.
13:21:28.370 [INFO]  [Creating] 
================================================================================
= Creating tests for 'io.gitlab.arturbosch.detekt.rules.complexity.TooManyFunctions.visitKtFile:(Lorg/jetbrains/kotlin/psi/KtFile;)V' using 'SiM (!sp, fnm, df, !ris)'
================================================================================
13:21:28.466 [INFO]  [Creating]     [84/86] io.gitlab.arturbosch.detekt.rules.complexity.TooManyFunctions.visitKtFile
13:21:28.466 [INFO]  [Creating]     [84/86]   R034: Diffblue Cover can't complete test
13:21:28.466 [INFO]  [Creating]     [84/86]     Diffblue Cover was unable to complete the test.
13:21:28.466 [INFO]  [Creating]     [84/86]     Try to increase the number of fuzzing iterations if non-default
13:21:28.466 [INFO]  [Creating]     [84/86]     value is used.
13:21:28.466 [INFO]  [Creating]     [84/86]     See https://diff.blue/R034 for further troubleshooting of this issue.
13:21:28.467 [INFO]  [Creating] 
================================================================================
= Creating tests for 'io.gitlab.arturbosch.detekt.rules.complexity.TooManyFunctions.visitNamedFunction:(Lorg/jetbrains/kotlin/psi/KtNamedFunction;)V' using 'SiM (!sp, fnm, df, !ris)'
================================================================================
13:21:32.127 [INFO]  [Creating]     [85/86] io.gitlab.arturbosch.detekt.rules.complexity.TooManyFunctions.visitNamedFunction
13:21:32.127 [INFO]  [Creating]     [85/86]   R034: Diffblue Cover can't complete test
13:21:32.127 [INFO]  [Creating]     [85/86]     Diffblue Cover was unable to complete the test.
13:21:32.127 [INFO]  [Creating]     [85/86]     Try to increase the number of fuzzing iterations if non-default
13:21:32.127 [INFO]  [Creating]     [85/86]     value is used.
13:21:32.127 [INFO]  [Creating]     [85/86]     See https://diff.blue/R034 for further troubleshooting of this issue.
13:21:32.128 [INFO]  [Creating] 
================================================================================
= Creating tests for 'io.gitlab.arturbosch.detekt.rules.complexity.TooManyFunctions.visitObjectDeclaration:(Lorg/jetbrains/kotlin/psi/KtObjectDeclaration;)V' using 'SiM (!sp, fnm, df, !ris)'
================================================================================
13:21:32.248 [INFO]  [Creating]     [86/86] io.gitlab.arturbosch.detekt.rules.complexity.TooManyFunctions.visitObjectDeclaration
13:21:32.248 [INFO]  [Creating]     [86/86]   R034: Diffblue Cover can't complete test
13:21:32.248 [INFO]  [Creating]     [86/86]     Diffblue Cover was unable to complete the test.
13:21:32.248 [INFO]  [Creating]     [86/86]     Try to increase the number of fuzzing iterations if non-default
13:21:32.248 [INFO]  [Creating]     [86/86]     value is used.
13:21:32.248 [INFO]  [Creating]     [86/86]     See https://diff.blue/R034 for further troubleshooting of this issue.
13:21:32.250 [INFO]  [Creating] [19/19] io.gitlab.arturbosch.detekt.rules.complexity.TooManyFunctions
13:21:32.250 [INFO]  [Creating] [19/19]   Tests created: 0
13:21:32.255 [INFO]  [Reporting] 
13:21:32.256 [INFO]  [Reporting] Summary:
13:21:32.256 [INFO]  [Reporting] --------
13:21:32.256 [INFO]  [Reporting] Total:                                              86 methods
13:21:32.256 [INFO]  [Reporting] 1 test created for:                                  2 methods
13:21:32.256 [INFO]  [Reporting] 
13:21:32.256 [INFO]  [Reporting] No tests created for:                               84 methods
13:21:32.256 [INFO]  [Reporting]    39 R034: Diffblue Cover can't complete test
13:21:32.256 [INFO]  [Reporting]    17 R081: Exception in arrange section
13:21:32.256 [INFO]  [Reporting]    16 R011: Sandboxing policy violation
13:21:32.256 [INFO]  [Reporting]    11 R013: No inputs found that don't throw a trivial exception
13:21:32.256 [INFO]  [Reporting]     1 R083: Can't find a suitable constructor
13:21:32.312 [INFO]  [Validating] 
13:21:32.312 [INFO]  [Validating] Running validation command.
13:21:32.316 [INFO]  [Validating] Running: Using JAVA_HOME: /Users/mnedzelskii/.sdkman/candidates/java/current : in /Users/mnedzelskii/gits/detekt/detekt-rules-complexity : gradle test -i  
13:21:32.895 [INFO]  [Validating] Standard output of build tool (Gradle)
13:21:32.895 [INFO]  [Validating] > The client will now receive all logging from the daemon (pid: 15147). The daemon log file: /Users/mnedzelskii/.gradle/daemon/8.2/daemon-15147.out.log
13:21:32.895 [INFO]  [Validating] > Starting 124th build in daemon [uptime: 3 hrs 16 mins 56.708 secs, performance: 100%, GC rate: 0.00/s, heap usage: 0% of 8 GiB]
13:21:32.895 [INFO]  [Validating] > Closing daemon's stdin at end of input.
13:21:32.895 [INFO]  [Validating] > The daemon will no longer process any standard input.
13:21:32.895 [INFO]  [Validating] > Using 10 worker leases.
13:21:32.895 [INFO]  [Validating] > Now considering [/Users/mnedzelskii/gits/detekt, /Users/mnedzelskii/gits/detekt/detekt-gradle-plugin, /Users/mnedzelskii/gits/detekt/build-logic] as hierarchies to watch
13:21:32.895 [INFO]  [Validating] > Now considering [/Users/mnedzelskii/gits/detekt/build-logic, /Users/mnedzelskii/gits/detekt, /Users/mnedzelskii/gits/detekt/detekt-gradle-plugin] as hierarchies to watch
13:21:32.895 [INFO]  [Validating] > Now considering [/Users/mnedzelskii/gits/detekt/detekt-gradle-plugin, /Users/mnedzelskii/gits/detekt/build-logic, /Users/mnedzelskii/gits/detekt] as hierarchies to watch
13:21:32.895 [INFO]  [Validating] > Reusing configuration cache.
13:21:32.895 [INFO]  [Validating] > Now considering [/Users/mnedzelskii/gits/detekt, /Users/mnedzelskii/gits/detekt/detekt-gradle-plugin, /Users/mnedzelskii/gits/detekt/build-logic] as hierarchies to watch
13:21:32.895 [INFO]  [Validating] > Watching the file system is configured to be enabled if available
13:21:32.895 [INFO]  [Validating] > File system watching is active
13:21:32.895 [INFO]  [Validating] > Using local directory build cache for the root build (location = /Users/mnedzelskii/.gradle/caches/build-cache-1, removeUnusedEntriesAfter = 7 days).
13:21:32.895 [INFO]  [Validating] > Using remote HTTP build cache for the root build (pull-only, allowInsecureProtocol = false, allowUntrustedServer = false, authenticated = false, url = https://ge.detekt.dev/cache/, useExpectContinue = false).
13:21:32.895 [INFO]  [Validating] > Tasks to be executed: [task ':detekt-psi-utils:compileKotlin', task ':detekt-psi-utils:compileJava', task ':detekt-utils:compileKotlin', task ':detekt-utils:compileJava', task ':detekt-api:compileKotlin', task ':detekt-api:compileJava', task ':detekt-api:processResources', task ':detekt-api:classes', task ':detekt-api:jar', task ':detekt-metrics:compileKotlin', task ':detekt-metrics:compileJava', task ':detekt-parser:compileKotlin', task ':detekt-parser:compileJava', task ':detekt-report-html:compileKotlin', task ':detekt-report-html:compileJava', task ':detekt-report-md:compileKotlin', task ':detekt-report-md:compileJava', task ':detekt-tooling:compileKotlin', task ':detekt-tooling:compileJava', task ':detekt-report-sarif:compileKotlin', task ':detekt-report-sarif:compileJava', task ':detekt-report-txt:compileKotlin', task ':detekt-report-txt:compileJava', task ':detekt-report-xml:compileKotlin', task ':detekt-report-xml:compileJava', task ':detekt-core:compileKotlin', task ':detekt-core:compileJava', task ':detekt-core:processResources', task ':detekt-core:classes', task ':detekt-core:jar', task ':detekt-metrics:processResources', task ':detekt-metrics:classes', task ':detekt-metrics:jar', task ':detekt-parser:processResources', task ':detekt-parser:classes', task ':detekt-parser:jar', task ':detekt-psi-utils:processResources', task ':detekt-psi-utils:classes', task ':detekt-psi-utils:jar', task ':detekt-report-html:processResources', task ':detekt-report-html:classes', task ':detekt-report-html:jar', task ':detekt-report-md:processResources', task ':detekt-report-md:classes', task ':detekt-report-md:jar', task ':detekt-report-sarif:processResources', task ':detekt-report-sarif:classes', task ':detekt-report-sarif:jar', task ':detekt-report-txt:processResources', task ':detekt-report-txt:classes', task ':detekt-report-txt:jar', task ':detekt-report-xml:processResources', task ':detekt-report-xml:classes', task ':detekt-report-xml:jar', task ':detekt-rules-complexity:compileKotlin', task ':detekt-rules-complexity:compileJava', task ':detekt-rules-complexity:processResources', task ':detekt-rules-complexity:classes', task ':detekt-test-utils:compileKotlin', task ':detekt-test-utils:compileJava', task ':detekt-test:compileKotlin', task ':detekt-test:compileJava', task ':detekt-rules-complexity:compileTestKotlin', task ':detekt-rules-complexity:compileTestJava', task ':detekt-rules-complexity:processTestResources', task ':detekt-rules-complexity:testClasses', task ':detekt-test:processResources', task ':detekt-test:classes', task ':detekt-test:jar', task ':detekt-test-utils:processResources', task ':detekt-test-utils:classes', task ':detekt-test-utils:jar', task ':detekt-tooling:processResources', task ':detekt-tooling:classes', task ':detekt-tooling:jar', task ':detekt-utils:processResources', task ':detekt-utils:classes', task ':detekt-utils:jar', task ':detekt-rules-complexity:test']
13:21:32.895 [INFO]  [Validating] > Tasks that were excluded: []
13:21:32.895 [INFO]  [Validating] > Resolve mutations for :detekt-psi-utils:compileKotlin (Thread[Execution worker,5,main]) started.
13:21:32.895 [INFO]  [Validating] > Resolve mutations for :detekt-utils:compileKotlin (Thread[Execution worker Thread 2,5,main]) started.
13:21:32.895 [INFO]  [Validating] > :detekt-psi-utils:compileKotlin (Thread[Execution worker,5,main]) started.
13:21:32.895 [INFO]  [Validating] > :detekt-utils:compileKotlin (Thread[Execution worker Thread 2,5,main]) started.
13:21:32.895 [INFO]  [Validating] > Resolve mutations for :detekt-core:processResources (Thread[Execution worker Thread 4,5,main]) started.
13:21:32.895 [INFO]  [Validating] > Resolve mutations for :detekt-api:processResources (Thread[Execution worker Thread 3,5,main]) started.
13:21:32.895 [INFO]  [Validating] > Resolve mutations for :detekt-metrics:processResources (Thread[Execution worker Thread 5,5,main]) started.
13:21:32.895 [INFO]  [Validating] > :detekt-core:processResources (Thread[Execution worker Thread 4,5,main]) started.
13:21:32.895 [INFO]  [Validating] > Resolve mutations for :detekt-parser:processResources (Thread[Execution worker Thread 6,5,main]) started.
13:21:32.895 [INFO]  [Validating] > :detekt-api:processResources (Thread[Execution worker Thread 5,5,main]) started.
13:21:32.895 [INFO]  [Validating] > :detekt-metrics:processResources (Thread[Execution worker Thread 3,5,main]) started.
13:21:32.895 [INFO]  [Validating] > :detekt-parser:processResources (Thread[Execution worker Thread 6,5,main]) started.
13:21:32.895 [INFO]  [Validating] > Resolve mutations for :detekt-psi-utils:processResources (Thread[Execution worker Thread 7,5,main]) started.
13:21:32.895 [INFO]  [Validating] > :detekt-psi-utils:processResources (Thread[Execution worker Thread 7,5,main]) started.
13:21:32.895 [INFO]  [Validating] > Resolve mutations for :detekt-report-html:processResources (Thread[Execution worker Thread 8,5,main]) started.
13:21:32.895 [INFO]  [Validating] > Resolve mutations for :detekt-report-md:processResources (Thread[included builds,5,main]) started.
13:21:32.895 [INFO]  [Validating] > :detekt-report-html:processResources (Thread[Execution worker Thread 8,5,main]) started.
13:21:32.895 [INFO]  [Validating] > Resolve mutations for :detekt-report-sarif:processResources (Thread[Execution worker Thread 9,5,main]) started.
13:21:32.895 [INFO]  [Validating] > :detekt-report-md:processResources (Thread[included builds,5,main]) started.
13:21:32.895 [INFO]  [Validating] > :detekt-report-sarif:processResources (Thread[Execution worker Thread 9,5,main]) started.
13:21:32.895 [INFO]  [Validating] > 
13:21:32.895 [INFO]  [Validating] > > Task :detekt-api:processResources NO-SOURCE
13:21:32.895 [INFO]  [Validating] > Skipping task ':detekt-api:processResources' as it has no source files and no previous output files.
13:21:32.895 [INFO]  [Validating] > Resolve mutations for :detekt-report-txt:processResources (Thread[Execution worker Thread 5,5,main]) started.
13:21:32.895 [INFO]  [Validating] > 
13:21:32.895 [INFO]  [Validating] > > Task :detekt-parser:processResources NO-SOURCE
13:21:32.895 [INFO]  [Validating] > Skipping task ':detekt-parser:processResources' as it has no source files and no previous output files.
13:21:32.895 [INFO]  [Validating] > Resolve mutations for :detekt-report-xml:processResources (Thread[Execution worker Thread 6,5,main]) started.
13:21:32.895 [INFO]  [Validating] > :detekt-report-xml:processResources (Thread[Execution worker Thread 6,5,main]) started.
13:21:32.895 [INFO]  [Validating] > :detekt-report-txt:processResources (Thread[Execution worker Thread 5,5,main]) started.
13:21:32.895 [INFO]  [Validating] > 
13:21:32.895 [INFO]  [Validating] > > Task :detekt-core:processResources UP-TO-DATE
13:21:32.895 [INFO]  [Validating] > Caching disabled for task ':detekt-core:processResources' because:
13:21:32.895 [INFO]  [Validating] >   Not worth caching
13:21:32.895 [INFO]  [Validating] > Skipping task ':detekt-core:processResources' as it is up-to-date.
13:21:32.895 [INFO]  [Validating] > 
13:21:32.895 [INFO]  [Validating] > > Task :detekt-psi-utils:processResources NO-SOURCE
13:21:32.895 [INFO]  [Validating] > Skipping task ':detekt-psi-utils:processResources' as it has no source files and no previous output files.
13:21:32.895 [INFO]  [Validating] > 
13:21:32.895 [INFO]  [Validating] > > Task :detekt-report-sarif:processResources UP-TO-DATE
13:21:32.895 [INFO]  [Validating] > Caching disabled for task ':detekt-report-sarif:processResources' because:
13:21:32.895 [INFO]  [Validating] >   Not worth caching
13:21:32.895 [INFO]  [Validating] > Skipping task ':detekt-report-sarif:processResources' as it is up-to-date.
13:21:32.895 [INFO]  [Validating] > Resolve mutations for :detekt-rules-complexity:processTestResources (Thread[Execution worker Thread 7,5,main]) started.
13:21:32.895 [INFO]  [Validating] > Resolve mutations for :detekt-rules-complexity:processResources (Thread[Execution worker Thread 4,5,main]) started.
13:21:32.895 [INFO]  [Validating] > 
13:21:32.895 [INFO]  [Validating] > > Task :detekt-report-md:processResources UP-TO-DATE
13:21:32.895 [INFO]  [Validating] > Caching disabled for task ':detekt-report-md:processResources' because:
13:21:32.895 [INFO]  [Validating] >   Not worth caching
13:21:32.895 [INFO]  [Validating] > Skipping task ':detekt-report-md:processResources' as it is up-to-date.
13:21:32.895 [INFO]  [Validating] > Resolve mutations for :detekt-test-utils:processResources (Thread[included builds,5,main]) started.
13:21:32.895 [INFO]  [Validating] > 
13:21:32.895 [INFO]  [Validating] > > Task :detekt-metrics:processResources NO-SOURCE
13:21:32.895 [INFO]  [Validating] > Skipping task ':detekt-metrics:processResources' as it has no source files and no previous output files.
13:21:32.895 [INFO]  [Validating] > :detekt-rules-complexity:processResources (Thread[Execution worker Thread 4,5,main]) started.
13:21:32.895 [INFO]  [Validating] > :detekt-rules-complexity:processTestResources (Thread[Execution worker Thread 7,5,main]) started.
13:21:32.895 [INFO]  [Validating] > Resolve mutations for :detekt-test:processResources (Thread[Execution worker Thread 9,5,main]) started.
13:21:32.895 [INFO]  [Validating] > 
13:21:32.895 [INFO]  [Validating] > > Task :detekt-report-html:processResources UP-TO-DATE
13:21:32.895 [INFO]  [Validating] > Caching disabled for task ':detekt-report-html:processResources' because:
13:21:32.895 [INFO]  [Validating] >   Not worth caching
13:21:32.895 [INFO]  [Validating] > Skipping task ':detekt-report-html:processResources' as it is up-to-date.
13:21:32.895 [INFO]  [Validating] > Resolve mutations for :detekt-utils:processResources (Thread[Execution worker Thread 8,5,main]) started.
13:21:32.895 [INFO]  [Validating] > :detekt-test-utils:processResources (Thread[included builds,5,main]) started.
13:21:32.895 [INFO]  [Validating] > 
13:21:32.895 [INFO]  [Validating] > > Task :detekt-report-xml:processResources UP-TO-DATE
13:21:32.895 [INFO]  [Validating] > Caching disabled for task ':detekt-report-xml:processResources' because:
13:21:32.895 [INFO]  [Validating] >   Not worth caching
13:21:32.895 [INFO]  [Validating] > Skipping task ':detekt-report-xml:processResources' as it is up-to-date.
13:21:32.895 [INFO]  [Validating] > Resolve mutations for :detekt-tooling:processResources (Thread[Execution worker Thread 3,5,main]) started.
13:21:32.895 [INFO]  [Validating] > 
13:21:32.895 [INFO]  [Validating] > > Task :detekt-report-txt:processResources UP-TO-DATE
13:21:32.895 [INFO]  [Validating] > Caching disabled for task ':detekt-report-txt:processResources' because:
13:21:32.895 [INFO]  [Validating] >   Not worth caching
13:21:32.896 [INFO]  [Validating] > Skipping task ':detekt-report-txt:processResources' as it is up-to-date.
13:21:32.896 [INFO]  [Validating] > 
13:21:32.896 [INFO]  [Validating] > > Task :detekt-rules-complexity:processTestResources NO-SOURCE
13:21:32.896 [INFO]  [Validating] > Skipping task ':detekt-rules-complexity:processTestResources' as it has no source files and no previous output files.
13:21:32.896 [INFO]  [Validating] > 
13:21:32.896 [INFO]  [Validating] > > Task :detekt-rules-complexity:processResources UP-TO-DATE
13:21:32.896 [INFO]  [Validating] > Caching disabled for task ':detekt-rules-complexity:processResources' because:
13:21:32.896 [INFO]  [Validating] >   Not worth caching
13:21:32.896 [INFO]  [Validating] > Skipping task ':detekt-rules-complexity:processResources' as it is up-to-date.
13:21:32.896 [INFO]  [Validating] > :detekt-utils:processResources (Thread[Execution worker Thread 8,5,main]) started.
13:21:32.896 [INFO]  [Validating] > :detekt-test:processResources (Thread[Execution worker Thread 9,5,main]) started.
13:21:32.896 [INFO]  [Validating] > :detekt-tooling:processResources (Thread[Execution worker Thread 3,5,main]) started.
13:21:32.896 [INFO]  [Validating] > 
13:21:32.896 [INFO]  [Validating] > > Task :detekt-utils:processResources NO-SOURCE
13:21:32.896 [INFO]  [Validating] > Skipping task ':detekt-utils:processResources' as it has no source files and no previous output files.
13:21:32.896 [INFO]  [Validating] > 
13:21:32.896 [INFO]  [Validating] > > Task :detekt-test-utils:processResources NO-SOURCE
13:21:32.896 [INFO]  [Validating] > Skipping task ':detekt-test-utils:processResources' as it has no source files and no previous output files.
13:21:32.896 [INFO]  [Validating] > 
13:21:32.896 [INFO]  [Validating] > > Task :detekt-utils:compileKotlin UP-TO-DATE
13:21:32.896 [INFO]  [Validating] > Transforming kotlin-stdlib-jdk8-1.8.22.jar with ClasspathEntrySnapshotTransform
13:21:32.896 [INFO]  [Validating] > Transforming kotlin-stdlib-jdk7-1.8.22.jar with ClasspathEntrySnapshotTransform
13:21:32.896 [INFO]  [Validating] > Transforming kotlin-stdlib-1.8.22.jar with ClasspathEntrySnapshotTransform
13:21:32.896 [INFO]  [Validating] > Transforming kotlin-stdlib-common-1.8.22.jar with ClasspathEntrySnapshotTransform
13:21:32.896 [INFO]  [Validating] > Transforming annotations-13.0.jar with ClasspathEntrySnapshotTransform
13:21:32.896 [INFO]  [Validating] > Build cache key for task ':detekt-utils:compileKotlin' is 4bc3c8215f701e9ef21d31281b92246d
13:21:32.896 [INFO]  [Validating] > Skipping task ':detekt-utils:compileKotlin' as it is up-to-date.
13:21:32.896 [INFO]  [Validating] > 
13:21:32.896 [INFO]  [Validating] > > Task :detekt-test:processResources NO-SOURCE
13:21:32.896 [INFO]  [Validating] > Skipping task ':detekt-test:processResources' as it has no source files and no previous output files.
13:21:32.896 [INFO]  [Validating] > Resolve mutations for :detekt-utils:compileJava (Thread[Execution worker Thread 2,5,main]) started.
13:21:32.896 [INFO]  [Validating] > work action resolve main (project :detekt-utils) (Thread[Execution worker Thread 9,5,main]) started.
13:21:32.896 [INFO]  [Validating] > 
13:21:32.896 [INFO]  [Validating] > > Task :detekt-tooling:processResources NO-SOURCE
13:21:32.896 [INFO]  [Validating] > Skipping task ':detekt-tooling:processResources' as it has no source files and no previous output files.
13:21:32.896 [INFO]  [Validating] > :detekt-utils:compileJava (Thread[Execution worker Thread 3,5,main]) started.
13:21:32.896 [INFO]  [Validating] > 
13:21:32.896 [INFO]  [Validating] > > Task :detekt-utils:compileJava NO-SOURCE
13:21:32.896 [INFO]  [Validating] > Skipping task ':detekt-utils:compileJava' as it has no source files and no previous output files.
13:21:32.896 [INFO]  [Validating] > work action resolve main (project :detekt-utils) (Thread[Execution worker Thread 3,5,main]) started.
13:21:32.896 [INFO]  [Validating] > work action resolve main (project :detekt-utils) (Thread[Execution worker Thread 2,5,main]) started.
13:21:32.896 [INFO]  [Validating] > Resolve mutations for :detekt-utils:classes (Thread[Execution worker Thread 6,5,main]) started.
13:21:32.896 [INFO]  [Validating] > :detekt-utils:classes (Thread[Execution worker Thread 6,5,main]) started.
13:21:32.896 [INFO]  [Validating] > 
13:21:32.896 [INFO]  [Validating] > > Task :detekt-utils:classes UP-TO-DATE
13:21:32.896 [INFO]  [Validating] > Skipping task ':detekt-utils:classes' as it has no actions.
13:21:32.896 [INFO]  [Validating] > Resolve mutations for :detekt-utils:jar (Thread[Execution worker Thread 6,5,main]) started.
13:21:32.896 [INFO]  [Validating] > 
13:21:32.896 [INFO]  [Validating] > > Task :detekt-psi-utils:compileKotlin UP-TO-DATE
13:21:32.896 [INFO]  [Validating] > Transforming kotlin-compiler-embeddable-1.8.22.jar with ClasspathEntrySnapshotTransform
13:21:32.896 [INFO]  [Validating] > Transforming kotlin-stdlib-jdk8-1.8.22.jar with ClasspathEntrySnapshotTransform
13:21:32.896 [INFO]  [Validating] > Transforming kotlin-stdlib-jdk7-1.8.22.jar with ClasspathEntrySnapshotTransform
13:21:32.896 [INFO]  [Validating] > Transforming kotlin-stdlib-1.8.22.jar with ClasspathEntrySnapshotTransform
13:21:32.896 [INFO]  [Validating] > Transforming kotlin-stdlib-common-1.8.22.jar with ClasspathEntrySnapshotTransform
13:21:32.896 [INFO]  [Validating] > Transforming annotations-13.0.jar with ClasspathEntrySnapshotTransform
13:21:32.896 [INFO]  [Validating] > Build cache key for task ':detekt-psi-utils:compileKotlin' is c72e17ff81c85e7351df478815002d0c
13:21:32.896 [INFO]  [Validating] > Skipping task ':detekt-psi-utils:compileKotlin' as it is up-to-date.
13:21:32.896 [INFO]  [Validating] > Resolve mutations for :detekt-psi-utils:compileJava (Thread[Execution worker Thread 8,5,main]) started.
13:21:32.896 [INFO]  [Validating] > work action resolve main (project :detekt-psi-utils) (Thread[Execution worker,5,main]) started.
13:21:32.896 [INFO]  [Validating] > :detekt-utils:jar (Thread[Execution worker Thread 6,5,main]) started.
13:21:32.896 [INFO]  [Validating] > :detekt-psi-utils:compileJava (Thread[Execution worker Thread 8,5,main]) started.
13:21:32.896 [INFO]  [Validating] > 
13:21:32.896 [INFO]  [Validating] > > Task :detekt-psi-utils:compileJava NO-SOURCE
13:21:32.896 [INFO]  [Validating] > Skipping task ':detekt-psi-utils:compileJava' as it has no source files and no previous output files.
13:21:32.896 [INFO]  [Validating] > work action resolve main (project :detekt-psi-utils) (Thread[Execution worker Thread 8,5,main]) started.
13:21:32.896 [INFO]  [Validating] > work action resolve main (project :detekt-psi-utils) (Thread[Execution worker,5,main]) started.
13:21:32.896 [INFO]  [Validating] > Resolve mutations for :detekt-psi-utils:classes (Thread[Execution worker Thread 5,5,main]) started.
13:21:32.896 [INFO]  [Validating] > Resolve mutations for :detekt-parser:compileKotlin (Thread[Execution worker Thread 2,5,main]) started.
13:21:32.896 [INFO]  [Validating] > Resolve mutations for :detekt-api:compileKotlin (Thread[Execution worker,5,main]) started.
13:21:32.896 [INFO]  [Validating] > :detekt-psi-utils:classes (Thread[Execution worker Thread 5,5,main]) started.
13:21:32.896 [INFO]  [Validating] > 
13:21:32.896 [INFO]  [Validating] > > Task :detekt-psi-utils:classes UP-TO-DATE
13:21:32.896 [INFO]  [Validating] > Skipping task ':detekt-psi-utils:classes' as it has no actions.
13:21:32.896 [INFO]  [Validating] > Resolve mutations for :detekt-psi-utils:jar (Thread[Execution worker Thread 5,5,main]) started.
13:21:32.896 [INFO]  [Validating] > :detekt-api:compileKotlin (Thread[Execution worker,5,main]) started.
13:21:32.896 [INFO]  [Validating] > :detekt-parser:compileKotlin (Thread[Execution worker Thread 2,5,main]) started.
13:21:32.896 [INFO]  [Validating] > :detekt-psi-utils:jar (Thread[Execution worker Thread 5,5,main]) started.
13:21:32.896 [INFO]  [Validating] > 
13:21:32.896 [INFO]  [Validating] > > Task :detekt-parser:compileKotlin UP-TO-DATE
13:21:32.896 [INFO]  [Validating] > Transforming main with ClasspathEntrySnapshotTransform
13:21:32.896 [INFO]  [Validating] > Transforming kotlin-compiler-embeddable-1.8.22.jar with ClasspathEntrySnapshotTransform
13:21:32.896 [INFO]  [Validating] > Transforming kotlin-stdlib-jdk8-1.8.22.jar with ClasspathEntrySnapshotTransform
13:21:32.896 [INFO]  [Validating] > Transforming contester-breakpoint-0.2.0.jar with ClasspathEntrySnapshotTransform
13:21:32.896 [INFO]  [Validating] > Transforming kotlin-stdlib-jdk7-1.8.22.jar with ClasspathEntrySnapshotTransform
13:21:32.896 [INFO]  [Validating] > Transforming kotlin-stdlib-1.8.22.jar with ClasspathEntrySnapshotTransform
13:21:32.896 [INFO]  [Validating] > Transforming kotlin-stdlib-common-1.8.22.jar with ClasspathEntrySnapshotTransform
13:21:32.896 [INFO]  [Validating] > Transforming annotations-13.0.jar with ClasspathEntrySnapshotTransform
13:21:32.896 [INFO]  [Validating] > Build cache key for task ':detekt-parser:compileKotlin' is 9ce217c383476588a3779d923d7b0bdd
13:21:32.896 [INFO]  [Validating] > Skipping task ':detekt-parser:compileKotlin' as it is up-to-date.
13:21:32.896 [INFO]  [Validating] > work action resolve main (project :detekt-parser) (Thread[Execution worker Thread 3,5,main]) started.
13:21:32.896 [INFO]  [Validating] > Resolve mutations for :detekt-parser:compileJava (Thread[Execution worker Thread 2,5,main]) started.
13:21:32.896 [INFO]  [Validating] > 
13:21:32.896 [INFO]  [Validating] > > Task :detekt-utils:jar UP-TO-DATE
13:21:32.896 [INFO]  [Validating] > Caching disabled for task ':detekt-utils:jar' because:
13:21:32.896 [INFO]  [Validating] >   Not worth caching
13:21:32.896 [INFO]  [Validating] > Skipping task ':detekt-utils:jar' as it is up-to-date.
13:21:32.896 [INFO]  [Validating] > 
13:21:32.896 [INFO]  [Validating] > > Task :detekt-api:compileKotlin UP-TO-DATE
13:21:32.896 [INFO]  [Validating] > Transforming main with ClasspathEntrySnapshotTransform
13:21:32.896 [INFO]  [Validating] > Transforming kotlin-compiler-embeddable-1.8.22.jar with ClasspathEntrySnapshotTransform
13:21:32.896 [INFO]  [Validating] > Transforming main with ClasspathEntrySnapshotTransform
13:21:32.896 [INFO]  [Validating] > Transforming kotlin-stdlib-jdk8-1.8.22.jar with ClasspathEntrySnapshotTransform
13:21:32.896 [INFO]  [Validating] > Transforming kotlin-stdlib-jdk7-1.8.22.jar with ClasspathEntrySnapshotTransform
13:21:32.896 [INFO]  [Validating] > Transforming kotlin-stdlib-1.8.22.jar with ClasspathEntrySnapshotTransform
13:21:32.896 [INFO]  [Validating] > Transforming kotlin-stdlib-common-1.8.22.jar with ClasspathEntrySnapshotTransform
13:21:32.896 [INFO]  [Validating] > Transforming annotations-13.0.jar with ClasspathEntrySnapshotTransform
13:21:32.896 [INFO]  [Validating] > Build cache key for task ':detekt-api:compileKotlin' is bc24205c2f4f61f8518d6a26cd3c1b64
13:21:32.896 [INFO]  [Validating] > Skipping task ':detekt-api:compileKotlin' as it is up-to-date.
13:21:32.896 [INFO]  [Validating] > :detekt-parser:compileJava (Thread[Execution worker Thread 6,5,main]) started.
13:21:32.896 [INFO]  [Validating] > Resolve mutations for :detekt-api:compileJava (Thread[Execution worker,5,main]) started.
13:21:32.896 [INFO]  [Validating] > work action resolve detekt-utils-1.23.0.jar (project :detekt-utils) (Thread[Execution worker Thread 2,5,main]) started.
13:21:32.896 [INFO]  [Validating] > work action resolve main (project :detekt-api) (Thread[Execution worker Thread 4,5,main]) started.
13:21:32.896 [INFO]  [Validating] > :detekt-api:compileJava (Thread[Execution worker,5,main]) started.
13:21:32.896 [INFO]  [Validating] > 
13:21:32.896 [INFO]  [Validating] > > Task :detekt-api:compileJava NO-SOURCE
13:21:32.896 [INFO]  [Validating] > Skipping task ':detekt-api:compileJava' as it has no source files and no previous output files.
13:21:32.896 [INFO]  [Validating] > Resolve mutations for :detekt-api:classes (Thread[Execution worker,5,main]) started.
13:21:32.896 [INFO]  [Validating] > :detekt-api:classes (Thread[Execution worker,5,main]) started.
13:21:32.896 [INFO]  [Validating] > work action resolve main (project :detekt-api) (Thread[Execution worker Thread 4,5,main]) started.
13:21:32.896 [INFO]  [Validating] > 
13:21:32.896 [INFO]  [Validating] > > Task :detekt-parser:compileJava NO-SOURCE
13:21:32.896 [INFO]  [Validating] > Skipping task ':detekt-parser:compileJava' as it has no source files and no previous output files.
13:21:32.896 [INFO]  [Validating] > work action resolve main (project :detekt-api) (Thread[Execution worker Thread 2,5,main]) started.
13:21:32.896 [INFO]  [Validating] > work action resolve main (project :detekt-parser) (Thread[Execution worker Thread 6,5,main]) started.
13:21:32.896 [INFO]  [Validating] > work action resolve main (project :detekt-parser) (Thread[Execution worker Thread 4,5,main]) started.
13:21:32.896 [INFO]  [Validating] > Resolve mutations for :detekt-test-utils:compileKotlin (Thread[Execution worker Thread 4,5,main]) started.
13:21:32.896 [INFO]  [Validating] > 
13:21:32.896 [INFO]  [Validating] > > Task :detekt-psi-utils:jar UP-TO-DATE
13:21:32.896 [INFO]  [Validating] > Caching disabled for task ':detekt-psi-utils:jar' because:
13:21:32.896 [INFO]  [Validating] >   Not worth caching
13:21:32.896 [INFO]  [Validating] > Skipping task ':detekt-psi-utils:jar' as it is up-to-date.
13:21:32.896 [INFO]  [Validating] > 
13:21:32.896 [INFO]  [Validating] > > Task :detekt-api:classes UP-TO-DATE
13:21:32.896 [INFO]  [Validating] > Skipping task ':detekt-api:classes' as it has no actions.
13:21:32.896 [INFO]  [Validating] > Resolve mutations for :detekt-report-xml:compileKotlin (Thread[Execution worker Thread 9,5,main]) started.
13:21:32.896 [INFO]  [Validating] > work action resolve detekt-psi-utils-1.23.0.jar (project :detekt-psi-utils) (Thread[Execution worker Thread 5,5,main]) started.
13:21:32.896 [INFO]  [Validating] > Resolve mutations for :detekt-report-txt:compileKotlin (Thread[included builds,5,main]) started.
13:21:32.896 [INFO]  [Validating] > :detekt-test-utils:compileKotlin (Thread[Execution worker Thread 3,5,main]) started.
13:21:32.896 [INFO]  [Validating] > :detekt-report-txt:compileKotlin (Thread[Execution worker Thread 9,5,main]) started.
13:21:32.896 [INFO]  [Validating] > Resolve mutations for :detekt-tooling:compileKotlin (Thread[Execution worker Thread 6,5,main]) started.
13:21:32.896 [INFO]  [Validating] > Resolve mutations for :detekt-metrics:compileKotlin (Thread[Execution worker Thread 2,5,main]) started.
13:21:32.896 [INFO]  [Validating] > Resolve mutations for :detekt-parser:classes (Thread[Execution worker Thread 7,5,main]) started.
13:21:32.896 [INFO]  [Validating] > :detekt-report-xml:compileKotlin (Thread[Execution worker Thread 4,5,main]) started.
13:21:32.896 [INFO]  [Validating] > Resolve mutations for :detekt-api:jar (Thread[Execution worker,5,main]) started.
13:21:32.896 [INFO]  [Validating] > :detekt-metrics:compileKotlin (Thread[Execution worker Thread 2,5,main]) started.
13:21:32.896 [INFO]  [Validating] > :detekt-tooling:compileKotlin (Thread[Execution worker Thread 6,5,main]) started.
13:21:32.896 [INFO]  [Validating] > :detekt-parser:classes (Thread[Execution worker Thread 7,5,main]) started.
13:21:32.896 [INFO]  [Validating] > 
13:21:32.896 [INFO]  [Validating] > > Task :detekt-parser:classes UP-TO-DATE
13:21:32.896 [INFO]  [Validating] > Skipping task ':detekt-parser:classes' as it has no actions.
13:21:32.896 [INFO]  [Validating] > :detekt-api:jar (Thread[Execution worker,5,main]) started.
13:21:32.896 [INFO]  [Validating] > Resolve mutations for :detekt-parser:jar (Thread[Execution worker Thread 7,5,main]) started.
13:21:32.896 [INFO]  [Validating] > :detekt-parser:jar (Thread[Execution worker Thread 7,5,main]) started.
13:21:32.896 [INFO]  [Validating] > 
13:21:32.896 [INFO]  [Validating] > > Task :detekt-report-txt:compileKotlin UP-TO-DATE
13:21:32.896 [INFO]  [Validating] > Transforming main with ClasspathEntrySnapshotTransform
13:21:32.896 [INFO]  [Validating] > Transforming main with ClasspathEntrySnapshotTransform
13:21:32.896 [INFO]  [Validating] > Transforming kotlin-stdlib-jdk8-1.8.22.jar with ClasspathEntrySnapshotTransform
13:21:32.896 [INFO]  [Validating] > Transforming kotlin-stdlib-jdk7-1.8.22.jar with ClasspathEntrySnapshotTransform
13:21:32.896 [INFO]  [Validating] > Transforming kotlin-stdlib-1.8.22.jar with ClasspathEntrySnapshotTransform
13:21:32.896 [INFO]  [Validating] > Transforming kotlin-compiler-embeddable-1.8.22.jar with ClasspathEntrySnapshotTransform
13:21:32.896 [INFO]  [Validating] > Transforming kotlin-stdlib-common-1.8.22.jar with ClasspathEntrySnapshotTransform
13:21:32.896 [INFO]  [Validating] > Transforming annotations-13.0.jar with ClasspathEntrySnapshotTransform
13:21:32.896 [INFO]  [Validating] > Build cache key for task ':detekt-report-txt:compileKotlin' is 3ded245b414360810ee29353612bdefd
13:21:32.896 [INFO]  [Validating] > Skipping task ':detekt-report-txt:compileKotlin' as it is up-to-date.
13:21:32.896 [INFO]  [Validating] > Resolve mutations for :detekt-report-txt:compileJava (Thread[Execution worker Thread 9,5,main]) started.
13:21:32.896 [INFO]  [Validating] > work action resolve main (project :detekt-report-txt) (Thread[Execution worker Thread 8,5,main]) started.
13:21:32.896 [INFO]  [Validating] > :detekt-report-txt:compileJava (Thread[Execution worker Thread 9,5,main]) started.
13:21:32.896 [INFO]  [Validating] > 
13:21:32.896 [INFO]  [Validating] > > Task :detekt-tooling:compileKotlin UP-TO-DATE
13:21:32.896 [INFO]  [Validating] > Transforming main with ClasspathEntrySnapshotTransform
13:21:32.896 [INFO]  [Validating] > Transforming main with ClasspathEntrySnapshotTransform
13:21:32.896 [INFO]  [Validating] > Transforming kotlin-stdlib-jdk8-1.8.22.jar with ClasspathEntrySnapshotTransform
13:21:32.896 [INFO]  [Validating] > Transforming kotlin-compiler-embeddable-1.8.22.jar with ClasspathEntrySnapshotTransform
13:21:32.896 [INFO]  [Validating] > Transforming kotlin-stdlib-jdk7-1.8.22.jar with ClasspathEntrySnapshotTransform
13:21:32.897 [INFO]  [Validating] > Transforming kotlin-stdlib-1.8.22.jar with ClasspathEntrySnapshotTransform
13:21:32.897 [INFO]  [Validating] > Transforming kotlin-stdlib-common-1.8.22.jar with ClasspathEntrySnapshotTransform
13:21:32.897 [INFO]  [Validating] > Transforming annotations-13.0.jar with ClasspathEntrySnapshotTransform
13:21:32.897 [INFO]  [Validating] > Build cache key for task ':detekt-tooling:compileKotlin' is 9cd58a4ffb79657c01c8319bf5870a6f
13:21:32.897 [INFO]  [Validating] > Skipping task ':detekt-tooling:compileKotlin' as it is up-to-date.
13:21:32.897 [INFO]  [Validating] > work action resolve main (project :detekt-tooling) (Thread[Execution worker Thread 8,5,main]) started.
13:21:32.897 [INFO]  [Validating] > Resolve mutations for :detekt-tooling:compileJava (Thread[Execution worker Thread 6,5,main]) started.
13:21:32.897 [INFO]  [Validating] > 
13:21:32.897 [INFO]  [Validating] > > Task :detekt-metrics:compileKotlin UP-TO-DATE
13:21:32.897 [INFO]  [Validating] > Transforming main with ClasspathEntrySnapshotTransform
13:21:32.897 [INFO]  [Validating] > Transforming main with ClasspathEntrySnapshotTransform
13:21:32.897 [INFO]  [Validating] > Transforming kotlin-stdlib-jdk8-1.8.22.jar with ClasspathEntrySnapshotTransform
13:21:32.897 [INFO]  [Validating] > Transforming kotlin-compiler-embeddable-1.8.22.jar with ClasspathEntrySnapshotTransform
13:21:32.897 [INFO]  [Validating] > Transforming kotlin-stdlib-jdk7-1.8.22.jar with ClasspathEntrySnapshotTransform
13:21:32.897 [INFO]  [Validating] > Transforming kotlin-stdlib-1.8.22.jar with ClasspathEntrySnapshotTransform
13:21:32.897 [INFO]  [Validating] > Transforming kotlin-stdlib-common-1.8.22.jar with ClasspathEntrySnapshotTransform
13:21:32.897 [INFO]  [Validating] > Transforming annotations-13.0.jar with ClasspathEntrySnapshotTransform
13:21:32.897 [INFO]  [Validating] > Build cache key for task ':detekt-metrics:compileKotlin' is e1aa4271b4005c352ebbc96b71bde128
13:21:32.897 [INFO]  [Validating] > Skipping task ':detekt-metrics:compileKotlin' as it is up-to-date.
13:21:32.897 [INFO]  [Validating] > :detekt-tooling:compileJava (Thread[Execution worker Thread 6,5,main]) started.
13:21:32.897 [INFO]  [Validating] > Resolve mutations for :detekt-metrics:compileJava (Thread[Execution worker Thread 2,5,main]) started.
13:21:32.897 [INFO]  [Validating] > :detekt-metrics:compileJava (Thread[Execution worker Thread 2,5,main]) started.
13:21:32.897 [INFO]  [Validating] > 
13:21:32.897 [INFO]  [Validating] > > Task :detekt-tooling:compileJava NO-SOURCE
13:21:32.897 [INFO]  [Validating] > Skipping task ':detekt-tooling:compileJava' as it has no source files and no previous output files.
13:21:32.897 [INFO]  [Validating] > work action resolve main (project :detekt-metrics) (Thread[Execution worker Thread 8,5,main]) started.
13:21:32.897 [INFO]  [Validating] > work action resolve main (project :detekt-tooling) (Thread[Execution worker Thread 6,5,main]) started.
13:21:32.897 [INFO]  [Validating] > 
13:21:32.897 [INFO]  [Validating] > > Task :detekt-report-xml:compileKotlin UP-TO-DATE
13:21:32.897 [INFO]  [Validating] > Transforming main with ClasspathEntrySnapshotTransform
13:21:32.897 [INFO]  [Validating] > Transforming main with ClasspathEntrySnapshotTransform
13:21:32.897 [INFO]  [Validating] > Transforming kotlin-stdlib-jdk8-1.8.22.jar with ClasspathEntrySnapshotTransform
13:21:32.897 [INFO]  [Validating] > Transforming kotlin-stdlib-jdk7-1.8.22.jar with ClasspathEntrySnapshotTransform
13:21:32.897 [INFO]  [Validating] > Transforming kotlin-stdlib-1.8.22.jar with ClasspathEntrySnapshotTransform
13:21:32.897 [INFO]  [Validating] > Transforming kotlin-compiler-embeddable-1.8.22.jar with ClasspathEntrySnapshotTransform
13:21:32.897 [INFO]  [Validating] > Transforming kotlin-stdlib-common-1.8.22.jar with ClasspathEntrySnapshotTransform
13:21:32.897 [INFO]  [Validating] > Transforming annotations-13.0.jar with ClasspathEntrySnapshotTransform
13:21:32.897 [INFO]  [Validating] > Build cache key for task ':detekt-report-xml:compileKotlin' is 1acdddef0677e48be7307f9ab589f2f5
13:21:32.897 [INFO]  [Validating] > Skipping task ':detekt-report-xml:compileKotlin' as it is up-to-date.
13:21:32.897 [INFO]  [Validating] > work action resolve main (project :detekt-report-xml) (Thread[Execution worker Thread 5,5,main]) started.
13:21:32.897 [INFO]  [Validating] > Resolve mutations for :detekt-report-xml:compileJava (Thread[Execution worker Thread 4,5,main]) started.
13:21:32.897 [INFO]  [Validating] > Resolve mutations for :detekt-tooling:classes (Thread[Execution worker Thread 6,5,main]) started.
13:21:32.897 [INFO]  [Validating] > :detekt-tooling:classes (Thread[Execution worker Thread 6,5,main]) started.
13:21:32.897 [INFO]  [Validating] > 
13:21:32.897 [INFO]  [Validating] > > Task :detekt-metrics:compileJava NO-SOURCE
13:21:32.897 [INFO]  [Validating] > Skipping task ':detekt-metrics:compileJava' as it has no source files and no previous output files.
13:21:32.897 [INFO]  [Validating] > work action resolve main (project :detekt-tooling) (Thread[Execution worker Thread 8,5,main]) started.
13:21:32.897 [INFO]  [Validating] > Resolve mutations for :detekt-report-sarif:compileKotlin (Thread[Execution worker Thread 8,5,main]) started.
13:21:32.897 [INFO]  [Validating] > Resolve mutations for :detekt-metrics:classes (Thread[included builds,5,main]) started.
13:21:32.897 [INFO]  [Validating] > work action resolve main (project :detekt-metrics) (Thread[Execution worker Thread 5,5,main]) started.
13:21:32.897 [INFO]  [Validating] > :detekt-metrics:classes (Thread[included builds,5,main]) started.
13:21:32.897 [INFO]  [Validating] > work action resolve main (project :detekt-metrics) (Thread[Execution worker Thread 2,5,main]) started.
13:21:32.897 [INFO]  [Validating] > Resolve mutations for :detekt-report-html:compileKotlin (Thread[Execution worker Thread 2,5,main]) started.
13:21:32.897 [INFO]  [Validating] > :detekt-report-xml:compileJava (Thread[Execution worker Thread 4,5,main]) started.
13:21:32.897 [INFO]  [Validating] > 
13:21:32.897 [INFO]  [Validating] > > Task :detekt-tooling:classes UP-TO-DATE
13:21:32.897 [INFO]  [Validating] > Skipping task ':detekt-tooling:classes' as it has no actions.
13:21:32.897 [INFO]  [Validating] > Resolve mutations for :detekt-report-md:compileKotlin (Thread[Execution worker Thread 5,5,main]) started.
13:21:32.897 [INFO]  [Validating] > :detekt-report-sarif:compileKotlin (Thread[Execution worker Thread 8,5,main]) started.
13:21:32.897 [INFO]  [Validating] > :detekt-report-html:compileKotlin (Thread[Execution worker Thread 2,5,main]) started.
13:21:32.897 [INFO]  [Validating] > 
13:21:32.897 [INFO]  [Validating] > > Task :detekt-report-txt:compileJava NO-SOURCE
13:21:32.897 [INFO]  [Validating] > Skipping task ':detekt-report-txt:compileJava' as it has no source files and no previous output files.
13:21:32.897 [INFO]  [Validating] > 
13:21:32.897 [INFO]  [Validating] > > Task :detekt-test-utils:compileKotlin UP-TO-DATE
13:21:32.897 [INFO]  [Validating] > Transforming main with ClasspathEntrySnapshotTransform
13:21:32.897 [INFO]  [Validating] > Transforming kotlinx-coroutines-core-jvm-1.7.2.jar with ClasspathEntrySnapshotTransform
13:21:32.897 [INFO]  [Validating] > Transforming kotlin-stdlib-jdk8-1.8.22.jar with ClasspathEntrySnapshotTransform
13:21:32.897 [INFO]  [Validating] > Transforming junit-platform-commons-1.9.3.jar with ClasspathEntrySnapshotTransform
13:21:32.897 [INFO]  [Validating] > Transforming junit-jupiter-api-5.9.3.jar with ClasspathEntrySnapshotTransform
13:21:32.897 [INFO]  [Validating] > Transforming kotlin-main-kts-1.8.22.jar with ClasspathEntrySnapshotTransform
13:21:32.897 [INFO]  [Validating] > Transforming kotlin-stdlib-jdk7-1.8.22.jar with ClasspathEntrySnapshotTransform
13:21:32.897 [INFO]  [Validating] > Transforming kotlin-stdlib-1.8.22.jar with ClasspathEntrySnapshotTransform
13:21:32.897 [INFO]  [Validating] > Transforming opentest4j-1.2.0.jar with ClasspathEntrySnapshotTransform
13:21:32.897 [INFO]  [Validating] > Transforming apiguardian-api-1.1.2.jar with ClasspathEntrySnapshotTransform
13:21:32.897 [INFO]  [Validating] > Transforming kotlin-compiler-embeddable-1.8.22.jar with ClasspathEntrySnapshotTransform
13:21:32.897 [INFO]  [Validating] > Transforming kotlin-stdlib-common-1.8.22.jar with ClasspathEntrySnapshotTransform
13:21:32.897 [INFO]  [Validating] > Transforming annotations-23.0.0.jar with ClasspathEntrySnapshotTransform
13:21:32.897 [INFO]  [Validating] > Build cache key for task ':detekt-test-utils:compileKotlin' is 7738ee7998b37343d969d1bd0c068d5b
13:21:32.897 [INFO]  [Validating] > Skipping task ':detekt-test-utils:compileKotlin' as it is up-to-date.
13:21:32.897 [INFO]  [Validating] > :detekt-report-md:compileKotlin (Thread[Execution worker Thread 5,5,main]) started.
13:21:32.897 [INFO]  [Validating] > 
13:21:32.897 [INFO]  [Validating] > > Task :detekt-report-xml:compileJava NO-SOURCE
13:21:32.897 [INFO]  [Validating] > Skipping task ':detekt-report-xml:compileJava' as it has no source files and no previous output files.
13:21:32.897 [INFO]  [Validating] > Resolve mutations for :detekt-rules-complexity:compileKotlin (Thread[Execution worker Thread 6,5,main]) started.
13:21:32.897 [INFO]  [Validating] > 
13:21:32.897 [INFO]  [Validating] > > Task :detekt-metrics:classes UP-TO-DATE
13:21:32.897 [INFO]  [Validating] > Skipping task ':detekt-metrics:classes' as it has no actions.
13:21:32.897 [INFO]  [Validating] > work action resolve main (project :detekt-report-xml) (Thread[Execution worker Thread 4,5,main]) started.
13:21:32.897 [INFO]  [Validating] > Resolve mutations for :detekt-metrics:jar (Thread[Execution worker Thread 4,5,main]) started.
13:21:32.897 [INFO]  [Validating] > work action resolve main (project :detekt-report-txt) (Thread[Execution worker Thread 3,5,main]) started.
13:21:32.897 [INFO]  [Validating] > Resolve mutations for :detekt-report-txt:classes (Thread[Execution worker Thread 3,5,main]) started.
13:21:32.897 [INFO]  [Validating] > :detekt-metrics:jar (Thread[Execution worker Thread 4,5,main]) started.
13:21:32.897 [INFO]  [Validating] > :detekt-report-txt:classes (Thread[Execution worker Thread 3,5,main]) started.
13:21:32.897 [INFO]  [Validating] > work action resolve main (project :detekt-report-txt) (Thread[Execution worker Thread 9,5,main]) started.
13:21:32.897 [INFO]  [Validating] > Resolve mutations for :detekt-report-xml:classes (Thread[Execution worker Thread 9,5,main]) started.
13:21:32.897 [INFO]  [Validating] > :detekt-rules-complexity:compileKotlin (Thread[Execution worker Thread 6,5,main]) started.
13:21:32.897 [INFO]  [Validating] > work action resolve main (project :detekt-report-xml) (Thread[included builds,5,main]) started.
13:21:32.897 [INFO]  [Validating] > 
13:21:32.897 [INFO]  [Validating] > > Task :detekt-parser:jar UP-TO-DATE
13:21:32.897 [INFO]  [Validating] > Caching disabled for task ':detekt-parser:jar' because:
13:21:32.897 [INFO]  [Validating] >   Not worth caching
13:21:32.897 [INFO]  [Validating] > Skipping task ':detekt-parser:jar' as it is up-to-date.
13:21:32.897 [INFO]  [Validating] > :detekt-report-xml:classes (Thread[Execution worker Thread 9,5,main]) started.
13:21:32.897 [INFO]  [Validating] > 
13:21:32.897 [INFO]  [Validating] > > Task :detekt-report-txt:classes UP-TO-DATE
13:21:32.897 [INFO]  [Validating] > Skipping task ':detekt-report-txt:classes' as it has no actions.
13:21:32.897 [INFO]  [Validating] > work action resolve main (project :detekt-test-utils) (Thread[Execution worker Thread 7,5,main]) started.
13:21:32.897 [INFO]  [Validating] > Resolve mutations for :detekt-test-utils:compileJava (Thread[included builds,5,main]) started.
13:21:32.897 [INFO]  [Validating] > Resolve mutations for :detekt-tooling:jar (Thread[Execution worker Thread 7,5,main]) started.
13:21:32.897 [INFO]  [Validating] > :detekt-tooling:jar (Thread[Execution worker Thread 7,5,main]) started.
13:21:32.897 [INFO]  [Validating] > Resolve mutations for :detekt-report-txt:jar (Thread[Execution worker Thread 3,5,main]) started.
13:21:32.897 [INFO]  [Validating] > :detekt-test-utils:compileJava (Thread[included builds,5,main]) started.
13:21:32.897 [INFO]  [Validating] > :detekt-report-txt:jar (Thread[Execution worker Thread 3,5,main]) started.
13:21:32.897 [INFO]  [Validating] > 
13:21:32.897 [INFO]  [Validating] > > Task :detekt-report-xml:classes UP-TO-DATE
13:21:32.897 [INFO]  [Validating] > Skipping task ':detekt-report-xml:classes' as it has no actions.
13:21:32.897 [INFO]  [Validating] > 
13:21:32.897 [INFO]  [Validating] > > Task :detekt-test-utils:compileJava NO-SOURCE
13:21:32.897 [INFO]  [Validating] > Skipping task ':detekt-test-utils:compileJava' as it has no source files and no previous output files.
13:21:32.897 [INFO]  [Validating] > work action resolve main (project :detekt-test-utils) (Thread[included builds,5,main]) started.
13:21:32.897 [INFO]  [Validating] > Resolve mutations for :detekt-report-xml:jar (Thread[Execution worker Thread 9,5,main]) started.
13:21:32.897 [INFO]  [Validating] > 
13:21:32.897 [INFO]  [Validating] > > Task :detekt-api:jar UP-TO-DATE
13:21:32.897 [INFO]  [Validating] > Caching disabled for task ':detekt-api:jar' because:
13:21:32.897 [INFO]  [Validating] >   Not worth caching
13:21:32.897 [INFO]  [Validating] > Skipping task ':detekt-api:jar' as it is up-to-date.
13:21:32.897 [INFO]  [Validating] > work action resolve main (project :detekt-test-utils) (Thread[included builds,5,main]) started.
13:21:32.897 [INFO]  [Validating] > Resolve mutations for :detekt-test-utils:classes (Thread[Execution worker,5,main]) started.
13:21:32.897 [INFO]  [Validating] > work action resolve detekt-parser-1.23.0.jar (project :detekt-parser) (Thread[included builds,5,main]) started.
13:21:32.897 [INFO]  [Validating] > :detekt-test-utils:classes (Thread[Execution worker,5,main]) started.
13:21:32.897 [INFO]  [Validating] > 
13:21:32.897 [INFO]  [Validating] > > Task :detekt-report-md:compileKotlin UP-TO-DATE
13:21:32.897 [INFO]  [Validating] > Transforming main with ClasspathEntrySnapshotTransform
13:21:32.897 [INFO]  [Validating] > Transforming main with ClasspathEntrySnapshotTransform
13:21:32.897 [INFO]  [Validating] > Transforming main with ClasspathEntrySnapshotTransform
13:21:32.897 [INFO]  [Validating] > Transforming main with ClasspathEntrySnapshotTransform
13:21:32.897 [INFO]  [Validating] > Transforming kotlin-stdlib-jdk8-1.8.22.jar with ClasspathEntrySnapshotTransform
13:21:32.897 [INFO]  [Validating] > Transforming kotlin-stdlib-jdk7-1.8.22.jar with ClasspathEntrySnapshotTransform
13:21:32.897 [INFO]  [Validating] > Transforming kotlin-stdlib-1.8.22.jar with ClasspathEntrySnapshotTransform
13:21:32.897 [INFO]  [Validating] > Transforming kotlin-compiler-embeddable-1.8.22.jar with ClasspathEntrySnapshotTransform
13:21:32.897 [INFO]  [Validating] > Transforming kotlin-stdlib-common-1.8.22.jar with ClasspathEntrySnapshotTransform
13:21:32.897 [INFO]  [Validating] > Transforming annotations-13.0.jar with ClasspathEntrySnapshotTransform
13:21:32.897 [INFO]  [Validating] > Build cache key for task ':detekt-report-md:compileKotlin' is daaa1a6d2f4425c07ab3d08a334ba819
13:21:32.897 [INFO]  [Validating] > Skipping task ':detekt-report-md:compileKotlin' as it is up-to-date.
13:21:32.897 [INFO]  [Validating] > :detekt-report-xml:jar (Thread[Execution worker Thread 9,5,main]) started.
13:21:32.897 [INFO]  [Validating] > Resolve mutations for :detekt-report-md:compileJava (Thread[Execution worker Thread 5,5,main]) started.
13:21:32.897 [INFO]  [Validating] > work action resolve detekt-api-1.23.0.jar (project :detekt-api) (Thread[included builds,5,main]) started.
13:21:32.897 [INFO]  [Validating] > work action resolve main (project :detekt-report-md) (Thread[included builds,5,main]) started.
13:21:32.897 [INFO]  [Validating] > 
13:21:32.897 [INFO]  [Validating] > > Task :detekt-rules-complexity:compileKotlin UP-TO-DATE
13:21:32.897 [INFO]  [Validating] > Transforming main with ClasspathEntrySnapshotTransform
13:21:32.897 [INFO]  [Validating] > Transforming main with ClasspathEntrySnapshotTransform
13:21:32.897 [INFO]  [Validating] > Transforming main with ClasspathEntrySnapshotTransform
13:21:32.897 [INFO]  [Validating] > Transforming main with ClasspathEntrySnapshotTransform
13:21:32.897 [INFO]  [Validating] > Transforming kotlin-stdlib-jdk8-1.8.22.jar with ClasspathEntrySnapshotTransform
13:21:32.897 [INFO]  [Validating] > Transforming kotlin-stdlib-jdk7-1.8.22.jar with ClasspathEntrySnapshotTransform
13:21:32.897 [INFO]  [Validating] > Transforming kotlin-stdlib-1.8.22.jar with ClasspathEntrySnapshotTransform
13:21:32.897 [INFO]  [Validating] > Transforming kotlin-compiler-embeddable-1.8.22.jar with ClasspathEntrySnapshotTransform
13:21:32.897 [INFO]  [Validating] > Transforming kotlin-stdlib-common-1.8.22.jar with ClasspathEntrySnapshotTransform
13:21:32.897 [INFO]  [Validating] > Transforming annotations-13.0.jar with ClasspathEntrySnapshotTransform
13:21:32.897 [INFO]  [Validating] > Build cache key for task ':detekt-rules-complexity:compileKotlin' is c263a8efa930f2872c48702be182d36e
13:21:32.897 [INFO]  [Validating] > Skipping task ':detekt-rules-complexity:compileKotlin' as it is up-to-date.
13:21:32.897 [INFO]  [Validating] > :detekt-report-md:compileJava (Thread[Execution worker Thread 5,5,main]) started.
13:21:32.897 [INFO]  [Validating] > 
13:21:32.897 [INFO]  [Validating] > > Task :detekt-test-utils:classes UP-TO-DATE
13:21:32.897 [INFO]  [Validating] > Skipping task ':detekt-test-utils:classes' as it has no actions.
13:21:32.897 [INFO]  [Validating] > 
13:21:32.897 [INFO]  [Validating] > > Task :detekt-report-sarif:compileKotlin UP-TO-DATE
13:21:32.897 [INFO]  [Validating] > Transforming main with ClasspathEntrySnapshotTransform
13:21:32.897 [INFO]  [Validating] > Transforming main with ClasspathEntrySnapshotTransform
13:21:32.897 [INFO]  [Validating] > Transforming main with ClasspathEntrySnapshotTransform
13:21:32.897 [INFO]  [Validating] > Transforming sarif4k-jvm-0.4.0.jar with ClasspathEntrySnapshotTransform
13:21:32.897 [INFO]  [Validating] > Transforming kotlinx-serialization-json-jvm-1.4.1.jar with ClasspathEntrySnapshotTransform
13:21:32.897 [INFO]  [Validating] > Transforming kotlinx-serialization-core-jvm-1.4.1.jar with ClasspathEntrySnapshotTransform
13:21:32.897 [INFO]  [Validating] > Transforming kotlin-stdlib-jdk8-1.8.22.jar with ClasspathEntrySnapshotTransform
13:21:32.897 [INFO]  [Validating] > Transforming kotlin-stdlib-jdk7-1.8.22.jar with ClasspathEntrySnapshotTransform
13:21:32.897 [INFO]  [Validating] > Transforming kotlin-stdlib-1.8.22.jar with ClasspathEntrySnapshotTransform
13:21:32.897 [INFO]  [Validating] > Transforming kotlin-compiler-embeddable-1.8.22.jar with ClasspathEntrySnapshotTransform
13:21:32.897 [INFO]  [Validating] > Transforming kotlin-stdlib-common-1.8.22.jar with ClasspathEntrySnapshotTransform
13:21:32.897 [INFO]  [Validating] > Transforming annotations-13.0.jar with ClasspathEntrySnapshotTransform
13:21:32.897 [INFO]  [Validating] > Build cache key for task ':detekt-report-sarif:compileKotlin' is 1408222aca0d0bdec3a09706c778f66a
13:21:32.897 [INFO]  [Validating] > Skipping task ':detekt-report-sarif:compileKotlin' as it is up-to-date.
13:21:32.897 [INFO]  [Validating] > work action resolve main (project :detekt-report-sarif) (Thread[included builds,5,main]) started.
13:21:32.897 [INFO]  [Validating] > Resolve mutations for :detekt-rules-complexity:compileJava (Thread[Execution worker Thread 6,5,main]) started.
13:21:32.897 [INFO]  [Validating] > Resolve mutations for :detekt-report-sarif:compileJava (Thread[Execution worker Thread 8,5,main]) started.
13:21:32.897 [INFO]  [Validating] > :detekt-rules-complexity:compileJava (Thread[Execution worker Thread 6,5,main]) started.
13:21:32.897 [INFO]  [Validating] > Resolve mutations for :detekt-test-utils:jar (Thread[Execution worker,5,main]) started.
13:21:32.897 [INFO]  [Validating] > :detekt-report-sarif:compileJava (Thread[Execution worker Thread 8,5,main]) started.
13:21:32.897 [INFO]  [Validating] > :detekt-test-utils:jar (Thread[Execution worker,5,main]) started.
13:21:32.897 [INFO]  [Validating] > 
13:21:32.897 [INFO]  [Validating] > > Task :detekt-report-md:compileJava NO-SOURCE
13:21:32.898 [INFO]  [Validating] > Skipping task ':detekt-report-md:compileJava' as it has no source files and no previous output files.
13:21:32.898 [INFO]  [Validating] > 
13:21:32.898 [INFO]  [Validating] > > Task :detekt-metrics:jar UP-TO-DATE
13:21:32.898 [INFO]  [Validating] > Caching disabled for task ':detekt-metrics:jar' because:
13:21:32.898 [INFO]  [Validating] >   Not worth caching
13:21:32.898 [INFO]  [Validating] > Skipping task ':detekt-metrics:jar' as it is up-to-date.
13:21:32.898 [INFO]  [Validating] > work action resolve main (project :detekt-report-md) (Thread[Execution worker Thread 5,5,main]) started.
13:21:32.898 [INFO]  [Validating] > work action resolve detekt-metrics-1.23.0.jar (project :detekt-metrics) (Thread[Execution worker Thread 5,5,main]) started.
13:21:32.898 [INFO]  [Validating] > Resolve mutations for :detekt-report-md:classes (Thread[included builds,5,main]) started.
13:21:32.898 [INFO]  [Validating] > 
13:21:32.898 [INFO]  [Validating] > > Task :detekt-rules-complexity:compileJava NO-SOURCE
13:21:32.898 [INFO]  [Validating] > Skipping task ':detekt-rules-complexity:compileJava' as it has no source files and no previous output files.
13:21:32.898 [INFO]  [Validating] > :detekt-report-md:classes (Thread[included builds,5,main]) started.
13:21:32.898 [INFO]  [Validating] > 
13:21:32.898 [INFO]  [Validating] > > Task :detekt-report-md:classes UP-TO-DATE
13:21:32.898 [INFO]  [Validating] > Skipping task ':detekt-report-md:classes' as it has no actions.
13:21:32.898 [INFO]  [Validating] > work action resolve main (project :detekt-report-md) (Thread[Execution worker Thread 4,5,main]) started.
13:21:32.898 [INFO]  [Validating] > Resolve mutations for :detekt-report-md:jar (Thread[included builds,5,main]) started.
13:21:32.898 [INFO]  [Validating] > Resolve mutations for :detekt-rules-complexity:classes (Thread[Execution worker Thread 6,5,main]) started.
13:21:32.898 [INFO]  [Validating] > 
13:21:32.898 [INFO]  [Validating] > > Task :detekt-report-sarif:compileJava NO-SOURCE
13:21:32.898 [INFO]  [Validating] > Skipping task ':detekt-report-sarif:compileJava' as it has no source files and no previous output files.
13:21:32.898 [INFO]  [Validating] > work action resolve main (project :detekt-report-sarif) (Thread[Execution worker Thread 6,5,main]) started.
13:21:32.898 [INFO]  [Validating] > work action resolve main (project :detekt-report-sarif) (Thread[Execution worker Thread 8,5,main]) started.
13:21:32.898 [INFO]  [Validating] > Resolve mutations for :detekt-report-sarif:classes (Thread[Execution worker Thread 4,5,main]) started.
13:21:32.898 [INFO]  [Validating] > :detekt-rules-complexity:classes (Thread[Execution worker Thread 5,5,main]) started.
13:21:32.898 [INFO]  [Validating] > :detekt-report-sarif:classes (Thread[Execution worker Thread 4,5,main]) started.
13:21:32.898 [INFO]  [Validating] > 
13:21:32.898 [INFO]  [Validating] > > Task :detekt-rules-complexity:classes UP-TO-DATE
13:21:32.898 [INFO]  [Validating] > Skipping task ':detekt-rules-complexity:classes' as it has no actions.
13:21:32.898 [INFO]  [Validating] > :detekt-report-md:jar (Thread[included builds,5,main]) started.
13:21:32.898 [INFO]  [Validating] > 
13:21:32.898 [INFO]  [Validating] > > Task :detekt-report-sarif:classes UP-TO-DATE
13:21:32.898 [INFO]  [Validating] > Skipping task ':detekt-report-sarif:classes' as it has no actions.
13:21:32.898 [INFO]  [Validating] > 
13:21:32.898 [INFO]  [Validating] > > Task :detekt-report-html:compileKotlin UP-TO-DATE
13:21:32.898 [INFO]  [Validating] > Transforming main with ClasspathEntrySnapshotTransform
13:21:32.898 [INFO]  [Validating] > Transforming main with ClasspathEntrySnapshotTransform
13:21:32.898 [INFO]  [Validating] > Transforming main with ClasspathEntrySnapshotTransform
13:21:32.898 [INFO]  [Validating] > Transforming main with ClasspathEntrySnapshotTransform
13:21:32.898 [INFO]  [Validating] > Transforming kotlin-stdlib-jdk8-1.8.22.jar with ClasspathEntrySnapshotTransform
13:21:32.898 [INFO]  [Validating] > Transforming kotlinx-html-jvm-0.8.1.jar with ClasspathEntrySnapshotTransform
13:21:32.898 [INFO]  [Validating] > Transforming kotlin-stdlib-jdk7-1.8.22.jar with ClasspathEntrySnapshotTransform
13:21:32.898 [INFO]  [Validating] > Transforming kotlin-stdlib-1.8.22.jar with ClasspathEntrySnapshotTransform
13:21:32.898 [INFO]  [Validating] > Transforming kotlin-compiler-embeddable-1.8.22.jar with ClasspathEntrySnapshotTransform
13:21:32.898 [INFO]  [Validating] > Transforming kotlin-stdlib-common-1.8.22.jar with ClasspathEntrySnapshotTransform
13:21:32.898 [INFO]  [Validating] > Transforming annotations-13.0.jar with ClasspathEntrySnapshotTransform
13:21:32.898 [INFO]  [Validating] > Build cache key for task ':detekt-report-html:compileKotlin' is 6c859146cd23e1ce4901100fa935d173
13:21:32.898 [INFO]  [Validating] > Skipping task ':detekt-report-html:compileKotlin' as it is up-to-date.
13:21:32.898 [INFO]  [Validating] > Resolve mutations for :detekt-report-html:compileJava (Thread[Execution worker Thread 4,5,main]) started.
13:21:32.898 [INFO]  [Validating] > Resolve mutations for :detekt-report-sarif:jar (Thread[Execution worker Thread 5,5,main]) started.
13:21:32.898 [INFO]  [Validating] > work action resolve main (project :detekt-report-html) (Thread[Execution worker Thread 2,5,main]) started.
13:21:32.898 [INFO]  [Validating] > :detekt-report-sarif:jar (Thread[Execution worker Thread 5,5,main]) started.
13:21:32.898 [INFO]  [Validating] > :detekt-report-html:compileJava (Thread[Execution worker Thread 4,5,main]) started.
13:21:32.898 [INFO]  [Validating] > 
13:21:32.898 [INFO]  [Validating] > > Task :detekt-report-html:compileJava NO-SOURCE
13:21:32.898 [INFO]  [Validating] > Skipping task ':detekt-report-html:compileJava' as it has no source files and no previous output files.
13:21:32.898 [INFO]  [Validating] > work action resolve main (project :detekt-report-html) (Thread[Execution worker Thread 6,5,main]) started.
13:21:32.898 [INFO]  [Validating] > Resolve mutations for :detekt-report-html:classes (Thread[Execution worker Thread 8,5,main]) started.
13:21:32.898 [INFO]  [Validating] > work action resolve main (project :detekt-report-html) (Thread[Execution worker Thread 4,5,main]) started.
13:21:32.898 [INFO]  [Validating] > :detekt-report-html:classes (Thread[Execution worker Thread 8,5,main]) started.
13:21:32.898 [INFO]  [Validating] > Resolve mutations for :detekt-core:compileKotlin (Thread[Execution worker Thread 2,5,main]) started.
13:21:32.898 [INFO]  [Validating] > :detekt-core:compileKotlin (Thread[Execution worker Thread 2,5,main]) started.
13:21:32.898 [INFO]  [Validating] > 
13:21:32.898 [INFO]  [Validating] > > Task :detekt-report-html:classes UP-TO-DATE
13:21:32.898 [INFO]  [Validating] > Skipping task ':detekt-report-html:classes' as it has no actions.
13:21:32.898 [INFO]  [Validating] > Resolve mutations for :detekt-report-html:jar (Thread[Execution worker Thread 8,5,main]) started.
13:21:32.898 [INFO]  [Validating] > :detekt-report-html:jar (Thread[Execution worker Thread 8,5,main]) started.
13:21:32.898 [INFO]  [Validating] > 
13:21:32.898 [INFO]  [Validating] > > Task :detekt-core:compileKotlin UP-TO-DATE
13:21:32.898 [INFO]  [Validating] > Transforming main with ClasspathEntrySnapshotTransform
13:21:32.898 [INFO]  [Validating] > Transforming main with ClasspathEntrySnapshotTransform
13:21:32.898 [INFO]  [Validating] > Transforming main with ClasspathEntrySnapshotTransform
13:21:32.898 [INFO]  [Validating] > Transforming main with ClasspathEntrySnapshotTransform
13:21:32.898 [INFO]  [Validating] > Transforming main with ClasspathEntrySnapshotTransform
13:21:32.898 [INFO]  [Validating] > Transforming main with ClasspathEntrySnapshotTransform
13:21:32.898 [INFO]  [Validating] > Transforming main with ClasspathEntrySnapshotTransform
13:21:32.898 [INFO]  [Validating] > Transforming main with ClasspathEntrySnapshotTransform
13:21:32.898 [INFO]  [Validating] > Transforming main with ClasspathEntrySnapshotTransform
13:21:32.898 [INFO]  [Validating] > Transforming main with ClasspathEntrySnapshotTransform
13:21:32.898 [INFO]  [Validating] > Transforming main with ClasspathEntrySnapshotTransform
13:21:32.898 [INFO]  [Validating] > Transforming kotlin-stdlib-jdk8-1.8.22.jar with ClasspathEntrySnapshotTransform
13:21:32.898 [INFO]  [Validating] > Transforming snakeyaml-engine-2.6.jar with ClasspathEntrySnapshotTransform
13:21:32.898 [INFO]  [Validating] > Transforming kotlin-reflect-1.8.22.jar with ClasspathEntrySnapshotTransform
13:21:32.898 [INFO]  [Validating] > Transforming kotlin-compiler-embeddable-1.8.22.jar with ClasspathEntrySnapshotTransform
13:21:32.898 [INFO]  [Validating] > Transforming kotlin-stdlib-jdk7-1.8.22.jar with ClasspathEntrySnapshotTransform
13:21:32.898 [INFO]  [Validating] > Transforming kotlin-stdlib-1.8.22.jar with ClasspathEntrySnapshotTransform
13:21:32.898 [INFO]  [Validating] > Transforming kotlin-stdlib-common-1.8.22.jar with ClasspathEntrySnapshotTransform
13:21:32.898 [INFO]  [Validating] > Transforming annotations-13.0.jar with ClasspathEntrySnapshotTransform
13:21:32.898 [INFO]  [Validating] > Build cache key for task ':detekt-core:compileKotlin' is 87bd0f24f712da0d88bc26872abfe7d2
13:21:32.898 [INFO]  [Validating] > Skipping task ':detekt-core:compileKotlin' as it is up-to-date.
13:21:32.898 [INFO]  [Validating] > Resolve mutations for :detekt-core:compileJava (Thread[Execution worker Thread 2,5,main]) started.
13:21:32.898 [INFO]  [Validating] > work action resolve main (project :detekt-core) (Thread[Execution worker Thread 6,5,main]) started.
13:21:32.898 [INFO]  [Validating] > :detekt-core:compileJava (Thread[Execution worker Thread 2,5,main]) started.
13:21:32.898 [INFO]  [Validating] > 
13:21:32.898 [INFO]  [Validating] > > Task :detekt-core:compileJava NO-SOURCE
13:21:32.898 [INFO]  [Validating] > Skipping task ':detekt-core:compileJava' as it has no source files and no previous output files.
13:21:32.898 [INFO]  [Validating] > Resolve mutations for :detekt-core:classes (Thread[Execution worker Thread 2,5,main]) started.
13:21:32.898 [INFO]  [Validating] > work action resolve main (project :detekt-core) (Thread[Execution worker Thread 6,5,main]) started.
13:21:32.898 [INFO]  [Validating] > :detekt-core:classes (Thread[Execution worker Thread 6,5,main]) started.
13:21:32.898 [INFO]  [Validating] > work action resolve main (project :detekt-core) (Thread[Execution worker Thread 4,5,main]) started.
13:21:32.898 [INFO]  [Validating] > Resolve mutations for :detekt-test:compileKotlin (Thread[Execution worker Thread 4,5,main]) started.
13:21:32.898 [INFO]  [Validating] > 
13:21:32.898 [INFO]  [Validating] > > Task :detekt-core:classes UP-TO-DATE
13:21:32.898 [INFO]  [Validating] > Skipping task ':detekt-core:classes' as it has no actions.
13:21:32.898 [INFO]  [Validating] > Resolve mutations for :detekt-core:jar (Thread[Execution worker Thread 6,5,main]) started.
13:21:32.898 [INFO]  [Validating] > :detekt-test:compileKotlin (Thread[Execution worker Thread 4,5,main]) started.
13:21:32.898 [INFO]  [Validating] > :detekt-core:jar (Thread[Execution worker Thread 6,5,main]) started.
13:21:32.898 [INFO]  [Validating] > 
13:21:32.898 [INFO]  [Validating] > > Task :detekt-test:compileKotlin UP-TO-DATE
13:21:32.898 [INFO]  [Validating] > Transforming main with ClasspathEntrySnapshotTransform
13:21:32.898 [INFO]  [Validating] > Transforming main with ClasspathEntrySnapshotTransform
13:21:32.898 [INFO]  [Validating] > Transforming main with ClasspathEntrySnapshotTransform
13:21:32.898 [INFO]  [Validating] > Transforming main with ClasspathEntrySnapshotTransform
13:21:32.898 [INFO]  [Validating] > Transforming main with ClasspathEntrySnapshotTransform
13:21:32.898 [INFO]  [Validating] > Transforming main with ClasspathEntrySnapshotTransform
13:21:32.898 [INFO]  [Validating] > Transforming main with ClasspathEntrySnapshotTransform
13:21:32.898 [INFO]  [Validating] > Transforming kotlin-stdlib-jdk8-1.8.22.jar with ClasspathEntrySnapshotTransform
13:21:32.898 [INFO]  [Validating] > Transforming assertj-core-3.24.2.jar with ClasspathEntrySnapshotTransform
13:21:32.898 [INFO]  [Validating] > Transforming kotlin-compiler-embeddable-1.8.22.jar with ClasspathEntrySnapshotTransform
13:21:32.898 [INFO]  [Validating] > Transforming junit-platform-commons-1.9.3.jar with ClasspathEntrySnapshotTransform
13:21:32.898 [INFO]  [Validating] > Transforming junit-jupiter-api-5.9.3.jar with ClasspathEntrySnapshotTransform
13:21:32.898 [INFO]  [Validating] > Transforming kotlin-stdlib-jdk7-1.8.22.jar with ClasspathEntrySnapshotTransform
13:21:32.898 [INFO]  [Validating] > Transforming kotlin-stdlib-1.8.22.jar with ClasspathEntrySnapshotTransform
13:21:32.898 [INFO]  [Validating] > Transforming byte-buddy-1.12.21.jar with ClasspathEntrySnapshotTransform
13:21:32.898 [INFO]  [Validating] > Transforming opentest4j-1.2.0.jar with ClasspathEntrySnapshotTransform
13:21:32.898 [INFO]  [Validating] > Transforming apiguardian-api-1.1.2.jar with ClasspathEntrySnapshotTransform
13:21:32.898 [INFO]  [Validating] > Transforming kotlin-stdlib-common-1.8.22.jar with ClasspathEntrySnapshotTransform
13:21:32.898 [INFO]  [Validating] > Transforming annotations-13.0.jar with ClasspathEntrySnapshotTransform
13:21:32.898 [INFO]  [Validating] > Build cache key for task ':detekt-test:compileKotlin' is 3b4e9cc97ddb472bf0406062a9c686d1
13:21:32.898 [INFO]  [Validating] > Skipping task ':detekt-test:compileKotlin' as it is up-to-date.
13:21:32.898 [INFO]  [Validating] > Resolve mutations for :detekt-test:compileJava (Thread[Execution worker Thread 4,5,main]) started.
13:21:32.898 [INFO]  [Validating] > work action resolve main (project :detekt-test) (Thread[Execution worker Thread 2,5,main]) started.
13:21:32.898 [INFO]  [Validating] > :detekt-test:compileJava (Thread[Execution worker Thread 4,5,main]) started.
13:21:32.898 [INFO]  [Validating] > 
13:21:32.898 [INFO]  [Validating] > > Task :detekt-test:compileJava NO-SOURCE
13:21:32.898 [INFO]  [Validating] > Skipping task ':detekt-test:compileJava' as it has no source files and no previous output files.
13:21:32.898 [INFO]  [Validating] > work action resolve main (project :detekt-test) (Thread[Execution worker Thread 4,5,main]) started.
13:21:32.898 [INFO]  [Validating] > work action resolve main (project :detekt-test) (Thread[Execution worker Thread 2,5,main]) started.
13:21:32.898 [INFO]  [Validating] > Resolve mutations for :detekt-test:classes (Thread[Execution worker Thread 4,5,main]) started.
13:21:32.898 [INFO]  [Validating] > Resolve mutations for :detekt-rules-complexity:compileTestKotlin (Thread[Execution worker Thread 2,5,main]) started.
13:21:32.898 [INFO]  [Validating] > :detekt-test:classes (Thread[Execution worker Thread 4,5,main]) started.
13:21:32.898 [INFO]  [Validating] > 
13:21:32.898 [INFO]  [Validating] > > Task :detekt-test:classes UP-TO-DATE
13:21:32.898 [INFO]  [Validating] > Skipping task ':detekt-test:classes' as it has no actions.
13:21:32.898 [INFO]  [Validating] > Resolve mutations for :detekt-test:jar (Thread[Execution worker Thread 4,5,main]) started.
13:21:32.898 [INFO]  [Validating] > :detekt-rules-complexity:compileTestKotlin (Thread[Execution worker Thread 2,5,main]) started.
13:21:32.898 [INFO]  [Validating] > :detekt-test:jar (Thread[Execution worker Thread 4,5,main]) started.
13:21:32.898 [INFO]  [Validating] > 
13:21:32.898 [INFO]  [Validating] > > Task :detekt-report-txt:jar UP-TO-DATE
13:21:32.898 [INFO]  [Validating] > Caching disabled for task ':detekt-report-txt:jar' because:
13:21:32.898 [INFO]  [Validating] >   Not worth caching
13:21:32.898 [INFO]  [Validating] > Skipping task ':detekt-report-txt:jar' as it is up-to-date.
13:21:32.898 [INFO]  [Validating] > 
13:21:32.898 [INFO]  [Validating] > > Task :detekt-report-xml:jar UP-TO-DATE
13:21:32.898 [INFO]  [Validating] > Caching disabled for task ':detekt-report-xml:jar' because:
13:21:32.898 [INFO]  [Validating] >   Not worth caching
13:21:32.898 [INFO]  [Validating] > Skipping task ':detekt-report-xml:jar' as it is up-to-date.
13:21:32.898 [INFO]  [Validating] > work action resolve detekt-report-xml-1.23.0.jar (project :detekt-report-xml) (Thread[Execution worker Thread 9,5,main]) started.
13:21:32.898 [INFO]  [Validating] > work action resolve detekt-report-txt-1.23.0.jar (project :detekt-report-txt) (Thread[Execution worker Thread 3,5,main]) started.
13:21:32.898 [INFO]  [Validating] > 
13:21:32.898 [INFO]  [Validating] > > Task :detekt-tooling:jar UP-TO-DATE
13:21:32.898 [INFO]  [Validating] > Caching disabled for task ':detekt-tooling:jar' because:
13:21:32.898 [INFO]  [Validating] >   Not worth caching
13:21:32.898 [INFO]  [Validating] > Skipping task ':detekt-tooling:jar' as it is up-to-date.
13:21:32.898 [INFO]  [Validating] > work action resolve detekt-tooling-1.23.0.jar (project :detekt-tooling) (Thread[Execution worker Thread 3,5,main]) started.
13:21:32.898 [INFO]  [Validating] > 
13:21:32.898 [INFO]  [Validating] > > Task :detekt-report-md:jar UP-TO-DATE
13:21:32.898 [INFO]  [Validating] > Caching disabled for task ':detekt-report-md:jar' because:
13:21:32.898 [INFO]  [Validating] >   Not worth caching
13:21:32.898 [INFO]  [Validating] > Skipping task ':detekt-report-md:jar' as it is up-to-date.
13:21:32.898 [INFO]  [Validating] > work action resolve detekt-report-md-1.23.0.jar (project :detekt-report-md) (Thread[included builds,5,main]) started.
13:21:32.898 [INFO]  [Validating] > 
13:21:32.898 [INFO]  [Validating] > > Task :detekt-test-utils:jar UP-TO-DATE
13:21:32.898 [INFO]  [Validating] > Caching disabled for task ':detekt-test-utils:jar' because:
13:21:32.898 [INFO]  [Validating] >   Not worth caching
13:21:32.898 [INFO]  [Validating] > Skipping task ':detekt-test-utils:jar' as it is up-to-date.
13:21:32.898 [INFO]  [Validating] > work action resolve detekt-test-utils-1.23.0.jar (project :detekt-test-utils) (Thread[Execution worker,5,main]) started.
13:21:32.898 [INFO]  [Validating] > 
13:21:32.898 [INFO]  [Validating] > > Task :detekt-report-sarif:jar UP-TO-DATE
13:21:32.898 [INFO]  [Validating] > Caching disabled for task ':detekt-report-sarif:jar' because:
13:21:32.898 [INFO]  [Validating] >   Not worth caching
13:21:32.898 [INFO]  [Validating] > Skipping task ':detekt-report-sarif:jar' as it is up-to-date.
13:21:32.898 [INFO]  [Validating] > work action resolve detekt-report-sarif-1.23.0.jar (project :detekt-report-sarif) (Thread[Execution worker Thread 5,5,main]) started.
13:21:32.898 [INFO]  [Validating] > 
13:21:32.898 [INFO]  [Validating] > > Task :detekt-report-html:jar UP-TO-DATE
13:21:32.898 [INFO]  [Validating] > Caching disabled for task ':detekt-report-html:jar' because:
13:21:32.898 [INFO]  [Validating] >   Not worth caching
13:21:32.898 [INFO]  [Validating] > Skipping task ':detekt-report-html:jar' as it is up-to-date.
13:21:32.898 [INFO]  [Validating] > work action resolve detekt-report-html-1.23.0.jar (project :detekt-report-html) (Thread[Execution worker Thread 8,5,main]) started.
13:21:32.899 [INFO]  [Validating] > 
13:21:32.899 [INFO]  [Validating] > > Task :detekt-core:jar UP-TO-DATE
13:21:32.899 [INFO]  [Validating] > Caching disabled for task ':detekt-core:jar' because:
13:21:32.899 [INFO]  [Validating] >   Not worth caching
13:21:32.899 [INFO]  [Validating] > Skipping task ':detekt-core:jar' as it is up-to-date.
13:21:32.899 [INFO]  [Validating] > work action resolve detekt-core-1.23.0.jar (project :detekt-core) (Thread[Execution worker Thread 6,5,main]) started.
13:21:32.899 [INFO]  [Validating] > 
13:21:32.899 [INFO]  [Validating] > > Task :detekt-test:jar UP-TO-DATE
13:21:32.899 [INFO]  [Validating] > Caching disabled for task ':detekt-test:jar' because:
13:21:32.899 [INFO]  [Validating] >   Not worth caching
13:21:32.899 [INFO]  [Validating] > Skipping task ':detekt-test:jar' as it is up-to-date.
13:21:32.899 [INFO]  [Validating] > work action resolve detekt-test-1.23.0.jar (project :detekt-test) (Thread[Execution worker Thread 4,5,main]) started.
13:21:32.899 [INFO]  [Validating] > 
13:21:32.899 [INFO]  [Validating] > > Task :detekt-rules-complexity:compileTestKotlin FROM-CACHE
13:21:32.899 [INFO]  [Validating] > Transforming main with ClasspathEntrySnapshotTransform
13:21:32.899 [INFO]  [Validating] > Transforming main with ClasspathEntrySnapshotTransform
13:21:32.899 [INFO]  [Validating] > Transforming main with ClasspathEntrySnapshotTransform
13:21:32.899 [INFO]  [Validating] > Transforming main with ClasspathEntrySnapshotTransform
13:21:32.899 [INFO]  [Validating] > Transforming main with ClasspathEntrySnapshotTransform
13:21:32.899 [INFO]  [Validating] > Transforming main with ClasspathEntrySnapshotTransform
13:21:32.899 [INFO]  [Validating] > Transforming main with ClasspathEntrySnapshotTransform
13:21:32.899 [INFO]  [Validating] > Transforming kotlin-stdlib-jdk8-1.8.22.jar with ClasspathEntrySnapshotTransform
13:21:32.899 [INFO]  [Validating] > Transforming assertj-core-3.24.2.jar with ClasspathEntrySnapshotTransform
13:21:32.899 [INFO]  [Validating] > Transforming junit-jupiter-params-5.9.3.jar with ClasspathEntrySnapshotTransform
13:21:32.899 [INFO]  [Validating] > Transforming junit-jupiter-api-5.9.3.jar with ClasspathEntrySnapshotTransform
13:21:32.899 [INFO]  [Validating] > Transforming junit-platform-commons-1.9.3.jar with ClasspathEntrySnapshotTransform
13:21:32.899 [INFO]  [Validating] > Transforming junit-jupiter-5.9.3.jar with ClasspathEntrySnapshotTransform
13:21:32.899 [INFO]  [Validating] > Transforming kotlin-stdlib-jdk7-1.8.22.jar with ClasspathEntrySnapshotTransform
13:21:32.899 [INFO]  [Validating] > Transforming kotlin-stdlib-1.8.22.jar with ClasspathEntrySnapshotTransform
13:21:32.899 [INFO]  [Validating] > Transforming kotlin-stdlib-common-1.8.22.jar with ClasspathEntrySnapshotTransform
13:21:32.899 [INFO]  [Validating] > Transforming annotations-13.0.jar with ClasspathEntrySnapshotTransform
13:21:32.899 [INFO]  [Validating] > Transforming kotlin-compiler-embeddable-1.8.22.jar with ClasspathEntrySnapshotTransform
13:21:32.899 [INFO]  [Validating] > Transforming byte-buddy-1.12.21.jar with ClasspathEntrySnapshotTransform
13:21:32.899 [INFO]  [Validating] > Transforming opentest4j-1.2.0.jar with ClasspathEntrySnapshotTransform
13:21:32.899 [INFO]  [Validating] > Transforming apiguardian-api-1.1.2.jar with ClasspathEntrySnapshotTransform
13:21:32.899 [INFO]  [Validating] > Build cache key for task ':detekt-rules-complexity:compileTestKotlin' is d3dc64c05d48cdc070716edee8571b4f
13:21:32.899 [INFO]  [Validating] > Task ':detekt-rules-complexity:compileTestKotlin' is not up-to-date because:
13:21:32.899 [INFO]  [Validating] >   Input property 'javaSources' file /Users/mnedzelskii/gits/detekt/detekt-rules-complexity/src/test/java/DummyJUnitJupiterLauncherDiffblueTest.java has been removed.
13:21:32.899 [INFO]  [Validating] >   Input property 'javaSources' file /Users/mnedzelskii/gits/detekt/detekt-rules-complexity/src/test/java/io/gitlab/arturbosch/detekt/rules/complexity/ComplexityProviderDiffblueTest.java has been added.
13:21:32.899 [INFO]  [Validating] > Loaded cache entry for task ':detekt-rules-complexity:compileTestKotlin' with cache key d3dc64c05d48cdc070716edee8571b4f
13:21:32.899 [INFO]  [Validating] > Resolve mutations for :detekt-rules-complexity:compileTestJava (Thread[Execution worker Thread 2,5,main]) started.
13:21:32.899 [INFO]  [Validating] > :detekt-rules-complexity:compileTestJava (Thread[Execution worker Thread 2,5,main]) started.
13:21:32.899 [INFO]  [Validating] > 
13:21:32.899 [INFO]  [Validating] > > Task :detekt-rules-complexity:compileTestJava FROM-CACHE
13:21:32.899 [INFO]  [Validating] > Build cache key for task ':detekt-rules-complexity:compileTestJava' is f1846d4217802748608cd44b872bcab1
13:21:32.899 [INFO]  [Validating] > Task ':detekt-rules-complexity:compileTestJava' is not up-to-date because:
13:21:32.899 [INFO]  [Validating] >   Input property 'stableSources' file /Users/mnedzelskii/gits/detekt/detekt-rules-complexity/src/test/java/DummyJUnitJupiterLauncherDiffblueTest.java has been removed.
13:21:32.899 [INFO]  [Validating] >   Input property 'stableSources' file /Users/mnedzelskii/gits/detekt/detekt-rules-complexity/src/test/java/io/gitlab/arturbosch/detekt/rules/complexity/ComplexityProviderDiffblueTest.java has been added.
13:21:32.899 [INFO]  [Validating] > Loaded cache entry for task ':detekt-rules-complexity:compileTestJava' with cache key f1846d4217802748608cd44b872bcab1
13:21:32.899 [INFO]  [Validating] > Resolve mutations for :detekt-rules-complexity:testClasses (Thread[Execution worker Thread 2,5,main]) started.
13:21:32.899 [INFO]  [Validating] > :detekt-rules-complexity:testClasses (Thread[included builds,5,main]) started.
13:21:32.899 [INFO]  [Validating] > 
13:21:32.899 [INFO]  [Validating] > > Task :detekt-rules-complexity:testClasses UP-TO-DATE
13:21:32.899 [INFO]  [Validating] > Skipping task ':detekt-rules-complexity:testClasses' as it has no actions.
13:21:32.899 [INFO]  [Validating] > Resolve mutations for :detekt-rules-complexity:test (Thread[included builds,5,main]) started.
13:21:32.899 [INFO]  [Validating] > :detekt-rules-complexity:test (Thread[included builds,5,main]) started.
13:21:32.899 [INFO]  [Validating] > 
13:21:32.899 [INFO]  [Validating] > > Task :detekt-rules-complexity:test FROM-CACHE
13:21:32.899 [INFO]  [Validating] > Build cache key for task ':detekt-rules-complexity:test' is 5028f0946fcab37da11bce7fb69c3689
13:21:32.899 [INFO]  [Validating] > Task ':detekt-rules-complexity:test' is not up-to-date because:
13:21:32.899 [INFO]  [Validating] >   Value of input property 'filter.failOnNoMatchingTests' has changed for task ':detekt-rules-complexity:test'
13:21:32.899 [INFO]  [Validating] >   Value of input property 'filter.includePatterns' has changed for task ':detekt-rules-complexity:test'
13:21:32.899 [INFO]  [Validating] > Loaded cache entry for task ':detekt-rules-complexity:test' with cache key 5028f0946fcab37da11bce7fb69c3689
13:21:32.899 [INFO]  [Validating] > 
13:21:32.899 [INFO]  [Validating] > BUILD SUCCESSFUL in 490ms
13:21:32.899 [INFO]  [Validating] > 39 actionable tasks: 3 from cache, 36 up-to-date
13:21:32.899 [INFO]  [Validating] > Watched directory hierarchies: [/Users/mnedzelskii/gits/detekt]
13:21:32.899 [INFO]  [Validating] > Configuration cache entry reused.
13:21:32.899 [INFO]  [Validating] Standard error of build tool (Gradle)
13:21:32.899 [INFO]  [Validating] > 
13:21:32.908 [INFO]  [Validating] 1 created test was successfully validated.
13:21:33.075 [INFO]  [Reporting] Writing JSON report to /Users/mnedzelskii/gits/detekt/detekt-rules-complexity/.diffblue/reports/report.json
13:21:33.110 [INFO]  [Reporting] 
13:21:33.110 [WARN]  [Reporting] Cover completed with warnings
  The following warnings should be addressed to ensure that
  the highest quantity and quality of tests can be created:
-----------------------------------------------------------
13:20:18.853 [WARN]  [Checking] E052: Missing dependency
Unable to mock method inputs because Mockito 2.22.0 or later is not present on the classpath.
Required dependencies were not found.
Please add the following dependencies to your project:
  testImplementation("org.mockito:mockito-core:4.11.0")
13:21:33.110 [INFO]  [Reporting] Log file: /Users/mnedzelskii/gits/detekt/detekt-rules-complexity/.diffblue/log/user-20230706T132007.log
13:21:33.110 [INFO]  [Reporting] Finished in 1m 25s
