12:16:25.966 [INFO]  [Preparing] Diffblue Cover 2023.07.02-SNAPSHOT-0623e01-local
12:16:25.966 [INFO]  [Preparing] 
12:16:25.966 [INFO]  [Preparing] Running: dcover create --working-directory detekt-cli io.github io.gitlab
12:16:26.137 [INFO]  [Checking] Detecting environment:
12:16:26.137 [INFO]  [Checking] ----------------------
12:16:26.184 [INFO]  [Checking] Detected Java version 11.0.18
12:16:29.381 [INFO]  [Checking] Detected build system: Gradle 8.2
12:16:29.381 [INFO]  [Checking] Operating System: Mac OS X aarch64 13.4.1
12:16:29.381 [INFO]  [Checking] Default charset: UTF-8
12:16:29.381 [INFO]  [Checking] Default locale: en_GB
12:16:29.381 [INFO]  [Checking] Default time zone: Europe/London
12:16:29.384 [INFO]  [Checking] Selected build system: Gradle
12:16:29.387 [INFO]  [Checking] Selected classpath from build system Gradle
12:16:29.388 [INFO]  [Checking] Expanded classpath: 
/Users/mnedzelskii/gits/detekt/detekt-cli/build/classes/kotlin/test
/Users/mnedzelskii/gits/detekt/detekt-cli/build/classes/kotlin/main (code under test)
/Users/mnedzelskii/gits/detekt/detekt-cli/build/resources/test
/Users/mnedzelskii/gits/detekt/detekt-cli/build/classes/java/main
/Users/mnedzelskii/gits/detekt/detekt-cli/build/resources/main
/Users/mnedzelskii/gits/detekt/detekt-core/build/libs/detekt-core-1.23.0.jar
/Users/mnedzelskii/gits/detekt/detekt-rules/build/libs/detekt-rules-1.23.0.jar
/Users/mnedzelskii/gits/detekt/detekt-rules-errorprone/build/libs/detekt-rules-errorprone-1.23.0.jar
/Users/mnedzelskii/gits/detekt/detekt-tooling/build/libs/detekt-tooling-1.23.0.jar
/Users/mnedzelskii/gits/detekt/detekt-test-utils/build/libs/detekt-test-utils-1.23.0.jar
/Users/mnedzelskii/gits/detekt/detekt-parser/build/libs/detekt-parser-1.23.0.jar
/Users/mnedzelskii/gits/detekt/detekt-report-md/build/libs/detekt-report-md-1.23.0.jar
/Users/mnedzelskii/gits/detekt/detekt-metrics/build/libs/detekt-metrics-1.23.0.jar
/Users/mnedzelskii/gits/detekt/detekt-api/build/libs/detekt-api-1.23.0.jar
/Users/mnedzelskii/gits/detekt/detekt-psi-utils/build/libs/detekt-psi-utils-1.23.0.jar
/Users/mnedzelskii/gits/detekt/detekt-report-html/build/libs/detekt-report-html-1.23.0.jar
/Users/mnedzelskii/gits/detekt/detekt-report-txt/build/libs/detekt-report-txt-1.23.0.jar
/Users/mnedzelskii/gits/detekt/detekt-report-xml/build/libs/detekt-report-xml-1.23.0.jar
/Users/mnedzelskii/gits/detekt/detekt-report-sarif/build/libs/detekt-report-sarif-1.23.0.jar
/Users/mnedzelskii/gits/detekt/detekt-utils/build/libs/detekt-utils-1.23.0.jar
/Users/mnedzelskii/gits/detekt/detekt-rules-complexity/build/libs/detekt-rules-complexity-1.23.0.jar
/Users/mnedzelskii/gits/detekt/detekt-rules-coroutines/build/libs/detekt-rules-coroutines-1.23.0.jar
/Users/mnedzelskii/gits/detekt/detekt-rules-documentation/build/libs/detekt-rules-documentation-1.23.0.jar
/Users/mnedzelskii/gits/detekt/detekt-rules-empty/build/libs/detekt-rules-empty-1.23.0.jar
/Users/mnedzelskii/gits/detekt/detekt-rules-exceptions/build/libs/detekt-rules-exceptions-1.23.0.jar
/Users/mnedzelskii/gits/detekt/detekt-rules-naming/build/libs/detekt-rules-naming-1.23.0.jar
/Users/mnedzelskii/gits/detekt/detekt-rules-performance/build/libs/detekt-rules-performance-1.23.0.jar
/Users/mnedzelskii/gits/detekt/detekt-rules-style/build/libs/detekt-rules-style-1.23.0.jar
/Users/mnedzelskii/.gradle/caches/modules-2/files-2.1/org.jetbrains.kotlinx/kotlinx-coroutines-core-jvm/1.7.2/27cb5db69aeef59d8cc2a2cc2be4200f26091e72/kotlinx-coroutines-core-jvm-1.7.2.jar
/Users/mnedzelskii/.gradle/caches/modules-2/files-2.1/io.github.detekt.sarif4k/sarif4k-jvm/0.4.0/d3060993cd73b57ee61b260841bedcabb7dcbb02/sarif4k-jvm-0.4.0.jar
/Users/mnedzelskii/.gradle/caches/modules-2/files-2.1/org.jetbrains.kotlinx/kotlinx-serialization-json-jvm/1.4.1/e6430b33f06dcdff88998abfcb2e78bc3cd0a1f6/kotlinx-serialization-json-jvm-1.4.1.jar
/Users/mnedzelskii/.gradle/caches/modules-2/files-2.1/org.jetbrains.kotlinx/kotlinx-serialization-core-jvm/1.4.1/e0c2c11e5d0d541ca343c8f09602c0c2287d15a1/kotlinx-serialization-core-jvm-1.4.1.jar
/Users/mnedzelskii/.gradle/caches/modules-2/files-2.1/org.jetbrains.kotlin/kotlin-stdlib-jdk8/1.8.22/b25c86d47d6b962b9cf0f8c3f320c8a10eea3dd1/kotlin-stdlib-jdk8-1.8.22.jar
/Users/mnedzelskii/.gradle/caches/modules-2/files-2.1/com.beust/jcommander/1.82/a7c5fef184d238065de38f81bbc6ee50cca2e21/jcommander-1.82.jar
/Users/mnedzelskii/.gradle/caches/modules-2/files-2.1/org.jetbrains.kotlin/kotlin-compiler-embeddable/1.8.22/e2cf111da088dc807a74157741b4cd4b664edfb7/kotlin-compiler-embeddable-1.8.22.jar
/Users/mnedzelskii/.gradle/caches/modules-2/files-2.1/org.assertj/assertj-core/3.24.2/ebbf338e33f893139459ce5df023115971c2786f/assertj-core-3.24.2.jar
/Users/mnedzelskii/.gradle/caches/modules-2/files-2.1/org.junit.jupiter/junit-jupiter-engine/5.9.3/355322b03bf39306a183162cd06626c206f0286b/junit-jupiter-engine-5.9.3.jar
/Users/mnedzelskii/.gradle/caches/modules-2/files-2.1/org.junit.jupiter/junit-jupiter-params/5.9.3/9e2a4bf6016a1975f408a73523392875cff7c26f/junit-jupiter-params-5.9.3.jar
/Users/mnedzelskii/.gradle/caches/modules-2/files-2.1/org.junit.jupiter/junit-jupiter-api/5.9.3/815818ad6ffcc8d320d8fbdf3d748c753cf83201/junit-jupiter-api-5.9.3.jar
/Users/mnedzelskii/.gradle/caches/modules-2/files-2.1/org.junit.platform/junit-platform-launcher/1.9.3/485650bfe2a2f39b606a6ca013285afda2eaee79/junit-platform-launcher-1.9.3.jar
/Users/mnedzelskii/.gradle/caches/modules-2/files-2.1/org.junit.platform/junit-platform-engine/1.9.3/8616734a190f8d307376aeb7353dba0a2c037a09/junit-platform-engine-1.9.3.jar
/Users/mnedzelskii/.gradle/caches/modules-2/files-2.1/org.junit.platform/junit-platform-commons/1.9.3/36b2e26a90c41603be7f0094bee80e3f8a2cd4d4/junit-platform-commons-1.9.3.jar
/Users/mnedzelskii/.gradle/caches/modules-2/files-2.1/org.junit.jupiter/junit-jupiter/5.9.3/72e840501e1550e9799c9a5cc9483d7d6b29e0ba/junit-jupiter-5.9.3.jar
/Users/mnedzelskii/.gradle/caches/modules-2/files-2.1/org.jetbrains.kotlin/kotlin-stdlib-jdk7/1.8.22/4dabb8248310d833bb6a8b516024a91fd3d275c/kotlin-stdlib-jdk7-1.8.22.jar
/Users/mnedzelskii/.gradle/caches/modules-2/files-2.1/org.jetbrains.kotlin/kotlin-main-kts/1.8.22/2b1a8c5bfeb080adb7358a936c90792ce83e305a/kotlin-main-kts-1.8.22.jar
/Users/mnedzelskii/.gradle/caches/modules-2/files-2.1/org.jetbrains.kotlin/kotlin-reflect/1.8.22/b52be44bc57cb6fd2169a29aefa4507c4e49c858/kotlin-reflect-1.8.22.jar
/Users/mnedzelskii/.gradle/caches/modules-2/files-2.1/org.jetbrains.kotlin/kotlin-scripting-compiler-embeddable/1.8.22/3ab8e0416ba65a54c227c806cc034a462a08ff7/kotlin-scripting-compiler-embeddable-1.8.22.jar
/Users/mnedzelskii/.gradle/caches/modules-2/files-2.1/org.jetbrains.kotlin/kotlin-scripting-compiler-impl-embeddable/1.8.22/5703e4c2d1596a35912296fe484400d19129b3d2/kotlin-scripting-compiler-impl-embeddable-1.8.22.jar
/Users/mnedzelskii/.gradle/caches/modules-2/files-2.1/org.jetbrains.kotlin/kotlin-scripting-jvm/1.8.22/3291898dd4e49d49b921cd7baf679399ddfcd49d/kotlin-scripting-jvm-1.8.22.jar
/Users/mnedzelskii/.gradle/caches/modules-2/files-2.1/org.jetbrains.kotlin/kotlin-scripting-common/1.8.22/2ceb06ea7e19b183f3363ca8961be973c232937a/kotlin-scripting-common-1.8.22.jar
/Users/mnedzelskii/.gradle/caches/modules-2/files-2.1/org.jetbrains.kotlin/kotlin-stdlib/1.8.22/636bf8b320e7627482771bbac9ed7246773c02bd/kotlin-stdlib-1.8.22.jar
/Users/mnedzelskii/.gradle/caches/modules-2/files-2.1/org.jetbrains.kotlin/kotlin-stdlib-common/1.8.22/1a8e3601703ae14bb58757ea6b2d8e8e5935a586/kotlin-stdlib-common-1.8.22.jar
/Users/mnedzelskii/.gradle/caches/modules-2/files-2.1/org.jetbrains/annotations/13.0/919f0dfe192fb4e063e7dacadee7f8bb9a2672a9/annotations-13.0.jar
/Users/mnedzelskii/.gradle/caches/modules-2/files-2.1/org.opentest4j/opentest4j/1.2.0/28c11eb91f9b6d8e200631d46e20a7f407f2a046/opentest4j-1.2.0.jar
/Users/mnedzelskii/.gradle/caches/modules-2/files-2.1/net.bytebuddy/byte-buddy/1.12.21/1a257bbdb9288f2558d3767cc2cc22b499d5091c/byte-buddy-1.12.21.jar
/Users/mnedzelskii/.gradle/caches/modules-2/files-2.1/io.github.davidburstrom.contester/contester-breakpoint/0.2.0/a560e5402378928e889b2eab0cc958cbed8cfe5e/contester-breakpoint-0.2.0.jar
/Users/mnedzelskii/.gradle/caches/modules-2/files-2.1/org.jetbrains.kotlin/kotlin-script-runtime/1.8.22/ce5ff1f309623f8c1be5143bdba032c4a04cec3a/kotlin-script-runtime-1.8.22.jar
/Users/mnedzelskii/.gradle/caches/modules-2/files-2.1/org.jetbrains.kotlin/kotlin-daemon-embeddable/1.8.22/7d9f7e06a59d2fcbc9b373400c146f42fd722e81/kotlin-daemon-embeddable-1.8.22.jar
/Users/mnedzelskii/.gradle/caches/modules-2/files-2.1/org.jetbrains.intellij.deps/trove4j/1.0.20200330/3afb14d5f9ceb459d724e907a21145e8ff394f02/trove4j-1.0.20200330.jar
/Users/mnedzelskii/.gradle/caches/modules-2/files-2.1/net.java.dev.jna/jna/5.6.0/330f2244e9030119ab3030fc3fededc86713d9cc/jna-5.6.0.jar
/Users/mnedzelskii/.gradle/caches/modules-2/files-2.1/org.snakeyaml/snakeyaml-engine/2.6/235a7e571b33eda1a81e0f73a3173ef95dd020e5/snakeyaml-engine-2.6.jar
/Users/mnedzelskii/.gradle/caches/modules-2/files-2.1/org.jetbrains.kotlinx/kotlinx-html-jvm/0.8.1/1395513588aabf353f15a9f8023098651f1d76a/kotlinx-html-jvm-0.8.1.jar
12:16:29.537 [INFO]  [Checking] Detected test framework: JUnit Jupiter 5.9.3
12:16:29.555 [INFO]  [Checking] Detected JUnit Jupiter Engine version 5.9.3
12:16:29.573 [INFO]  [Checking] Detected JUnit Jupiter Params version 5.9.3
12:16:29.683 [INFO]  [Checking] Selected test output directory: /Users/mnedzelskii/gits/detekt/detekt-cli/src/test/java
12:16:29.685 [INFO]  [Checking] Selected test framework: JUnit Jupiter
12:16:29.795 [INFO]  [Checking] Running: Using JAVA_HOME: /Users/mnedzelskii/.sdkman/candidates/java/current : in /Users/mnedzelskii/gits/detekt/detekt-cli : gradle test -i  DummyJupiterDiffblueTest
12:16:31.758 [INFO]  [Checking] Running: Using JAVA_HOME: /Users/mnedzelskii/.sdkman/candidates/java/current : in /Users/mnedzelskii/gits/detekt/detekt-cli : gradle test -i  DummyJUnitJupiterLauncherDiffblueTest
12:16:33.667 [INFO]  [Checking] Detected JVM architecture: 64-Bit
12:16:33.671 [INFO]  [Checking] Indexing...
12:16:36.283 [INFO]  [Checking] Selected Java language compliance level: 1.8
12:16:36.283 [INFO]  [Checking] Selected test validation: enabled
12:16:36.286 [INFO]  [Checking] Prefixes for filtering classes/methods:
12:16:36.287 [INFO]  [Checking] - io.github
12:16:36.287 [INFO]  [Checking] - io.gitlab
12:16:36.287 [INFO]  [Checking] Gathering methods to test...
12:16:37.418 [WARN]  [Checking] E052: Missing dependency
Unable to mock method inputs because Mockito 2.22.0 or later is not present on the classpath.
Required dependencies were not found.
Please add the following dependencies to your project:
  testImplementation("org.mockito:mockito-core:4.11.0")
12:16:37.428 [INFO]  [Reporting] 
12:16:37.428 [INFO]  [Reporting] Environment summary:
12:16:37.428 [INFO]  [Reporting] --------------------
12:16:37.430 [INFO]  [Reporting] Java version                  11.0.18                       SUCCESS        
12:16:37.431 [INFO]  [Reporting] Build system                  Gradle                        SUCCESS        
12:16:37.431 [WARN]  [Reporting] Mocking Framework                                           WARNING        
12:16:37.431 [INFO]  [Reporting] Testing framework             JUnit Jupiter 5               SUCCESS        
12:16:37.431 [INFO]  [Reporting] Launcher                      JUnit Jupiter                 SUCCESS        
12:16:37.431 [INFO]  [Reporting] Test validation               Enabled                       SUCCESS        
12:16:37.431 [INFO]  [Reporting] 
12:16:37.431 [WARN]  [Reporting] Environment check status: WARNING
12:16:37.454 [INFO]  [Creating] Found 112 callable methods in 23 classes
12:16:37.455 [INFO]  [Creating] 
12:16:37.455 [INFO]  [Creating] Creating tests:
12:16:37.455 [INFO]  [Creating] ---------------
12:16:37.468 [INFO]  [Creating] 
================================================================================
= Starting analysis for class 'io.gitlab.arturbosch.detekt.cli.ClasspathResourceConverter'
================================================================================
12:16:37.468 [INFO]  [Creating] Filtering out non-testable methods...
12:16:37.471 [INFO]  [Creating] Filtering of methods complete. Creating analysis request
12:16:37.471 [INFO]  [Creating] Attempting to get service client, retry 1.
12:16:37.481 [INFO]  [Creating] Starting monitoring server.
12:16:37.609 [INFO]  [Creating] Monitoring server listening on localhost/127.0.0.1:61551
12:16:37.610 [INFO]  [Creating] Starting analyzer server process...
12:16:37.610 [INFO]  [Creating] Server command-line: /Users/mnedzelskii/.sdkman/candidates/java/11.0.18-amzn/bin/java -XX:+IgnoreUnrecognizedVMOptions -Djdk.attach.allowAttachSelf=true -ea -javaagent:/Users/mnedzelskii/gits/cover/cover-cli/target/launcher-2023.07.02-SNAPSHOT-shared-jar.jar -Dlogback.configurationFile=/var/folders/84/svd_5_t17l36s2xgx_7spshr0000gp/T/diffblue/config/logback-remote-service.xml -Dcom.diffblue.springIsolationJar=/Users/mnedzelskii/gits/cover/cover-cli/target/cover-isolation-layer-2023.07.02-SNAPSHOT.jar -Dcover.jar.path=/Users/mnedzelskii/gits/cover/cover-cli/target/cover-service-analyzer-2023.07.02-SNAPSHOT-jar-with-dependencies.jar -Dcom.diffblue.assertionSuggestionJar=/Users/mnedzelskii/gits/cover/cover-cli/target/cover-service-analyzer-2023.07.02-SNAPSHOT-jar-with-dependencies.jar -Dcover.main.class=com.diffblue.cover.service.analyzer.Main -jar /Users/mnedzelskii/gits/cover/cover-cli/target/launcher-2023.07.02-SNAPSHOT-shared-jar.jar --service-lifespan 120 --monitoring-service-port 61551 --index-service-port 61551
12:16:37.628 [INFO]  [Creating] Server started. Waiting up to 300 seconds for a connection to be established...
12:16:37.982 [INFO]  [Creating] Starting new remote monitor client
12:16:38.275 [INFO]  [Creating] Attempting to start remote server.
12:16:38.809 [INFO]  [Creating] Server started, listening on localhost/127.0.0.1:61554
12:16:39.642 [INFO]  [Creating] Expect analyzer service to be listening on port 61554.
12:16:40.227 [INFO]  [Creating] Started analyzer service and client retrieved.
12:16:41.288 [INFO]  [Creating] 
================================================================================
= Creating tests for 'io.gitlab.arturbosch.detekt.cli.ClasspathResourceConverter.<init>:()V' using 'TrM (!sp, !fnm, df, !ris)'
================================================================================
12:16:43.214 [INFO]  [Creating]       [1/112] io.gitlab.arturbosch.detekt.cli.ClasspathResourceConverter.<init>
12:16:43.214 [INFO]  [Creating]       [1/112]   R002: Missing observers
12:16:43.214 [INFO]  [Creating]       [1/112]     Diffblue Cover was unable to create an assertion.
12:16:43.214 [INFO]  [Creating]       [1/112]     There are no fields that could be asserted on.
12:16:43.216 [INFO]  [Creating] 
================================================================================
= Creating tests for 'io.gitlab.arturbosch.detekt.cli.ClasspathResourceConverter.convert:(Ljava/lang/String;)Ljava/net/URL;' using 'SiM (!sp, fnm, df, !ris)'
================================================================================
12:16:49.912 [INFO]  [Creating]       [2/112] io.gitlab.arturbosch.detekt.cli.ClasspathResourceConverter.convert
12:16:49.912 [INFO]  [Creating]       [2/112]   Tests created: 1
12:16:49.916 [INFO]  [Creating]  [1/23] io.gitlab.arturbosch.detekt.cli.ClasspathResourceConverter
12:16:49.916 [INFO]  [Creating]  [1/23]   Tests created: 1
12:16:49.916 [INFO]  [Creating] 
================================================================================
= Starting analysis for class 'io.gitlab.arturbosch.detekt.cli.CliArgs'
================================================================================
12:16:49.916 [INFO]  [Creating] Filtering out non-testable methods...
12:16:50.402 [INFO]  [Creating] Filtering of methods complete. Creating analysis request
12:16:50.402 [INFO]  [Creating] Attempting to get service client, retry 1.
12:16:50.592 [INFO]  [Creating] 
================================================================================
= Creating tests for 'io.gitlab.arturbosch.detekt.cli.CliArgs.getAllRules:()Z, io.gitlab.arturbosch.detekt.cli.CliArgs.getAutoCorrect:()Z, io.gitlab.arturbosch.detekt.cli.CliArgs.getBasePath:()Ljava/nio/file/Path;, io.gitlab.arturbosch.detekt.cli.CliArgs.getBaseline:()Ljava/nio/file/Path;, io.gitlab.arturbosch.detekt.cli.CliArgs.getBuildUponDefaultConfig:()Z, io.gitlab.arturbosch.detekt.cli.CliArgs.getClasspath:()Ljava/lang/String;, io.gitlab.arturbosch.detekt.cli.CliArgs.getConfig:()Ljava/lang/String;, io.gitlab.arturbosch.detekt.cli.CliArgs.getConfigResource:()Ljava/lang/String;, io.gitlab.arturbosch.detekt.cli.CliArgs.getCreateBaseline:()Z, io.gitlab.arturbosch.detekt.cli.CliArgs.getDebug:()Z, io.gitlab.arturbosch.detekt.cli.CliArgs.getDisableDefaultRuleSets:()Z, io.gitlab.arturbosch.detekt.cli.CliArgs.getExcludes:()Ljava/lang/String;, io.gitlab.arturbosch.detekt.cli.CliArgs.getGenerateConfig:()Z, io.gitlab.arturbosch.detekt.cli.CliArgs.getHelp:()Z, io.gitlab.arturbosch.detekt.cli.CliArgs.getIncludes:()Ljava/lang/String;, io.gitlab.arturbosch.detekt.cli.CliArgs.getInput:()Ljava/lang/String;, io.gitlab.arturbosch.detekt.cli.CliArgs.getJdkHome:()Ljava/nio/file/Path;, io.gitlab.arturbosch.detekt.cli.CliArgs.getJvmTarget:()Ljava/lang/String;, io.gitlab.arturbosch.detekt.cli.CliArgs.getLanguageVersion:()Lorg/jetbrains/kotlin/config/LanguageVersion;, io.gitlab.arturbosch.detekt.cli.CliArgs.getMaxIssues:()Ljava/lang/Integer;, io.gitlab.arturbosch.detekt.cli.CliArgs.getParallel:()Z, io.gitlab.arturbosch.detekt.cli.CliArgs.getPlugins:()Ljava/lang/String;, io.gitlab.arturbosch.detekt.cli.CliArgs.getRunRule:()Ljava/lang/String;, io.gitlab.arturbosch.detekt.cli.CliArgs.getShowVersion:()Z, io.gitlab.arturbosch.detekt.cli.CliArgs.setAllRules:(Z)V, io.gitlab.arturbosch.detekt.cli.CliArgs.setAutoCorrect:(Z)V, io.gitlab.arturbosch.detekt.cli.CliArgs.setBasePath:(Ljava/nio/file/Path;)V, io.gitlab.arturbosch.detekt.cli.CliArgs.setBaseline:(Ljava/nio/file/Path;)V, io.gitlab.arturbosch.detekt.cli.CliArgs.setBuildUponDefaultConfig:(Z)V, io.gitlab.arturbosch.detekt.cli.CliArgs.setClasspath:(Ljava/lang/String;)V, io.gitlab.arturbosch.detekt.cli.CliArgs.setConfig:(Ljava/lang/String;)V, io.gitlab.arturbosch.detekt.cli.CliArgs.setConfigResource:(Ljava/lang/String;)V, io.gitlab.arturbosch.detekt.cli.CliArgs.setCreateBaseline:(Z)V, io.gitlab.arturbosch.detekt.cli.CliArgs.setDebug:(Z)V, io.gitlab.arturbosch.detekt.cli.CliArgs.setDisableDefaultRuleSets:(Z)V, io.gitlab.arturbosch.detekt.cli.CliArgs.setExcludes:(Ljava/lang/String;)V, io.gitlab.arturbosch.detekt.cli.CliArgs.setGenerateConfig:(Z)V, io.gitlab.arturbosch.detekt.cli.CliArgs.setHelp:(Z)V, io.gitlab.arturbosch.detekt.cli.CliArgs.setIncludes:(Ljava/lang/String;)V, io.gitlab.arturbosch.detekt.cli.CliArgs.setInput:(Ljava/lang/String;)V, io.gitlab.arturbosch.detekt.cli.CliArgs.setJdkHome:(Ljava/nio/file/Path;)V, io.gitlab.arturbosch.detekt.cli.CliArgs.setJvmTarget:(Ljava/lang/String;)V, io.gitlab.arturbosch.detekt.cli.CliArgs.setLanguageVersion:(Lorg/jetbrains/kotlin/config/LanguageVersion;)V, io.gitlab.arturbosch.detekt.cli.CliArgs.setMaxIssues:(Ljava/lang/Integer;)V, io.gitlab.arturbosch.detekt.cli.CliArgs.setParallel:(Z)V, io.gitlab.arturbosch.detekt.cli.CliArgs.setPlugins:(Ljava/lang/String;)V, io.gitlab.arturbosch.detekt.cli.CliArgs.setRunRule:(Ljava/lang/String;)V, io.gitlab.arturbosch.detekt.cli.CliArgs.setShowVersion:(Z)V' using 'TrM (!sp, !fnm, df, !ris)'
================================================================================
12:16:52.904 [INFO]  [Creating]       [3/112] io.gitlab.arturbosch.detekt.cli.CliArgs.getAllRules
12:16:52.904 [INFO]  [Creating]       [4/112] io.gitlab.arturbosch.detekt.cli.CliArgs.getAutoCorrect
12:16:52.904 [INFO]  [Creating]       [5/112] io.gitlab.arturbosch.detekt.cli.CliArgs.getBasePath
12:16:52.904 [INFO]  [Creating]       [6/112] io.gitlab.arturbosch.detekt.cli.CliArgs.getBaseline
12:16:52.904 [INFO]  [Creating]       [7/112] io.gitlab.arturbosch.detekt.cli.CliArgs.getBuildUponDefaultConfig
12:16:52.904 [INFO]  [Creating]       [8/112] io.gitlab.arturbosch.detekt.cli.CliArgs.getClasspath
12:16:52.904 [INFO]  [Creating]       [9/112] io.gitlab.arturbosch.detekt.cli.CliArgs.getConfig
12:16:52.904 [INFO]  [Creating]      [10/112] io.gitlab.arturbosch.detekt.cli.CliArgs.getConfigResource
12:16:52.904 [INFO]  [Creating]      [11/112] io.gitlab.arturbosch.detekt.cli.CliArgs.getCreateBaseline
12:16:52.904 [INFO]  [Creating]      [12/112] io.gitlab.arturbosch.detekt.cli.CliArgs.getDebug
12:16:52.904 [INFO]  [Creating]      [13/112] io.gitlab.arturbosch.detekt.cli.CliArgs.getDisableDefaultRuleSets
12:16:52.904 [INFO]  [Creating]      [14/112] io.gitlab.arturbosch.detekt.cli.CliArgs.getExcludes
12:16:52.904 [INFO]  [Creating]      [15/112] io.gitlab.arturbosch.detekt.cli.CliArgs.getGenerateConfig
12:16:52.904 [INFO]  [Creating]      [16/112] io.gitlab.arturbosch.detekt.cli.CliArgs.getHelp
12:16:52.904 [INFO]  [Creating]      [17/112] io.gitlab.arturbosch.detekt.cli.CliArgs.getIncludes
12:16:52.904 [INFO]  [Creating]      [18/112] io.gitlab.arturbosch.detekt.cli.CliArgs.getInput
12:16:52.904 [INFO]  [Creating]      [19/112] io.gitlab.arturbosch.detekt.cli.CliArgs.getJdkHome
12:16:52.904 [INFO]  [Creating]      [20/112] io.gitlab.arturbosch.detekt.cli.CliArgs.getJvmTarget
12:16:52.904 [INFO]  [Creating]      [21/112] io.gitlab.arturbosch.detekt.cli.CliArgs.getLanguageVersion
12:16:52.904 [INFO]  [Creating]      [22/112] io.gitlab.arturbosch.detekt.cli.CliArgs.getMaxIssues
12:16:52.904 [INFO]  [Creating]      [23/112] io.gitlab.arturbosch.detekt.cli.CliArgs.getParallel
12:16:52.904 [INFO]  [Creating]      [24/112] io.gitlab.arturbosch.detekt.cli.CliArgs.getPlugins
12:16:52.904 [INFO]  [Creating]      [25/112] io.gitlab.arturbosch.detekt.cli.CliArgs.getRunRule
12:16:52.904 [INFO]  [Creating]      [26/112] io.gitlab.arturbosch.detekt.cli.CliArgs.getShowVersion
12:16:52.904 [INFO]  [Creating]      [27/112] io.gitlab.arturbosch.detekt.cli.CliArgs.setAllRules
12:16:52.904 [INFO]  [Creating]      [28/112] io.gitlab.arturbosch.detekt.cli.CliArgs.setAutoCorrect
12:16:52.904 [INFO]  [Creating]      [29/112] io.gitlab.arturbosch.detekt.cli.CliArgs.setBasePath
12:16:52.904 [INFO]  [Creating]      [30/112] io.gitlab.arturbosch.detekt.cli.CliArgs.setBaseline
12:16:52.904 [INFO]  [Creating]      [31/112] io.gitlab.arturbosch.detekt.cli.CliArgs.setBuildUponDefaultConfig
12:16:52.904 [INFO]  [Creating]      [32/112] io.gitlab.arturbosch.detekt.cli.CliArgs.setClasspath
12:16:52.904 [INFO]  [Creating]      [33/112] io.gitlab.arturbosch.detekt.cli.CliArgs.setConfig
12:16:52.904 [INFO]  [Creating]      [34/112] io.gitlab.arturbosch.detekt.cli.CliArgs.setConfigResource
12:16:52.904 [INFO]  [Creating]      [35/112] io.gitlab.arturbosch.detekt.cli.CliArgs.setCreateBaseline
12:16:52.904 [INFO]  [Creating]      [36/112] io.gitlab.arturbosch.detekt.cli.CliArgs.setDebug
12:16:52.904 [INFO]  [Creating]      [37/112] io.gitlab.arturbosch.detekt.cli.CliArgs.setDisableDefaultRuleSets
12:16:52.904 [INFO]  [Creating]      [38/112] io.gitlab.arturbosch.detekt.cli.CliArgs.setExcludes
12:16:52.904 [INFO]  [Creating]      [39/112] io.gitlab.arturbosch.detekt.cli.CliArgs.setGenerateConfig
12:16:52.904 [INFO]  [Creating]      [40/112] io.gitlab.arturbosch.detekt.cli.CliArgs.setHelp
12:16:52.904 [INFO]  [Creating]      [41/112] io.gitlab.arturbosch.detekt.cli.CliArgs.setIncludes
12:16:52.904 [INFO]  [Creating]      [42/112] io.gitlab.arturbosch.detekt.cli.CliArgs.setInput
12:16:52.904 [INFO]  [Creating]      [43/112] io.gitlab.arturbosch.detekt.cli.CliArgs.setJdkHome
12:16:52.904 [INFO]  [Creating]      [44/112] io.gitlab.arturbosch.detekt.cli.CliArgs.setJvmTarget
12:16:52.904 [INFO]  [Creating]      [45/112] io.gitlab.arturbosch.detekt.cli.CliArgs.setLanguageVersion
12:16:52.904 [INFO]  [Creating]      [46/112] io.gitlab.arturbosch.detekt.cli.CliArgs.setMaxIssues
12:16:52.904 [INFO]  [Creating]      [47/112] io.gitlab.arturbosch.detekt.cli.CliArgs.setParallel
12:16:52.904 [INFO]  [Creating]      [48/112] io.gitlab.arturbosch.detekt.cli.CliArgs.setPlugins
12:16:52.904 [INFO]  [Creating]      [49/112] io.gitlab.arturbosch.detekt.cli.CliArgs.setRunRule
12:16:52.904 [INFO]  [Creating]      [50/112] io.gitlab.arturbosch.detekt.cli.CliArgs.setShowVersion
12:16:52.904 [INFO]  [Creating]      [50/112]   Tests created: 1
12:16:52.905 [INFO]  [Creating] 
================================================================================
= Creating tests for 'io.gitlab.arturbosch.detekt.cli.CliArgs.<init>:()V' using 'SiM (!sp, fnm, df, !ris)'
================================================================================
12:16:53.416 [INFO]  [Creating]      [51/112] io.gitlab.arturbosch.detekt.cli.CliArgs.<init>
12:16:53.416 [INFO]  [Creating]      [51/112]   Tests created: 1
12:16:53.417 [INFO]  [Creating] 
================================================================================
= Creating tests for 'io.gitlab.arturbosch.detekt.cli.CliArgs.getInputPaths:()Ljava/util/List;' using 'SiM (!sp, fnm, df, !ris)'
================================================================================
12:16:59.999 [INFO]  [Creating]      [52/112] io.gitlab.arturbosch.detekt.cli.CliArgs.getInputPaths
12:16:59.999 [INFO]  [Creating]      [52/112]   Tests created: 1
12:17:00.001 [INFO]  [Creating] 
================================================================================
= Creating tests for 'io.gitlab.arturbosch.detekt.cli.CliArgs.getReportPaths:()Ljava/util/List;' using 'SiM (!sp, fnm, df, !ris)'
================================================================================
12:17:02.600 [INFO]  [Creating]      [53/112] io.gitlab.arturbosch.detekt.cli.CliArgs.getReportPaths
12:17:02.600 [INFO]  [Creating]      [53/112]   Tests created: 1
12:17:02.602 [INFO]  [Creating]  [2/23] io.gitlab.arturbosch.detekt.cli.CliArgs
12:17:02.602 [INFO]  [Creating]  [2/23]   Tests created: 4
12:17:02.602 [INFO]  [Creating] 
================================================================================
= Starting analysis for class 'io.gitlab.arturbosch.detekt.cli.CliArgs$Companion'
================================================================================
12:17:02.602 [INFO]  [Creating] Filtering out non-testable methods...
12:17:02.602 [INFO]  [Creating] Filtering of methods complete. Creating analysis request
12:17:02.602 [INFO]  [Creating] Attempting to get service client, retry 1.
12:17:02.630 [INFO]  [Creating] 
================================================================================
= Creating tests for 'io.gitlab.arturbosch.detekt.cli.CliArgs$Companion.invoke:(Lkotlin/jvm/functions/Function1;)Lio/gitlab/arturbosch/detekt/cli/CliArgs;' using 'SiM (!sp, fnm, df, !ris)'
================================================================================
12:17:11.149 [INFO]  [Creating]      [54/112] io.gitlab.arturbosch.detekt.cli.CliArgs$Companion.invoke
12:17:11.149 [INFO]  [Creating]      [54/112]   R083: Can't find a suitable constructor
12:17:11.149 [INFO]  [Creating]      [54/112]     Diffblue Cover was unable to construct an instance of CliArgs.Companion.
12:17:11.149 [INFO]  [Creating]      [54/112]     No suitable constructor or factory method found. Please check that the class
12:17:11.149 [INFO]  [Creating]      [54/112]     under test has a non-private constructor or factory method.
12:17:11.149 [INFO]  [Creating]      [54/112]     See https://diff.blue/R083 for further troubleshooting of this issue.
12:17:11.152 [INFO]  [Creating]  [3/23] io.gitlab.arturbosch.detekt.cli.CliArgs$Companion
12:17:11.152 [INFO]  [Creating]  [3/23]   Tests created: 0
12:17:11.152 [INFO]  [Creating] 
================================================================================
= Starting analysis for class 'io.gitlab.arturbosch.detekt.cli.CliRunner'
================================================================================
12:17:11.152 [INFO]  [Creating] Filtering out non-testable methods...
12:17:11.287 [INFO]  [Creating] Filtering of methods complete. Creating analysis request
12:17:11.287 [INFO]  [Creating] Attempting to get service client, retry 1.
12:17:11.319 [INFO]  [Creating] 
================================================================================
= Creating tests for 'io.gitlab.arturbosch.detekt.cli.CliRunner.<init>:()V' using 'TrM (!sp, !fnm, df, !ris)'
================================================================================
12:17:11.432 [INFO]  [Creating]      [55/112] io.gitlab.arturbosch.detekt.cli.CliRunner.<init>
12:17:11.432 [INFO]  [Creating]      [55/112]   R002: Missing observers
12:17:11.432 [INFO]  [Creating]      [55/112]     Diffblue Cover was unable to create an assertion.
12:17:11.432 [INFO]  [Creating]      [55/112]     There are no fields that could be asserted on.
12:17:11.433 [INFO]  [Creating] 
================================================================================
= Creating tests for 'io.gitlab.arturbosch.detekt.cli.CliRunner.run:([Ljava/lang/String;)Lio/github/detekt/tooling/api/AnalysisResult;' using 'SiM (!sp, fnm, df, !ris)'
================================================================================
12:18:17.549 [INFO]  [Creating] Test execution failed for method io.gitlab.arturbosch.detekt.cli.CliRunner.run
12:18:17.549 [INFO]  [Creating] Failure reason: null
12:18:17.576 [INFO]  [Creating]      [56/112] io.gitlab.arturbosch.detekt.cli.CliRunner.run
12:18:17.576 [INFO]  [Creating]      [56/112]   Tests created: 2
12:18:17.576 [INFO]  [Creating]      [56/112]   Warnings:
12:18:17.576 [INFO]  [Creating]      [56/112]   Diffblue AI was unable to find a test
12:18:17.579 [INFO]  [Creating] 
================================================================================
= Creating tests for 'io.gitlab.arturbosch.detekt.cli.CliRunner.run:([Ljava/lang/String;Ljava/lang/Appendable;Ljava/lang/Appendable;)Lio/github/detekt/tooling/api/AnalysisResult;' using 'SiM (!sp, fnm, df, !ris)'
================================================================================
12:19:53.728 [INFO]  [Creating] Test execution failed for method io.gitlab.arturbosch.detekt.cli.CliRunner.run
12:19:53.729 [INFO]  [Creating] Failure reason: null
12:19:53.763 [INFO]  [Creating]      [57/112] io.gitlab.arturbosch.detekt.cli.CliRunner.run
12:19:53.763 [INFO]  [Creating]      [57/112]   Tests created: 2
12:19:53.763 [INFO]  [Creating]      [57/112]   Warnings:
12:19:53.763 [INFO]  [Creating]      [57/112]   Diffblue AI was unable to find a test
12:19:53.766 [INFO]  [Creating]  [4/23] io.gitlab.arturbosch.detekt.cli.CliRunner
12:19:53.767 [INFO]  [Creating]  [4/23]   Tests created: 4
12:19:53.767 [INFO]  [Creating] 
================================================================================
= Starting analysis for class 'io.gitlab.arturbosch.detekt.cli.DetektInputPathConverter$DefaultImpls'
================================================================================
12:19:53.767 [INFO]  [Creating] Filtering out non-testable methods...
12:19:53.777 [INFO]  [Creating] Filtering of methods complete. Creating analysis request
12:19:53.777 [INFO]  [Creating] Attempting to get service client, retry 1.
12:19:53.835 [INFO]  [Creating] 
================================================================================
= Creating tests for 'io.gitlab.arturbosch.detekt.cli.DetektInputPathConverter$DefaultImpls.convert:(Lio/gitlab/arturbosch/detekt/cli/DetektInputPathConverter;Ljava/lang/String;)Ljava/util/List;' using 'SiM (!sp, fnm, df, !ris)'
================================================================================
12:19:55.664 [INFO]  [Creating]      [58/112] io.gitlab.arturbosch.detekt.cli.DetektInputPathConverter$DefaultImpls.convert
12:19:55.664 [INFO]  [Creating]      [58/112]   R013: No inputs found that don't throw a trivial exception
12:19:55.664 [INFO]  [Creating]      [58/112]     Diffblue Cover tried to run the arrange/act section, but the test threw
12:19:55.664 [INFO]  [Creating]      [58/112]     java.lang.NullPointerException: Parameter specified as non-null is null: method io.gitlab.arturbosch.detekt.cli.DetektInputPathConverter$DefaultImpls.convert, parameter value
12:19:55.664 [INFO]  [Creating]      [58/112]         at io.gitlab.arturbosch.detekt.cli.DetektInputPathConverter$DefaultImpls.convert(ArgumentConverters.kt)
12:19:55.664 [INFO]  [Creating]      [58/112]     In order to prevent convert(DetektInputPathConverter, String)
12:19:55.664 [INFO]  [Creating]      [58/112]     from throwing NullPointerException, add constructors or factory
12:19:55.664 [INFO]  [Creating]      [58/112]     methods that make it easier to construct fully initialized objects used in
12:19:55.664 [INFO]  [Creating]      [58/112]     convert(DetektInputPathConverter, String).
12:19:55.664 [INFO]  [Creating]      [58/112]     See https://diff.blue/R013 to resolve this issue.
12:19:55.667 [INFO]  [Creating]  [5/23] io.gitlab.arturbosch.detekt.cli.DetektInputPathConverter$DefaultImpls
12:19:55.667 [INFO]  [Creating]  [5/23]   Tests created: 0
12:19:55.667 [INFO]  [Creating] 
================================================================================
= Starting analysis for class 'io.gitlab.arturbosch.detekt.cli.DetektProgressListener'
================================================================================
12:19:55.667 [INFO]  [Creating] Filtering out non-testable methods...
12:19:55.673 [INFO]  [Creating] Filtering of methods complete. Creating analysis request
12:19:55.673 [INFO]  [Creating] Attempting to get service client, retry 1.
12:19:55.786 [INFO]  [Creating] 
================================================================================
= Creating tests for 'io.gitlab.arturbosch.detekt.cli.DetektProgressListener.<init>:()V' using 'SiM (!sp, fnm, df, !ris)'
================================================================================
12:19:56.106 [INFO]  [Creating]      [59/112] io.gitlab.arturbosch.detekt.cli.DetektProgressListener.<init>
12:19:56.106 [INFO]  [Creating]      [59/112]   Tests created: 1
12:19:56.108 [INFO]  [Creating] 
================================================================================
= Creating tests for 'io.gitlab.arturbosch.detekt.cli.DetektProgressListener.getId:()Ljava/lang/String;' using 'SiM (!sp, fnm, df, !ris)'
================================================================================
12:19:56.333 [INFO]  [Creating]      [60/112] io.gitlab.arturbosch.detekt.cli.DetektProgressListener.getId
12:19:56.333 [INFO]  [Creating]      [60/112]   Tests created: 1
12:19:56.334 [INFO]  [Creating] 
================================================================================
= Creating tests for 'io.gitlab.arturbosch.detekt.cli.DetektProgressListener.getPriority:()I' using 'SiM (!sp, fnm, df, !ris)'
================================================================================
12:19:56.530 [INFO]  [Creating]      [61/112] io.gitlab.arturbosch.detekt.cli.DetektProgressListener.getPriority
12:19:56.530 [INFO]  [Creating]      [61/112]   Tests created: 1
12:19:56.532 [INFO]  [Creating] 
================================================================================
= Creating tests for 'io.gitlab.arturbosch.detekt.cli.DetektProgressListener.init:(Lio/gitlab/arturbosch/detekt/api/Config;)V' using 'SiM (!sp, fnm, df, !ris)'
================================================================================
12:20:04.536 [INFO]  [Creating]      [62/112] io.gitlab.arturbosch.detekt.cli.DetektProgressListener.init
12:20:04.536 [INFO]  [Creating]      [62/112]   Diffblue AI was unable to find a test
12:20:04.538 [INFO]  [Creating] 
================================================================================
= Creating tests for 'io.gitlab.arturbosch.detekt.cli.DetektProgressListener.init:(Lio/gitlab/arturbosch/detekt/api/SetupContext;)V' using 'SiM (!sp, fnm, df, !ris)'
================================================================================
12:20:04.594 [INFO]  [Creating]      [63/112] io.gitlab.arturbosch.detekt.cli.DetektProgressListener.init
12:20:04.594 [INFO]  [Creating]      [63/112]   R034: Diffblue Cover can't complete test
12:20:04.594 [INFO]  [Creating]      [63/112]     Diffblue Cover was unable to complete the test.
12:20:04.594 [INFO]  [Creating]      [63/112]     Try to increase the number of fuzzing iterations if non-default
12:20:04.594 [INFO]  [Creating]      [63/112]     value is used.
12:20:04.594 [INFO]  [Creating]      [63/112]     See https://diff.blue/R034 for further troubleshooting of this issue.
12:20:04.595 [INFO]  [Creating] 
================================================================================
= Creating tests for 'io.gitlab.arturbosch.detekt.cli.DetektProgressListener.onFinish:(Ljava/util/List;Lio/gitlab/arturbosch/detekt/api/Detektion;)V' using 'SiM (!sp, fnm, df, !ris)'
================================================================================
12:20:05.483 [INFO]  [Creating]      [64/112] io.gitlab.arturbosch.detekt.cli.DetektProgressListener.onFinish
12:20:05.483 [INFO]  [Creating]      [64/112]   Diffblue AI was unable to find a test
12:20:05.484 [INFO]  [Creating] 
================================================================================
= Creating tests for 'io.gitlab.arturbosch.detekt.cli.DetektProgressListener.onFinish:(Ljava/util/List;Lio/gitlab/arturbosch/detekt/api/Detektion;Lorg/jetbrains/kotlin/resolve/BindingContext;)V' using 'SiM (!sp, fnm, df, !ris)'
================================================================================
12:20:05.984 [INFO]  [Creating]      [65/112] io.gitlab.arturbosch.detekt.cli.DetektProgressListener.onFinish
12:20:05.984 [INFO]  [Creating]      [65/112]   R011: Sandboxing policy violation
12:20:05.984 [INFO]  [Creating]      [65/112]     Diffblue Cover ran code in your project that tried
12:20:05.984 [INFO]  [Creating]      [65/112]       to access 'sun.misc'.
12:20:05.984 [INFO]  [Creating]      [65/112]     Diffblue Cover's default sandboxing policy disallows this in order to prevent
12:20:05.984 [INFO]  [Creating]      [65/112]     your code from damaging your system environment.
12:20:05.984 [INFO]  [Creating]      [65/112]     See https://diff.blue/R011 to resolve this issue.
12:20:05.977 [INFO]  [Creating] Could not load class: Could not initialize class org.jetbrains.kotlin.com.intellij.openapi.progress.impl.CoreProgressManager
12:20:05.978 [INFO]  [Creating] An exception occurred: java.lang.NoClassDefFoundError: Could not initialize class org.jetbrains.kotlin.com.intellij.openapi.progress.impl.CoreProgressManager
	at java.base/jdk.internal.reflect.NativeConstructorAccessorImpl.newInstance0(Native Method)
	at java.base/jdk.internal.reflect.NativeConstructorAccessorImpl.newInstance(NativeConstructorAccessorImpl.java:62)
	at java.base/jdk.internal.reflect.DelegatingConstructorAccessorImpl.newInstance(DelegatingConstructorAccessorImpl.java:45)
12:20:05.985 [INFO]  [Creating] 
================================================================================
= Creating tests for 'io.gitlab.arturbosch.detekt.cli.DetektProgressListener.onProcess:(Lorg/jetbrains/kotlin/psi/KtFile;)V' using 'SiM (!sp, fnm, df, !ris)'
================================================================================
12:20:06.027 [INFO]  [Creating] Could not load class: Could not initialize class org.jetbrains.kotlin.com.intellij.openapi.progress.impl.CoreProgressManager
12:20:06.027 [INFO]  [Creating] An exception occurred: java.lang.NoClassDefFoundError: Could not initialize class org.jetbrains.kotlin.com.intellij.openapi.progress.impl.CoreProgressManager
	at java.base/jdk.internal.reflect.NativeConstructorAccessorImpl.newInstance0(Native Method)
	at java.base/jdk.internal.reflect.NativeConstructorAccessorImpl.newInstance(NativeConstructorAccessorImpl.java:62)
	at java.base/jdk.internal.reflect.DelegatingConstructorAccessorImpl.newInstance(DelegatingConstructorAccessorImpl.java:45)
12:20:06.033 [INFO]  [Creating]      [66/112] io.gitlab.arturbosch.detekt.cli.DetektProgressListener.onProcess
12:20:06.033 [INFO]  [Creating]      [66/112]   R011: Sandboxing policy violation
12:20:06.033 [INFO]  [Creating]      [66/112]     Diffblue Cover ran code in your project that tried
12:20:06.033 [INFO]  [Creating]      [66/112]       to access 'sun.misc'.
12:20:06.033 [INFO]  [Creating]      [66/112]     Diffblue Cover's default sandboxing policy disallows this in order to prevent
12:20:06.033 [INFO]  [Creating]      [66/112]     your code from damaging your system environment.
12:20:06.033 [INFO]  [Creating]      [66/112]     See https://diff.blue/R011 to resolve this issue.
12:20:06.034 [INFO]  [Creating] 
================================================================================
= Creating tests for 'io.gitlab.arturbosch.detekt.cli.DetektProgressListener.onProcess:(Lorg/jetbrains/kotlin/psi/KtFile;Lorg/jetbrains/kotlin/resolve/BindingContext;)V' using 'SiM (!sp, fnm, df, !ris)'
================================================================================
12:20:06.077 [INFO]  [Creating] Could not load class: Could not initialize class org.jetbrains.kotlin.com.intellij.openapi.progress.impl.CoreProgressManager
12:20:06.077 [INFO]  [Creating] An exception occurred: java.lang.NoClassDefFoundError: Could not initialize class org.jetbrains.kotlin.com.intellij.openapi.progress.impl.CoreProgressManager
	at java.base/jdk.internal.reflect.NativeConstructorAccessorImpl.newInstance0(Native Method)
	at java.base/jdk.internal.reflect.NativeConstructorAccessorImpl.newInstance(NativeConstructorAccessorImpl.java:62)
	at java.base/jdk.internal.reflect.DelegatingConstructorAccessorImpl.newInstance(DelegatingConstructorAccessorImpl.java:45)
12:20:06.081 [INFO]  [Creating]      [67/112] io.gitlab.arturbosch.detekt.cli.DetektProgressListener.onProcess
12:20:06.081 [INFO]  [Creating]      [67/112]   R011: Sandboxing policy violation
12:20:06.081 [INFO]  [Creating]      [67/112]     Diffblue Cover ran code in your project that tried
12:20:06.082 [INFO]  [Creating]      [67/112]       to access 'sun.misc'.
12:20:06.082 [INFO]  [Creating]      [67/112]     Diffblue Cover's default sandboxing policy disallows this in order to prevent
12:20:06.082 [INFO]  [Creating]      [67/112]     your code from damaging your system environment.
12:20:06.082 [INFO]  [Creating]      [67/112]     See https://diff.blue/R011 to resolve this issue.
12:20:06.082 [INFO]  [Creating] 
================================================================================
= Creating tests for 'io.gitlab.arturbosch.detekt.cli.DetektProgressListener.onProcessComplete:(Lorg/jetbrains/kotlin/psi/KtFile;Ljava/util/Map;)V' using 'SiM (!sp, fnm, df, !ris)'
================================================================================
12:20:06.159 [INFO]  [Creating] Could not load class: Could not initialize class org.jetbrains.kotlin.com.intellij.openapi.progress.impl.CoreProgressManager
12:20:06.159 [INFO]  [Creating] An exception occurred: java.lang.NoClassDefFoundError: Could not initialize class org.jetbrains.kotlin.com.intellij.openapi.progress.impl.CoreProgressManager
	at java.base/jdk.internal.reflect.NativeConstructorAccessorImpl.newInstance0(Native Method)
	at java.base/jdk.internal.reflect.NativeConstructorAccessorImpl.newInstance(NativeConstructorAccessorImpl.java:62)
	at java.base/jdk.internal.reflect.DelegatingConstructorAccessorImpl.newInstance(DelegatingConstructorAccessorImpl.java:45)
12:20:06.163 [INFO]  [Creating]      [68/112] io.gitlab.arturbosch.detekt.cli.DetektProgressListener.onProcessComplete
12:20:06.163 [INFO]  [Creating]      [68/112]   R011: Sandboxing policy violation
12:20:06.163 [INFO]  [Creating]      [68/112]     Diffblue Cover ran code in your project that tried
12:20:06.163 [INFO]  [Creating]      [68/112]       to access 'sun.misc'.
12:20:06.163 [INFO]  [Creating]      [68/112]     Diffblue Cover's default sandboxing policy disallows this in order to prevent
12:20:06.163 [INFO]  [Creating]      [68/112]     your code from damaging your system environment.
12:20:06.163 [INFO]  [Creating]      [68/112]     See https://diff.blue/R011 to resolve this issue.
12:20:06.164 [INFO]  [Creating] 
================================================================================
= Creating tests for 'io.gitlab.arturbosch.detekt.cli.DetektProgressListener.onProcessComplete:(Lorg/jetbrains/kotlin/psi/KtFile;Ljava/util/Map;Lorg/jetbrains/kotlin/resolve/BindingContext;)V' using 'SiM (!sp, fnm, df, !ris)'
================================================================================
12:20:06.275 [INFO]  [Creating] Could not load class: Could not initialize class org.jetbrains.kotlin.com.intellij.openapi.progress.impl.CoreProgressManager
12:20:06.275 [INFO]  [Creating] An exception occurred: java.lang.NoClassDefFoundError: Could not initialize class org.jetbrains.kotlin.com.intellij.openapi.progress.impl.CoreProgressManager
	at java.base/jdk.internal.reflect.NativeConstructorAccessorImpl.newInstance0(Native Method)
	at java.base/jdk.internal.reflect.NativeConstructorAccessorImpl.newInstance(NativeConstructorAccessorImpl.java:62)
	at java.base/jdk.internal.reflect.DelegatingConstructorAccessorImpl.newInstance(DelegatingConstructorAccessorImpl.java:45)
12:20:06.279 [INFO]  [Creating]      [69/112] io.gitlab.arturbosch.detekt.cli.DetektProgressListener.onProcessComplete
12:20:06.279 [INFO]  [Creating]      [69/112]   R011: Sandboxing policy violation
12:20:06.279 [INFO]  [Creating]      [69/112]     Diffblue Cover ran code in your project that tried
12:20:06.279 [INFO]  [Creating]      [69/112]       to access 'sun.misc'.
12:20:06.279 [INFO]  [Creating]      [69/112]     Diffblue Cover's default sandboxing policy disallows this in order to prevent
12:20:06.279 [INFO]  [Creating]      [69/112]     your code from damaging your system environment.
12:20:06.279 [INFO]  [Creating]      [69/112]     See https://diff.blue/R011 to resolve this issue.
12:20:06.280 [INFO]  [Creating] 
================================================================================
= Creating tests for 'io.gitlab.arturbosch.detekt.cli.DetektProgressListener.onStart:(Ljava/util/List;)V' using 'SiM (!sp, fnm, df, !ris)'
================================================================================
12:20:06.342 [INFO]  [Creating] Could not load class: Could not initialize class org.jetbrains.kotlin.com.intellij.openapi.progress.impl.CoreProgressManager
12:20:06.342 [INFO]  [Creating] An exception occurred: java.lang.NoClassDefFoundError: Could not initialize class org.jetbrains.kotlin.com.intellij.openapi.progress.impl.CoreProgressManager
	at java.base/jdk.internal.reflect.NativeConstructorAccessorImpl.newInstance0(Native Method)
	at java.base/jdk.internal.reflect.NativeConstructorAccessorImpl.newInstance(NativeConstructorAccessorImpl.java:62)
	at java.base/jdk.internal.reflect.DelegatingConstructorAccessorImpl.newInstance(DelegatingConstructorAccessorImpl.java:45)
12:20:06.347 [INFO]  [Creating]      [70/112] io.gitlab.arturbosch.detekt.cli.DetektProgressListener.onStart
12:20:06.347 [INFO]  [Creating]      [70/112]   R011: Sandboxing policy violation
12:20:06.347 [INFO]  [Creating]      [70/112]     Diffblue Cover ran code in your project that tried
12:20:06.347 [INFO]  [Creating]      [70/112]       to access 'sun.misc'.
12:20:06.347 [INFO]  [Creating]      [70/112]     Diffblue Cover's default sandboxing policy disallows this in order to prevent
12:20:06.347 [INFO]  [Creating]      [70/112]     your code from damaging your system environment.
12:20:06.347 [INFO]  [Creating]      [70/112]     See https://diff.blue/R011 to resolve this issue.
12:20:06.349 [INFO]  [Creating] 
================================================================================
= Creating tests for 'io.gitlab.arturbosch.detekt.cli.DetektProgressListener.onStart:(Ljava/util/List;Lorg/jetbrains/kotlin/resolve/BindingContext;)V' using 'SiM (!sp, fnm, df, !ris)'
================================================================================
12:20:06.421 [INFO]  [Creating]      [71/112] io.gitlab.arturbosch.detekt.cli.DetektProgressListener.onStart
12:20:06.421 [INFO]  [Creating]      [71/112]   R011: Sandboxing policy violation
12:20:06.421 [INFO]  [Creating]      [71/112]     Diffblue Cover ran code in your project that tried
12:20:06.421 [INFO]  [Creating]      [71/112]       to access 'sun.misc'.
12:20:06.421 [INFO]  [Creating]      [71/112]     Diffblue Cover's default sandboxing policy disallows this in order to prevent
12:20:06.421 [INFO]  [Creating]      [71/112]     your code from damaging your system environment.
12:20:06.421 [INFO]  [Creating]      [71/112]     See https://diff.blue/R011 to resolve this issue.
12:20:06.416 [INFO]  [Creating] Could not load class: Could not initialize class org.jetbrains.kotlin.com.intellij.openapi.progress.impl.CoreProgressManager
12:20:06.416 [INFO]  [Creating] An exception occurred: java.lang.NoClassDefFoundError: Could not initialize class org.jetbrains.kotlin.com.intellij.openapi.progress.impl.CoreProgressManager
	at java.base/jdk.internal.reflect.NativeConstructorAccessorImpl.newInstance0(Native Method)
	at java.base/jdk.internal.reflect.NativeConstructorAccessorImpl.newInstance(NativeConstructorAccessorImpl.java:62)
	at java.base/jdk.internal.reflect.DelegatingConstructorAccessorImpl.newInstance(DelegatingConstructorAccessorImpl.java:45)
12:20:06.423 [INFO]  [Creating]  [6/23] io.gitlab.arturbosch.detekt.cli.DetektProgressListener
12:20:06.423 [INFO]  [Creating]  [6/23]   Tests created: 3
12:20:06.424 [INFO]  [Creating] 
================================================================================
= Starting analysis for class 'io.gitlab.arturbosch.detekt.cli.ExistingPathConverter'
================================================================================
12:20:06.424 [INFO]  [Creating] Filtering out non-testable methods...
12:20:06.424 [INFO]  [Creating] Filtering of methods complete. Creating analysis request
12:20:06.424 [INFO]  [Creating] Attempting to get service client, retry 1.
12:20:06.478 [INFO]  [Creating] 
================================================================================
= Creating tests for 'io.gitlab.arturbosch.detekt.cli.ExistingPathConverter.<init>:()V' using 'TrM (!sp, !fnm, df, !ris)'
================================================================================
12:20:06.496 [INFO]  [Creating]      [72/112] io.gitlab.arturbosch.detekt.cli.ExistingPathConverter.<init>
12:20:06.496 [INFO]  [Creating]      [72/112]   R002: Missing observers
12:20:06.496 [INFO]  [Creating]      [72/112]     Diffblue Cover was unable to create an assertion.
12:20:06.496 [INFO]  [Creating]      [72/112]     There are no fields that could be asserted on.
12:20:06.497 [INFO]  [Creating] 
================================================================================
= Creating tests for 'io.gitlab.arturbosch.detekt.cli.ExistingPathConverter.convert:(Ljava/lang/String;)Ljava/nio/file/Path;' using 'SiM (!sp, fnm, df, !ris)'
================================================================================
12:20:07.529 [INFO]  [Creating]      [73/112] io.gitlab.arturbosch.detekt.cli.ExistingPathConverter.convert
12:20:07.529 [INFO]  [Creating]      [73/112]   Tests created: 2
12:20:07.531 [INFO]  [Creating]  [7/23] io.gitlab.arturbosch.detekt.cli.ExistingPathConverter
12:20:07.531 [INFO]  [Creating]  [7/23]   Tests created: 2
12:20:07.531 [INFO]  [Creating] 
================================================================================
= Starting analysis for class 'io.gitlab.arturbosch.detekt.cli.HandledArgumentViolation'
================================================================================
12:20:07.531 [INFO]  [Creating] Filtering out non-testable methods...
12:20:07.531 [INFO]  [Creating] Filtering of methods complete. Creating analysis request
12:20:07.531 [INFO]  [Creating] Attempting to get service client, retry 1.
12:20:07.559 [INFO]  [Creating] 
================================================================================
= Creating tests for 'io.gitlab.arturbosch.detekt.cli.HandledArgumentViolation.getUsageText:()Ljava/lang/String;' using 'TrM (!sp, !fnm, df, !ris)'
================================================================================
12:20:07.688 [INFO]  [Creating]      [74/112] io.gitlab.arturbosch.detekt.cli.HandledArgumentViolation.getUsageText
12:20:07.688 [INFO]  [Creating]      [74/112]   Tests created: 1
12:20:07.689 [INFO]  [Creating] 
================================================================================
= Creating tests for 'io.gitlab.arturbosch.detekt.cli.HandledArgumentViolation.<init>:(Ljava/lang/String;Ljava/lang/String;)V' using 'SiM (!sp, fnm, df, !ris)'
================================================================================
12:20:07.952 [INFO]  [Creating]      [75/112] io.gitlab.arturbosch.detekt.cli.HandledArgumentViolation.<init>
12:20:07.952 [INFO]  [Creating]      [75/112]   Tests created: 1
12:20:07.954 [INFO]  [Creating]  [8/23] io.gitlab.arturbosch.detekt.cli.HandledArgumentViolation
12:20:07.954 [INFO]  [Creating]  [8/23]   Tests created: 2
12:20:07.955 [INFO]  [Creating] 
================================================================================
= Starting analysis for class 'io.gitlab.arturbosch.detekt.cli.HelpRequest'
================================================================================
12:20:07.955 [INFO]  [Creating] Filtering out non-testable methods...
12:20:07.955 [INFO]  [Creating] Filtering of methods complete. Creating analysis request
12:20:07.955 [INFO]  [Creating] Attempting to get service client, retry 1.
12:20:07.978 [INFO]  [Creating] 
================================================================================
= Creating tests for 'io.gitlab.arturbosch.detekt.cli.HelpRequest.getUsageText:()Ljava/lang/String;' using 'TrM (!sp, !fnm, df, !ris)'
================================================================================
12:20:08.097 [INFO]  [Creating]      [76/112] io.gitlab.arturbosch.detekt.cli.HelpRequest.getUsageText
12:20:08.097 [INFO]  [Creating]      [76/112]   Tests created: 1
12:20:08.098 [INFO]  [Creating] 
================================================================================
= Creating tests for 'io.gitlab.arturbosch.detekt.cli.HelpRequest.<init>:(Ljava/lang/String;)V' using 'SiM (!sp, fnm, df, !ris)'
================================================================================
12:20:08.285 [INFO]  [Creating]      [77/112] io.gitlab.arturbosch.detekt.cli.HelpRequest.<init>
12:20:08.285 [INFO]  [Creating]      [77/112]   Tests created: 1
12:20:08.287 [INFO]  [Creating]  [9/23] io.gitlab.arturbosch.detekt.cli.HelpRequest
12:20:08.287 [INFO]  [Creating]  [9/23]   Tests created: 2
12:20:08.287 [INFO]  [Creating] 
================================================================================
= Starting analysis for class 'io.gitlab.arturbosch.detekt.cli.JCommanderKt'
================================================================================
12:20:08.287 [INFO]  [Creating] Filtering out non-testable methods...
12:20:08.287 [INFO]  [Creating] Filtering of methods complete. Creating analysis request
12:20:08.287 [INFO]  [Creating] Attempting to get service client, retry 1.
12:20:08.393 [INFO]  [Creating] 
================================================================================
= Creating tests for 'io.gitlab.arturbosch.detekt.cli.JCommanderKt.parseArguments:([Ljava/lang/String;)Lio/gitlab/arturbosch/detekt/cli/CliArgs;' using 'SiM (!sp, fnm, df, !ris)'
================================================================================
12:20:10.282 [INFO]  [Creating]      [78/112] io.gitlab.arturbosch.detekt.cli.JCommanderKt.parseArguments
12:20:10.282 [INFO]  [Creating]      [78/112]   Tests created: 3
12:20:10.284 [INFO]  [Creating] [10/23] io.gitlab.arturbosch.detekt.cli.JCommanderKt
12:20:10.284 [INFO]  [Creating] [10/23]   Tests created: 3
12:20:10.284 [INFO]  [Creating] 
================================================================================
= Starting analysis for class 'io.gitlab.arturbosch.detekt.cli.LanguageVersionConverter'
================================================================================
12:20:10.284 [INFO]  [Creating] Filtering out non-testable methods...
12:20:10.289 [INFO]  [Creating] Filtering of methods complete. Creating analysis request
12:20:10.289 [INFO]  [Creating] Attempting to get service client, retry 1.
12:20:10.317 [INFO]  [Creating] 
================================================================================
= Creating tests for 'io.gitlab.arturbosch.detekt.cli.LanguageVersionConverter.<init>:()V' using 'TrM (!sp, !fnm, df, !ris)'
================================================================================
12:20:10.338 [INFO]  [Creating]      [79/112] io.gitlab.arturbosch.detekt.cli.LanguageVersionConverter.<init>
12:20:10.338 [INFO]  [Creating]      [79/112]   R002: Missing observers
12:20:10.338 [INFO]  [Creating]      [79/112]     Diffblue Cover was unable to create an assertion.
12:20:10.338 [INFO]  [Creating]      [79/112]     There are no fields that could be asserted on.
12:20:10.339 [INFO]  [Creating] 
================================================================================
= Creating tests for 'io.gitlab.arturbosch.detekt.cli.LanguageVersionConverter.convert:(Ljava/lang/String;)Lorg/jetbrains/kotlin/config/LanguageVersion;' using 'SiM (!sp, fnm, df, !ris)'
================================================================================
12:20:11.494 [INFO]  [Creating]      [80/112] io.gitlab.arturbosch.detekt.cli.LanguageVersionConverter.convert
12:20:11.494 [INFO]  [Creating]      [80/112]   Tests created: 2
12:20:11.496 [INFO]  [Creating] [11/23] io.gitlab.arturbosch.detekt.cli.LanguageVersionConverter
12:20:11.496 [INFO]  [Creating] [11/23]   Tests created: 2
12:20:11.496 [INFO]  [Creating] 
================================================================================
= Starting analysis for class 'io.gitlab.arturbosch.detekt.cli.Main'
================================================================================
12:20:11.496 [INFO]  [Creating] Filtering out non-testable methods...
12:20:11.500 [INFO]  [Creating]      [81/112] io.gitlab.arturbosch.detekt.cli.Main.main
12:20:11.500 [INFO]  [Creating]      [81/112]   T006: Main method
12:20:11.500 [INFO]  [Creating]      [81/112]     It is difficult to assert on side effects of main methods in a unit test.
12:20:11.500 [INFO]  [Creating]      [81/112]     Refactor the main method. E.g. factor out its body into a separate,
12:20:11.500 [INFO]  [Creating]      [81/112]     accessible method that returns the results that should be asserted on.
12:20:11.500 [INFO]  [Creating]      [81/112]     See https://diff.blue/T006 for information on testing main methods.
12:20:11.501 [INFO]  [Creating] Filtering of methods complete. Creating analysis request
12:20:11.501 [INFO]  [Creating] Attempting to get service client, retry 1.
12:20:11.522 [INFO]  [Creating] 
================================================================================
= Creating tests for 'io.gitlab.arturbosch.detekt.cli.Main.buildRunner:([Ljava/lang/String;Ljava/io/PrintStream;Ljava/io/PrintStream;)Lio/gitlab/arturbosch/detekt/cli/runners/Executable;' using 'SiM (!sp, fnm, df, !ris)'
================================================================================
12:20:12.990 [INFO]  [Creating]      [82/112] io.gitlab.arturbosch.detekt.cli.Main.buildRunner
12:20:12.990 [INFO]  [Creating]      [82/112]   R011: Sandboxing policy violation
12:20:12.990 [INFO]  [Creating]      [82/112]     Diffblue Cover ran code in your project that tried
12:20:12.991 [INFO]  [Creating]      [82/112]       to access files (file 'foo', permission 'write').
12:20:12.991 [INFO]  [Creating]      [82/112]     Diffblue Cover's default sandboxing policy disallows this in order to prevent
12:20:12.991 [INFO]  [Creating]      [82/112]     your code from damaging your system environment.
12:20:12.991 [INFO]  [Creating]      [82/112]     See https://diff.blue/R011 to resolve this issue.
12:20:12.992 [INFO]  [Creating] [12/23] io.gitlab.arturbosch.detekt.cli.Main
12:20:12.993 [INFO]  [Creating] [12/23]   Tests created: 0
12:20:12.993 [INFO]  [Creating] 
================================================================================
= Starting analysis for class 'io.gitlab.arturbosch.detekt.cli.MultipleClasspathResourceConverter'
================================================================================
12:20:12.993 [INFO]  [Creating] Filtering out non-testable methods...
12:20:12.993 [INFO]  [Creating] Filtering of methods complete. Creating analysis request
12:20:12.993 [INFO]  [Creating] Attempting to get service client, retry 1.
12:20:13.018 [INFO]  [Creating] 
================================================================================
= Creating tests for 'io.gitlab.arturbosch.detekt.cli.MultipleClasspathResourceConverter.<init>:()V' using 'SiM (!sp, fnm, df, !ris)'
================================================================================
12:20:13.043 [INFO]  [Creating]      [83/112] io.gitlab.arturbosch.detekt.cli.MultipleClasspathResourceConverter.<init>
12:20:13.043 [INFO]  [Creating]      [83/112]   R002: Missing observers
12:20:13.043 [INFO]  [Creating]      [83/112]     Diffblue Cover was unable to create an assertion.
12:20:13.043 [INFO]  [Creating]      [83/112]     Add getters for the following fields or make them package-private:
12:20:13.043 [INFO]  [Creating]      [83/112]       MultipleClasspathResourceConverter.converter
12:20:13.044 [INFO]  [Creating] 
================================================================================
= Creating tests for 'io.gitlab.arturbosch.detekt.cli.MultipleClasspathResourceConverter.convert:(Ljava/lang/String;)Ljava/util/List;' using 'SiM (!sp, fnm, df, !ris)'
================================================================================
12:20:14.218 [INFO]  [Creating]      [84/112] io.gitlab.arturbosch.detekt.cli.MultipleClasspathResourceConverter.convert
12:20:14.218 [INFO]  [Creating]      [84/112]   Tests created: 1
12:20:14.219 [INFO]  [Creating] 
================================================================================
= Creating tests for 'io.gitlab.arturbosch.detekt.cli.MultipleClasspathResourceConverter.getConverter:()Lio/gitlab/arturbosch/detekt/cli/ClasspathResourceConverter;' using 'SiM (!sp, fnm, df, !ris)'
================================================================================
12:20:15.312 [INFO]  [Creating]      [85/112] io.gitlab.arturbosch.detekt.cli.MultipleClasspathResourceConverter.getConverter
12:20:15.312 [INFO]  [Creating]      [85/112]   R013: No inputs found that don't throw a trivial exception
12:20:15.312 [INFO]  [Creating]      [85/112]     Diffblue Cover tried to run the arrange/act section, but the test threw
12:20:15.312 [INFO]  [Creating]      [85/112]     com.beust.jcommander.ParameterException: Classpath resource 'Resource' does not exist!
12:20:15.312 [INFO]  [Creating]      [85/112]         at io.gitlab.arturbosch.detekt.cli.ClasspathResourceConverter.convert(ArgumentConverters.kt:58)
12:20:15.312 [INFO]  [Creating]      [85/112]     In order to prevent getConverter()
12:20:15.312 [INFO]  [Creating]      [85/112]     from throwing ParameterException, add constructors or factory
12:20:15.312 [INFO]  [Creating]      [85/112]     methods that make it easier to construct fully initialized objects used in
12:20:15.312 [INFO]  [Creating]      [85/112]     getConverter().
12:20:15.312 [INFO]  [Creating]      [85/112]     See https://diff.blue/R013 to resolve this issue.
12:20:15.314 [INFO]  [Creating] [13/23] io.gitlab.arturbosch.detekt.cli.MultipleClasspathResourceConverter
12:20:15.314 [INFO]  [Creating] [13/23]   Tests created: 1
12:20:15.314 [INFO]  [Creating] 
================================================================================
= Starting analysis for class 'io.gitlab.arturbosch.detekt.cli.MultipleExistingPathConverter'
================================================================================
12:20:15.314 [INFO]  [Creating] Filtering out non-testable methods...
12:20:15.314 [INFO]  [Creating] Filtering of methods complete. Creating analysis request
12:20:15.314 [INFO]  [Creating] Attempting to get service client, retry 1.
12:20:15.349 [INFO]  [Creating] 
================================================================================
= Creating tests for 'io.gitlab.arturbosch.detekt.cli.MultipleExistingPathConverter.<init>:()V' using 'SiM (!sp, fnm, df, !ris)'
================================================================================
12:20:15.372 [INFO]  [Creating]      [86/112] io.gitlab.arturbosch.detekt.cli.MultipleExistingPathConverter.<init>
12:20:15.372 [INFO]  [Creating]      [86/112]   R002: Missing observers
12:20:15.372 [INFO]  [Creating]      [86/112]     Diffblue Cover was unable to create an assertion.
12:20:15.372 [INFO]  [Creating]      [86/112]     Add getters for the following fields or make them package-private:
12:20:15.372 [INFO]  [Creating]      [86/112]       MultipleExistingPathConverter.converter
12:20:15.373 [INFO]  [Creating] 
================================================================================
= Creating tests for 'io.gitlab.arturbosch.detekt.cli.MultipleExistingPathConverter.convert:(Ljava/lang/String;)Ljava/util/List;' using 'SiM (!sp, fnm, df, !ris)'
================================================================================
12:20:16.686 [INFO]  [Creating]      [87/112] io.gitlab.arturbosch.detekt.cli.MultipleExistingPathConverter.convert
12:20:16.687 [INFO]  [Creating]      [87/112]   R013: No inputs found that don't throw a trivial exception
12:20:16.687 [INFO]  [Creating]      [87/112]     Diffblue Cover tried to run the arrange/act section, but the test threw
12:20:16.687 [INFO]  [Creating]      [87/112]     com.beust.jcommander.ParameterException: Provided path '42' does not exist!
12:20:16.687 [INFO]  [Creating]      [87/112]         at io.gitlab.arturbosch.detekt.cli.ExistingPathConverter.convert(ArgumentConverters.kt:16)
12:20:16.687 [INFO]  [Creating]      [87/112]         at io.gitlab.arturbosch.detekt.cli.ExistingPathConverter.convert(ArgumentConverters.kt:11)
12:20:16.687 [INFO]  [Creating]      [87/112]         at io.gitlab.arturbosch.detekt.cli.DetektInputPathConverter$convert$2.invoke(ArgumentConverters.kt:31)
12:20:16.687 [INFO]  [Creating]      [87/112]         at io.gitlab.arturbosch.detekt.cli.DetektInputPathConverter$convert$2.invoke(ArgumentConverters.kt:31)
12:20:16.687 [INFO]  [Creating]      [87/112]         at kotlin.sequences.TransformingSequence$iterator$1.next(Sequences.kt:210)
12:20:16.687 [INFO]  [Creating]      [87/112]         at kotlin.sequences.SequencesKt___SequencesKt.toCollection(_Sequences.kt:787)
12:20:16.687 [INFO]  [Creating]      [87/112]         at kotlin.sequences.SequencesKt___SequencesKt.toMutableList(_Sequences.kt:817)
12:20:16.687 [INFO]  [Creating]      [87/112]         at kotlin.sequences.SequencesKt___SequencesKt.toList(_Sequences.kt:808)
12:20:16.687 [INFO]  [Creating]      [87/112]         at io.gitlab.arturbosch.detekt.cli.DetektInputPathConverter$DefaultImpls.convert(ArgumentConverters.kt:32)
12:20:16.687 [INFO]  [Creating]      [87/112]         at io.gitlab.arturbosch.detekt.cli.MultipleExistingPathConverter.convert(ArgumentConverters.kt:41)
12:20:16.687 [INFO]  [Creating]      [87/112]     In order to prevent convert(String)
12:20:16.687 [INFO]  [Creating]      [87/112]     from throwing ParameterException, add constructors or factory
12:20:16.687 [INFO]  [Creating]      [87/112]     methods that make it easier to construct fully initialized objects used in
12:20:16.687 [INFO]  [Creating]      [87/112]     convert(String).
12:20:16.687 [INFO]  [Creating]      [87/112]     See https://diff.blue/R013 to resolve this issue.
12:20:16.688 [INFO]  [Creating] 
================================================================================
= Creating tests for 'io.gitlab.arturbosch.detekt.cli.MultipleExistingPathConverter.getConverter:()Lio/gitlab/arturbosch/detekt/cli/ExistingPathConverter;' using 'SiM (!sp, fnm, df, !ris)'
================================================================================
12:20:18.081 [INFO]  [Creating]      [88/112] io.gitlab.arturbosch.detekt.cli.MultipleExistingPathConverter.getConverter
12:20:18.081 [INFO]  [Creating]      [88/112]   R013: No inputs found that don't throw a trivial exception
12:20:18.081 [INFO]  [Creating]      [88/112]     Diffblue Cover tried to run the arrange/act section, but the test threw
12:20:18.081 [INFO]  [Creating]      [88/112]     com.beust.jcommander.ParameterException: Provided path '42' does not exist!
12:20:18.081 [INFO]  [Creating]      [88/112]         at io.gitlab.arturbosch.detekt.cli.ExistingPathConverter.convert(ArgumentConverters.kt:16)
12:20:18.081 [INFO]  [Creating]      [88/112]     In order to prevent getConverter()
12:20:18.081 [INFO]  [Creating]      [88/112]     from throwing ParameterException, add constructors or factory
12:20:18.081 [INFO]  [Creating]      [88/112]     methods that make it easier to construct fully initialized objects used in
12:20:18.081 [INFO]  [Creating]      [88/112]     getConverter().
12:20:18.081 [INFO]  [Creating]      [88/112]     See https://diff.blue/R013 to resolve this issue.
12:20:18.083 [INFO]  [Creating] [14/23] io.gitlab.arturbosch.detekt.cli.MultipleExistingPathConverter
12:20:18.083 [INFO]  [Creating] [14/23]   Tests created: 0
12:20:18.083 [INFO]  [Creating] 
================================================================================
= Starting analysis for class 'io.gitlab.arturbosch.detekt.cli.PathConverter'
================================================================================
12:20:18.083 [INFO]  [Creating] Filtering out non-testable methods...
12:20:18.086 [INFO]  [Creating] Filtering of methods complete. Creating analysis request
12:20:18.086 [INFO]  [Creating] Attempting to get service client, retry 1.
12:20:18.111 [INFO]  [Creating] 
================================================================================
= Creating tests for 'io.gitlab.arturbosch.detekt.cli.PathConverter.<init>:()V' using 'TrM (!sp, !fnm, df, !ris)'
================================================================================
12:20:18.130 [INFO]  [Creating]      [89/112] io.gitlab.arturbosch.detekt.cli.PathConverter.<init>
12:20:18.130 [INFO]  [Creating]      [89/112]   R002: Missing observers
12:20:18.130 [INFO]  [Creating]      [89/112]     Diffblue Cover was unable to create an assertion.
12:20:18.130 [INFO]  [Creating]      [89/112]     There are no fields that could be asserted on.
12:20:18.131 [INFO]  [Creating] 
================================================================================
= Creating tests for 'io.gitlab.arturbosch.detekt.cli.PathConverter.convert:(Ljava/lang/String;)Ljava/nio/file/Path;' using 'SiM (!sp, fnm, df, !ris)'
================================================================================
12:20:18.593 [INFO]  [Creating]      [90/112] io.gitlab.arturbosch.detekt.cli.PathConverter.convert
12:20:18.593 [INFO]  [Creating]      [90/112]   Diffblue AI was unable to find a test
12:20:18.596 [INFO]  [Creating] [15/23] io.gitlab.arturbosch.detekt.cli.PathConverter
12:20:18.596 [INFO]  [Creating] [15/23]   Tests created: 0
12:20:18.596 [INFO]  [Creating] 
================================================================================
= Starting analysis for class 'io.gitlab.arturbosch.detekt.cli.ReportPath'
================================================================================
12:20:18.596 [INFO]  [Creating] Filtering out non-testable methods...
12:20:18.602 [INFO]  [Creating] Filtering of methods complete. Creating analysis request
12:20:18.602 [INFO]  [Creating] Attempting to get service client, retry 1.
12:20:18.639 [INFO]  [Creating] 
================================================================================
= Creating tests for 'io.gitlab.arturbosch.detekt.cli.ReportPath.getKind:()Ljava/lang/String;, io.gitlab.arturbosch.detekt.cli.ReportPath.getPath:()Ljava/nio/file/Path;, io.gitlab.arturbosch.detekt.cli.ReportPath.toString:()Ljava/lang/String;' using 'TrM (!sp, !fnm, df, !ris)'
================================================================================
12:20:18.825 [INFO]  [Creating]      [91/112] io.gitlab.arturbosch.detekt.cli.ReportPath.getKind
12:20:18.825 [INFO]  [Creating]      [92/112] io.gitlab.arturbosch.detekt.cli.ReportPath.getPath
12:20:18.825 [INFO]  [Creating]      [93/112] io.gitlab.arturbosch.detekt.cli.ReportPath.toString
12:20:18.825 [INFO]  [Creating]      [93/112]   Tests created: 1
12:20:18.826 [INFO]  [Creating] 
================================================================================
= Creating tests for 'io.gitlab.arturbosch.detekt.cli.ReportPath.equals:(Ljava/lang/Object;)Z, io.gitlab.arturbosch.detekt.cli.ReportPath.hashCode:()I' using 'EqH (!sp, !fnm, df, !ris)'
================================================================================
12:20:20.359 [INFO]  [Creating]      [94/112] io.gitlab.arturbosch.detekt.cli.ReportPath.equals
12:20:20.359 [INFO]  [Creating]      [95/112] io.gitlab.arturbosch.detekt.cli.ReportPath.hashCode
12:20:20.359 [INFO]  [Creating]      [95/112]   Tests created: 6
12:20:20.360 [INFO]  [Creating] 
================================================================================
= Creating tests for 'io.gitlab.arturbosch.detekt.cli.ReportPath.<init>:(Ljava/lang/String;Ljava/nio/file/Path;)V' using 'SiM (!sp, fnm, df, !ris)'
================================================================================
12:20:20.758 [INFO]  [Creating]      [96/112] io.gitlab.arturbosch.detekt.cli.ReportPath.<init>
12:20:20.758 [INFO]  [Creating]      [96/112]   Tests created: 1
12:20:20.759 [INFO]  [Creating] 
================================================================================
= Creating tests for 'io.gitlab.arturbosch.detekt.cli.ReportPath.component1:()Ljava/lang/String;' using 'SiM (!sp, fnm, df, !ris)'
================================================================================
12:20:21.023 [INFO]  [Creating]      [97/112] io.gitlab.arturbosch.detekt.cli.ReportPath.component1
12:20:21.023 [INFO]  [Creating]      [97/112]   Tests created: 1
12:20:21.024 [INFO]  [Creating] 
================================================================================
= Creating tests for 'io.gitlab.arturbosch.detekt.cli.ReportPath.component2:()Ljava/nio/file/Path;' using 'SiM (!sp, fnm, df, !ris)'
================================================================================
12:20:21.311 [INFO]  [Creating]      [98/112] io.gitlab.arturbosch.detekt.cli.ReportPath.component2
12:20:21.311 [INFO]  [Creating]      [98/112]   Tests created: 1
12:20:21.313 [INFO]  [Creating] 
================================================================================
= Creating tests for 'io.gitlab.arturbosch.detekt.cli.ReportPath.copy:(Ljava/lang/String;Ljava/nio/file/Path;)Lio/gitlab/arturbosch/detekt/cli/ReportPath;' using 'SiM (!sp, fnm, df, !ris)'
================================================================================
12:20:22.264 [INFO]  [Creating]      [99/112] io.gitlab.arturbosch.detekt.cli.ReportPath.copy
12:20:22.264 [INFO]  [Creating]      [99/112]   Tests created: 1
12:20:22.267 [INFO]  [Creating] [16/23] io.gitlab.arturbosch.detekt.cli.ReportPath
12:20:22.267 [INFO]  [Creating] [16/23]   Tests created: 11
12:20:22.267 [INFO]  [Creating] 
================================================================================
= Starting analysis for class 'io.gitlab.arturbosch.detekt.cli.ReportPath$Companion'
================================================================================
12:20:22.267 [INFO]  [Creating] Filtering out non-testable methods...
12:20:22.267 [INFO]  [Creating] Filtering of methods complete. Creating analysis request
12:20:22.267 [INFO]  [Creating] Attempting to get service client, retry 1.
12:20:22.287 [INFO]  [Creating] 
================================================================================
= Creating tests for 'io.gitlab.arturbosch.detekt.cli.ReportPath$Companion.from:(Ljava/lang/String;)Lio/gitlab/arturbosch/detekt/cli/ReportPath;' using 'SiM (!sp, fnm, df, !ris)'
================================================================================
12:20:22.343 [INFO]  [Creating]     [100/112] io.gitlab.arturbosch.detekt.cli.ReportPath$Companion.from
12:20:22.343 [INFO]  [Creating]     [100/112]   R083: Can't find a suitable constructor
12:20:22.343 [INFO]  [Creating]     [100/112]     Diffblue Cover was unable to construct an instance of ReportPath.Companion.
12:20:22.343 [INFO]  [Creating]     [100/112]     No suitable constructor or factory method found. Please check that the class
12:20:22.343 [INFO]  [Creating]     [100/112]     under test has a non-private constructor or factory method.
12:20:22.343 [INFO]  [Creating]     [100/112]     See https://diff.blue/R083 for further troubleshooting of this issue.
12:20:22.345 [INFO]  [Creating] [17/23] io.gitlab.arturbosch.detekt.cli.ReportPath$Companion
12:20:22.345 [INFO]  [Creating] [17/23]   Tests created: 0
12:20:22.345 [INFO]  [Creating] 
================================================================================
= Starting analysis for class 'io.gitlab.arturbosch.detekt.cli.SpecKt'
================================================================================
12:20:22.345 [INFO]  [Creating] Filtering out non-testable methods...
12:20:22.345 [INFO]  [Creating] Filtering of methods complete. Creating analysis request
12:20:22.346 [INFO]  [Creating] Attempting to get service client, retry 1.
12:20:22.364 [INFO]  [Creating] 
================================================================================
= Creating tests for 'io.gitlab.arturbosch.detekt.cli.SpecKt.createSpec:(Lio/gitlab/arturbosch/detekt/cli/CliArgs;Ljava/lang/Appendable;Ljava/lang/Appendable;)Lio/github/detekt/tooling/api/spec/ProcessingSpec;' using 'SiM (!sp, fnm, df, !ris)'
================================================================================
12:20:25.936 [INFO]  [Creating]     [101/112] io.gitlab.arturbosch.detekt.cli.SpecKt.createSpec
12:20:25.936 [INFO]  [Creating]     [101/112]   R013: No inputs found that don't throw a trivial exception
12:20:25.936 [INFO]  [Creating]     [101/112]     Diffblue Cover tried to run the arrange/act section, but the test threw
12:20:25.936 [INFO]  [Creating]     [101/112]     java.lang.IllegalArgumentException: Provided path '' is empty.
12:20:25.936 [INFO]  [Creating]     [101/112]         at io.gitlab.arturbosch.detekt.cli.ExistingPathConverter.convert(ArgumentConverters.kt:13)
12:20:25.936 [INFO]  [Creating]     [101/112]         at io.gitlab.arturbosch.detekt.cli.ExistingPathConverter.convert(ArgumentConverters.kt:11)
12:20:25.936 [INFO]  [Creating]     [101/112]         at io.gitlab.arturbosch.detekt.cli.DetektInputPathConverter$convert$2.invoke(ArgumentConverters.kt:31)
12:20:25.936 [INFO]  [Creating]     [101/112]         at io.gitlab.arturbosch.detekt.cli.DetektInputPathConverter$convert$2.invoke(ArgumentConverters.kt:31)
12:20:25.936 [INFO]  [Creating]     [101/112]         at kotlin.sequences.TransformingSequence$iterator$1.next(Sequences.kt:210)
12:20:25.936 [INFO]  [Creating]     [101/112]         at kotlin.sequences.SequencesKt___SequencesKt.toCollection(_Sequences.kt:787)
12:20:25.936 [INFO]  [Creating]     [101/112]         at kotlin.sequences.SequencesKt___SequencesKt.toMutableList(_Sequences.kt:817)
12:20:25.936 [INFO]  [Creating]     [101/112]         at kotlin.sequences.SequencesKt___SequencesKt.toList(_Sequences.kt:808)
12:20:25.936 [INFO]  [Creating]     [101/112]         at io.gitlab.arturbosch.detekt.cli.DetektInputPathConverter$DefaultImpls.convert(ArgumentConverters.kt:32)
12:20:25.936 [INFO]  [Creating]     [101/112]         at io.gitlab.arturbosch.detekt.cli.MultipleExistingPathConverter.convert(ArgumentConverters.kt:41)
12:20:25.936 [INFO]  [Creating]     [101/112]         at io.gitlab.arturbosch.detekt.cli.CliArgs$inputPaths$2.invoke(CliArgs.kt:193)
12:20:25.936 [INFO]  [Creating]     [101/112]         at io.gitlab.arturbosch.detekt.cli.CliArgs$inputPaths$2.invoke(CliArgs.kt:192)
12:20:25.936 [INFO]  [Creating]     [101/112]         at kotlin.SynchronizedLazyImpl.getValue(LazyJVM.kt:74)
12:20:25.936 [INFO]  [Creating]     [101/112]         at io.gitlab.arturbosch.detekt.cli.CliArgs.getInputPaths(CliArgs.kt:192)
12:20:25.936 [INFO]  [Creating]     [101/112]         at io.gitlab.arturbosch.detekt.cli.SpecKt$createSpec$1$2.invoke(Spec.kt:18)
12:20:25.936 [INFO]  [Creating]     [101/112]         at io.gitlab.arturbosch.detekt.cli.SpecKt$createSpec$1$2.invoke(Spec.kt:16)
12:20:25.936 [INFO]  [Creating]     [101/112]         at io.github.detekt.tooling.dsl.ProcessingSpecBuilder.project(ProcessingSpecBuilder.kt:37)
12:20:25.936 [INFO]  [Creating]     [101/112]         at io.gitlab.arturbosch.detekt.cli.SpecKt$createSpec$1.invoke(Spec.kt:16)
12:20:25.936 [INFO]  [Creating]     [101/112]         at io.gitlab.arturbosch.detekt.cli.SpecKt$createSpec$1.invoke(Spec.kt:9)
12:20:25.936 [INFO]  [Creating]     [101/112]         at io.github.detekt.tooling.dsl.ProcessingSpecBuilderKt.processingSpec(ProcessingSpecBuilder.kt:15)
12:20:25.936 [INFO]  [Creating]     [101/112]         at io.github.detekt.tooling.api.spec.ProcessingSpec$Companion.invoke(ProcessingSpec.kt:23)
12:20:25.936 [INFO]  [Creating]     [101/112]         at io.gitlab.arturbosch.detekt.cli.SpecKt.createSpec(Spec.kt:9)
12:20:25.936 [INFO]  [Creating]     [101/112]     In order to prevent createSpec(CliArgs, Appendable, Appendable)
12:20:25.936 [INFO]  [Creating]     [101/112]     from throwing IllegalArgumentException, add constructors or factory
12:20:25.936 [INFO]  [Creating]     [101/112]     methods that make it easier to construct fully initialized objects used in
12:20:25.936 [INFO]  [Creating]     [101/112]     createSpec(CliArgs, Appendable, Appendable).
12:20:25.936 [INFO]  [Creating]     [101/112]     See https://diff.blue/R013 to resolve this issue.
12:20:25.938 [INFO]  [Creating] [18/23] io.gitlab.arturbosch.detekt.cli.SpecKt
12:20:25.938 [INFO]  [Creating] [18/23]   Tests created: 0
12:20:25.938 [INFO]  [Creating] 
================================================================================
= Starting analysis for class 'io.gitlab.arturbosch.detekt.cli.runners.ConfigExporter'
================================================================================
12:20:25.938 [INFO]  [Creating] Filtering out non-testable methods...
12:20:25.938 [INFO]  [Creating] Filtering of methods complete. Creating analysis request
12:20:25.938 [INFO]  [Creating] Attempting to get service client, retry 1.
12:20:25.970 [INFO]  [Creating] 
================================================================================
= Creating tests for 'io.gitlab.arturbosch.detekt.cli.runners.ConfigExporter.<init>:(Lio/gitlab/arturbosch/detekt/cli/CliArgs;Ljava/lang/Appendable;)V' using 'SiM (!sp, fnm, df, !ris)'
================================================================================
12:20:35.315 [INFO]  [Creating]     [102/112] io.gitlab.arturbosch.detekt.cli.runners.ConfigExporter.<init>
12:20:35.317 [INFO]  [Creating]     [102/112]   R011: Sandboxing policy violation
12:20:35.317 [INFO]  [Creating]     [102/112]     Diffblue Cover ran code in your project that tried
12:20:35.317 [INFO]  [Creating]     [102/112]       to access files (file 'Config', permission 'write').
12:20:35.317 [INFO]  [Creating]     [102/112]     Diffblue Cover's default sandboxing policy disallows this in order to prevent
12:20:35.317 [INFO]  [Creating]     [102/112]     your code from damaging your system environment.
12:20:35.317 [INFO]  [Creating]     [102/112]     See https://diff.blue/R011 to resolve this issue.
12:20:35.318 [INFO]  [Creating] 
================================================================================
= Creating tests for 'io.gitlab.arturbosch.detekt.cli.runners.ConfigExporter.execute:()V' using 'SiM (!sp, fnm, df, !ris)'
================================================================================
12:20:44.699 [INFO]  [Creating]     [103/112] io.gitlab.arturbosch.detekt.cli.runners.ConfigExporter.execute
12:20:44.699 [INFO]  [Creating]     [103/112]   R013: No inputs found that don't throw a trivial exception
12:20:44.699 [INFO]  [Creating]     [103/112]     Diffblue Cover tried to run the arrange/act section, but the test threw
12:20:44.700 [INFO]  [Creating]     [103/112]     com.beust.jcommander.ParameterException: Provided path 'detekt.yml' does not exist!
12:20:44.700 [INFO]  [Creating]     [103/112]         at io.gitlab.arturbosch.detekt.cli.ExistingPathConverter.convert(ArgumentConverters.kt:16)
12:20:44.700 [INFO]  [Creating]     [103/112]         at io.gitlab.arturbosch.detekt.cli.ExistingPathConverter.convert(ArgumentConverters.kt:11)
12:20:44.700 [INFO]  [Creating]     [103/112]         at io.gitlab.arturbosch.detekt.cli.DetektInputPathConverter$convert$2.invoke(ArgumentConverters.kt:31)
12:20:44.700 [INFO]  [Creating]     [103/112]         at io.gitlab.arturbosch.detekt.cli.DetektInputPathConverter$convert$2.invoke(ArgumentConverters.kt:31)
12:20:44.700 [INFO]  [Creating]     [103/112]         at kotlin.sequences.TransformingSequence$iterator$1.next(Sequences.kt:210)
12:20:44.700 [INFO]  [Creating]     [103/112]         at kotlin.sequences.SequencesKt___SequencesKt.toCollection(_Sequences.kt:787)
12:20:44.700 [INFO]  [Creating]     [103/112]         at kotlin.sequences.SequencesKt___SequencesKt.toMutableList(_Sequences.kt:817)
12:20:44.700 [INFO]  [Creating]     [103/112]         at kotlin.sequences.SequencesKt___SequencesKt.toList(_Sequences.kt:808)
12:20:44.700 [INFO]  [Creating]     [103/112]         at io.gitlab.arturbosch.detekt.cli.DetektInputPathConverter$DefaultImpls.convert(ArgumentConverters.kt:32)
12:20:44.700 [INFO]  [Creating]     [103/112]         at io.gitlab.arturbosch.detekt.cli.MultipleExistingPathConverter.convert(ArgumentConverters.kt:41)
12:20:44.700 [INFO]  [Creating]     [103/112]         at io.gitlab.arturbosch.detekt.cli.runners.ConfigExporter$execute$spec$1$1$1.invoke(ConfigExporter.kt:20)
12:20:44.700 [INFO]  [Creating]     [103/112]         at io.gitlab.arturbosch.detekt.cli.runners.ConfigExporter$execute$spec$1$1$1.invoke(ConfigExporter.kt:20)
12:20:44.700 [INFO]  [Creating]     [103/112]         at io.github.detekt.tooling.dsl.ExtensionsSpecBuilder.fromPaths(ExtensionsSpecBuilder.kt:33)
12:20:44.700 [INFO]  [Creating]     [103/112]         at io.gitlab.arturbosch.detekt.cli.runners.ConfigExporter$execute$spec$1$1.invoke(ConfigExporter.kt:20)
12:20:44.700 [INFO]  [Creating]     [103/112]         at io.gitlab.arturbosch.detekt.cli.runners.ConfigExporter$execute$spec$1$1.invoke(ConfigExporter.kt:18)
12:20:44.700 [INFO]  [Creating]     [103/112]         at io.github.detekt.tooling.dsl.ProcessingSpecBuilder.extensions(ProcessingSpecBuilder.kt:34)
12:20:44.700 [INFO]  [Creating]     [103/112]         at io.gitlab.arturbosch.detekt.cli.runners.ConfigExporter$execute$spec$1.invoke(ConfigExporter.kt:18)
12:20:44.700 [INFO]  [Creating]     [103/112]         at io.gitlab.arturbosch.detekt.cli.runners.ConfigExporter$execute$spec$1.invoke(ConfigExporter.kt:17)
12:20:44.700 [INFO]  [Creating]     [103/112]         at io.github.detekt.tooling.dsl.ProcessingSpecBuilderKt.processingSpec(ProcessingSpecBuilder.kt:15)
12:20:44.700 [INFO]  [Creating]     [103/112]         at io.github.detekt.tooling.api.spec.ProcessingSpec$Companion.invoke(ProcessingSpec.kt:23)
12:20:44.700 [INFO]  [Creating]     [103/112]         at io.gitlab.arturbosch.detekt.cli.runners.ConfigExporter.execute(ConfigExporter.kt:17)
12:20:44.700 [INFO]  [Creating]     [103/112]     In order to prevent execute()
12:20:44.700 [INFO]  [Creating]     [103/112]     from throwing ParameterException, add constructors or factory
12:20:44.700 [INFO]  [Creating]     [103/112]     methods that make it easier to construct fully initialized objects used in
12:20:44.700 [INFO]  [Creating]     [103/112]     execute().
12:20:44.700 [INFO]  [Creating]     [103/112]     See https://diff.blue/R013 to resolve this issue.
12:20:44.702 [INFO]  [Creating] [19/23] io.gitlab.arturbosch.detekt.cli.runners.ConfigExporter
12:20:44.702 [INFO]  [Creating] [19/23]   Tests created: 0
12:20:44.702 [INFO]  [Creating] 
================================================================================
= Starting analysis for class 'io.gitlab.arturbosch.detekt.cli.runners.ElementPrinter'
================================================================================
12:20:44.702 [INFO]  [Creating] Filtering out non-testable methods...
12:20:44.707 [INFO]  [Creating] Filtering of methods complete. Creating analysis request
12:20:44.708 [INFO]  [Creating] Attempting to get service client, retry 1.
12:20:44.731 [INFO]  [Creating] 
================================================================================
= Creating tests for 'io.gitlab.arturbosch.detekt.cli.runners.ElementPrinter.<init>:()V' using 'TrM (!sp, !fnm, df, !ris)'
================================================================================
12:20:44.765 [INFO]  [Creating]     [104/112] io.gitlab.arturbosch.detekt.cli.runners.ElementPrinter.<init>
12:20:44.765 [INFO]  [Creating]     [104/112]   R002: Missing observers
12:20:44.765 [INFO]  [Creating]     [104/112]     Diffblue Cover was unable to create an assertion.
12:20:44.765 [INFO]  [Creating]     [104/112]     Add getters for the following fields or make them package-private:
12:20:44.765 [INFO]  [Creating]     [104/112]       ElementPrinter.indent
12:20:44.765 [INFO]  [Creating]     [104/112]       ElementPrinter.lastLine
12:20:44.765 [INFO]  [Creating]     [104/112]       ElementPrinter.sb
12:20:44.766 [INFO]  [Creating] 
================================================================================
= Creating tests for 'io.gitlab.arturbosch.detekt.cli.runners.ElementPrinter.visitKtElement:(Lorg/jetbrains/kotlin/psi/KtElement;)V' using 'SiM (!sp, fnm, df, !ris)'
================================================================================
12:20:48.642 [INFO]  [Creating]     [105/112] io.gitlab.arturbosch.detekt.cli.runners.ElementPrinter.visitKtElement
12:20:48.642 [INFO]  [Creating]     [105/112]   R011: Sandboxing policy violation
12:20:48.642 [INFO]  [Creating]     [105/112]     Diffblue Cover ran code in your project that tried
12:20:48.642 [INFO]  [Creating]     [105/112]       to access 'sun.misc'.
12:20:48.642 [INFO]  [Creating]     [105/112]     Diffblue Cover's default sandboxing policy disallows this in order to prevent
12:20:48.642 [INFO]  [Creating]     [105/112]     your code from damaging your system environment.
12:20:48.642 [INFO]  [Creating]     [105/112]     See https://diff.blue/R011 to resolve this issue.
12:20:48.643 [INFO]  [Creating] [20/23] io.gitlab.arturbosch.detekt.cli.runners.ElementPrinter
12:20:48.644 [INFO]  [Creating] [20/23]   Tests created: 0
12:20:48.644 [INFO]  [Creating] 
================================================================================
= Starting analysis for class 'io.gitlab.arturbosch.detekt.cli.runners.ElementPrinter$Companion'
================================================================================
12:20:48.644 [INFO]  [Creating] Filtering out non-testable methods...
12:20:48.644 [INFO]  [Creating] Filtering of methods complete. Creating analysis request
12:20:48.644 [INFO]  [Creating] Attempting to get service client, retry 1.
12:20:48.637 [INFO]  [Creating] Could not load class: Could not initialize class org.jetbrains.kotlin.com.intellij.openapi.progress.impl.CoreProgressManager
12:20:48.637 [INFO]  [Creating] An exception occurred: java.lang.NoClassDefFoundError: Could not initialize class org.jetbrains.kotlin.com.intellij.openapi.progress.impl.CoreProgressManager
	at java.base/jdk.internal.reflect.NativeConstructorAccessorImpl.newInstance0(Native Method)
	at java.base/jdk.internal.reflect.NativeConstructorAccessorImpl.newInstance(NativeConstructorAccessorImpl.java:62)
	at java.base/jdk.internal.reflect.DelegatingConstructorAccessorImpl.newInstance(DelegatingConstructorAccessorImpl.java:45)
12:20:48.664 [INFO]  [Creating] 
================================================================================
= Creating tests for 'io.gitlab.arturbosch.detekt.cli.runners.ElementPrinter$Companion.dump:(Lorg/jetbrains/kotlin/psi/KtFile;)Ljava/lang/String;' using 'SiM (!sp, fnm, df, !ris)'
================================================================================
12:20:48.712 [INFO]  [Creating]     [106/112] io.gitlab.arturbosch.detekt.cli.runners.ElementPrinter$Companion.dump
12:20:48.712 [INFO]  [Creating]     [106/112]   R083: Can't find a suitable constructor
12:20:48.712 [INFO]  [Creating]     [106/112]     Diffblue Cover was unable to construct an instance of ElementPrinter.Companion.
12:20:48.712 [INFO]  [Creating]     [106/112]     No suitable constructor or factory method found. Please check that the class
12:20:48.712 [INFO]  [Creating]     [106/112]     under test has a non-private constructor or factory method.
12:20:48.712 [INFO]  [Creating]     [106/112]     See https://diff.blue/R083 for further troubleshooting of this issue.
12:20:48.714 [INFO]  [Creating] [21/23] io.gitlab.arturbosch.detekt.cli.runners.ElementPrinter$Companion
12:20:48.714 [INFO]  [Creating] [21/23]   Tests created: 0
12:20:48.714 [INFO]  [Creating] 
================================================================================
= Starting analysis for class 'io.gitlab.arturbosch.detekt.cli.runners.Runner'
================================================================================
12:20:48.714 [INFO]  [Creating] Filtering out non-testable methods...
12:20:48.714 [INFO]  [Creating] Filtering of methods complete. Creating analysis request
12:20:48.714 [INFO]  [Creating] Attempting to get service client, retry 1.
12:20:48.736 [INFO]  [Creating] 
================================================================================
= Creating tests for 'io.gitlab.arturbosch.detekt.cli.runners.Runner.<init>:(Lio/github/detekt/tooling/api/spec/ProcessingSpec;)V' using 'SiM (!sp, fnm, df, !ris)'
================================================================================
12:20:48.909 [INFO]  [Creating]     [107/112] io.gitlab.arturbosch.detekt.cli.runners.Runner.<init>
12:20:48.909 [INFO]  [Creating]     [107/112]   R013: No inputs found that don't throw a trivial exception
12:20:48.909 [INFO]  [Creating]     [107/112]     Diffblue Cover tried to run the arrange/act section, but the test threw
12:20:48.909 [INFO]  [Creating]     [107/112]     java.lang.NullPointerException: Parameter specified as non-null is null: method io.gitlab.arturbosch.detekt.cli.runners.Runner.<init>, parameter spec
12:20:48.909 [INFO]  [Creating]     [107/112]         at io.gitlab.arturbosch.detekt.cli.runners.Runner.<init>(Runner.kt)
12:20:48.909 [INFO]  [Creating]     [107/112]     In order to prevent <init>(ProcessingSpec)
12:20:48.909 [INFO]  [Creating]     [107/112]     from throwing NullPointerException, add constructors or factory
12:20:48.909 [INFO]  [Creating]     [107/112]     methods that make it easier to construct fully initialized objects used in
12:20:48.909 [INFO]  [Creating]     [107/112]     <init>(ProcessingSpec).
12:20:48.909 [INFO]  [Creating]     [107/112]     See https://diff.blue/R013 to resolve this issue.
12:20:48.910 [INFO]  [Creating] 
================================================================================
= Creating tests for 'io.gitlab.arturbosch.detekt.cli.runners.Runner.<init>:(Lio/gitlab/arturbosch/detekt/cli/CliArgs;Ljava/lang/Appendable;Ljava/lang/Appendable;)V' using 'SiM (!sp, fnm, df, !ris)'
================================================================================
12:20:50.941 [INFO]  [Creating]     [108/112] io.gitlab.arturbosch.detekt.cli.runners.Runner.<init>
12:20:50.941 [INFO]  [Creating]     [108/112]   R013: No inputs found that don't throw a trivial exception
12:20:50.941 [INFO]  [Creating]     [108/112]     Diffblue Cover tried to run the arrange/act section, but the test threw
12:20:50.941 [INFO]  [Creating]     [108/112]     java.lang.NullPointerException: Parameter specified as non-null is null: method io.gitlab.arturbosch.detekt.cli.runners.Runner.<init>, parameter arguments
12:20:50.941 [INFO]  [Creating]     [108/112]         at io.gitlab.arturbosch.detekt.cli.runners.Runner.<init>(Runner.kt)
12:20:50.941 [INFO]  [Creating]     [108/112]     In order to prevent <init>(CliArgs, Appendable, Appendable)
12:20:50.941 [INFO]  [Creating]     [108/112]     from throwing NullPointerException, add constructors or factory
12:20:50.941 [INFO]  [Creating]     [108/112]     methods that make it easier to construct fully initialized objects used in
12:20:50.941 [INFO]  [Creating]     [108/112]     <init>(CliArgs, Appendable, Appendable).
12:20:50.941 [INFO]  [Creating]     [108/112]     See https://diff.blue/R013 to resolve this issue.
12:20:50.941 [INFO]  [Creating] 
================================================================================
= Creating tests for 'io.gitlab.arturbosch.detekt.cli.runners.Runner.call:()Lio/github/detekt/tooling/api/AnalysisResult;' using 'SiM (!sp, fnm, df, !ris)'
================================================================================
12:22:19.578 [INFO]  [Creating] Test execution failed for method io.gitlab.arturbosch.detekt.cli.runners.Runner.call
12:22:19.578 [INFO]  [Creating] Failure reason: null
12:22:19.590 [INFO]  [Creating]     [109/112] io.gitlab.arturbosch.detekt.cli.runners.Runner.call
12:22:19.590 [INFO]  [Creating]     [109/112]   R013: No inputs found that don't throw a trivial exception
12:22:19.590 [INFO]  [Creating]     [109/112]     Diffblue Cover tried to run the arrange/act section, but the test threw
12:22:19.590 [INFO]  [Creating]     [109/112]     java.lang.NullPointerException: Parameter specified as non-null is null: method io.gitlab.arturbosch.detekt.cli.runners.Runner.<init>, parameter spec
12:22:19.590 [INFO]  [Creating]     [109/112]         at io.gitlab.arturbosch.detekt.cli.runners.Runner.<init>(Runner.kt)
12:22:19.590 [INFO]  [Creating]     [109/112]     In order to prevent call()
12:22:19.590 [INFO]  [Creating]     [109/112]     from throwing NullPointerException, add constructors or factory
12:22:19.590 [INFO]  [Creating]     [109/112]     methods that make it easier to construct fully initialized objects used in
12:22:19.590 [INFO]  [Creating]     [109/112]     call().
12:22:19.590 [INFO]  [Creating]     [109/112]     See https://diff.blue/R013 to resolve this issue.
12:22:19.590 [INFO]  [Creating]     [109/112]   Warnings:
12:22:19.590 [INFO]  [Creating]     [109/112]   Diffblue AI was unable to find a test
12:22:19.593 [INFO]  [Creating] 
================================================================================
= Creating tests for 'io.gitlab.arturbosch.detekt.cli.runners.Runner.execute:()V' using 'SiM (!sp, fnm, df, !ris)'
================================================================================
12:22:20.064 [INFO]  [Creating]     [110/112] io.gitlab.arturbosch.detekt.cli.runners.Runner.execute
12:22:20.064 [INFO]  [Creating]     [110/112]   R013: No inputs found that don't throw a trivial exception
12:22:20.064 [INFO]  [Creating]     [110/112]     Diffblue Cover tried to run the arrange/act section, but the test threw
12:22:20.064 [INFO]  [Creating]     [110/112]     java.lang.NullPointerException: Parameter specified as non-null is null: method io.gitlab.arturbosch.detekt.cli.runners.Runner.<init>, parameter spec
12:22:20.064 [INFO]  [Creating]     [110/112]         at io.gitlab.arturbosch.detekt.cli.runners.Runner.<init>(Runner.kt)
12:22:20.064 [INFO]  [Creating]     [110/112]     In order to prevent execute()
12:22:20.064 [INFO]  [Creating]     [110/112]     from throwing NullPointerException, add constructors or factory
12:22:20.064 [INFO]  [Creating]     [110/112]     methods that make it easier to construct fully initialized objects used in
12:22:20.064 [INFO]  [Creating]     [110/112]     execute().
12:22:20.064 [INFO]  [Creating]     [110/112]     See https://diff.blue/R013 to resolve this issue.
12:22:20.066 [INFO]  [Creating] [22/23] io.gitlab.arturbosch.detekt.cli.runners.Runner
12:22:20.066 [INFO]  [Creating] [22/23]   Tests created: 0
12:22:20.066 [INFO]  [Creating] 
================================================================================
= Starting analysis for class 'io.gitlab.arturbosch.detekt.cli.runners.VersionPrinter'
================================================================================
12:22:20.066 [INFO]  [Creating] Filtering out non-testable methods...
12:22:20.066 [INFO]  [Creating] Filtering of methods complete. Creating analysis request
12:22:20.066 [INFO]  [Creating] Attempting to get service client, retry 1.
12:22:20.092 [INFO]  [Creating] 
================================================================================
= Creating tests for 'io.gitlab.arturbosch.detekt.cli.runners.VersionPrinter.<init>:(Ljava/lang/Appendable;)V' using 'SiM (!sp, fnm, df, !ris)'
================================================================================
12:22:40.833 [INFO]  [Creating]     [111/112] io.gitlab.arturbosch.detekt.cli.runners.VersionPrinter.<init>
12:22:40.834 [INFO]  [Creating]     [111/112]   Tests created: 1
12:22:40.835 [INFO]  [Creating] 
================================================================================
= Creating tests for 'io.gitlab.arturbosch.detekt.cli.runners.VersionPrinter.execute:()V' using 'SiM (!sp, fnm, df, !ris)'
================================================================================
12:23:01.380 [INFO]  [Creating]     [112/112] io.gitlab.arturbosch.detekt.cli.runners.VersionPrinter.execute
12:23:01.381 [INFO]  [Creating]     [112/112]   R013: No inputs found that don't throw a trivial exception
12:23:01.381 [INFO]  [Creating]     [112/112]     Diffblue Cover tried to run the arrange/act section, but the test threw
12:23:01.381 [INFO]  [Creating]     [112/112]     java.io.IOException: Pipe not connected
12:23:01.381 [INFO]  [Creating]     [112/112]         at java.io.PipedWriter.write(PipedWriter.java:152)
12:23:01.381 [INFO]  [Creating]     [112/112]         at java.io.Writer.write(Writer.java:290)
12:23:01.381 [INFO]  [Creating]     [112/112]         at java.io.Writer.write(Writer.java:249)
12:23:01.381 [INFO]  [Creating]     [112/112]         at java.io.Writer.append(Writer.java:322)
12:23:01.381 [INFO]  [Creating]     [112/112]         at java.io.Writer.append(Writer.java:51)
12:23:01.381 [INFO]  [Creating]     [112/112]         at io.gitlab.arturbosch.detekt.cli.runners.VersionPrinter.execute(VersionPrinter.kt:8)
12:23:01.381 [INFO]  [Creating]     [112/112]     In order to prevent execute()
12:23:01.381 [INFO]  [Creating]     [112/112]     from throwing IOException, add constructors or factory
12:23:01.381 [INFO]  [Creating]     [112/112]     methods that make it easier to construct fully initialized objects used in
12:23:01.381 [INFO]  [Creating]     [112/112]     execute().
12:23:01.381 [INFO]  [Creating]     [112/112]     See https://diff.blue/R013 to resolve this issue.
12:23:01.384 [INFO]  [Creating] [23/23] io.gitlab.arturbosch.detekt.cli.runners.VersionPrinter
12:23:01.384 [INFO]  [Creating] [23/23]   Tests created: 1
12:23:01.391 [INFO]  [Reporting] 
12:23:01.391 [INFO]  [Reporting] Summary:
12:23:01.391 [INFO]  [Reporting] --------
12:23:01.391 [INFO]  [Reporting] Total:                                             112 methods
12:23:01.391 [INFO]  [Reporting] 36 tests created for:                               75 methods
12:23:01.391 [INFO]  [Reporting] 
12:23:01.391 [INFO]  [Reporting] Not unit-testable:                                   1 method
12:23:01.391 [INFO]  [Reporting]     1 T006: Main method
12:23:01.391 [INFO]  [Reporting] No tests created for:                               36 methods
12:23:01.391 [INFO]  [Reporting]    11 R013: No inputs found that don't throw a trivial exception
12:23:01.391 [INFO]  [Reporting]    10 R011: Sandboxing policy violation
12:23:01.391 [INFO]  [Reporting]     8 R002: Missing observers
12:23:01.392 [INFO]  [Reporting]     3 R083: Can't find a suitable constructor
12:23:01.392 [INFO]  [Reporting]     1 R034: Diffblue Cover can't complete test
12:23:01.574 [INFO]  [Validating] 
12:23:01.574 [INFO]  [Validating] Running validation command.
12:23:01.577 [INFO]  [Validating] Running: Using JAVA_HOME: /Users/mnedzelskii/.sdkman/candidates/java/current : in /Users/mnedzelskii/gits/detekt/detekt-cli : gradle test -i  
12:23:02.096 [INFO]  [Validating] Standard output of build tool (Gradle)
12:23:02.096 [INFO]  [Validating] > The client will now receive all logging from the daemon (pid: 15147). The daemon log file: /Users/mnedzelskii/.gradle/daemon/8.2/daemon-15147.out.log
12:23:02.096 [INFO]  [Validating] > Starting 68th build in daemon [uptime: 2 hrs 18 mins 26.015 secs, performance: 100%, GC rate: 0.00/s, heap usage: 0% of 8 GiB]
12:23:02.096 [INFO]  [Validating] > Closing daemon's stdin at end of input.
12:23:02.096 [INFO]  [Validating] > The daemon will no longer process any standard input.
12:23:02.096 [INFO]  [Validating] > Using 10 worker leases.
12:23:02.096 [INFO]  [Validating] > Now considering [/Users/mnedzelskii/gits/detekt, /Users/mnedzelskii/gits/detekt/detekt-gradle-plugin, /Users/mnedzelskii/gits/detekt/build-logic] as hierarchies to watch
12:23:02.096 [INFO]  [Validating] > Now considering [/Users/mnedzelskii/gits/detekt/build-logic, /Users/mnedzelskii/gits/detekt, /Users/mnedzelskii/gits/detekt/detekt-gradle-plugin] as hierarchies to watch
12:23:02.096 [INFO]  [Validating] > Now considering [/Users/mnedzelskii/gits/detekt/detekt-gradle-plugin, /Users/mnedzelskii/gits/detekt/build-logic, /Users/mnedzelskii/gits/detekt] as hierarchies to watch
12:23:02.096 [INFO]  [Validating] > Reusing configuration cache.
12:23:02.096 [INFO]  [Validating] > Now considering [/Users/mnedzelskii/gits/detekt, /Users/mnedzelskii/gits/detekt/detekt-gradle-plugin, /Users/mnedzelskii/gits/detekt/build-logic] as hierarchies to watch
12:23:02.096 [INFO]  [Validating] > Watching the file system is configured to be enabled if available
12:23:02.096 [INFO]  [Validating] > File system watching is active
12:23:02.096 [INFO]  [Validating] > Using local directory build cache for the root build (location = /Users/mnedzelskii/.gradle/caches/build-cache-1, removeUnusedEntriesAfter = 7 days).
12:23:02.096 [INFO]  [Validating] > Using remote HTTP build cache for the root build (pull-only, allowInsecureProtocol = false, allowUntrustedServer = false, authenticated = false, url = https://ge.detekt.dev/cache/, useExpectContinue = false).
12:23:02.096 [INFO]  [Validating] > Tasks to be executed: [task ':detekt-psi-utils:compileKotlin', task ':detekt-psi-utils:compileJava', task ':detekt-utils:compileKotlin', task ':detekt-utils:compileJava', task ':detekt-api:compileKotlin', task ':detekt-api:compileJava', task ':detekt-api:processResources', task ':detekt-api:classes', task ':detekt-api:jar', task ':detekt-parser:compileKotlin', task ':detekt-parser:compileJava', task ':detekt-tooling:compileKotlin', task ':detekt-tooling:compileJava', task ':detekt-cli:compileKotlin', task ':detekt-cli:compileJava', task ':detekt-cli:processResources', task ':detekt-cli:classes', task ':detekt-test-utils:compileKotlin', task ':detekt-test-utils:compileJava', task ':detekt-cli:compileTestKotlin', task ':detekt-cli:compileTestJava', task ':detekt-cli:processTestResources', task ':detekt-cli:testClasses', task ':detekt-metrics:compileKotlin', task ':detekt-metrics:compileJava', task ':detekt-report-html:compileKotlin', task ':detekt-report-html:compileJava', task ':detekt-report-md:compileKotlin', task ':detekt-report-md:compileJava', task ':detekt-report-sarif:compileKotlin', task ':detekt-report-sarif:compileJava', task ':detekt-report-txt:compileKotlin', task ':detekt-report-txt:compileJava', task ':detekt-report-xml:compileKotlin', task ':detekt-report-xml:compileJava', task ':detekt-core:compileKotlin', task ':detekt-core:compileJava', task ':detekt-core:processResources', task ':detekt-core:classes', task ':detekt-core:jar', task ':detekt-metrics:processResources', task ':detekt-metrics:classes', task ':detekt-metrics:jar', task ':detekt-parser:processResources', task ':detekt-parser:classes', task ':detekt-parser:jar', task ':detekt-psi-utils:processResources', task ':detekt-psi-utils:classes', task ':detekt-psi-utils:jar', task ':detekt-report-html:processResources', task ':detekt-report-html:classes', task ':detekt-report-html:jar', task ':detekt-report-md:processResources', task ':detekt-report-md:classes', task ':detekt-report-md:jar', task ':detekt-report-sarif:processResources', task ':detekt-report-sarif:classes', task ':detekt-report-sarif:jar', task ':detekt-report-txt:processResources', task ':detekt-report-txt:classes', task ':detekt-report-txt:jar', task ':detekt-report-xml:processResources', task ':detekt-report-xml:classes', task ':detekt-report-xml:jar', task ':detekt-rules:compileKotlin', task ':detekt-rules:compileJava', task ':detekt-rules:processResources', task ':detekt-rules:classes', task ':detekt-rules:jar', task ':detekt-rules-complexity:compileKotlin', task ':detekt-rules-complexity:compileJava', task ':detekt-rules-complexity:processResources', task ':detekt-rules-complexity:classes', task ':detekt-rules-complexity:jar', task ':detekt-rules-coroutines:compileKotlin', task ':detekt-rules-coroutines:compileJava', task ':detekt-rules-coroutines:processResources', task ':detekt-rules-coroutines:classes', task ':detekt-rules-coroutines:jar', task ':detekt-rules-documentation:compileKotlin', task ':detekt-rules-documentation:compileJava', task ':detekt-rules-documentation:processResources', task ':detekt-rules-documentation:classes', task ':detekt-rules-documentation:jar', task ':detekt-rules-empty:compileKotlin', task ':detekt-rules-empty:compileJava', task ':detekt-rules-empty:processResources', task ':detekt-rules-empty:classes', task ':detekt-rules-empty:jar', task ':detekt-rules-errorprone:compileKotlin', task ':detekt-rules-errorprone:compileJava', task ':detekt-rules-errorprone:processResources', task ':detekt-rules-errorprone:classes', task ':detekt-rules-errorprone:jar', task ':detekt-rules-exceptions:compileKotlin', task ':detekt-rules-exceptions:compileJava', task ':detekt-rules-exceptions:processResources', task ':detekt-rules-exceptions:classes', task ':detekt-rules-exceptions:jar', task ':detekt-rules-naming:compileKotlin', task ':detekt-rules-naming:compileJava', task ':detekt-rules-naming:processResources', task ':detekt-rules-naming:classes', task ':detekt-rules-naming:jar', task ':detekt-rules-performance:compileKotlin', task ':detekt-rules-performance:compileJava', task ':detekt-rules-performance:processResources', task ':detekt-rules-performance:classes', task ':detekt-rules-performance:jar', task ':detekt-rules-style:compileKotlin', task ':detekt-rules-style:compileJava', task ':detekt-rules-style:processResources', task ':detekt-rules-style:classes', task ':detekt-rules-style:jar', task ':detekt-test-utils:processResources', task ':detekt-test-utils:classes', task ':detekt-test-utils:jar', task ':detekt-tooling:processResources', task ':detekt-tooling:classes', task ':detekt-tooling:jar', task ':detekt-utils:processResources', task ':detekt-utils:classes', task ':detekt-utils:jar', task ':detekt-cli:test']
12:23:02.096 [INFO]  [Validating] > Tasks that were excluded: []
12:23:02.096 [INFO]  [Validating] > Resolve mutations for :detekt-psi-utils:compileKotlin (Thread[Execution worker,5,main]) started.
12:23:02.096 [INFO]  [Validating] > Resolve mutations for :detekt-utils:compileKotlin (Thread[Execution worker Thread 2,5,main]) started.
12:23:02.096 [INFO]  [Validating] > Resolve mutations for :detekt-api:processResources (Thread[Execution worker Thread 3,5,main]) started.
12:23:02.096 [INFO]  [Validating] > Resolve mutations for :detekt-cli:processResources (Thread[Execution worker Thread 4,5,main]) started.
12:23:02.096 [INFO]  [Validating] > :detekt-api:processResources (Thread[Execution worker Thread 3,5,main]) started.
12:23:02.096 [INFO]  [Validating] > :detekt-cli:processResources (Thread[Execution worker Thread 4,5,main]) started.
12:23:02.096 [INFO]  [Validating] > Resolve mutations for :detekt-cli:processTestResources (Thread[Execution worker Thread 5,5,main]) started.
12:23:02.096 [INFO]  [Validating] > :detekt-utils:compileKotlin (Thread[Execution worker Thread 2,5,main]) started.
12:23:02.096 [INFO]  [Validating] > :detekt-psi-utils:compileKotlin (Thread[Execution worker,5,main]) started.
12:23:02.096 [INFO]  [Validating] > :detekt-cli:processTestResources (Thread[Execution worker Thread 5,5,main]) started.
12:23:02.096 [INFO]  [Validating] > Resolve mutations for :detekt-core:processResources (Thread[Execution worker Thread 6,5,main]) started.
12:23:02.096 [INFO]  [Validating] > Resolve mutations for :detekt-metrics:processResources (Thread[Execution worker Thread 7,5,main]) started.
12:23:02.096 [INFO]  [Validating] > :detekt-core:processResources (Thread[Execution worker Thread 6,5,main]) started.
12:23:02.096 [INFO]  [Validating] > :detekt-metrics:processResources (Thread[Execution worker Thread 7,5,main]) started.
12:23:02.096 [INFO]  [Validating] > Resolve mutations for :detekt-parser:processResources (Thread[Execution worker Thread 8,5,main]) started.
12:23:02.096 [INFO]  [Validating] > :detekt-parser:processResources (Thread[Execution worker Thread 8,5,main]) started.
12:23:02.096 [INFO]  [Validating] > Resolve mutations for :detekt-psi-utils:processResources (Thread[included builds,5,main]) started.
12:23:02.096 [INFO]  [Validating] > Resolve mutations for :detekt-report-html:processResources (Thread[Execution worker Thread 9,5,main]) started.
12:23:02.096 [INFO]  [Validating] > :detekt-psi-utils:processResources (Thread[included builds,5,main]) started.
12:23:02.096 [INFO]  [Validating] > :detekt-report-html:processResources (Thread[Execution worker Thread 9,5,main]) started.
12:23:02.096 [INFO]  [Validating] > 
12:23:02.096 [INFO]  [Validating] > > Task :detekt-psi-utils:processResources NO-SOURCE
12:23:02.096 [INFO]  [Validating] > Skipping task ':detekt-psi-utils:processResources' as it has no source files and no previous output files.
12:23:02.096 [INFO]  [Validating] > 
12:23:02.096 [INFO]  [Validating] > > Task :detekt-api:processResources NO-SOURCE
12:23:02.096 [INFO]  [Validating] > Skipping task ':detekt-api:processResources' as it has no source files and no previous output files.
12:23:02.096 [INFO]  [Validating] > Resolve mutations for :detekt-report-md:processResources (Thread[included builds,5,main]) started.
12:23:02.096 [INFO]  [Validating] > Resolve mutations for :detekt-report-sarif:processResources (Thread[Execution worker Thread 3,5,main]) started.
12:23:02.096 [INFO]  [Validating] > :detekt-report-md:processResources (Thread[included builds,5,main]) started.
12:23:02.096 [INFO]  [Validating] > 
12:23:02.096 [INFO]  [Validating] > > Task :detekt-metrics:processResources NO-SOURCE
12:23:02.096 [INFO]  [Validating] > Skipping task ':detekt-metrics:processResources' as it has no source files and no previous output files.
12:23:02.096 [INFO]  [Validating] > Resolve mutations for :detekt-report-txt:processResources (Thread[Execution worker Thread 7,5,main]) started.
12:23:02.096 [INFO]  [Validating] > :detekt-report-txt:processResources (Thread[Execution worker Thread 7,5,main]) started.
12:23:02.096 [INFO]  [Validating] > 
12:23:02.096 [INFO]  [Validating] > > Task :detekt-parser:processResources NO-SOURCE
12:23:02.096 [INFO]  [Validating] > Skipping task ':detekt-parser:processResources' as it has no source files and no previous output files.
12:23:02.096 [INFO]  [Validating] > Resolve mutations for :detekt-report-xml:processResources (Thread[Execution worker Thread 8,5,main]) started.
12:23:02.096 [INFO]  [Validating] > 
12:23:02.096 [INFO]  [Validating] > > Task :detekt-report-md:processResources UP-TO-DATE
12:23:02.096 [INFO]  [Validating] > Caching disabled for task ':detekt-report-md:processResources' because:
12:23:02.096 [INFO]  [Validating] >   Not worth caching
12:23:02.096 [INFO]  [Validating] > Skipping task ':detekt-report-md:processResources' as it is up-to-date.
12:23:02.096 [INFO]  [Validating] > :detekt-report-sarif:processResources (Thread[Execution worker Thread 3,5,main]) started.
12:23:02.096 [INFO]  [Validating] > 
12:23:02.096 [INFO]  [Validating] > > Task :detekt-core:processResources UP-TO-DATE
12:23:02.096 [INFO]  [Validating] > Caching disabled for task ':detekt-core:processResources' because:
12:23:02.096 [INFO]  [Validating] >   Not worth caching
12:23:02.096 [INFO]  [Validating] > Skipping task ':detekt-core:processResources' as it is up-to-date.
12:23:02.096 [INFO]  [Validating] > Resolve mutations for :detekt-rules:compileKotlin (Thread[included builds,5,main]) started.
12:23:02.096 [INFO]  [Validating] > 
12:23:02.096 [INFO]  [Validating] > > Task :detekt-cli:processResources UP-TO-DATE
12:23:02.096 [INFO]  [Validating] > Caching disabled for task ':detekt-cli:processResources' because:
12:23:02.096 [INFO]  [Validating] >   Not worth caching
12:23:02.096 [INFO]  [Validating] > Skipping task ':detekt-cli:processResources' as it is up-to-date.
12:23:02.096 [INFO]  [Validating] > Resolve mutations for :detekt-rules-complexity:processResources (Thread[Execution worker Thread 4,5,main]) started.
12:23:02.096 [INFO]  [Validating] > :detekt-rules-complexity:processResources (Thread[Execution worker Thread 4,5,main]) started.
12:23:02.096 [INFO]  [Validating] > :detekt-rules:compileKotlin (Thread[included builds,5,main]) started.
12:23:02.096 [INFO]  [Validating] > 
12:23:02.096 [INFO]  [Validating] > > Task :detekt-cli:processTestResources UP-TO-DATE
12:23:02.096 [INFO]  [Validating] > Caching disabled for task ':detekt-cli:processTestResources' because:
12:23:02.096 [INFO]  [Validating] >   Not worth caching
12:23:02.096 [INFO]  [Validating] > Skipping task ':detekt-cli:processTestResources' as it is up-to-date.
12:23:02.096 [INFO]  [Validating] > :detekt-report-xml:processResources (Thread[Execution worker Thread 8,5,main]) started.
12:23:02.097 [INFO]  [Validating] > Resolve mutations for :detekt-rules-coroutines:processResources (Thread[Execution worker Thread 5,5,main]) started.
12:23:02.097 [INFO]  [Validating] > 
12:23:02.097 [INFO]  [Validating] > > Task :detekt-report-html:processResources UP-TO-DATE
12:23:02.097 [INFO]  [Validating] > Caching disabled for task ':detekt-report-html:processResources' because:
12:23:02.097 [INFO]  [Validating] >   Not worth caching
12:23:02.097 [INFO]  [Validating] > Skipping task ':detekt-report-html:processResources' as it is up-to-date.
12:23:02.097 [INFO]  [Validating] > :detekt-rules-coroutines:processResources (Thread[Execution worker Thread 5,5,main]) started.
12:23:02.097 [INFO]  [Validating] > Resolve mutations for :detekt-rules:processResources (Thread[Execution worker Thread 6,5,main]) started.
12:23:02.097 [INFO]  [Validating] > Resolve mutations for :detekt-rules-documentation:processResources (Thread[Execution worker Thread 9,5,main]) started.
12:23:02.097 [INFO]  [Validating] > :detekt-rules-documentation:processResources (Thread[Execution worker Thread 9,5,main]) started.
12:23:02.097 [INFO]  [Validating] > 
12:23:02.097 [INFO]  [Validating] > > Task :detekt-rules-coroutines:processResources UP-TO-DATE
12:23:02.097 [INFO]  [Validating] > Caching disabled for task ':detekt-rules-coroutines:processResources' because:
12:23:02.097 [INFO]  [Validating] >   Not worth caching
12:23:02.097 [INFO]  [Validating] > Skipping task ':detekt-rules-coroutines:processResources' as it is up-to-date.
12:23:02.097 [INFO]  [Validating] > 
12:23:02.097 [INFO]  [Validating] > > Task :detekt-report-xml:processResources UP-TO-DATE
12:23:02.097 [INFO]  [Validating] > Caching disabled for task ':detekt-report-xml:processResources' because:
12:23:02.097 [INFO]  [Validating] >   Not worth caching
12:23:02.097 [INFO]  [Validating] > Skipping task ':detekt-report-xml:processResources' as it is up-to-date.
12:23:02.097 [INFO]  [Validating] > :detekt-rules:processResources (Thread[Execution worker Thread 6,5,main]) started.
12:23:02.097 [INFO]  [Validating] > 
12:23:02.097 [INFO]  [Validating] > > Task :detekt-report-sarif:processResources UP-TO-DATE
12:23:02.097 [INFO]  [Validating] > Caching disabled for task ':detekt-report-sarif:processResources' because:
12:23:02.097 [INFO]  [Validating] >   Not worth caching
12:23:02.097 [INFO]  [Validating] > Skipping task ':detekt-report-sarif:processResources' as it is up-to-date.
12:23:02.097 [INFO]  [Validating] > Resolve mutations for :detekt-rules-exceptions:processResources (Thread[Execution worker Thread 3,5,main]) started.
12:23:02.097 [INFO]  [Validating] > 
12:23:02.097 [INFO]  [Validating] > > Task :detekt-rules:compileKotlin NO-SOURCE
12:23:02.097 [INFO]  [Validating] > Skipping task ':detekt-rules:compileKotlin' as it has no source files and no previous output files.
12:23:02.097 [INFO]  [Validating] > 
12:23:02.097 [INFO]  [Validating] > > Task :detekt-report-txt:processResources UP-TO-DATE
12:23:02.097 [INFO]  [Validating] > Caching disabled for task ':detekt-report-txt:processResources' because:
12:23:02.097 [INFO]  [Validating] >   Not worth caching
12:23:02.097 [INFO]  [Validating] > Skipping task ':detekt-report-txt:processResources' as it is up-to-date.
12:23:02.097 [INFO]  [Validating] > :detekt-rules-exceptions:processResources (Thread[Execution worker Thread 3,5,main]) started.
12:23:02.097 [INFO]  [Validating] > Resolve mutations for :detekt-rules-errorprone:processResources (Thread[Execution worker Thread 8,5,main]) started.
12:23:02.097 [INFO]  [Validating] > 
12:23:02.097 [INFO]  [Validating] > > Task :detekt-rules-complexity:processResources UP-TO-DATE
12:23:02.097 [INFO]  [Validating] > Caching disabled for task ':detekt-rules-complexity:processResources' because:
12:23:02.097 [INFO]  [Validating] >   Not worth caching
12:23:02.097 [INFO]  [Validating] > Skipping task ':detekt-rules-complexity:processResources' as it is up-to-date.
12:23:02.097 [INFO]  [Validating] > :detekt-rules-errorprone:processResources (Thread[Execution worker Thread 8,5,main]) started.
12:23:02.097 [INFO]  [Validating] > Resolve mutations for :detekt-rules-performance:processResources (Thread[Execution worker Thread 4,5,main]) started.
12:23:02.097 [INFO]  [Validating] > :detekt-rules-performance:processResources (Thread[Execution worker Thread 4,5,main]) started.
12:23:02.097 [INFO]  [Validating] > Resolve mutations for :detekt-rules-empty:processResources (Thread[Execution worker Thread 5,5,main]) started.
12:23:02.097 [INFO]  [Validating] > 
12:23:02.097 [INFO]  [Validating] > > Task :detekt-rules-documentation:processResources UP-TO-DATE
12:23:02.097 [INFO]  [Validating] > Caching disabled for task ':detekt-rules-documentation:processResources' because:
12:23:02.097 [INFO]  [Validating] >   Not worth caching
12:23:02.097 [INFO]  [Validating] > Skipping task ':detekt-rules-documentation:processResources' as it is up-to-date.
12:23:02.097 [INFO]  [Validating] > Resolve mutations for :detekt-rules-style:processResources (Thread[Execution worker Thread 9,5,main]) started.
12:23:02.097 [INFO]  [Validating] > Resolve mutations for :detekt-rules-naming:processResources (Thread[Execution worker Thread 7,5,main]) started.
12:23:02.097 [INFO]  [Validating] > Resolve mutations for :detekt-rules:compileJava (Thread[included builds,5,main]) started.
12:23:02.097 [INFO]  [Validating] > 
12:23:02.097 [INFO]  [Validating] > > Task :detekt-rules:processResources NO-SOURCE
12:23:02.097 [INFO]  [Validating] > Skipping task ':detekt-rules:processResources' as it has no source files and no previous output files.
12:23:02.097 [INFO]  [Validating] > 
12:23:02.097 [INFO]  [Validating] > > Task :detekt-rules-exceptions:processResources UP-TO-DATE
12:23:02.097 [INFO]  [Validating] > Caching disabled for task ':detekt-rules-exceptions:processResources' because:
12:23:02.097 [INFO]  [Validating] >   Not worth caching
12:23:02.097 [INFO]  [Validating] > Skipping task ':detekt-rules-exceptions:processResources' as it is up-to-date.
12:23:02.097 [INFO]  [Validating] > 
12:23:02.097 [INFO]  [Validating] > > Task :detekt-psi-utils:compileKotlin UP-TO-DATE
12:23:02.097 [INFO]  [Validating] > Transforming kotlin-compiler-embeddable-1.8.22.jar with ClasspathEntrySnapshotTransform
12:23:02.097 [INFO]  [Validating] > Transforming kotlin-stdlib-jdk8-1.8.22.jar with ClasspathEntrySnapshotTransform
12:23:02.097 [INFO]  [Validating] > Transforming kotlin-stdlib-jdk7-1.8.22.jar with ClasspathEntrySnapshotTransform
12:23:02.097 [INFO]  [Validating] > Transforming kotlin-stdlib-1.8.22.jar with ClasspathEntrySnapshotTransform
12:23:02.097 [INFO]  [Validating] > Transforming kotlin-stdlib-common-1.8.22.jar with ClasspathEntrySnapshotTransform
12:23:02.097 [INFO]  [Validating] > Transforming annotations-13.0.jar with ClasspathEntrySnapshotTransform
12:23:02.097 [INFO]  [Validating] > Build cache key for task ':detekt-psi-utils:compileKotlin' is c72e17ff81c85e7351df478815002d0c
12:23:02.097 [INFO]  [Validating] > Skipping task ':detekt-psi-utils:compileKotlin' as it is up-to-date.
12:23:02.097 [INFO]  [Validating] > Resolve mutations for :detekt-psi-utils:compileJava (Thread[Execution worker,5,main]) started.
12:23:02.097 [INFO]  [Validating] > :detekt-rules-style:processResources (Thread[Execution worker Thread 9,5,main]) started.
12:23:02.097 [INFO]  [Validating] > :detekt-rules-empty:processResources (Thread[Execution worker Thread 5,5,main]) started.
12:23:02.097 [INFO]  [Validating] > 
12:23:02.097 [INFO]  [Validating] > > Task :detekt-rules-errorprone:processResources UP-TO-DATE
12:23:02.097 [INFO]  [Validating] > Caching disabled for task ':detekt-rules-errorprone:processResources' because:
12:23:02.097 [INFO]  [Validating] >   Not worth caching
12:23:02.097 [INFO]  [Validating] > Skipping task ':detekt-rules-errorprone:processResources' as it is up-to-date.
12:23:02.097 [INFO]  [Validating] > Resolve mutations for :detekt-tooling:processResources (Thread[Execution worker Thread 3,5,main]) started.
12:23:02.097 [INFO]  [Validating] > work action resolve main (project :detekt-psi-utils) (Thread[Execution worker Thread 8,5,main]) started.
12:23:02.097 [INFO]  [Validating] > :detekt-tooling:processResources (Thread[Execution worker Thread 3,5,main]) started.
12:23:02.097 [INFO]  [Validating] > Resolve mutations for :detekt-utils:processResources (Thread[Execution worker Thread 8,5,main]) started.
12:23:02.097 [INFO]  [Validating] > Resolve mutations for :detekt-test-utils:processResources (Thread[Execution worker Thread 6,5,main]) started.
12:23:02.097 [INFO]  [Validating] > :detekt-rules-naming:processResources (Thread[Execution worker Thread 7,5,main]) started.
12:23:02.097 [INFO]  [Validating] > :detekt-test-utils:processResources (Thread[Execution worker Thread 6,5,main]) started.
12:23:02.097 [INFO]  [Validating] > :detekt-utils:processResources (Thread[Execution worker Thread 8,5,main]) started.
12:23:02.097 [INFO]  [Validating] > :detekt-rules:compileJava (Thread[included builds,5,main]) started.
12:23:02.097 [INFO]  [Validating] > 
12:23:02.097 [INFO]  [Validating] > > Task :detekt-rules-performance:processResources UP-TO-DATE
12:23:02.097 [INFO]  [Validating] > Caching disabled for task ':detekt-rules-performance:processResources' because:
12:23:02.097 [INFO]  [Validating] >   Not worth caching
12:23:02.097 [INFO]  [Validating] > Skipping task ':detekt-rules-performance:processResources' as it is up-to-date.
12:23:02.097 [INFO]  [Validating] > :detekt-psi-utils:compileJava (Thread[Execution worker,5,main]) started.
12:23:02.097 [INFO]  [Validating] > 
12:23:02.097 [INFO]  [Validating] > > Task :detekt-rules-empty:processResources UP-TO-DATE
12:23:02.097 [INFO]  [Validating] > Caching disabled for task ':detekt-rules-empty:processResources' because:
12:23:02.097 [INFO]  [Validating] >   Not worth caching
12:23:02.097 [INFO]  [Validating] > Skipping task ':detekt-rules-empty:processResources' as it is up-to-date.
12:23:02.097 [INFO]  [Validating] > 
12:23:02.097 [INFO]  [Validating] > > Task :detekt-rules-style:processResources UP-TO-DATE
12:23:02.097 [INFO]  [Validating] > Caching disabled for task ':detekt-rules-style:processResources' because:
12:23:02.097 [INFO]  [Validating] >   Not worth caching
12:23:02.097 [INFO]  [Validating] > Skipping task ':detekt-rules-style:processResources' as it is up-to-date.
12:23:02.097 [INFO]  [Validating] > 
12:23:02.097 [INFO]  [Validating] > > Task :detekt-tooling:processResources NO-SOURCE
12:23:02.097 [INFO]  [Validating] > Skipping task ':detekt-tooling:processResources' as it has no source files and no previous output files.
12:23:02.097 [INFO]  [Validating] > 
12:23:02.097 [INFO]  [Validating] > > Task :detekt-utils:compileKotlin UP-TO-DATE
12:23:02.097 [INFO]  [Validating] > Transforming kotlin-stdlib-jdk8-1.8.22.jar with ClasspathEntrySnapshotTransform
12:23:02.097 [INFO]  [Validating] > Transforming kotlin-stdlib-jdk7-1.8.22.jar with ClasspathEntrySnapshotTransform
12:23:02.097 [INFO]  [Validating] > Transforming kotlin-stdlib-1.8.22.jar with ClasspathEntrySnapshotTransform
12:23:02.097 [INFO]  [Validating] > Transforming kotlin-stdlib-common-1.8.22.jar with ClasspathEntrySnapshotTransform
12:23:02.097 [INFO]  [Validating] > Transforming annotations-13.0.jar with ClasspathEntrySnapshotTransform
12:23:02.097 [INFO]  [Validating] > Build cache key for task ':detekt-utils:compileKotlin' is 4bc3c8215f701e9ef21d31281b92246d
12:23:02.097 [INFO]  [Validating] > Skipping task ':detekt-utils:compileKotlin' as it is up-to-date.
12:23:02.097 [INFO]  [Validating] > work action resolve main (project :detekt-utils) (Thread[Execution worker Thread 9,5,main]) started.
12:23:02.097 [INFO]  [Validating] > 
12:23:02.097 [INFO]  [Validating] > > Task :detekt-utils:processResources NO-SOURCE
12:23:02.097 [INFO]  [Validating] > Skipping task ':detekt-utils:processResources' as it has no source files and no previous output files.
12:23:02.097 [INFO]  [Validating] > 
12:23:02.097 [INFO]  [Validating] > > Task :detekt-rules:compileJava NO-SOURCE
12:23:02.098 [INFO]  [Validating] > Skipping task ':detekt-rules:compileJava' as it has no source files and no previous output files.
12:23:02.098 [INFO]  [Validating] > 
12:23:02.098 [INFO]  [Validating] > > Task :detekt-test-utils:processResources NO-SOURCE
12:23:02.098 [INFO]  [Validating] > Skipping task ':detekt-test-utils:processResources' as it has no source files and no previous output files.
12:23:02.098 [INFO]  [Validating] > Resolve mutations for :detekt-rules:classes (Thread[included builds,5,main]) started.
12:23:02.098 [INFO]  [Validating] > Resolve mutations for :detekt-utils:compileJava (Thread[Execution worker Thread 2,5,main]) started.
12:23:02.098 [INFO]  [Validating] > :detekt-rules:classes (Thread[included builds,5,main]) started.
12:23:02.098 [INFO]  [Validating] > 
12:23:02.098 [INFO]  [Validating] > > Task :detekt-psi-utils:compileJava NO-SOURCE
12:23:02.098 [INFO]  [Validating] > Skipping task ':detekt-psi-utils:compileJava' as it has no source files and no previous output files.
12:23:02.098 [INFO]  [Validating] > :detekt-utils:compileJava (Thread[Execution worker Thread 6,5,main]) started.
12:23:02.098 [INFO]  [Validating] > Resolve mutations for :detekt-psi-utils:classes (Thread[Execution worker Thread 2,5,main]) started.
12:23:02.098 [INFO]  [Validating] > work action resolve main (project :detekt-psi-utils) (Thread[Execution worker Thread 8,5,main]) started.
12:23:02.098 [INFO]  [Validating] > work action resolve main (project :detekt-psi-utils) (Thread[Execution worker,5,main]) started.
12:23:02.098 [INFO]  [Validating] > :detekt-psi-utils:classes (Thread[Execution worker Thread 2,5,main]) started.
12:23:02.098 [INFO]  [Validating] > 
12:23:02.098 [INFO]  [Validating] > > Task :detekt-rules:classes UP-TO-DATE
12:23:02.098 [INFO]  [Validating] > Skipping task ':detekt-rules:classes' as it has no actions.
12:23:02.098 [INFO]  [Validating] > 
12:23:02.098 [INFO]  [Validating] > > Task :detekt-psi-utils:classes UP-TO-DATE
12:23:02.098 [INFO]  [Validating] > Skipping task ':detekt-psi-utils:classes' as it has no actions.
12:23:02.098 [INFO]  [Validating] > 
12:23:02.098 [INFO]  [Validating] > > Task :detekt-rules-naming:processResources UP-TO-DATE
12:23:02.098 [INFO]  [Validating] > Caching disabled for task ':detekt-rules-naming:processResources' because:
12:23:02.098 [INFO]  [Validating] >   Not worth caching
12:23:02.098 [INFO]  [Validating] > Skipping task ':detekt-rules-naming:processResources' as it is up-to-date.
12:23:02.098 [INFO]  [Validating] > Resolve mutations for :detekt-psi-utils:jar (Thread[Execution worker Thread 2,5,main]) started.
12:23:02.098 [INFO]  [Validating] > Resolve mutations for :detekt-parser:compileKotlin (Thread[Execution worker,5,main]) started.
12:23:02.098 [INFO]  [Validating] > Resolve mutations for :detekt-rules:jar (Thread[included builds,5,main]) started.
12:23:02.098 [INFO]  [Validating] > :detekt-psi-utils:jar (Thread[Execution worker Thread 2,5,main]) started.
12:23:02.098 [INFO]  [Validating] > :detekt-rules:jar (Thread[included builds,5,main]) started.
12:23:02.098 [INFO]  [Validating] > :detekt-parser:compileKotlin (Thread[Execution worker,5,main]) started.
12:23:02.098 [INFO]  [Validating] > 
12:23:02.098 [INFO]  [Validating] > > Task :detekt-utils:compileJava NO-SOURCE
12:23:02.098 [INFO]  [Validating] > Skipping task ':detekt-utils:compileJava' as it has no source files and no previous output files.
12:23:02.098 [INFO]  [Validating] > work action resolve main (project :detekt-utils) (Thread[Execution worker Thread 6,5,main]) started.
12:23:02.098 [INFO]  [Validating] > work action resolve main (project :detekt-utils) (Thread[Execution worker Thread 6,5,main]) started.
12:23:02.098 [INFO]  [Validating] > Resolve mutations for :detekt-api:compileKotlin (Thread[Execution worker Thread 6,5,main]) started.
12:23:02.098 [INFO]  [Validating] > Resolve mutations for :detekt-utils:classes (Thread[Execution worker Thread 9,5,main]) started.
12:23:02.098 [INFO]  [Validating] > :detekt-api:compileKotlin (Thread[Execution worker Thread 6,5,main]) started.
12:23:02.098 [INFO]  [Validating] > :detekt-utils:classes (Thread[Execution worker Thread 9,5,main]) started.
12:23:02.098 [INFO]  [Validating] > 
12:23:02.098 [INFO]  [Validating] > > Task :detekt-utils:classes UP-TO-DATE
12:23:02.098 [INFO]  [Validating] > Skipping task ':detekt-utils:classes' as it has no actions.
12:23:02.098 [INFO]  [Validating] > Resolve mutations for :detekt-utils:jar (Thread[Execution worker Thread 9,5,main]) started.
12:23:02.098 [INFO]  [Validating] > :detekt-utils:jar (Thread[Execution worker Thread 9,5,main]) started.
12:23:02.098 [INFO]  [Validating] > 
12:23:02.098 [INFO]  [Validating] > > Task :detekt-parser:compileKotlin UP-TO-DATE
12:23:02.098 [INFO]  [Validating] > Transforming main with ClasspathEntrySnapshotTransform
12:23:02.098 [INFO]  [Validating] > Transforming kotlin-compiler-embeddable-1.8.22.jar with ClasspathEntrySnapshotTransform
12:23:02.098 [INFO]  [Validating] > Transforming kotlin-stdlib-jdk8-1.8.22.jar with ClasspathEntrySnapshotTransform
12:23:02.098 [INFO]  [Validating] > Transforming contester-breakpoint-0.2.0.jar with ClasspathEntrySnapshotTransform
12:23:02.098 [INFO]  [Validating] > Transforming kotlin-stdlib-jdk7-1.8.22.jar with ClasspathEntrySnapshotTransform
12:23:02.098 [INFO]  [Validating] > Transforming kotlin-stdlib-1.8.22.jar with ClasspathEntrySnapshotTransform
12:23:02.098 [INFO]  [Validating] > Transforming kotlin-stdlib-common-1.8.22.jar with ClasspathEntrySnapshotTransform
12:23:02.098 [INFO]  [Validating] > Transforming annotations-13.0.jar with ClasspathEntrySnapshotTransform
12:23:02.098 [INFO]  [Validating] > Build cache key for task ':detekt-parser:compileKotlin' is 9ce217c383476588a3779d923d7b0bdd
12:23:02.098 [INFO]  [Validating] > Skipping task ':detekt-parser:compileKotlin' as it is up-to-date.
12:23:02.098 [INFO]  [Validating] > Resolve mutations for :detekt-parser:compileJava (Thread[Execution worker,5,main]) started.
12:23:02.098 [INFO]  [Validating] > work action resolve main (project :detekt-parser) (Thread[Execution worker Thread 8,5,main]) started.
12:23:02.098 [INFO]  [Validating] > :detekt-parser:compileJava (Thread[Execution worker,5,main]) started.
12:23:02.098 [INFO]  [Validating] > 
12:23:02.098 [INFO]  [Validating] > > Task :detekt-api:compileKotlin UP-TO-DATE
12:23:02.098 [INFO]  [Validating] > Transforming main with ClasspathEntrySnapshotTransform
12:23:02.098 [INFO]  [Validating] > Transforming kotlin-compiler-embeddable-1.8.22.jar with ClasspathEntrySnapshotTransform
12:23:02.098 [INFO]  [Validating] > Transforming main with ClasspathEntrySnapshotTransform
12:23:02.098 [INFO]  [Validating] > Transforming kotlin-stdlib-jdk8-1.8.22.jar with ClasspathEntrySnapshotTransform
12:23:02.098 [INFO]  [Validating] > Transforming kotlin-stdlib-jdk7-1.8.22.jar with ClasspathEntrySnapshotTransform
12:23:02.098 [INFO]  [Validating] > Transforming kotlin-stdlib-1.8.22.jar with ClasspathEntrySnapshotTransform
12:23:02.098 [INFO]  [Validating] > Transforming kotlin-stdlib-common-1.8.22.jar with ClasspathEntrySnapshotTransform
12:23:02.098 [INFO]  [Validating] > Transforming annotations-13.0.jar with ClasspathEntrySnapshotTransform
12:23:02.098 [INFO]  [Validating] > Build cache key for task ':detekt-api:compileKotlin' is bc24205c2f4f61f8518d6a26cd3c1b64
12:23:02.098 [INFO]  [Validating] > Skipping task ':detekt-api:compileKotlin' as it is up-to-date.
12:23:02.098 [INFO]  [Validating] > Resolve mutations for :detekt-api:compileJava (Thread[Execution worker Thread 6,5,main]) started.
12:23:02.098 [INFO]  [Validating] > work action resolve main (project :detekt-api) (Thread[Execution worker Thread 7,5,main]) started.
12:23:02.098 [INFO]  [Validating] > :detekt-api:compileJava (Thread[Execution worker Thread 6,5,main]) started.
12:23:02.098 [INFO]  [Validating] > 
12:23:02.098 [INFO]  [Validating] > > Task :detekt-parser:compileJava NO-SOURCE
12:23:02.098 [INFO]  [Validating] > Skipping task ':detekt-parser:compileJava' as it has no source files and no previous output files.
12:23:02.098 [INFO]  [Validating] > work action resolve main (project :detekt-parser) (Thread[Execution worker,5,main]) started.
12:23:02.098 [INFO]  [Validating] > Resolve mutations for :detekt-parser:classes (Thread[Execution worker Thread 7,5,main]) started.
12:23:02.098 [INFO]  [Validating] > work action resolve main (project :detekt-parser) (Thread[Execution worker Thread 8,5,main]) started.
12:23:02.098 [INFO]  [Validating] > 
12:23:02.098 [INFO]  [Validating] > > Task :detekt-api:compileJava NO-SOURCE
12:23:02.098 [INFO]  [Validating] > Skipping task ':detekt-api:compileJava' as it has no source files and no previous output files.
12:23:02.098 [INFO]  [Validating] > Resolve mutations for :detekt-test-utils:compileKotlin (Thread[Execution worker Thread 3,5,main]) started.
12:23:02.098 [INFO]  [Validating] > :detekt-parser:classes (Thread[Execution worker Thread 7,5,main]) started.
12:23:02.098 [INFO]  [Validating] > work action resolve main (project :detekt-api) (Thread[Execution worker Thread 4,5,main]) started.
12:23:02.098 [INFO]  [Validating] > Resolve mutations for :detekt-api:classes (Thread[Execution worker Thread 6,5,main]) started.
12:23:02.098 [INFO]  [Validating] > :detekt-test-utils:compileKotlin (Thread[Execution worker Thread 3,5,main]) started.
12:23:02.098 [INFO]  [Validating] > work action resolve main (project :detekt-api) (Thread[Execution worker,5,main]) started.
12:23:02.098 [INFO]  [Validating] > 
12:23:02.098 [INFO]  [Validating] > > Task :detekt-parser:classes UP-TO-DATE
12:23:02.098 [INFO]  [Validating] > Skipping task ':detekt-parser:classes' as it has no actions.
12:23:02.098 [INFO]  [Validating] > :detekt-api:classes (Thread[Execution worker Thread 4,5,main]) started.
12:23:02.098 [INFO]  [Validating] > Resolve mutations for :detekt-report-txt:compileKotlin (Thread[Execution worker Thread 6,5,main]) started.
12:23:02.098 [INFO]  [Validating] > Resolve mutations for :detekt-report-xml:compileKotlin (Thread[Execution worker Thread 8,5,main]) started.
12:23:02.098 [INFO]  [Validating] > :detekt-report-txt:compileKotlin (Thread[Execution worker Thread 6,5,main]) started.
12:23:02.098 [INFO]  [Validating] > Resolve mutations for :detekt-metrics:compileKotlin (Thread[Execution worker Thread 7,5,main]) started.
12:23:02.098 [INFO]  [Validating] > Resolve mutations for :detekt-tooling:compileKotlin (Thread[Execution worker,5,main]) started.
12:23:02.098 [INFO]  [Validating] > :detekt-report-xml:compileKotlin (Thread[Execution worker Thread 8,5,main]) started.
12:23:02.098 [INFO]  [Validating] > Resolve mutations for :detekt-parser:jar (Thread[Execution worker Thread 5,5,main]) started.
12:23:02.098 [INFO]  [Validating] > 
12:23:02.098 [INFO]  [Validating] > > Task :detekt-api:classes UP-TO-DATE
12:23:02.098 [INFO]  [Validating] > Skipping task ':detekt-api:classes' as it has no actions.
12:23:02.098 [INFO]  [Validating] > Resolve mutations for :detekt-api:jar (Thread[Execution worker Thread 4,5,main]) started.
12:23:02.098 [INFO]  [Validating] > :detekt-tooling:compileKotlin (Thread[Execution worker,5,main]) started.
12:23:02.098 [INFO]  [Validating] > :detekt-metrics:compileKotlin (Thread[Execution worker Thread 7,5,main]) started.
12:23:02.098 [INFO]  [Validating] > :detekt-parser:jar (Thread[Execution worker Thread 5,5,main]) started.
12:23:02.098 [INFO]  [Validating] > :detekt-api:jar (Thread[Execution worker Thread 4,5,main]) started.
12:23:02.098 [INFO]  [Validating] > 
12:23:02.098 [INFO]  [Validating] > > Task :detekt-rules:jar UP-TO-DATE
12:23:02.098 [INFO]  [Validating] > Caching disabled for task ':detekt-rules:jar' because:
12:23:02.098 [INFO]  [Validating] >   Not worth caching
12:23:02.098 [INFO]  [Validating] > Skipping task ':detekt-rules:jar' as it is up-to-date.
12:23:02.098 [INFO]  [Validating] > Resolve mutations for :detekt-rules-coroutines:compileKotlin (Thread[included builds,5,main]) started.
12:23:02.098 [INFO]  [Validating] > 
12:23:02.098 [INFO]  [Validating] > > Task :detekt-psi-utils:jar UP-TO-DATE
12:23:02.098 [INFO]  [Validating] > Caching disabled for task ':detekt-psi-utils:jar' because:
12:23:02.098 [INFO]  [Validating] >   Not worth caching
12:23:02.098 [INFO]  [Validating] > Skipping task ':detekt-psi-utils:jar' as it is up-to-date.
12:23:02.098 [INFO]  [Validating] > :detekt-rules-coroutines:compileKotlin (Thread[included builds,5,main]) started.
12:23:02.098 [INFO]  [Validating] > 
12:23:02.098 [INFO]  [Validating] > > Task :detekt-metrics:compileKotlin UP-TO-DATE
12:23:02.098 [INFO]  [Validating] > Transforming main with ClasspathEntrySnapshotTransform
12:23:02.098 [INFO]  [Validating] > Transforming main with ClasspathEntrySnapshotTransform
12:23:02.098 [INFO]  [Validating] > Transforming kotlin-stdlib-jdk8-1.8.22.jar with ClasspathEntrySnapshotTransform
12:23:02.098 [INFO]  [Validating] > Transforming kotlin-compiler-embeddable-1.8.22.jar with ClasspathEntrySnapshotTransform
12:23:02.098 [INFO]  [Validating] > Transforming kotlin-stdlib-jdk7-1.8.22.jar with ClasspathEntrySnapshotTransform
12:23:02.098 [INFO]  [Validating] > Transforming kotlin-stdlib-1.8.22.jar with ClasspathEntrySnapshotTransform
12:23:02.098 [INFO]  [Validating] > Transforming kotlin-stdlib-common-1.8.22.jar with ClasspathEntrySnapshotTransform
12:23:02.098 [INFO]  [Validating] > Transforming annotations-13.0.jar with ClasspathEntrySnapshotTransform
12:23:02.098 [INFO]  [Validating] > Build cache key for task ':detekt-metrics:compileKotlin' is e1aa4271b4005c352ebbc96b71bde128
12:23:02.098 [INFO]  [Validating] > Skipping task ':detekt-metrics:compileKotlin' as it is up-to-date.
12:23:02.098 [INFO]  [Validating] > 
12:23:02.098 [INFO]  [Validating] > > Task :detekt-report-xml:compileKotlin UP-TO-DATE
12:23:02.098 [INFO]  [Validating] > Transforming main with ClasspathEntrySnapshotTransform
12:23:02.098 [INFO]  [Validating] > Transforming main with ClasspathEntrySnapshotTransform
12:23:02.099 [INFO]  [Validating] > Transforming kotlin-stdlib-jdk8-1.8.22.jar with ClasspathEntrySnapshotTransform
12:23:02.099 [INFO]  [Validating] > Transforming kotlin-stdlib-jdk7-1.8.22.jar with ClasspathEntrySnapshotTransform
12:23:02.099 [INFO]  [Validating] > Transforming kotlin-stdlib-1.8.22.jar with ClasspathEntrySnapshotTransform
12:23:02.099 [INFO]  [Validating] > Transforming kotlin-compiler-embeddable-1.8.22.jar with ClasspathEntrySnapshotTransform
12:23:02.099 [INFO]  [Validating] > Transforming kotlin-stdlib-common-1.8.22.jar with ClasspathEntrySnapshotTransform
12:23:02.099 [INFO]  [Validating] > Transforming annotations-13.0.jar with ClasspathEntrySnapshotTransform
12:23:02.099 [INFO]  [Validating] > Build cache key for task ':detekt-report-xml:compileKotlin' is 1acdddef0677e48be7307f9ab589f2f5
12:23:02.099 [INFO]  [Validating] > Skipping task ':detekt-report-xml:compileKotlin' as it is up-to-date.
12:23:02.099 [INFO]  [Validating] > Resolve mutations for :detekt-rules-documentation:compileKotlin (Thread[Execution worker Thread 2,5,main]) started.
12:23:02.099 [INFO]  [Validating] > work action resolve main (project :detekt-metrics) (Thread[Execution worker Thread 8,5,main]) started.
12:23:02.099 [INFO]  [Validating] > Resolve mutations for :detekt-report-xml:compileJava (Thread[Execution worker Thread 8,5,main]) started.
12:23:02.099 [INFO]  [Validating] > work action resolve main (project :detekt-report-xml) (Thread[Execution worker Thread 2,5,main]) started.
12:23:02.099 [INFO]  [Validating] > Resolve mutations for :detekt-metrics:compileJava (Thread[Execution worker Thread 7,5,main]) started.
12:23:02.099 [INFO]  [Validating] > 
12:23:02.099 [INFO]  [Validating] > > Task :detekt-report-txt:compileKotlin UP-TO-DATE
12:23:02.099 [INFO]  [Validating] > Transforming main with ClasspathEntrySnapshotTransform
12:23:02.099 [INFO]  [Validating] > Transforming main with ClasspathEntrySnapshotTransform
12:23:02.099 [INFO]  [Validating] > Transforming kotlin-stdlib-jdk8-1.8.22.jar with ClasspathEntrySnapshotTransform
12:23:02.099 [INFO]  [Validating] > Transforming kotlin-stdlib-jdk7-1.8.22.jar with ClasspathEntrySnapshotTransform
12:23:02.099 [INFO]  [Validating] > Transforming kotlin-stdlib-1.8.22.jar with ClasspathEntrySnapshotTransform
12:23:02.099 [INFO]  [Validating] > Transforming kotlin-compiler-embeddable-1.8.22.jar with ClasspathEntrySnapshotTransform
12:23:02.099 [INFO]  [Validating] > Transforming kotlin-stdlib-common-1.8.22.jar with ClasspathEntrySnapshotTransform
12:23:02.099 [INFO]  [Validating] > Transforming annotations-13.0.jar with ClasspathEntrySnapshotTransform
12:23:02.099 [INFO]  [Validating] > Build cache key for task ':detekt-report-txt:compileKotlin' is 3ded245b414360810ee29353612bdefd
12:23:02.099 [INFO]  [Validating] > Skipping task ':detekt-report-txt:compileKotlin' as it is up-to-date.
12:23:02.099 [INFO]  [Validating] > Resolve mutations for :detekt-report-txt:compileJava (Thread[Execution worker Thread 6,5,main]) started.
12:23:02.099 [INFO]  [Validating] > :detekt-report-xml:compileJava (Thread[Execution worker Thread 8,5,main]) started.
12:23:02.099 [INFO]  [Validating] > :detekt-metrics:compileJava (Thread[Execution worker Thread 7,5,main]) started.
12:23:02.099 [INFO]  [Validating] > :detekt-report-txt:compileJava (Thread[Execution worker Thread 6,5,main]) started.
12:23:02.099 [INFO]  [Validating] > 
12:23:02.099 [INFO]  [Validating] > > Task :detekt-tooling:compileKotlin UP-TO-DATE
12:23:02.099 [INFO]  [Validating] > Transforming main with ClasspathEntrySnapshotTransform
12:23:02.099 [INFO]  [Validating] > Transforming main with ClasspathEntrySnapshotTransform
12:23:02.099 [INFO]  [Validating] > Transforming kotlin-stdlib-jdk8-1.8.22.jar with ClasspathEntrySnapshotTransform
12:23:02.099 [INFO]  [Validating] > Transforming kotlin-compiler-embeddable-1.8.22.jar with ClasspathEntrySnapshotTransform
12:23:02.099 [INFO]  [Validating] > Transforming kotlin-stdlib-jdk7-1.8.22.jar with ClasspathEntrySnapshotTransform
12:23:02.099 [INFO]  [Validating] > Transforming kotlin-stdlib-1.8.22.jar with ClasspathEntrySnapshotTransform
12:23:02.099 [INFO]  [Validating] > Transforming kotlin-stdlib-common-1.8.22.jar with ClasspathEntrySnapshotTransform
12:23:02.099 [INFO]  [Validating] > Transforming annotations-13.0.jar with ClasspathEntrySnapshotTransform
12:23:02.099 [INFO]  [Validating] > Build cache key for task ':detekt-tooling:compileKotlin' is 9cd58a4ffb79657c01c8319bf5870a6f
12:23:02.099 [INFO]  [Validating] > Skipping task ':detekt-tooling:compileKotlin' as it is up-to-date.
12:23:02.099 [INFO]  [Validating] > :detekt-rules-documentation:compileKotlin (Thread[Execution worker Thread 2,5,main]) started.
12:23:02.099 [INFO]  [Validating] > 
12:23:02.099 [INFO]  [Validating] > > Task :detekt-utils:jar UP-TO-DATE
12:23:02.099 [INFO]  [Validating] > Caching disabled for task ':detekt-utils:jar' because:
12:23:02.099 [INFO]  [Validating] >   Not worth caching
12:23:02.099 [INFO]  [Validating] > Skipping task ':detekt-utils:jar' as it is up-to-date.
12:23:02.099 [INFO]  [Validating] > Resolve mutations for :detekt-tooling:compileJava (Thread[Execution worker,5,main]) started.
12:23:02.099 [INFO]  [Validating] > :detekt-tooling:compileJava (Thread[Execution worker,5,main]) started.
12:23:02.099 [INFO]  [Validating] > work action resolve main (project :detekt-tooling) (Thread[Execution worker Thread 9,5,main]) started.
12:23:02.099 [INFO]  [Validating] > 
12:23:02.099 [INFO]  [Validating] > > Task :detekt-metrics:compileJava NO-SOURCE
12:23:02.099 [INFO]  [Validating] > Skipping task ':detekt-metrics:compileJava' as it has no source files and no previous output files.
12:23:02.099 [INFO]  [Validating] > work action resolve main (project :detekt-report-txt) (Thread[Execution worker Thread 9,5,main]) started.
12:23:02.099 [INFO]  [Validating] > 
12:23:02.099 [INFO]  [Validating] > > Task :detekt-report-xml:compileJava NO-SOURCE
12:23:02.099 [INFO]  [Validating] > Skipping task ':detekt-report-xml:compileJava' as it has no source files and no previous output files.
12:23:02.099 [INFO]  [Validating] > 
12:23:02.099 [INFO]  [Validating] > > Task :detekt-report-txt:compileJava NO-SOURCE
12:23:02.099 [INFO]  [Validating] > Skipping task ':detekt-report-txt:compileJava' as it has no source files and no previous output files.
12:23:02.099 [INFO]  [Validating] > work action resolve main (project :detekt-report-xml) (Thread[Execution worker Thread 6,5,main]) started.
12:23:02.099 [INFO]  [Validating] > work action resolve main (project :detekt-report-xml) (Thread[Execution worker Thread 8,5,main]) started.
12:23:02.099 [INFO]  [Validating] > work action resolve main (project :detekt-report-txt) (Thread[Execution worker Thread 8,5,main]) started.
12:23:02.099 [INFO]  [Validating] > Resolve mutations for :detekt-metrics:classes (Thread[Execution worker Thread 8,5,main]) started.
12:23:02.099 [INFO]  [Validating] > :detekt-metrics:classes (Thread[Execution worker Thread 8,5,main]) started.
12:23:02.099 [INFO]  [Validating] > work action resolve main (project :detekt-metrics) (Thread[Execution worker Thread 9,5,main]) started.
12:23:02.099 [INFO]  [Validating] > work action resolve main (project :detekt-metrics) (Thread[Execution worker Thread 7,5,main]) started.
12:23:02.099 [INFO]  [Validating] > Resolve mutations for :detekt-report-html:compileKotlin (Thread[Execution worker Thread 7,5,main]) started.
12:23:02.099 [INFO]  [Validating] > 
12:23:02.099 [INFO]  [Validating] > > Task :detekt-tooling:compileJava NO-SOURCE
12:23:02.099 [INFO]  [Validating] > Skipping task ':detekt-tooling:compileJava' as it has no source files and no previous output files.
12:23:02.099 [INFO]  [Validating] > 
12:23:02.099 [INFO]  [Validating] > > Task :detekt-api:jar UP-TO-DATE
12:23:02.099 [INFO]  [Validating] > Caching disabled for task ':detekt-api:jar' because:
12:23:02.099 [INFO]  [Validating] >   Not worth caching
12:23:02.099 [INFO]  [Validating] > Skipping task ':detekt-api:jar' as it is up-to-date.
12:23:02.099 [INFO]  [Validating] > work action resolve main (project :detekt-tooling) (Thread[Execution worker Thread 7,5,main]) started.
12:23:02.099 [INFO]  [Validating] > Resolve mutations for :detekt-report-txt:classes (Thread[Execution worker Thread 9,5,main]) started.
12:23:02.099 [INFO]  [Validating] > :detekt-report-txt:classes (Thread[Execution worker Thread 9,5,main]) started.
12:23:02.099 [INFO]  [Validating] > work action resolve main (project :detekt-report-txt) (Thread[Execution worker Thread 6,5,main]) started.
12:23:02.099 [INFO]  [Validating] > Resolve mutations for :detekt-report-xml:classes (Thread[Execution worker Thread 6,5,main]) started.
12:23:02.099 [INFO]  [Validating] > 
12:23:02.099 [INFO]  [Validating] > > Task :detekt-report-txt:classes UP-TO-DATE
12:23:02.099 [INFO]  [Validating] > Skipping task ':detekt-report-txt:classes' as it has no actions.
12:23:02.099 [INFO]  [Validating] > :detekt-report-xml:classes (Thread[Execution worker Thread 6,5,main]) started.
12:23:02.099 [INFO]  [Validating] > 
12:23:02.099 [INFO]  [Validating] > > Task :detekt-parser:jar UP-TO-DATE
12:23:02.099 [INFO]  [Validating] > Caching disabled for task ':detekt-parser:jar' because:
12:23:02.099 [INFO]  [Validating] >   Not worth caching
12:23:02.099 [INFO]  [Validating] > Skipping task ':detekt-parser:jar' as it is up-to-date.
12:23:02.099 [INFO]  [Validating] > 
12:23:02.099 [INFO]  [Validating] > > Task :detekt-test-utils:compileKotlin UP-TO-DATE
12:23:02.099 [INFO]  [Validating] > Transforming main with ClasspathEntrySnapshotTransform
12:23:02.099 [INFO]  [Validating] > Transforming kotlinx-coroutines-core-jvm-1.7.2.jar with ClasspathEntrySnapshotTransform
12:23:02.099 [INFO]  [Validating] > Transforming kotlin-stdlib-jdk8-1.8.22.jar with ClasspathEntrySnapshotTransform
12:23:02.099 [INFO]  [Validating] > Transforming junit-platform-commons-1.9.3.jar with ClasspathEntrySnapshotTransform
12:23:02.099 [INFO]  [Validating] > Transforming junit-jupiter-api-5.9.3.jar with ClasspathEntrySnapshotTransform
12:23:02.099 [INFO]  [Validating] > Transforming kotlin-main-kts-1.8.22.jar with ClasspathEntrySnapshotTransform
12:23:02.099 [INFO]  [Validating] > Transforming kotlin-stdlib-jdk7-1.8.22.jar with ClasspathEntrySnapshotTransform
12:23:02.099 [INFO]  [Validating] > Transforming kotlin-stdlib-1.8.22.jar with ClasspathEntrySnapshotTransform
12:23:02.099 [INFO]  [Validating] > Transforming opentest4j-1.2.0.jar with ClasspathEntrySnapshotTransform
12:23:02.099 [INFO]  [Validating] > Transforming apiguardian-api-1.1.2.jar with ClasspathEntrySnapshotTransform
12:23:02.099 [INFO]  [Validating] > Transforming kotlin-compiler-embeddable-1.8.22.jar with ClasspathEntrySnapshotTransform
12:23:02.099 [INFO]  [Validating] > Transforming kotlin-stdlib-common-1.8.22.jar with ClasspathEntrySnapshotTransform
12:23:02.099 [INFO]  [Validating] > Transforming annotations-23.0.0.jar with ClasspathEntrySnapshotTransform
12:23:02.099 [INFO]  [Validating] > Build cache key for task ':detekt-test-utils:compileKotlin' is 7738ee7998b37343d969d1bd0c068d5b
12:23:02.099 [INFO]  [Validating] > Skipping task ':detekt-test-utils:compileKotlin' as it is up-to-date.
12:23:02.099 [INFO]  [Validating] > Resolve mutations for :detekt-report-md:compileKotlin (Thread[Execution worker Thread 7,5,main]) started.
12:23:02.099 [INFO]  [Validating] > Resolve mutations for :detekt-test-utils:compileJava (Thread[Execution worker Thread 3,5,main]) started.
12:23:02.099 [INFO]  [Validating] > :detekt-report-html:compileKotlin (Thread[Execution worker Thread 4,5,main]) started.
12:23:02.099 [INFO]  [Validating] > work action resolve main (project :detekt-tooling) (Thread[Execution worker,5,main]) started.
12:23:02.099 [INFO]  [Validating] > :detekt-report-md:compileKotlin (Thread[Execution worker Thread 7,5,main]) started.
12:23:02.099 [INFO]  [Validating] > work action resolve main (project :detekt-test-utils) (Thread[Execution worker Thread 5,5,main]) started.
12:23:02.099 [INFO]  [Validating] > 
12:23:02.099 [INFO]  [Validating] > > Task :detekt-metrics:classes UP-TO-DATE
12:23:02.099 [INFO]  [Validating] > Skipping task ':detekt-metrics:classes' as it has no actions.
12:23:02.099 [INFO]  [Validating] > 
12:23:02.099 [INFO]  [Validating] > > Task :detekt-report-xml:classes UP-TO-DATE
12:23:02.099 [INFO]  [Validating] > Skipping task ':detekt-report-xml:classes' as it has no actions.
12:23:02.099 [INFO]  [Validating] > 
12:23:02.099 [INFO]  [Validating] > > Task :detekt-rules-documentation:compileKotlin UP-TO-DATE
12:23:02.099 [INFO]  [Validating] > Transforming main with ClasspathEntrySnapshotTransform
12:23:02.099 [INFO]  [Validating] > Transforming main with ClasspathEntrySnapshotTransform
12:23:02.099 [INFO]  [Validating] > Transforming kotlin-stdlib-jdk8-1.8.22.jar with ClasspathEntrySnapshotTransform
12:23:02.099 [INFO]  [Validating] > Transforming kotlin-stdlib-jdk7-1.8.22.jar with ClasspathEntrySnapshotTransform
12:23:02.099 [INFO]  [Validating] > Transforming kotlin-stdlib-1.8.22.jar with ClasspathEntrySnapshotTransform
12:23:02.099 [INFO]  [Validating] > Transforming kotlin-compiler-embeddable-1.8.22.jar with ClasspathEntrySnapshotTransform
12:23:02.099 [INFO]  [Validating] > Transforming kotlin-stdlib-common-1.8.22.jar with ClasspathEntrySnapshotTransform
12:23:02.099 [INFO]  [Validating] > Transforming annotations-13.0.jar with ClasspathEntrySnapshotTransform
12:23:02.099 [INFO]  [Validating] > Build cache key for task ':detekt-rules-documentation:compileKotlin' is 0861514ee694ccaeeb81bb49c84b7b49
12:23:02.099 [INFO]  [Validating] > Skipping task ':detekt-rules-documentation:compileKotlin' as it is up-to-date.
12:23:02.099 [INFO]  [Validating] > Resolve mutations for :detekt-report-txt:jar (Thread[Execution worker Thread 9,5,main]) started.
12:23:02.099 [INFO]  [Validating] > Resolve mutations for :detekt-rules-complexity:compileKotlin (Thread[Execution worker Thread 2,5,main]) started.
12:23:02.099 [INFO]  [Validating] > Resolve mutations for :detekt-report-xml:jar (Thread[Execution worker Thread 6,5,main]) started.
12:23:02.099 [INFO]  [Validating] > Resolve mutations for :detekt-metrics:jar (Thread[Execution worker Thread 8,5,main]) started.
12:23:02.099 [INFO]  [Validating] > :detekt-report-xml:jar (Thread[Execution worker Thread 6,5,main]) started.
12:23:02.099 [INFO]  [Validating] > :detekt-rules-complexity:compileKotlin (Thread[Execution worker Thread 2,5,main]) started.
12:23:02.099 [INFO]  [Validating] > Resolve mutations for :detekt-report-sarif:compileKotlin (Thread[Execution worker Thread 5,5,main]) started.
12:23:02.099 [INFO]  [Validating] > :detekt-metrics:jar (Thread[Execution worker Thread 8,5,main]) started.
12:23:02.099 [INFO]  [Validating] > :detekt-report-sarif:compileKotlin (Thread[Execution worker Thread 5,5,main]) started.
12:23:02.099 [INFO]  [Validating] > :detekt-test-utils:compileJava (Thread[Execution worker Thread 3,5,main]) started.
12:23:02.099 [INFO]  [Validating] > Resolve mutations for :detekt-cli:compileKotlin (Thread[Execution worker,5,main]) started.
12:23:02.099 [INFO]  [Validating] > :detekt-cli:compileKotlin (Thread[Execution worker,5,main]) started.
12:23:02.099 [INFO]  [Validating] > :detekt-report-txt:jar (Thread[Execution worker Thread 9,5,main]) started.
12:23:02.099 [INFO]  [Validating] > 
12:23:02.099 [INFO]  [Validating] > > Task :detekt-test-utils:compileJava NO-SOURCE
12:23:02.100 [INFO]  [Validating] > Skipping task ':detekt-test-utils:compileJava' as it has no source files and no previous output files.
12:23:02.100 [INFO]  [Validating] > 
12:23:02.100 [INFO]  [Validating] > > Task :detekt-rules-coroutines:compileKotlin UP-TO-DATE
12:23:02.100 [INFO]  [Validating] > Transforming main with ClasspathEntrySnapshotTransform
12:23:02.100 [INFO]  [Validating] > Transforming main with ClasspathEntrySnapshotTransform
12:23:02.100 [INFO]  [Validating] > Transforming kotlin-stdlib-jdk8-1.8.22.jar with ClasspathEntrySnapshotTransform
12:23:02.100 [INFO]  [Validating] > Transforming kotlin-stdlib-jdk7-1.8.22.jar with ClasspathEntrySnapshotTransform
12:23:02.100 [INFO]  [Validating] > Transforming kotlin-stdlib-1.8.22.jar with ClasspathEntrySnapshotTransform
12:23:02.100 [INFO]  [Validating] > Transforming kotlin-compiler-embeddable-1.8.22.jar with ClasspathEntrySnapshotTransform
12:23:02.100 [INFO]  [Validating] > Transforming kotlin-stdlib-common-1.8.22.jar with ClasspathEntrySnapshotTransform
12:23:02.100 [INFO]  [Validating] > Transforming annotations-13.0.jar with ClasspathEntrySnapshotTransform
12:23:02.100 [INFO]  [Validating] > Build cache key for task ':detekt-rules-coroutines:compileKotlin' is 62c679d1c0dca7e45732bf446cb952f0
12:23:02.100 [INFO]  [Validating] > Skipping task ':detekt-rules-coroutines:compileKotlin' as it is up-to-date.
12:23:02.100 [INFO]  [Validating] > work action resolve main (project :detekt-test-utils) (Thread[Execution worker Thread 3,5,main]) started.
12:23:02.100 [INFO]  [Validating] > 
12:23:02.100 [INFO]  [Validating] > > Task :detekt-report-md:compileKotlin UP-TO-DATE
12:23:02.100 [INFO]  [Validating] > Transforming main with ClasspathEntrySnapshotTransform
12:23:02.100 [INFO]  [Validating] > Transforming main with ClasspathEntrySnapshotTransform
12:23:02.100 [INFO]  [Validating] > Transforming main with ClasspathEntrySnapshotTransform
12:23:02.100 [INFO]  [Validating] > Transforming main with ClasspathEntrySnapshotTransform
12:23:02.100 [INFO]  [Validating] > Transforming kotlin-stdlib-jdk8-1.8.22.jar with ClasspathEntrySnapshotTransform
12:23:02.100 [INFO]  [Validating] > Transforming kotlin-stdlib-jdk7-1.8.22.jar with ClasspathEntrySnapshotTransform
12:23:02.100 [INFO]  [Validating] > Transforming kotlin-stdlib-1.8.22.jar with ClasspathEntrySnapshotTransform
12:23:02.100 [INFO]  [Validating] > Transforming kotlin-compiler-embeddable-1.8.22.jar with ClasspathEntrySnapshotTransform
12:23:02.100 [INFO]  [Validating] > Transforming kotlin-stdlib-common-1.8.22.jar with ClasspathEntrySnapshotTransform
12:23:02.100 [INFO]  [Validating] > Transforming annotations-13.0.jar with ClasspathEntrySnapshotTransform
12:23:02.100 [INFO]  [Validating] > Build cache key for task ':detekt-report-md:compileKotlin' is daaa1a6d2f4425c07ab3d08a334ba819
12:23:02.100 [INFO]  [Validating] > Skipping task ':detekt-report-md:compileKotlin' as it is up-to-date.
12:23:02.100 [INFO]  [Validating] > Resolve mutations for :detekt-report-md:compileJava (Thread[Execution worker Thread 7,5,main]) started.
12:23:02.100 [INFO]  [Validating] > Resolve mutations for :detekt-rules-coroutines:compileJava (Thread[Execution worker Thread 3,5,main]) started.
12:23:02.100 [INFO]  [Validating] > work action resolve main (project :detekt-test-utils) (Thread[included builds,5,main]) started.
12:23:02.100 [INFO]  [Validating] > :detekt-rules-coroutines:compileJava (Thread[included builds,5,main]) started.
12:23:02.100 [INFO]  [Validating] > work action resolve main (project :detekt-report-md) (Thread[Execution worker Thread 3,5,main]) started.
12:23:02.100 [INFO]  [Validating] > :detekt-report-md:compileJava (Thread[Execution worker Thread 7,5,main]) started.
12:23:02.100 [INFO]  [Validating] > 
12:23:02.100 [INFO]  [Validating] > > Task :detekt-rules-coroutines:compileJava NO-SOURCE
12:23:02.100 [INFO]  [Validating] > Skipping task ':detekt-rules-coroutines:compileJava' as it has no source files and no previous output files.
12:23:02.100 [INFO]  [Validating] > Resolve mutations for :detekt-rules-documentation:compileJava (Thread[Execution worker Thread 3,5,main]) started.
12:23:02.100 [INFO]  [Validating] > 
12:23:02.100 [INFO]  [Validating] > > Task :detekt-report-md:compileJava NO-SOURCE
12:23:02.100 [INFO]  [Validating] > Skipping task ':detekt-report-md:compileJava' as it has no source files and no previous output files.
12:23:02.100 [INFO]  [Validating] > Resolve mutations for :detekt-rules-coroutines:classes (Thread[included builds,5,main]) started.
12:23:02.100 [INFO]  [Validating] > 
12:23:02.100 [INFO]  [Validating] > > Task :detekt-report-xml:jar UP-TO-DATE
12:23:02.100 [INFO]  [Validating] > Caching disabled for task ':detekt-report-xml:jar' because:
12:23:02.100 [INFO]  [Validating] >   Not worth caching
12:23:02.100 [INFO]  [Validating] > Skipping task ':detekt-report-xml:jar' as it is up-to-date.
12:23:02.100 [INFO]  [Validating] > :detekt-rules-coroutines:classes (Thread[Execution worker Thread 3,5,main]) started.
12:23:02.100 [INFO]  [Validating] > 
12:23:02.100 [INFO]  [Validating] > > Task :detekt-metrics:jar UP-TO-DATE
12:23:02.100 [INFO]  [Validating] > Caching disabled for task ':detekt-metrics:jar' because:
12:23:02.100 [INFO]  [Validating] >   Not worth caching
12:23:02.100 [INFO]  [Validating] > Skipping task ':detekt-metrics:jar' as it is up-to-date.
12:23:02.100 [INFO]  [Validating] > 
12:23:02.100 [INFO]  [Validating] > > Task :detekt-rules-coroutines:classes UP-TO-DATE
12:23:02.100 [INFO]  [Validating] > Skipping task ':detekt-rules-coroutines:classes' as it has no actions.
12:23:02.100 [INFO]  [Validating] > 
12:23:02.100 [INFO]  [Validating] > > Task :detekt-report-html:compileKotlin UP-TO-DATE
12:23:02.100 [INFO]  [Validating] > Transforming main with ClasspathEntrySnapshotTransform
12:23:02.100 [INFO]  [Validating] > Transforming main with ClasspathEntrySnapshotTransform
12:23:02.100 [INFO]  [Validating] > Transforming main with ClasspathEntrySnapshotTransform
12:23:02.100 [INFO]  [Validating] > Transforming main with ClasspathEntrySnapshotTransform
12:23:02.100 [INFO]  [Validating] > Transforming kotlin-stdlib-jdk8-1.8.22.jar with ClasspathEntrySnapshotTransform
12:23:02.100 [INFO]  [Validating] > Transforming kotlinx-html-jvm-0.8.1.jar with ClasspathEntrySnapshotTransform
12:23:02.100 [INFO]  [Validating] > Transforming kotlin-stdlib-jdk7-1.8.22.jar with ClasspathEntrySnapshotTransform
12:23:02.100 [INFO]  [Validating] > Transforming kotlin-stdlib-1.8.22.jar with ClasspathEntrySnapshotTransform
12:23:02.100 [INFO]  [Validating] > Transforming kotlin-compiler-embeddable-1.8.22.jar with ClasspathEntrySnapshotTransform
12:23:02.100 [INFO]  [Validating] > Transforming kotlin-stdlib-common-1.8.22.jar with ClasspathEntrySnapshotTransform
12:23:02.100 [INFO]  [Validating] > Transforming annotations-13.0.jar with ClasspathEntrySnapshotTransform
12:23:02.100 [INFO]  [Validating] > Build cache key for task ':detekt-report-html:compileKotlin' is 6c859146cd23e1ce4901100fa935d173
12:23:02.100 [INFO]  [Validating] > Skipping task ':detekt-report-html:compileKotlin' as it is up-to-date.
12:23:02.100 [INFO]  [Validating] > Resolve mutations for :detekt-rules-coroutines:jar (Thread[Execution worker Thread 3,5,main]) started.
12:23:02.100 [INFO]  [Validating] > Resolve mutations for :detekt-report-md:classes (Thread[Execution worker Thread 6,5,main]) started.
12:23:02.100 [INFO]  [Validating] > 
12:23:02.100 [INFO]  [Validating] > > Task :detekt-cli:compileKotlin UP-TO-DATE
12:23:02.100 [INFO]  [Validating] > Transforming main with ClasspathEntrySnapshotTransform
12:23:02.100 [INFO]  [Validating] > Transforming main with ClasspathEntrySnapshotTransform
12:23:02.100 [INFO]  [Validating] > Transforming main with ClasspathEntrySnapshotTransform
12:23:02.100 [INFO]  [Validating] > Transforming main with ClasspathEntrySnapshotTransform
12:23:02.100 [INFO]  [Validating] > Transforming kotlin-stdlib-jdk8-1.8.22.jar with ClasspathEntrySnapshotTransform
12:23:02.100 [INFO]  [Validating] > Transforming jcommander-1.82.jar with ClasspathEntrySnapshotTransform
12:23:02.100 [INFO]  [Validating] > Transforming kotlin-compiler-embeddable-1.8.22.jar with ClasspathEntrySnapshotTransform
12:23:02.100 [INFO]  [Validating] > Transforming kotlin-stdlib-jdk7-1.8.22.jar with ClasspathEntrySnapshotTransform
12:23:02.100 [INFO]  [Validating] > Transforming kotlin-stdlib-1.8.22.jar with ClasspathEntrySnapshotTransform
12:23:02.100 [INFO]  [Validating] > Transforming kotlin-stdlib-common-1.8.22.jar with ClasspathEntrySnapshotTransform
12:23:02.100 [INFO]  [Validating] > Transforming annotations-13.0.jar with ClasspathEntrySnapshotTransform
12:23:02.100 [INFO]  [Validating] > Build cache key for task ':detekt-cli:compileKotlin' is 66cc5f5d373ea463651e8d8dbbc6b2ba
12:23:02.100 [INFO]  [Validating] > Skipping task ':detekt-cli:compileKotlin' as it is up-to-date.
12:23:02.100 [INFO]  [Validating] > work action resolve main (project :detekt-report-md) (Thread[included builds,5,main]) started.
12:23:02.100 [INFO]  [Validating] > work action resolve main (project :detekt-report-md) (Thread[Execution worker Thread 7,5,main]) started.
12:23:02.100 [INFO]  [Validating] > :detekt-rules-coroutines:jar (Thread[included builds,5,main]) started.
12:23:02.100 [INFO]  [Validating] > Resolve mutations for :detekt-rules-empty:compileKotlin (Thread[Execution worker Thread 7,5,main]) started.
12:23:02.100 [INFO]  [Validating] > Resolve mutations for :detekt-cli:compileJava (Thread[Execution worker,5,main]) started.
12:23:02.100 [INFO]  [Validating] > :detekt-report-md:classes (Thread[Execution worker Thread 6,5,main]) started.
12:23:02.100 [INFO]  [Validating] > work action resolve main (project :detekt-report-html) (Thread[Execution worker Thread 3,5,main]) started.
12:23:02.100 [INFO]  [Validating] > :detekt-rules-empty:compileKotlin (Thread[Execution worker Thread 7,5,main]) started.
12:23:02.100 [INFO]  [Validating] > Resolve mutations for :detekt-report-html:compileJava (Thread[Execution worker Thread 4,5,main]) started.
12:23:02.100 [INFO]  [Validating] > :detekt-rules-documentation:compileJava (Thread[Execution worker Thread 8,5,main]) started.
12:23:02.100 [INFO]  [Validating] > :detekt-report-html:compileJava (Thread[Execution worker Thread 4,5,main]) started.
12:23:02.100 [INFO]  [Validating] > 
12:23:02.100 [INFO]  [Validating] > > Task :detekt-report-txt:jar UP-TO-DATE
12:23:02.100 [INFO]  [Validating] > Caching disabled for task ':detekt-report-txt:jar' because:
12:23:02.100 [INFO]  [Validating] >   Not worth caching
12:23:02.100 [INFO]  [Validating] > Skipping task ':detekt-report-txt:jar' as it is up-to-date.
12:23:02.100 [INFO]  [Validating] > Resolve mutations for :detekt-rules-exceptions:compileKotlin (Thread[Execution worker Thread 9,5,main]) started.
12:23:02.100 [INFO]  [Validating] > :detekt-cli:compileJava (Thread[Execution worker,5,main]) started.
12:23:02.100 [INFO]  [Validating] > :detekt-rules-exceptions:compileKotlin (Thread[Execution worker Thread 9,5,main]) started.
12:23:02.100 [INFO]  [Validating] > Resolve mutations for :detekt-rules-errorprone:compileKotlin (Thread[Execution worker Thread 3,5,main]) started.
12:23:02.100 [INFO]  [Validating] > 
12:23:02.100 [INFO]  [Validating] > > Task :detekt-rules-documentation:compileJava NO-SOURCE
12:23:02.100 [INFO]  [Validating] > Skipping task ':detekt-rules-documentation:compileJava' as it has no source files and no previous output files.
12:23:02.100 [INFO]  [Validating] > 
12:23:02.100 [INFO]  [Validating] > > Task :detekt-report-md:classes UP-TO-DATE
12:23:02.100 [INFO]  [Validating] > Skipping task ':detekt-report-md:classes' as it has no actions.
12:23:02.100 [INFO]  [Validating] > 
12:23:02.100 [INFO]  [Validating] > > Task :detekt-cli:compileJava NO-SOURCE
12:23:02.100 [INFO]  [Validating] > Skipping task ':detekt-cli:compileJava' as it has no source files and no previous output files.
12:23:02.100 [INFO]  [Validating] > Resolve mutations for :detekt-cli:classes (Thread[Execution worker,5,main]) started.
12:23:02.100 [INFO]  [Validating] > :detekt-rules-errorprone:compileKotlin (Thread[Execution worker Thread 3,5,main]) started.
12:23:02.100 [INFO]  [Validating] > :detekt-cli:classes (Thread[Execution worker,5,main]) started.
12:23:02.100 [INFO]  [Validating] > Resolve mutations for :detekt-report-md:jar (Thread[Execution worker Thread 6,5,main]) started.
12:23:02.100 [INFO]  [Validating] > Resolve mutations for :detekt-rules-documentation:classes (Thread[Execution worker Thread 8,5,main]) started.
12:23:02.100 [INFO]  [Validating] > 
12:23:02.100 [INFO]  [Validating] > > Task :detekt-report-html:compileJava NO-SOURCE
12:23:02.100 [INFO]  [Validating] > Skipping task ':detekt-report-html:compileJava' as it has no source files and no previous output files.
12:23:02.100 [INFO]  [Validating] > 
12:23:02.100 [INFO]  [Validating] > > Task :detekt-cli:classes UP-TO-DATE
12:23:02.100 [INFO]  [Validating] > Skipping task ':detekt-cli:classes' as it has no actions.
12:23:02.100 [INFO]  [Validating] > Resolve mutations for :detekt-cli:compileTestKotlin (Thread[Execution worker,5,main]) started.
12:23:02.100 [INFO]  [Validating] > 
12:23:02.100 [INFO]  [Validating] > > Task :detekt-rules-complexity:compileKotlin UP-TO-DATE
12:23:02.100 [INFO]  [Validating] > Transforming main with ClasspathEntrySnapshotTransform
12:23:02.100 [INFO]  [Validating] > Transforming main with ClasspathEntrySnapshotTransform
12:23:02.100 [INFO]  [Validating] > Transforming main with ClasspathEntrySnapshotTransform
12:23:02.100 [INFO]  [Validating] > Transforming main with ClasspathEntrySnapshotTransform
12:23:02.100 [INFO]  [Validating] > Transforming kotlin-stdlib-jdk8-1.8.22.jar with ClasspathEntrySnapshotTransform
12:23:02.100 [INFO]  [Validating] > Transforming kotlin-stdlib-jdk7-1.8.22.jar with ClasspathEntrySnapshotTransform
12:23:02.100 [INFO]  [Validating] > Transforming kotlin-stdlib-1.8.22.jar with ClasspathEntrySnapshotTransform
12:23:02.100 [INFO]  [Validating] > Transforming kotlin-compiler-embeddable-1.8.22.jar with ClasspathEntrySnapshotTransform
12:23:02.100 [INFO]  [Validating] > Transforming kotlin-stdlib-common-1.8.22.jar with ClasspathEntrySnapshotTransform
12:23:02.100 [INFO]  [Validating] > Transforming annotations-13.0.jar with ClasspathEntrySnapshotTransform
12:23:02.100 [INFO]  [Validating] > Build cache key for task ':detekt-rules-complexity:compileKotlin' is c263a8efa930f2872c48702be182d36e
12:23:02.100 [INFO]  [Validating] > Skipping task ':detekt-rules-complexity:compileKotlin' as it is up-to-date.
12:23:02.100 [INFO]  [Validating] > :detekt-cli:compileTestKotlin (Thread[Execution worker,5,main]) started.
12:23:02.101 [INFO]  [Validating] > work action resolve main (project :detekt-report-html) (Thread[Execution worker Thread 2,5,main]) started.
12:23:02.101 [INFO]  [Validating] > work action resolve main (project :detekt-report-html) (Thread[Execution worker Thread 4,5,main]) started.
12:23:02.101 [INFO]  [Validating] > :detekt-rules-documentation:classes (Thread[Execution worker Thread 8,5,main]) started.
12:23:02.101 [INFO]  [Validating] > :detekt-report-md:jar (Thread[Execution worker Thread 6,5,main]) started.
12:23:02.101 [INFO]  [Validating] > Resolve mutations for :detekt-rules-complexity:compileJava (Thread[Execution worker Thread 4,5,main]) started.
12:23:02.101 [INFO]  [Validating] > Resolve mutations for :detekt-report-html:classes (Thread[Execution worker Thread 2,5,main]) started.
12:23:02.101 [INFO]  [Validating] > :detekt-report-html:classes (Thread[Execution worker Thread 2,5,main]) started.
12:23:02.101 [INFO]  [Validating] > :detekt-rules-complexity:compileJava (Thread[Execution worker Thread 4,5,main]) started.
12:23:02.101 [INFO]  [Validating] > 
12:23:02.101 [INFO]  [Validating] > > Task :detekt-report-html:classes UP-TO-DATE
12:23:02.101 [INFO]  [Validating] > Skipping task ':detekt-report-html:classes' as it has no actions.
12:23:02.101 [INFO]  [Validating] > 
12:23:02.101 [INFO]  [Validating] > > Task :detekt-rules-documentation:classes UP-TO-DATE
12:23:02.101 [INFO]  [Validating] > Skipping task ':detekt-rules-documentation:classes' as it has no actions.
12:23:02.101 [INFO]  [Validating] > Resolve mutations for :detekt-report-html:jar (Thread[Execution worker Thread 2,5,main]) started.
12:23:02.101 [INFO]  [Validating] > :detekt-report-html:jar (Thread[Execution worker Thread 2,5,main]) started.
12:23:02.101 [INFO]  [Validating] > 
12:23:02.101 [INFO]  [Validating] > > Task :detekt-rules-complexity:compileJava NO-SOURCE
12:23:02.101 [INFO]  [Validating] > Skipping task ':detekt-rules-complexity:compileJava' as it has no source files and no previous output files.
12:23:02.101 [INFO]  [Validating] > Resolve mutations for :detekt-rules-complexity:classes (Thread[Execution worker Thread 4,5,main]) started.
12:23:02.101 [INFO]  [Validating] > Resolve mutations for :detekt-rules-documentation:jar (Thread[Execution worker Thread 8,5,main]) started.
12:23:02.101 [INFO]  [Validating] > 
12:23:02.101 [INFO]  [Validating] > > Task :detekt-rules-empty:compileKotlin UP-TO-DATE
12:23:02.101 [INFO]  [Validating] > Transforming main with ClasspathEntrySnapshotTransform
12:23:02.101 [INFO]  [Validating] > Transforming main with ClasspathEntrySnapshotTransform
12:23:02.101 [INFO]  [Validating] > Transforming kotlin-stdlib-jdk8-1.8.22.jar with ClasspathEntrySnapshotTransform
12:23:02.101 [INFO]  [Validating] > Transforming kotlin-stdlib-jdk7-1.8.22.jar with ClasspathEntrySnapshotTransform
12:23:02.101 [INFO]  [Validating] > Transforming kotlin-stdlib-1.8.22.jar with ClasspathEntrySnapshotTransform
12:23:02.101 [INFO]  [Validating] > Transforming kotlin-compiler-embeddable-1.8.22.jar with ClasspathEntrySnapshotTransform
12:23:02.101 [INFO]  [Validating] > Transforming kotlin-stdlib-common-1.8.22.jar with ClasspathEntrySnapshotTransform
12:23:02.101 [INFO]  [Validating] > Transforming annotations-13.0.jar with ClasspathEntrySnapshotTransform
12:23:02.101 [INFO]  [Validating] > Build cache key for task ':detekt-rules-empty:compileKotlin' is 7bbaf5ed868ce07eecca2f507e291289
12:23:02.101 [INFO]  [Validating] > Skipping task ':detekt-rules-empty:compileKotlin' as it is up-to-date.
12:23:02.101 [INFO]  [Validating] > Resolve mutations for :detekt-rules-empty:compileJava (Thread[Execution worker Thread 7,5,main]) started.
12:23:02.101 [INFO]  [Validating] > 
12:23:02.101 [INFO]  [Validating] > > Task :detekt-report-sarif:compileKotlin UP-TO-DATE
12:23:02.101 [INFO]  [Validating] > Transforming main with ClasspathEntrySnapshotTransform
12:23:02.101 [INFO]  [Validating] > Transforming main with ClasspathEntrySnapshotTransform
12:23:02.101 [INFO]  [Validating] > Transforming main with ClasspathEntrySnapshotTransform
12:23:02.101 [INFO]  [Validating] > Transforming sarif4k-jvm-0.4.0.jar with ClasspathEntrySnapshotTransform
12:23:02.101 [INFO]  [Validating] > Transforming kotlinx-serialization-json-jvm-1.4.1.jar with ClasspathEntrySnapshotTransform
12:23:02.101 [INFO]  [Validating] > Transforming kotlinx-serialization-core-jvm-1.4.1.jar with ClasspathEntrySnapshotTransform
12:23:02.101 [INFO]  [Validating] > Transforming kotlin-stdlib-jdk8-1.8.22.jar with ClasspathEntrySnapshotTransform
12:23:02.101 [INFO]  [Validating] > Transforming kotlin-stdlib-jdk7-1.8.22.jar with ClasspathEntrySnapshotTransform
12:23:02.101 [INFO]  [Validating] > Transforming kotlin-stdlib-1.8.22.jar with ClasspathEntrySnapshotTransform
12:23:02.101 [INFO]  [Validating] > Transforming kotlin-compiler-embeddable-1.8.22.jar with ClasspathEntrySnapshotTransform
12:23:02.101 [INFO]  [Validating] > Transforming kotlin-stdlib-common-1.8.22.jar with ClasspathEntrySnapshotTransform
12:23:02.101 [INFO]  [Validating] > Transforming annotations-13.0.jar with ClasspathEntrySnapshotTransform
12:23:02.101 [INFO]  [Validating] > Build cache key for task ':detekt-report-sarif:compileKotlin' is 1408222aca0d0bdec3a09706c778f66a
12:23:02.101 [INFO]  [Validating] > Skipping task ':detekt-report-sarif:compileKotlin' as it is up-to-date.
12:23:02.101 [INFO]  [Validating] > :detekt-rules-complexity:classes (Thread[Execution worker Thread 4,5,main]) started.
12:23:02.101 [INFO]  [Validating] > Resolve mutations for :detekt-report-sarif:compileJava (Thread[Execution worker Thread 5,5,main]) started.
12:23:02.101 [INFO]  [Validating] > :detekt-rules-documentation:jar (Thread[Execution worker Thread 8,5,main]) started.
12:23:02.101 [INFO]  [Validating] > 
12:23:02.101 [INFO]  [Validating] > > Task :detekt-rules-coroutines:jar UP-TO-DATE
12:23:02.101 [INFO]  [Validating] > Caching disabled for task ':detekt-rules-coroutines:jar' because:
12:23:02.101 [INFO]  [Validating] >   Not worth caching
12:23:02.101 [INFO]  [Validating] > Skipping task ':detekt-rules-coroutines:jar' as it is up-to-date.
12:23:02.101 [INFO]  [Validating] > 
12:23:02.101 [INFO]  [Validating] > > Task :detekt-rules-complexity:classes UP-TO-DATE
12:23:02.101 [INFO]  [Validating] > Skipping task ':detekt-rules-complexity:classes' as it has no actions.
12:23:02.101 [INFO]  [Validating] > work action resolve main (project :detekt-report-sarif) (Thread[included builds,5,main]) started.
12:23:02.101 [INFO]  [Validating] > :detekt-report-sarif:compileJava (Thread[Execution worker Thread 5,5,main]) started.
12:23:02.101 [INFO]  [Validating] > Resolve mutations for :detekt-rules-complexity:jar (Thread[Execution worker Thread 4,5,main]) started.
12:23:02.101 [INFO]  [Validating] > 
12:23:02.101 [INFO]  [Validating] > > Task :detekt-rules-errorprone:compileKotlin UP-TO-DATE
12:23:02.101 [INFO]  [Validating] > Transforming main with ClasspathEntrySnapshotTransform
12:23:02.101 [INFO]  [Validating] > Transforming main with ClasspathEntrySnapshotTransform
12:23:02.101 [INFO]  [Validating] > Transforming main with ClasspathEntrySnapshotTransform
12:23:02.101 [INFO]  [Validating] > Transforming kotlin-stdlib-jdk8-1.8.22.jar with ClasspathEntrySnapshotTransform
12:23:02.101 [INFO]  [Validating] > Transforming kotlin-stdlib-jdk7-1.8.22.jar with ClasspathEntrySnapshotTransform
12:23:02.101 [INFO]  [Validating] > Transforming kotlin-stdlib-1.8.22.jar with ClasspathEntrySnapshotTransform
12:23:02.101 [INFO]  [Validating] > Transforming kotlin-compiler-embeddable-1.8.22.jar with ClasspathEntrySnapshotTransform
12:23:02.101 [INFO]  [Validating] > Transforming kotlin-stdlib-common-1.8.22.jar with ClasspathEntrySnapshotTransform
12:23:02.101 [INFO]  [Validating] > Transforming annotations-13.0.jar with ClasspathEntrySnapshotTransform
12:23:02.101 [INFO]  [Validating] > Build cache key for task ':detekt-rules-errorprone:compileKotlin' is 8ae0c254cbd6ea2af9f0e369e47669eb
12:23:02.101 [INFO]  [Validating] > Skipping task ':detekt-rules-errorprone:compileKotlin' as it is up-to-date.
12:23:02.101 [INFO]  [Validating] > Resolve mutations for :detekt-rules-naming:compileKotlin (Thread[included builds,5,main]) started.
12:23:02.101 [INFO]  [Validating] > :detekt-rules-empty:compileJava (Thread[Execution worker Thread 7,5,main]) started.
12:23:02.101 [INFO]  [Validating] > Resolve mutations for :detekt-rules-errorprone:compileJava (Thread[Execution worker Thread 3,5,main]) started.
12:23:02.101 [INFO]  [Validating] > :detekt-rules-complexity:jar (Thread[Execution worker Thread 4,5,main]) started.
12:23:02.101 [INFO]  [Validating] > :detekt-rules-errorprone:compileJava (Thread[Execution worker Thread 3,5,main]) started.
12:23:02.101 [INFO]  [Validating] > 
12:23:02.101 [INFO]  [Validating] > > Task :detekt-report-sarif:compileJava NO-SOURCE
12:23:02.101 [INFO]  [Validating] > Skipping task ':detekt-report-sarif:compileJava' as it has no source files and no previous output files.
12:23:02.101 [INFO]  [Validating] > 
12:23:02.101 [INFO]  [Validating] > > Task :detekt-rules-exceptions:compileKotlin UP-TO-DATE
12:23:02.101 [INFO]  [Validating] > Transforming main with ClasspathEntrySnapshotTransform
12:23:02.101 [INFO]  [Validating] > Transforming main with ClasspathEntrySnapshotTransform
12:23:02.101 [INFO]  [Validating] > Transforming kotlin-stdlib-jdk8-1.8.22.jar with ClasspathEntrySnapshotTransform
12:23:02.101 [INFO]  [Validating] > Transforming kotlin-stdlib-jdk7-1.8.22.jar with ClasspathEntrySnapshotTransform
12:23:02.101 [INFO]  [Validating] > Transforming kotlin-stdlib-1.8.22.jar with ClasspathEntrySnapshotTransform
12:23:02.101 [INFO]  [Validating] > Transforming kotlin-compiler-embeddable-1.8.22.jar with ClasspathEntrySnapshotTransform
12:23:02.101 [INFO]  [Validating] > Transforming kotlin-stdlib-common-1.8.22.jar with ClasspathEntrySnapshotTransform
12:23:02.101 [INFO]  [Validating] > Transforming annotations-13.0.jar with ClasspathEntrySnapshotTransform
12:23:02.101 [INFO]  [Validating] > Build cache key for task ':detekt-rules-exceptions:compileKotlin' is 5f385555a318182679df8790f9105419
12:23:02.101 [INFO]  [Validating] > Skipping task ':detekt-rules-exceptions:compileKotlin' as it is up-to-date.
12:23:02.101 [INFO]  [Validating] > work action resolve main (project :detekt-report-sarif) (Thread[Execution worker Thread 5,5,main]) started.
12:23:02.101 [INFO]  [Validating] > Resolve mutations for :detekt-report-sarif:classes (Thread[Execution worker Thread 9,5,main]) started.
12:23:02.101 [INFO]  [Validating] > Resolve mutations for :detekt-rules-exceptions:compileJava (Thread[Execution worker Thread 5,5,main]) started.
12:23:02.101 [INFO]  [Validating] > work action resolve main (project :detekt-report-sarif) (Thread[included builds,5,main]) started.
12:23:02.101 [INFO]  [Validating] > :detekt-report-sarif:classes (Thread[Execution worker Thread 9,5,main]) started.
12:23:02.101 [INFO]  [Validating] > :detekt-rules-exceptions:compileJava (Thread[Execution worker Thread 5,5,main]) started.
12:23:02.101 [INFO]  [Validating] > Resolve mutations for :detekt-core:compileKotlin (Thread[included builds,5,main]) started.
12:23:02.101 [INFO]  [Validating] > 
12:23:02.101 [INFO]  [Validating] > > Task :detekt-rules-errorprone:compileJava NO-SOURCE
12:23:02.101 [INFO]  [Validating] > Skipping task ':detekt-rules-errorprone:compileJava' as it has no source files and no previous output files.
12:23:02.101 [INFO]  [Validating] > 
12:23:02.101 [INFO]  [Validating] > > Task :detekt-report-sarif:classes UP-TO-DATE
12:23:02.101 [INFO]  [Validating] > Skipping task ':detekt-report-sarif:classes' as it has no actions.
12:23:02.101 [INFO]  [Validating] > Resolve mutations for :detekt-report-sarif:jar (Thread[Execution worker Thread 9,5,main]) started.
12:23:02.101 [INFO]  [Validating] > 
12:23:02.101 [INFO]  [Validating] > > Task :detekt-rules-empty:compileJava NO-SOURCE
12:23:02.101 [INFO]  [Validating] > Skipping task ':detekt-rules-empty:compileJava' as it has no source files and no previous output files.
12:23:02.101 [INFO]  [Validating] > Resolve mutations for :detekt-rules-errorprone:classes (Thread[Execution worker Thread 3,5,main]) started.
12:23:02.101 [INFO]  [Validating] > :detekt-report-sarif:jar (Thread[Execution worker Thread 9,5,main]) started.
12:23:02.102 [INFO]  [Validating] > Resolve mutations for :detekt-rules-empty:classes (Thread[Execution worker Thread 7,5,main]) started.
12:23:02.102 [INFO]  [Validating] > :detekt-core:compileKotlin (Thread[included builds,5,main]) started.
12:23:02.102 [INFO]  [Validating] > :detekt-rules-empty:classes (Thread[Execution worker Thread 7,5,main]) started.
12:23:02.102 [INFO]  [Validating] > 
12:23:02.102 [INFO]  [Validating] > > Task :detekt-rules-exceptions:compileJava NO-SOURCE
12:23:02.102 [INFO]  [Validating] > Skipping task ':detekt-rules-exceptions:compileJava' as it has no source files and no previous output files.
12:23:02.102 [INFO]  [Validating] > Resolve mutations for :detekt-rules-exceptions:classes (Thread[Execution worker Thread 5,5,main]) started.
12:23:02.102 [INFO]  [Validating] > :detekt-rules-exceptions:classes (Thread[Execution worker Thread 5,5,main]) started.
12:23:02.102 [INFO]  [Validating] > 
12:23:02.102 [INFO]  [Validating] > > Task :detekt-rules-exceptions:classes UP-TO-DATE
12:23:02.102 [INFO]  [Validating] > Skipping task ':detekt-rules-exceptions:classes' as it has no actions.
12:23:02.102 [INFO]  [Validating] > :detekt-rules-errorprone:classes (Thread[Execution worker Thread 3,5,main]) started.
12:23:02.102 [INFO]  [Validating] > 
12:23:02.102 [INFO]  [Validating] > > Task :detekt-rules-errorprone:classes UP-TO-DATE
12:23:02.102 [INFO]  [Validating] > Skipping task ':detekt-rules-errorprone:classes' as it has no actions.
12:23:02.102 [INFO]  [Validating] > Resolve mutations for :detekt-rules-exceptions:jar (Thread[Execution worker Thread 5,5,main]) started.
12:23:02.102 [INFO]  [Validating] > 
12:23:02.102 [INFO]  [Validating] > > Task :detekt-rules-empty:classes UP-TO-DATE
12:23:02.102 [INFO]  [Validating] > Skipping task ':detekt-rules-empty:classes' as it has no actions.
12:23:02.102 [INFO]  [Validating] > Resolve mutations for :detekt-rules-empty:jar (Thread[Execution worker Thread 7,5,main]) started.
12:23:02.102 [INFO]  [Validating] > :detekt-rules-exceptions:jar (Thread[Execution worker Thread 5,5,main]) started.
12:23:02.102 [INFO]  [Validating] > :detekt-rules-empty:jar (Thread[Execution worker Thread 7,5,main]) started.
12:23:02.102 [INFO]  [Validating] > 
12:23:02.102 [INFO]  [Validating] > > Task :detekt-report-md:jar UP-TO-DATE
12:23:02.102 [INFO]  [Validating] > Caching disabled for task ':detekt-report-md:jar' because:
12:23:02.102 [INFO]  [Validating] >   Not worth caching
12:23:02.102 [INFO]  [Validating] > Skipping task ':detekt-report-md:jar' as it is up-to-date.
12:23:02.102 [INFO]  [Validating] > Resolve mutations for :detekt-rules-errorprone:jar (Thread[Execution worker Thread 3,5,main]) started.
12:23:02.102 [INFO]  [Validating] > :detekt-rules-errorprone:jar (Thread[Execution worker Thread 3,5,main]) started.
12:23:02.102 [INFO]  [Validating] > :detekt-rules-naming:compileKotlin (Thread[Execution worker Thread 6,5,main]) started.
12:23:02.102 [INFO]  [Validating] > 
12:23:02.102 [INFO]  [Validating] > > Task :detekt-report-html:jar UP-TO-DATE
12:23:02.102 [INFO]  [Validating] > Caching disabled for task ':detekt-report-html:jar' because:
12:23:02.102 [INFO]  [Validating] >   Not worth caching
12:23:02.102 [INFO]  [Validating] > Skipping task ':detekt-report-html:jar' as it is up-to-date.
12:23:02.102 [INFO]  [Validating] > Resolve mutations for :detekt-rules-performance:compileKotlin (Thread[Execution worker Thread 2,5,main]) started.
12:23:02.102 [INFO]  [Validating] > :detekt-rules-performance:compileKotlin (Thread[Execution worker Thread 2,5,main]) started.
12:23:02.102 [INFO]  [Validating] > 
12:23:02.102 [INFO]  [Validating] > > Task :detekt-rules-documentation:jar UP-TO-DATE
12:23:02.102 [INFO]  [Validating] > Caching disabled for task ':detekt-rules-documentation:jar' because:
12:23:02.102 [INFO]  [Validating] >   Not worth caching
12:23:02.102 [INFO]  [Validating] > Skipping task ':detekt-rules-documentation:jar' as it is up-to-date.
12:23:02.102 [INFO]  [Validating] > Resolve mutations for :detekt-rules-style:compileKotlin (Thread[Execution worker Thread 8,5,main]) started.
12:23:02.102 [INFO]  [Validating] > :detekt-rules-style:compileKotlin (Thread[Execution worker Thread 8,5,main]) started.
12:23:02.102 [INFO]  [Validating] > 
12:23:02.102 [INFO]  [Validating] > > Task :detekt-rules-naming:compileKotlin UP-TO-DATE
12:23:02.102 [INFO]  [Validating] > Transforming main with ClasspathEntrySnapshotTransform
12:23:02.102 [INFO]  [Validating] > Transforming main with ClasspathEntrySnapshotTransform
12:23:02.102 [INFO]  [Validating] > Transforming kotlin-stdlib-jdk8-1.8.22.jar with ClasspathEntrySnapshotTransform
12:23:02.102 [INFO]  [Validating] > Transforming kotlin-stdlib-jdk7-1.8.22.jar with ClasspathEntrySnapshotTransform
12:23:02.102 [INFO]  [Validating] > Transforming kotlin-stdlib-1.8.22.jar with ClasspathEntrySnapshotTransform
12:23:02.102 [INFO]  [Validating] > Transforming kotlin-compiler-embeddable-1.8.22.jar with ClasspathEntrySnapshotTransform
12:23:02.102 [INFO]  [Validating] > Transforming kotlin-stdlib-common-1.8.22.jar with ClasspathEntrySnapshotTransform
12:23:02.102 [INFO]  [Validating] > Transforming annotations-13.0.jar with ClasspathEntrySnapshotTransform
12:23:02.102 [INFO]  [Validating] > Build cache key for task ':detekt-rules-naming:compileKotlin' is 966fceb247cbc1caaaaf194e5f184fe7
12:23:02.102 [INFO]  [Validating] > Skipping task ':detekt-rules-naming:compileKotlin' as it is up-to-date.
12:23:02.102 [INFO]  [Validating] > 
12:23:02.102 [INFO]  [Validating] > > Task :detekt-core:compileKotlin UP-TO-DATE
12:23:02.102 [INFO]  [Validating] > Transforming main with ClasspathEntrySnapshotTransform
12:23:02.102 [INFO]  [Validating] > Transforming main with ClasspathEntrySnapshotTransform
12:23:02.102 [INFO]  [Validating] > Transforming main with ClasspathEntrySnapshotTransform
12:23:02.102 [INFO]  [Validating] > Transforming main with ClasspathEntrySnapshotTransform
12:23:02.102 [INFO]  [Validating] > Transforming main with ClasspathEntrySnapshotTransform
12:23:02.102 [INFO]  [Validating] > Transforming main with ClasspathEntrySnapshotTransform
12:23:02.102 [INFO]  [Validating] > Transforming main with ClasspathEntrySnapshotTransform
12:23:02.102 [INFO]  [Validating] > Transforming main with ClasspathEntrySnapshotTransform
12:23:02.102 [INFO]  [Validating] > Transforming main with ClasspathEntrySnapshotTransform
12:23:02.102 [INFO]  [Validating] > Transforming main with ClasspathEntrySnapshotTransform
12:23:02.102 [INFO]  [Validating] > Transforming main with ClasspathEntrySnapshotTransform
12:23:02.102 [INFO]  [Validating] > Transforming kotlin-stdlib-jdk8-1.8.22.jar with ClasspathEntrySnapshotTransform
12:23:02.102 [INFO]  [Validating] > Transforming snakeyaml-engine-2.6.jar with ClasspathEntrySnapshotTransform
12:23:02.102 [INFO]  [Validating] > Transforming kotlin-reflect-1.8.22.jar with ClasspathEntrySnapshotTransform
12:23:02.102 [INFO]  [Validating] > Transforming kotlin-compiler-embeddable-1.8.22.jar with ClasspathEntrySnapshotTransform
12:23:02.102 [INFO]  [Validating] > Transforming kotlin-stdlib-jdk7-1.8.22.jar with ClasspathEntrySnapshotTransform
12:23:02.102 [INFO]  [Validating] > Transforming kotlin-stdlib-1.8.22.jar with ClasspathEntrySnapshotTransform
12:23:02.102 [INFO]  [Validating] > Transforming kotlin-stdlib-common-1.8.22.jar with ClasspathEntrySnapshotTransform
12:23:02.102 [INFO]  [Validating] > Transforming annotations-13.0.jar with ClasspathEntrySnapshotTransform
12:23:02.102 [INFO]  [Validating] > Build cache key for task ':detekt-core:compileKotlin' is 87bd0f24f712da0d88bc26872abfe7d2
12:23:02.102 [INFO]  [Validating] > Skipping task ':detekt-core:compileKotlin' as it is up-to-date.
12:23:02.102 [INFO]  [Validating] > Resolve mutations for :detekt-core:compileJava (Thread[included builds,5,main]) started.
12:23:02.102 [INFO]  [Validating] > 
12:23:02.102 [INFO]  [Validating] > > Task :detekt-rules-performance:compileKotlin UP-TO-DATE
12:23:02.102 [INFO]  [Validating] > Transforming main with ClasspathEntrySnapshotTransform
12:23:02.102 [INFO]  [Validating] > Transforming main with ClasspathEntrySnapshotTransform
12:23:02.102 [INFO]  [Validating] > Transforming kotlin-stdlib-jdk8-1.8.22.jar with ClasspathEntrySnapshotTransform
12:23:02.102 [INFO]  [Validating] > Transforming kotlin-stdlib-jdk7-1.8.22.jar with ClasspathEntrySnapshotTransform
12:23:02.102 [INFO]  [Validating] > Transforming kotlin-stdlib-1.8.22.jar with ClasspathEntrySnapshotTransform
12:23:02.102 [INFO]  [Validating] > Transforming kotlin-compiler-embeddable-1.8.22.jar with ClasspathEntrySnapshotTransform
12:23:02.102 [INFO]  [Validating] > Transforming kotlin-stdlib-common-1.8.22.jar with ClasspathEntrySnapshotTransform
12:23:02.102 [INFO]  [Validating] > Transforming annotations-13.0.jar with ClasspathEntrySnapshotTransform
12:23:02.102 [INFO]  [Validating] > Build cache key for task ':detekt-rules-performance:compileKotlin' is f06dd6c969c27f9a4df9e6ee6610caf1
12:23:02.102 [INFO]  [Validating] > Skipping task ':detekt-rules-performance:compileKotlin' as it is up-to-date.
12:23:02.102 [INFO]  [Validating] > Resolve mutations for :detekt-rules-performance:compileJava (Thread[Execution worker Thread 2,5,main]) started.
12:23:02.102 [INFO]  [Validating] > Resolve mutations for :detekt-rules-naming:compileJava (Thread[Execution worker Thread 6,5,main]) started.
12:23:02.102 [INFO]  [Validating] > :detekt-rules-performance:compileJava (Thread[Execution worker Thread 2,5,main]) started.
12:23:02.102 [INFO]  [Validating] > :detekt-rules-naming:compileJava (Thread[Execution worker Thread 6,5,main]) started.
12:23:02.102 [INFO]  [Validating] > 
12:23:02.102 [INFO]  [Validating] > > Task :detekt-rules-performance:compileJava NO-SOURCE
12:23:02.102 [INFO]  [Validating] > Skipping task ':detekt-rules-performance:compileJava' as it has no source files and no previous output files.
12:23:02.102 [INFO]  [Validating] > Resolve mutations for :detekt-rules-performance:classes (Thread[Execution worker Thread 2,5,main]) started.
12:23:02.102 [INFO]  [Validating] > :detekt-rules-performance:classes (Thread[Execution worker Thread 2,5,main]) started.
12:23:02.102 [INFO]  [Validating] > 
12:23:02.102 [INFO]  [Validating] > > Task :detekt-rules-performance:classes UP-TO-DATE
12:23:02.102 [INFO]  [Validating] > Skipping task ':detekt-rules-performance:classes' as it has no actions.
12:23:02.102 [INFO]  [Validating] > :detekt-core:compileJava (Thread[included builds,5,main]) started.
12:23:02.102 [INFO]  [Validating] > 
12:23:02.102 [INFO]  [Validating] > > Task :detekt-rules-style:compileKotlin UP-TO-DATE
12:23:02.102 [INFO]  [Validating] > Transforming main with ClasspathEntrySnapshotTransform
12:23:02.102 [INFO]  [Validating] > Transforming main with ClasspathEntrySnapshotTransform
12:23:02.102 [INFO]  [Validating] > Transforming main with ClasspathEntrySnapshotTransform
12:23:02.102 [INFO]  [Validating] > Transforming main with ClasspathEntrySnapshotTransform
12:23:02.102 [INFO]  [Validating] > Transforming kotlin-stdlib-jdk8-1.8.22.jar with ClasspathEntrySnapshotTransform
12:23:02.102 [INFO]  [Validating] > Transforming kotlin-stdlib-jdk7-1.8.22.jar with ClasspathEntrySnapshotTransform
12:23:02.102 [INFO]  [Validating] > Transforming kotlin-stdlib-1.8.22.jar with ClasspathEntrySnapshotTransform
12:23:02.102 [INFO]  [Validating] > Transforming kotlin-compiler-embeddable-1.8.22.jar with ClasspathEntrySnapshotTransform
12:23:02.102 [INFO]  [Validating] > Transforming kotlin-stdlib-common-1.8.22.jar with ClasspathEntrySnapshotTransform
12:23:02.102 [INFO]  [Validating] > Transforming annotations-13.0.jar with ClasspathEntrySnapshotTransform
12:23:02.102 [INFO]  [Validating] > Build cache key for task ':detekt-rules-style:compileKotlin' is 2460ccfac4f787be03b39d8f7c4ee331
12:23:02.102 [INFO]  [Validating] > Skipping task ':detekt-rules-style:compileKotlin' as it is up-to-date.
12:23:02.102 [INFO]  [Validating] > Resolve mutations for :detekt-rules-style:compileJava (Thread[Execution worker Thread 8,5,main]) started.
12:23:02.102 [INFO]  [Validating] > Resolve mutations for :detekt-rules-performance:jar (Thread[Execution worker Thread 2,5,main]) started.
12:23:02.102 [INFO]  [Validating] > 
12:23:02.102 [INFO]  [Validating] > > Task :detekt-rules-naming:compileJava NO-SOURCE
12:23:02.102 [INFO]  [Validating] > Skipping task ':detekt-rules-naming:compileJava' as it has no source files and no previous output files.
12:23:02.102 [INFO]  [Validating] > Resolve mutations for :detekt-rules-naming:classes (Thread[Execution worker Thread 6,5,main]) started.
12:23:02.102 [INFO]  [Validating] > :detekt-rules-style:compileJava (Thread[Execution worker Thread 8,5,main]) started.
12:23:02.102 [INFO]  [Validating] > :detekt-rules-naming:classes (Thread[Execution worker Thread 6,5,main]) started.
12:23:02.102 [INFO]  [Validating] > 
12:23:02.102 [INFO]  [Validating] > > Task :detekt-rules-naming:classes UP-TO-DATE
12:23:02.102 [INFO]  [Validating] > Skipping task ':detekt-rules-naming:classes' as it has no actions.
12:23:02.102 [INFO]  [Validating] > Resolve mutations for :detekt-rules-naming:jar (Thread[Execution worker Thread 6,5,main]) started.
12:23:02.102 [INFO]  [Validating] > :detekt-rules-performance:jar (Thread[Execution worker Thread 2,5,main]) started.
12:23:02.102 [INFO]  [Validating] > 
12:23:02.102 [INFO]  [Validating] > > Task :detekt-core:compileJava NO-SOURCE
12:23:02.102 [INFO]  [Validating] > Skipping task ':detekt-core:compileJava' as it has no source files and no previous output files.
12:23:02.102 [INFO]  [Validating] > Resolve mutations for :detekt-core:classes (Thread[included builds,5,main]) started.
12:23:02.103 [INFO]  [Validating] > :detekt-rules-naming:jar (Thread[Execution worker Thread 6,5,main]) started.
12:23:02.103 [INFO]  [Validating] > 
12:23:02.103 [INFO]  [Validating] > > Task :detekt-rules-style:compileJava NO-SOURCE
12:23:02.103 [INFO]  [Validating] > Skipping task ':detekt-rules-style:compileJava' as it has no source files and no previous output files.
12:23:02.103 [INFO]  [Validating] > Resolve mutations for :detekt-rules-style:classes (Thread[Execution worker Thread 8,5,main]) started.
12:23:02.103 [INFO]  [Validating] > :detekt-rules-style:classes (Thread[Execution worker Thread 8,5,main]) started.
12:23:02.103 [INFO]  [Validating] > 
12:23:02.103 [INFO]  [Validating] > > Task :detekt-rules-style:classes UP-TO-DATE
12:23:02.103 [INFO]  [Validating] > Skipping task ':detekt-rules-style:classes' as it has no actions.
12:23:02.103 [INFO]  [Validating] > Resolve mutations for :detekt-rules-style:jar (Thread[Execution worker Thread 8,5,main]) started.
12:23:02.103 [INFO]  [Validating] > :detekt-core:classes (Thread[included builds,5,main]) started.
12:23:02.103 [INFO]  [Validating] > :detekt-rules-style:jar (Thread[Execution worker Thread 8,5,main]) started.
12:23:02.103 [INFO]  [Validating] > 
12:23:02.103 [INFO]  [Validating] > > Task :detekt-core:classes UP-TO-DATE
12:23:02.103 [INFO]  [Validating] > Skipping task ':detekt-core:classes' as it has no actions.
12:23:02.103 [INFO]  [Validating] > Resolve mutations for :detekt-core:jar (Thread[included builds,5,main]) started.
12:23:02.103 [INFO]  [Validating] > :detekt-core:jar (Thread[included builds,5,main]) started.
12:23:02.103 [INFO]  [Validating] > 
12:23:02.103 [INFO]  [Validating] > > Task :detekt-rules-exceptions:jar UP-TO-DATE
12:23:02.103 [INFO]  [Validating] > Caching disabled for task ':detekt-rules-exceptions:jar' because:
12:23:02.103 [INFO]  [Validating] >   Not worth caching
12:23:02.103 [INFO]  [Validating] > Skipping task ':detekt-rules-exceptions:jar' as it is up-to-date.
12:23:02.103 [INFO]  [Validating] > 
12:23:02.103 [INFO]  [Validating] > > Task :detekt-report-sarif:jar UP-TO-DATE
12:23:02.103 [INFO]  [Validating] > Caching disabled for task ':detekt-report-sarif:jar' because:
12:23:02.103 [INFO]  [Validating] >   Not worth caching
12:23:02.103 [INFO]  [Validating] > Skipping task ':detekt-report-sarif:jar' as it is up-to-date.
12:23:02.103 [INFO]  [Validating] > Resolve mutations for :detekt-tooling:classes (Thread[Execution worker Thread 9,5,main]) started.
12:23:02.103 [INFO]  [Validating] > :detekt-tooling:classes (Thread[Execution worker Thread 9,5,main]) started.
12:23:02.103 [INFO]  [Validating] > 
12:23:02.103 [INFO]  [Validating] > > Task :detekt-tooling:classes UP-TO-DATE
12:23:02.103 [INFO]  [Validating] > Skipping task ':detekt-tooling:classes' as it has no actions.
12:23:02.103 [INFO]  [Validating] > Resolve mutations for :detekt-tooling:jar (Thread[Execution worker Thread 9,5,main]) started.
12:23:02.103 [INFO]  [Validating] > :detekt-tooling:jar (Thread[Execution worker Thread 9,5,main]) started.
12:23:02.103 [INFO]  [Validating] > 
12:23:02.103 [INFO]  [Validating] > > Task :detekt-rules-empty:jar UP-TO-DATE
12:23:02.103 [INFO]  [Validating] > Caching disabled for task ':detekt-rules-empty:jar' because:
12:23:02.103 [INFO]  [Validating] >   Not worth caching
12:23:02.103 [INFO]  [Validating] > Skipping task ':detekt-rules-empty:jar' as it is up-to-date.
12:23:02.103 [INFO]  [Validating] > 
12:23:02.103 [INFO]  [Validating] > > Task :detekt-rules-complexity:jar UP-TO-DATE
12:23:02.103 [INFO]  [Validating] > Caching disabled for task ':detekt-rules-complexity:jar' because:
12:23:02.103 [INFO]  [Validating] >   Not worth caching
12:23:02.103 [INFO]  [Validating] > Skipping task ':detekt-rules-complexity:jar' as it is up-to-date.
12:23:02.103 [INFO]  [Validating] > work action resolve detekt-rules-empty-1.23.0.jar (project :detekt-rules-empty) (Thread[Execution worker Thread 4,5,main]) started.
12:23:02.103 [INFO]  [Validating] > work action resolve detekt-rules-documentation-1.23.0.jar (project :detekt-rules-documentation) (Thread[Execution worker Thread 4,5,main]) started.
12:23:02.103 [INFO]  [Validating] > work action resolve detekt-rules-coroutines-1.23.0.jar (project :detekt-rules-coroutines) (Thread[Execution worker Thread 4,5,main]) started.
12:23:02.103 [INFO]  [Validating] > work action resolve detekt-rules-complexity-1.23.0.jar (project :detekt-rules-complexity) (Thread[Execution worker Thread 4,5,main]) started.
12:23:02.103 [INFO]  [Validating] > 
12:23:02.103 [INFO]  [Validating] > > Task :detekt-rules-errorprone:jar UP-TO-DATE
12:23:02.103 [INFO]  [Validating] > Caching disabled for task ':detekt-rules-errorprone:jar' because:
12:23:02.103 [INFO]  [Validating] >   Not worth caching
12:23:02.103 [INFO]  [Validating] > Skipping task ':detekt-rules-errorprone:jar' as it is up-to-date.
12:23:02.103 [INFO]  [Validating] > Resolve mutations for :detekt-test-utils:classes (Thread[Execution worker Thread 5,5,main]) started.
12:23:02.103 [INFO]  [Validating] > work action resolve detekt-report-sarif-1.23.0.jar (project :detekt-report-sarif) (Thread[Execution worker Thread 3,5,main]) started.
12:23:02.103 [INFO]  [Validating] > :detekt-test-utils:classes (Thread[Execution worker Thread 5,5,main]) started.
12:23:02.103 [INFO]  [Validating] > work action resolve detekt-report-xml-1.23.0.jar (project :detekt-report-xml) (Thread[Execution worker Thread 3,5,main]) started.
12:23:02.103 [INFO]  [Validating] > work action resolve detekt-utils-1.23.0.jar (project :detekt-utils) (Thread[Execution worker Thread 4,5,main]) started.
12:23:02.103 [INFO]  [Validating] > work action resolve detekt-rules-exceptions-1.23.0.jar (project :detekt-rules-exceptions) (Thread[Execution worker Thread 7,5,main]) started.
12:23:02.103 [INFO]  [Validating] > work action resolve detekt-report-html-1.23.0.jar (project :detekt-report-html) (Thread[Execution worker Thread 4,5,main]) started.
12:23:02.103 [INFO]  [Validating] > work action resolve detekt-api-1.23.0.jar (project :detekt-api) (Thread[Execution worker Thread 4,5,main]) started.
12:23:02.103 [INFO]  [Validating] > work action resolve detekt-report-txt-1.23.0.jar (project :detekt-report-txt) (Thread[Execution worker Thread 3,5,main]) started.
12:23:02.103 [INFO]  [Validating] > work action resolve detekt-report-md-1.23.0.jar (project :detekt-report-md) (Thread[Execution worker Thread 3,5,main]) started.
12:23:02.103 [INFO]  [Validating] > work action resolve detekt-parser-1.23.0.jar (project :detekt-parser) (Thread[Execution worker Thread 3,5,main]) started.
12:23:02.103 [INFO]  [Validating] > work action resolve detekt-rules-errorprone-1.23.0.jar (project :detekt-rules-errorprone) (Thread[Execution worker Thread 3,5,main]) started.
12:23:02.103 [INFO]  [Validating] > work action resolve detekt-rules-1.23.0.jar (project :detekt-rules) (Thread[Execution worker Thread 3,5,main]) started.
12:23:02.103 [INFO]  [Validating] > work action resolve detekt-metrics-1.23.0.jar (project :detekt-metrics) (Thread[Execution worker Thread 4,5,main]) started.
12:23:02.103 [INFO]  [Validating] > work action resolve detekt-psi-utils-1.23.0.jar (project :detekt-psi-utils) (Thread[Execution worker Thread 7,5,main]) started.
12:23:02.103 [INFO]  [Validating] > 
12:23:02.103 [INFO]  [Validating] > > Task :detekt-test-utils:classes UP-TO-DATE
12:23:02.103 [INFO]  [Validating] > Skipping task ':detekt-test-utils:classes' as it has no actions.
12:23:02.103 [INFO]  [Validating] > Resolve mutations for :detekt-test-utils:jar (Thread[Execution worker Thread 5,5,main]) started.
12:23:02.103 [INFO]  [Validating] > :detekt-test-utils:jar (Thread[Execution worker Thread 7,5,main]) started.
12:23:02.103 [INFO]  [Validating] > 
12:23:02.103 [INFO]  [Validating] > > Task :detekt-rules-performance:jar UP-TO-DATE
12:23:02.103 [INFO]  [Validating] > Caching disabled for task ':detekt-rules-performance:jar' because:
12:23:02.103 [INFO]  [Validating] >   Not worth caching
12:23:02.103 [INFO]  [Validating] > Skipping task ':detekt-rules-performance:jar' as it is up-to-date.
12:23:02.103 [INFO]  [Validating] > work action resolve detekt-rules-performance-1.23.0.jar (project :detekt-rules-performance) (Thread[Execution worker Thread 2,5,main]) started.
12:23:02.103 [INFO]  [Validating] > 
12:23:02.103 [INFO]  [Validating] > > Task :detekt-rules-naming:jar UP-TO-DATE
12:23:02.103 [INFO]  [Validating] > Caching disabled for task ':detekt-rules-naming:jar' because:
12:23:02.103 [INFO]  [Validating] >   Not worth caching
12:23:02.103 [INFO]  [Validating] > Skipping task ':detekt-rules-naming:jar' as it is up-to-date.
12:23:02.103 [INFO]  [Validating] > work action resolve detekt-rules-naming-1.23.0.jar (project :detekt-rules-naming) (Thread[Execution worker Thread 6,5,main]) started.
12:23:02.103 [INFO]  [Validating] > 
12:23:02.103 [INFO]  [Validating] > > Task :detekt-core:jar UP-TO-DATE
12:23:02.103 [INFO]  [Validating] > Caching disabled for task ':detekt-core:jar' because:
12:23:02.103 [INFO]  [Validating] >   Not worth caching
12:23:02.103 [INFO]  [Validating] > Skipping task ':detekt-core:jar' as it is up-to-date.
12:23:02.103 [INFO]  [Validating] > work action resolve detekt-core-1.23.0.jar (project :detekt-core) (Thread[included builds,5,main]) started.
12:23:02.103 [INFO]  [Validating] > 
12:23:02.103 [INFO]  [Validating] > > Task :detekt-rules-style:jar UP-TO-DATE
12:23:02.103 [INFO]  [Validating] > Caching disabled for task ':detekt-rules-style:jar' because:
12:23:02.103 [INFO]  [Validating] >   Not worth caching
12:23:02.103 [INFO]  [Validating] > Skipping task ':detekt-rules-style:jar' as it is up-to-date.
12:23:02.103 [INFO]  [Validating] > work action resolve detekt-rules-style-1.23.0.jar (project :detekt-rules-style) (Thread[Execution worker Thread 8,5,main]) started.
12:23:02.103 [INFO]  [Validating] > 
12:23:02.103 [INFO]  [Validating] > > Task :detekt-tooling:jar UP-TO-DATE
12:23:02.103 [INFO]  [Validating] > Caching disabled for task ':detekt-tooling:jar' because:
12:23:02.103 [INFO]  [Validating] >   Not worth caching
12:23:02.103 [INFO]  [Validating] > Skipping task ':detekt-tooling:jar' as it is up-to-date.
12:23:02.103 [INFO]  [Validating] > work action resolve detekt-tooling-1.23.0.jar (project :detekt-tooling) (Thread[Execution worker Thread 9,5,main]) started.
12:23:02.103 [INFO]  [Validating] > 
12:23:02.103 [INFO]  [Validating] > > Task :detekt-test-utils:jar UP-TO-DATE
12:23:02.103 [INFO]  [Validating] > Caching disabled for task ':detekt-test-utils:jar' because:
12:23:02.103 [INFO]  [Validating] >   Not worth caching
12:23:02.103 [INFO]  [Validating] > Skipping task ':detekt-test-utils:jar' as it is up-to-date.
12:23:02.103 [INFO]  [Validating] > work action resolve detekt-test-utils-1.23.0.jar (project :detekt-test-utils) (Thread[Execution worker Thread 7,5,main]) started.
12:23:02.103 [INFO]  [Validating] > 
12:23:02.103 [INFO]  [Validating] > > Task :detekt-cli:compileTestKotlin FROM-CACHE
12:23:02.103 [INFO]  [Validating] > Transforming main with ClasspathEntrySnapshotTransform
12:23:02.103 [INFO]  [Validating] > Transforming main with ClasspathEntrySnapshotTransform
12:23:02.103 [INFO]  [Validating] > Transforming main with ClasspathEntrySnapshotTransform
12:23:02.103 [INFO]  [Validating] > Transforming main with ClasspathEntrySnapshotTransform
12:23:02.103 [INFO]  [Validating] > Transforming main with ClasspathEntrySnapshotTransform
12:23:02.103 [INFO]  [Validating] > Transforming main with ClasspathEntrySnapshotTransform
12:23:02.103 [INFO]  [Validating] > Transforming main with ClasspathEntrySnapshotTransform
12:23:02.103 [INFO]  [Validating] > Transforming kotlin-stdlib-jdk8-1.8.22.jar with ClasspathEntrySnapshotTransform
12:23:02.103 [INFO]  [Validating] > Transforming jcommander-1.82.jar with ClasspathEntrySnapshotTransform
12:23:02.103 [INFO]  [Validating] > Transforming kotlin-compiler-embeddable-1.8.22.jar with ClasspathEntrySnapshotTransform
12:23:02.103 [INFO]  [Validating] > Transforming assertj-core-3.24.2.jar with ClasspathEntrySnapshotTransform
12:23:02.103 [INFO]  [Validating] > Transforming junit-jupiter-params-5.9.3.jar with ClasspathEntrySnapshotTransform
12:23:02.103 [INFO]  [Validating] > Transforming junit-jupiter-api-5.9.3.jar with ClasspathEntrySnapshotTransform
12:23:02.103 [INFO]  [Validating] > Transforming junit-platform-commons-1.9.3.jar with ClasspathEntrySnapshotTransform
12:23:02.103 [INFO]  [Validating] > Transforming junit-jupiter-5.9.3.jar with ClasspathEntrySnapshotTransform
12:23:02.103 [INFO]  [Validating] > Transforming kotlin-stdlib-jdk7-1.8.22.jar with ClasspathEntrySnapshotTransform
12:23:02.103 [INFO]  [Validating] > Transforming kotlin-stdlib-1.8.22.jar with ClasspathEntrySnapshotTransform
12:23:02.103 [INFO]  [Validating] > Transforming kotlin-stdlib-common-1.8.22.jar with ClasspathEntrySnapshotTransform
12:23:02.103 [INFO]  [Validating] > Transforming annotations-13.0.jar with ClasspathEntrySnapshotTransform
12:23:02.103 [INFO]  [Validating] > Transforming byte-buddy-1.12.21.jar with ClasspathEntrySnapshotTransform
12:23:02.103 [INFO]  [Validating] > Transforming opentest4j-1.2.0.jar with ClasspathEntrySnapshotTransform
12:23:02.103 [INFO]  [Validating] > Transforming apiguardian-api-1.1.2.jar with ClasspathEntrySnapshotTransform
12:23:02.103 [INFO]  [Validating] > Build cache key for task ':detekt-cli:compileTestKotlin' is 20e7471a1950bbca885faa2515dd160a
12:23:02.103 [INFO]  [Validating] > Task ':detekt-cli:compileTestKotlin' is not up-to-date because:
12:23:02.103 [INFO]  [Validating] >   Input property 'javaSources' file /Users/mnedzelskii/gits/detekt/detekt-cli/src/test/java/DummyJUnitJupiterLauncherDiffblueTest.java has been removed.
12:23:02.103 [INFO]  [Validating] >   Input property 'javaSources' file /Users/mnedzelskii/gits/detekt/detekt-cli/src/test/java/io/gitlab/arturbosch/detekt/cli/ClasspathResourceConverterDiffblueTest.java has been added.
12:23:02.103 [INFO]  [Validating] >   Input property 'javaSources' file /Users/mnedzelskii/gits/detekt/detekt-cli/src/test/java/io/gitlab/arturbosch/detekt/cli/CliArgsDiffblueTest.java has been added.
12:23:02.103 [INFO]  [Validating] > Loaded cache entry for task ':detekt-cli:compileTestKotlin' with cache key 20e7471a1950bbca885faa2515dd160a
12:23:02.103 [INFO]  [Validating] > Resolve mutations for :detekt-cli:compileTestJava (Thread[Execution worker,5,main]) started.
12:23:02.103 [INFO]  [Validating] > :detekt-cli:compileTestJava (Thread[Execution worker,5,main]) started.
12:23:02.103 [INFO]  [Validating] > 
12:23:02.103 [INFO]  [Validating] > > Task :detekt-cli:compileTestJava FROM-CACHE
12:23:02.103 [INFO]  [Validating] > Build cache key for task ':detekt-cli:compileTestJava' is cb9db8e62b2981397c25b9ba9ef05bd8
12:23:02.103 [INFO]  [Validating] > Task ':detekt-cli:compileTestJava' is not up-to-date because:
12:23:02.104 [INFO]  [Validating] >   Input property 'stableSources' file /Users/mnedzelskii/gits/detekt/detekt-cli/src/test/java/DummyJUnitJupiterLauncherDiffblueTest.java has been removed.
12:23:02.104 [INFO]  [Validating] >   Input property 'stableSources' file /Users/mnedzelskii/gits/detekt/detekt-cli/src/test/java/io/gitlab/arturbosch/detekt/cli/ClasspathResourceConverterDiffblueTest.java has been added.
12:23:02.104 [INFO]  [Validating] >   Input property 'stableSources' file /Users/mnedzelskii/gits/detekt/detekt-cli/src/test/java/io/gitlab/arturbosch/detekt/cli/CliArgsDiffblueTest.java has been added.
12:23:02.104 [INFO]  [Validating] > Loaded cache entry for task ':detekt-cli:compileTestJava' with cache key cb9db8e62b2981397c25b9ba9ef05bd8
12:23:02.104 [INFO]  [Validating] > Resolve mutations for :detekt-cli:testClasses (Thread[Execution worker,5,main]) started.
12:23:02.104 [INFO]  [Validating] > :detekt-cli:testClasses (Thread[Execution worker,5,main]) started.
12:23:02.104 [INFO]  [Validating] > 
12:23:02.104 [INFO]  [Validating] > > Task :detekt-cli:testClasses UP-TO-DATE
12:23:02.104 [INFO]  [Validating] > Skipping task ':detekt-cli:testClasses' as it has no actions.
12:23:02.104 [INFO]  [Validating] > Resolve mutations for :detekt-cli:test (Thread[Execution worker Thread 7,5,main]) started.
12:23:02.104 [INFO]  [Validating] > :detekt-cli:test (Thread[Execution worker Thread 7,5,main]) started.
12:23:02.104 [INFO]  [Validating] > 
12:23:02.104 [INFO]  [Validating] > > Task :detekt-cli:test FROM-CACHE
12:23:02.104 [INFO]  [Validating] > Build cache key for task ':detekt-cli:test' is 7a628fc262ae928e6f1f0a21fe95dd30
12:23:02.104 [INFO]  [Validating] > Task ':detekt-cli:test' is not up-to-date because:
12:23:02.104 [INFO]  [Validating] >   Value of input property 'filter.failOnNoMatchingTests' has changed for task ':detekt-cli:test'
12:23:02.104 [INFO]  [Validating] >   Value of input property 'filter.includePatterns' has changed for task ':detekt-cli:test'
12:23:02.104 [INFO]  [Validating] > Loaded cache entry for task ':detekt-cli:test' with cache key 7a628fc262ae928e6f1f0a21fe95dd30
12:23:02.104 [INFO]  [Validating] > 
12:23:02.104 [INFO]  [Validating] > BUILD SUCCESSFUL in 458ms
12:23:02.104 [INFO]  [Validating] > 66 actionable tasks: 3 from cache, 63 up-to-date
12:23:02.104 [INFO]  [Validating] > Watched directory hierarchies: [/Users/mnedzelskii/gits/detekt]
12:23:02.104 [INFO]  [Validating] > Configuration cache entry reused.
12:23:02.104 [INFO]  [Validating] Standard error of build tool (Gradle)
12:23:02.104 [INFO]  [Validating] > 
12:23:02.131 [INFO]  [Validating] All 36 created tests were successfully validated.
12:23:02.390 [INFO]  [Reporting] Writing JSON report to /Users/mnedzelskii/gits/detekt/detekt-cli/.diffblue/reports/report.json
12:23:02.468 [INFO]  [Reporting] 
12:23:02.468 [WARN]  [Reporting] Cover completed with warnings
  The following warnings should be addressed to ensure that
  the highest quantity and quality of tests can be created:
-----------------------------------------------------------
12:16:37.418 [WARN]  [Checking] E052: Missing dependency
Unable to mock method inputs because Mockito 2.22.0 or later is not present on the classpath.
Required dependencies were not found.
Please add the following dependencies to your project:
  testImplementation("org.mockito:mockito-core:4.11.0")
12:23:02.468 [INFO]  [Reporting] Log file: /Users/mnedzelskii/gits/detekt/detekt-cli/.diffblue/log/user-20230706T121625.log
12:23:02.468 [INFO]  [Reporting] Finished in 6m 36s
