13:29:06.364 [INFO]  [Preparing] Diffblue Cover 2023.07.02-SNAPSHOT-0623e01-local
13:29:06.365 [INFO]  [Preparing] 
13:29:06.365 [INFO]  [Preparing] Running: dcover create --working-directory detekt-sample-extensions io.github io.gitlab
13:29:06.517 [INFO]  [Checking] Detecting environment:
13:29:06.517 [INFO]  [Checking] ----------------------
13:29:06.561 [INFO]  [Checking] Detected Java version 11.0.18
13:29:09.149 [INFO]  [Checking] Detected build system: Gradle 8.2
13:29:09.149 [INFO]  [Checking] Operating System: Mac OS X aarch64 13.4.1
13:29:09.149 [INFO]  [Checking] Default charset: UTF-8
13:29:09.149 [INFO]  [Checking] Default locale: en_GB
13:29:09.150 [INFO]  [Checking] Default time zone: Europe/London
13:29:09.151 [INFO]  [Checking] Selected build system: Gradle
13:29:09.153 [INFO]  [Checking] Selected classpath from build system Gradle
13:29:09.154 [INFO]  [Checking] Expanded classpath: 
/Users/mnedzelskii/gits/detekt/detekt-sample-extensions/build/classes/kotlin/test
/Users/mnedzelskii/gits/detekt/detekt-sample-extensions/build/classes/kotlin/main (code under test)
/Users/mnedzelskii/gits/detekt/detekt-sample-extensions/build/resources/test
/Users/mnedzelskii/gits/detekt/detekt-sample-extensions/build/classes/java/main
/Users/mnedzelskii/gits/detekt/detekt-sample-extensions/build/resources/main
/Users/mnedzelskii/gits/detekt/detekt-test/build/libs/detekt-test-1.23.0.jar
/Users/mnedzelskii/gits/detekt/detekt-core/build/libs/detekt-core-1.23.0.jar
/Users/mnedzelskii/gits/detekt/detekt-tooling/build/libs/detekt-tooling-1.23.0.jar
/Users/mnedzelskii/gits/detekt/detekt-report-md/build/libs/detekt-report-md-1.23.0.jar
/Users/mnedzelskii/gits/detekt/detekt-metrics/build/libs/detekt-metrics-1.23.0.jar
/Users/mnedzelskii/gits/detekt/detekt-api/build/libs/detekt-api-1.23.0.jar
/Users/mnedzelskii/gits/detekt/detekt-test-utils/build/libs/detekt-test-utils-1.23.0.jar
/Users/mnedzelskii/gits/detekt/detekt-report-html/build/libs/detekt-report-html-1.23.0.jar
/Users/mnedzelskii/gits/detekt/detekt-utils/build/libs/detekt-utils-1.23.0.jar
/Users/mnedzelskii/gits/detekt/detekt-parser/build/libs/detekt-parser-1.23.0.jar
/Users/mnedzelskii/gits/detekt/detekt-psi-utils/build/libs/detekt-psi-utils-1.23.0.jar
/Users/mnedzelskii/gits/detekt/detekt-report-txt/build/libs/detekt-report-txt-1.23.0.jar
/Users/mnedzelskii/gits/detekt/detekt-report-xml/build/libs/detekt-report-xml-1.23.0.jar
/Users/mnedzelskii/gits/detekt/detekt-report-sarif/build/libs/detekt-report-sarif-1.23.0.jar
/Users/mnedzelskii/.gradle/caches/modules-2/files-2.1/org.jetbrains.kotlinx/kotlinx-coroutines-core-jvm/1.7.2/27cb5db69aeef59d8cc2a2cc2be4200f26091e72/kotlinx-coroutines-core-jvm-1.7.2.jar
/Users/mnedzelskii/.gradle/caches/modules-2/files-2.1/io.github.detekt.sarif4k/sarif4k-jvm/0.4.0/d3060993cd73b57ee61b260841bedcabb7dcbb02/sarif4k-jvm-0.4.0.jar
/Users/mnedzelskii/.gradle/caches/modules-2/files-2.1/org.jetbrains.kotlinx/kotlinx-serialization-json-jvm/1.4.1/e6430b33f06dcdff88998abfcb2e78bc3cd0a1f6/kotlinx-serialization-json-jvm-1.4.1.jar
/Users/mnedzelskii/.gradle/caches/modules-2/files-2.1/org.jetbrains.kotlinx/kotlinx-serialization-core-jvm/1.4.1/e0c2c11e5d0d541ca343c8f09602c0c2287d15a1/kotlinx-serialization-core-jvm-1.4.1.jar
/Users/mnedzelskii/.gradle/caches/modules-2/files-2.1/org.jetbrains.kotlin/kotlin-stdlib-jdk8/1.8.22/b25c86d47d6b962b9cf0f8c3f320c8a10eea3dd1/kotlin-stdlib-jdk8-1.8.22.jar
/Users/mnedzelskii/.gradle/caches/modules-2/files-2.1/org.assertj/assertj-core/3.24.2/ebbf338e33f893139459ce5df023115971c2786f/assertj-core-3.24.2.jar
/Users/mnedzelskii/.gradle/caches/modules-2/files-2.1/org.junit.jupiter/junit-jupiter-engine/5.9.3/355322b03bf39306a183162cd06626c206f0286b/junit-jupiter-engine-5.9.3.jar
/Users/mnedzelskii/.gradle/caches/modules-2/files-2.1/org.junit.jupiter/junit-jupiter-params/5.9.3/9e2a4bf6016a1975f408a73523392875cff7c26f/junit-jupiter-params-5.9.3.jar
/Users/mnedzelskii/.gradle/caches/modules-2/files-2.1/org.junit.jupiter/junit-jupiter-api/5.9.3/815818ad6ffcc8d320d8fbdf3d748c753cf83201/junit-jupiter-api-5.9.3.jar
/Users/mnedzelskii/.gradle/caches/modules-2/files-2.1/org.junit.platform/junit-platform-launcher/1.9.3/485650bfe2a2f39b606a6ca013285afda2eaee79/junit-platform-launcher-1.9.3.jar
/Users/mnedzelskii/.gradle/caches/modules-2/files-2.1/org.junit.platform/junit-platform-engine/1.9.3/8616734a190f8d307376aeb7353dba0a2c037a09/junit-platform-engine-1.9.3.jar
/Users/mnedzelskii/.gradle/caches/modules-2/files-2.1/org.junit.platform/junit-platform-commons/1.9.3/36b2e26a90c41603be7f0094bee80e3f8a2cd4d4/junit-platform-commons-1.9.3.jar
/Users/mnedzelskii/.gradle/caches/modules-2/files-2.1/org.junit.jupiter/junit-jupiter/5.9.3/72e840501e1550e9799c9a5cc9483d7d6b29e0ba/junit-jupiter-5.9.3.jar
/Users/mnedzelskii/.gradle/caches/modules-2/files-2.1/org.jetbrains.kotlin/kotlin-stdlib-jdk7/1.8.22/4dabb8248310d833bb6a8b516024a91fd3d275c/kotlin-stdlib-jdk7-1.8.22.jar
/Users/mnedzelskii/.gradle/caches/modules-2/files-2.1/org.jetbrains.kotlin/kotlin-compiler-embeddable/1.8.22/e2cf111da088dc807a74157741b4cd4b664edfb7/kotlin-compiler-embeddable-1.8.22.jar
/Users/mnedzelskii/.gradle/caches/modules-2/files-2.1/org.jetbrains.kotlin/kotlin-main-kts/1.8.22/2b1a8c5bfeb080adb7358a936c90792ce83e305a/kotlin-main-kts-1.8.22.jar
/Users/mnedzelskii/.gradle/caches/modules-2/files-2.1/org.jetbrains.kotlin/kotlin-reflect/1.8.22/b52be44bc57cb6fd2169a29aefa4507c4e49c858/kotlin-reflect-1.8.22.jar
/Users/mnedzelskii/.gradle/caches/modules-2/files-2.1/org.jetbrains.kotlin/kotlin-scripting-compiler-embeddable/1.8.22/3ab8e0416ba65a54c227c806cc034a462a08ff7/kotlin-scripting-compiler-embeddable-1.8.22.jar
/Users/mnedzelskii/.gradle/caches/modules-2/files-2.1/org.jetbrains.kotlin/kotlin-scripting-compiler-impl-embeddable/1.8.22/5703e4c2d1596a35912296fe484400d19129b3d2/kotlin-scripting-compiler-impl-embeddable-1.8.22.jar
/Users/mnedzelskii/.gradle/caches/modules-2/files-2.1/org.jetbrains.kotlin/kotlin-scripting-jvm/1.8.22/3291898dd4e49d49b921cd7baf679399ddfcd49d/kotlin-scripting-jvm-1.8.22.jar
/Users/mnedzelskii/.gradle/caches/modules-2/files-2.1/org.jetbrains.kotlin/kotlin-scripting-common/1.8.22/2ceb06ea7e19b183f3363ca8961be973c232937a/kotlin-scripting-common-1.8.22.jar
/Users/mnedzelskii/.gradle/caches/modules-2/files-2.1/org.jetbrains.kotlin/kotlin-stdlib/1.8.22/636bf8b320e7627482771bbac9ed7246773c02bd/kotlin-stdlib-1.8.22.jar
/Users/mnedzelskii/.gradle/caches/modules-2/files-2.1/org.jetbrains.kotlin/kotlin-stdlib-common/1.8.22/1a8e3601703ae14bb58757ea6b2d8e8e5935a586/kotlin-stdlib-common-1.8.22.jar
/Users/mnedzelskii/.gradle/caches/modules-2/files-2.1/org.jetbrains/annotations/13.0/919f0dfe192fb4e063e7dacadee7f8bb9a2672a9/annotations-13.0.jar
/Users/mnedzelskii/.gradle/caches/modules-2/files-2.1/org.opentest4j/opentest4j/1.2.0/28c11eb91f9b6d8e200631d46e20a7f407f2a046/opentest4j-1.2.0.jar
/Users/mnedzelskii/.gradle/caches/modules-2/files-2.1/net.bytebuddy/byte-buddy/1.12.21/1a257bbdb9288f2558d3767cc2cc22b499d5091c/byte-buddy-1.12.21.jar
/Users/mnedzelskii/.gradle/caches/modules-2/files-2.1/org.snakeyaml/snakeyaml-engine/2.6/235a7e571b33eda1a81e0f73a3173ef95dd020e5/snakeyaml-engine-2.6.jar
/Users/mnedzelskii/.gradle/caches/modules-2/files-2.1/org.jetbrains.kotlin/kotlin-script-runtime/1.8.22/ce5ff1f309623f8c1be5143bdba032c4a04cec3a/kotlin-script-runtime-1.8.22.jar
/Users/mnedzelskii/.gradle/caches/modules-2/files-2.1/org.jetbrains.kotlin/kotlin-daemon-embeddable/1.8.22/7d9f7e06a59d2fcbc9b373400c146f42fd722e81/kotlin-daemon-embeddable-1.8.22.jar
/Users/mnedzelskii/.gradle/caches/modules-2/files-2.1/org.jetbrains.intellij.deps/trove4j/1.0.20200330/3afb14d5f9ceb459d724e907a21145e8ff394f02/trove4j-1.0.20200330.jar
/Users/mnedzelskii/.gradle/caches/modules-2/files-2.1/net.java.dev.jna/jna/5.6.0/330f2244e9030119ab3030fc3fededc86713d9cc/jna-5.6.0.jar
/Users/mnedzelskii/.gradle/caches/modules-2/files-2.1/io.github.davidburstrom.contester/contester-breakpoint/0.2.0/a560e5402378928e889b2eab0cc958cbed8cfe5e/contester-breakpoint-0.2.0.jar
/Users/mnedzelskii/.gradle/caches/modules-2/files-2.1/org.jetbrains.kotlinx/kotlinx-html-jvm/0.8.1/1395513588aabf353f15a9f8023098651f1d76a/kotlinx-html-jvm-0.8.1.jar
13:29:09.308 [INFO]  [Checking] Detected test framework: JUnit Jupiter 5.9.3
13:29:09.318 [INFO]  [Checking] Detected JUnit Jupiter Engine version 5.9.3
13:29:09.327 [INFO]  [Checking] Detected JUnit Jupiter Params version 5.9.3
13:29:09.422 [INFO]  [Checking] Selected test output directory: /Users/mnedzelskii/gits/detekt/detekt-sample-extensions/src/test/java
13:29:09.423 [INFO]  [Checking] Selected test framework: JUnit Jupiter
13:29:09.514 [INFO]  [Checking] Running: Using JAVA_HOME: /Users/mnedzelskii/.sdkman/candidates/java/current : in /Users/mnedzelskii/gits/detekt/detekt-sample-extensions : gradle test -i  DummyJupiterDiffblueTest
13:29:11.290 [INFO]  [Checking] Running: Using JAVA_HOME: /Users/mnedzelskii/.sdkman/candidates/java/current : in /Users/mnedzelskii/gits/detekt/detekt-sample-extensions : gradle test -i  DummyJUnitJupiterLauncherDiffblueTest
13:29:13.169 [INFO]  [Checking] Detected JVM architecture: 64-Bit
13:29:13.173 [INFO]  [Checking] Indexing...
13:29:16.014 [INFO]  [Checking] Selected Java language compliance level: 1.8
13:29:16.015 [INFO]  [Checking] Selected test validation: enabled
13:29:16.016 [INFO]  [Checking] Prefixes for filtering classes/methods:
13:29:16.016 [INFO]  [Checking] - io.github
13:29:16.017 [INFO]  [Checking] - io.gitlab
13:29:16.017 [INFO]  [Checking] Gathering methods to test...
13:29:16.799 [WARN]  [Checking] E052: Missing dependency
Unable to mock method inputs because Mockito 2.22.0 or later is not present on the classpath.
Required dependencies were not found.
Please add the following dependencies to your project:
  testImplementation("org.mockito:mockito-core:4.11.0")
13:29:16.811 [INFO]  [Reporting] 
13:29:16.811 [INFO]  [Reporting] Environment summary:
13:29:16.811 [INFO]  [Reporting] --------------------
13:29:16.813 [INFO]  [Reporting] Java version                  11.0.18                       SUCCESS        
13:29:16.813 [INFO]  [Reporting] Build system                  Gradle                        SUCCESS        
13:29:16.813 [WARN]  [Reporting] Mocking Framework                                           WARNING        
13:29:16.813 [INFO]  [Reporting] Testing framework             JUnit Jupiter 5               SUCCESS        
13:29:16.813 [INFO]  [Reporting] Launcher                      JUnit Jupiter                 SUCCESS        
13:29:16.813 [INFO]  [Reporting] Test validation               Enabled                       SUCCESS        
13:29:16.813 [INFO]  [Reporting] 
13:29:16.813 [WARN]  [Reporting] Environment check status: WARNING
13:29:16.836 [INFO]  [Creating] Found 62 callable methods in 14 classes
13:29:16.837 [INFO]  [Creating] 
13:29:16.837 [INFO]  [Creating] Creating tests:
13:29:16.837 [INFO]  [Creating] ---------------
13:29:16.848 [INFO]  [Creating] 
================================================================================
= Starting analysis for class 'io.gitlab.arturbosch.detekt.sample.extensions.SampleConfigValidator'
================================================================================
13:29:16.848 [INFO]  [Creating] Filtering out non-testable methods...
13:29:16.867 [INFO]  [Creating] Filtering of methods complete. Creating analysis request
13:29:16.868 [INFO]  [Creating] Attempting to get service client, retry 1.
13:29:16.881 [INFO]  [Creating] Starting monitoring server.
13:29:16.988 [INFO]  [Creating] Monitoring server listening on localhost/127.0.0.1:63201
13:29:16.988 [INFO]  [Creating] Starting analyzer server process...
13:29:16.989 [INFO]  [Creating] Server command-line: /Users/mnedzelskii/.sdkman/candidates/java/11.0.18-amzn/bin/java -XX:+IgnoreUnrecognizedVMOptions -Djdk.attach.allowAttachSelf=true -ea -javaagent:/Users/mnedzelskii/gits/cover/cover-cli/target/launcher-2023.07.02-SNAPSHOT-shared-jar.jar -Dlogback.configurationFile=/var/folders/84/svd_5_t17l36s2xgx_7spshr0000gp/T/diffblue/config/logback-remote-service.xml -Dcom.diffblue.springIsolationJar=/Users/mnedzelskii/gits/cover/cover-cli/target/cover-isolation-layer-2023.07.02-SNAPSHOT.jar -Dcover.jar.path=/Users/mnedzelskii/gits/cover/cover-cli/target/cover-service-analyzer-2023.07.02-SNAPSHOT-jar-with-dependencies.jar -Dcom.diffblue.assertionSuggestionJar=/Users/mnedzelskii/gits/cover/cover-cli/target/cover-service-analyzer-2023.07.02-SNAPSHOT-jar-with-dependencies.jar -Dcover.main.class=com.diffblue.cover.service.analyzer.Main -jar /Users/mnedzelskii/gits/cover/cover-cli/target/launcher-2023.07.02-SNAPSHOT-shared-jar.jar --service-lifespan 120 --monitoring-service-port 63201 --index-service-port 63201
13:29:17.002 [INFO]  [Creating] Server started. Waiting up to 300 seconds for a connection to be established...
13:29:17.368 [INFO]  [Creating] Starting new remote monitor client
13:29:17.637 [INFO]  [Creating] Attempting to start remote server.
13:29:18.079 [INFO]  [Creating] Server started, listening on localhost/127.0.0.1:63203
13:29:19.011 [INFO]  [Creating] Expect analyzer service to be listening on port 63203.
13:29:19.590 [INFO]  [Creating] Started analyzer service and client retrieved.
13:29:20.642 [INFO]  [Creating] 
================================================================================
= Creating tests for 'io.gitlab.arturbosch.detekt.sample.extensions.SampleConfigValidator.<init>:()V' using 'TrM (!sp, !fnm, df, !ris)'
================================================================================
13:29:24.545 [INFO]  [Creating]      [1/62] io.gitlab.arturbosch.detekt.sample.extensions.SampleConfigValidator.<init>
13:29:24.545 [INFO]  [Creating]      [1/62]   Tests created: 1
13:29:24.546 [INFO]  [Creating] 
================================================================================
= Creating tests for 'io.gitlab.arturbosch.detekt.sample.extensions.SampleConfigValidator.getId:()Ljava/lang/String;' using 'SiM (!sp, fnm, df, !ris)'
================================================================================
13:29:27.461 [INFO]  [Creating]      [2/62] io.gitlab.arturbosch.detekt.sample.extensions.SampleConfigValidator.getId
13:29:27.461 [INFO]  [Creating]      [2/62]   Tests created: 1
13:29:27.462 [INFO]  [Creating] 
================================================================================
= Creating tests for 'io.gitlab.arturbosch.detekt.sample.extensions.SampleConfigValidator.getPriority:()I' using 'SiM (!sp, fnm, df, !ris)'
================================================================================
13:29:27.642 [INFO]  [Creating]      [3/62] io.gitlab.arturbosch.detekt.sample.extensions.SampleConfigValidator.getPriority
13:29:27.642 [INFO]  [Creating]      [3/62]   Tests created: 1
13:29:27.644 [INFO]  [Creating] 
================================================================================
= Creating tests for 'io.gitlab.arturbosch.detekt.sample.extensions.SampleConfigValidator.init:(Lio/gitlab/arturbosch/detekt/api/Config;)V' using 'SiM (!sp, fnm, df, !ris)'
================================================================================
13:29:39.357 [INFO]  [Creating]      [4/62] io.gitlab.arturbosch.detekt.sample.extensions.SampleConfigValidator.init
13:29:39.357 [INFO]  [Creating]      [4/62]   Diffblue AI was unable to find a test
13:29:39.359 [INFO]  [Creating] 
================================================================================
= Creating tests for 'io.gitlab.arturbosch.detekt.sample.extensions.SampleConfigValidator.init:(Lio/gitlab/arturbosch/detekt/api/SetupContext;)V' using 'SiM (!sp, fnm, df, !ris)'
================================================================================
13:29:39.512 [INFO]  [Creating]      [5/62] io.gitlab.arturbosch.detekt.sample.extensions.SampleConfigValidator.init
13:29:39.512 [INFO]  [Creating]      [5/62]   R013: No inputs found that don't throw a trivial exception
13:29:39.512 [INFO]  [Creating]      [5/62]     Diffblue Cover tried to run the arrange/act section, but the test threw
13:29:39.512 [INFO]  [Creating]      [5/62]     java.lang.NullPointerException: Parameter specified as non-null is null: method io.gitlab.arturbosch.detekt.api.ConfigValidator$DefaultImpls.init, parameter context
13:29:39.512 [INFO]  [Creating]      [5/62]         at io.gitlab.arturbosch.detekt.api.ConfigValidator$DefaultImpls.init(ConfigValidator.kt)
13:29:39.512 [INFO]  [Creating]      [5/62]         at io.gitlab.arturbosch.detekt.sample.extensions.SampleConfigValidator.init(SampleConfigValidator.kt:7)
13:29:39.512 [INFO]  [Creating]      [5/62]     In order to prevent init(SetupContext)
13:29:39.512 [INFO]  [Creating]      [5/62]     from throwing NullPointerException, add constructors or factory
13:29:39.512 [INFO]  [Creating]      [5/62]     methods that make it easier to construct fully initialized objects used in
13:29:39.512 [INFO]  [Creating]      [5/62]     init(SetupContext).
13:29:39.512 [INFO]  [Creating]      [5/62]     See https://diff.blue/R013 to resolve this issue.
13:29:39.513 [INFO]  [Creating] 
================================================================================
= Creating tests for 'io.gitlab.arturbosch.detekt.sample.extensions.SampleConfigValidator.validate:(Lio/gitlab/arturbosch/detekt/api/Config;)Ljava/util/Collection;' using 'SiM (!sp, fnm, df, !ris)'
================================================================================
13:29:43.941 [INFO]  [Creating]      [6/62] io.gitlab.arturbosch.detekt.sample.extensions.SampleConfigValidator.validate
13:29:43.941 [INFO]  [Creating]      [6/62]   Tests created: 2
13:29:43.944 [INFO]  [Creating]  [1/14] io.gitlab.arturbosch.detekt.sample.extensions.SampleConfigValidator
13:29:43.944 [INFO]  [Creating]  [1/14]   Tests created: 5
13:29:43.944 [INFO]  [Creating] 
================================================================================
= Starting analysis for class 'io.gitlab.arturbosch.detekt.sample.extensions.SampleMessage'
================================================================================
13:29:43.944 [INFO]  [Creating] Filtering out non-testable methods...
13:29:43.945 [INFO]  [Creating] Filtering of methods complete. Creating analysis request
13:29:43.945 [INFO]  [Creating] Attempting to get service client, retry 1.
13:29:43.978 [INFO]  [Creating] 
================================================================================
= Creating tests for 'io.gitlab.arturbosch.detekt.sample.extensions.SampleMessage.getLevel:()Lio/gitlab/arturbosch/detekt/api/Notification$Level;, io.gitlab.arturbosch.detekt.sample.extensions.SampleMessage.getMessage:()Ljava/lang/String;' using 'TrM (!sp, !fnm, df, !ris)'
================================================================================
13:29:44.129 [INFO]  [Creating]      [7/62] io.gitlab.arturbosch.detekt.sample.extensions.SampleMessage.getLevel
13:29:44.129 [INFO]  [Creating]      [8/62] io.gitlab.arturbosch.detekt.sample.extensions.SampleMessage.getMessage
13:29:44.129 [INFO]  [Creating]      [8/62]   Tests created: 1
13:29:44.130 [INFO]  [Creating] 
================================================================================
= Creating tests for 'io.gitlab.arturbosch.detekt.sample.extensions.SampleMessage.<init>:(Ljava/lang/String;Lio/gitlab/arturbosch/detekt/api/Notification$Level;)V' using 'SiM (!sp, fnm, df, !ris)'
================================================================================
13:29:44.384 [INFO]  [Creating]      [9/62] io.gitlab.arturbosch.detekt.sample.extensions.SampleMessage.<init>
13:29:44.384 [INFO]  [Creating]      [9/62]   Tests created: 1
13:29:44.385 [INFO]  [Creating] 
================================================================================
= Creating tests for 'io.gitlab.arturbosch.detekt.sample.extensions.SampleMessage.isError:()Z' using 'SiM (!sp, fnm, df, !ris)'
================================================================================
13:29:44.765 [INFO]  [Creating]     [10/62] io.gitlab.arturbosch.detekt.sample.extensions.SampleMessage.isError
13:29:44.765 [INFO]  [Creating]     [10/62]   Tests created: 2
13:29:44.767 [INFO]  [Creating]  [2/14] io.gitlab.arturbosch.detekt.sample.extensions.SampleMessage
13:29:44.767 [INFO]  [Creating]  [2/14]   Tests created: 4
13:29:44.767 [INFO]  [Creating] 
================================================================================
= Starting analysis for class 'io.gitlab.arturbosch.detekt.sample.extensions.SampleProvider'
================================================================================
13:29:44.767 [INFO]  [Creating] Filtering out non-testable methods...
13:29:47.260 [INFO]  [Creating] Filtering of methods complete. Creating analysis request
13:29:47.260 [INFO]  [Creating] Attempting to get service client, retry 1.
13:29:47.287 [INFO]  [Creating] 
================================================================================
= Creating tests for 'io.gitlab.arturbosch.detekt.sample.extensions.SampleProvider.<init>:()V, io.gitlab.arturbosch.detekt.sample.extensions.SampleProvider.getRuleSetId:()Ljava/lang/String;' using 'TrM (!sp, !fnm, df, !ris)'
================================================================================
13:29:47.421 [INFO]  [Creating]     [11/62] io.gitlab.arturbosch.detekt.sample.extensions.SampleProvider.<init>
13:29:47.421 [INFO]  [Creating]     [12/62] io.gitlab.arturbosch.detekt.sample.extensions.SampleProvider.getRuleSetId
13:29:47.421 [INFO]  [Creating]     [12/62]   Tests created: 1
13:29:47.422 [INFO]  [Creating] 
================================================================================
= Creating tests for 'io.gitlab.arturbosch.detekt.sample.extensions.SampleProvider.instance:(Lio/gitlab/arturbosch/detekt/api/Config;)Lio/gitlab/arturbosch/detekt/api/RuleSet;' using 'SiM (!sp, fnm, df, !ris)'
================================================================================
13:29:47.578 [INFO]  [Creating]     [13/62] io.gitlab.arturbosch.detekt.sample.extensions.SampleProvider.instance
13:29:47.578 [INFO]  [Creating]     [13/62]   R034: Diffblue Cover can't complete test
13:29:47.578 [INFO]  [Creating]     [13/62]     Diffblue Cover was unable to complete the test.
13:29:47.578 [INFO]  [Creating]     [13/62]     Try to increase the number of fuzzing iterations if non-default
13:29:47.578 [INFO]  [Creating]     [13/62]     value is used.
13:29:47.578 [INFO]  [Creating]     [13/62]     See https://diff.blue/R034 for further troubleshooting of this issue.
13:29:47.580 [INFO]  [Creating]  [3/14] io.gitlab.arturbosch.detekt.sample.extensions.SampleProvider
13:29:47.580 [INFO]  [Creating]  [3/14]   Tests created: 1
13:29:47.580 [INFO]  [Creating] 
================================================================================
= Starting analysis for class 'io.gitlab.arturbosch.detekt.sample.extensions.processors.NumberOfLoopsProcessor'
================================================================================
13:29:47.580 [INFO]  [Creating] Filtering out non-testable methods...
13:29:47.589 [INFO]  [Creating] Filtering of methods complete. Creating analysis request
13:29:47.589 [INFO]  [Creating] Attempting to get service client, retry 1.
13:29:47.618 [INFO]  [Creating]     [14/62] io.gitlab.arturbosch.detekt.sample.extensions.processors.NumberOfLoopsProcessor.<init>
13:29:47.618 [INFO]  [Creating]     [15/62] io.gitlab.arturbosch.detekt.sample.extensions.processors.NumberOfLoopsProcessor.getId
13:29:47.618 [INFO]  [Creating]     [16/62] io.gitlab.arturbosch.detekt.sample.extensions.processors.NumberOfLoopsProcessor.getPriority
13:29:47.618 [INFO]  [Creating]     [17/62] io.gitlab.arturbosch.detekt.sample.extensions.processors.NumberOfLoopsProcessor.init
13:29:47.618 [INFO]  [Creating]     [18/62] io.gitlab.arturbosch.detekt.sample.extensions.processors.NumberOfLoopsProcessor.init
13:29:47.618 [INFO]  [Creating]     [19/62] io.gitlab.arturbosch.detekt.sample.extensions.processors.NumberOfLoopsProcessor.onFinish
13:29:47.618 [INFO]  [Creating]     [20/62] io.gitlab.arturbosch.detekt.sample.extensions.processors.NumberOfLoopsProcessor.onFinish
13:29:47.618 [INFO]  [Creating]     [21/62] io.gitlab.arturbosch.detekt.sample.extensions.processors.NumberOfLoopsProcessor.onProcess
13:29:47.618 [INFO]  [Creating]     [22/62] io.gitlab.arturbosch.detekt.sample.extensions.processors.NumberOfLoopsProcessor.onProcess
13:29:47.618 [INFO]  [Creating]     [23/62] io.gitlab.arturbosch.detekt.sample.extensions.processors.NumberOfLoopsProcessor.onProcessComplete
13:29:47.618 [INFO]  [Creating]     [24/62] io.gitlab.arturbosch.detekt.sample.extensions.processors.NumberOfLoopsProcessor.onProcessComplete
13:29:47.618 [INFO]  [Creating]     [25/62] io.gitlab.arturbosch.detekt.sample.extensions.processors.NumberOfLoopsProcessor.onStart
13:29:47.618 [INFO]  [Creating]     [26/62] io.gitlab.arturbosch.detekt.sample.extensions.processors.NumberOfLoopsProcessor.onStart
13:29:47.618 [INFO]  [Creating]     [26/62]   R011: Sandboxing policy violation
13:29:47.618 [INFO]  [Creating]     [26/62]     Diffblue Cover ran code in your project that tried
13:29:47.618 [INFO]  [Creating]     [26/62]       to access 'sun.misc'.
13:29:47.618 [INFO]  [Creating]     [26/62]     Diffblue Cover's default sandboxing policy disallows this in order to prevent
13:29:47.618 [INFO]  [Creating]     [26/62]     your code from damaging your system environment.
13:29:47.618 [INFO]  [Creating]     [26/62]     See https://diff.blue/R011 to resolve this issue.
13:29:47.620 [INFO]  [Creating]  [4/14] io.gitlab.arturbosch.detekt.sample.extensions.processors.NumberOfLoopsProcessor
13:29:47.620 [INFO]  [Creating]  [4/14]   Tests created: 0
13:29:47.620 [INFO]  [Creating] 
================================================================================
= Starting analysis for class 'io.gitlab.arturbosch.detekt.sample.extensions.processors.NumberOfLoopsProcessor$Companion'
================================================================================
13:29:47.620 [INFO]  [Creating] Filtering out non-testable methods...
13:29:47.621 [INFO]  [Creating] Filtering of methods complete. Creating analysis request
13:29:47.621 [INFO]  [Creating] Attempting to get service client, retry 1.
13:29:47.640 [INFO]  [Creating] 
================================================================================
= Creating tests for 'io.gitlab.arturbosch.detekt.sample.extensions.processors.NumberOfLoopsProcessor$Companion.getNumberOfLoopsKey:()Lorg/jetbrains/kotlin/com/intellij/openapi/util/Key;' using 'SiM (!sp, fnm, df, !ris)'
================================================================================
13:29:47.676 [INFO]  [Creating]     [27/62] io.gitlab.arturbosch.detekt.sample.extensions.processors.NumberOfLoopsProcessor$Companion.getNumberOfLoopsKey
13:29:47.676 [INFO]  [Creating]     [27/62]   R083: Can't find a suitable constructor
13:29:47.676 [INFO]  [Creating]     [27/62]     Diffblue Cover was unable to construct an instance of NumberOfLoopsProcessor.Companion.
13:29:47.676 [INFO]  [Creating]     [27/62]     No suitable constructor or factory method found. Please check that the class
13:29:47.676 [INFO]  [Creating]     [27/62]     under test has a non-private constructor or factory method.
13:29:47.676 [INFO]  [Creating]     [27/62]     See https://diff.blue/R083 for further troubleshooting of this issue.
13:29:47.678 [INFO]  [Creating]  [5/14] io.gitlab.arturbosch.detekt.sample.extensions.processors.NumberOfLoopsProcessor$Companion
13:29:47.678 [INFO]  [Creating]  [5/14]   Tests created: 0
13:29:47.678 [INFO]  [Creating] 
================================================================================
= Starting analysis for class 'io.gitlab.arturbosch.detekt.sample.extensions.processors.NumberOfLoopsProcessor$LoopVisitor'
================================================================================
13:29:47.678 [INFO]  [Creating] Filtering out non-testable methods...
13:29:47.678 [INFO]  [Creating] Filtering of methods complete. Creating analysis request
13:29:47.678 [INFO]  [Creating] Attempting to get service client, retry 1.
13:29:47.794 [INFO]  [Creating] 
================================================================================
= Creating tests for 'io.gitlab.arturbosch.detekt.sample.extensions.processors.NumberOfLoopsProcessor$LoopVisitor.<init>:()V, io.gitlab.arturbosch.detekt.sample.extensions.processors.NumberOfLoopsProcessor$LoopVisitor.getNumberOfLoops$detekt_sample_extensions:()I, io.gitlab.arturbosch.detekt.sample.extensions.processors.NumberOfLoopsProcessor$LoopVisitor.setNumberOfLoops$detekt_sample_extensions:(I)V' using 'TrM (!sp, !fnm, df, !ris)'
================================================================================
13:29:48.169 [INFO]  [Creating]     [28/62] io.gitlab.arturbosch.detekt.sample.extensions.processors.NumberOfLoopsProcessor$LoopVisitor.<init>
13:29:48.169 [INFO]  [Creating]     [29/62] io.gitlab.arturbosch.detekt.sample.extensions.processors.NumberOfLoopsProcessor$LoopVisitor.getNumberOfLoops$detekt_sample_extensions
13:29:48.169 [INFO]  [Creating]     [30/62] io.gitlab.arturbosch.detekt.sample.extensions.processors.NumberOfLoopsProcessor$LoopVisitor.setNumberOfLoops$detekt_sample_extensions
13:29:48.169 [INFO]  [Creating]     [30/62]   Tests created: 1
13:29:48.170 [INFO]  [Creating] 
================================================================================
= Creating tests for 'io.gitlab.arturbosch.detekt.sample.extensions.processors.NumberOfLoopsProcessor$LoopVisitor.visitLoopExpression:(Lorg/jetbrains/kotlin/psi/KtLoopExpression;)V' using 'SiM (!sp, fnm, df, !ris)'
================================================================================
13:29:50.482 [INFO]  [Creating] Could not load class: Could not initialize class org.jetbrains.kotlin.com.intellij.openapi.util.Key
13:29:50.483 [INFO]  [Creating] An exception occurred: java.lang.NoClassDefFoundError: Could not initialize class org.jetbrains.kotlin.com.intellij.openapi.util.Key
	at org.jetbrains.kotlin.com.intellij.openapi.util.UserDataHolderBase.<clinit>(UserDataHolderBase.java:11)
	< ... hidden frames ... >
13:29:50.488 [INFO]  [Creating]     [31/62] io.gitlab.arturbosch.detekt.sample.extensions.processors.NumberOfLoopsProcessor$LoopVisitor.visitLoopExpression
13:29:50.488 [INFO]  [Creating]     [31/62]   R011: Sandboxing policy violation
13:29:50.488 [INFO]  [Creating]     [31/62]     Diffblue Cover ran code in your project that tried
13:29:50.488 [INFO]  [Creating]     [31/62]       to access 'sun.misc'.
13:29:50.488 [INFO]  [Creating]     [31/62]     Diffblue Cover's default sandboxing policy disallows this in order to prevent
13:29:50.488 [INFO]  [Creating]     [31/62]     your code from damaging your system environment.
13:29:50.488 [INFO]  [Creating]     [31/62]     See https://diff.blue/R011 to resolve this issue.
13:29:50.490 [INFO]  [Creating]  [6/14] io.gitlab.arturbosch.detekt.sample.extensions.processors.NumberOfLoopsProcessor$LoopVisitor
13:29:50.490 [INFO]  [Creating]  [6/14]   Tests created: 1
13:29:50.490 [INFO]  [Creating] 
================================================================================
= Starting analysis for class 'io.gitlab.arturbosch.detekt.sample.extensions.processors.QualifiedNameProcessor'
================================================================================
13:29:50.490 [INFO]  [Creating] Filtering out non-testable methods...
13:29:50.495 [INFO]  [Creating] Filtering of methods complete. Creating analysis request
13:29:50.495 [INFO]  [Creating] Attempting to get service client, retry 1.
13:29:50.538 [INFO]  [Creating] 
================================================================================
= Creating tests for 'io.gitlab.arturbosch.detekt.sample.extensions.processors.QualifiedNameProcessor.<init>:()V' using 'TrM (!sp, !fnm, df, !ris)'
================================================================================
13:29:50.682 [INFO]  [Creating]     [32/62] io.gitlab.arturbosch.detekt.sample.extensions.processors.QualifiedNameProcessor.<init>
13:29:50.682 [INFO]  [Creating]     [32/62]   Tests created: 1
13:29:50.683 [INFO]  [Creating] 
================================================================================
= Creating tests for 'io.gitlab.arturbosch.detekt.sample.extensions.processors.QualifiedNameProcessor.getId:()Ljava/lang/String;' using 'SiM (!sp, fnm, df, !ris)'
================================================================================
13:29:50.877 [INFO]  [Creating]     [33/62] io.gitlab.arturbosch.detekt.sample.extensions.processors.QualifiedNameProcessor.getId
13:29:50.877 [INFO]  [Creating]     [33/62]   Tests created: 1
13:29:50.878 [INFO]  [Creating] 
================================================================================
= Creating tests for 'io.gitlab.arturbosch.detekt.sample.extensions.processors.QualifiedNameProcessor.getPriority:()I' using 'SiM (!sp, fnm, df, !ris)'
================================================================================
13:29:51.016 [INFO]  [Creating]     [34/62] io.gitlab.arturbosch.detekt.sample.extensions.processors.QualifiedNameProcessor.getPriority
13:29:51.016 [INFO]  [Creating]     [34/62]   Tests created: 1
13:29:51.017 [INFO]  [Creating] 
================================================================================
= Creating tests for 'io.gitlab.arturbosch.detekt.sample.extensions.processors.QualifiedNameProcessor.init:(Lio/gitlab/arturbosch/detekt/api/Config;)V' using 'SiM (!sp, fnm, df, !ris)'
================================================================================
13:29:52.373 [INFO]  [Creating]     [35/62] io.gitlab.arturbosch.detekt.sample.extensions.processors.QualifiedNameProcessor.init
13:29:52.373 [INFO]  [Creating]     [35/62]   Diffblue AI was unable to find a test
13:29:52.374 [INFO]  [Creating] 
================================================================================
= Creating tests for 'io.gitlab.arturbosch.detekt.sample.extensions.processors.QualifiedNameProcessor.init:(Lio/gitlab/arturbosch/detekt/api/SetupContext;)V' using 'SiM (!sp, fnm, df, !ris)'
================================================================================
13:29:52.461 [INFO]  [Creating]     [36/62] io.gitlab.arturbosch.detekt.sample.extensions.processors.QualifiedNameProcessor.init
13:29:52.461 [INFO]  [Creating]     [36/62]   R013: No inputs found that don't throw a trivial exception
13:29:52.461 [INFO]  [Creating]     [36/62]     Diffblue Cover tried to run the arrange/act section, but the test threw
13:29:52.461 [INFO]  [Creating]     [36/62]     java.lang.NullPointerException: Parameter specified as non-null is null: method io.gitlab.arturbosch.detekt.api.FileProcessListener$DefaultImpls.init, parameter context
13:29:52.461 [INFO]  [Creating]     [36/62]         at io.gitlab.arturbosch.detekt.api.FileProcessListener$DefaultImpls.init(FileProcessListener.kt)
13:29:52.461 [INFO]  [Creating]     [36/62]         at io.gitlab.arturbosch.detekt.sample.extensions.processors.QualifiedNameProcessor.init(QualifiedNameProcessor.kt:11)
13:29:52.461 [INFO]  [Creating]     [36/62]     In order to prevent init(SetupContext)
13:29:52.461 [INFO]  [Creating]     [36/62]     from throwing NullPointerException, add constructors or factory
13:29:52.461 [INFO]  [Creating]     [36/62]     methods that make it easier to construct fully initialized objects used in
13:29:52.461 [INFO]  [Creating]     [36/62]     init(SetupContext).
13:29:52.461 [INFO]  [Creating]     [36/62]     See https://diff.blue/R013 to resolve this issue.
13:29:52.462 [INFO]  [Creating] 
================================================================================
= Creating tests for 'io.gitlab.arturbosch.detekt.sample.extensions.processors.QualifiedNameProcessor.onFinish:(Ljava/util/List;Lio/gitlab/arturbosch/detekt/api/Detektion;)V' using 'SiM (!sp, fnm, df, !ris)'
================================================================================
13:29:54.162 [INFO]  [Creating]     [37/62] io.gitlab.arturbosch.detekt.sample.extensions.processors.QualifiedNameProcessor.onFinish
13:29:54.162 [INFO]  [Creating]     [37/62]   Diffblue AI was unable to find a test
13:29:54.163 [INFO]  [Creating] 
================================================================================
= Creating tests for 'io.gitlab.arturbosch.detekt.sample.extensions.processors.QualifiedNameProcessor.onFinish:(Ljava/util/List;Lio/gitlab/arturbosch/detekt/api/Detektion;Lorg/jetbrains/kotlin/resolve/BindingContext;)V' using 'SiM (!sp, fnm, df, !ris)'
================================================================================
13:30:02.415 [INFO]  [Creating]     [38/62] io.gitlab.arturbosch.detekt.sample.extensions.processors.QualifiedNameProcessor.onFinish
13:30:02.416 [INFO]  [Creating]     [38/62]   R011: Sandboxing policy violation
13:30:02.416 [INFO]  [Creating]     [38/62]     Diffblue Cover ran code in your project that tried
13:30:02.416 [INFO]  [Creating]     [38/62]       to access 'sun.misc'.
13:30:02.416 [INFO]  [Creating]     [38/62]     Diffblue Cover's default sandboxing policy disallows this in order to prevent
13:30:02.416 [INFO]  [Creating]     [38/62]     your code from damaging your system environment.
13:30:02.416 [INFO]  [Creating]     [38/62]     See https://diff.blue/R011 to resolve this issue.
13:30:02.410 [INFO]  [Creating] Could not load class: Could not initialize class org.jetbrains.kotlin.com.intellij.openapi.progress.impl.CoreProgressManager
13:30:02.411 [INFO]  [Creating] An exception occurred: java.lang.NoClassDefFoundError: Could not initialize class org.jetbrains.kotlin.com.intellij.openapi.progress.impl.CoreProgressManager
	at java.base/jdk.internal.reflect.NativeConstructorAccessorImpl.newInstance0(Native Method)
	at java.base/jdk.internal.reflect.NativeConstructorAccessorImpl.newInstance(NativeConstructorAccessorImpl.java:62)
	at java.base/jdk.internal.reflect.DelegatingConstructorAccessorImpl.newInstance(DelegatingConstructorAccessorImpl.java:45)
13:30:02.419 [INFO]  [Creating] 
================================================================================
= Creating tests for 'io.gitlab.arturbosch.detekt.sample.extensions.processors.QualifiedNameProcessor.onProcess:(Lorg/jetbrains/kotlin/psi/KtFile;)V' using 'SiM (!sp, fnm, df, !ris)'
================================================================================
13:30:02.463 [INFO]  [Creating] Could not load class: Could not initialize class org.jetbrains.kotlin.com.intellij.openapi.progress.impl.CoreProgressManager
13:30:02.463 [INFO]  [Creating] An exception occurred: java.lang.NoClassDefFoundError: Could not initialize class org.jetbrains.kotlin.com.intellij.openapi.progress.impl.CoreProgressManager
	at java.base/jdk.internal.reflect.NativeConstructorAccessorImpl.newInstance0(Native Method)
	at java.base/jdk.internal.reflect.NativeConstructorAccessorImpl.newInstance(NativeConstructorAccessorImpl.java:62)
	at java.base/jdk.internal.reflect.DelegatingConstructorAccessorImpl.newInstance(DelegatingConstructorAccessorImpl.java:45)
13:30:02.468 [INFO]  [Creating]     [39/62] io.gitlab.arturbosch.detekt.sample.extensions.processors.QualifiedNameProcessor.onProcess
13:30:02.468 [INFO]  [Creating]     [39/62]   R011: Sandboxing policy violation
13:30:02.468 [INFO]  [Creating]     [39/62]     Diffblue Cover ran code in your project that tried
13:30:02.468 [INFO]  [Creating]     [39/62]       to access 'sun.misc'.
13:30:02.468 [INFO]  [Creating]     [39/62]     Diffblue Cover's default sandboxing policy disallows this in order to prevent
13:30:02.468 [INFO]  [Creating]     [39/62]     your code from damaging your system environment.
13:30:02.468 [INFO]  [Creating]     [39/62]     See https://diff.blue/R011 to resolve this issue.
13:30:02.468 [INFO]  [Creating] 
================================================================================
= Creating tests for 'io.gitlab.arturbosch.detekt.sample.extensions.processors.QualifiedNameProcessor.onProcess:(Lorg/jetbrains/kotlin/psi/KtFile;Lorg/jetbrains/kotlin/resolve/BindingContext;)V' using 'SiM (!sp, fnm, df, !ris)'
================================================================================
13:30:02.940 [INFO]  [Creating] Could not load class: Could not initialize class org.jetbrains.kotlin.com.intellij.openapi.progress.impl.CoreProgressManager
13:30:02.940 [INFO]  [Creating] An exception occurred: java.lang.NoClassDefFoundError: Could not initialize class org.jetbrains.kotlin.com.intellij.openapi.progress.impl.CoreProgressManager
	at java.base/jdk.internal.reflect.NativeConstructorAccessorImpl.newInstance0(Native Method)
	at java.base/jdk.internal.reflect.NativeConstructorAccessorImpl.newInstance(NativeConstructorAccessorImpl.java:62)
	at java.base/jdk.internal.reflect.DelegatingConstructorAccessorImpl.newInstance(DelegatingConstructorAccessorImpl.java:45)
13:30:02.945 [INFO]  [Creating]     [40/62] io.gitlab.arturbosch.detekt.sample.extensions.processors.QualifiedNameProcessor.onProcess
13:30:02.945 [INFO]  [Creating]     [40/62]   R011: Sandboxing policy violation
13:30:02.945 [INFO]  [Creating]     [40/62]     Diffblue Cover ran code in your project that tried
13:30:02.945 [INFO]  [Creating]     [40/62]       to access 'sun.misc'.
13:30:02.945 [INFO]  [Creating]     [40/62]     Diffblue Cover's default sandboxing policy disallows this in order to prevent
13:30:02.945 [INFO]  [Creating]     [40/62]     your code from damaging your system environment.
13:30:02.945 [INFO]  [Creating]     [40/62]     See https://diff.blue/R011 to resolve this issue.
13:30:02.945 [INFO]  [Creating] 
================================================================================
= Creating tests for 'io.gitlab.arturbosch.detekt.sample.extensions.processors.QualifiedNameProcessor.onProcessComplete:(Lorg/jetbrains/kotlin/psi/KtFile;Ljava/util/Map;)V' using 'SiM (!sp, fnm, df, !ris)'
================================================================================
13:30:02.997 [INFO]  [Creating] Could not load class: Could not initialize class org.jetbrains.kotlin.com.intellij.openapi.progress.impl.CoreProgressManager
13:30:02.998 [INFO]  [Creating] An exception occurred: java.lang.NoClassDefFoundError: Could not initialize class org.jetbrains.kotlin.com.intellij.openapi.progress.impl.CoreProgressManager
	at java.base/jdk.internal.reflect.NativeConstructorAccessorImpl.newInstance0(Native Method)
	at java.base/jdk.internal.reflect.NativeConstructorAccessorImpl.newInstance(NativeConstructorAccessorImpl.java:62)
	at java.base/jdk.internal.reflect.DelegatingConstructorAccessorImpl.newInstance(DelegatingConstructorAccessorImpl.java:45)
13:30:03.002 [INFO]  [Creating]     [41/62] io.gitlab.arturbosch.detekt.sample.extensions.processors.QualifiedNameProcessor.onProcessComplete
13:30:03.002 [INFO]  [Creating]     [41/62]   R011: Sandboxing policy violation
13:30:03.002 [INFO]  [Creating]     [41/62]     Diffblue Cover ran code in your project that tried
13:30:03.002 [INFO]  [Creating]     [41/62]       to access 'sun.misc'.
13:30:03.002 [INFO]  [Creating]     [41/62]     Diffblue Cover's default sandboxing policy disallows this in order to prevent
13:30:03.002 [INFO]  [Creating]     [41/62]     your code from damaging your system environment.
13:30:03.002 [INFO]  [Creating]     [41/62]     See https://diff.blue/R011 to resolve this issue.
13:30:03.003 [INFO]  [Creating] 
================================================================================
= Creating tests for 'io.gitlab.arturbosch.detekt.sample.extensions.processors.QualifiedNameProcessor.onProcessComplete:(Lorg/jetbrains/kotlin/psi/KtFile;Ljava/util/Map;Lorg/jetbrains/kotlin/resolve/BindingContext;)V' using 'SiM (!sp, fnm, df, !ris)'
================================================================================
13:30:03.080 [INFO]  [Creating]     [42/62] io.gitlab.arturbosch.detekt.sample.extensions.processors.QualifiedNameProcessor.onProcessComplete
13:30:03.080 [INFO]  [Creating]     [42/62]   R011: Sandboxing policy violation
13:30:03.080 [INFO]  [Creating]     [42/62]     Diffblue Cover ran code in your project that tried
13:30:03.080 [INFO]  [Creating]     [42/62]       to access 'sun.misc'.
13:30:03.080 [INFO]  [Creating]     [42/62]     Diffblue Cover's default sandboxing policy disallows this in order to prevent
13:30:03.080 [INFO]  [Creating]     [42/62]     your code from damaging your system environment.
13:30:03.080 [INFO]  [Creating]     [42/62]     See https://diff.blue/R011 to resolve this issue.
13:30:03.076 [INFO]  [Creating] Could not load class: Could not initialize class org.jetbrains.kotlin.com.intellij.openapi.progress.impl.CoreProgressManager
13:30:03.076 [INFO]  [Creating] An exception occurred: java.lang.NoClassDefFoundError: Could not initialize class org.jetbrains.kotlin.com.intellij.openapi.progress.impl.CoreProgressManager
	at java.base/jdk.internal.reflect.NativeConstructorAccessorImpl.newInstance0(Native Method)
	at java.base/jdk.internal.reflect.NativeConstructorAccessorImpl.newInstance(NativeConstructorAccessorImpl.java:62)
	at java.base/jdk.internal.reflect.DelegatingConstructorAccessorImpl.newInstance(DelegatingConstructorAccessorImpl.java:45)
13:30:03.081 [INFO]  [Creating] 
================================================================================
= Creating tests for 'io.gitlab.arturbosch.detekt.sample.extensions.processors.QualifiedNameProcessor.onStart:(Ljava/util/List;)V' using 'SiM (!sp, fnm, df, !ris)'
================================================================================
13:30:03.142 [INFO]  [Creating]     [43/62] io.gitlab.arturbosch.detekt.sample.extensions.processors.QualifiedNameProcessor.onStart
13:30:03.142 [INFO]  [Creating]     [43/62]   R011: Sandboxing policy violation
13:30:03.142 [INFO]  [Creating]     [43/62]     Diffblue Cover ran code in your project that tried
13:30:03.142 [INFO]  [Creating]     [43/62]       to access 'sun.misc'.
13:30:03.142 [INFO]  [Creating]     [43/62]     Diffblue Cover's default sandboxing policy disallows this in order to prevent
13:30:03.142 [INFO]  [Creating]     [43/62]     your code from damaging your system environment.
13:30:03.142 [INFO]  [Creating]     [43/62]     See https://diff.blue/R011 to resolve this issue.
13:30:03.137 [INFO]  [Creating] Could not load class: Could not initialize class org.jetbrains.kotlin.com.intellij.openapi.progress.impl.CoreProgressManager
13:30:03.137 [INFO]  [Creating] An exception occurred: java.lang.NoClassDefFoundError: Could not initialize class org.jetbrains.kotlin.com.intellij.openapi.progress.impl.CoreProgressManager
	at java.base/jdk.internal.reflect.NativeConstructorAccessorImpl.newInstance0(Native Method)
	at java.base/jdk.internal.reflect.NativeConstructorAccessorImpl.newInstance(NativeConstructorAccessorImpl.java:62)
	at java.base/jdk.internal.reflect.DelegatingConstructorAccessorImpl.newInstance(DelegatingConstructorAccessorImpl.java:45)
13:30:03.143 [INFO]  [Creating] 
================================================================================
= Creating tests for 'io.gitlab.arturbosch.detekt.sample.extensions.processors.QualifiedNameProcessor.onStart:(Ljava/util/List;Lorg/jetbrains/kotlin/resolve/BindingContext;)V' using 'SiM (!sp, fnm, df, !ris)'
================================================================================
13:30:03.206 [INFO]  [Creating]     [44/62] io.gitlab.arturbosch.detekt.sample.extensions.processors.QualifiedNameProcessor.onStart
13:30:03.206 [INFO]  [Creating]     [44/62]   R011: Sandboxing policy violation
13:30:03.206 [INFO]  [Creating]     [44/62]     Diffblue Cover ran code in your project that tried
13:30:03.206 [INFO]  [Creating]     [44/62]       to access 'sun.misc'.
13:30:03.206 [INFO]  [Creating]     [44/62]     Diffblue Cover's default sandboxing policy disallows this in order to prevent
13:30:03.206 [INFO]  [Creating]     [44/62]     your code from damaging your system environment.
13:30:03.206 [INFO]  [Creating]     [44/62]     See https://diff.blue/R011 to resolve this issue.
13:30:03.208 [INFO]  [Creating]  [7/14] io.gitlab.arturbosch.detekt.sample.extensions.processors.QualifiedNameProcessor
13:30:03.208 [INFO]  [Creating]  [7/14]   Tests created: 3
13:30:03.208 [INFO]  [Creating] 
================================================================================
= Starting analysis for class 'io.gitlab.arturbosch.detekt.sample.extensions.processors.QualifiedNameProcessor$ClassNameVisitor'
================================================================================
13:30:03.208 [INFO]  [Creating] Filtering out non-testable methods...
13:30:03.208 [INFO]  [Creating] Filtering of methods complete. Creating analysis request
13:30:03.208 [INFO]  [Creating] Attempting to get service client, retry 1.
13:30:03.202 [INFO]  [Creating] Could not load class: Could not initialize class org.jetbrains.kotlin.com.intellij.openapi.progress.impl.CoreProgressManager
13:30:03.202 [INFO]  [Creating] An exception occurred: java.lang.NoClassDefFoundError: Could not initialize class org.jetbrains.kotlin.com.intellij.openapi.progress.impl.CoreProgressManager
	at java.base/jdk.internal.reflect.NativeConstructorAccessorImpl.newInstance0(Native Method)
	at java.base/jdk.internal.reflect.NativeConstructorAccessorImpl.newInstance(NativeConstructorAccessorImpl.java:62)
	at java.base/jdk.internal.reflect.DelegatingConstructorAccessorImpl.newInstance(DelegatingConstructorAccessorImpl.java:45)
13:30:03.231 [INFO]  [Creating] 
================================================================================
= Creating tests for 'io.gitlab.arturbosch.detekt.sample.extensions.processors.QualifiedNameProcessor$ClassNameVisitor.getNames:()Ljava/util/Set;' using 'TrM (!sp, !fnm, df, !ris)'
================================================================================
13:30:03.327 [INFO]  [Creating]     [45/62] io.gitlab.arturbosch.detekt.sample.extensions.processors.QualifiedNameProcessor$ClassNameVisitor.getNames
13:30:03.327 [INFO]  [Creating]     [45/62]   Tests created: 1
13:30:03.328 [INFO]  [Creating] 
================================================================================
= Creating tests for 'io.gitlab.arturbosch.detekt.sample.extensions.processors.QualifiedNameProcessor$ClassNameVisitor.<init>:()V' using 'SiM (!sp, fnm, df, !ris)'
================================================================================
13:30:03.454 [INFO]  [Creating]     [46/62] io.gitlab.arturbosch.detekt.sample.extensions.processors.QualifiedNameProcessor$ClassNameVisitor.<init>
13:30:03.454 [INFO]  [Creating]     [46/62]   Tests created: 1
13:30:03.455 [INFO]  [Creating] 
================================================================================
= Creating tests for 'io.gitlab.arturbosch.detekt.sample.extensions.processors.QualifiedNameProcessor$ClassNameVisitor.visitClassOrObject:(Lorg/jetbrains/kotlin/psi/KtClassOrObject;)V' using 'SiM (!sp, fnm, df, !ris)'
================================================================================
13:30:08.895 [INFO]  [Creating] Could not load class: Could not initialize class org.jetbrains.kotlin.com.intellij.psi.impl.source.PsiDiamondTypeElementImpl
13:30:08.895 [INFO]  [Creating] An exception occurred: java.lang.NoClassDefFoundError: Could not initialize class org.jetbrains.kotlin.com.intellij.psi.impl.source.PsiDiamondTypeElementImpl
	at java.base/jdk.internal.reflect.NativeConstructorAccessorImpl.newInstance0(Native Method)
	at java.base/jdk.internal.reflect.NativeConstructorAccessorImpl.newInstance(NativeConstructorAccessorImpl.java:62)
	at java.base/jdk.internal.reflect.DelegatingConstructorAccessorImpl.newInstance(DelegatingConstructorAccessorImpl.java:45)
13:30:08.900 [INFO]  [Creating]     [47/62] io.gitlab.arturbosch.detekt.sample.extensions.processors.QualifiedNameProcessor$ClassNameVisitor.visitClassOrObject
13:30:08.900 [INFO]  [Creating]     [47/62]   R011: Sandboxing policy violation
13:30:08.900 [INFO]  [Creating]     [47/62]     Diffblue Cover ran code in your project that tried
13:30:08.900 [INFO]  [Creating]     [47/62]       to access 'sun.misc'.
13:30:08.900 [INFO]  [Creating]     [47/62]     Diffblue Cover's default sandboxing policy disallows this in order to prevent
13:30:08.900 [INFO]  [Creating]     [47/62]     your code from damaging your system environment.
13:30:08.900 [INFO]  [Creating]     [47/62]     See https://diff.blue/R011 to resolve this issue.
13:30:08.902 [INFO]  [Creating]  [8/14] io.gitlab.arturbosch.detekt.sample.extensions.processors.QualifiedNameProcessor$ClassNameVisitor
13:30:08.902 [INFO]  [Creating]  [8/14]   Tests created: 2
13:30:08.902 [INFO]  [Creating] 
================================================================================
= Starting analysis for class 'io.gitlab.arturbosch.detekt.sample.extensions.processors.QualifiedNameProcessorKt'
================================================================================
13:30:08.902 [INFO]  [Creating] Filtering out non-testable methods...
13:30:08.902 [INFO]  [Creating] Filtering of methods complete. Creating analysis request
13:30:08.902 [INFO]  [Creating] Attempting to get service client, retry 1.
13:30:08.914 [INFO]  [Creating]     [48/62] io.gitlab.arturbosch.detekt.sample.extensions.processors.QualifiedNameProcessorKt.getFqNamesKey
13:30:08.914 [INFO]  [Creating]     [48/62]   R011: Sandboxing policy violation
13:30:08.914 [INFO]  [Creating]     [48/62]     Diffblue Cover ran code in your project that tried
13:30:08.914 [INFO]  [Creating]     [48/62]       to access 'sun.misc'.
13:30:08.914 [INFO]  [Creating]     [48/62]     Diffblue Cover's default sandboxing policy disallows this in order to prevent
13:30:08.914 [INFO]  [Creating]     [48/62]     your code from damaging your system environment.
13:30:08.914 [INFO]  [Creating]     [48/62]     See https://diff.blue/R011 to resolve this issue.
13:30:08.916 [INFO]  [Creating]  [9/14] io.gitlab.arturbosch.detekt.sample.extensions.processors.QualifiedNameProcessorKt
13:30:08.916 [INFO]  [Creating]  [9/14]   Tests created: 0
13:30:08.916 [INFO]  [Creating] 
================================================================================
= Starting analysis for class 'io.gitlab.arturbosch.detekt.sample.extensions.reports.QualifiedNamesConsoleReport'
================================================================================
13:30:08.916 [INFO]  [Creating] Filtering out non-testable methods...
13:30:08.923 [INFO]  [Creating] Filtering of methods complete. Creating analysis request
13:30:08.923 [INFO]  [Creating] Attempting to get service client, retry 1.
13:30:08.944 [INFO]  [Creating] 
================================================================================
= Creating tests for 'io.gitlab.arturbosch.detekt.sample.extensions.reports.QualifiedNamesConsoleReport.<init>:()V' using 'TrM (!sp, !fnm, df, !ris)'
================================================================================
13:30:09.085 [INFO]  [Creating]     [49/62] io.gitlab.arturbosch.detekt.sample.extensions.reports.QualifiedNamesConsoleReport.<init>
13:30:09.086 [INFO]  [Creating]     [49/62]   Tests created: 1
13:30:09.087 [INFO]  [Creating] 
================================================================================
= Creating tests for 'io.gitlab.arturbosch.detekt.sample.extensions.reports.QualifiedNamesConsoleReport.render:(Lio/gitlab/arturbosch/detekt/api/Detektion;)Ljava/lang/String;' using 'SiM (!sp, fnm, df, !ris)'
================================================================================
13:30:10.409 [INFO]  [Creating]     [50/62] io.gitlab.arturbosch.detekt.sample.extensions.reports.QualifiedNamesConsoleReport.render
13:30:10.409 [INFO]  [Creating]     [50/62]   R013: No inputs found that don't throw a trivial exception
13:30:10.409 [INFO]  [Creating]     [50/62]     Diffblue Cover tried to run the arrange/act section, but the test threw
13:30:10.409 [INFO]  [Creating]     [50/62]     java.lang.NullPointerException: Parameter specified as non-null is null: method io.gitlab.arturbosch.detekt.sample.extensions.reports.QualifiedNamesConsoleReport.render, parameter detektion
13:30:10.409 [INFO]  [Creating]     [50/62]         at io.gitlab.arturbosch.detekt.sample.extensions.reports.QualifiedNamesConsoleReport.render(QualifiedNamesConsoleReport.kt)
13:30:10.409 [INFO]  [Creating]     [50/62]     In order to prevent render(Detektion)
13:30:10.409 [INFO]  [Creating]     [50/62]     from throwing NullPointerException, add constructors or factory
13:30:10.409 [INFO]  [Creating]     [50/62]     methods that make it easier to construct fully initialized objects used in
13:30:10.409 [INFO]  [Creating]     [50/62]     render(Detektion).
13:30:10.409 [INFO]  [Creating]     [50/62]     See https://diff.blue/R013 to resolve this issue.
13:30:10.411 [INFO]  [Creating] [10/14] io.gitlab.arturbosch.detekt.sample.extensions.reports.QualifiedNamesConsoleReport
13:30:10.411 [INFO]  [Creating] [10/14]   Tests created: 1
13:30:10.411 [INFO]  [Creating] 
================================================================================
= Starting analysis for class 'io.gitlab.arturbosch.detekt.sample.extensions.reports.QualifiedNamesOutputReport'
================================================================================
13:30:10.411 [INFO]  [Creating] Filtering out non-testable methods...
13:30:10.414 [INFO]  [Creating] Filtering of methods complete. Creating analysis request
13:30:10.414 [INFO]  [Creating] Attempting to get service client, retry 1.
13:30:10.436 [INFO]  [Creating] 
================================================================================
= Creating tests for 'io.gitlab.arturbosch.detekt.sample.extensions.reports.QualifiedNamesOutputReport.<init>:()V, io.gitlab.arturbosch.detekt.sample.extensions.reports.QualifiedNamesOutputReport.getEnding:()Ljava/lang/String;' using 'TrM (!sp, !fnm, df, !ris)'
================================================================================
13:30:10.856 [INFO]  [Creating]     [51/62] io.gitlab.arturbosch.detekt.sample.extensions.reports.QualifiedNamesOutputReport.<init>
13:30:10.856 [INFO]  [Creating]     [52/62] io.gitlab.arturbosch.detekt.sample.extensions.reports.QualifiedNamesOutputReport.getEnding
13:30:10.856 [INFO]  [Creating]     [52/62]   Tests created: 1
13:30:10.857 [INFO]  [Creating] 
================================================================================
= Creating tests for 'io.gitlab.arturbosch.detekt.sample.extensions.reports.QualifiedNamesOutputReport.render:(Lio/gitlab/arturbosch/detekt/api/Detektion;)Ljava/lang/String;' using 'SiM (!sp, fnm, df, !ris)'
================================================================================
13:30:10.955 [INFO]  [Creating]     [53/62] io.gitlab.arturbosch.detekt.sample.extensions.reports.QualifiedNamesOutputReport.render
13:30:10.955 [INFO]  [Creating]     [53/62]   R013: No inputs found that don't throw a trivial exception
13:30:10.955 [INFO]  [Creating]     [53/62]     Diffblue Cover tried to run the arrange/act section, but the test threw
13:30:10.955 [INFO]  [Creating]     [53/62]     java.lang.NullPointerException: Parameter specified as non-null is null: method io.gitlab.arturbosch.detekt.sample.extensions.reports.QualifiedNamesOutputReport.render, parameter detektion
13:30:10.955 [INFO]  [Creating]     [53/62]         at io.gitlab.arturbosch.detekt.sample.extensions.reports.QualifiedNamesOutputReport.render(QualifiedNamesOutputReport.kt)
13:30:10.955 [INFO]  [Creating]     [53/62]     In order to prevent render(Detektion)
13:30:10.955 [INFO]  [Creating]     [53/62]     from throwing NullPointerException, add constructors or factory
13:30:10.955 [INFO]  [Creating]     [53/62]     methods that make it easier to construct fully initialized objects used in
13:30:10.955 [INFO]  [Creating]     [53/62]     render(Detektion).
13:30:10.955 [INFO]  [Creating]     [53/62]     See https://diff.blue/R013 to resolve this issue.
13:30:10.957 [INFO]  [Creating] [11/14] io.gitlab.arturbosch.detekt.sample.extensions.reports.QualifiedNamesOutputReport
13:30:10.957 [INFO]  [Creating] [11/14]   Tests created: 1
13:30:10.957 [INFO]  [Creating] 
================================================================================
= Starting analysis for class 'io.gitlab.arturbosch.detekt.sample.extensions.reports.ReportsKt'
================================================================================
13:30:10.957 [INFO]  [Creating] Filtering out non-testable methods...
13:30:10.957 [INFO]  [Creating] Filtering of methods complete. Creating analysis request
13:30:10.957 [INFO]  [Creating] Attempting to get service client, retry 1.
13:30:10.973 [INFO]  [Creating] 
================================================================================
= Creating tests for 'io.gitlab.arturbosch.detekt.sample.extensions.reports.ReportsKt.qualifiedNamesReport:(Lio/gitlab/arturbosch/detekt/api/Detektion;)Ljava/lang/String;' using 'SiM (!sp, fnm, df, !ris)'
================================================================================
13:30:11.073 [INFO]  [Creating]     [54/62] io.gitlab.arturbosch.detekt.sample.extensions.reports.ReportsKt.qualifiedNamesReport
13:30:11.073 [INFO]  [Creating]     [54/62]   R013: No inputs found that don't throw a trivial exception
13:30:11.073 [INFO]  [Creating]     [54/62]     Diffblue Cover tried to run the arrange/act section, but the test threw
13:30:11.073 [INFO]  [Creating]     [54/62]     java.lang.NullPointerException: Parameter specified as non-null is null: method io.gitlab.arturbosch.detekt.sample.extensions.reports.ReportsKt.qualifiedNamesReport, parameter detektion
13:30:11.073 [INFO]  [Creating]     [54/62]         at io.gitlab.arturbosch.detekt.sample.extensions.reports.ReportsKt.qualifiedNamesReport(Reports.kt)
13:30:11.073 [INFO]  [Creating]     [54/62]     In order to prevent qualifiedNamesReport(Detektion)
13:30:11.073 [INFO]  [Creating]     [54/62]     from throwing NullPointerException, add constructors or factory
13:30:11.073 [INFO]  [Creating]     [54/62]     methods that make it easier to construct fully initialized objects used in
13:30:11.073 [INFO]  [Creating]     [54/62]     qualifiedNamesReport(Detektion).
13:30:11.073 [INFO]  [Creating]     [54/62]     See https://diff.blue/R013 to resolve this issue.
13:30:11.076 [INFO]  [Creating] [12/14] io.gitlab.arturbosch.detekt.sample.extensions.reports.ReportsKt
13:30:11.076 [INFO]  [Creating] [12/14]   Tests created: 0
13:30:11.076 [INFO]  [Creating] 
================================================================================
= Starting analysis for class 'io.gitlab.arturbosch.detekt.sample.extensions.rules.TooManyFunctions'
================================================================================
13:30:11.076 [INFO]  [Creating] Filtering out non-testable methods...
13:30:11.076 [INFO]  [Creating] Filtering of methods complete. Creating analysis request
13:30:11.076 [INFO]  [Creating] Attempting to get service client, retry 1.
13:30:11.139 [INFO]  [Creating] 
================================================================================
= Creating tests for 'io.gitlab.arturbosch.detekt.sample.extensions.rules.TooManyFunctions.getIssue:()Lio/gitlab/arturbosch/detekt/api/Issue;' using 'TrM (!sp, !fnm, df, !ris)'
================================================================================
13:30:11.193 [INFO]  [Creating]     [55/62] io.gitlab.arturbosch.detekt.sample.extensions.rules.TooManyFunctions.getIssue
13:30:11.193 [INFO]  [Creating]     [55/62]   R081: Exception in arrange section
13:30:11.193 [INFO]  [Creating]     [55/62]     Diffblue Cover was unable to construct an instance of the class under test using
13:30:11.193 [INFO]  [Creating]     [55/62]     io.gitlab.arturbosch.detekt.sample.extensions.rules.TooManyFunctions.<init>(Config).
13:30:11.193 [INFO]  [Creating]     [55/62]     The arrange section threw
13:30:11.193 [INFO]  [Creating]     [55/62]     java.lang.NoClassDefFoundError: Could not initialize class org.jetbrains.kotlin.resolve.BindingContext
13:30:11.193 [INFO]  [Creating]     [55/62]         at io.gitlab.arturbosch.detekt.api.BaseRule.<init>(BaseRule.kt:25)
13:30:11.193 [INFO]  [Creating]     [55/62]         at io.gitlab.arturbosch.detekt.api.Rule.<init>(Rule.kt:23)
13:30:11.193 [INFO]  [Creating]     [55/62]         at io.gitlab.arturbosch.detekt.api.Rule.<init>(Rule.kt:20)
13:30:11.193 [INFO]  [Creating]     [55/62]         at io.gitlab.arturbosch.detekt.sample.extensions.rules.TooManyFunctionsTwo.<init>(TooManyFunctionsTwo.kt:21)
13:30:11.193 [INFO]  [Creating]     [55/62]     More information about the exception is provided in the support log.
13:30:11.193 [INFO]  [Creating]     [55/62]     See https://diff.blue/R081 for further troubleshooting of this issue.
13:30:11.194 [INFO]  [Creating] 
================================================================================
= Creating tests for 'io.gitlab.arturbosch.detekt.sample.extensions.rules.TooManyFunctions.<init>:(Lio/gitlab/arturbosch/detekt/api/Config;)V' using 'SiM (!sp, fnm, df, !ris)'
================================================================================
13:30:11.426 [INFO]  [Creating]     [56/62] io.gitlab.arturbosch.detekt.sample.extensions.rules.TooManyFunctions.<init>
13:30:11.427 [INFO]  [Creating]     [56/62]   R013: No inputs found that don't throw a trivial exception
13:30:11.427 [INFO]  [Creating]     [56/62]     Diffblue Cover tried to run the arrange/act section, but the test threw
13:30:11.427 [INFO]  [Creating]     [56/62]     java.lang.NullPointerException: Parameter specified as non-null is null: method io.gitlab.arturbosch.detekt.sample.extensions.rules.TooManyFunctions.<init>, parameter config
13:30:11.427 [INFO]  [Creating]     [56/62]         at io.gitlab.arturbosch.detekt.sample.extensions.rules.TooManyFunctions.<init>(TooManyFunctions.kt)
13:30:11.427 [INFO]  [Creating]     [56/62]     In order to prevent <init>(Config)
13:30:11.427 [INFO]  [Creating]     [56/62]     from throwing NullPointerException, add constructors or factory
13:30:11.427 [INFO]  [Creating]     [56/62]     methods that make it easier to construct fully initialized objects used in
13:30:11.427 [INFO]  [Creating]     [56/62]     <init>(Config).
13:30:11.427 [INFO]  [Creating]     [56/62]     See https://diff.blue/R013 to resolve this issue.
13:30:11.428 [INFO]  [Creating] 
================================================================================
= Creating tests for 'io.gitlab.arturbosch.detekt.sample.extensions.rules.TooManyFunctions.visitKtFile:(Lorg/jetbrains/kotlin/psi/KtFile;)V' using 'SiM (!sp, fnm, df, !ris)'
================================================================================
13:30:11.732 [INFO]  [Creating]     [57/62] io.gitlab.arturbosch.detekt.sample.extensions.rules.TooManyFunctions.visitKtFile
13:30:11.732 [INFO]  [Creating]     [57/62]   Diffblue AI was unable to find a test
13:30:11.733 [INFO]  [Creating] 
================================================================================
= Creating tests for 'io.gitlab.arturbosch.detekt.sample.extensions.rules.TooManyFunctions.visitNamedFunction:(Lorg/jetbrains/kotlin/psi/KtNamedFunction;)V' using 'SiM (!sp, fnm, df, !ris)'
================================================================================
13:30:12.281 [INFO]  [Creating]     [58/62] io.gitlab.arturbosch.detekt.sample.extensions.rules.TooManyFunctions.visitNamedFunction
13:30:12.281 [INFO]  [Creating]     [58/62]   R034: Diffblue Cover can't complete test
13:30:12.281 [INFO]  [Creating]     [58/62]     Diffblue Cover was unable to complete the test.
13:30:12.281 [INFO]  [Creating]     [58/62]     Try to increase the number of fuzzing iterations if non-default
13:30:12.281 [INFO]  [Creating]     [58/62]     value is used.
13:30:12.281 [INFO]  [Creating]     [58/62]     See https://diff.blue/R034 for further troubleshooting of this issue.
13:30:12.283 [INFO]  [Creating] [13/14] io.gitlab.arturbosch.detekt.sample.extensions.rules.TooManyFunctions
13:30:12.283 [INFO]  [Creating] [13/14]   Tests created: 0
13:30:12.283 [INFO]  [Creating] 
================================================================================
= Starting analysis for class 'io.gitlab.arturbosch.detekt.sample.extensions.rules.TooManyFunctionsTwo'
================================================================================
13:30:12.283 [INFO]  [Creating] Filtering out non-testable methods...
13:30:12.283 [INFO]  [Creating] Filtering of methods complete. Creating analysis request
13:30:12.283 [INFO]  [Creating] Attempting to get service client, retry 1.
13:30:12.309 [INFO]  [Creating] 
================================================================================
= Creating tests for 'io.gitlab.arturbosch.detekt.sample.extensions.rules.TooManyFunctionsTwo.getIssue:()Lio/gitlab/arturbosch/detekt/api/Issue;' using 'TrM (!sp, !fnm, df, !ris)'
================================================================================
13:30:12.328 [INFO]  [Creating]     [59/62] io.gitlab.arturbosch.detekt.sample.extensions.rules.TooManyFunctionsTwo.getIssue
13:30:12.328 [INFO]  [Creating]     [59/62]   R081: Exception in arrange section
13:30:12.328 [INFO]  [Creating]     [59/62]     Diffblue Cover was unable to construct an instance of the class under test using
13:30:12.328 [INFO]  [Creating]     [59/62]     io.gitlab.arturbosch.detekt.sample.extensions.rules.TooManyFunctionsTwo.<init>(Config).
13:30:12.328 [INFO]  [Creating]     [59/62]     The arrange section threw
13:30:12.328 [INFO]  [Creating]     [59/62]     java.lang.NoClassDefFoundError: Could not initialize class org.jetbrains.kotlin.resolve.BindingContext
13:30:12.328 [INFO]  [Creating]     [59/62]         at io.gitlab.arturbosch.detekt.api.BaseRule.<init>(BaseRule.kt:25)
13:30:12.328 [INFO]  [Creating]     [59/62]         at io.gitlab.arturbosch.detekt.api.Rule.<init>(Rule.kt:23)
13:30:12.328 [INFO]  [Creating]     [59/62]         at io.gitlab.arturbosch.detekt.api.Rule.<init>(Rule.kt:20)
13:30:12.328 [INFO]  [Creating]     [59/62]         at io.gitlab.arturbosch.detekt.sample.extensions.rules.TooManyFunctions.<init>(TooManyFunctions.kt:16)
13:30:12.328 [INFO]  [Creating]     [59/62]     More information about the exception is provided in the support log.
13:30:12.328 [INFO]  [Creating]     [59/62]     See https://diff.blue/R081 for further troubleshooting of this issue.
13:30:12.329 [INFO]  [Creating] 
================================================================================
= Creating tests for 'io.gitlab.arturbosch.detekt.sample.extensions.rules.TooManyFunctionsTwo.<init>:(Lio/gitlab/arturbosch/detekt/api/Config;)V' using 'SiM (!sp, fnm, df, !ris)'
================================================================================
13:30:12.523 [INFO]  [Creating]     [60/62] io.gitlab.arturbosch.detekt.sample.extensions.rules.TooManyFunctionsTwo.<init>
13:30:12.523 [INFO]  [Creating]     [60/62]   R013: No inputs found that don't throw a trivial exception
13:30:12.523 [INFO]  [Creating]     [60/62]     Diffblue Cover tried to run the arrange/act section, but the test threw
13:30:12.523 [INFO]  [Creating]     [60/62]     java.lang.NullPointerException: Parameter specified as non-null is null: method io.gitlab.arturbosch.detekt.sample.extensions.rules.TooManyFunctionsTwo.<init>, parameter config
13:30:12.523 [INFO]  [Creating]     [60/62]         at io.gitlab.arturbosch.detekt.sample.extensions.rules.TooManyFunctionsTwo.<init>(TooManyFunctionsTwo.kt)
13:30:12.523 [INFO]  [Creating]     [60/62]     In order to prevent <init>(Config)
13:30:12.523 [INFO]  [Creating]     [60/62]     from throwing NullPointerException, add constructors or factory
13:30:12.523 [INFO]  [Creating]     [60/62]     methods that make it easier to construct fully initialized objects used in
13:30:12.523 [INFO]  [Creating]     [60/62]     <init>(Config).
13:30:12.523 [INFO]  [Creating]     [60/62]     See https://diff.blue/R013 to resolve this issue.
13:30:12.524 [INFO]  [Creating] 
================================================================================
= Creating tests for 'io.gitlab.arturbosch.detekt.sample.extensions.rules.TooManyFunctionsTwo.visitKtFile:(Lorg/jetbrains/kotlin/psi/KtFile;)V' using 'SiM (!sp, fnm, df, !ris)'
================================================================================
13:30:12.610 [INFO]  [Creating]     [61/62] io.gitlab.arturbosch.detekt.sample.extensions.rules.TooManyFunctionsTwo.visitKtFile
13:30:12.610 [INFO]  [Creating]     [61/62]   R034: Diffblue Cover can't complete test
13:30:12.610 [INFO]  [Creating]     [61/62]     Diffblue Cover was unable to complete the test.
13:30:12.610 [INFO]  [Creating]     [61/62]     Try to increase the number of fuzzing iterations if non-default
13:30:12.610 [INFO]  [Creating]     [61/62]     value is used.
13:30:12.610 [INFO]  [Creating]     [61/62]     See https://diff.blue/R034 for further troubleshooting of this issue.
13:30:12.611 [INFO]  [Creating] 
================================================================================
= Creating tests for 'io.gitlab.arturbosch.detekt.sample.extensions.rules.TooManyFunctionsTwo.visitNamedFunction:(Lorg/jetbrains/kotlin/psi/KtNamedFunction;)V' using 'SiM (!sp, fnm, df, !ris)'
================================================================================
13:30:12.791 [INFO]  [Creating]     [62/62] io.gitlab.arturbosch.detekt.sample.extensions.rules.TooManyFunctionsTwo.visitNamedFunction
13:30:12.791 [INFO]  [Creating]     [62/62]   R034: Diffblue Cover can't complete test
13:30:12.791 [INFO]  [Creating]     [62/62]     Diffblue Cover was unable to complete the test.
13:30:12.791 [INFO]  [Creating]     [62/62]     Try to increase the number of fuzzing iterations if non-default
13:30:12.791 [INFO]  [Creating]     [62/62]     value is used.
13:30:12.791 [INFO]  [Creating]     [62/62]     See https://diff.blue/R034 for further troubleshooting of this issue.
13:30:12.792 [INFO]  [Creating] [14/14] io.gitlab.arturbosch.detekt.sample.extensions.rules.TooManyFunctionsTwo
13:30:12.792 [INFO]  [Creating] [14/14]   Tests created: 0
13:30:12.798 [INFO]  [Reporting] 
13:30:12.798 [INFO]  [Reporting] Summary:
13:30:12.798 [INFO]  [Reporting] --------
13:30:12.798 [INFO]  [Reporting] Total:                                              62 methods
13:30:12.798 [INFO]  [Reporting] 18 tests created for:                               21 methods
13:30:12.799 [INFO]  [Reporting] 
13:30:12.799 [INFO]  [Reporting] No tests created for:                               41 methods
13:30:12.799 [INFO]  [Reporting]    23 R011: Sandboxing policy violation
13:30:12.799 [INFO]  [Reporting]     7 R013: No inputs found that don't throw a trivial exception
13:30:12.799 [INFO]  [Reporting]     4 R034: Diffblue Cover can't complete test
13:30:12.799 [INFO]  [Reporting]     2 R081: Exception in arrange section
13:30:12.799 [INFO]  [Reporting]     1 R083: Can't find a suitable constructor
13:30:12.880 [INFO]  [Validating] 
13:30:12.880 [INFO]  [Validating] Running validation command.
13:30:12.883 [INFO]  [Validating] Running: Using JAVA_HOME: /Users/mnedzelskii/.sdkman/candidates/java/current : in /Users/mnedzelskii/gits/detekt/detekt-sample-extensions : gradle test -i  
13:30:13.884 [INFO]  [Validating] Standard output of build tool (Gradle)
13:30:13.884 [INFO]  [Validating] > The client will now receive all logging from the daemon (pid: 15147). The daemon log file: /Users/mnedzelskii/.gradle/daemon/8.2/daemon-15147.out.log
13:30:13.884 [INFO]  [Validating] > Starting 148th build in daemon [uptime: 3 hrs 25 mins 37.269 secs, performance: 100%, GC rate: 0.00/s, heap usage: 0% of 8 GiB]
13:30:13.884 [INFO]  [Validating] > Closing daemon's stdin at end of input.
13:30:13.884 [INFO]  [Validating] > The daemon will no longer process any standard input.
13:30:13.884 [INFO]  [Validating] > Using 10 worker leases.
13:30:13.884 [INFO]  [Validating] > Now considering [/Users/mnedzelskii/gits/detekt, /Users/mnedzelskii/gits/detekt/detekt-gradle-plugin, /Users/mnedzelskii/gits/detekt/build-logic] as hierarchies to watch
13:30:13.884 [INFO]  [Validating] > Now considering [/Users/mnedzelskii/gits/detekt/build-logic, /Users/mnedzelskii/gits/detekt, /Users/mnedzelskii/gits/detekt/detekt-gradle-plugin] as hierarchies to watch
13:30:13.884 [INFO]  [Validating] > Now considering [/Users/mnedzelskii/gits/detekt/detekt-gradle-plugin, /Users/mnedzelskii/gits/detekt/build-logic, /Users/mnedzelskii/gits/detekt] as hierarchies to watch
13:30:13.884 [INFO]  [Validating] > Reusing configuration cache.
13:30:13.884 [INFO]  [Validating] > Now considering [/Users/mnedzelskii/gits/detekt, /Users/mnedzelskii/gits/detekt/detekt-gradle-plugin, /Users/mnedzelskii/gits/detekt/build-logic] as hierarchies to watch
13:30:13.884 [INFO]  [Validating] > Watching the file system is configured to be enabled if available
13:30:13.885 [INFO]  [Validating] > File system watching is active
13:30:13.885 [INFO]  [Validating] > Using local directory build cache for the root build (location = /Users/mnedzelskii/.gradle/caches/build-cache-1, removeUnusedEntriesAfter = 7 days).
13:30:13.885 [INFO]  [Validating] > Using remote HTTP build cache for the root build (pull-only, allowInsecureProtocol = false, allowUntrustedServer = false, authenticated = false, url = https://ge.detekt.dev/cache/, useExpectContinue = false).
13:30:13.885 [INFO]  [Validating] > Tasks to be executed: [task ':detekt-psi-utils:compileKotlin', task ':detekt-psi-utils:compileJava', task ':detekt-utils:compileKotlin', task ':detekt-utils:compileJava', task ':detekt-api:compileKotlin', task ':detekt-api:compileJava', task ':detekt-api:processResources', task ':detekt-api:classes', task ':detekt-api:jar', task ':detekt-metrics:compileKotlin', task ':detekt-metrics:compileJava', task ':detekt-parser:compileKotlin', task ':detekt-parser:compileJava', task ':detekt-report-html:compileKotlin', task ':detekt-report-html:compileJava', task ':detekt-report-md:compileKotlin', task ':detekt-report-md:compileJava', task ':detekt-tooling:compileKotlin', task ':detekt-tooling:compileJava', task ':detekt-report-sarif:compileKotlin', task ':detekt-report-sarif:compileJava', task ':detekt-report-txt:compileKotlin', task ':detekt-report-txt:compileJava', task ':detekt-report-xml:compileKotlin', task ':detekt-report-xml:compileJava', task ':detekt-core:compileKotlin', task ':detekt-core:compileJava', task ':detekt-core:processResources', task ':detekt-core:classes', task ':detekt-core:jar', task ':detekt-metrics:processResources', task ':detekt-metrics:classes', task ':detekt-metrics:jar', task ':detekt-parser:processResources', task ':detekt-parser:classes', task ':detekt-parser:jar', task ':detekt-psi-utils:processResources', task ':detekt-psi-utils:classes', task ':detekt-psi-utils:jar', task ':detekt-report-html:processResources', task ':detekt-report-html:classes', task ':detekt-report-html:jar', task ':detekt-report-md:processResources', task ':detekt-report-md:classes', task ':detekt-report-md:jar', task ':detekt-report-sarif:processResources', task ':detekt-report-sarif:classes', task ':detekt-report-sarif:jar', task ':detekt-report-txt:processResources', task ':detekt-report-txt:classes', task ':detekt-report-txt:jar', task ':detekt-report-xml:processResources', task ':detekt-report-xml:classes', task ':detekt-report-xml:jar', task ':detekt-sample-extensions:compileKotlin', task ':detekt-sample-extensions:compileJava', task ':detekt-sample-extensions:processResources', task ':detekt-sample-extensions:classes', task ':detekt-test-utils:compileKotlin', task ':detekt-test-utils:compileJava', task ':detekt-test:compileKotlin', task ':detekt-test:compileJava', task ':detekt-sample-extensions:compileTestKotlin', task ':detekt-sample-extensions:compileTestJava', task ':detekt-sample-extensions:processTestResources', task ':detekt-sample-extensions:testClasses', task ':detekt-test:processResources', task ':detekt-test:classes', task ':detekt-test:jar', task ':detekt-test-utils:processResources', task ':detekt-test-utils:classes', task ':detekt-test-utils:jar', task ':detekt-tooling:processResources', task ':detekt-tooling:classes', task ':detekt-tooling:jar', task ':detekt-utils:processResources', task ':detekt-utils:classes', task ':detekt-utils:jar', task ':detekt-sample-extensions:test']
13:30:13.885 [INFO]  [Validating] > Tasks that were excluded: []
13:30:13.885 [INFO]  [Validating] > Resolve mutations for :detekt-psi-utils:compileKotlin (Thread[Execution worker,5,main]) started.
13:30:13.885 [INFO]  [Validating] > Resolve mutations for :detekt-utils:compileKotlin (Thread[Execution worker Thread 2,5,main]) started.
13:30:13.885 [INFO]  [Validating] > Resolve mutations for :detekt-api:processResources (Thread[Execution worker Thread 3,5,main]) started.
13:30:13.885 [INFO]  [Validating] > Resolve mutations for :detekt-core:processResources (Thread[Execution worker Thread 4,5,main]) started.
13:30:13.885 [INFO]  [Validating] > :detekt-utils:compileKotlin (Thread[Execution worker Thread 2,5,main]) started.
13:30:13.885 [INFO]  [Validating] > :detekt-core:processResources (Thread[Execution worker Thread 5,5,main]) started.
13:30:13.885 [INFO]  [Validating] > :detekt-psi-utils:compileKotlin (Thread[Execution worker,5,main]) started.
13:30:13.885 [INFO]  [Validating] > :detekt-api:processResources (Thread[Execution worker Thread 3,5,main]) started.
13:30:13.885 [INFO]  [Validating] > Resolve mutations for :detekt-metrics:processResources (Thread[Execution worker Thread 4,5,main]) started.
13:30:13.885 [INFO]  [Validating] > Resolve mutations for :detekt-psi-utils:processResources (Thread[Execution worker Thread 7,5,main]) started.
13:30:13.885 [INFO]  [Validating] > Resolve mutations for :detekt-parser:processResources (Thread[Execution worker Thread 6,5,main]) started.
13:30:13.885 [INFO]  [Validating] > :detekt-metrics:processResources (Thread[Execution worker Thread 4,5,main]) started.
13:30:13.885 [INFO]  [Validating] > Resolve mutations for :detekt-report-html:processResources (Thread[Execution worker Thread 8,5,main]) started.
13:30:13.885 [INFO]  [Validating] > :detekt-psi-utils:processResources (Thread[Execution worker Thread 7,5,main]) started.
13:30:13.885 [INFO]  [Validating] > Resolve mutations for :detekt-report-md:processResources (Thread[included builds,5,main]) started.
13:30:13.885 [INFO]  [Validating] > Resolve mutations for :detekt-report-sarif:processResources (Thread[Execution worker Thread 9,5,main]) started.
13:30:13.885 [INFO]  [Validating] > :detekt-parser:processResources (Thread[Execution worker Thread 6,5,main]) started.
13:30:13.885 [INFO]  [Validating] > :detekt-report-md:processResources (Thread[included builds,5,main]) started.
13:30:13.885 [INFO]  [Validating] > :detekt-report-html:processResources (Thread[Execution worker Thread 8,5,main]) started.
13:30:13.885 [INFO]  [Validating] > :detekt-report-sarif:processResources (Thread[Execution worker Thread 9,5,main]) started.
13:30:13.885 [INFO]  [Validating] > 
13:30:13.885 [INFO]  [Validating] > > Task :detekt-parser:processResources NO-SOURCE
13:30:13.885 [INFO]  [Validating] > Skipping task ':detekt-parser:processResources' as it has no source files and no previous output files.
13:30:13.885 [INFO]  [Validating] > 
13:30:13.885 [INFO]  [Validating] > > Task :detekt-api:processResources NO-SOURCE
13:30:13.885 [INFO]  [Validating] > Skipping task ':detekt-api:processResources' as it has no source files and no previous output files.
13:30:13.885 [INFO]  [Validating] > 
13:30:13.885 [INFO]  [Validating] > > Task :detekt-report-sarif:processResources UP-TO-DATE
13:30:13.885 [INFO]  [Validating] > Caching disabled for task ':detekt-report-sarif:processResources' because:
13:30:13.885 [INFO]  [Validating] >   Not worth caching
13:30:13.885 [INFO]  [Validating] > Skipping task ':detekt-report-sarif:processResources' as it is up-to-date.
13:30:13.885 [INFO]  [Validating] > 
13:30:13.885 [INFO]  [Validating] > > Task :detekt-psi-utils:processResources NO-SOURCE
13:30:13.885 [INFO]  [Validating] > Skipping task ':detekt-psi-utils:processResources' as it has no source files and no previous output files.
13:30:13.885 [INFO]  [Validating] > Resolve mutations for :detekt-report-xml:processResources (Thread[Execution worker Thread 3,5,main]) started.
13:30:13.885 [INFO]  [Validating] > 
13:30:13.885 [INFO]  [Validating] > > Task :detekt-metrics:processResources NO-SOURCE
13:30:13.885 [INFO]  [Validating] > Skipping task ':detekt-metrics:processResources' as it has no source files and no previous output files.
13:30:13.885 [INFO]  [Validating] > 
13:30:13.885 [INFO]  [Validating] > > Task :detekt-report-html:processResources UP-TO-DATE
13:30:13.885 [INFO]  [Validating] > Caching disabled for task ':detekt-report-html:processResources' because:
13:30:13.885 [INFO]  [Validating] >   Not worth caching
13:30:13.885 [INFO]  [Validating] > Skipping task ':detekt-report-html:processResources' as it is up-to-date.
13:30:13.885 [INFO]  [Validating] > :detekt-report-xml:processResources (Thread[Execution worker Thread 3,5,main]) started.
13:30:13.885 [INFO]  [Validating] > Resolve mutations for :detekt-report-txt:processResources (Thread[Execution worker Thread 6,5,main]) started.
13:30:13.885 [INFO]  [Validating] > Resolve mutations for :detekt-test-utils:processResources (Thread[Execution worker Thread 4,5,main]) started.
13:30:13.885 [INFO]  [Validating] > Resolve mutations for :detekt-test:processResources (Thread[Execution worker Thread 8,5,main]) started.
13:30:13.885 [INFO]  [Validating] > :detekt-report-txt:processResources (Thread[Execution worker Thread 6,5,main]) started.
13:30:13.885 [INFO]  [Validating] > :detekt-test:processResources (Thread[Execution worker Thread 8,5,main]) started.
13:30:13.885 [INFO]  [Validating] > Resolve mutations for :detekt-sample-extensions:processTestResources (Thread[Execution worker Thread 7,5,main]) started.
13:30:13.885 [INFO]  [Validating] > Resolve mutations for :detekt-sample-extensions:processResources (Thread[Execution worker Thread 9,5,main]) started.
13:30:13.885 [INFO]  [Validating] > :detekt-sample-extensions:processTestResources (Thread[Execution worker Thread 7,5,main]) started.
13:30:13.885 [INFO]  [Validating] > :detekt-test-utils:processResources (Thread[Execution worker Thread 4,5,main]) started.
13:30:13.885 [INFO]  [Validating] > 
13:30:13.885 [INFO]  [Validating] > > Task :detekt-core:processResources UP-TO-DATE
13:30:13.885 [INFO]  [Validating] > Caching disabled for task ':detekt-core:processResources' because:
13:30:13.885 [INFO]  [Validating] >   Not worth caching
13:30:13.885 [INFO]  [Validating] > Skipping task ':detekt-core:processResources' as it is up-to-date.
13:30:13.885 [INFO]  [Validating] > 
13:30:13.885 [INFO]  [Validating] > > Task :detekt-report-md:processResources UP-TO-DATE
13:30:13.885 [INFO]  [Validating] > Caching disabled for task ':detekt-report-md:processResources' because:
13:30:13.885 [INFO]  [Validating] >   Not worth caching
13:30:13.885 [INFO]  [Validating] > Skipping task ':detekt-report-md:processResources' as it is up-to-date.
13:30:13.885 [INFO]  [Validating] > Resolve mutations for :detekt-tooling:processResources (Thread[Execution worker Thread 5,5,main]) started.
13:30:13.885 [INFO]  [Validating] > :detekt-sample-extensions:processResources (Thread[Execution worker Thread 9,5,main]) started.
13:30:13.885 [INFO]  [Validating] > 
13:30:13.885 [INFO]  [Validating] > > Task :detekt-sample-extensions:processTestResources NO-SOURCE
13:30:13.885 [INFO]  [Validating] > Skipping task ':detekt-sample-extensions:processTestResources' as it has no source files and no previous output files.
13:30:13.885 [INFO]  [Validating] > :detekt-tooling:processResources (Thread[Execution worker Thread 5,5,main]) started.
13:30:13.885 [INFO]  [Validating] > Resolve mutations for :detekt-utils:processResources (Thread[included builds,5,main]) started.
13:30:13.885 [INFO]  [Validating] > 
13:30:13.885 [INFO]  [Validating] > > Task :detekt-report-xml:processResources UP-TO-DATE
13:30:13.885 [INFO]  [Validating] > Caching disabled for task ':detekt-report-xml:processResources' because:
13:30:13.885 [INFO]  [Validating] >   Not worth caching
13:30:13.885 [INFO]  [Validating] > Skipping task ':detekt-report-xml:processResources' as it is up-to-date.
13:30:13.885 [INFO]  [Validating] > 
13:30:13.885 [INFO]  [Validating] > > Task :detekt-test:processResources NO-SOURCE
13:30:13.885 [INFO]  [Validating] > Skipping task ':detekt-test:processResources' as it has no source files and no previous output files.
13:30:13.885 [INFO]  [Validating] > 
13:30:13.885 [INFO]  [Validating] > > Task :detekt-test-utils:processResources NO-SOURCE
13:30:13.885 [INFO]  [Validating] > Skipping task ':detekt-test-utils:processResources' as it has no source files and no previous output files.
13:30:13.885 [INFO]  [Validating] > 
13:30:13.885 [INFO]  [Validating] > > Task :detekt-sample-extensions:processResources UP-TO-DATE
13:30:13.885 [INFO]  [Validating] > Caching disabled for task ':detekt-sample-extensions:processResources' because:
13:30:13.885 [INFO]  [Validating] >   Not worth caching
13:30:13.885 [INFO]  [Validating] > Skipping task ':detekt-sample-extensions:processResources' as it is up-to-date.
13:30:13.885 [INFO]  [Validating] > :detekt-utils:processResources (Thread[included builds,5,main]) started.
13:30:13.885 [INFO]  [Validating] > 
13:30:13.885 [INFO]  [Validating] > > Task :detekt-report-txt:processResources UP-TO-DATE
13:30:13.885 [INFO]  [Validating] > Caching disabled for task ':detekt-report-txt:processResources' because:
13:30:13.885 [INFO]  [Validating] >   Not worth caching
13:30:13.885 [INFO]  [Validating] > Skipping task ':detekt-report-txt:processResources' as it is up-to-date.
13:30:13.885 [INFO]  [Validating] > 
13:30:13.885 [INFO]  [Validating] > > Task :detekt-tooling:processResources NO-SOURCE
13:30:13.885 [INFO]  [Validating] > Skipping task ':detekt-tooling:processResources' as it has no source files and no previous output files.
13:30:13.885 [INFO]  [Validating] > 
13:30:13.885 [INFO]  [Validating] > > Task :detekt-utils:processResources NO-SOURCE
13:30:13.885 [INFO]  [Validating] > Skipping task ':detekt-utils:processResources' as it has no source files and no previous output files.
13:30:13.885 [INFO]  [Validating] > 
13:30:13.885 [INFO]  [Validating] > > Task :detekt-utils:compileKotlin UP-TO-DATE
13:30:13.885 [INFO]  [Validating] > Transforming kotlin-stdlib-jdk8-1.8.22.jar with ClasspathEntrySnapshotTransform
13:30:13.885 [INFO]  [Validating] > Transforming kotlin-stdlib-jdk7-1.8.22.jar with ClasspathEntrySnapshotTransform
13:30:13.885 [INFO]  [Validating] > Transforming kotlin-stdlib-1.8.22.jar with ClasspathEntrySnapshotTransform
13:30:13.885 [INFO]  [Validating] > Transforming kotlin-stdlib-common-1.8.22.jar with ClasspathEntrySnapshotTransform
13:30:13.885 [INFO]  [Validating] > Transforming annotations-13.0.jar with ClasspathEntrySnapshotTransform
13:30:13.885 [INFO]  [Validating] > Build cache key for task ':detekt-utils:compileKotlin' is 4bc3c8215f701e9ef21d31281b92246d
13:30:13.885 [INFO]  [Validating] > Skipping task ':detekt-utils:compileKotlin' as it is up-to-date.
13:30:13.885 [INFO]  [Validating] > 
13:30:13.885 [INFO]  [Validating] > > Task :detekt-psi-utils:compileKotlin UP-TO-DATE
13:30:13.885 [INFO]  [Validating] > Transforming kotlin-compiler-embeddable-1.8.22.jar with ClasspathEntrySnapshotTransform
13:30:13.885 [INFO]  [Validating] > Transforming kotlin-stdlib-jdk8-1.8.22.jar with ClasspathEntrySnapshotTransform
13:30:13.885 [INFO]  [Validating] > Transforming kotlin-stdlib-jdk7-1.8.22.jar with ClasspathEntrySnapshotTransform
13:30:13.885 [INFO]  [Validating] > Transforming kotlin-stdlib-1.8.22.jar with ClasspathEntrySnapshotTransform
13:30:13.885 [INFO]  [Validating] > Transforming kotlin-stdlib-common-1.8.22.jar with ClasspathEntrySnapshotTransform
13:30:13.885 [INFO]  [Validating] > Transforming annotations-13.0.jar with ClasspathEntrySnapshotTransform
13:30:13.885 [INFO]  [Validating] > Build cache key for task ':detekt-psi-utils:compileKotlin' is c72e17ff81c85e7351df478815002d0c
13:30:13.885 [INFO]  [Validating] > Skipping task ':detekt-psi-utils:compileKotlin' as it is up-to-date.
13:30:13.885 [INFO]  [Validating] > Resolve mutations for :detekt-utils:compileJava (Thread[Execution worker Thread 2,5,main]) started.
13:30:13.885 [INFO]  [Validating] > Resolve mutations for :detekt-psi-utils:compileJava (Thread[Execution worker,5,main]) started.
13:30:13.885 [INFO]  [Validating] > work action resolve main (project :detekt-utils) (Thread[included builds,5,main]) started.
13:30:13.885 [INFO]  [Validating] > work action resolve main (project :detekt-psi-utils) (Thread[Execution worker Thread 5,5,main]) started.
13:30:13.885 [INFO]  [Validating] > :detekt-utils:compileJava (Thread[Execution worker Thread 2,5,main]) started.
13:30:13.885 [INFO]  [Validating] > :detekt-psi-utils:compileJava (Thread[Execution worker,5,main]) started.
13:30:13.885 [INFO]  [Validating] > 
13:30:13.885 [INFO]  [Validating] > > Task :detekt-utils:compileJava NO-SOURCE
13:30:13.885 [INFO]  [Validating] > Skipping task ':detekt-utils:compileJava' as it has no source files and no previous output files.
13:30:13.885 [INFO]  [Validating] > work action resolve main (project :detekt-utils) (Thread[Execution worker Thread 2,5,main]) started.
13:30:13.885 [INFO]  [Validating] > Resolve mutations for :detekt-utils:classes (Thread[Execution worker Thread 6,5,main]) started.
13:30:13.885 [INFO]  [Validating] > work action resolve main (project :detekt-utils) (Thread[Execution worker Thread 3,5,main]) started.
13:30:13.885 [INFO]  [Validating] > :detekt-utils:classes (Thread[Execution worker Thread 6,5,main]) started.
13:30:13.885 [INFO]  [Validating] > 
13:30:13.885 [INFO]  [Validating] > > Task :detekt-psi-utils:compileJava NO-SOURCE
13:30:13.885 [INFO]  [Validating] > Skipping task ':detekt-psi-utils:compileJava' as it has no source files and no previous output files.
13:30:13.885 [INFO]  [Validating] > work action resolve main (project :detekt-psi-utils) (Thread[Execution worker Thread 4,5,main]) started.
13:30:13.885 [INFO]  [Validating] > Resolve mutations for :detekt-psi-utils:classes (Thread[Execution worker Thread 2,5,main]) started.
13:30:13.885 [INFO]  [Validating] > work action resolve main (project :detekt-psi-utils) (Thread[Execution worker,5,main]) started.
13:30:13.885 [INFO]  [Validating] > :detekt-psi-utils:classes (Thread[Execution worker Thread 2,5,main]) started.
13:30:13.885 [INFO]  [Validating] > Resolve mutations for :detekt-api:compileKotlin (Thread[Execution worker,5,main]) started.
13:30:13.885 [INFO]  [Validating] > 
13:30:13.885 [INFO]  [Validating] > > Task :detekt-utils:classes UP-TO-DATE
13:30:13.885 [INFO]  [Validating] > Skipping task ':detekt-utils:classes' as it has no actions.
13:30:13.885 [INFO]  [Validating] > Resolve mutations for :detekt-parser:compileKotlin (Thread[Execution worker Thread 9,5,main]) started.
13:30:13.885 [INFO]  [Validating] > 
13:30:13.885 [INFO]  [Validating] > > Task :detekt-psi-utils:classes UP-TO-DATE
13:30:13.885 [INFO]  [Validating] > Skipping task ':detekt-psi-utils:classes' as it has no actions.
13:30:13.885 [INFO]  [Validating] > Resolve mutations for :detekt-utils:jar (Thread[Execution worker Thread 6,5,main]) started.
13:30:13.885 [INFO]  [Validating] > Resolve mutations for :detekt-psi-utils:jar (Thread[Execution worker Thread 2,5,main]) started.
13:30:13.885 [INFO]  [Validating] > :detekt-api:compileKotlin (Thread[Execution worker,5,main]) started.
13:30:13.885 [INFO]  [Validating] > :detekt-utils:jar (Thread[Execution worker Thread 6,5,main]) started.
13:30:13.885 [INFO]  [Validating] > :detekt-psi-utils:jar (Thread[Execution worker Thread 2,5,main]) started.
13:30:13.885 [INFO]  [Validating] > :detekt-parser:compileKotlin (Thread[Execution worker Thread 9,5,main]) started.
13:30:13.885 [INFO]  [Validating] > 
13:30:13.885 [INFO]  [Validating] > > Task :detekt-parser:compileKotlin UP-TO-DATE
13:30:13.885 [INFO]  [Validating] > Transforming main with ClasspathEntrySnapshotTransform
13:30:13.885 [INFO]  [Validating] > Transforming kotlin-compiler-embeddable-1.8.22.jar with ClasspathEntrySnapshotTransform
13:30:13.885 [INFO]  [Validating] > Transforming kotlin-stdlib-jdk8-1.8.22.jar with ClasspathEntrySnapshotTransform
13:30:13.885 [INFO]  [Validating] > Transforming contester-breakpoint-0.2.0.jar with ClasspathEntrySnapshotTransform
13:30:13.885 [INFO]  [Validating] > Transforming kotlin-stdlib-jdk7-1.8.22.jar with ClasspathEntrySnapshotTransform
13:30:13.885 [INFO]  [Validating] > Transforming kotlin-stdlib-1.8.22.jar with ClasspathEntrySnapshotTransform
13:30:13.885 [INFO]  [Validating] > Transforming kotlin-stdlib-common-1.8.22.jar with ClasspathEntrySnapshotTransform
13:30:13.885 [INFO]  [Validating] > Transforming annotations-13.0.jar with ClasspathEntrySnapshotTransform
13:30:13.885 [INFO]  [Validating] > Build cache key for task ':detekt-parser:compileKotlin' is 9ce217c383476588a3779d923d7b0bdd
13:30:13.885 [INFO]  [Validating] > Skipping task ':detekt-parser:compileKotlin' as it is up-to-date.
13:30:13.885 [INFO]  [Validating] > work action resolve main (project :detekt-parser) (Thread[included builds,5,main]) started.
13:30:13.885 [INFO]  [Validating] > Resolve mutations for :detekt-parser:compileJava (Thread[Execution worker Thread 9,5,main]) started.
13:30:13.886 [INFO]  [Validating] > 
13:30:13.886 [INFO]  [Validating] > > Task :detekt-api:compileKotlin UP-TO-DATE
13:30:13.886 [INFO]  [Validating] > Transforming main with ClasspathEntrySnapshotTransform
13:30:13.886 [INFO]  [Validating] > Transforming kotlin-compiler-embeddable-1.8.22.jar with ClasspathEntrySnapshotTransform
13:30:13.886 [INFO]  [Validating] > Transforming main with ClasspathEntrySnapshotTransform
13:30:13.886 [INFO]  [Validating] > Transforming kotlin-stdlib-jdk8-1.8.22.jar with ClasspathEntrySnapshotTransform
13:30:13.886 [INFO]  [Validating] > Transforming kotlin-stdlib-jdk7-1.8.22.jar with ClasspathEntrySnapshotTransform
13:30:13.886 [INFO]  [Validating] > Transforming kotlin-stdlib-1.8.22.jar with ClasspathEntrySnapshotTransform
13:30:13.886 [INFO]  [Validating] > Transforming kotlin-stdlib-common-1.8.22.jar with ClasspathEntrySnapshotTransform
13:30:13.886 [INFO]  [Validating] > Transforming annotations-13.0.jar with ClasspathEntrySnapshotTransform
13:30:13.886 [INFO]  [Validating] > Build cache key for task ':detekt-api:compileKotlin' is bc24205c2f4f61f8518d6a26cd3c1b64
13:30:13.886 [INFO]  [Validating] > Skipping task ':detekt-api:compileKotlin' as it is up-to-date.
13:30:13.886 [INFO]  [Validating] > Resolve mutations for :detekt-api:compileJava (Thread[Execution worker,5,main]) started.
13:30:13.886 [INFO]  [Validating] > work action resolve main (project :detekt-api) (Thread[included builds,5,main]) started.
13:30:13.886 [INFO]  [Validating] > :detekt-parser:compileJava (Thread[Execution worker Thread 7,5,main]) started.
13:30:13.886 [INFO]  [Validating] > :detekt-api:compileJava (Thread[Execution worker,5,main]) started.
13:30:13.886 [INFO]  [Validating] > 
13:30:13.886 [INFO]  [Validating] > > Task :detekt-parser:compileJava NO-SOURCE
13:30:13.886 [INFO]  [Validating] > Skipping task ':detekt-parser:compileJava' as it has no source files and no previous output files.
13:30:13.886 [INFO]  [Validating] > work action resolve main (project :detekt-parser) (Thread[Execution worker Thread 7,5,main]) started.
13:30:13.886 [INFO]  [Validating] > work action resolve main (project :detekt-parser) (Thread[included builds,5,main]) started.
13:30:13.886 [INFO]  [Validating] > 
13:30:13.886 [INFO]  [Validating] > > Task :detekt-api:compileJava NO-SOURCE
13:30:13.886 [INFO]  [Validating] > Skipping task ':detekt-api:compileJava' as it has no source files and no previous output files.
13:30:13.886 [INFO]  [Validating] > Resolve mutations for :detekt-test-utils:compileKotlin (Thread[included builds,5,main]) started.
13:30:13.886 [INFO]  [Validating] > Resolve mutations for :detekt-parser:classes (Thread[Execution worker Thread 7,5,main]) started.
13:30:13.886 [INFO]  [Validating] > work action resolve main (project :detekt-api) (Thread[Execution worker Thread 3,5,main]) started.
13:30:13.886 [INFO]  [Validating] > work action resolve main (project :detekt-api) (Thread[Execution worker Thread 5,5,main]) started.
13:30:13.886 [INFO]  [Validating] > Resolve mutations for :detekt-api:classes (Thread[Execution worker,5,main]) started.
13:30:13.886 [INFO]  [Validating] > Resolve mutations for :detekt-metrics:compileKotlin (Thread[Execution worker Thread 5,5,main]) started.
13:30:13.886 [INFO]  [Validating] > 
13:30:13.886 [INFO]  [Validating] > > Task :detekt-utils:jar UP-TO-DATE
13:30:13.886 [INFO]  [Validating] > Caching disabled for task ':detekt-utils:jar' because:
13:30:13.886 [INFO]  [Validating] >   Not worth caching
13:30:13.886 [INFO]  [Validating] > Skipping task ':detekt-utils:jar' as it is up-to-date.
13:30:13.886 [INFO]  [Validating] > :detekt-api:classes (Thread[Execution worker,5,main]) started.
13:30:13.886 [INFO]  [Validating] > :detekt-metrics:compileKotlin (Thread[Execution worker Thread 5,5,main]) started.
13:30:13.886 [INFO]  [Validating] > :detekt-test-utils:compileKotlin (Thread[included builds,5,main]) started.
13:30:13.886 [INFO]  [Validating] > :detekt-parser:classes (Thread[Execution worker Thread 7,5,main]) started.
13:30:13.886 [INFO]  [Validating] > 
13:30:13.886 [INFO]  [Validating] > > Task :detekt-api:classes UP-TO-DATE
13:30:13.886 [INFO]  [Validating] > Skipping task ':detekt-api:classes' as it has no actions.
13:30:13.886 [INFO]  [Validating] > work action resolve detekt-utils-1.23.0.jar (project :detekt-utils) (Thread[Execution worker Thread 9,5,main]) started.
13:30:13.886 [INFO]  [Validating] > Resolve mutations for :detekt-sample-extensions:compileKotlin (Thread[Execution worker Thread 6,5,main]) started.
13:30:13.886 [INFO]  [Validating] > Resolve mutations for :detekt-report-xml:compileKotlin (Thread[Execution worker Thread 4,5,main]) started.
13:30:13.886 [INFO]  [Validating] > Resolve mutations for :detekt-report-txt:compileKotlin (Thread[Execution worker Thread 8,5,main]) started.
13:30:13.886 [INFO]  [Validating] > Resolve mutations for :detekt-tooling:compileKotlin (Thread[Execution worker Thread 3,5,main]) started.
13:30:13.886 [INFO]  [Validating] > :detekt-sample-extensions:compileKotlin (Thread[Execution worker Thread 6,5,main]) started.
13:30:13.886 [INFO]  [Validating] > :detekt-report-txt:compileKotlin (Thread[Execution worker Thread 8,5,main]) started.
13:30:13.886 [INFO]  [Validating] > :detekt-report-xml:compileKotlin (Thread[Execution worker Thread 4,5,main]) started.
13:30:13.886 [INFO]  [Validating] > Resolve mutations for :detekt-api:jar (Thread[Execution worker,5,main]) started.
13:30:13.886 [INFO]  [Validating] > 
13:30:13.886 [INFO]  [Validating] > > Task :detekt-psi-utils:jar UP-TO-DATE
13:30:13.886 [INFO]  [Validating] > Caching disabled for task ':detekt-psi-utils:jar' because:
13:30:13.886 [INFO]  [Validating] >   Not worth caching
13:30:13.886 [INFO]  [Validating] > Skipping task ':detekt-psi-utils:jar' as it is up-to-date.
13:30:13.886 [INFO]  [Validating] > work action resolve detekt-psi-utils-1.23.0.jar (project :detekt-psi-utils) (Thread[Execution worker Thread 2,5,main]) started.
13:30:13.886 [INFO]  [Validating] > :detekt-api:jar (Thread[Execution worker,5,main]) started.
13:30:13.886 [INFO]  [Validating] > 
13:30:13.886 [INFO]  [Validating] > > Task :detekt-parser:classes UP-TO-DATE
13:30:13.886 [INFO]  [Validating] > Skipping task ':detekt-parser:classes' as it has no actions.
13:30:13.886 [INFO]  [Validating] > :detekt-tooling:compileKotlin (Thread[Execution worker Thread 3,5,main]) started.
13:30:13.886 [INFO]  [Validating] > Resolve mutations for :detekt-parser:jar (Thread[Execution worker Thread 7,5,main]) started.
13:30:13.886 [INFO]  [Validating] > :detekt-parser:jar (Thread[Execution worker Thread 7,5,main]) started.
13:30:13.886 [INFO]  [Validating] > 
13:30:13.886 [INFO]  [Validating] > > Task :detekt-report-xml:compileKotlin UP-TO-DATE
13:30:13.886 [INFO]  [Validating] > Transforming main with ClasspathEntrySnapshotTransform
13:30:13.886 [INFO]  [Validating] > Transforming main with ClasspathEntrySnapshotTransform
13:30:13.886 [INFO]  [Validating] > Transforming kotlin-stdlib-jdk8-1.8.22.jar with ClasspathEntrySnapshotTransform
13:30:13.886 [INFO]  [Validating] > Transforming kotlin-stdlib-jdk7-1.8.22.jar with ClasspathEntrySnapshotTransform
13:30:13.886 [INFO]  [Validating] > Transforming kotlin-stdlib-1.8.22.jar with ClasspathEntrySnapshotTransform
13:30:13.886 [INFO]  [Validating] > Transforming kotlin-compiler-embeddable-1.8.22.jar with ClasspathEntrySnapshotTransform
13:30:13.886 [INFO]  [Validating] > Transforming kotlin-stdlib-common-1.8.22.jar with ClasspathEntrySnapshotTransform
13:30:13.886 [INFO]  [Validating] > Transforming annotations-13.0.jar with ClasspathEntrySnapshotTransform
13:30:13.886 [INFO]  [Validating] > Build cache key for task ':detekt-report-xml:compileKotlin' is 1acdddef0677e48be7307f9ab589f2f5
13:30:13.886 [INFO]  [Validating] > Skipping task ':detekt-report-xml:compileKotlin' as it is up-to-date.
13:30:13.886 [INFO]  [Validating] > 
13:30:13.886 [INFO]  [Validating] > > Task :detekt-report-txt:compileKotlin UP-TO-DATE
13:30:13.886 [INFO]  [Validating] > Transforming main with ClasspathEntrySnapshotTransform
13:30:13.886 [INFO]  [Validating] > Transforming main with ClasspathEntrySnapshotTransform
13:30:13.886 [INFO]  [Validating] > Transforming kotlin-stdlib-jdk8-1.8.22.jar with ClasspathEntrySnapshotTransform
13:30:13.886 [INFO]  [Validating] > Transforming kotlin-stdlib-jdk7-1.8.22.jar with ClasspathEntrySnapshotTransform
13:30:13.886 [INFO]  [Validating] > Transforming kotlin-stdlib-1.8.22.jar with ClasspathEntrySnapshotTransform
13:30:13.886 [INFO]  [Validating] > Transforming kotlin-compiler-embeddable-1.8.22.jar with ClasspathEntrySnapshotTransform
13:30:13.886 [INFO]  [Validating] > Transforming kotlin-stdlib-common-1.8.22.jar with ClasspathEntrySnapshotTransform
13:30:13.886 [INFO]  [Validating] > Transforming annotations-13.0.jar with ClasspathEntrySnapshotTransform
13:30:13.886 [INFO]  [Validating] > Build cache key for task ':detekt-report-txt:compileKotlin' is 3ded245b414360810ee29353612bdefd
13:30:13.886 [INFO]  [Validating] > Skipping task ':detekt-report-txt:compileKotlin' as it is up-to-date.
13:30:13.886 [INFO]  [Validating] > Resolve mutations for :detekt-report-txt:compileJava (Thread[Execution worker Thread 4,5,main]) started.
13:30:13.886 [INFO]  [Validating] > work action resolve main (project :detekt-report-xml) (Thread[Execution worker Thread 2,5,main]) started.
13:30:13.886 [INFO]  [Validating] > 
13:30:13.886 [INFO]  [Validating] > > Task :detekt-tooling:compileKotlin UP-TO-DATE
13:30:13.886 [INFO]  [Validating] > Transforming main with ClasspathEntrySnapshotTransform
13:30:13.886 [INFO]  [Validating] > Transforming main with ClasspathEntrySnapshotTransform
13:30:13.886 [INFO]  [Validating] > Transforming kotlin-stdlib-jdk8-1.8.22.jar with ClasspathEntrySnapshotTransform
13:30:13.886 [INFO]  [Validating] > Transforming kotlin-compiler-embeddable-1.8.22.jar with ClasspathEntrySnapshotTransform
13:30:13.886 [INFO]  [Validating] > Transforming kotlin-stdlib-jdk7-1.8.22.jar with ClasspathEntrySnapshotTransform
13:30:13.886 [INFO]  [Validating] > Transforming kotlin-stdlib-1.8.22.jar with ClasspathEntrySnapshotTransform
13:30:13.886 [INFO]  [Validating] > Transforming kotlin-stdlib-common-1.8.22.jar with ClasspathEntrySnapshotTransform
13:30:13.886 [INFO]  [Validating] > Transforming annotations-13.0.jar with ClasspathEntrySnapshotTransform
13:30:13.886 [INFO]  [Validating] > Build cache key for task ':detekt-tooling:compileKotlin' is 9cd58a4ffb79657c01c8319bf5870a6f
13:30:13.886 [INFO]  [Validating] > Skipping task ':detekt-tooling:compileKotlin' as it is up-to-date.
13:30:13.886 [INFO]  [Validating] > work action resolve main (project :detekt-report-txt) (Thread[Execution worker Thread 9,5,main]) started.
13:30:13.886 [INFO]  [Validating] > Resolve mutations for :detekt-tooling:compileJava (Thread[Execution worker Thread 3,5,main]) started.
13:30:13.886 [INFO]  [Validating] > Resolve mutations for :detekt-report-xml:compileJava (Thread[Execution worker Thread 8,5,main]) started.
13:30:13.886 [INFO]  [Validating] > work action resolve main (project :detekt-tooling) (Thread[Execution worker Thread 2,5,main]) started.
13:30:13.886 [INFO]  [Validating] > :detekt-report-txt:compileJava (Thread[Execution worker Thread 4,5,main]) started.
13:30:13.886 [INFO]  [Validating] > :detekt-report-xml:compileJava (Thread[Execution worker Thread 8,5,main]) started.
13:30:13.886 [INFO]  [Validating] > :detekt-tooling:compileJava (Thread[Execution worker Thread 3,5,main]) started.
13:30:13.886 [INFO]  [Validating] > 
13:30:13.886 [INFO]  [Validating] > > Task :detekt-metrics:compileKotlin UP-TO-DATE
13:30:13.886 [INFO]  [Validating] > Transforming main with ClasspathEntrySnapshotTransform
13:30:13.886 [INFO]  [Validating] > Transforming main with ClasspathEntrySnapshotTransform
13:30:13.886 [INFO]  [Validating] > Transforming kotlin-stdlib-jdk8-1.8.22.jar with ClasspathEntrySnapshotTransform
13:30:13.886 [INFO]  [Validating] > Transforming kotlin-compiler-embeddable-1.8.22.jar with ClasspathEntrySnapshotTransform
13:30:13.886 [INFO]  [Validating] > Transforming kotlin-stdlib-jdk7-1.8.22.jar with ClasspathEntrySnapshotTransform
13:30:13.886 [INFO]  [Validating] > Transforming kotlin-stdlib-1.8.22.jar with ClasspathEntrySnapshotTransform
13:30:13.886 [INFO]  [Validating] > Transforming kotlin-stdlib-common-1.8.22.jar with ClasspathEntrySnapshotTransform
13:30:13.886 [INFO]  [Validating] > Transforming annotations-13.0.jar with ClasspathEntrySnapshotTransform
13:30:13.886 [INFO]  [Validating] > Build cache key for task ':detekt-metrics:compileKotlin' is e1aa4271b4005c352ebbc96b71bde128
13:30:13.886 [INFO]  [Validating] > Skipping task ':detekt-metrics:compileKotlin' as it is up-to-date.
13:30:13.886 [INFO]  [Validating] > Resolve mutations for :detekt-metrics:compileJava (Thread[Execution worker Thread 5,5,main]) started.
13:30:13.886 [INFO]  [Validating] > 
13:30:13.886 [INFO]  [Validating] > > Task :detekt-tooling:compileJava NO-SOURCE
13:30:13.886 [INFO]  [Validating] > Skipping task ':detekt-tooling:compileJava' as it has no source files and no previous output files.
13:30:13.886 [INFO]  [Validating] > work action resolve main (project :detekt-metrics) (Thread[Execution worker Thread 3,5,main]) started.
13:30:13.886 [INFO]  [Validating] > :detekt-metrics:compileJava (Thread[Execution worker Thread 5,5,main]) started.
13:30:13.886 [INFO]  [Validating] > work action resolve main (project :detekt-tooling) (Thread[Execution worker Thread 2,5,main]) started.
13:30:13.886 [INFO]  [Validating] > Resolve mutations for :detekt-tooling:classes (Thread[Execution worker Thread 2,5,main]) started.
13:30:13.886 [INFO]  [Validating] > work action resolve main (project :detekt-tooling) (Thread[Execution worker Thread 3,5,main]) started.
13:30:13.886 [INFO]  [Validating] > 
13:30:13.886 [INFO]  [Validating] > > Task :detekt-report-xml:compileJava NO-SOURCE
13:30:13.886 [INFO]  [Validating] > Skipping task ':detekt-report-xml:compileJava' as it has no source files and no previous output files.
13:30:13.886 [INFO]  [Validating] > 
13:30:13.886 [INFO]  [Validating] > > Task :detekt-sample-extensions:compileKotlin UP-TO-DATE
13:30:13.886 [INFO]  [Validating] > Transforming main with ClasspathEntrySnapshotTransform
13:30:13.886 [INFO]  [Validating] > Transforming main with ClasspathEntrySnapshotTransform
13:30:13.886 [INFO]  [Validating] > Transforming kotlin-stdlib-jdk8-1.8.22.jar with ClasspathEntrySnapshotTransform
13:30:13.886 [INFO]  [Validating] > Transforming kotlin-stdlib-jdk7-1.8.22.jar with ClasspathEntrySnapshotTransform
13:30:13.886 [INFO]  [Validating] > Transforming kotlin-stdlib-1.8.22.jar with ClasspathEntrySnapshotTransform
13:30:13.886 [INFO]  [Validating] > Transforming kotlin-compiler-embeddable-1.8.22.jar with ClasspathEntrySnapshotTransform
13:30:13.886 [INFO]  [Validating] > Transforming kotlin-stdlib-common-1.8.22.jar with ClasspathEntrySnapshotTransform
13:30:13.886 [INFO]  [Validating] > Transforming annotations-13.0.jar with ClasspathEntrySnapshotTransform
13:30:13.886 [INFO]  [Validating] > Build cache key for task ':detekt-sample-extensions:compileKotlin' is 27c8de35080d778323ca1b3f8e9b7b60
13:30:13.886 [INFO]  [Validating] > Skipping task ':detekt-sample-extensions:compileKotlin' as it is up-to-date.
13:30:13.886 [INFO]  [Validating] > work action resolve main (project :detekt-report-xml) (Thread[Execution worker Thread 8,5,main]) started.
13:30:13.886 [INFO]  [Validating] > Resolve mutations for :detekt-report-sarif:compileKotlin (Thread[Execution worker Thread 3,5,main]) started.
13:30:13.886 [INFO]  [Validating] > :detekt-tooling:classes (Thread[Execution worker Thread 2,5,main]) started.
13:30:13.886 [INFO]  [Validating] > 
13:30:13.886 [INFO]  [Validating] > > Task :detekt-report-txt:compileJava NO-SOURCE
13:30:13.886 [INFO]  [Validating] > Skipping task ':detekt-report-txt:compileJava' as it has no source files and no previous output files.
13:30:13.886 [INFO]  [Validating] > work action resolve main (project :detekt-report-txt) (Thread[Execution worker Thread 4,5,main]) started.
13:30:13.886 [INFO]  [Validating] > work action resolve main (project :detekt-report-txt) (Thread[Execution worker Thread 4,5,main]) started.
13:30:13.886 [INFO]  [Validating] > :detekt-report-sarif:compileKotlin (Thread[Execution worker Thread 3,5,main]) started.
13:30:13.886 [INFO]  [Validating] > 
13:30:13.886 [INFO]  [Validating] > > Task :detekt-tooling:classes UP-TO-DATE
13:30:13.886 [INFO]  [Validating] > Skipping task ':detekt-tooling:classes' as it has no actions.
13:30:13.886 [INFO]  [Validating] > Resolve mutations for :detekt-tooling:jar (Thread[Execution worker Thread 2,5,main]) started.
13:30:13.886 [INFO]  [Validating] > Resolve mutations for :detekt-sample-extensions:compileJava (Thread[Execution worker Thread 8,5,main]) started.
13:30:13.886 [INFO]  [Validating] > Resolve mutations for :detekt-report-xml:classes (Thread[Execution worker Thread 9,5,main]) started.
13:30:13.886 [INFO]  [Validating] > work action resolve main (project :detekt-report-xml) (Thread[Execution worker Thread 6,5,main]) started.
13:30:13.886 [INFO]  [Validating] > :detekt-report-xml:classes (Thread[Execution worker Thread 9,5,main]) started.
13:30:13.886 [INFO]  [Validating] > :detekt-sample-extensions:compileJava (Thread[Execution worker Thread 8,5,main]) started.
13:30:13.886 [INFO]  [Validating] > :detekt-tooling:jar (Thread[Execution worker Thread 2,5,main]) started.
13:30:13.886 [INFO]  [Validating] > 
13:30:13.886 [INFO]  [Validating] > > Task :detekt-test-utils:compileKotlin UP-TO-DATE
13:30:13.886 [INFO]  [Validating] > Transforming main with ClasspathEntrySnapshotTransform
13:30:13.886 [INFO]  [Validating] > Transforming kotlinx-coroutines-core-jvm-1.7.2.jar with ClasspathEntrySnapshotTransform
13:30:13.886 [INFO]  [Validating] > Transforming kotlin-stdlib-jdk8-1.8.22.jar with ClasspathEntrySnapshotTransform
13:30:13.886 [INFO]  [Validating] > Transforming junit-platform-commons-1.9.3.jar with ClasspathEntrySnapshotTransform
13:30:13.886 [INFO]  [Validating] > Transforming junit-jupiter-api-5.9.3.jar with ClasspathEntrySnapshotTransform
13:30:13.886 [INFO]  [Validating] > Transforming kotlin-main-kts-1.8.22.jar with ClasspathEntrySnapshotTransform
13:30:13.887 [INFO]  [Validating] > Transforming kotlin-stdlib-jdk7-1.8.22.jar with ClasspathEntrySnapshotTransform
13:30:13.887 [INFO]  [Validating] > Transforming kotlin-stdlib-1.8.22.jar with ClasspathEntrySnapshotTransform
13:30:13.887 [INFO]  [Validating] > Transforming opentest4j-1.2.0.jar with ClasspathEntrySnapshotTransform
13:30:13.887 [INFO]  [Validating] > Transforming apiguardian-api-1.1.2.jar with ClasspathEntrySnapshotTransform
13:30:13.887 [INFO]  [Validating] > Transforming kotlin-compiler-embeddable-1.8.22.jar with ClasspathEntrySnapshotTransform
13:30:13.887 [INFO]  [Validating] > Transforming kotlin-stdlib-common-1.8.22.jar with ClasspathEntrySnapshotTransform
13:30:13.887 [INFO]  [Validating] > Transforming annotations-23.0.0.jar with ClasspathEntrySnapshotTransform
13:30:13.887 [INFO]  [Validating] > Build cache key for task ':detekt-test-utils:compileKotlin' is 7738ee7998b37343d969d1bd0c068d5b
13:30:13.887 [INFO]  [Validating] > Skipping task ':detekt-test-utils:compileKotlin' as it is up-to-date.
13:30:13.887 [INFO]  [Validating] > 
13:30:13.887 [INFO]  [Validating] > > Task :detekt-api:jar UP-TO-DATE
13:30:13.887 [INFO]  [Validating] > Caching disabled for task ':detekt-api:jar' because:
13:30:13.887 [INFO]  [Validating] >   Not worth caching
13:30:13.887 [INFO]  [Validating] > Skipping task ':detekt-api:jar' as it is up-to-date.
13:30:13.887 [INFO]  [Validating] > Resolve mutations for :detekt-report-txt:classes (Thread[Execution worker Thread 4,5,main]) started.
13:30:13.887 [INFO]  [Validating] > :detekt-report-txt:classes (Thread[Execution worker Thread 4,5,main]) started.
13:30:13.887 [INFO]  [Validating] > 
13:30:13.887 [INFO]  [Validating] > > Task :detekt-metrics:compileJava NO-SOURCE
13:30:13.887 [INFO]  [Validating] > Skipping task ':detekt-metrics:compileJava' as it has no source files and no previous output files.
13:30:13.887 [INFO]  [Validating] > work action resolve detekt-api-1.23.0.jar (project :detekt-api) (Thread[Execution worker Thread 6,5,main]) started.
13:30:13.887 [INFO]  [Validating] > work action resolve main (project :detekt-test-utils) (Thread[Execution worker,5,main]) started.
13:30:13.887 [INFO]  [Validating] > Resolve mutations for :detekt-test-utils:compileJava (Thread[included builds,5,main]) started.
13:30:13.887 [INFO]  [Validating] > work action resolve main (project :detekt-metrics) (Thread[Execution worker,5,main]) started.
13:30:13.887 [INFO]  [Validating] > :detekt-test-utils:compileJava (Thread[included builds,5,main]) started.
13:30:13.887 [INFO]  [Validating] > Resolve mutations for :detekt-metrics:classes (Thread[Execution worker Thread 6,5,main]) started.
13:30:13.887 [INFO]  [Validating] > 
13:30:13.887 [INFO]  [Validating] > > Task :detekt-sample-extensions:compileJava NO-SOURCE
13:30:13.887 [INFO]  [Validating] > Skipping task ':detekt-sample-extensions:compileJava' as it has no source files and no previous output files.
13:30:13.887 [INFO]  [Validating] > work action resolve main (project :detekt-metrics) (Thread[Execution worker Thread 5,5,main]) started.
13:30:13.887 [INFO]  [Validating] > Resolve mutations for :detekt-sample-extensions:classes (Thread[Execution worker,5,main]) started.
13:30:13.887 [INFO]  [Validating] > 
13:30:13.887 [INFO]  [Validating] > > Task :detekt-report-txt:classes UP-TO-DATE
13:30:13.887 [INFO]  [Validating] > Skipping task ':detekt-report-txt:classes' as it has no actions.
13:30:13.887 [INFO]  [Validating] > Resolve mutations for :detekt-report-txt:jar (Thread[Execution worker Thread 4,5,main]) started.
13:30:13.887 [INFO]  [Validating] > :detekt-sample-extensions:classes (Thread[Execution worker,5,main]) started.
13:30:13.887 [INFO]  [Validating] > Resolve mutations for :detekt-report-md:compileKotlin (Thread[Execution worker Thread 6,5,main]) started.
13:30:13.887 [INFO]  [Validating] > Resolve mutations for :detekt-report-html:compileKotlin (Thread[Execution worker Thread 5,5,main]) started.
13:30:13.887 [INFO]  [Validating] > :detekt-metrics:classes (Thread[Execution worker Thread 8,5,main]) started.
13:30:13.887 [INFO]  [Validating] > :detekt-report-md:compileKotlin (Thread[Execution worker Thread 6,5,main]) started.
13:30:13.887 [INFO]  [Validating] > 
13:30:13.887 [INFO]  [Validating] > > Task :detekt-report-xml:classes UP-TO-DATE
13:30:13.887 [INFO]  [Validating] > Skipping task ':detekt-report-xml:classes' as it has no actions.
13:30:13.887 [INFO]  [Validating] > 
13:30:13.887 [INFO]  [Validating] > > Task :detekt-parser:jar UP-TO-DATE
13:30:13.887 [INFO]  [Validating] > Caching disabled for task ':detekt-parser:jar' because:
13:30:13.887 [INFO]  [Validating] >   Not worth caching
13:30:13.887 [INFO]  [Validating] > Skipping task ':detekt-parser:jar' as it is up-to-date.
13:30:13.887 [INFO]  [Validating] > work action resolve detekt-parser-1.23.0.jar (project :detekt-parser) (Thread[Execution worker Thread 7,5,main]) started.
13:30:13.887 [INFO]  [Validating] > :detekt-report-html:compileKotlin (Thread[Execution worker Thread 5,5,main]) started.
13:30:13.887 [INFO]  [Validating] > 
13:30:13.887 [INFO]  [Validating] > > Task :detekt-metrics:classes UP-TO-DATE
13:30:13.887 [INFO]  [Validating] > Skipping task ':detekt-metrics:classes' as it has no actions.
13:30:13.887 [INFO]  [Validating] > 
13:30:13.887 [INFO]  [Validating] > > Task :detekt-sample-extensions:classes UP-TO-DATE
13:30:13.887 [INFO]  [Validating] > Skipping task ':detekt-sample-extensions:classes' as it has no actions.
13:30:13.887 [INFO]  [Validating] > :detekt-report-txt:jar (Thread[Execution worker Thread 4,5,main]) started.
13:30:13.887 [INFO]  [Validating] > Resolve mutations for :detekt-metrics:jar (Thread[Execution worker Thread 8,5,main]) started.
13:30:13.887 [INFO]  [Validating] > Resolve mutations for :detekt-report-xml:jar (Thread[Execution worker Thread 9,5,main]) started.
13:30:13.887 [INFO]  [Validating] > :detekt-metrics:jar (Thread[Execution worker Thread 8,5,main]) started.
13:30:13.887 [INFO]  [Validating] > :detekt-report-xml:jar (Thread[Execution worker Thread 9,5,main]) started.
13:30:13.887 [INFO]  [Validating] > 
13:30:13.887 [INFO]  [Validating] > > Task :detekt-test-utils:compileJava NO-SOURCE
13:30:13.887 [INFO]  [Validating] > Skipping task ':detekt-test-utils:compileJava' as it has no source files and no previous output files.
13:30:13.887 [INFO]  [Validating] > work action resolve main (project :detekt-test-utils) (Thread[included builds,5,main]) started.
13:30:13.887 [INFO]  [Validating] > work action resolve main (project :detekt-test-utils) (Thread[Execution worker,5,main]) started.
13:30:13.887 [INFO]  [Validating] > Resolve mutations for :detekt-test-utils:classes (Thread[included builds,5,main]) started.
13:30:13.887 [INFO]  [Validating] > :detekt-test-utils:classes (Thread[included builds,5,main]) started.
13:30:13.887 [INFO]  [Validating] > 
13:30:13.887 [INFO]  [Validating] > > Task :detekt-test-utils:classes UP-TO-DATE
13:30:13.887 [INFO]  [Validating] > Skipping task ':detekt-test-utils:classes' as it has no actions.
13:30:13.887 [INFO]  [Validating] > Resolve mutations for :detekt-test-utils:jar (Thread[included builds,5,main]) started.
13:30:13.887 [INFO]  [Validating] > :detekt-test-utils:jar (Thread[included builds,5,main]) started.
13:30:13.887 [INFO]  [Validating] > 
13:30:13.887 [INFO]  [Validating] > > Task :detekt-tooling:jar UP-TO-DATE
13:30:13.887 [INFO]  [Validating] > Caching disabled for task ':detekt-tooling:jar' because:
13:30:13.887 [INFO]  [Validating] >   Not worth caching
13:30:13.887 [INFO]  [Validating] > Skipping task ':detekt-tooling:jar' as it is up-to-date.
13:30:13.887 [INFO]  [Validating] > work action resolve detekt-tooling-1.23.0.jar (project :detekt-tooling) (Thread[Execution worker Thread 2,5,main]) started.
13:30:13.887 [INFO]  [Validating] > 
13:30:13.887 [INFO]  [Validating] > > Task :detekt-report-md:compileKotlin UP-TO-DATE
13:30:13.887 [INFO]  [Validating] > Transforming main with ClasspathEntrySnapshotTransform
13:30:13.887 [INFO]  [Validating] > Transforming main with ClasspathEntrySnapshotTransform
13:30:13.887 [INFO]  [Validating] > Transforming main with ClasspathEntrySnapshotTransform
13:30:13.887 [INFO]  [Validating] > Transforming main with ClasspathEntrySnapshotTransform
13:30:13.887 [INFO]  [Validating] > Transforming kotlin-stdlib-jdk8-1.8.22.jar with ClasspathEntrySnapshotTransform
13:30:13.887 [INFO]  [Validating] > Transforming kotlin-stdlib-jdk7-1.8.22.jar with ClasspathEntrySnapshotTransform
13:30:13.887 [INFO]  [Validating] > Transforming kotlin-stdlib-1.8.22.jar with ClasspathEntrySnapshotTransform
13:30:13.887 [INFO]  [Validating] > Transforming kotlin-compiler-embeddable-1.8.22.jar with ClasspathEntrySnapshotTransform
13:30:13.887 [INFO]  [Validating] > Transforming kotlin-stdlib-common-1.8.22.jar with ClasspathEntrySnapshotTransform
13:30:13.887 [INFO]  [Validating] > Transforming annotations-13.0.jar with ClasspathEntrySnapshotTransform
13:30:13.887 [INFO]  [Validating] > Build cache key for task ':detekt-report-md:compileKotlin' is daaa1a6d2f4425c07ab3d08a334ba819
13:30:13.887 [INFO]  [Validating] > Skipping task ':detekt-report-md:compileKotlin' as it is up-to-date.
13:30:13.887 [INFO]  [Validating] > 
13:30:13.887 [INFO]  [Validating] > > Task :detekt-report-sarif:compileKotlin UP-TO-DATE
13:30:13.887 [INFO]  [Validating] > Transforming main with ClasspathEntrySnapshotTransform
13:30:13.887 [INFO]  [Validating] > Transforming main with ClasspathEntrySnapshotTransform
13:30:13.887 [INFO]  [Validating] > Transforming main with ClasspathEntrySnapshotTransform
13:30:13.887 [INFO]  [Validating] > Transforming sarif4k-jvm-0.4.0.jar with ClasspathEntrySnapshotTransform
13:30:13.887 [INFO]  [Validating] > Transforming kotlinx-serialization-json-jvm-1.4.1.jar with ClasspathEntrySnapshotTransform
13:30:13.887 [INFO]  [Validating] > Transforming kotlinx-serialization-core-jvm-1.4.1.jar with ClasspathEntrySnapshotTransform
13:30:13.887 [INFO]  [Validating] > Transforming kotlin-stdlib-jdk8-1.8.22.jar with ClasspathEntrySnapshotTransform
13:30:13.887 [INFO]  [Validating] > Transforming kotlin-stdlib-jdk7-1.8.22.jar with ClasspathEntrySnapshotTransform
13:30:13.887 [INFO]  [Validating] > Transforming kotlin-stdlib-1.8.22.jar with ClasspathEntrySnapshotTransform
13:30:13.887 [INFO]  [Validating] > Transforming kotlin-compiler-embeddable-1.8.22.jar with ClasspathEntrySnapshotTransform
13:30:13.887 [INFO]  [Validating] > Transforming kotlin-stdlib-common-1.8.22.jar with ClasspathEntrySnapshotTransform
13:30:13.887 [INFO]  [Validating] > Transforming annotations-13.0.jar with ClasspathEntrySnapshotTransform
13:30:13.887 [INFO]  [Validating] > Build cache key for task ':detekt-report-sarif:compileKotlin' is 1408222aca0d0bdec3a09706c778f66a
13:30:13.887 [INFO]  [Validating] > Skipping task ':detekt-report-sarif:compileKotlin' as it is up-to-date.
13:30:13.887 [INFO]  [Validating] > 
13:30:13.887 [INFO]  [Validating] > > Task :detekt-report-html:compileKotlin UP-TO-DATE
13:30:13.887 [INFO]  [Validating] > Transforming main with ClasspathEntrySnapshotTransform
13:30:13.887 [INFO]  [Validating] > Transforming main with ClasspathEntrySnapshotTransform
13:30:13.887 [INFO]  [Validating] > Transforming main with ClasspathEntrySnapshotTransform
13:30:13.887 [INFO]  [Validating] > Transforming main with ClasspathEntrySnapshotTransform
13:30:13.887 [INFO]  [Validating] > Transforming kotlin-stdlib-jdk8-1.8.22.jar with ClasspathEntrySnapshotTransform
13:30:13.887 [INFO]  [Validating] > Transforming kotlinx-html-jvm-0.8.1.jar with ClasspathEntrySnapshotTransform
13:30:13.887 [INFO]  [Validating] > Transforming kotlin-stdlib-jdk7-1.8.22.jar with ClasspathEntrySnapshotTransform
13:30:13.887 [INFO]  [Validating] > Transforming kotlin-stdlib-1.8.22.jar with ClasspathEntrySnapshotTransform
13:30:13.887 [INFO]  [Validating] > Transforming kotlin-compiler-embeddable-1.8.22.jar with ClasspathEntrySnapshotTransform
13:30:13.887 [INFO]  [Validating] > Transforming kotlin-stdlib-common-1.8.22.jar with ClasspathEntrySnapshotTransform
13:30:13.887 [INFO]  [Validating] > Transforming annotations-13.0.jar with ClasspathEntrySnapshotTransform
13:30:13.887 [INFO]  [Validating] > Build cache key for task ':detekt-report-html:compileKotlin' is 6c859146cd23e1ce4901100fa935d173
13:30:13.887 [INFO]  [Validating] > Skipping task ':detekt-report-html:compileKotlin' as it is up-to-date.
13:30:13.887 [INFO]  [Validating] > Resolve mutations for :detekt-report-md:compileJava (Thread[Execution worker Thread 6,5,main]) started.
13:30:13.887 [INFO]  [Validating] > Resolve mutations for :detekt-report-sarif:compileJava (Thread[Execution worker Thread 3,5,main]) started.
13:30:13.887 [INFO]  [Validating] > Resolve mutations for :detekt-report-html:compileJava (Thread[Execution worker Thread 5,5,main]) started.
13:30:13.887 [INFO]  [Validating] > work action resolve main (project :detekt-report-sarif) (Thread[Execution worker Thread 2,5,main]) started.
13:30:13.887 [INFO]  [Validating] > :detekt-report-md:compileJava (Thread[Execution worker Thread 6,5,main]) started.
13:30:13.887 [INFO]  [Validating] > :detekt-report-sarif:compileJava (Thread[Execution worker Thread 3,5,main]) started.
13:30:13.887 [INFO]  [Validating] > work action resolve main (project :detekt-report-md) (Thread[Execution worker Thread 2,5,main]) started.
13:30:13.887 [INFO]  [Validating] > :detekt-report-html:compileJava (Thread[Execution worker Thread 5,5,main]) started.
13:30:13.887 [INFO]  [Validating] > work action resolve main (project :detekt-report-html) (Thread[Execution worker,5,main]) started.
13:30:13.887 [INFO]  [Validating] > 
13:30:13.887 [INFO]  [Validating] > > Task :detekt-report-sarif:compileJava NO-SOURCE
13:30:13.887 [INFO]  [Validating] > Skipping task ':detekt-report-sarif:compileJava' as it has no source files and no previous output files.
13:30:13.887 [INFO]  [Validating] > work action resolve main (project :detekt-report-sarif) (Thread[Execution worker Thread 3,5,main]) started.
13:30:13.887 [INFO]  [Validating] > work action resolve main (project :detekt-report-sarif) (Thread[Execution worker,5,main]) started.
13:30:13.887 [INFO]  [Validating] > 
13:30:13.887 [INFO]  [Validating] > > Task :detekt-report-html:compileJava NO-SOURCE
13:30:13.887 [INFO]  [Validating] > Skipping task ':detekt-report-html:compileJava' as it has no source files and no previous output files.
13:30:13.887 [INFO]  [Validating] > 
13:30:13.887 [INFO]  [Validating] > > Task :detekt-report-md:compileJava NO-SOURCE
13:30:13.887 [INFO]  [Validating] > Skipping task ':detekt-report-md:compileJava' as it has no source files and no previous output files.
13:30:13.887 [INFO]  [Validating] > Resolve mutations for :detekt-report-sarif:classes (Thread[Execution worker Thread 3,5,main]) started.
13:30:13.887 [INFO]  [Validating] > work action resolve main (project :detekt-report-md) (Thread[Execution worker Thread 7,5,main]) started.
13:30:13.887 [INFO]  [Validating] > work action resolve main (project :detekt-report-html) (Thread[Execution worker Thread 5,5,main]) started.
13:30:13.887 [INFO]  [Validating] > :detekt-report-sarif:classes (Thread[Execution worker Thread 2,5,main]) started.
13:30:13.887 [INFO]  [Validating] > work action resolve main (project :detekt-report-md) (Thread[Execution worker Thread 6,5,main]) started.
13:30:13.887 [INFO]  [Validating] > work action resolve main (project :detekt-report-html) (Thread[Execution worker,5,main]) started.
13:30:13.887 [INFO]  [Validating] > Resolve mutations for :detekt-report-md:classes (Thread[Execution worker Thread 7,5,main]) started.
13:30:13.887 [INFO]  [Validating] > Resolve mutations for :detekt-report-html:classes (Thread[Execution worker Thread 3,5,main]) started.
13:30:13.887 [INFO]  [Validating] > :detekt-report-md:classes (Thread[Execution worker Thread 7,5,main]) started.
13:30:13.887 [INFO]  [Validating] > :detekt-report-html:classes (Thread[Execution worker Thread 6,5,main]) started.
13:30:13.887 [INFO]  [Validating] > 
13:30:13.887 [INFO]  [Validating] > > Task :detekt-report-sarif:classes UP-TO-DATE
13:30:13.887 [INFO]  [Validating] > Skipping task ':detekt-report-sarif:classes' as it has no actions.
13:30:13.887 [INFO]  [Validating] > 
13:30:13.887 [INFO]  [Validating] > > Task :detekt-report-html:classes UP-TO-DATE
13:30:13.887 [INFO]  [Validating] > Skipping task ':detekt-report-html:classes' as it has no actions.
13:30:13.887 [INFO]  [Validating] > Resolve mutations for :detekt-core:compileKotlin (Thread[Execution worker,5,main]) started.
13:30:13.887 [INFO]  [Validating] > Resolve mutations for :detekt-report-sarif:jar (Thread[Execution worker Thread 2,5,main]) started.
13:30:13.887 [INFO]  [Validating] > Resolve mutations for :detekt-report-html:jar (Thread[Execution worker Thread 6,5,main]) started.
13:30:13.887 [INFO]  [Validating] > 
13:30:13.887 [INFO]  [Validating] > > Task :detekt-report-md:classes UP-TO-DATE
13:30:13.887 [INFO]  [Validating] > Skipping task ':detekt-report-md:classes' as it has no actions.
13:30:13.887 [INFO]  [Validating] > :detekt-report-html:jar (Thread[Execution worker Thread 6,5,main]) started.
13:30:13.887 [INFO]  [Validating] > :detekt-report-sarif:jar (Thread[Execution worker Thread 2,5,main]) started.
13:30:13.887 [INFO]  [Validating] > :detekt-core:compileKotlin (Thread[Execution worker,5,main]) started.
13:30:13.887 [INFO]  [Validating] > Resolve mutations for :detekt-report-md:jar (Thread[Execution worker Thread 7,5,main]) started.
13:30:13.887 [INFO]  [Validating] > :detekt-report-md:jar (Thread[Execution worker Thread 7,5,main]) started.
13:30:13.887 [INFO]  [Validating] > 
13:30:13.887 [INFO]  [Validating] > > Task :detekt-core:compileKotlin UP-TO-DATE
13:30:13.887 [INFO]  [Validating] > Transforming main with ClasspathEntrySnapshotTransform
13:30:13.887 [INFO]  [Validating] > Transforming main with ClasspathEntrySnapshotTransform
13:30:13.887 [INFO]  [Validating] > Transforming main with ClasspathEntrySnapshotTransform
13:30:13.887 [INFO]  [Validating] > Transforming main with ClasspathEntrySnapshotTransform
13:30:13.887 [INFO]  [Validating] > Transforming main with ClasspathEntrySnapshotTransform
13:30:13.887 [INFO]  [Validating] > Transforming main with ClasspathEntrySnapshotTransform
13:30:13.887 [INFO]  [Validating] > Transforming main with ClasspathEntrySnapshotTransform
13:30:13.887 [INFO]  [Validating] > Transforming main with ClasspathEntrySnapshotTransform
13:30:13.887 [INFO]  [Validating] > Transforming main with ClasspathEntrySnapshotTransform
13:30:13.887 [INFO]  [Validating] > Transforming main with ClasspathEntrySnapshotTransform
13:30:13.887 [INFO]  [Validating] > Transforming main with ClasspathEntrySnapshotTransform
13:30:13.887 [INFO]  [Validating] > Transforming kotlin-stdlib-jdk8-1.8.22.jar with ClasspathEntrySnapshotTransform
13:30:13.888 [INFO]  [Validating] > Transforming snakeyaml-engine-2.6.jar with ClasspathEntrySnapshotTransform
13:30:13.888 [INFO]  [Validating] > Transforming kotlin-reflect-1.8.22.jar with ClasspathEntrySnapshotTransform
13:30:13.888 [INFO]  [Validating] > Transforming kotlin-compiler-embeddable-1.8.22.jar with ClasspathEntrySnapshotTransform
13:30:13.888 [INFO]  [Validating] > Transforming kotlin-stdlib-jdk7-1.8.22.jar with ClasspathEntrySnapshotTransform
13:30:13.888 [INFO]  [Validating] > Transforming kotlin-stdlib-1.8.22.jar with ClasspathEntrySnapshotTransform
13:30:13.888 [INFO]  [Validating] > Transforming kotlin-stdlib-common-1.8.22.jar with ClasspathEntrySnapshotTransform
13:30:13.888 [INFO]  [Validating] > Transforming annotations-13.0.jar with ClasspathEntrySnapshotTransform
13:30:13.888 [INFO]  [Validating] > Build cache key for task ':detekt-core:compileKotlin' is 87bd0f24f712da0d88bc26872abfe7d2
13:30:13.888 [INFO]  [Validating] > Skipping task ':detekt-core:compileKotlin' as it is up-to-date.
13:30:13.888 [INFO]  [Validating] > Resolve mutations for :detekt-core:compileJava (Thread[Execution worker,5,main]) started.
13:30:13.888 [INFO]  [Validating] > work action resolve main (project :detekt-core) (Thread[Execution worker Thread 5,5,main]) started.
13:30:13.888 [INFO]  [Validating] > :detekt-core:compileJava (Thread[Execution worker,5,main]) started.
13:30:13.888 [INFO]  [Validating] > 
13:30:13.888 [INFO]  [Validating] > > Task :detekt-core:compileJava NO-SOURCE
13:30:13.888 [INFO]  [Validating] > Skipping task ':detekt-core:compileJava' as it has no source files and no previous output files.
13:30:13.888 [INFO]  [Validating] > Resolve mutations for :detekt-core:classes (Thread[Execution worker,5,main]) started.
13:30:13.888 [INFO]  [Validating] > work action resolve main (project :detekt-core) (Thread[Execution worker Thread 5,5,main]) started.
13:30:13.888 [INFO]  [Validating] > work action resolve main (project :detekt-core) (Thread[Execution worker Thread 3,5,main]) started.
13:30:13.888 [INFO]  [Validating] > :detekt-core:classes (Thread[Execution worker,5,main]) started.
13:30:13.888 [INFO]  [Validating] > Resolve mutations for :detekt-test:compileKotlin (Thread[Execution worker Thread 3,5,main]) started.
13:30:13.888 [INFO]  [Validating] > 
13:30:13.888 [INFO]  [Validating] > > Task :detekt-core:classes UP-TO-DATE
13:30:13.888 [INFO]  [Validating] > Skipping task ':detekt-core:classes' as it has no actions.
13:30:13.888 [INFO]  [Validating] > Resolve mutations for :detekt-core:jar (Thread[Execution worker,5,main]) started.
13:30:13.888 [INFO]  [Validating] > :detekt-core:jar (Thread[Execution worker,5,main]) started.
13:30:13.888 [INFO]  [Validating] > :detekt-test:compileKotlin (Thread[Execution worker Thread 5,5,main]) started.
13:30:13.888 [INFO]  [Validating] > 
13:30:13.888 [INFO]  [Validating] > > Task :detekt-test:compileKotlin UP-TO-DATE
13:30:13.888 [INFO]  [Validating] > Transforming main with ClasspathEntrySnapshotTransform
13:30:13.888 [INFO]  [Validating] > Transforming main with ClasspathEntrySnapshotTransform
13:30:13.888 [INFO]  [Validating] > Transforming main with ClasspathEntrySnapshotTransform
13:30:13.888 [INFO]  [Validating] > Transforming main with ClasspathEntrySnapshotTransform
13:30:13.888 [INFO]  [Validating] > Transforming main with ClasspathEntrySnapshotTransform
13:30:13.888 [INFO]  [Validating] > Transforming main with ClasspathEntrySnapshotTransform
13:30:13.888 [INFO]  [Validating] > Transforming main with ClasspathEntrySnapshotTransform
13:30:13.888 [INFO]  [Validating] > Transforming kotlin-stdlib-jdk8-1.8.22.jar with ClasspathEntrySnapshotTransform
13:30:13.888 [INFO]  [Validating] > Transforming assertj-core-3.24.2.jar with ClasspathEntrySnapshotTransform
13:30:13.888 [INFO]  [Validating] > Transforming kotlin-compiler-embeddable-1.8.22.jar with ClasspathEntrySnapshotTransform
13:30:13.888 [INFO]  [Validating] > Transforming junit-platform-commons-1.9.3.jar with ClasspathEntrySnapshotTransform
13:30:13.888 [INFO]  [Validating] > Transforming junit-jupiter-api-5.9.3.jar with ClasspathEntrySnapshotTransform
13:30:13.888 [INFO]  [Validating] > Transforming kotlin-stdlib-jdk7-1.8.22.jar with ClasspathEntrySnapshotTransform
13:30:13.888 [INFO]  [Validating] > Transforming kotlin-stdlib-1.8.22.jar with ClasspathEntrySnapshotTransform
13:30:13.888 [INFO]  [Validating] > Transforming byte-buddy-1.12.21.jar with ClasspathEntrySnapshotTransform
13:30:13.888 [INFO]  [Validating] > Transforming opentest4j-1.2.0.jar with ClasspathEntrySnapshotTransform
13:30:13.888 [INFO]  [Validating] > Transforming apiguardian-api-1.1.2.jar with ClasspathEntrySnapshotTransform
13:30:13.888 [INFO]  [Validating] > Transforming kotlin-stdlib-common-1.8.22.jar with ClasspathEntrySnapshotTransform
13:30:13.888 [INFO]  [Validating] > Transforming annotations-13.0.jar with ClasspathEntrySnapshotTransform
13:30:13.888 [INFO]  [Validating] > Build cache key for task ':detekt-test:compileKotlin' is 3b4e9cc97ddb472bf0406062a9c686d1
13:30:13.888 [INFO]  [Validating] > Skipping task ':detekt-test:compileKotlin' as it is up-to-date.
13:30:13.888 [INFO]  [Validating] > Resolve mutations for :detekt-test:compileJava (Thread[Execution worker Thread 5,5,main]) started.
13:30:13.888 [INFO]  [Validating] > work action resolve main (project :detekt-test) (Thread[Execution worker Thread 3,5,main]) started.
13:30:13.888 [INFO]  [Validating] > :detekt-test:compileJava (Thread[Execution worker Thread 5,5,main]) started.
13:30:13.888 [INFO]  [Validating] > 
13:30:13.888 [INFO]  [Validating] > > Task :detekt-test:compileJava NO-SOURCE
13:30:13.888 [INFO]  [Validating] > Skipping task ':detekt-test:compileJava' as it has no source files and no previous output files.
13:30:13.888 [INFO]  [Validating] > work action resolve main (project :detekt-test) (Thread[Execution worker Thread 5,5,main]) started.
13:30:13.888 [INFO]  [Validating] > work action resolve main (project :detekt-test) (Thread[Execution worker Thread 3,5,main]) started.
13:30:13.888 [INFO]  [Validating] > Resolve mutations for :detekt-test:classes (Thread[Execution worker Thread 5,5,main]) started.
13:30:13.888 [INFO]  [Validating] > Resolve mutations for :detekt-sample-extensions:compileTestKotlin (Thread[Execution worker Thread 3,5,main]) started.
13:30:13.888 [INFO]  [Validating] > :detekt-test:classes (Thread[Execution worker Thread 5,5,main]) started.
13:30:13.888 [INFO]  [Validating] > 
13:30:13.888 [INFO]  [Validating] > > Task :detekt-test:classes UP-TO-DATE
13:30:13.888 [INFO]  [Validating] > Skipping task ':detekt-test:classes' as it has no actions.
13:30:13.888 [INFO]  [Validating] > Resolve mutations for :detekt-test:jar (Thread[Execution worker Thread 5,5,main]) started.
13:30:13.888 [INFO]  [Validating] > :detekt-sample-extensions:compileTestKotlin (Thread[Execution worker Thread 3,5,main]) started.
13:30:13.888 [INFO]  [Validating] > :detekt-test:jar (Thread[Execution worker Thread 5,5,main]) started.
13:30:13.888 [INFO]  [Validating] > 
13:30:13.888 [INFO]  [Validating] > > Task :detekt-report-txt:jar UP-TO-DATE
13:30:13.888 [INFO]  [Validating] > Caching disabled for task ':detekt-report-txt:jar' because:
13:30:13.888 [INFO]  [Validating] >   Not worth caching
13:30:13.888 [INFO]  [Validating] > Skipping task ':detekt-report-txt:jar' as it is up-to-date.
13:30:13.888 [INFO]  [Validating] > 
13:30:13.888 [INFO]  [Validating] > > Task :detekt-metrics:jar UP-TO-DATE
13:30:13.888 [INFO]  [Validating] > Caching disabled for task ':detekt-metrics:jar' because:
13:30:13.888 [INFO]  [Validating] >   Not worth caching
13:30:13.888 [INFO]  [Validating] > Skipping task ':detekt-metrics:jar' as it is up-to-date.
13:30:13.888 [INFO]  [Validating] > 
13:30:13.888 [INFO]  [Validating] > > Task :detekt-report-xml:jar UP-TO-DATE
13:30:13.888 [INFO]  [Validating] > Caching disabled for task ':detekt-report-xml:jar' because:
13:30:13.888 [INFO]  [Validating] >   Not worth caching
13:30:13.888 [INFO]  [Validating] > Skipping task ':detekt-report-xml:jar' as it is up-to-date.
13:30:13.888 [INFO]  [Validating] > work action resolve detekt-report-xml-1.23.0.jar (project :detekt-report-xml) (Thread[Execution worker Thread 9,5,main]) started.
13:30:13.888 [INFO]  [Validating] > work action resolve detekt-metrics-1.23.0.jar (project :detekt-metrics) (Thread[Execution worker Thread 4,5,main]) started.
13:30:13.888 [INFO]  [Validating] > work action resolve detekt-report-txt-1.23.0.jar (project :detekt-report-txt) (Thread[Execution worker Thread 8,5,main]) started.
13:30:13.888 [INFO]  [Validating] > 
13:30:13.888 [INFO]  [Validating] > > Task :detekt-test-utils:jar UP-TO-DATE
13:30:13.888 [INFO]  [Validating] > Caching disabled for task ':detekt-test-utils:jar' because:
13:30:13.888 [INFO]  [Validating] >   Not worth caching
13:30:13.888 [INFO]  [Validating] > Skipping task ':detekt-test-utils:jar' as it is up-to-date.
13:30:13.888 [INFO]  [Validating] > work action resolve detekt-test-utils-1.23.0.jar (project :detekt-test-utils) (Thread[included builds,5,main]) started.
13:30:13.888 [INFO]  [Validating] > 
13:30:13.888 [INFO]  [Validating] > > Task :detekt-report-html:jar UP-TO-DATE
13:30:13.888 [INFO]  [Validating] > Caching disabled for task ':detekt-report-html:jar' because:
13:30:13.888 [INFO]  [Validating] >   Not worth caching
13:30:13.888 [INFO]  [Validating] > Skipping task ':detekt-report-html:jar' as it is up-to-date.
13:30:13.888 [INFO]  [Validating] > 
13:30:13.888 [INFO]  [Validating] > > Task :detekt-report-sarif:jar UP-TO-DATE
13:30:13.888 [INFO]  [Validating] > Caching disabled for task ':detekt-report-sarif:jar' because:
13:30:13.888 [INFO]  [Validating] >   Not worth caching
13:30:13.888 [INFO]  [Validating] > Skipping task ':detekt-report-sarif:jar' as it is up-to-date.
13:30:13.888 [INFO]  [Validating] > work action resolve detekt-report-sarif-1.23.0.jar (project :detekt-report-sarif) (Thread[Execution worker Thread 2,5,main]) started.
13:30:13.888 [INFO]  [Validating] > work action resolve detekt-report-html-1.23.0.jar (project :detekt-report-html) (Thread[Execution worker Thread 6,5,main]) started.
13:30:13.888 [INFO]  [Validating] > 
13:30:13.888 [INFO]  [Validating] > > Task :detekt-report-md:jar UP-TO-DATE
13:30:13.888 [INFO]  [Validating] > Caching disabled for task ':detekt-report-md:jar' because:
13:30:13.888 [INFO]  [Validating] >   Not worth caching
13:30:13.888 [INFO]  [Validating] > Skipping task ':detekt-report-md:jar' as it is up-to-date.
13:30:13.888 [INFO]  [Validating] > work action resolve detekt-report-md-1.23.0.jar (project :detekt-report-md) (Thread[Execution worker Thread 7,5,main]) started.
13:30:13.888 [INFO]  [Validating] > 
13:30:13.888 [INFO]  [Validating] > > Task :detekt-test:jar UP-TO-DATE
13:30:13.888 [INFO]  [Validating] > Caching disabled for task ':detekt-test:jar' because:
13:30:13.888 [INFO]  [Validating] >   Not worth caching
13:30:13.888 [INFO]  [Validating] > Skipping task ':detekt-test:jar' as it is up-to-date.
13:30:13.888 [INFO]  [Validating] > work action resolve detekt-test-1.23.0.jar (project :detekt-test) (Thread[Execution worker Thread 5,5,main]) started.
13:30:13.888 [INFO]  [Validating] > 
13:30:13.888 [INFO]  [Validating] > > Task :detekt-core:jar UP-TO-DATE
13:30:13.888 [INFO]  [Validating] > Caching disabled for task ':detekt-core:jar' because:
13:30:13.888 [INFO]  [Validating] >   Not worth caching
13:30:13.888 [INFO]  [Validating] > Skipping task ':detekt-core:jar' as it is up-to-date.
13:30:13.888 [INFO]  [Validating] > work action resolve detekt-core-1.23.0.jar (project :detekt-core) (Thread[Execution worker,5,main]) started.
13:30:13.888 [INFO]  [Validating] > 
13:30:13.888 [INFO]  [Validating] > > Task :detekt-sample-extensions:compileTestKotlin FROM-CACHE
13:30:13.888 [INFO]  [Validating] > Transforming main with ClasspathEntrySnapshotTransform
13:30:13.888 [INFO]  [Validating] > Transforming main with ClasspathEntrySnapshotTransform
13:30:13.888 [INFO]  [Validating] > Transforming main with ClasspathEntrySnapshotTransform
13:30:13.888 [INFO]  [Validating] > Transforming main with ClasspathEntrySnapshotTransform
13:30:13.888 [INFO]  [Validating] > Transforming main with ClasspathEntrySnapshotTransform
13:30:13.888 [INFO]  [Validating] > Transforming main with ClasspathEntrySnapshotTransform
13:30:13.888 [INFO]  [Validating] > Transforming kotlin-stdlib-jdk8-1.8.22.jar with ClasspathEntrySnapshotTransform
13:30:13.888 [INFO]  [Validating] > Transforming assertj-core-3.24.2.jar with ClasspathEntrySnapshotTransform
13:30:13.888 [INFO]  [Validating] > Transforming junit-jupiter-params-5.9.3.jar with ClasspathEntrySnapshotTransform
13:30:13.888 [INFO]  [Validating] > Transforming junit-jupiter-api-5.9.3.jar with ClasspathEntrySnapshotTransform
13:30:13.888 [INFO]  [Validating] > Transforming junit-platform-commons-1.9.3.jar with ClasspathEntrySnapshotTransform
13:30:13.888 [INFO]  [Validating] > Transforming junit-jupiter-5.9.3.jar with ClasspathEntrySnapshotTransform
13:30:13.888 [INFO]  [Validating] > Transforming kotlin-stdlib-jdk7-1.8.22.jar with ClasspathEntrySnapshotTransform
13:30:13.888 [INFO]  [Validating] > Transforming kotlin-stdlib-1.8.22.jar with ClasspathEntrySnapshotTransform
13:30:13.888 [INFO]  [Validating] > Transforming kotlin-stdlib-common-1.8.22.jar with ClasspathEntrySnapshotTransform
13:30:13.888 [INFO]  [Validating] > Transforming annotations-13.0.jar with ClasspathEntrySnapshotTransform
13:30:13.888 [INFO]  [Validating] > Transforming kotlin-compiler-embeddable-1.8.22.jar with ClasspathEntrySnapshotTransform
13:30:13.888 [INFO]  [Validating] > Transforming byte-buddy-1.12.21.jar with ClasspathEntrySnapshotTransform
13:30:13.888 [INFO]  [Validating] > Transforming opentest4j-1.2.0.jar with ClasspathEntrySnapshotTransform
13:30:13.888 [INFO]  [Validating] > Transforming apiguardian-api-1.1.2.jar with ClasspathEntrySnapshotTransform
13:30:13.888 [INFO]  [Validating] > Build cache key for task ':detekt-sample-extensions:compileTestKotlin' is f22783ded99b9f3c803494b24967cb93
13:30:13.888 [INFO]  [Validating] > Task ':detekt-sample-extensions:compileTestKotlin' is not up-to-date because:
13:30:13.888 [INFO]  [Validating] >   Input property 'javaSources' file /Users/mnedzelskii/gits/detekt/detekt-sample-extensions/src/test/java/DummyJUnitJupiterLauncherDiffblueTest.java has been removed.
13:30:13.888 [INFO]  [Validating] >   Input property 'javaSources' file /Users/mnedzelskii/gits/detekt/detekt-sample-extensions/src/test/java/io/gitlab/arturbosch/detekt/sample/extensions/processors/NumberOfLoopsProcessorDiffblueTest.java has been added.
13:30:13.888 [INFO]  [Validating] >   Input property 'javaSources' file /Users/mnedzelskii/gits/detekt/detekt-sample-extensions/src/test/java/io/gitlab/arturbosch/detekt/sample/extensions/processors/QualifiedNameProcessorDiffblueTest.java has been added.
13:30:13.888 [INFO]  [Validating] > Loaded cache entry for task ':detekt-sample-extensions:compileTestKotlin' with cache key f22783ded99b9f3c803494b24967cb93
13:30:13.888 [INFO]  [Validating] > Resolve mutations for :detekt-sample-extensions:compileTestJava (Thread[Execution worker Thread 3,5,main]) started.
13:30:13.888 [INFO]  [Validating] > :detekt-sample-extensions:compileTestJava (Thread[Execution worker Thread 3,5,main]) started.
13:30:13.888 [INFO]  [Validating] > 
13:30:13.888 [INFO]  [Validating] > > Task :detekt-sample-extensions:compileTestJava FAILED
13:30:13.888 [INFO]  [Validating] > Build cache key for task ':detekt-sample-extensions:compileTestJava' is 33d23be6c13d43b6ef6593bf41b0cf96
13:30:13.888 [INFO]  [Validating] > Task ':detekt-sample-extensions:compileTestJava' is not up-to-date because:
13:30:13.888 [INFO]  [Validating] >   Input property 'stableSources' file /Users/mnedzelskii/gits/detekt/detekt-sample-extensions/src/test/java/DummyJUnitJupiterLauncherDiffblueTest.java has been removed.
13:30:13.888 [INFO]  [Validating] >   Input property 'stableSources' file /Users/mnedzelskii/gits/detekt/detekt-sample-extensions/src/test/java/io/gitlab/arturbosch/detekt/sample/extensions/processors/NumberOfLoopsProcessorDiffblueTest.java has been added.
13:30:13.888 [INFO]  [Validating] >   Input property 'stableSources' file /Users/mnedzelskii/gits/detekt/detekt-sample-extensions/src/test/java/io/gitlab/arturbosch/detekt/sample/extensions/processors/QualifiedNameProcessorDiffblueTest.java has been added.
13:30:13.888 [INFO]  [Validating] > Created classpath snapshot for incremental compilation in 0.035 secs.
13:30:13.888 [INFO]  [Validating] > Compiling with toolchain '/Users/mnedzelskii/.sdkman/candidates/java/11.0.18-amzn'.
13:30:13.888 [INFO]  [Validating] > Compiling with JDK Java compiler API.
13:30:13.888 [INFO]  [Validating] > Incremental compilation of 9 classes completed in 0.19 secs.
13:30:13.888 [INFO]  [Validating] > 38 actionable tasks: 1 executed, 1 from cache, 36 up-to-date
13:30:13.888 [INFO]  [Validating] > Watched directory hierarchies: [/Users/mnedzelskii/gits/detekt]
13:30:13.888 [INFO]  [Validating] > Configuration cache entry reused.
13:30:13.888 [INFO]  [Validating] Standard error of build tool (Gradle)
13:30:13.889 [INFO]  [Validating] > /Users/mnedzelskii/gits/detekt/detekt-sample-extensions/src/test/java/io/gitlab/arturbosch/detekt/sample/extensions/SampleConfigValidatorDiffblueTest.java:6: error: package io.gitlab.arturbosch.detekt.core.config does not exist
13:30:13.889 [INFO]  [Validating] > import io.gitlab.arturbosch.detekt.core.config.YamlConfig;
13:30:13.889 [INFO]  [Validating] >                                               ^
13:30:13.889 [INFO]  [Validating] > /Users/mnedzelskii/gits/detekt/detekt-sample-extensions/src/test/java/io/gitlab/arturbosch/detekt/sample/extensions/SampleConfigValidatorDiffblueTest.java:52: error: cannot find symbol
13:30:13.889 [INFO]  [Validating] >     assertTrue(sampleConfigValidator.validate(new YamlConfig(new HashMap<>(), "config")).isEmpty());
13:30:13.889 [INFO]  [Validating] >                                                   ^
13:30:13.889 [INFO]  [Validating] >   symbol:   class YamlConfig
13:30:13.889 [INFO]  [Validating] >   location: class SampleConfigValidatorDiffblueTest
13:30:13.889 [INFO]  [Validating] > 2 errors
13:30:13.889 [INFO]  [Validating] > 
13:30:13.889 [INFO]  [Validating] > FAILURE: Build failed with an exception.
13:30:13.889 [INFO]  [Validating] > 
13:30:13.889 [INFO]  [Validating] > * What went wrong:
13:30:13.889 [INFO]  [Validating] > Execution failed for task ':detekt-sample-extensions:compileTestJava'.
13:30:13.889 [INFO]  [Validating] > > Compilation failed; see the compiler error output for details.
13:30:13.889 [INFO]  [Validating] > 
13:30:13.889 [INFO]  [Validating] > BUILD FAILED in 901ms
13:30:13.895 [INFO]  [Validating] The following files were modified during generation of tests and have been detected to cause problems.
13:30:13.895 [INFO]  [Validating] These files have been restored to the state before we added tests to them.
13:30:13.895 [INFO]  [Validating] /Users/mnedzelskii/gits/detekt/detekt-sample-extensions/src/test/java/io/gitlab/arturbosch/detekt/sample/extensions/SampleConfigValidatorDiffblueTest.java
13:30:13.896 [INFO]  [Validating] Running: Using JAVA_HOME: /Users/mnedzelskii/.sdkman/candidates/java/current : in /Users/mnedzelskii/gits/detekt/detekt-sample-extensions : gradle test -i  
13:30:14.300 [INFO]  [Validating] Standard output of build tool (Gradle)
13:30:14.300 [INFO]  [Validating] > The client will now receive all logging from the daemon (pid: 15147). The daemon log file: /Users/mnedzelskii/.gradle/daemon/8.2/daemon-15147.out.log
13:30:14.300 [INFO]  [Validating] > Starting 149th build in daemon [uptime: 3 hrs 25 mins 38.284 secs, performance: 100%, GC rate: 0.00/s, heap usage: 0% of 8 GiB]
13:30:14.300 [INFO]  [Validating] > Closing daemon's stdin at end of input.
13:30:14.300 [INFO]  [Validating] > The daemon will no longer process any standard input.
13:30:14.300 [INFO]  [Validating] > Using 10 worker leases.
13:30:14.300 [INFO]  [Validating] > Now considering [/Users/mnedzelskii/gits/detekt, /Users/mnedzelskii/gits/detekt/detekt-gradle-plugin, /Users/mnedzelskii/gits/detekt/build-logic] as hierarchies to watch
13:30:14.300 [INFO]  [Validating] > Now considering [/Users/mnedzelskii/gits/detekt/build-logic, /Users/mnedzelskii/gits/detekt, /Users/mnedzelskii/gits/detekt/detekt-gradle-plugin] as hierarchies to watch
13:30:14.300 [INFO]  [Validating] > Now considering [/Users/mnedzelskii/gits/detekt/detekt-gradle-plugin, /Users/mnedzelskii/gits/detekt/build-logic, /Users/mnedzelskii/gits/detekt] as hierarchies to watch
13:30:14.300 [INFO]  [Validating] > Reusing configuration cache.
13:30:14.300 [INFO]  [Validating] > Now considering [/Users/mnedzelskii/gits/detekt, /Users/mnedzelskii/gits/detekt/detekt-gradle-plugin, /Users/mnedzelskii/gits/detekt/build-logic] as hierarchies to watch
13:30:14.300 [INFO]  [Validating] > Watching the file system is configured to be enabled if available
13:30:14.300 [INFO]  [Validating] > File system watching is active
13:30:14.300 [INFO]  [Validating] > Using local directory build cache for the root build (location = /Users/mnedzelskii/.gradle/caches/build-cache-1, removeUnusedEntriesAfter = 7 days).
13:30:14.300 [INFO]  [Validating] > Using remote HTTP build cache for the root build (pull-only, allowInsecureProtocol = false, allowUntrustedServer = false, authenticated = false, url = https://ge.detekt.dev/cache/, useExpectContinue = false).
13:30:14.300 [INFO]  [Validating] > Tasks to be executed: [task ':detekt-psi-utils:compileKotlin', task ':detekt-psi-utils:compileJava', task ':detekt-utils:compileKotlin', task ':detekt-utils:compileJava', task ':detekt-api:compileKotlin', task ':detekt-api:compileJava', task ':detekt-api:processResources', task ':detekt-api:classes', task ':detekt-api:jar', task ':detekt-metrics:compileKotlin', task ':detekt-metrics:compileJava', task ':detekt-parser:compileKotlin', task ':detekt-parser:compileJava', task ':detekt-report-html:compileKotlin', task ':detekt-report-html:compileJava', task ':detekt-report-md:compileKotlin', task ':detekt-report-md:compileJava', task ':detekt-tooling:compileKotlin', task ':detekt-tooling:compileJava', task ':detekt-report-sarif:compileKotlin', task ':detekt-report-sarif:compileJava', task ':detekt-report-txt:compileKotlin', task ':detekt-report-txt:compileJava', task ':detekt-report-xml:compileKotlin', task ':detekt-report-xml:compileJava', task ':detekt-core:compileKotlin', task ':detekt-core:compileJava', task ':detekt-core:processResources', task ':detekt-core:classes', task ':detekt-core:jar', task ':detekt-metrics:processResources', task ':detekt-metrics:classes', task ':detekt-metrics:jar', task ':detekt-parser:processResources', task ':detekt-parser:classes', task ':detekt-parser:jar', task ':detekt-psi-utils:processResources', task ':detekt-psi-utils:classes', task ':detekt-psi-utils:jar', task ':detekt-report-html:processResources', task ':detekt-report-html:classes', task ':detekt-report-html:jar', task ':detekt-report-md:processResources', task ':detekt-report-md:classes', task ':detekt-report-md:jar', task ':detekt-report-sarif:processResources', task ':detekt-report-sarif:classes', task ':detekt-report-sarif:jar', task ':detekt-report-txt:processResources', task ':detekt-report-txt:classes', task ':detekt-report-txt:jar', task ':detekt-report-xml:processResources', task ':detekt-report-xml:classes', task ':detekt-report-xml:jar', task ':detekt-sample-extensions:compileKotlin', task ':detekt-sample-extensions:compileJava', task ':detekt-sample-extensions:processResources', task ':detekt-sample-extensions:classes', task ':detekt-test-utils:compileKotlin', task ':detekt-test-utils:compileJava', task ':detekt-test:compileKotlin', task ':detekt-test:compileJava', task ':detekt-sample-extensions:compileTestKotlin', task ':detekt-sample-extensions:compileTestJava', task ':detekt-sample-extensions:processTestResources', task ':detekt-sample-extensions:testClasses', task ':detekt-test:processResources', task ':detekt-test:classes', task ':detekt-test:jar', task ':detekt-test-utils:processResources', task ':detekt-test-utils:classes', task ':detekt-test-utils:jar', task ':detekt-tooling:processResources', task ':detekt-tooling:classes', task ':detekt-tooling:jar', task ':detekt-utils:processResources', task ':detekt-utils:classes', task ':detekt-utils:jar', task ':detekt-sample-extensions:test']
13:30:14.300 [INFO]  [Validating] > Tasks that were excluded: []
13:30:14.301 [INFO]  [Validating] > Resolve mutations for :detekt-psi-utils:compileKotlin (Thread[Execution worker,5,main]) started.
13:30:14.301 [INFO]  [Validating] > Resolve mutations for :detekt-utils:compileKotlin (Thread[Execution worker Thread 2,5,main]) started.
13:30:14.301 [INFO]  [Validating] > Resolve mutations for :detekt-api:processResources (Thread[Execution worker Thread 3,5,main]) started.
13:30:14.301 [INFO]  [Validating] > Resolve mutations for :detekt-core:processResources (Thread[Execution worker Thread 4,5,main]) started.
13:30:14.301 [INFO]  [Validating] > :detekt-api:processResources (Thread[Execution worker Thread 3,5,main]) started.
13:30:14.301 [INFO]  [Validating] > :detekt-psi-utils:compileKotlin (Thread[Execution worker,5,main]) started.
13:30:14.301 [INFO]  [Validating] > :detekt-core:processResources (Thread[Execution worker Thread 4,5,main]) started.
13:30:14.301 [INFO]  [Validating] > :detekt-utils:compileKotlin (Thread[Execution worker Thread 2,5,main]) started.
13:30:14.301 [INFO]  [Validating] > Resolve mutations for :detekt-metrics:processResources (Thread[Execution worker Thread 5,5,main]) started.
13:30:14.301 [INFO]  [Validating] > Resolve mutations for :detekt-parser:processResources (Thread[Execution worker Thread 6,5,main]) started.
13:30:14.301 [INFO]  [Validating] > :detekt-metrics:processResources (Thread[Execution worker Thread 5,5,main]) started.
13:30:14.301 [INFO]  [Validating] > :detekt-parser:processResources (Thread[Execution worker Thread 6,5,main]) started.
13:30:14.301 [INFO]  [Validating] > Resolve mutations for :detekt-psi-utils:processResources (Thread[Execution worker Thread 7,5,main]) started.
13:30:14.301 [INFO]  [Validating] > :detekt-psi-utils:processResources (Thread[Execution worker Thread 7,5,main]) started.
13:30:14.301 [INFO]  [Validating] > Resolve mutations for :detekt-report-html:processResources (Thread[Execution worker Thread 8,5,main]) started.
13:30:14.301 [INFO]  [Validating] > Resolve mutations for :detekt-report-md:processResources (Thread[included builds,5,main]) started.
13:30:14.301 [INFO]  [Validating] > :detekt-report-md:processResources (Thread[included builds,5,main]) started.
13:30:14.301 [INFO]  [Validating] > :detekt-report-html:processResources (Thread[Execution worker Thread 8,5,main]) started.
13:30:14.301 [INFO]  [Validating] > Resolve mutations for :detekt-report-sarif:processResources (Thread[Execution worker Thread 9,5,main]) started.
13:30:14.301 [INFO]  [Validating] > :detekt-report-sarif:processResources (Thread[Execution worker Thread 9,5,main]) started.
13:30:14.301 [INFO]  [Validating] > 
13:30:14.301 [INFO]  [Validating] > > Task :detekt-metrics:processResources NO-SOURCE
13:30:14.301 [INFO]  [Validating] > Skipping task ':detekt-metrics:processResources' as it has no source files and no previous output files.
13:30:14.301 [INFO]  [Validating] > Resolve mutations for :detekt-report-txt:processResources (Thread[Execution worker Thread 5,5,main]) started.
13:30:14.301 [INFO]  [Validating] > 
13:30:14.301 [INFO]  [Validating] > > Task :detekt-report-md:processResources UP-TO-DATE
13:30:14.301 [INFO]  [Validating] > Caching disabled for task ':detekt-report-md:processResources' because:
13:30:14.301 [INFO]  [Validating] >   Not worth caching
13:30:14.301 [INFO]  [Validating] > Skipping task ':detekt-report-md:processResources' as it is up-to-date.
13:30:14.301 [INFO]  [Validating] > 
13:30:14.301 [INFO]  [Validating] > > Task :detekt-psi-utils:processResources NO-SOURCE
13:30:14.301 [INFO]  [Validating] > Skipping task ':detekt-psi-utils:processResources' as it has no source files and no previous output files.
13:30:14.301 [INFO]  [Validating] > Resolve mutations for :detekt-sample-extensions:processResources (Thread[Execution worker Thread 7,5,main]) started.
13:30:14.301 [INFO]  [Validating] > 
13:30:14.301 [INFO]  [Validating] > > Task :detekt-api:processResources NO-SOURCE
13:30:14.301 [INFO]  [Validating] > Skipping task ':detekt-api:processResources' as it has no source files and no previous output files.
13:30:14.301 [INFO]  [Validating] > 
13:30:14.301 [INFO]  [Validating] > > Task :detekt-parser:processResources NO-SOURCE
13:30:14.301 [INFO]  [Validating] > Skipping task ':detekt-parser:processResources' as it has no source files and no previous output files.
13:30:14.301 [INFO]  [Validating] > Resolve mutations for :detekt-test:processResources (Thread[Execution worker Thread 6,5,main]) started.
13:30:14.301 [INFO]  [Validating] > :detekt-test:processResources (Thread[Execution worker Thread 6,5,main]) started.
13:30:14.301 [INFO]  [Validating] > Resolve mutations for :detekt-report-xml:processResources (Thread[included builds,5,main]) started.
13:30:14.301 [INFO]  [Validating] > :detekt-report-txt:processResources (Thread[Execution worker Thread 5,5,main]) started.
13:30:14.301 [INFO]  [Validating] > :detekt-report-xml:processResources (Thread[included builds,5,main]) started.
13:30:14.301 [INFO]  [Validating] > 
13:30:14.301 [INFO]  [Validating] > > Task :detekt-core:processResources UP-TO-DATE
13:30:14.301 [INFO]  [Validating] > Caching disabled for task ':detekt-core:processResources' because:
13:30:14.301 [INFO]  [Validating] >   Not worth caching
13:30:14.301 [INFO]  [Validating] > Skipping task ':detekt-core:processResources' as it is up-to-date.
13:30:14.301 [INFO]  [Validating] > Resolve mutations for :detekt-test-utils:processResources (Thread[Execution worker Thread 4,5,main]) started.
13:30:14.301 [INFO]  [Validating] > :detekt-test-utils:processResources (Thread[Execution worker Thread 4,5,main]) started.
13:30:14.301 [INFO]  [Validating] > 
13:30:14.301 [INFO]  [Validating] > > Task :detekt-report-sarif:processResources UP-TO-DATE
13:30:14.301 [INFO]  [Validating] > Caching disabled for task ':detekt-report-sarif:processResources' because:
13:30:14.301 [INFO]  [Validating] >   Not worth caching
13:30:14.301 [INFO]  [Validating] > Skipping task ':detekt-report-sarif:processResources' as it is up-to-date.
13:30:14.301 [INFO]  [Validating] > Resolve mutations for :detekt-sample-extensions:processTestResources (Thread[Execution worker Thread 3,5,main]) started.
13:30:14.301 [INFO]  [Validating] > :detekt-sample-extensions:processResources (Thread[Execution worker Thread 7,5,main]) started.
13:30:14.301 [INFO]  [Validating] > :detekt-sample-extensions:processTestResources (Thread[Execution worker Thread 3,5,main]) started.
13:30:14.301 [INFO]  [Validating] > Resolve mutations for :detekt-tooling:processResources (Thread[Execution worker Thread 9,5,main]) started.
13:30:14.301 [INFO]  [Validating] > :detekt-tooling:processResources (Thread[Execution worker Thread 9,5,main]) started.
13:30:14.301 [INFO]  [Validating] > 
13:30:14.301 [INFO]  [Validating] > > Task :detekt-test:processResources NO-SOURCE
13:30:14.301 [INFO]  [Validating] > Skipping task ':detekt-test:processResources' as it has no source files and no previous output files.
13:30:14.301 [INFO]  [Validating] > Resolve mutations for :detekt-utils:processResources (Thread[Execution worker Thread 6,5,main]) started.
13:30:14.301 [INFO]  [Validating] > 
13:30:14.301 [INFO]  [Validating] > > Task :detekt-report-txt:processResources UP-TO-DATE
13:30:14.301 [INFO]  [Validating] > Caching disabled for task ':detekt-report-txt:processResources' because:
13:30:14.301 [INFO]  [Validating] >   Not worth caching
13:30:14.301 [INFO]  [Validating] > Skipping task ':detekt-report-txt:processResources' as it is up-to-date.
13:30:14.301 [INFO]  [Validating] > 
13:30:14.301 [INFO]  [Validating] > > Task :detekt-tooling:processResources NO-SOURCE
13:30:14.301 [INFO]  [Validating] > Skipping task ':detekt-tooling:processResources' as it has no source files and no previous output files.
13:30:14.301 [INFO]  [Validating] > 
13:30:14.301 [INFO]  [Validating] > > Task :detekt-report-html:processResources UP-TO-DATE
13:30:14.301 [INFO]  [Validating] > Caching disabled for task ':detekt-report-html:processResources' because:
13:30:14.301 [INFO]  [Validating] >   Not worth caching
13:30:14.301 [INFO]  [Validating] > Skipping task ':detekt-report-html:processResources' as it is up-to-date.
13:30:14.301 [INFO]  [Validating] > 
13:30:14.301 [INFO]  [Validating] > > Task :detekt-utils:compileKotlin UP-TO-DATE
13:30:14.301 [INFO]  [Validating] > Transforming kotlin-stdlib-jdk8-1.8.22.jar with ClasspathEntrySnapshotTransform
13:30:14.301 [INFO]  [Validating] > Transforming kotlin-stdlib-jdk7-1.8.22.jar with ClasspathEntrySnapshotTransform
13:30:14.301 [INFO]  [Validating] > Transforming kotlin-stdlib-1.8.22.jar with ClasspathEntrySnapshotTransform
13:30:14.301 [INFO]  [Validating] > Transforming kotlin-stdlib-common-1.8.22.jar with ClasspathEntrySnapshotTransform
13:30:14.301 [INFO]  [Validating] > Transforming annotations-13.0.jar with ClasspathEntrySnapshotTransform
13:30:14.301 [INFO]  [Validating] > Build cache key for task ':detekt-utils:compileKotlin' is 4bc3c8215f701e9ef21d31281b92246d
13:30:14.301 [INFO]  [Validating] > Skipping task ':detekt-utils:compileKotlin' as it is up-to-date.
13:30:14.301 [INFO]  [Validating] > :detekt-utils:processResources (Thread[Execution worker Thread 6,5,main]) started.
13:30:14.301 [INFO]  [Validating] > 
13:30:14.301 [INFO]  [Validating] > > Task :detekt-sample-extensions:processResources UP-TO-DATE
13:30:14.301 [INFO]  [Validating] > Caching disabled for task ':detekt-sample-extensions:processResources' because:
13:30:14.301 [INFO]  [Validating] >   Not worth caching
13:30:14.301 [INFO]  [Validating] > Skipping task ':detekt-sample-extensions:processResources' as it is up-to-date.
13:30:14.301 [INFO]  [Validating] > 
13:30:14.301 [INFO]  [Validating] > > Task :detekt-test-utils:processResources NO-SOURCE
13:30:14.301 [INFO]  [Validating] > Skipping task ':detekt-test-utils:processResources' as it has no source files and no previous output files.
13:30:14.301 [INFO]  [Validating] > 
13:30:14.301 [INFO]  [Validating] > > Task :detekt-sample-extensions:processTestResources NO-SOURCE
13:30:14.301 [INFO]  [Validating] > Skipping task ':detekt-sample-extensions:processTestResources' as it has no source files and no previous output files.
13:30:14.301 [INFO]  [Validating] > work action resolve main (project :detekt-utils) (Thread[Execution worker Thread 9,5,main]) started.
13:30:14.301 [INFO]  [Validating] > Resolve mutations for :detekt-utils:compileJava (Thread[Execution worker Thread 2,5,main]) started.
13:30:14.301 [INFO]  [Validating] > 
13:30:14.301 [INFO]  [Validating] > > Task :detekt-report-xml:processResources UP-TO-DATE
13:30:14.301 [INFO]  [Validating] > Caching disabled for task ':detekt-report-xml:processResources' because:
13:30:14.301 [INFO]  [Validating] >   Not worth caching
13:30:14.301 [INFO]  [Validating] > Skipping task ':detekt-report-xml:processResources' as it is up-to-date.
13:30:14.301 [INFO]  [Validating] > 
13:30:14.301 [INFO]  [Validating] > > Task :detekt-utils:processResources NO-SOURCE
13:30:14.301 [INFO]  [Validating] > Skipping task ':detekt-utils:processResources' as it has no source files and no previous output files.
13:30:14.301 [INFO]  [Validating] > :detekt-utils:compileJava (Thread[Execution worker Thread 2,5,main]) started.
13:30:14.301 [INFO]  [Validating] > 
13:30:14.301 [INFO]  [Validating] > > Task :detekt-psi-utils:compileKotlin UP-TO-DATE
13:30:14.301 [INFO]  [Validating] > Transforming kotlin-compiler-embeddable-1.8.22.jar with ClasspathEntrySnapshotTransform
13:30:14.301 [INFO]  [Validating] > Transforming kotlin-stdlib-jdk8-1.8.22.jar with ClasspathEntrySnapshotTransform
13:30:14.301 [INFO]  [Validating] > Transforming kotlin-stdlib-jdk7-1.8.22.jar with ClasspathEntrySnapshotTransform
13:30:14.301 [INFO]  [Validating] > Transforming kotlin-stdlib-1.8.22.jar with ClasspathEntrySnapshotTransform
13:30:14.301 [INFO]  [Validating] > Transforming kotlin-stdlib-common-1.8.22.jar with ClasspathEntrySnapshotTransform
13:30:14.301 [INFO]  [Validating] > Transforming annotations-13.0.jar with ClasspathEntrySnapshotTransform
13:30:14.301 [INFO]  [Validating] > Build cache key for task ':detekt-psi-utils:compileKotlin' is c72e17ff81c85e7351df478815002d0c
13:30:14.301 [INFO]  [Validating] > Skipping task ':detekt-psi-utils:compileKotlin' as it is up-to-date.
13:30:14.301 [INFO]  [Validating] > Resolve mutations for :detekt-psi-utils:compileJava (Thread[Execution worker,5,main]) started.
13:30:14.301 [INFO]  [Validating] > work action resolve main (project :detekt-psi-utils) (Thread[Execution worker Thread 6,5,main]) started.
13:30:14.301 [INFO]  [Validating] > 
13:30:14.301 [INFO]  [Validating] > > Task :detekt-utils:compileJava NO-SOURCE
13:30:14.301 [INFO]  [Validating] > Skipping task ':detekt-utils:compileJava' as it has no source files and no previous output files.
13:30:14.301 [INFO]  [Validating] > work action resolve main (project :detekt-utils) (Thread[Execution worker Thread 6,5,main]) started.
13:30:14.301 [INFO]  [Validating] > :detekt-psi-utils:compileJava (Thread[Execution worker,5,main]) started.
13:30:14.301 [INFO]  [Validating] > Resolve mutations for :detekt-utils:classes (Thread[Execution worker Thread 6,5,main]) started.
13:30:14.301 [INFO]  [Validating] > work action resolve main (project :detekt-utils) (Thread[Execution worker Thread 2,5,main]) started.
13:30:14.301 [INFO]  [Validating] > :detekt-utils:classes (Thread[Execution worker Thread 6,5,main]) started.
13:30:14.301 [INFO]  [Validating] > 
13:30:14.301 [INFO]  [Validating] > > Task :detekt-utils:classes UP-TO-DATE
13:30:14.301 [INFO]  [Validating] > Skipping task ':detekt-utils:classes' as it has no actions.
13:30:14.301 [INFO]  [Validating] > Resolve mutations for :detekt-utils:jar (Thread[Execution worker Thread 6,5,main]) started.
13:30:14.301 [INFO]  [Validating] > :detekt-utils:jar (Thread[Execution worker Thread 6,5,main]) started.
13:30:14.301 [INFO]  [Validating] > 
13:30:14.301 [INFO]  [Validating] > > Task :detekt-psi-utils:compileJava NO-SOURCE
13:30:14.301 [INFO]  [Validating] > Skipping task ':detekt-psi-utils:compileJava' as it has no source files and no previous output files.
13:30:14.301 [INFO]  [Validating] > work action resolve main (project :detekt-psi-utils) (Thread[Execution worker,5,main]) started.
13:30:14.301 [INFO]  [Validating] > work action resolve main (project :detekt-psi-utils) (Thread[Execution worker Thread 5,5,main]) started.
13:30:14.301 [INFO]  [Validating] > Resolve mutations for :detekt-psi-utils:classes (Thread[Execution worker,5,main]) started.
13:30:14.301 [INFO]  [Validating] > Resolve mutations for :detekt-parser:compileKotlin (Thread[Execution worker Thread 3,5,main]) started.
13:30:14.301 [INFO]  [Validating] > Resolve mutations for :detekt-api:compileKotlin (Thread[Execution worker Thread 5,5,main]) started.
13:30:14.301 [INFO]  [Validating] > :detekt-psi-utils:classes (Thread[Execution worker,5,main]) started.
13:30:14.301 [INFO]  [Validating] > 
13:30:14.301 [INFO]  [Validating] > > Task :detekt-psi-utils:classes UP-TO-DATE
13:30:14.301 [INFO]  [Validating] > Skipping task ':detekt-psi-utils:classes' as it has no actions.
13:30:14.301 [INFO]  [Validating] > Resolve mutations for :detekt-psi-utils:jar (Thread[Execution worker,5,main]) started.
13:30:14.301 [INFO]  [Validating] > :detekt-parser:compileKotlin (Thread[Execution worker Thread 9,5,main]) started.
13:30:14.301 [INFO]  [Validating] > :detekt-api:compileKotlin (Thread[Execution worker Thread 5,5,main]) started.
13:30:14.301 [INFO]  [Validating] > :detekt-psi-utils:jar (Thread[Execution worker,5,main]) started.
13:30:14.301 [INFO]  [Validating] > 
13:30:14.301 [INFO]  [Validating] > > Task :detekt-utils:jar UP-TO-DATE
13:30:14.301 [INFO]  [Validating] > Caching disabled for task ':detekt-utils:jar' because:
13:30:14.301 [INFO]  [Validating] >   Not worth caching
13:30:14.301 [INFO]  [Validating] > Skipping task ':detekt-utils:jar' as it is up-to-date.
13:30:14.301 [INFO]  [Validating] > work action resolve detekt-utils-1.23.0.jar (project :detekt-utils) (Thread[Execution worker Thread 6,5,main]) started.
13:30:14.301 [INFO]  [Validating] > 
13:30:14.301 [INFO]  [Validating] > > Task :detekt-api:compileKotlin UP-TO-DATE
13:30:14.301 [INFO]  [Validating] > Transforming main with ClasspathEntrySnapshotTransform
13:30:14.301 [INFO]  [Validating] > Transforming kotlin-compiler-embeddable-1.8.22.jar with ClasspathEntrySnapshotTransform
13:30:14.301 [INFO]  [Validating] > Transforming main with ClasspathEntrySnapshotTransform
13:30:14.301 [INFO]  [Validating] > Transforming kotlin-stdlib-jdk8-1.8.22.jar with ClasspathEntrySnapshotTransform
13:30:14.301 [INFO]  [Validating] > Transforming kotlin-stdlib-jdk7-1.8.22.jar with ClasspathEntrySnapshotTransform
13:30:14.301 [INFO]  [Validating] > Transforming kotlin-stdlib-1.8.22.jar with ClasspathEntrySnapshotTransform
13:30:14.301 [INFO]  [Validating] > Transforming kotlin-stdlib-common-1.8.22.jar with ClasspathEntrySnapshotTransform
13:30:14.301 [INFO]  [Validating] > Transforming annotations-13.0.jar with ClasspathEntrySnapshotTransform
13:30:14.301 [INFO]  [Validating] > Build cache key for task ':detekt-api:compileKotlin' is bc24205c2f4f61f8518d6a26cd3c1b64
13:30:14.301 [INFO]  [Validating] > Skipping task ':detekt-api:compileKotlin' as it is up-to-date.
13:30:14.301 [INFO]  [Validating] > Resolve mutations for :detekt-api:compileJava (Thread[Execution worker Thread 5,5,main]) started.
13:30:14.301 [INFO]  [Validating] > work action resolve main (project :detekt-api) (Thread[Execution worker Thread 6,5,main]) started.
13:30:14.301 [INFO]  [Validating] > :detekt-api:compileJava (Thread[Execution worker Thread 5,5,main]) started.
13:30:14.301 [INFO]  [Validating] > 
13:30:14.301 [INFO]  [Validating] > > Task :detekt-parser:compileKotlin UP-TO-DATE
13:30:14.301 [INFO]  [Validating] > Transforming main with ClasspathEntrySnapshotTransform
13:30:14.301 [INFO]  [Validating] > Transforming kotlin-compiler-embeddable-1.8.22.jar with ClasspathEntrySnapshotTransform
13:30:14.301 [INFO]  [Validating] > Transforming kotlin-stdlib-jdk8-1.8.22.jar with ClasspathEntrySnapshotTransform
13:30:14.302 [INFO]  [Validating] > Transforming contester-breakpoint-0.2.0.jar with ClasspathEntrySnapshotTransform
13:30:14.302 [INFO]  [Validating] > Transforming kotlin-stdlib-jdk7-1.8.22.jar with ClasspathEntrySnapshotTransform
13:30:14.302 [INFO]  [Validating] > Transforming kotlin-stdlib-1.8.22.jar with ClasspathEntrySnapshotTransform
13:30:14.302 [INFO]  [Validating] > Transforming kotlin-stdlib-common-1.8.22.jar with ClasspathEntrySnapshotTransform
13:30:14.302 [INFO]  [Validating] > Transforming annotations-13.0.jar with ClasspathEntrySnapshotTransform
13:30:14.302 [INFO]  [Validating] > Build cache key for task ':detekt-parser:compileKotlin' is 9ce217c383476588a3779d923d7b0bdd
13:30:14.302 [INFO]  [Validating] > Skipping task ':detekt-parser:compileKotlin' as it is up-to-date.
13:30:14.302 [INFO]  [Validating] > work action resolve main (project :detekt-parser) (Thread[Execution worker Thread 7,5,main]) started.
13:30:14.302 [INFO]  [Validating] > Resolve mutations for :detekt-parser:compileJava (Thread[Execution worker Thread 9,5,main]) started.
13:30:14.302 [INFO]  [Validating] > 
13:30:14.302 [INFO]  [Validating] > > Task :detekt-api:compileJava NO-SOURCE
13:30:14.302 [INFO]  [Validating] > Skipping task ':detekt-api:compileJava' as it has no source files and no previous output files.
13:30:14.302 [INFO]  [Validating] > 
13:30:14.302 [INFO]  [Validating] > > Task :detekt-psi-utils:jar UP-TO-DATE
13:30:14.302 [INFO]  [Validating] > Caching disabled for task ':detekt-psi-utils:jar' because:
13:30:14.302 [INFO]  [Validating] >   Not worth caching
13:30:14.302 [INFO]  [Validating] > Skipping task ':detekt-psi-utils:jar' as it is up-to-date.
13:30:14.302 [INFO]  [Validating] > Resolve mutations for :detekt-api:classes (Thread[Execution worker Thread 2,5,main]) started.
13:30:14.302 [INFO]  [Validating] > work action resolve main (project :detekt-api) (Thread[Execution worker Thread 3,5,main]) started.
13:30:14.302 [INFO]  [Validating] > work action resolve main (project :detekt-api) (Thread[Execution worker Thread 5,5,main]) started.
13:30:14.302 [INFO]  [Validating] > work action resolve detekt-psi-utils-1.23.0.jar (project :detekt-psi-utils) (Thread[Execution worker,5,main]) started.
13:30:14.302 [INFO]  [Validating] > Resolve mutations for :detekt-tooling:compileKotlin (Thread[Execution worker Thread 4,5,main]) started.
13:30:14.302 [INFO]  [Validating] > Resolve mutations for :detekt-report-xml:compileKotlin (Thread[included builds,5,main]) started.
13:30:14.302 [INFO]  [Validating] > :detekt-api:classes (Thread[Execution worker Thread 2,5,main]) started.
13:30:14.302 [INFO]  [Validating] > :detekt-parser:compileJava (Thread[Execution worker Thread 9,5,main]) started.
13:30:14.302 [INFO]  [Validating] > :detekt-tooling:compileKotlin (Thread[Execution worker Thread 4,5,main]) started.
13:30:14.302 [INFO]  [Validating] > Resolve mutations for :detekt-sample-extensions:compileKotlin (Thread[Execution worker Thread 6,5,main]) started.
13:30:14.302 [INFO]  [Validating] > 
13:30:14.302 [INFO]  [Validating] > > Task :detekt-api:classes UP-TO-DATE
13:30:14.302 [INFO]  [Validating] > Skipping task ':detekt-api:classes' as it has no actions.
13:30:14.302 [INFO]  [Validating] > Resolve mutations for :detekt-report-txt:compileKotlin (Thread[Execution worker,5,main]) started.
13:30:14.302 [INFO]  [Validating] > :detekt-sample-extensions:compileKotlin (Thread[Execution worker Thread 2,5,main]) started.
13:30:14.302 [INFO]  [Validating] > Resolve mutations for :detekt-metrics:compileKotlin (Thread[Execution worker Thread 5,5,main]) started.
13:30:14.302 [INFO]  [Validating] > Resolve mutations for :detekt-api:jar (Thread[Execution worker Thread 6,5,main]) started.
13:30:14.302 [INFO]  [Validating] > :detekt-report-xml:compileKotlin (Thread[included builds,5,main]) started.
13:30:14.302 [INFO]  [Validating] > :detekt-metrics:compileKotlin (Thread[Execution worker Thread 5,5,main]) started.
13:30:14.302 [INFO]  [Validating] > :detekt-api:jar (Thread[Execution worker Thread 6,5,main]) started.
13:30:14.302 [INFO]  [Validating] > :detekt-report-txt:compileKotlin (Thread[Execution worker,5,main]) started.
13:30:14.302 [INFO]  [Validating] > 
13:30:14.302 [INFO]  [Validating] > > Task :detekt-parser:compileJava NO-SOURCE
13:30:14.302 [INFO]  [Validating] > Skipping task ':detekt-parser:compileJava' as it has no source files and no previous output files.
13:30:14.302 [INFO]  [Validating] > work action resolve main (project :detekt-parser) (Thread[Execution worker Thread 3,5,main]) started.
13:30:14.302 [INFO]  [Validating] > Resolve mutations for :detekt-parser:classes (Thread[Execution worker Thread 8,5,main]) started.
13:30:14.302 [INFO]  [Validating] > :detekt-parser:classes (Thread[Execution worker Thread 8,5,main]) started.
13:30:14.302 [INFO]  [Validating] > work action resolve main (project :detekt-parser) (Thread[Execution worker Thread 9,5,main]) started.
13:30:14.302 [INFO]  [Validating] > Resolve mutations for :detekt-test-utils:compileKotlin (Thread[Execution worker Thread 9,5,main]) started.
13:30:14.302 [INFO]  [Validating] > :detekt-test-utils:compileKotlin (Thread[Execution worker Thread 9,5,main]) started.
13:30:14.302 [INFO]  [Validating] > 
13:30:14.302 [INFO]  [Validating] > > Task :detekt-parser:classes UP-TO-DATE
13:30:14.302 [INFO]  [Validating] > Skipping task ':detekt-parser:classes' as it has no actions.
13:30:14.302 [INFO]  [Validating] > Resolve mutations for :detekt-parser:jar (Thread[Execution worker Thread 8,5,main]) started.
13:30:14.302 [INFO]  [Validating] > :detekt-parser:jar (Thread[Execution worker Thread 8,5,main]) started.
13:30:14.302 [INFO]  [Validating] > 
13:30:14.302 [INFO]  [Validating] > > Task :detekt-tooling:compileKotlin UP-TO-DATE
13:30:14.302 [INFO]  [Validating] > Transforming main with ClasspathEntrySnapshotTransform
13:30:14.302 [INFO]  [Validating] > Transforming main with ClasspathEntrySnapshotTransform
13:30:14.302 [INFO]  [Validating] > Transforming kotlin-stdlib-jdk8-1.8.22.jar with ClasspathEntrySnapshotTransform
13:30:14.302 [INFO]  [Validating] > Transforming kotlin-compiler-embeddable-1.8.22.jar with ClasspathEntrySnapshotTransform
13:30:14.302 [INFO]  [Validating] > Transforming kotlin-stdlib-jdk7-1.8.22.jar with ClasspathEntrySnapshotTransform
13:30:14.302 [INFO]  [Validating] > Transforming kotlin-stdlib-1.8.22.jar with ClasspathEntrySnapshotTransform
13:30:14.302 [INFO]  [Validating] > Transforming kotlin-stdlib-common-1.8.22.jar with ClasspathEntrySnapshotTransform
13:30:14.302 [INFO]  [Validating] > Transforming annotations-13.0.jar with ClasspathEntrySnapshotTransform
13:30:14.302 [INFO]  [Validating] > Build cache key for task ':detekt-tooling:compileKotlin' is 9cd58a4ffb79657c01c8319bf5870a6f
13:30:14.302 [INFO]  [Validating] > Skipping task ':detekt-tooling:compileKotlin' as it is up-to-date.
13:30:14.302 [INFO]  [Validating] > Resolve mutations for :detekt-tooling:compileJava (Thread[Execution worker Thread 4,5,main]) started.
13:30:14.302 [INFO]  [Validating] > work action resolve main (project :detekt-tooling) (Thread[Execution worker Thread 3,5,main]) started.
13:30:14.302 [INFO]  [Validating] > :detekt-tooling:compileJava (Thread[Execution worker Thread 4,5,main]) started.
13:30:14.302 [INFO]  [Validating] > 
13:30:14.302 [INFO]  [Validating] > > Task :detekt-sample-extensions:compileKotlin UP-TO-DATE
13:30:14.302 [INFO]  [Validating] > Transforming main with ClasspathEntrySnapshotTransform
13:30:14.302 [INFO]  [Validating] > Transforming main with ClasspathEntrySnapshotTransform
13:30:14.302 [INFO]  [Validating] > Transforming kotlin-stdlib-jdk8-1.8.22.jar with ClasspathEntrySnapshotTransform
13:30:14.302 [INFO]  [Validating] > Transforming kotlin-stdlib-jdk7-1.8.22.jar with ClasspathEntrySnapshotTransform
13:30:14.302 [INFO]  [Validating] > Transforming kotlin-stdlib-1.8.22.jar with ClasspathEntrySnapshotTransform
13:30:14.302 [INFO]  [Validating] > Transforming kotlin-compiler-embeddable-1.8.22.jar with ClasspathEntrySnapshotTransform
13:30:14.302 [INFO]  [Validating] > Transforming kotlin-stdlib-common-1.8.22.jar with ClasspathEntrySnapshotTransform
13:30:14.302 [INFO]  [Validating] > Transforming annotations-13.0.jar with ClasspathEntrySnapshotTransform
13:30:14.302 [INFO]  [Validating] > Build cache key for task ':detekt-sample-extensions:compileKotlin' is 27c8de35080d778323ca1b3f8e9b7b60
13:30:14.302 [INFO]  [Validating] > Skipping task ':detekt-sample-extensions:compileKotlin' as it is up-to-date.
13:30:14.302 [INFO]  [Validating] > Resolve mutations for :detekt-sample-extensions:compileJava (Thread[Execution worker Thread 2,5,main]) started.
13:30:14.302 [INFO]  [Validating] > :detekt-sample-extensions:compileJava (Thread[Execution worker Thread 2,5,main]) started.
13:30:14.302 [INFO]  [Validating] > 
13:30:14.302 [INFO]  [Validating] > > Task :detekt-api:jar UP-TO-DATE
13:30:14.302 [INFO]  [Validating] > Caching disabled for task ':detekt-api:jar' because:
13:30:14.302 [INFO]  [Validating] >   Not worth caching
13:30:14.302 [INFO]  [Validating] > Skipping task ':detekt-api:jar' as it is up-to-date.
13:30:14.302 [INFO]  [Validating] > 
13:30:14.302 [INFO]  [Validating] > > Task :detekt-metrics:compileKotlin UP-TO-DATE
13:30:14.302 [INFO]  [Validating] > Transforming main with ClasspathEntrySnapshotTransform
13:30:14.302 [INFO]  [Validating] > Transforming main with ClasspathEntrySnapshotTransform
13:30:14.302 [INFO]  [Validating] > Transforming kotlin-stdlib-jdk8-1.8.22.jar with ClasspathEntrySnapshotTransform
13:30:14.302 [INFO]  [Validating] > Transforming kotlin-compiler-embeddable-1.8.22.jar with ClasspathEntrySnapshotTransform
13:30:14.302 [INFO]  [Validating] > Transforming kotlin-stdlib-jdk7-1.8.22.jar with ClasspathEntrySnapshotTransform
13:30:14.302 [INFO]  [Validating] > Transforming kotlin-stdlib-1.8.22.jar with ClasspathEntrySnapshotTransform
13:30:14.302 [INFO]  [Validating] > Transforming kotlin-stdlib-common-1.8.22.jar with ClasspathEntrySnapshotTransform
13:30:14.302 [INFO]  [Validating] > Transforming annotations-13.0.jar with ClasspathEntrySnapshotTransform
13:30:14.302 [INFO]  [Validating] > Build cache key for task ':detekt-metrics:compileKotlin' is e1aa4271b4005c352ebbc96b71bde128
13:30:14.302 [INFO]  [Validating] > Skipping task ':detekt-metrics:compileKotlin' as it is up-to-date.
13:30:14.302 [INFO]  [Validating] > Resolve mutations for :detekt-metrics:compileJava (Thread[Execution worker Thread 5,5,main]) started.
13:30:14.302 [INFO]  [Validating] > 
13:30:14.302 [INFO]  [Validating] > > Task :detekt-tooling:compileJava NO-SOURCE
13:30:14.302 [INFO]  [Validating] > Skipping task ':detekt-tooling:compileJava' as it has no source files and no previous output files.
13:30:14.302 [INFO]  [Validating] > work action resolve main (project :detekt-tooling) (Thread[Execution worker Thread 4,5,main]) started.
13:30:14.302 [INFO]  [Validating] > work action resolve main (project :detekt-tooling) (Thread[Execution worker Thread 4,5,main]) started.
13:30:14.302 [INFO]  [Validating] > work action resolve main (project :detekt-metrics) (Thread[Execution worker Thread 3,5,main]) started.
13:30:14.302 [INFO]  [Validating] > Resolve mutations for :detekt-tooling:classes (Thread[Execution worker Thread 7,5,main]) started.
13:30:14.302 [INFO]  [Validating] > work action resolve detekt-api-1.23.0.jar (project :detekt-api) (Thread[Execution worker Thread 6,5,main]) started.
13:30:14.302 [INFO]  [Validating] > :detekt-tooling:classes (Thread[Execution worker Thread 7,5,main]) started.
13:30:14.302 [INFO]  [Validating] > :detekt-metrics:compileJava (Thread[Execution worker Thread 5,5,main]) started.
13:30:14.302 [INFO]  [Validating] > Resolve mutations for :detekt-report-sarif:compileKotlin (Thread[Execution worker Thread 4,5,main]) started.
13:30:14.302 [INFO]  [Validating] > 
13:30:14.302 [INFO]  [Validating] > > Task :detekt-metrics:compileJava NO-SOURCE
13:30:14.302 [INFO]  [Validating] > Skipping task ':detekt-metrics:compileJava' as it has no source files and no previous output files.
13:30:14.302 [INFO]  [Validating] > work action resolve main (project :detekt-metrics) (Thread[Execution worker Thread 5,5,main]) started.
13:30:14.302 [INFO]  [Validating] > 
13:30:14.302 [INFO]  [Validating] > > Task :detekt-report-txt:compileKotlin UP-TO-DATE
13:30:14.302 [INFO]  [Validating] > Transforming main with ClasspathEntrySnapshotTransform
13:30:14.302 [INFO]  [Validating] > Transforming main with ClasspathEntrySnapshotTransform
13:30:14.302 [INFO]  [Validating] > Transforming kotlin-stdlib-jdk8-1.8.22.jar with ClasspathEntrySnapshotTransform
13:30:14.302 [INFO]  [Validating] > Transforming kotlin-stdlib-jdk7-1.8.22.jar with ClasspathEntrySnapshotTransform
13:30:14.302 [INFO]  [Validating] > Transforming kotlin-stdlib-1.8.22.jar with ClasspathEntrySnapshotTransform
13:30:14.302 [INFO]  [Validating] > Transforming kotlin-compiler-embeddable-1.8.22.jar with ClasspathEntrySnapshotTransform
13:30:14.302 [INFO]  [Validating] > Transforming kotlin-stdlib-common-1.8.22.jar with ClasspathEntrySnapshotTransform
13:30:14.302 [INFO]  [Validating] > Transforming annotations-13.0.jar with ClasspathEntrySnapshotTransform
13:30:14.302 [INFO]  [Validating] > Build cache key for task ':detekt-report-txt:compileKotlin' is 3ded245b414360810ee29353612bdefd
13:30:14.302 [INFO]  [Validating] > Skipping task ':detekt-report-txt:compileKotlin' as it is up-to-date.
13:30:14.302 [INFO]  [Validating] > Resolve mutations for :detekt-report-txt:compileJava (Thread[Execution worker,5,main]) started.
13:30:14.302 [INFO]  [Validating] > 
13:30:14.302 [INFO]  [Validating] > > Task :detekt-report-xml:compileKotlin UP-TO-DATE
13:30:14.302 [INFO]  [Validating] > Transforming main with ClasspathEntrySnapshotTransform
13:30:14.302 [INFO]  [Validating] > Transforming main with ClasspathEntrySnapshotTransform
13:30:14.302 [INFO]  [Validating] > Transforming kotlin-stdlib-jdk8-1.8.22.jar with ClasspathEntrySnapshotTransform
13:30:14.302 [INFO]  [Validating] > Transforming kotlin-stdlib-jdk7-1.8.22.jar with ClasspathEntrySnapshotTransform
13:30:14.302 [INFO]  [Validating] > Transforming kotlin-stdlib-1.8.22.jar with ClasspathEntrySnapshotTransform
13:30:14.302 [INFO]  [Validating] > Transforming kotlin-compiler-embeddable-1.8.22.jar with ClasspathEntrySnapshotTransform
13:30:14.302 [INFO]  [Validating] > Transforming kotlin-stdlib-common-1.8.22.jar with ClasspathEntrySnapshotTransform
13:30:14.302 [INFO]  [Validating] > Transforming annotations-13.0.jar with ClasspathEntrySnapshotTransform
13:30:14.302 [INFO]  [Validating] > Build cache key for task ':detekt-report-xml:compileKotlin' is 1acdddef0677e48be7307f9ab589f2f5
13:30:14.302 [INFO]  [Validating] > Skipping task ':detekt-report-xml:compileKotlin' as it is up-to-date.
13:30:14.302 [INFO]  [Validating] > :detekt-report-txt:compileJava (Thread[Execution worker,5,main]) started.
13:30:14.302 [INFO]  [Validating] > 
13:30:14.302 [INFO]  [Validating] > > Task :detekt-sample-extensions:compileJava NO-SOURCE
13:30:14.302 [INFO]  [Validating] > Skipping task ':detekt-sample-extensions:compileJava' as it has no source files and no previous output files.
13:30:14.302 [INFO]  [Validating] > Resolve mutations for :detekt-metrics:classes (Thread[Execution worker Thread 5,5,main]) started.
13:30:14.302 [INFO]  [Validating] > :detekt-metrics:classes (Thread[Execution worker Thread 5,5,main]) started.
13:30:14.302 [INFO]  [Validating] > 
13:30:14.302 [INFO]  [Validating] > > Task :detekt-metrics:classes UP-TO-DATE
13:30:14.302 [INFO]  [Validating] > Skipping task ':detekt-metrics:classes' as it has no actions.
13:30:14.302 [INFO]  [Validating] > Resolve mutations for :detekt-metrics:jar (Thread[Execution worker Thread 5,5,main]) started.
13:30:14.302 [INFO]  [Validating] > :detekt-metrics:jar (Thread[Execution worker Thread 5,5,main]) started.
13:30:14.302 [INFO]  [Validating] > :detekt-report-sarif:compileKotlin (Thread[Execution worker Thread 6,5,main]) started.
13:30:14.302 [INFO]  [Validating] > 
13:30:14.302 [INFO]  [Validating] > > Task :detekt-tooling:classes UP-TO-DATE
13:30:14.302 [INFO]  [Validating] > Skipping task ':detekt-tooling:classes' as it has no actions.
13:30:14.302 [INFO]  [Validating] > Resolve mutations for :detekt-sample-extensions:classes (Thread[Execution worker Thread 7,5,main]) started.
13:30:14.302 [INFO]  [Validating] > work action resolve main (project :detekt-metrics) (Thread[Execution worker Thread 4,5,main]) started.
13:30:14.302 [INFO]  [Validating] > :detekt-sample-extensions:classes (Thread[Execution worker Thread 7,5,main]) started.
13:30:14.302 [INFO]  [Validating] > 
13:30:14.302 [INFO]  [Validating] > > Task :detekt-test-utils:compileKotlin UP-TO-DATE
13:30:14.302 [INFO]  [Validating] > Transforming main with ClasspathEntrySnapshotTransform
13:30:14.302 [INFO]  [Validating] > Transforming kotlinx-coroutines-core-jvm-1.7.2.jar with ClasspathEntrySnapshotTransform
13:30:14.302 [INFO]  [Validating] > Transforming kotlin-stdlib-jdk8-1.8.22.jar with ClasspathEntrySnapshotTransform
13:30:14.302 [INFO]  [Validating] > Transforming junit-platform-commons-1.9.3.jar with ClasspathEntrySnapshotTransform
13:30:14.302 [INFO]  [Validating] > Transforming junit-jupiter-api-5.9.3.jar with ClasspathEntrySnapshotTransform
13:30:14.302 [INFO]  [Validating] > Transforming kotlin-main-kts-1.8.22.jar with ClasspathEntrySnapshotTransform
13:30:14.302 [INFO]  [Validating] > Transforming kotlin-stdlib-jdk7-1.8.22.jar with ClasspathEntrySnapshotTransform
13:30:14.302 [INFO]  [Validating] > Transforming kotlin-stdlib-1.8.22.jar with ClasspathEntrySnapshotTransform
13:30:14.302 [INFO]  [Validating] > Transforming opentest4j-1.2.0.jar with ClasspathEntrySnapshotTransform
13:30:14.302 [INFO]  [Validating] > Transforming apiguardian-api-1.1.2.jar with ClasspathEntrySnapshotTransform
13:30:14.302 [INFO]  [Validating] > Transforming kotlin-compiler-embeddable-1.8.22.jar with ClasspathEntrySnapshotTransform
13:30:14.302 [INFO]  [Validating] > Transforming kotlin-stdlib-common-1.8.22.jar with ClasspathEntrySnapshotTransform
13:30:14.302 [INFO]  [Validating] > Transforming annotations-23.0.0.jar with ClasspathEntrySnapshotTransform
13:30:14.302 [INFO]  [Validating] > Build cache key for task ':detekt-test-utils:compileKotlin' is 7738ee7998b37343d969d1bd0c068d5b
13:30:14.302 [INFO]  [Validating] > Skipping task ':detekt-test-utils:compileKotlin' as it is up-to-date.
13:30:14.302 [INFO]  [Validating] > Resolve mutations for :detekt-report-md:compileKotlin (Thread[Execution worker Thread 9,5,main]) started.
13:30:14.302 [INFO]  [Validating] > 
13:30:14.302 [INFO]  [Validating] > > Task :detekt-report-txt:compileJava NO-SOURCE
13:30:14.302 [INFO]  [Validating] > Skipping task ':detekt-report-txt:compileJava' as it has no source files and no previous output files.
13:30:14.302 [INFO]  [Validating] > work action resolve main (project :detekt-report-txt) (Thread[Execution worker,5,main]) started.
13:30:14.302 [INFO]  [Validating] > :detekt-report-md:compileKotlin (Thread[Execution worker,5,main]) started.
13:30:14.302 [INFO]  [Validating] > work action resolve main (project :detekt-report-xml) (Thread[Execution worker Thread 2,5,main]) started.
13:30:14.302 [INFO]  [Validating] > Resolve mutations for :detekt-report-xml:compileJava (Thread[included builds,5,main]) started.
13:30:14.302 [INFO]  [Validating] > work action resolve main (project :detekt-report-txt) (Thread[Execution worker Thread 3,5,main]) started.
13:30:14.302 [INFO]  [Validating] > Resolve mutations for :detekt-report-txt:classes (Thread[Execution worker Thread 2,5,main]) started.
13:30:14.302 [INFO]  [Validating] > work action resolve main (project :detekt-report-txt) (Thread[Execution worker Thread 9,5,main]) started.
13:30:14.303 [INFO]  [Validating] > work action resolve main (project :detekt-test-utils) (Thread[Execution worker Thread 9,5,main]) started.
13:30:14.303 [INFO]  [Validating] > Resolve mutations for :detekt-tooling:jar (Thread[Execution worker Thread 9,5,main]) started.
13:30:14.303 [INFO]  [Validating] > Resolve mutations for :detekt-report-html:compileKotlin (Thread[Execution worker Thread 4,5,main]) started.
13:30:14.303 [INFO]  [Validating] > 
13:30:14.303 [INFO]  [Validating] > > Task :detekt-sample-extensions:classes UP-TO-DATE
13:30:14.303 [INFO]  [Validating] > Skipping task ':detekt-sample-extensions:classes' as it has no actions.
13:30:14.303 [INFO]  [Validating] > :detekt-report-html:compileKotlin (Thread[Execution worker Thread 4,5,main]) started.
13:30:14.303 [INFO]  [Validating] > :detekt-tooling:jar (Thread[Execution worker Thread 9,5,main]) started.
13:30:14.303 [INFO]  [Validating] > :detekt-report-xml:compileJava (Thread[included builds,5,main]) started.
13:30:14.303 [INFO]  [Validating] > :detekt-report-txt:classes (Thread[Execution worker Thread 2,5,main]) started.
13:30:14.303 [INFO]  [Validating] > Resolve mutations for :detekt-test-utils:compileJava (Thread[Execution worker Thread 3,5,main]) started.
13:30:14.303 [INFO]  [Validating] > 
13:30:14.303 [INFO]  [Validating] > > Task :detekt-report-txt:classes UP-TO-DATE
13:30:14.303 [INFO]  [Validating] > Skipping task ':detekt-report-txt:classes' as it has no actions.
13:30:14.303 [INFO]  [Validating] > :detekt-test-utils:compileJava (Thread[Execution worker Thread 3,5,main]) started.
13:30:14.303 [INFO]  [Validating] > Resolve mutations for :detekt-report-txt:jar (Thread[Execution worker Thread 2,5,main]) started.
13:30:14.303 [INFO]  [Validating] > 
13:30:14.303 [INFO]  [Validating] > > Task :detekt-report-xml:compileJava NO-SOURCE
13:30:14.303 [INFO]  [Validating] > Skipping task ':detekt-report-xml:compileJava' as it has no source files and no previous output files.
13:30:14.303 [INFO]  [Validating] > :detekt-report-txt:jar (Thread[Execution worker Thread 2,5,main]) started.
13:30:14.303 [INFO]  [Validating] > work action resolve main (project :detekt-report-xml) (Thread[Execution worker Thread 7,5,main]) started.
13:30:14.303 [INFO]  [Validating] > Resolve mutations for :detekt-report-xml:classes (Thread[Execution worker Thread 7,5,main]) started.
13:30:14.303 [INFO]  [Validating] > work action resolve main (project :detekt-report-xml) (Thread[included builds,5,main]) started.
13:30:14.303 [INFO]  [Validating] > :detekt-report-xml:classes (Thread[Execution worker Thread 7,5,main]) started.
13:30:14.303 [INFO]  [Validating] > 
13:30:14.303 [INFO]  [Validating] > > Task :detekt-test-utils:compileJava NO-SOURCE
13:30:14.303 [INFO]  [Validating] > Skipping task ':detekt-test-utils:compileJava' as it has no source files and no previous output files.
13:30:14.303 [INFO]  [Validating] > 
13:30:14.303 [INFO]  [Validating] > > Task :detekt-report-xml:classes UP-TO-DATE
13:30:14.303 [INFO]  [Validating] > Skipping task ':detekt-report-xml:classes' as it has no actions.
13:30:14.303 [INFO]  [Validating] > Resolve mutations for :detekt-report-xml:jar (Thread[Execution worker Thread 7,5,main]) started.
13:30:14.303 [INFO]  [Validating] > work action resolve main (project :detekt-test-utils) (Thread[included builds,5,main]) started.
13:30:14.303 [INFO]  [Validating] > work action resolve main (project :detekt-test-utils) (Thread[Execution worker Thread 3,5,main]) started.
13:30:14.303 [INFO]  [Validating] > :detekt-report-xml:jar (Thread[Execution worker Thread 7,5,main]) started.
13:30:14.303 [INFO]  [Validating] > Resolve mutations for :detekt-test-utils:classes (Thread[included builds,5,main]) started.
13:30:14.303 [INFO]  [Validating] > :detekt-test-utils:classes (Thread[included builds,5,main]) started.
13:30:14.303 [INFO]  [Validating] > 
13:30:14.303 [INFO]  [Validating] > > Task :detekt-report-sarif:compileKotlin UP-TO-DATE
13:30:14.303 [INFO]  [Validating] > Transforming main with ClasspathEntrySnapshotTransform
13:30:14.303 [INFO]  [Validating] > Transforming main with ClasspathEntrySnapshotTransform
13:30:14.303 [INFO]  [Validating] > Transforming main with ClasspathEntrySnapshotTransform
13:30:14.303 [INFO]  [Validating] > Transforming sarif4k-jvm-0.4.0.jar with ClasspathEntrySnapshotTransform
13:30:14.303 [INFO]  [Validating] > Transforming kotlinx-serialization-json-jvm-1.4.1.jar with ClasspathEntrySnapshotTransform
13:30:14.303 [INFO]  [Validating] > Transforming kotlinx-serialization-core-jvm-1.4.1.jar with ClasspathEntrySnapshotTransform
13:30:14.303 [INFO]  [Validating] > Transforming kotlin-stdlib-jdk8-1.8.22.jar with ClasspathEntrySnapshotTransform
13:30:14.303 [INFO]  [Validating] > Transforming kotlin-stdlib-jdk7-1.8.22.jar with ClasspathEntrySnapshotTransform
13:30:14.303 [INFO]  [Validating] > Transforming kotlin-stdlib-1.8.22.jar with ClasspathEntrySnapshotTransform
13:30:14.303 [INFO]  [Validating] > Transforming kotlin-compiler-embeddable-1.8.22.jar with ClasspathEntrySnapshotTransform
13:30:14.303 [INFO]  [Validating] > Transforming kotlin-stdlib-common-1.8.22.jar with ClasspathEntrySnapshotTransform
13:30:14.303 [INFO]  [Validating] > Transforming annotations-13.0.jar with ClasspathEntrySnapshotTransform
13:30:14.303 [INFO]  [Validating] > Build cache key for task ':detekt-report-sarif:compileKotlin' is 1408222aca0d0bdec3a09706c778f66a
13:30:14.303 [INFO]  [Validating] > Skipping task ':detekt-report-sarif:compileKotlin' as it is up-to-date.
13:30:14.303 [INFO]  [Validating] > 
13:30:14.303 [INFO]  [Validating] > > Task :detekt-test-utils:classes UP-TO-DATE
13:30:14.303 [INFO]  [Validating] > Skipping task ':detekt-test-utils:classes' as it has no actions.
13:30:14.303 [INFO]  [Validating] > Resolve mutations for :detekt-report-sarif:compileJava (Thread[included builds,5,main]) started.
13:30:14.303 [INFO]  [Validating] > work action resolve main (project :detekt-report-sarif) (Thread[Execution worker Thread 6,5,main]) started.
13:30:14.303 [INFO]  [Validating] > Resolve mutations for :detekt-test-utils:jar (Thread[Execution worker Thread 3,5,main]) started.
13:30:14.303 [INFO]  [Validating] > :detekt-report-sarif:compileJava (Thread[included builds,5,main]) started.
13:30:14.303 [INFO]  [Validating] > :detekt-test-utils:jar (Thread[Execution worker Thread 3,5,main]) started.
13:30:14.303 [INFO]  [Validating] > 
13:30:14.303 [INFO]  [Validating] > > Task :detekt-report-md:compileKotlin UP-TO-DATE
13:30:14.303 [INFO]  [Validating] > Transforming main with ClasspathEntrySnapshotTransform
13:30:14.303 [INFO]  [Validating] > Transforming main with ClasspathEntrySnapshotTransform
13:30:14.303 [INFO]  [Validating] > Transforming main with ClasspathEntrySnapshotTransform
13:30:14.303 [INFO]  [Validating] > Transforming main with ClasspathEntrySnapshotTransform
13:30:14.303 [INFO]  [Validating] > Transforming kotlin-stdlib-jdk8-1.8.22.jar with ClasspathEntrySnapshotTransform
13:30:14.303 [INFO]  [Validating] > Transforming kotlin-stdlib-jdk7-1.8.22.jar with ClasspathEntrySnapshotTransform
13:30:14.303 [INFO]  [Validating] > Transforming kotlin-stdlib-1.8.22.jar with ClasspathEntrySnapshotTransform
13:30:14.303 [INFO]  [Validating] > Transforming kotlin-compiler-embeddable-1.8.22.jar with ClasspathEntrySnapshotTransform
13:30:14.303 [INFO]  [Validating] > Transforming kotlin-stdlib-common-1.8.22.jar with ClasspathEntrySnapshotTransform
13:30:14.303 [INFO]  [Validating] > Transforming annotations-13.0.jar with ClasspathEntrySnapshotTransform
13:30:14.303 [INFO]  [Validating] > Build cache key for task ':detekt-report-md:compileKotlin' is daaa1a6d2f4425c07ab3d08a334ba819
13:30:14.303 [INFO]  [Validating] > Skipping task ':detekt-report-md:compileKotlin' as it is up-to-date.
13:30:14.303 [INFO]  [Validating] > Resolve mutations for :detekt-report-md:compileJava (Thread[Execution worker,5,main]) started.
13:30:14.303 [INFO]  [Validating] > work action resolve main (project :detekt-report-md) (Thread[Execution worker Thread 6,5,main]) started.
13:30:14.303 [INFO]  [Validating] > :detekt-report-md:compileJava (Thread[Execution worker,5,main]) started.
13:30:14.303 [INFO]  [Validating] > 
13:30:14.303 [INFO]  [Validating] > > Task :detekt-report-sarif:compileJava NO-SOURCE
13:30:14.303 [INFO]  [Validating] > Skipping task ':detekt-report-sarif:compileJava' as it has no source files and no previous output files.
13:30:14.303 [INFO]  [Validating] > 
13:30:14.303 [INFO]  [Validating] > > Task :detekt-report-html:compileKotlin UP-TO-DATE
13:30:14.303 [INFO]  [Validating] > Transforming main with ClasspathEntrySnapshotTransform
13:30:14.303 [INFO]  [Validating] > Transforming main with ClasspathEntrySnapshotTransform
13:30:14.303 [INFO]  [Validating] > Transforming main with ClasspathEntrySnapshotTransform
13:30:14.303 [INFO]  [Validating] > Transforming main with ClasspathEntrySnapshotTransform
13:30:14.303 [INFO]  [Validating] > Transforming kotlin-stdlib-jdk8-1.8.22.jar with ClasspathEntrySnapshotTransform
13:30:14.303 [INFO]  [Validating] > Transforming kotlinx-html-jvm-0.8.1.jar with ClasspathEntrySnapshotTransform
13:30:14.303 [INFO]  [Validating] > Transforming kotlin-stdlib-jdk7-1.8.22.jar with ClasspathEntrySnapshotTransform
13:30:14.303 [INFO]  [Validating] > Transforming kotlin-stdlib-1.8.22.jar with ClasspathEntrySnapshotTransform
13:30:14.303 [INFO]  [Validating] > Transforming kotlin-compiler-embeddable-1.8.22.jar with ClasspathEntrySnapshotTransform
13:30:14.303 [INFO]  [Validating] > Transforming kotlin-stdlib-common-1.8.22.jar with ClasspathEntrySnapshotTransform
13:30:14.303 [INFO]  [Validating] > Transforming annotations-13.0.jar with ClasspathEntrySnapshotTransform
13:30:14.303 [INFO]  [Validating] > Build cache key for task ':detekt-report-html:compileKotlin' is 6c859146cd23e1ce4901100fa935d173
13:30:14.303 [INFO]  [Validating] > Skipping task ':detekt-report-html:compileKotlin' as it is up-to-date.
13:30:14.303 [INFO]  [Validating] > Resolve mutations for :detekt-report-html:compileJava (Thread[included builds,5,main]) started.
13:30:14.303 [INFO]  [Validating] > work action resolve main (project :detekt-report-sarif) (Thread[Execution worker Thread 6,5,main]) started.
13:30:14.303 [INFO]  [Validating] > work action resolve main (project :detekt-report-html) (Thread[Execution worker Thread 6,5,main]) started.
13:30:14.303 [INFO]  [Validating] > Resolve mutations for :detekt-report-sarif:classes (Thread[Execution worker Thread 6,5,main]) started.
13:30:14.303 [INFO]  [Validating] > work action resolve main (project :detekt-report-sarif) (Thread[Execution worker Thread 4,5,main]) started.
13:30:14.303 [INFO]  [Validating] > :detekt-report-sarif:classes (Thread[Execution worker Thread 6,5,main]) started.
13:30:14.303 [INFO]  [Validating] > :detekt-report-html:compileJava (Thread[included builds,5,main]) started.
13:30:14.303 [INFO]  [Validating] > 
13:30:14.303 [INFO]  [Validating] > > Task :detekt-report-md:compileJava NO-SOURCE
13:30:14.303 [INFO]  [Validating] > Skipping task ':detekt-report-md:compileJava' as it has no source files and no previous output files.
13:30:14.303 [INFO]  [Validating] > work action resolve main (project :detekt-report-md) (Thread[Execution worker,5,main]) started.
13:30:14.303 [INFO]  [Validating] > work action resolve main (project :detekt-report-md) (Thread[Execution worker,5,main]) started.
13:30:14.303 [INFO]  [Validating] > Resolve mutations for :detekt-report-md:classes (Thread[Execution worker,5,main]) started.
13:30:14.303 [INFO]  [Validating] > 
13:30:14.303 [INFO]  [Validating] > > Task :detekt-report-sarif:classes UP-TO-DATE
13:30:14.303 [INFO]  [Validating] > Skipping task ':detekt-report-sarif:classes' as it has no actions.
13:30:14.303 [INFO]  [Validating] > :detekt-report-md:classes (Thread[Execution worker,5,main]) started.
13:30:14.303 [INFO]  [Validating] > 
13:30:14.303 [INFO]  [Validating] > > Task :detekt-report-md:classes UP-TO-DATE
13:30:14.303 [INFO]  [Validating] > Skipping task ':detekt-report-md:classes' as it has no actions.
13:30:14.303 [INFO]  [Validating] > Resolve mutations for :detekt-report-sarif:jar (Thread[Execution worker Thread 4,5,main]) started.
13:30:14.303 [INFO]  [Validating] > Resolve mutations for :detekt-report-md:jar (Thread[Execution worker,5,main]) started.
13:30:14.303 [INFO]  [Validating] > :detekt-report-sarif:jar (Thread[Execution worker Thread 4,5,main]) started.
13:30:14.303 [INFO]  [Validating] > :detekt-report-md:jar (Thread[Execution worker,5,main]) started.
13:30:14.303 [INFO]  [Validating] > 
13:30:14.303 [INFO]  [Validating] > > Task :detekt-report-html:compileJava NO-SOURCE
13:30:14.303 [INFO]  [Validating] > Skipping task ':detekt-report-html:compileJava' as it has no source files and no previous output files.
13:30:14.303 [INFO]  [Validating] > work action resolve main (project :detekt-report-html) (Thread[included builds,5,main]) started.
13:30:14.303 [INFO]  [Validating] > Resolve mutations for :detekt-report-html:classes (Thread[included builds,5,main]) started.
13:30:14.303 [INFO]  [Validating] > work action resolve main (project :detekt-report-html) (Thread[Execution worker Thread 6,5,main]) started.
13:30:14.303 [INFO]  [Validating] > :detekt-report-html:classes (Thread[included builds,5,main]) started.
13:30:14.303 [INFO]  [Validating] > Resolve mutations for :detekt-core:compileKotlin (Thread[Execution worker Thread 6,5,main]) started.
13:30:14.303 [INFO]  [Validating] > 
13:30:14.303 [INFO]  [Validating] > > Task :detekt-report-html:classes UP-TO-DATE
13:30:14.303 [INFO]  [Validating] > Skipping task ':detekt-report-html:classes' as it has no actions.
13:30:14.303 [INFO]  [Validating] > Resolve mutations for :detekt-report-html:jar (Thread[included builds,5,main]) started.
13:30:14.303 [INFO]  [Validating] > :detekt-core:compileKotlin (Thread[Execution worker Thread 6,5,main]) started.
13:30:14.303 [INFO]  [Validating] > :detekt-report-html:jar (Thread[included builds,5,main]) started.
13:30:14.303 [INFO]  [Validating] > 
13:30:14.303 [INFO]  [Validating] > > Task :detekt-core:compileKotlin UP-TO-DATE
13:30:14.303 [INFO]  [Validating] > Transforming main with ClasspathEntrySnapshotTransform
13:30:14.303 [INFO]  [Validating] > Transforming main with ClasspathEntrySnapshotTransform
13:30:14.303 [INFO]  [Validating] > Transforming main with ClasspathEntrySnapshotTransform
13:30:14.303 [INFO]  [Validating] > Transforming main with ClasspathEntrySnapshotTransform
13:30:14.303 [INFO]  [Validating] > Transforming main with ClasspathEntrySnapshotTransform
13:30:14.303 [INFO]  [Validating] > Transforming main with ClasspathEntrySnapshotTransform
13:30:14.303 [INFO]  [Validating] > Transforming main with ClasspathEntrySnapshotTransform
13:30:14.303 [INFO]  [Validating] > Transforming main with ClasspathEntrySnapshotTransform
13:30:14.303 [INFO]  [Validating] > Transforming main with ClasspathEntrySnapshotTransform
13:30:14.303 [INFO]  [Validating] > Transforming main with ClasspathEntrySnapshotTransform
13:30:14.303 [INFO]  [Validating] > Transforming main with ClasspathEntrySnapshotTransform
13:30:14.303 [INFO]  [Validating] > Transforming kotlin-stdlib-jdk8-1.8.22.jar with ClasspathEntrySnapshotTransform
13:30:14.303 [INFO]  [Validating] > Transforming snakeyaml-engine-2.6.jar with ClasspathEntrySnapshotTransform
13:30:14.303 [INFO]  [Validating] > Transforming kotlin-reflect-1.8.22.jar with ClasspathEntrySnapshotTransform
13:30:14.303 [INFO]  [Validating] > Transforming kotlin-compiler-embeddable-1.8.22.jar with ClasspathEntrySnapshotTransform
13:30:14.303 [INFO]  [Validating] > Transforming kotlin-stdlib-jdk7-1.8.22.jar with ClasspathEntrySnapshotTransform
13:30:14.303 [INFO]  [Validating] > Transforming kotlin-stdlib-1.8.22.jar with ClasspathEntrySnapshotTransform
13:30:14.303 [INFO]  [Validating] > Transforming kotlin-stdlib-common-1.8.22.jar with ClasspathEntrySnapshotTransform
13:30:14.303 [INFO]  [Validating] > Transforming annotations-13.0.jar with ClasspathEntrySnapshotTransform
13:30:14.303 [INFO]  [Validating] > Build cache key for task ':detekt-core:compileKotlin' is 87bd0f24f712da0d88bc26872abfe7d2
13:30:14.303 [INFO]  [Validating] > Skipping task ':detekt-core:compileKotlin' as it is up-to-date.
13:30:14.303 [INFO]  [Validating] > Resolve mutations for :detekt-core:compileJava (Thread[Execution worker Thread 6,5,main]) started.
13:30:14.303 [INFO]  [Validating] > :detekt-core:compileJava (Thread[Execution worker Thread 6,5,main]) started.
13:30:14.303 [INFO]  [Validating] > 
13:30:14.303 [INFO]  [Validating] > > Task :detekt-core:compileJava NO-SOURCE
13:30:14.303 [INFO]  [Validating] > Skipping task ':detekt-core:compileJava' as it has no source files and no previous output files.
13:30:14.303 [INFO]  [Validating] > Resolve mutations for :detekt-core:classes (Thread[Execution worker Thread 6,5,main]) started.
13:30:14.303 [INFO]  [Validating] > :detekt-core:classes (Thread[Execution worker Thread 6,5,main]) started.
13:30:14.303 [INFO]  [Validating] > 
13:30:14.303 [INFO]  [Validating] > > Task :detekt-core:classes UP-TO-DATE
13:30:14.303 [INFO]  [Validating] > Skipping task ':detekt-core:classes' as it has no actions.
13:30:14.303 [INFO]  [Validating] > Resolve mutations for :detekt-core:jar (Thread[Execution worker Thread 6,5,main]) started.
13:30:14.303 [INFO]  [Validating] > :detekt-core:jar (Thread[Execution worker Thread 6,5,main]) started.
13:30:14.303 [INFO]  [Validating] > 
13:30:14.303 [INFO]  [Validating] > > Task :detekt-parser:jar UP-TO-DATE
13:30:14.303 [INFO]  [Validating] > Caching disabled for task ':detekt-parser:jar' because:
13:30:14.303 [INFO]  [Validating] >   Not worth caching
13:30:14.303 [INFO]  [Validating] > Skipping task ':detekt-parser:jar' as it is up-to-date.
13:30:14.303 [INFO]  [Validating] > work action resolve main (project :detekt-core) (Thread[Execution worker Thread 8,5,main]) started.
13:30:14.303 [INFO]  [Validating] > work action resolve main (project :detekt-core) (Thread[Execution worker Thread 8,5,main]) started.
13:30:14.303 [INFO]  [Validating] > work action resolve main (project :detekt-core) (Thread[Execution worker Thread 8,5,main]) started.
13:30:14.303 [INFO]  [Validating] > Resolve mutations for :detekt-test:compileKotlin (Thread[Execution worker Thread 8,5,main]) started.
13:30:14.303 [INFO]  [Validating] > :detekt-test:compileKotlin (Thread[Execution worker Thread 8,5,main]) started.
13:30:14.303 [INFO]  [Validating] > 
13:30:14.303 [INFO]  [Validating] > > Task :detekt-test:compileKotlin UP-TO-DATE
13:30:14.303 [INFO]  [Validating] > Transforming main with ClasspathEntrySnapshotTransform
13:30:14.303 [INFO]  [Validating] > Transforming main with ClasspathEntrySnapshotTransform
13:30:14.303 [INFO]  [Validating] > Transforming main with ClasspathEntrySnapshotTransform
13:30:14.303 [INFO]  [Validating] > Transforming main with ClasspathEntrySnapshotTransform
13:30:14.303 [INFO]  [Validating] > Transforming main with ClasspathEntrySnapshotTransform
13:30:14.303 [INFO]  [Validating] > Transforming main with ClasspathEntrySnapshotTransform
13:30:14.303 [INFO]  [Validating] > Transforming main with ClasspathEntrySnapshotTransform
13:30:14.303 [INFO]  [Validating] > Transforming kotlin-stdlib-jdk8-1.8.22.jar with ClasspathEntrySnapshotTransform
13:30:14.303 [INFO]  [Validating] > Transforming assertj-core-3.24.2.jar with ClasspathEntrySnapshotTransform
13:30:14.304 [INFO]  [Validating] > Transforming kotlin-compiler-embeddable-1.8.22.jar with ClasspathEntrySnapshotTransform
13:30:14.304 [INFO]  [Validating] > Transforming junit-platform-commons-1.9.3.jar with ClasspathEntrySnapshotTransform
13:30:14.304 [INFO]  [Validating] > Transforming junit-jupiter-api-5.9.3.jar with ClasspathEntrySnapshotTransform
13:30:14.304 [INFO]  [Validating] > Transforming kotlin-stdlib-jdk7-1.8.22.jar with ClasspathEntrySnapshotTransform
13:30:14.304 [INFO]  [Validating] > Transforming kotlin-stdlib-1.8.22.jar with ClasspathEntrySnapshotTransform
13:30:14.304 [INFO]  [Validating] > Transforming byte-buddy-1.12.21.jar with ClasspathEntrySnapshotTransform
13:30:14.304 [INFO]  [Validating] > Transforming opentest4j-1.2.0.jar with ClasspathEntrySnapshotTransform
13:30:14.304 [INFO]  [Validating] > Transforming apiguardian-api-1.1.2.jar with ClasspathEntrySnapshotTransform
13:30:14.304 [INFO]  [Validating] > Transforming kotlin-stdlib-common-1.8.22.jar with ClasspathEntrySnapshotTransform
13:30:14.304 [INFO]  [Validating] > Transforming annotations-13.0.jar with ClasspathEntrySnapshotTransform
13:30:14.304 [INFO]  [Validating] > Build cache key for task ':detekt-test:compileKotlin' is 3b4e9cc97ddb472bf0406062a9c686d1
13:30:14.304 [INFO]  [Validating] > Skipping task ':detekt-test:compileKotlin' as it is up-to-date.
13:30:14.304 [INFO]  [Validating] > Resolve mutations for :detekt-test:compileJava (Thread[Execution worker Thread 8,5,main]) started.
13:30:14.304 [INFO]  [Validating] > :detekt-test:compileJava (Thread[Execution worker Thread 8,5,main]) started.
13:30:14.304 [INFO]  [Validating] > 
13:30:14.304 [INFO]  [Validating] > > Task :detekt-test:compileJava NO-SOURCE
13:30:14.304 [INFO]  [Validating] > Skipping task ':detekt-test:compileJava' as it has no source files and no previous output files.
13:30:14.304 [INFO]  [Validating] > work action resolve main (project :detekt-test) (Thread[Execution worker Thread 8,5,main]) started.
13:30:14.304 [INFO]  [Validating] > work action resolve main (project :detekt-test) (Thread[Execution worker Thread 8,5,main]) started.
13:30:14.304 [INFO]  [Validating] > work action resolve main (project :detekt-test) (Thread[Execution worker Thread 8,5,main]) started.
13:30:14.304 [INFO]  [Validating] > Resolve mutations for :detekt-sample-extensions:compileTestKotlin (Thread[Execution worker Thread 8,5,main]) started.
13:30:14.304 [INFO]  [Validating] > :detekt-sample-extensions:compileTestKotlin (Thread[Execution worker Thread 8,5,main]) started.
13:30:14.304 [INFO]  [Validating] > 
13:30:14.304 [INFO]  [Validating] > > Task :detekt-report-xml:jar UP-TO-DATE
13:30:14.304 [INFO]  [Validating] > Caching disabled for task ':detekt-report-xml:jar' because:
13:30:14.304 [INFO]  [Validating] >   Not worth caching
13:30:14.304 [INFO]  [Validating] > Skipping task ':detekt-report-xml:jar' as it is up-to-date.
13:30:14.304 [INFO]  [Validating] > Resolve mutations for :detekt-test:classes (Thread[Execution worker Thread 7,5,main]) started.
13:30:14.304 [INFO]  [Validating] > :detekt-test:classes (Thread[Execution worker Thread 7,5,main]) started.
13:30:14.304 [INFO]  [Validating] > 
13:30:14.304 [INFO]  [Validating] > > Task :detekt-test:classes UP-TO-DATE
13:30:14.304 [INFO]  [Validating] > Skipping task ':detekt-test:classes' as it has no actions.
13:30:14.304 [INFO]  [Validating] > Resolve mutations for :detekt-test:jar (Thread[Execution worker Thread 7,5,main]) started.
13:30:14.304 [INFO]  [Validating] > 
13:30:14.304 [INFO]  [Validating] > > Task :detekt-report-txt:jar UP-TO-DATE
13:30:14.304 [INFO]  [Validating] > Caching disabled for task ':detekt-report-txt:jar' because:
13:30:14.304 [INFO]  [Validating] >   Not worth caching
13:30:14.304 [INFO]  [Validating] > Skipping task ':detekt-report-txt:jar' as it is up-to-date.
13:30:14.304 [INFO]  [Validating] > work action resolve detekt-report-xml-1.23.0.jar (project :detekt-report-xml) (Thread[Execution worker Thread 2,5,main]) started.
13:30:14.304 [INFO]  [Validating] > work action resolve detekt-report-txt-1.23.0.jar (project :detekt-report-txt) (Thread[Execution worker Thread 2,5,main]) started.
13:30:14.304 [INFO]  [Validating] > :detekt-test:jar (Thread[Execution worker Thread 7,5,main]) started.
13:30:14.304 [INFO]  [Validating] > work action resolve detekt-parser-1.23.0.jar (project :detekt-parser) (Thread[Execution worker Thread 2,5,main]) started.
13:30:14.304 [INFO]  [Validating] > 
13:30:14.304 [INFO]  [Validating] > > Task :detekt-tooling:jar UP-TO-DATE
13:30:14.304 [INFO]  [Validating] > Caching disabled for task ':detekt-tooling:jar' because:
13:30:14.304 [INFO]  [Validating] >   Not worth caching
13:30:14.304 [INFO]  [Validating] > Skipping task ':detekt-tooling:jar' as it is up-to-date.
13:30:14.304 [INFO]  [Validating] > work action resolve detekt-tooling-1.23.0.jar (project :detekt-tooling) (Thread[Execution worker Thread 9,5,main]) started.
13:30:14.304 [INFO]  [Validating] > 
13:30:14.304 [INFO]  [Validating] > > Task :detekt-report-md:jar UP-TO-DATE
13:30:14.304 [INFO]  [Validating] > Caching disabled for task ':detekt-report-md:jar' because:
13:30:14.304 [INFO]  [Validating] >   Not worth caching
13:30:14.304 [INFO]  [Validating] > Skipping task ':detekt-report-md:jar' as it is up-to-date.
13:30:14.304 [INFO]  [Validating] > work action resolve detekt-report-md-1.23.0.jar (project :detekt-report-md) (Thread[Execution worker,5,main]) started.
13:30:14.304 [INFO]  [Validating] > 
13:30:14.304 [INFO]  [Validating] > > Task :detekt-test-utils:jar UP-TO-DATE
13:30:14.304 [INFO]  [Validating] > Caching disabled for task ':detekt-test-utils:jar' because:
13:30:14.304 [INFO]  [Validating] >   Not worth caching
13:30:14.304 [INFO]  [Validating] > Skipping task ':detekt-test-utils:jar' as it is up-to-date.
13:30:14.304 [INFO]  [Validating] > work action resolve detekt-test-utils-1.23.0.jar (project :detekt-test-utils) (Thread[Execution worker Thread 3,5,main]) started.
13:30:14.304 [INFO]  [Validating] > 
13:30:14.304 [INFO]  [Validating] > > Task :detekt-core:jar UP-TO-DATE
13:30:14.304 [INFO]  [Validating] > Caching disabled for task ':detekt-core:jar' because:
13:30:14.304 [INFO]  [Validating] >   Not worth caching
13:30:14.304 [INFO]  [Validating] > Skipping task ':detekt-core:jar' as it is up-to-date.
13:30:14.304 [INFO]  [Validating] > work action resolve detekt-core-1.23.0.jar (project :detekt-core) (Thread[Execution worker Thread 6,5,main]) started.
13:30:14.304 [INFO]  [Validating] > 
13:30:14.304 [INFO]  [Validating] > > Task :detekt-report-sarif:jar UP-TO-DATE
13:30:14.304 [INFO]  [Validating] > Caching disabled for task ':detekt-report-sarif:jar' because:
13:30:14.304 [INFO]  [Validating] >   Not worth caching
13:30:14.304 [INFO]  [Validating] > Skipping task ':detekt-report-sarif:jar' as it is up-to-date.
13:30:14.304 [INFO]  [Validating] > work action resolve detekt-report-sarif-1.23.0.jar (project :detekt-report-sarif) (Thread[Execution worker Thread 4,5,main]) started.
13:30:14.304 [INFO]  [Validating] > 
13:30:14.304 [INFO]  [Validating] > > Task :detekt-metrics:jar UP-TO-DATE
13:30:14.304 [INFO]  [Validating] > Caching disabled for task ':detekt-metrics:jar' because:
13:30:14.304 [INFO]  [Validating] >   Not worth caching
13:30:14.304 [INFO]  [Validating] > Skipping task ':detekt-metrics:jar' as it is up-to-date.
13:30:14.304 [INFO]  [Validating] > work action resolve detekt-metrics-1.23.0.jar (project :detekt-metrics) (Thread[Execution worker Thread 5,5,main]) started.
13:30:14.304 [INFO]  [Validating] > 
13:30:14.304 [INFO]  [Validating] > > Task :detekt-report-html:jar UP-TO-DATE
13:30:14.304 [INFO]  [Validating] > Caching disabled for task ':detekt-report-html:jar' because:
13:30:14.304 [INFO]  [Validating] >   Not worth caching
13:30:14.304 [INFO]  [Validating] > Skipping task ':detekt-report-html:jar' as it is up-to-date.
13:30:14.304 [INFO]  [Validating] > work action resolve detekt-report-html-1.23.0.jar (project :detekt-report-html) (Thread[included builds,5,main]) started.
13:30:14.304 [INFO]  [Validating] > 
13:30:14.304 [INFO]  [Validating] > > Task :detekt-test:jar UP-TO-DATE
13:30:14.304 [INFO]  [Validating] > Caching disabled for task ':detekt-test:jar' because:
13:30:14.304 [INFO]  [Validating] >   Not worth caching
13:30:14.304 [INFO]  [Validating] > Skipping task ':detekt-test:jar' as it is up-to-date.
13:30:14.304 [INFO]  [Validating] > work action resolve detekt-test-1.23.0.jar (project :detekt-test) (Thread[Execution worker Thread 7,5,main]) started.
13:30:14.304 [INFO]  [Validating] > 
13:30:14.304 [INFO]  [Validating] > > Task :detekt-sample-extensions:compileTestKotlin FROM-CACHE
13:30:14.304 [INFO]  [Validating] > Transforming main with ClasspathEntrySnapshotTransform
13:30:14.304 [INFO]  [Validating] > Transforming main with ClasspathEntrySnapshotTransform
13:30:14.304 [INFO]  [Validating] > Transforming main with ClasspathEntrySnapshotTransform
13:30:14.304 [INFO]  [Validating] > Transforming main with ClasspathEntrySnapshotTransform
13:30:14.304 [INFO]  [Validating] > Transforming main with ClasspathEntrySnapshotTransform
13:30:14.304 [INFO]  [Validating] > Transforming main with ClasspathEntrySnapshotTransform
13:30:14.304 [INFO]  [Validating] > Transforming kotlin-stdlib-jdk8-1.8.22.jar with ClasspathEntrySnapshotTransform
13:30:14.304 [INFO]  [Validating] > Transforming assertj-core-3.24.2.jar with ClasspathEntrySnapshotTransform
13:30:14.304 [INFO]  [Validating] > Transforming junit-jupiter-params-5.9.3.jar with ClasspathEntrySnapshotTransform
13:30:14.304 [INFO]  [Validating] > Transforming junit-jupiter-api-5.9.3.jar with ClasspathEntrySnapshotTransform
13:30:14.304 [INFO]  [Validating] > Transforming junit-platform-commons-1.9.3.jar with ClasspathEntrySnapshotTransform
13:30:14.304 [INFO]  [Validating] > Transforming junit-jupiter-5.9.3.jar with ClasspathEntrySnapshotTransform
13:30:14.304 [INFO]  [Validating] > Transforming kotlin-stdlib-jdk7-1.8.22.jar with ClasspathEntrySnapshotTransform
13:30:14.304 [INFO]  [Validating] > Transforming kotlin-stdlib-1.8.22.jar with ClasspathEntrySnapshotTransform
13:30:14.304 [INFO]  [Validating] > Transforming kotlin-stdlib-common-1.8.22.jar with ClasspathEntrySnapshotTransform
13:30:14.304 [INFO]  [Validating] > Transforming annotations-13.0.jar with ClasspathEntrySnapshotTransform
13:30:14.304 [INFO]  [Validating] > Transforming kotlin-compiler-embeddable-1.8.22.jar with ClasspathEntrySnapshotTransform
13:30:14.304 [INFO]  [Validating] > Transforming byte-buddy-1.12.21.jar with ClasspathEntrySnapshotTransform
13:30:14.304 [INFO]  [Validating] > Transforming opentest4j-1.2.0.jar with ClasspathEntrySnapshotTransform
13:30:14.304 [INFO]  [Validating] > Transforming apiguardian-api-1.1.2.jar with ClasspathEntrySnapshotTransform
13:30:14.304 [INFO]  [Validating] > Build cache key for task ':detekt-sample-extensions:compileTestKotlin' is dd63f34925c627033e53266482247186
13:30:14.304 [INFO]  [Validating] > Task ':detekt-sample-extensions:compileTestKotlin' is not up-to-date because:
13:30:14.304 [INFO]  [Validating] >   Input property 'javaSources' file /Users/mnedzelskii/gits/detekt/detekt-sample-extensions/src/test/java/io/gitlab/arturbosch/detekt/sample/extensions/SampleConfigValidatorDiffblueTest.java has changed.
13:30:14.304 [INFO]  [Validating] > Loaded cache entry for task ':detekt-sample-extensions:compileTestKotlin' with cache key dd63f34925c627033e53266482247186
13:30:14.304 [INFO]  [Validating] > Resolve mutations for :detekt-sample-extensions:compileTestJava (Thread[Execution worker Thread 8,5,main]) started.
13:30:14.304 [INFO]  [Validating] > :detekt-sample-extensions:compileTestJava (Thread[Execution worker Thread 8,5,main]) started.
13:30:14.304 [INFO]  [Validating] > 
13:30:14.304 [INFO]  [Validating] > > Task :detekt-sample-extensions:compileTestJava FROM-CACHE
13:30:14.304 [INFO]  [Validating] > Build cache key for task ':detekt-sample-extensions:compileTestJava' is 551c6ed4434f7ebce3fb6c054b96a44f
13:30:14.304 [INFO]  [Validating] > Task ':detekt-sample-extensions:compileTestJava' is not up-to-date because:
13:30:14.304 [INFO]  [Validating] >   Input property 'stableSources' file /Users/mnedzelskii/gits/detekt/detekt-sample-extensions/src/test/java/DummyJUnitJupiterLauncherDiffblueTest.java has been removed.
13:30:14.304 [INFO]  [Validating] >   Input property 'stableSources' file /Users/mnedzelskii/gits/detekt/detekt-sample-extensions/src/test/java/io/gitlab/arturbosch/detekt/sample/extensions/processors/NumberOfLoopsProcessorDiffblueTest.java has been added.
13:30:14.304 [INFO]  [Validating] >   Input property 'stableSources' file /Users/mnedzelskii/gits/detekt/detekt-sample-extensions/src/test/java/io/gitlab/arturbosch/detekt/sample/extensions/processors/QualifiedNameProcessorDiffblueTest.java has been added.
13:30:14.304 [INFO]  [Validating] > Loaded cache entry for task ':detekt-sample-extensions:compileTestJava' with cache key 551c6ed4434f7ebce3fb6c054b96a44f
13:30:14.304 [INFO]  [Validating] > Resolve mutations for :detekt-sample-extensions:testClasses (Thread[Execution worker Thread 8,5,main]) started.
13:30:14.304 [INFO]  [Validating] > :detekt-sample-extensions:testClasses (Thread[Execution worker Thread 4,5,main]) started.
13:30:14.304 [INFO]  [Validating] > 
13:30:14.304 [INFO]  [Validating] > > Task :detekt-sample-extensions:testClasses UP-TO-DATE
13:30:14.304 [INFO]  [Validating] > Skipping task ':detekt-sample-extensions:testClasses' as it has no actions.
13:30:14.304 [INFO]  [Validating] > Resolve mutations for :detekt-sample-extensions:test (Thread[Execution worker Thread 4,5,main]) started.
13:30:14.304 [INFO]  [Validating] > :detekt-sample-extensions:test (Thread[Execution worker Thread 4,5,main]) started.
13:30:14.304 [INFO]  [Validating] > 
13:30:14.304 [INFO]  [Validating] > > Task :detekt-sample-extensions:test FROM-CACHE
13:30:14.304 [INFO]  [Validating] > Build cache key for task ':detekt-sample-extensions:test' is 007c589adbe3779cad9be7a05306469c
13:30:14.304 [INFO]  [Validating] > Task ':detekt-sample-extensions:test' is not up-to-date because:
13:30:14.304 [INFO]  [Validating] >   Value of input property 'filter.failOnNoMatchingTests' has changed for task ':detekt-sample-extensions:test'
13:30:14.304 [INFO]  [Validating] >   Value of input property 'filter.includePatterns' has changed for task ':detekt-sample-extensions:test'
13:30:14.304 [INFO]  [Validating] > Loaded cache entry for task ':detekt-sample-extensions:test' with cache key 007c589adbe3779cad9be7a05306469c
13:30:14.304 [INFO]  [Validating] > 
13:30:14.304 [INFO]  [Validating] > BUILD SUCCESSFUL in 345ms
13:30:14.304 [INFO]  [Validating] > 39 actionable tasks: 3 from cache, 36 up-to-date
13:30:14.304 [INFO]  [Validating] > Watched directory hierarchies: [/Users/mnedzelskii/gits/detekt]
13:30:14.304 [INFO]  [Validating] > Configuration cache entry reused.
13:30:14.304 [INFO]  [Validating] Standard error of build tool (Gradle)
13:30:14.304 [INFO]  [Validating] > 
13:30:14.318 [INFO]  [Validating]   See the log for more details including the output of the validation command.
13:30:14.318 [INFO]  [Validating]   Please ensure that the validation command "gradle test" is successful
13:30:14.318 [INFO]  [Validating]   before running dcover again.
13:30:14.318 [INFO]  [Validating]   You can specify a custom command with the "--validation-command" option,
13:30:14.318 [INFO]  [Validating]   or run with "--skip-test-validation" option to skip validation.
13:30:14.318 [INFO]  [Validating]   More detailed information about these options is available via "--help".
13:30:14.320 [INFO]  [Validating] 5 V003: Tests discarded during validation - https://diff.blue/V003
13:30:14.320 [INFO]  [Validating] Number of tests discarded during validation
13:30:14.320 [INFO]  [Validating]   1 for io.gitlab.arturbosch.detekt.sample.extensions.SampleConfigValidator.<init>
13:30:14.320 [INFO]  [Validating]   1 for io.gitlab.arturbosch.detekt.sample.extensions.SampleConfigValidator.getId
13:30:14.320 [INFO]  [Validating]   1 for io.gitlab.arturbosch.detekt.sample.extensions.SampleConfigValidator.getPriority
13:30:14.320 [INFO]  [Validating]   2 for io.gitlab.arturbosch.detekt.sample.extensions.SampleConfigValidator.validate
13:30:14.321 [INFO]  [Validating] To skip discarding these tests please re-run DCover with --skip-test-validation
13:30:14.321 [INFO]  [Validating] Test validation was able to validate 13 out of 18 complete tests, the remainder were discarded.
13:30:14.460 [INFO]  [Reporting] Writing JSON report to /Users/mnedzelskii/gits/detekt/detekt-sample-extensions/.diffblue/reports/report.json
13:30:14.496 [INFO]  [Reporting] 
13:30:14.496 [WARN]  [Reporting] Cover completed with warnings
  The following warnings should be addressed to ensure that
  the highest quantity and quality of tests can be created:
-----------------------------------------------------------
13:29:16.799 [WARN]  [Checking] E052: Missing dependency
Unable to mock method inputs because Mockito 2.22.0 or later is not present on the classpath.
Required dependencies were not found.
Please add the following dependencies to your project:
  testImplementation("org.mockito:mockito-core:4.11.0")
13:30:14.496 [INFO]  [Reporting] Log file: /Users/mnedzelskii/gits/detekt/detekt-sample-extensions/.diffblue/log/user-20230706T132906.log
13:30:14.497 [INFO]  [Reporting] Finished in 1m 7s
